[35m[Appium][39m Welcome to Appium v1.8.1
[35m[Appium][39m Non-default server args:
[35m[Appium][39m   port: 56244
[35m[Appium][39m   loglevel: info
[35m[Appium][39m   chromeDriverPort: 56245
[35m[Appium][39m   tmpDir: C:\Users\WGS-LA~1\AppData\Local\Temp\\Katalon\Appium\Temp1541665610896
[35m[Appium][39m Appium REST http interface listener started on 0.0.0.0:56244
[35m[HTTP][39m [37m-->[39m [37mGET[39m [37m/wd/hub/status[39m
[35m[HTTP][39m [90m{}[39m
[35m[HTTP][39m [37m<-- GET /wd/hub/status [39m[32m200[39m [90m173 ms - 83[39m
[35m[HTTP][39m [90m[39m
[35m[HTTP][39m [37m-->[39m [37mPOST[39m [37m/wd/hub/session[39m
[35m[HTTP][39m [90m{"desiredCapabilities":{"app":"C:\\Users\\WGS-LAP199\\Downloads\\Movic apk\\Movic_0.9.7_2018-10-14-stable-debug.apk","autoGrantPermissions":true,"automationName":"uiautomator2","deviceId":"54e797627cf5","deviceName":"Xiaomi Redmi 5 (Android 7.1.2)","fullReset":false,"newCommandTimeout":1800,"noReset":true,"platform":"ANDROID","platformName":"Android","udid":"54e797627cf5"},"capabilities":{"desiredCapabilities":{"app":"C:\\Users\\WGS-LAP199\\Downloads\\Movic apk\\Movic_0.9.7_2018-10-14-stable-debug.apk","autoGrantPermissions":true,"automationName":"uiautomator2","deviceId":"54e797627cf5","deviceName":"Xiaomi Redmi 5 (Android 7.1.2)","fullReset":false,"newCommandTimeout":1800,"noReset":true,"platform":"ANDROID","platformName":"Android","udid":"54e797627cf5"},"firstMatch":[{"platformName":"android"}]}}[39m
[35m[Appium][39m Could not parse W3C capabilities: 'deviceName' can't be blank. Falling back to JSONWP protocol.
[35m[Appium][39m The following capabilities were provided in the JSONWP desired capabilities that are missing in W3C capabilities: ["app","autoGrantPermissions","automationName","deviceId","deviceName","fullReset","newCommandTimeout","noReset","platform","platformName","udid"]. Falling back to JSONWP protocol.
[35m[Appium][39m Creating new AndroidUiautomator2Driver (v1.12.0) session
[35m[Appium][39m Capabilities:
[35m[Appium][39m   app: C:\Users\WGS-LAP199\Downloads\Movic apk\Movic_0.9.7_2018-10-14-stable-debug.apk
[35m[Appium][39m   autoGrantPermissions: true
[35m[Appium][39m   automationName: uiautomator2
[35m[Appium][39m   deviceId: 54e797627cf5
[35m[Appium][39m   deviceName: Xiaomi Redmi 5 (Android 7.1.2)
[35m[Appium][39m   fullReset: false
[35m[Appium][39m   newCommandTimeout: 1800
[35m[Appium][39m   noReset: true
[35m[Appium][39m   platform: ANDROID
[35m[Appium][39m   platformName: Android
[35m[Appium][39m   udid: 54e797627cf5
[35m[BaseDriver][39m The following capabilities were provided, but are not recognized by appium: deviceId, platform.
[35m[BaseDriver][39m Session created with session id: f4774acd-de09-4b00-a2c6-b2aebfb7521f
[35m[BaseDriver][39m Using local app 'C:\Users\WGS-LAP199\Downloads\Movic apk\Movic_0.9.7_2018-10-14-stable-debug.apk'
[35m[AndroidDriver][39m Java version is: 1.8.0_181
[35m[ADB][39m Checking whether adb is present
[35m[ADB][39m Found 1 'build-tools' folders under 'C:\Users\WGS-LAP199\.katalon\tools\android_sdk' (newest first):
[35m[ADB][39m     C:/Users/WGS-LAP199/.katalon/tools/android_sdk/build-tools/28.0.1
[35m[ADB][39m Using adb.exe from C:\Users\WGS-LAP199\.katalon\tools\android_sdk\platform-tools\adb.exe
[35m[AndroidDriver][39m Retrieving device list
[35m[AndroidDriver][39m Using device: 54e797627cf5
[35m[ADB][39m Using the alternative activity name detection method because of: Could not find apkanalyzer.bat in C:\Users\WGS-LAP199\.katalon\tools\android_sdk\platform-tools\apkanalyzer.bat,C:\Users\WGS-LAP199\.katalon\tools\android_sdk\emulator\apkanalyzer.bat,C:\Users\WGS-LAP199\.katalon\tools\android_sdk\tools\apkanalyzer.bat,C:\Users\WGS-LAP199\.katalon\tools\android_sdk\tools\bin\apkanalyzer.bat,C:\Users\WGS-LAP199\.katalon\tools\android_sdk\build-tools\28.0.1\apkanalyzer.bat. Do you have the Android SDK installed at 'C:\Users\WGS-LAP199\.katalon\tools\android_sdk'?
[35m[ADB][39m Checking whether aapt is present
[35m[ADB][39m Using aapt.exe from C:\Users\WGS-LAP199\.katalon\tools\android_sdk\build-tools\28.0.1\aapt.exe
[35m[ADB][39m Extracting package and launch activity from manifest
[35m[ADB][39m Package name: 'id.astra.stable.movic'
[35m[ADB][39m Main activity name: 'id.astra.adp.movic.modules.main.SplashScreenActivity'
[35m[ADB][39m Getting device platform version
[35m[ADB][39m Using apksigner.bat from C:\Users\WGS-LAP199\.katalon\tools\android_sdk\build-tools\28.0.1\apksigner.bat
[35m[ADB][39m Checking whether zipalign is present
[35m[ADB][39m Using zipalign.exe from C:\Users\WGS-LAP199\.katalon\tools\android_sdk\build-tools\28.0.1\zipalign.exe
[35m[ADB][39m io.appium.uiautomator2.server was successfully uninstalled
[35m[ADB][39m io.appium.uiautomator2.server.test was successfully uninstalled
[35m[AndroidDriver][39m setDeviceLanguageCountry requires language or country.
[35m[AndroidDriver][39m Got language: 'null' and country: 'null'
[35m[ADB][39m Successfully extracted 1263 strings from 'C:\Users\WGS-LAP199\Downloads\Movic apk\Movic_0.9.7_2018-10-14-stable-debug.apk' resources for '(default)' configuration
[35m[UiAutomator2][39m Starting uiautomator2 server 1.12.0
[35m[UiAutomator2][39m Using UIAutomator2 server from 'C:\Users\WGS-LAP199\AppData\Roaming\npm\node_modules\appium\node_modules\appium-uiautomator2-server\apks\appium-uiautomator2-server-v1.12.0.apk' and test from 'C:\Users\WGS-LAP199\AppData\Roaming\npm\node_modules\appium\node_modules\appium-uiautomator2-server\apks\appium-uiautomator2-server-debug-androidTest.apk'
[35m[UiAutomator2][39m Running command: 'adb -s 54e797627cf5 shell am instrument -w io.appium.uiautomator2.server.test/android.support.test.runner.AndroidJUnitRunner'
[35m[UiAutomator2][39m Waiting up to 20000ms for UiAutomator2 to be online...
[35m[AndroidDriver][39m Screen already unlocked, doing nothing
[35m[UiAutomator2][39m UiAutomator2 did not start the activity we were waiting for, 'id.astra.stable.movic/id.astra.adp.movic.modules.main.SplashScreenActivity'. Starting it ourselves
[35m[Appium][39m New AndroidUiautomator2Driver session created successfully, session f4774acd-de09-4b00-a2c6-b2aebfb7521f added to master session list
[35m[HTTP][39m [37m<-- POST /wd/hub/session [39m[32m200[39m [90m47654 ms - 1260[39m
[35m[HTTP][39m [90m[39m
[35m[HTTP][39m [37m-->[39m [37mGET[39m [37m/wd/hub/status[39m
[35m[HTTP][39m [90m{}[39m
[35m[HTTP][39m [37m<-- GET /wd/hub/status [39m[32m200[39m [90m145 ms - 55[39m
[35m[HTTP][39m [90m[39m
[35m[HTTP][39m [37m-->[39m [37mPOST[39m [37m/wd/hub/session/f4774acd-de09-4b00-a2c6-b2aebfb7521f/timeouts[39m
[35m[HTTP][39m [90m{"type":"implicit","ms":30000}[39m
[35m[HTTP][39m [37m<-- POST /wd/hub/session/f4774acd-de09-4b00-a2c6-b2aebfb7521f/timeouts [39m[33m400[39m [90m21 ms - 5468[39m
[35m[HTTP][39m [90m[39m
[35m[HTTP][39m [37m-->[39m [37mGET[39m [37m/wd/hub/session/f4774acd-de09-4b00-a2c6-b2aebfb7521f/window/current/size[39m
[35m[HTTP][39m [90m{}[39m
[35m[W3C][39m Driver proxy active, passing request on via HTTP proxy
[35m[JSONWP Proxy][39m Replacing sessionId 6a46baf6-ff05-4c13-8c4c-c698d993136c with f4774acd-de09-4b00-a2c6-b2aebfb7521f
[35m[HTTP][39m [37m<-- GET /wd/hub/session/f4774acd-de09-4b00-a2c6-b2aebfb7521f/window/current/size [39m[32m200[39m [90m56 ms - 99[39m
[35m[HTTP][39m [90m[39m
[35m[HTTP][39m [37m-->[39m [37mPOST[39m [37m/wd/hub/session/f4774acd-de09-4b00-a2c6-b2aebfb7521f/elements[39m
[35m[HTTP][39m [90m{"using":"-android uiautomator","value":"new UiSelector().className(\"android.widget.ImageView\").resourceId(\"id.astra.stable.movic:id/mImgSkip\").instance(4)"}[39m
[35m[HTTP][39m [37m<-- POST /wd/hub/session/f4774acd-de09-4b00-a2c6-b2aebfb7521f/elements [39m[32m200[39m [90m52 ms - 74[39m
[35m[HTTP][39m [90m[39m
[35m[HTTP][39m [37m-->[39m [37mPOST[39m [37m/wd/hub/session/f4774acd-de09-4b00-a2c6-b2aebfb7521f/elements[39m
[35m[HTTP][39m [90m{"using":"-android uiautomator","value":"new UiSelector().className(\"android.widget.ImageView\").resourceId(\"id.astra.stable.movic:id/mImgSkip\").instance(4)"}[39m
[35m[HTTP][39m [37m<-- POST /wd/hub/session/f4774acd-de09-4b00-a2c6-b2aebfb7521f/elements [39m[32m200[39m [90m39 ms - 74[39m
[35m[HTTP][39m [90m[39m
[35m[HTTP][39m [37m-->[39m [37mPOST[39m [37m/wd/hub/session/f4774acd-de09-4b00-a2c6-b2aebfb7521f/elements[39m
[35m[HTTP][39m [90m{"using":"-android uiautomator","value":"new UiSelector().className(\"android.widget.ImageView\").resourceId(\"id.astra.stable.movic:id/mImgSkip\").instance(4)"}[39m
[35m[HTTP][39m [37m<-- POST /wd/hub/session/f4774acd-de09-4b00-a2c6-b2aebfb7521f/elements [39m[32m200[39m [90m38 ms - 74[39m
[35m[HTTP][39m [90m[39m
[35m[HTTP][39m [37m-->[39m [37mPOST[39m [37m/wd/hub/session/f4774acd-de09-4b00-a2c6-b2aebfb7521f/elements[39m
[35m[HTTP][39m [90m{"using":"-android uiautomator","value":"new UiSelector().className(\"android.widget.ImageView\").resourceId(\"id.astra.stable.movic:id/mImgSkip\").instance(4)"}[39m
[35m[HTTP][39m [37m<-- POST /wd/hub/session/f4774acd-de09-4b00-a2c6-b2aebfb7521f/elements [39m[32m200[39m [90m34 ms - 74[39m
[35m[HTTP][39m [90m[39m
[35m[HTTP][39m [37m-->[39m [37mPOST[39m [37m/wd/hub/session/f4774acd-de09-4b00-a2c6-b2aebfb7521f/elements[39m
[35m[HTTP][39m [90m{"using":"-android uiautomator","value":"new UiSelector().className(\"android.widget.ImageView\").resourceId(\"id.astra.stable.movic:id/mImgSkip\").instance(4)"}[39m
[35m[HTTP][39m [37m<-- POST /wd/hub/session/f4774acd-de09-4b00-a2c6-b2aebfb7521f/elements [39m[32m200[39m [90m46 ms - 74[39m
[35m[HTTP][39m [90m[39m
[35m[HTTP][39m [37m-->[39m [37mPOST[39m [37m/wd/hub/session/f4774acd-de09-4b00-a2c6-b2aebfb7521f/elements[39m
[35m[HTTP][39m [90m{"using":"-android uiautomator","value":"new UiSelector().className(\"android.widget.ImageView\").resourceId(\"id.astra.stable.movic:id/mImgSkip\").instance(4)"}[39m
[35m[HTTP][39m [37m<-- POST /wd/hub/session/f4774acd-de09-4b00-a2c6-b2aebfb7521f/elements [39m[32m200[39m [90m40 ms - 74[39m
[35m[HTTP][39m [90m[39m
[35m[HTTP][39m [37m-->[39m [37mPOST[39m [37m/wd/hub/session/f4774acd-de09-4b00-a2c6-b2aebfb7521f/elements[39m
[35m[HTTP][39m [90m{"using":"-android uiautomator","value":"new UiSelector().className(\"android.widget.ImageView\").resourceId(\"id.astra.stable.movic:id/mImgSkip\").instance(4)"}[39m
[35m[HTTP][39m [37m<-- POST /wd/hub/session/f4774acd-de09-4b00-a2c6-b2aebfb7521f/elements [39m[32m200[39m [90m41 ms - 74[39m
[35m[HTTP][39m [90m[39m
[35m[HTTP][39m [37m-->[39m [37mPOST[39m [37m/wd/hub/session/f4774acd-de09-4b00-a2c6-b2aebfb7521f/elements[39m
[35m[HTTP][39m [90m{"using":"-android uiautomator","value":"new UiSelector().className(\"android.widget.ImageView\").resourceId(\"id.astra.stable.movic:id/mImgSkip\").instance(4)"}[39m
[35m[HTTP][39m [37m<-- POST /wd/hub/session/f4774acd-de09-4b00-a2c6-b2aebfb7521f/elements [39m[32m200[39m [90m44 ms - 74[39m
[35m[HTTP][39m [90m[39m
[35m[HTTP][39m [37m-->[39m [37mPOST[39m [37m/wd/hub/session/f4774acd-de09-4b00-a2c6-b2aebfb7521f/elements[39m
[35m[HTTP][39m [90m{"using":"-android uiautomator","value":"new UiSelector().className(\"android.widget.ImageView\").resourceId(\"id.astra.stable.movic:id/mImgSkip\").instance(4)"}[39m
[35m[HTTP][39m [37m<-- POST /wd/hub/session/f4774acd-de09-4b00-a2c6-b2aebfb7521f/elements [39m[32m200[39m [90m40 ms - 74[39m
[35m[HTTP][39m [90m[39m
[35m[HTTP][39m [37m-->[39m [37mPOST[39m [37m/wd/hub/session/f4774acd-de09-4b00-a2c6-b2aebfb7521f/elements[39m
[35m[HTTP][39m [90m{"using":"-android uiautomator","value":"new UiSelector().className(\"android.widget.ImageView\").resourceId(\"id.astra.stable.movic:id/mImgSkip\").instance(4)"}[39m
[35m[HTTP][39m [37m<-- POST /wd/hub/session/f4774acd-de09-4b00-a2c6-b2aebfb7521f/elements [39m[32m200[39m [90m67 ms - 74[39m
[35m[HTTP][39m [90m[39m
[35m[HTTP][39m [37m-->[39m [37mPOST[39m [37m/wd/hub/session/f4774acd-de09-4b00-a2c6-b2aebfb7521f/elements[39m
[35m[HTTP][39m [90m{"using":"-android uiautomator","value":"new UiSelector().className(\"android.widget.ImageView\").resourceId(\"id.astra.stable.movic:id/mImgSkip\").instance(4)"}[39m
[35m[HTTP][39m [37m<-- POST /wd/hub/session/f4774acd-de09-4b00-a2c6-b2aebfb7521f/elements [39m[32m200[39m [90m37 ms - 74[39m
[35m[HTTP][39m [90m[39m
[35m[HTTP][39m [37m-->[39m [37mPOST[39m [37m/wd/hub/session/f4774acd-de09-4b00-a2c6-b2aebfb7521f/elements[39m
[35m[HTTP][39m [90m{"using":"-android uiautomator","value":"new UiSelector().className(\"android.widget.ImageView\").resourceId(\"id.astra.stable.movic:id/mImgSkip\").instance(4)"}[39m
[35m[HTTP][39m [37m<-- POST /wd/hub/session/f4774acd-de09-4b00-a2c6-b2aebfb7521f/elements [39m[32m200[39m [90m31 ms - 74[39m
[35m[HTTP][39m [90m[39m
[35m[HTTP][39m [37m-->[39m [37mPOST[39m [37m/wd/hub/session/f4774acd-de09-4b00-a2c6-b2aebfb7521f/elements[39m
[35m[HTTP][39m [90m{"using":"-android uiautomator","value":"new UiSelector().className(\"android.widget.ImageView\").resourceId(\"id.astra.stable.movic:id/mImgSkip\").instance(4)"}[39m
[35m[HTTP][39m [37m<-- POST /wd/hub/session/f4774acd-de09-4b00-a2c6-b2aebfb7521f/elements [39m[32m200[39m [90m33 ms - 74[39m
[35m[HTTP][39m [90m[39m
[35m[HTTP][39m [37m-->[39m [37mPOST[39m [37m/wd/hub/session/f4774acd-de09-4b00-a2c6-b2aebfb7521f/elements[39m
[35m[HTTP][39m [90m{"using":"-android uiautomator","value":"new UiSelector().className(\"android.widget.ImageView\").resourceId(\"id.astra.stable.movic:id/mImgSkip\").instance(4)"}[39m
[35m[HTTP][39m [37m<-- POST /wd/hub/session/f4774acd-de09-4b00-a2c6-b2aebfb7521f/elements [39m[32m200[39m [90m31 ms - 74[39m
[35m[HTTP][39m [90m[39m
[35m[HTTP][39m [37m-->[39m [37mPOST[39m [37m/wd/hub/session/f4774acd-de09-4b00-a2c6-b2aebfb7521f/elements[39m
[35m[HTTP][39m [90m{"using":"-android uiautomator","value":"new UiSelector().className(\"android.widget.ImageView\").resourceId(\"id.astra.stable.movic:id/mImgSkip\").instance(4)"}[39m
[35m[HTTP][39m [37m<-- POST /wd/hub/session/f4774acd-de09-4b00-a2c6-b2aebfb7521f/elements [39m[32m200[39m [90m33 ms - 74[39m
[35m[HTTP][39m [90m[39m
[35m[HTTP][39m [37m-->[39m [37mPOST[39m [37m/wd/hub/session/f4774acd-de09-4b00-a2c6-b2aebfb7521f/elements[39m
[35m[HTTP][39m [90m{"using":"-android uiautomator","value":"new UiSelector().className(\"android.widget.ImageView\").resourceId(\"id.astra.stable.movic:id/mImgSkip\").instance(4)"}[39m
[35m[HTTP][39m [37m<-- POST /wd/hub/session/f4774acd-de09-4b00-a2c6-b2aebfb7521f/elements [39m[32m200[39m [90m37 ms - 74[39m
[35m[HTTP][39m [90m[39m
[35m[HTTP][39m [37m-->[39m [37mPOST[39m [37m/wd/hub/session/f4774acd-de09-4b00-a2c6-b2aebfb7521f/elements[39m
[35m[HTTP][39m [90m{"using":"-android uiautomator","value":"new UiSelector().className(\"android.widget.ImageView\").resourceId(\"id.astra.stable.movic:id/mImgSkip\").instance(4)"}[39m
[35m[HTTP][39m [37m<-- POST /wd/hub/session/f4774acd-de09-4b00-a2c6-b2aebfb7521f/elements [39m[32m200[39m [90m31 ms - 74[39m
[35m[HTTP][39m [90m[39m
[35m[HTTP][39m [37m-->[39m [37mPOST[39m [37m/wd/hub/session/f4774acd-de09-4b00-a2c6-b2aebfb7521f/elements[39m
[35m[HTTP][39m [90m{"using":"-android uiautomator","value":"new UiSelector().className(\"android.widget.ImageView\").resourceId(\"id.astra.stable.movic:id/mImgSkip\").instance(4)"}[39m
[35m[HTTP][39m [37m<-- POST /wd/hub/session/f4774acd-de09-4b00-a2c6-b2aebfb7521f/elements [39m[32m200[39m [90m30 ms - 74[39m
[35m[HTTP][39m [90m[39m
[35m[HTTP][39m [37m-->[39m [37mPOST[39m [37m/wd/hub/session/f4774acd-de09-4b00-a2c6-b2aebfb7521f/elements[39m
[35m[HTTP][39m [90m{"using":"-android uiautomator","value":"new UiSelector().className(\"android.widget.ImageView\").resourceId(\"id.astra.stable.movic:id/mImgSkip\").instance(4)"}[39m
[35m[HTTP][39m [37m<-- POST /wd/hub/session/f4774acd-de09-4b00-a2c6-b2aebfb7521f/elements [39m[32m200[39m [90m351 ms - 74[39m
[35m[HTTP][39m [90m[39m
[35m[HTTP][39m [37m-->[39m [37mPOST[39m [37m/wd/hub/session/f4774acd-de09-4b00-a2c6-b2aebfb7521f/elements[39m
[35m[HTTP][39m [90m{"using":"-android uiautomator","value":"new UiSelector().className(\"android.widget.ImageView\").resourceId(\"id.astra.stable.movic:id/mImgSkip\").instance(4)"}[39m
[35m[HTTP][39m [37m<-- POST /wd/hub/session/f4774acd-de09-4b00-a2c6-b2aebfb7521f/elements [39m[32m200[39m [90m178 ms - 74[39m
[35m[HTTP][39m [90m[39m
[35m[HTTP][39m [37m-->[39m [37mPOST[39m [37m/wd/hub/session/f4774acd-de09-4b00-a2c6-b2aebfb7521f/elements[39m
[35m[HTTP][39m [90m{"using":"-android uiautomator","value":"new UiSelector().className(\"android.widget.ImageView\").resourceId(\"id.astra.stable.movic:id/mImgSkip\").instance(4)"}[39m
[35m[HTTP][39m [37m<-- POST /wd/hub/session/f4774acd-de09-4b00-a2c6-b2aebfb7521f/elements [39m[32m200[39m [90m879 ms - 124[39m
[35m[HTTP][39m [90m[39m
[35m[HTTP][39m [37m-->[39m [37mGET[39m [37m/wd/hub/session/f4774acd-de09-4b00-a2c6-b2aebfb7521f[39m
[35m[HTTP][39m [90m{}[39m
[35m[HTTP][39m [37m<-- GET /wd/hub/session/f4774acd-de09-4b00-a2c6-b2aebfb7521f [39m[32m200[39m [90m22 ms - 1260[39m
[35m[HTTP][39m [90m[39m
[35m[HTTP][39m [37m-->[39m [37mGET[39m [37m/wd/hub/session/f4774acd-de09-4b00-a2c6-b2aebfb7521f[39m
[35m[HTTP][39m [90m{}[39m
[35m[HTTP][39m [37m<-- GET /wd/hub/session/f4774acd-de09-4b00-a2c6-b2aebfb7521f [39m[32m200[39m [90m22 ms - 1260[39m
[35m[HTTP][39m [90m[39m
[35m[HTTP][39m [37m-->[39m [37mGET[39m [37m/wd/hub/session/f4774acd-de09-4b00-a2c6-b2aebfb7521f[39m
[35m[HTTP][39m [90m{}[39m
[35m[HTTP][39m [37m<-- GET /wd/hub/session/f4774acd-de09-4b00-a2c6-b2aebfb7521f [39m[32m200[39m [90m28 ms - 1260[39m
[35m[HTTP][39m [90m[39m
[35m[HTTP][39m [37m-->[39m [37mGET[39m [37m/wd/hub/session/f4774acd-de09-4b00-a2c6-b2aebfb7521f[39m
[35m[HTTP][39m [90m{}[39m
[35m[HTTP][39m [37m<-- GET /wd/hub/session/f4774acd-de09-4b00-a2c6-b2aebfb7521f [39m[32m200[39m [90m22 ms - 1260[39m
[35m[HTTP][39m [90m[39m
[35m[HTTP][39m [37m-->[39m [37mGET[39m [37m/wd/hub/session/f4774acd-de09-4b00-a2c6-b2aebfb7521f/element/4357b099-8d23-4111-93e1-1d56eed55afe/location[39m
[35m[HTTP][39m [90m{}[39m
[35m[W3C][39m Driver proxy active, passing request on via HTTP proxy
[35m[JSONWP Proxy][39m Replacing sessionId 6a46baf6-ff05-4c13-8c4c-c698d993136c with f4774acd-de09-4b00-a2c6-b2aebfb7521f
[35m[HTTP][39m [37m<-- GET /wd/hub/session/f4774acd-de09-4b00-a2c6-b2aebfb7521f/element/4357b099-8d23-4111-93e1-1d56eed55afe/location [39m[32m200[39m [90m47 ms - 90[39m
[35m[HTTP][39m [90m[39m
[35m[HTTP][39m [37m-->[39m [37mPOST[39m [37m/wd/hub/session/f4774acd-de09-4b00-a2c6-b2aebfb7521f/touch/perform[39m
[35m[HTTP][39m [90m{"actions":[{"action":"tap","options":{"element":"4357b099-8d23-4111-93e1-1d56eed55afe","x":1,"y":1}}]}[39m
[35m[UiAutomator2][39m calling get location: 4357b099-8d23-4111-93e1-1d56eed55afe
[35m[HTTP][39m [37m<-- POST /wd/hub/session/f4774acd-de09-4b00-a2c6-b2aebfb7521f/touch/perform [39m[32m200[39m [90m1264 ms - 76[39m
[35m[HTTP][39m [90m[39m
[35m[HTTP][39m [37m-->[39m [37mGET[39m [37m/wd/hub/session/f4774acd-de09-4b00-a2c6-b2aebfb7521f/window/current/size[39m
[35m[HTTP][39m [90m{}[39m
[35m[W3C][39m Driver proxy active, passing request on via HTTP proxy
[35m[JSONWP Proxy][39m Replacing sessionId 6a46baf6-ff05-4c13-8c4c-c698d993136c with f4774acd-de09-4b00-a2c6-b2aebfb7521f
[35m[HTTP][39m [37m<-- GET /wd/hub/session/f4774acd-de09-4b00-a2c6-b2aebfb7521f/window/current/size [39m[32m200[39m [90m28 ms - 99[39m
[35m[HTTP][39m [90m[39m
[35m[HTTP][39m [37m-->[39m [37mPOST[39m [37m/wd/hub/session/f4774acd-de09-4b00-a2c6-b2aebfb7521f/elements[39m
[35m[HTTP][39m [90m{"using":"-android uiautomator","value":"new UiSelector().className(\"android.widget.ImageView\").resourceId(\"id.astra.stable.movic:id/ivNext\").instance(1)"}[39m
[35m[HTTP][39m [37m<-- POST /wd/hub/session/f4774acd-de09-4b00-a2c6-b2aebfb7521f/elements [39m[32m200[39m [90m64 ms - 124[39m
[35m[HTTP][39m [90m[39m
[35m[HTTP][39m [37m-->[39m [37mGET[39m [37m/wd/hub/session/f4774acd-de09-4b00-a2c6-b2aebfb7521f[39m
[35m[HTTP][39m [90m{}[39m
[35m[HTTP][39m [37m<-- GET /wd/hub/session/f4774acd-de09-4b00-a2c6-b2aebfb7521f [39m[32m200[39m [90m23 ms - 1260[39m
[35m[HTTP][39m [90m[39m
[35m[HTTP][39m [37m-->[39m [37mGET[39m [37m/wd/hub/session/f4774acd-de09-4b00-a2c6-b2aebfb7521f[39m
[35m[HTTP][39m [90m{}[39m
[35m[HTTP][39m [37m<-- GET /wd/hub/session/f4774acd-de09-4b00-a2c6-b2aebfb7521f [39m[32m200[39m [90m31 ms - 1260[39m
[35m[HTTP][39m [90m[39m
[35m[HTTP][39m [37m-->[39m [37mGET[39m [37m/wd/hub/session/f4774acd-de09-4b00-a2c6-b2aebfb7521f[39m
[35m[HTTP][39m [90m{}[39m
[35m[HTTP][39m [37m<-- GET /wd/hub/session/f4774acd-de09-4b00-a2c6-b2aebfb7521f [39m[32m200[39m [90m30 ms - 1260[39m
[35m[HTTP][39m [90m[39m
[35m[HTTP][39m [37m-->[39m [37mGET[39m [37m/wd/hub/session/f4774acd-de09-4b00-a2c6-b2aebfb7521f[39m
[35m[HTTP][39m [90m{}[39m
[35m[HTTP][39m [37m<-- GET /wd/hub/session/f4774acd-de09-4b00-a2c6-b2aebfb7521f [39m[32m200[39m [90m37 ms - 1260[39m
[35m[HTTP][39m [90m[39m
[35m[HTTP][39m [37m-->[39m [37mGET[39m [37m/wd/hub/session/f4774acd-de09-4b00-a2c6-b2aebfb7521f/element/7dac2f16-136d-43a4-8f6c-90a6e6f5e882/location[39m
[35m[HTTP][39m [90m{}[39m
[35m[W3C][39m Driver proxy active, passing request on via HTTP proxy
[35m[JSONWP Proxy][39m Replacing sessionId 6a46baf6-ff05-4c13-8c4c-c698d993136c with f4774acd-de09-4b00-a2c6-b2aebfb7521f
[35m[HTTP][39m [37m<-- GET /wd/hub/session/f4774acd-de09-4b00-a2c6-b2aebfb7521f/element/7dac2f16-136d-43a4-8f6c-90a6e6f5e882/location [39m[32m200[39m [90m47 ms - 90[39m
[35m[HTTP][39m [90m[39m
[35m[HTTP][39m [37m-->[39m [37mPOST[39m [37m/wd/hub/session/f4774acd-de09-4b00-a2c6-b2aebfb7521f/touch/perform[39m
[35m[HTTP][39m [90m{"actions":[{"action":"tap","options":{"element":"7dac2f16-136d-43a4-8f6c-90a6e6f5e882","x":1,"y":1}}]}[39m
[35m[UiAutomator2][39m calling get location: 7dac2f16-136d-43a4-8f6c-90a6e6f5e882
[35m[HTTP][39m [37m<-- POST /wd/hub/session/f4774acd-de09-4b00-a2c6-b2aebfb7521f/touch/perform [39m[32m200[39m [90m956 ms - 76[39m
[35m[HTTP][39m [90m[39m
[35m[HTTP][39m [37m-->[39m [37mGET[39m [37m/wd/hub/session/f4774acd-de09-4b00-a2c6-b2aebfb7521f/window/current/size[39m
[35m[HTTP][39m [90m{}[39m
[35m[W3C][39m Driver proxy active, passing request on via HTTP proxy
[35m[JSONWP Proxy][39m Replacing sessionId 6a46baf6-ff05-4c13-8c4c-c698d993136c with f4774acd-de09-4b00-a2c6-b2aebfb7521f
[35m[HTTP][39m [37m<-- GET /wd/hub/session/f4774acd-de09-4b00-a2c6-b2aebfb7521f/window/current/size [39m[32m200[39m [90m30 ms - 99[39m
[35m[HTTP][39m [90m[39m
[35m[HTTP][39m [37m-->[39m [37mPOST[39m [37m/wd/hub/session/f4774acd-de09-4b00-a2c6-b2aebfb7521f/elements[39m
[35m[HTTP][39m [90m{"using":"-android uiautomator","value":"new UiSelector().className(\"android.widget.ImageView\").resourceId(\"id.astra.stable.movic:id/ivNext\").instance(1)"}[39m
[35m[HTTP][39m [37m<-- POST /wd/hub/session/f4774acd-de09-4b00-a2c6-b2aebfb7521f/elements [39m[32m200[39m [90m66 ms - 124[39m
[35m[HTTP][39m [90m[39m
[35m[HTTP][39m [37m-->[39m [37mGET[39m [37m/wd/hub/session/f4774acd-de09-4b00-a2c6-b2aebfb7521f[39m
[35m[HTTP][39m [90m{}[39m
[35m[HTTP][39m [37m<-- GET /wd/hub/session/f4774acd-de09-4b00-a2c6-b2aebfb7521f [39m[32m200[39m [90m17 ms - 1260[39m
[35m[HTTP][39m [90m[39m
[35m[HTTP][39m [37m-->[39m [37mGET[39m [37m/wd/hub/session/f4774acd-de09-4b00-a2c6-b2aebfb7521f[39m
[35m[HTTP][39m [90m{}[39m
[35m[HTTP][39m [37m<-- GET /wd/hub/session/f4774acd-de09-4b00-a2c6-b2aebfb7521f [39m[32m200[39m [90m23 ms - 1260[39m
[35m[HTTP][39m [90m[39m
[35m[HTTP][39m [37m-->[39m [37mGET[39m [37m/wd/hub/session/f4774acd-de09-4b00-a2c6-b2aebfb7521f[39m
[35m[HTTP][39m [90m{}[39m
[35m[HTTP][39m [37m<-- GET /wd/hub/session/f4774acd-de09-4b00-a2c6-b2aebfb7521f [39m[32m200[39m [90m21 ms - 1260[39m
[35m[HTTP][39m [90m[39m
[35m[HTTP][39m [37m-->[39m [37mGET[39m [37m/wd/hub/session/f4774acd-de09-4b00-a2c6-b2aebfb7521f[39m
[35m[HTTP][39m [90m{}[39m
[35m[HTTP][39m [37m<-- GET /wd/hub/session/f4774acd-de09-4b00-a2c6-b2aebfb7521f [39m[32m200[39m [90m22 ms - 1260[39m
[35m[HTTP][39m [90m[39m
[35m[HTTP][39m [37m-->[39m [37mGET[39m [37m/wd/hub/session/f4774acd-de09-4b00-a2c6-b2aebfb7521f/element/3a323723-802e-43ef-9075-65b133301fb2/location[39m
[35m[HTTP][39m [90m{}[39m
[35m[W3C][39m Driver proxy active, passing request on via HTTP proxy
[35m[JSONWP Proxy][39m Replacing sessionId 6a46baf6-ff05-4c13-8c4c-c698d993136c with f4774acd-de09-4b00-a2c6-b2aebfb7521f
[35m[HTTP][39m [37m<-- GET /wd/hub/session/f4774acd-de09-4b00-a2c6-b2aebfb7521f/element/3a323723-802e-43ef-9075-65b133301fb2/location [39m[32m200[39m [90m33 ms - 90[39m
[35m[HTTP][39m [90m[39m
[35m[HTTP][39m [37m-->[39m [37mPOST[39m [37m/wd/hub/session/f4774acd-de09-4b00-a2c6-b2aebfb7521f/touch/perform[39m
[35m[HTTP][39m [90m{"actions":[{"action":"tap","options":{"element":"3a323723-802e-43ef-9075-65b133301fb2","x":1,"y":1}}]}[39m
[35m[UiAutomator2][39m calling get location: 3a323723-802e-43ef-9075-65b133301fb2
[35m[HTTP][39m [37m<-- POST /wd/hub/session/f4774acd-de09-4b00-a2c6-b2aebfb7521f/touch/perform [39m[32m200[39m [90m924 ms - 76[39m
[35m[HTTP][39m [90m[39m
[35m[HTTP][39m [37m-->[39m [37mGET[39m [37m/wd/hub/session/f4774acd-de09-4b00-a2c6-b2aebfb7521f/window/current/size[39m
[35m[HTTP][39m [90m{}[39m
[35m[W3C][39m Driver proxy active, passing request on via HTTP proxy
[35m[JSONWP Proxy][39m Replacing sessionId 6a46baf6-ff05-4c13-8c4c-c698d993136c with f4774acd-de09-4b00-a2c6-b2aebfb7521f
[35m[HTTP][39m [37m<-- GET /wd/hub/session/f4774acd-de09-4b00-a2c6-b2aebfb7521f/window/current/size [39m[32m200[39m [90m34 ms - 99[39m
[35m[HTTP][39m [90m[39m
[35m[HTTP][39m [37m-->[39m [37mPOST[39m [37m/wd/hub/session/f4774acd-de09-4b00-a2c6-b2aebfb7521f/elements[39m
[35m[HTTP][39m [90m{"using":"-android uiautomator","value":"new UiSelector().className(\"android.widget.TextView\").text(\"Skip\").resourceId(\"id.astra.stable.movic:id/tvSkip\").instance(2)"}[39m
[35m[HTTP][39m [37m<-- POST /wd/hub/session/f4774acd-de09-4b00-a2c6-b2aebfb7521f/elements [39m[32m200[39m [90m90 ms - 124[39m
[35m[HTTP][39m [90m[39m
[35m[HTTP][39m [37m-->[39m [37mGET[39m [37m/wd/hub/session/f4774acd-de09-4b00-a2c6-b2aebfb7521f[39m
[35m[HTTP][39m [90m{}[39m
[35m[HTTP][39m [37m<-- GET /wd/hub/session/f4774acd-de09-4b00-a2c6-b2aebfb7521f [39m[32m200[39m [90m26 ms - 1260[39m
[35m[HTTP][39m [90m[39m
[35m[HTTP][39m [37m-->[39m [37mGET[39m [37m/wd/hub/session/f4774acd-de09-4b00-a2c6-b2aebfb7521f[39m
[35m[HTTP][39m [90m{}[39m
[35m[HTTP][39m [37m<-- GET /wd/hub/session/f4774acd-de09-4b00-a2c6-b2aebfb7521f [39m[32m200[39m [90m24 ms - 1260[39m
[35m[HTTP][39m [90m[39m
[35m[HTTP][39m [37m-->[39m [37mGET[39m [37m/wd/hub/session/f4774acd-de09-4b00-a2c6-b2aebfb7521f[39m
[35m[HTTP][39m [90m{}[39m
[35m[HTTP][39m [37m<-- GET /wd/hub/session/f4774acd-de09-4b00-a2c6-b2aebfb7521f [39m[32m200[39m [90m29 ms - 1260[39m
[35m[HTTP][39m [90m[39m
[35m[HTTP][39m [37m-->[39m [37mGET[39m [37m/wd/hub/session/f4774acd-de09-4b00-a2c6-b2aebfb7521f[39m
[35m[HTTP][39m [90m{}[39m
[35m[HTTP][39m [37m<-- GET /wd/hub/session/f4774acd-de09-4b00-a2c6-b2aebfb7521f [39m[32m200[39m [90m26 ms - 1260[39m
[35m[HTTP][39m [90m[39m
[35m[HTTP][39m [37m-->[39m [37mGET[39m [37m/wd/hub/session/f4774acd-de09-4b00-a2c6-b2aebfb7521f/element/ed286926-56a2-4a0d-828f-e8d7e4133bb2/location[39m
[35m[HTTP][39m [90m{}[39m
[35m[W3C][39m Driver proxy active, passing request on via HTTP proxy
[35m[JSONWP Proxy][39m Replacing sessionId 6a46baf6-ff05-4c13-8c4c-c698d993136c with f4774acd-de09-4b00-a2c6-b2aebfb7521f
[35m[HTTP][39m [37m<-- GET /wd/hub/session/f4774acd-de09-4b00-a2c6-b2aebfb7521f/element/ed286926-56a2-4a0d-828f-e8d7e4133bb2/location [39m[32m200[39m [90m43 ms - 89[39m
[35m[HTTP][39m [90m[39m
[35m[HTTP][39m [37m-->[39m [37mPOST[39m [37m/wd/hub/session/f4774acd-de09-4b00-a2c6-b2aebfb7521f/touch/perform[39m
[35m[HTTP][39m [90m{"actions":[{"action":"tap","options":{"element":"ed286926-56a2-4a0d-828f-e8d7e4133bb2","x":1,"y":1}}]}[39m
[35m[UiAutomator2][39m calling get location: ed286926-56a2-4a0d-828f-e8d7e4133bb2
[35m[HTTP][39m [37m<-- POST /wd/hub/session/f4774acd-de09-4b00-a2c6-b2aebfb7521f/touch/perform [39m[32m200[39m [90m1920 ms - 76[39m
[35m[HTTP][39m [90m[39m
[35m[HTTP][39m [37m-->[39m [37mGET[39m [37m/wd/hub/session/f4774acd-de09-4b00-a2c6-b2aebfb7521f/window/current/size[39m
[35m[HTTP][39m [90m{}[39m
[35m[W3C][39m Driver proxy active, passing request on via HTTP proxy
[35m[JSONWP Proxy][39m Replacing sessionId 6a46baf6-ff05-4c13-8c4c-c698d993136c with f4774acd-de09-4b00-a2c6-b2aebfb7521f
[35m[HTTP][39m [37m<-- GET /wd/hub/session/f4774acd-de09-4b00-a2c6-b2aebfb7521f/window/current/size [39m[32m200[39m [90m28 ms - 99[39m
[35m[HTTP][39m [90m[39m
[35m[HTTP][39m [37m-->[39m [37mPOST[39m [37m/wd/hub/session/f4774acd-de09-4b00-a2c6-b2aebfb7521f/elements[39m
[35m[HTTP][39m [90m{"using":"-android uiautomator","value":"new UiSelector().className(\"android.widget.LinearLayout\").resourceId(\"id.astra.stable.movic:id/mLayGoogle\").instance(3)"}[39m
[35m[HTTP][39m [37m<-- POST /wd/hub/session/f4774acd-de09-4b00-a2c6-b2aebfb7521f/elements [39m[32m200[39m [90m91 ms - 124[39m
[35m[HTTP][39m [90m[39m
[35m[HTTP][39m [37m-->[39m [37mGET[39m [37m/wd/hub/session/f4774acd-de09-4b00-a2c6-b2aebfb7521f[39m
[35m[HTTP][39m [90m{}[39m
[35m[HTTP][39m [37m<-- GET /wd/hub/session/f4774acd-de09-4b00-a2c6-b2aebfb7521f [39m[32m200[39m [90m23 ms - 1260[39m
[35m[HTTP][39m [90m[39m
[35m[HTTP][39m [37m-->[39m [37mGET[39m [37m/wd/hub/session/f4774acd-de09-4b00-a2c6-b2aebfb7521f[39m
[35m[HTTP][39m [90m{}[39m
[35m[HTTP][39m [37m<-- GET /wd/hub/session/f4774acd-de09-4b00-a2c6-b2aebfb7521f [39m[32m200[39m [90m28 ms - 1260[39m
[35m[HTTP][39m [90m[39m
[35m[HTTP][39m [37m-->[39m [37mGET[39m [37m/wd/hub/session/f4774acd-de09-4b00-a2c6-b2aebfb7521f[39m
[35m[HTTP][39m [90m{}[39m
[35m[HTTP][39m [37m<-- GET /wd/hub/session/f4774acd-de09-4b00-a2c6-b2aebfb7521f [39m[32m200[39m [90m23 ms - 1260[39m
[35m[HTTP][39m [90m[39m
[35m[HTTP][39m [37m-->[39m [37mGET[39m [37m/wd/hub/session/f4774acd-de09-4b00-a2c6-b2aebfb7521f[39m
[35m[HTTP][39m [90m{}[39m
[35m[HTTP][39m [37m<-- GET /wd/hub/session/f4774acd-de09-4b00-a2c6-b2aebfb7521f [39m[32m200[39m [90m22 ms - 1260[39m
[35m[HTTP][39m [90m[39m
[35m[HTTP][39m [37m-->[39m [37mGET[39m [37m/wd/hub/session/f4774acd-de09-4b00-a2c6-b2aebfb7521f/element/30cb730b-38ef-48c3-ae17-48de2a7bc49c/location[39m
[35m[HTTP][39m [90m{}[39m
[35m[W3C][39m Driver proxy active, passing request on via HTTP proxy
[35m[JSONWP Proxy][39m Replacing sessionId 6a46baf6-ff05-4c13-8c4c-c698d993136c with f4774acd-de09-4b00-a2c6-b2aebfb7521f
[35m[HTTP][39m [37m<-- GET /wd/hub/session/f4774acd-de09-4b00-a2c6-b2aebfb7521f/element/30cb730b-38ef-48c3-ae17-48de2a7bc49c/location [39m[32m200[39m [90m42 ms - 88[39m
[35m[HTTP][39m [90m[39m
[35m[HTTP][39m [37m-->[39m [37mPOST[39m [37m/wd/hub/session/f4774acd-de09-4b00-a2c6-b2aebfb7521f/touch/perform[39m
[35m[HTTP][39m [90m{"actions":[{"action":"tap","options":{"element":"30cb730b-38ef-48c3-ae17-48de2a7bc49c","x":1,"y":1}}]}[39m
[35m[UiAutomator2][39m calling get location: 30cb730b-38ef-48c3-ae17-48de2a7bc49c
[35m[HTTP][39m [37m<-- POST /wd/hub/session/f4774acd-de09-4b00-a2c6-b2aebfb7521f/touch/perform [39m[32m200[39m [90m2300 ms - 76[39m
[35m[HTTP][39m [90m[39m
[35m[HTTP][39m [37m-->[39m [37mGET[39m [37m/wd/hub/session/f4774acd-de09-4b00-a2c6-b2aebfb7521f/window/current/size[39m
[35m[HTTP][39m [90m{}[39m
[35m[W3C][39m Driver proxy active, passing request on via HTTP proxy
[35m[JSONWP Proxy][39m Replacing sessionId 6a46baf6-ff05-4c13-8c4c-c698d993136c with f4774acd-de09-4b00-a2c6-b2aebfb7521f
[35m[HTTP][39m [37m<-- GET /wd/hub/session/f4774acd-de09-4b00-a2c6-b2aebfb7521f/window/current/size [39m[32m200[39m [90m26 ms - 99[39m
[35m[HTTP][39m [90m[39m
[35m[HTTP][39m [37m-->[39m [37mPOST[39m [37m/wd/hub/session/f4774acd-de09-4b00-a2c6-b2aebfb7521f/elements[39m
[35m[HTTP][39m [90m{"using":"-android uiautomator","value":"new UiSelector().className(\"android.widget.LinearLayout\").instance(8)"}[39m
[35m[HTTP][39m [37m<-- POST /wd/hub/session/f4774acd-de09-4b00-a2c6-b2aebfb7521f/elements [39m[32m200[39m [90m87 ms - 74[39m
[35m[HTTP][39m [90m[39m
[35m[HTTP][39m [37m-->[39m [37mPOST[39m [37m/wd/hub/session/f4774acd-de09-4b00-a2c6-b2aebfb7521f/elements[39m
[35m[HTTP][39m [90m{"using":"-android uiautomator","value":"new UiSelector().className(\"android.widget.LinearLayout\").instance(8)"}[39m
[35m[HTTP][39m [37m<-- POST /wd/hub/session/f4774acd-de09-4b00-a2c6-b2aebfb7521f/elements [39m[32m200[39m [90m242 ms - 74[39m
[35m[HTTP][39m [90m[39m
[35m[HTTP][39m [37m-->[39m [37mPOST[39m [37m/wd/hub/session/f4774acd-de09-4b00-a2c6-b2aebfb7521f/elements[39m
[35m[HTTP][39m [90m{"using":"-android uiautomator","value":"new UiSelector().className(\"android.widget.LinearLayout\").instance(8)"}[39m
[35m[HTTP][39m [37m<-- POST /wd/hub/session/f4774acd-de09-4b00-a2c6-b2aebfb7521f/elements [39m[32m200[39m [90m207 ms - 74[39m
[35m[HTTP][39m [90m[39m
[35m[HTTP][39m [37m-->[39m [37mPOST[39m [37m/wd/hub/session/f4774acd-de09-4b00-a2c6-b2aebfb7521f/elements[39m
[35m[HTTP][39m [90m{"using":"-android uiautomator","value":"new UiSelector().className(\"android.widget.LinearLayout\").instance(8)"}[39m
[35m[HTTP][39m [37m<-- POST /wd/hub/session/f4774acd-de09-4b00-a2c6-b2aebfb7521f/elements [39m[32m200[39m [90m703 ms - 124[39m
[35m[HTTP][39m [90m[39m
[35m[HTTP][39m [37m-->[39m [37mGET[39m [37m/wd/hub/session/f4774acd-de09-4b00-a2c6-b2aebfb7521f[39m
[35m[HTTP][39m [90m{}[39m
[35m[HTTP][39m [37m<-- GET /wd/hub/session/f4774acd-de09-4b00-a2c6-b2aebfb7521f [39m[32m200[39m [90m15 ms - 1260[39m
[35m[HTTP][39m [90m[39m
[35m[HTTP][39m [37m-->[39m [37mGET[39m [37m/wd/hub/session/f4774acd-de09-4b00-a2c6-b2aebfb7521f[39m
[35m[HTTP][39m [90m{}[39m
[35m[HTTP][39m [37m<-- GET /wd/hub/session/f4774acd-de09-4b00-a2c6-b2aebfb7521f [39m[32m200[39m [90m15 ms - 1260[39m
[35m[HTTP][39m [90m[39m
[35m[HTTP][39m [37m-->[39m [37mGET[39m [37m/wd/hub/session/f4774acd-de09-4b00-a2c6-b2aebfb7521f[39m
[35m[HTTP][39m [90m{}[39m
[35m[HTTP][39m [37m<-- GET /wd/hub/session/f4774acd-de09-4b00-a2c6-b2aebfb7521f [39m[32m200[39m [90m16 ms - 1260[39m
[35m[HTTP][39m [90m[39m
[35m[HTTP][39m [37m-->[39m [37mGET[39m [37m/wd/hub/session/f4774acd-de09-4b00-a2c6-b2aebfb7521f[39m
[35m[HTTP][39m [90m{}[39m
[35m[HTTP][39m [37m<-- GET /wd/hub/session/f4774acd-de09-4b00-a2c6-b2aebfb7521f [39m[32m200[39m [90m18 ms - 1260[39m
[35m[HTTP][39m [90m[39m
[35m[HTTP][39m [37m-->[39m [37mGET[39m [37m/wd/hub/session/f4774acd-de09-4b00-a2c6-b2aebfb7521f/element/c4a83b94-55b7-4b71-9ac1-1d16d018dbe3/location[39m
[35m[HTTP][39m [90m{}[39m
[35m[W3C][39m Driver proxy active, passing request on via HTTP proxy
[35m[JSONWP Proxy][39m Replacing sessionId 6a46baf6-ff05-4c13-8c4c-c698d993136c with f4774acd-de09-4b00-a2c6-b2aebfb7521f
[35m[HTTP][39m [37m<-- GET /wd/hub/session/f4774acd-de09-4b00-a2c6-b2aebfb7521f/element/c4a83b94-55b7-4b71-9ac1-1d16d018dbe3/location [39m[32m200[39m [90m46 ms - 88[39m
[35m[HTTP][39m [90m[39m
[35m[HTTP][39m [37m-->[39m [37mPOST[39m [37m/wd/hub/session/f4774acd-de09-4b00-a2c6-b2aebfb7521f/touch/perform[39m
[35m[HTTP][39m [90m{"actions":[{"action":"tap","options":{"element":"c4a83b94-55b7-4b71-9ac1-1d16d018dbe3","x":1,"y":1}}]}[39m
[35m[UiAutomator2][39m calling get location: c4a83b94-55b7-4b71-9ac1-1d16d018dbe3
[35m[HTTP][39m [37m<-- POST /wd/hub/session/f4774acd-de09-4b00-a2c6-b2aebfb7521f/touch/perform [39m[32m200[39m [90m3546 ms - 76[39m
[35m[HTTP][39m [90m[39m
[35m[HTTP][39m [37m-->[39m [37mGET[39m [37m/wd/hub/session/f4774acd-de09-4b00-a2c6-b2aebfb7521f/window/current/size[39m
[35m[HTTP][39m [90m{}[39m
[35m[W3C][39m Driver proxy active, passing request on via HTTP proxy
[35m[JSONWP Proxy][39m Replacing sessionId 6a46baf6-ff05-4c13-8c4c-c698d993136c with f4774acd-de09-4b00-a2c6-b2aebfb7521f
[35m[HTTP][39m [37m<-- GET /wd/hub/session/f4774acd-de09-4b00-a2c6-b2aebfb7521f/window/current/size [39m[32m200[39m [90m33 ms - 99[39m
[35m[HTTP][39m [90m[39m
[35m[HTTP][39m [37m-->[39m [37mPOST[39m [37m/wd/hub/session/f4774acd-de09-4b00-a2c6-b2aebfb7521f/elements[39m
[35m[HTTP][39m [90m{"using":"-android uiautomator","value":"new UiSelector().className(\"TextInputLayout\").text(\"Mobile Number\").resourceId(\"id.astra.stable.movic:id/mLayPhone\").instance(3)"}[39m
[35m[HTTP][39m [37m<-- POST /wd/hub/session/f4774acd-de09-4b00-a2c6-b2aebfb7521f/elements [39m[32m200[39m [90m125 ms - 124[39m
[35m[HTTP][39m [90m[39m
[35m[HTTP][39m [37m-->[39m [37mGET[39m [37m/wd/hub/session/f4774acd-de09-4b00-a2c6-b2aebfb7521f[39m
[35m[HTTP][39m [90m{}[39m
[35m[HTTP][39m [37m<-- GET /wd/hub/session/f4774acd-de09-4b00-a2c6-b2aebfb7521f [39m[32m200[39m [90m36 ms - 1260[39m
[35m[HTTP][39m [90m[39m
[35m[HTTP][39m [37m-->[39m [37mGET[39m [37m/wd/hub/session/f4774acd-de09-4b00-a2c6-b2aebfb7521f[39m
[35m[HTTP][39m [90m{}[39m
[35m[HTTP][39m [37m<-- GET /wd/hub/session/f4774acd-de09-4b00-a2c6-b2aebfb7521f [39m[32m200[39m [90m20 ms - 1260[39m
[35m[HTTP][39m [90m[39m
[35m[HTTP][39m [37m-->[39m [37mGET[39m [37m/wd/hub/session/f4774acd-de09-4b00-a2c6-b2aebfb7521f[39m
[35m[HTTP][39m [90m{}[39m
[35m[HTTP][39m [37m<-- GET /wd/hub/session/f4774acd-de09-4b00-a2c6-b2aebfb7521f [39m[32m200[39m [90m17 ms - 1260[39m
[35m[HTTP][39m [90m[39m
[35m[HTTP][39m [37m-->[39m [37mGET[39m [37m/wd/hub/session/f4774acd-de09-4b00-a2c6-b2aebfb7521f[39m
[35m[HTTP][39m [90m{}[39m
[35m[HTTP][39m [37m<-- GET /wd/hub/session/f4774acd-de09-4b00-a2c6-b2aebfb7521f [39m[32m200[39m [90m18 ms - 1260[39m
[35m[HTTP][39m [90m[39m
[35m[HTTP][39m [37m-->[39m [37mGET[39m [37m/wd/hub/session/f4774acd-de09-4b00-a2c6-b2aebfb7521f/element/2912169d-4ebd-4cb5-9bce-1d89192dc616/location[39m
[35m[HTTP][39m [90m{}[39m
[35m[W3C][39m Driver proxy active, passing request on via HTTP proxy
[35m[JSONWP Proxy][39m Replacing sessionId 6a46baf6-ff05-4c13-8c4c-c698d993136c with f4774acd-de09-4b00-a2c6-b2aebfb7521f
[35m[HTTP][39m [37m<-- GET /wd/hub/session/f4774acd-de09-4b00-a2c6-b2aebfb7521f/element/2912169d-4ebd-4cb5-9bce-1d89192dc616/location [39m[32m200[39m [90m50 ms - 88[39m
[35m[HTTP][39m [90m[39m
[35m[HTTP][39m [37m-->[39m [37mPOST[39m [37m/wd/hub/session/f4774acd-de09-4b00-a2c6-b2aebfb7521f/touch/perform[39m
[35m[HTTP][39m [90m{"actions":[{"action":"tap","options":{"element":"2912169d-4ebd-4cb5-9bce-1d89192dc616","x":1,"y":1}}]}[39m
[35m[UiAutomator2][39m calling get location: 2912169d-4ebd-4cb5-9bce-1d89192dc616
[35m[HTTP][39m [37m<-- POST /wd/hub/session/f4774acd-de09-4b00-a2c6-b2aebfb7521f/touch/perform [39m[32m200[39m [90m917 ms - 76[39m
[35m[HTTP][39m [90m[39m
[35m[HTTP][39m [37m-->[39m [37mGET[39m [37m/wd/hub/session/f4774acd-de09-4b00-a2c6-b2aebfb7521f/window/current/size[39m
[35m[HTTP][39m [90m{}[39m
[35m[W3C][39m Driver proxy active, passing request on via HTTP proxy
[35m[JSONWP Proxy][39m Replacing sessionId 6a46baf6-ff05-4c13-8c4c-c698d993136c with f4774acd-de09-4b00-a2c6-b2aebfb7521f
[35m[HTTP][39m [37m<-- GET /wd/hub/session/f4774acd-de09-4b00-a2c6-b2aebfb7521f/window/current/size [39m[32m200[39m [90m28 ms - 99[39m
[35m[HTTP][39m [90m[39m
[35m[HTTP][39m [37m-->[39m [37mPOST[39m [37m/wd/hub/session/f4774acd-de09-4b00-a2c6-b2aebfb7521f/elements[39m
[35m[HTTP][39m [90m{"using":"-android uiautomator","value":"new UiSelector().className(\"android.widget.EditText\").resourceId(\"id.astra.stable.movic:id/mTxtPhone\").instance(0)"}[39m
[35m[HTTP][39m [37m<-- POST /wd/hub/session/f4774acd-de09-4b00-a2c6-b2aebfb7521f/elements [39m[32m200[39m [90m64 ms - 124[39m
[35m[HTTP][39m [90m[39m
[35m[HTTP][39m [37m-->[39m [37mGET[39m [37m/wd/hub/session/f4774acd-de09-4b00-a2c6-b2aebfb7521f[39m
[35m[HTTP][39m [90m{}[39m
[35m[HTTP][39m [37m<-- GET /wd/hub/session/f4774acd-de09-4b00-a2c6-b2aebfb7521f [39m[32m200[39m [90m23 ms - 1260[39m
[35m[HTTP][39m [90m[39m
[35m[HTTP][39m [37m-->[39m [37mGET[39m [37m/wd/hub/session/f4774acd-de09-4b00-a2c6-b2aebfb7521f[39m
[35m[HTTP][39m [90m{}[39m
[35m[HTTP][39m [37m<-- GET /wd/hub/session/f4774acd-de09-4b00-a2c6-b2aebfb7521f [39m[32m200[39m [90m22 ms - 1260[39m
[35m[HTTP][39m [90m[39m
[35m[HTTP][39m [37m-->[39m [37mGET[39m [37m/wd/hub/session/f4774acd-de09-4b00-a2c6-b2aebfb7521f[39m
[35m[HTTP][39m [90m{}[39m
[35m[HTTP][39m [37m<-- GET /wd/hub/session/f4774acd-de09-4b00-a2c6-b2aebfb7521f [39m[32m200[39m [90m29 ms - 1260[39m
[35m[HTTP][39m [90m[39m
[35m[HTTP][39m [37m-->[39m [37mGET[39m [37m/wd/hub/session/f4774acd-de09-4b00-a2c6-b2aebfb7521f[39m
[35m[HTTP][39m [90m{}[39m
[35m[HTTP][39m [37m<-- GET /wd/hub/session/f4774acd-de09-4b00-a2c6-b2aebfb7521f [39m[32m200[39m [90m20 ms - 1260[39m
[35m[HTTP][39m [90m[39m
[35m[HTTP][39m [37m-->[39m [37mGET[39m [37m/wd/hub/session/f4774acd-de09-4b00-a2c6-b2aebfb7521f/element/91c91059-8b0d-4339-9590-6bb86510a98d/location[39m
[35m[HTTP][39m [90m{}[39m
[35m[W3C][39m Driver proxy active, passing request on via HTTP proxy
[35m[JSONWP Proxy][39m Replacing sessionId 6a46baf6-ff05-4c13-8c4c-c698d993136c with f4774acd-de09-4b00-a2c6-b2aebfb7521f
[35m[HTTP][39m [37m<-- GET /wd/hub/session/f4774acd-de09-4b00-a2c6-b2aebfb7521f/element/91c91059-8b0d-4339-9590-6bb86510a98d/location [39m[32m200[39m [90m50 ms - 88[39m
[35m[HTTP][39m [90m[39m
[35m[HTTP][39m [37m-->[39m [37mPOST[39m [37m/wd/hub/session/f4774acd-de09-4b00-a2c6-b2aebfb7521f/element/91c91059-8b0d-4339-9590-6bb86510a98d/clear[39m
[35m[HTTP][39m [90m{"id":"91c91059-8b0d-4339-9590-6bb86510a98d"}[39m
[35m[HTTP][39m [37m<-- POST /wd/hub/session/f4774acd-de09-4b00-a2c6-b2aebfb7521f/element/91c91059-8b0d-4339-9590-6bb86510a98d/clear [39m[32m200[39m [90m100 ms - 89[39m
[35m[HTTP][39m [90m[39m
[35m[HTTP][39m [37m-->[39m [37mPOST[39m [37m/wd/hub/session/f4774acd-de09-4b00-a2c6-b2aebfb7521f/element/91c91059-8b0d-4339-9590-6bb86510a98d/value[39m
[35m[HTTP][39m [90m{"id":"91c91059-8b0d-4339-9590-6bb86510a98d","value":["082117284992"]}[39m
[35m[HTTP][39m [37m<-- POST /wd/hub/session/f4774acd-de09-4b00-a2c6-b2aebfb7521f/element/91c91059-8b0d-4339-9590-6bb86510a98d/value [39m[32m200[39m [90m741 ms - 74[39m
[35m[HTTP][39m [90m[39m
[35m[HTTP][39m [37m-->[39m [37mGET[39m [37m/wd/hub/session/f4774acd-de09-4b00-a2c6-b2aebfb7521f/context[39m
[35m[HTTP][39m [90m{}[39m
[35m[HTTP][39m [37m<-- GET /wd/hub/session/f4774acd-de09-4b00-a2c6-b2aebfb7521f/context [39m[32m200[39m [90m6 ms - 84[39m
[35m[HTTP][39m [90m[39m
[35m[HTTP][39m [37m-->[39m [37mGET[39m [37m/wd/hub/session/f4774acd-de09-4b00-a2c6-b2aebfb7521f/contexts[39m
[35m[HTTP][39m [90m{}[39m
[35m[HTTP][39m [37m<-- GET /wd/hub/session/f4774acd-de09-4b00-a2c6-b2aebfb7521f/contexts [39m[32m200[39m [90m180 ms - 86[39m
[35m[HTTP][39m [90m[39m
[35m[HTTP][39m [37m-->[39m [37mPOST[39m [37m/wd/hub/session/f4774acd-de09-4b00-a2c6-b2aebfb7521f/context[39m
[35m[HTTP][39m [90m{"name":"NATIVE_APP"}[39m
[35m[HTTP][39m [37m<-- POST /wd/hub/session/f4774acd-de09-4b00-a2c6-b2aebfb7521f/context [39m[32m200[39m [90m118 ms - 76[39m
[35m[HTTP][39m [90m[39m
[35m[HTTP][39m [37m-->[39m [37mPOST[39m [37m/wd/hub/session/f4774acd-de09-4b00-a2c6-b2aebfb7521f/appium/device/hide_keyboard[39m
[35m[HTTP][39m [90m{}[39m
[35m[HTTP][39m [37m<-- POST /wd/hub/session/f4774acd-de09-4b00-a2c6-b2aebfb7521f/appium/device/hide_keyboard [39m[32m200[39m [90m1398 ms - 76[39m
[35m[HTTP][39m [90m[39m
[35m[HTTP][39m [37m-->[39m [37mPOST[39m [37m/wd/hub/session/f4774acd-de09-4b00-a2c6-b2aebfb7521f/context[39m
[35m[HTTP][39m [90m{"name":"NATIVE_APP"}[39m
[35m[HTTP][39m [37m<-- POST /wd/hub/session/f4774acd-de09-4b00-a2c6-b2aebfb7521f/context [39m[32m200[39m [90m144 ms - 76[39m
[35m[HTTP][39m [90m[39m
[35m[HTTP][39m [37m-->[39m [37mGET[39m [37m/wd/hub/session/f4774acd-de09-4b00-a2c6-b2aebfb7521f/window/current/size[39m
[35m[HTTP][39m [90m{}[39m
[35m[W3C][39m Driver proxy active, passing request on via HTTP proxy
[35m[JSONWP Proxy][39m Replacing sessionId 6a46baf6-ff05-4c13-8c4c-c698d993136c with f4774acd-de09-4b00-a2c6-b2aebfb7521f
[35m[HTTP][39m [37m<-- GET /wd/hub/session/f4774acd-de09-4b00-a2c6-b2aebfb7521f/window/current/size [39m[32m200[39m [90m28 ms - 99[39m
[35m[HTTP][39m [90m[39m
[35m[HTTP][39m [37m-->[39m [37mPOST[39m [37m/wd/hub/session/f4774acd-de09-4b00-a2c6-b2aebfb7521f/elements[39m
[35m[HTTP][39m [90m{"using":"-android uiautomator","value":"new UiSelector().className(\"android.widget.Button\").text(\"Next\").resourceId(\"id.astra.stable.movic:id/mBtnNext\").instance(0)"}[39m
[35m[HTTP][39m [37m<-- POST /wd/hub/session/f4774acd-de09-4b00-a2c6-b2aebfb7521f/elements [39m[32m200[39m [90m432 ms - 124[39m
[35m[HTTP][39m [90m[39m
[35m[HTTP][39m [37m-->[39m [37mGET[39m [37m/wd/hub/session/f4774acd-de09-4b00-a2c6-b2aebfb7521f[39m
[35m[HTTP][39m [90m{}[39m
[35m[HTTP][39m [37m<-- GET /wd/hub/session/f4774acd-de09-4b00-a2c6-b2aebfb7521f [39m[32m200[39m [90m14 ms - 1260[39m
[35m[HTTP][39m [90m[39m
[35m[HTTP][39m [37m-->[39m [37mGET[39m [37m/wd/hub/session/f4774acd-de09-4b00-a2c6-b2aebfb7521f[39m
[35m[HTTP][39m [90m{}[39m
[35m[HTTP][39m [37m<-- GET /wd/hub/session/f4774acd-de09-4b00-a2c6-b2aebfb7521f [39m[32m200[39m [90m21 ms - 1260[39m
[35m[HTTP][39m [90m[39m
[35m[HTTP][39m [37m-->[39m [37mGET[39m [37m/wd/hub/session/f4774acd-de09-4b00-a2c6-b2aebfb7521f[39m
[35m[HTTP][39m [90m{}[39m
[35m[HTTP][39m [37m<-- GET /wd/hub/session/f4774acd-de09-4b00-a2c6-b2aebfb7521f [39m[32m200[39m [90m23 ms - 1260[39m
[35m[HTTP][39m [90m[39m
[35m[HTTP][39m [37m-->[39m [37mGET[39m [37m/wd/hub/session/f4774acd-de09-4b00-a2c6-b2aebfb7521f[39m
[35m[HTTP][39m [90m{}[39m
[35m[HTTP][39m [37m<-- GET /wd/hub/session/f4774acd-de09-4b00-a2c6-b2aebfb7521f [39m[32m200[39m [90m21 ms - 1260[39m
[35m[HTTP][39m [90m[39m
[35m[HTTP][39m [37m-->[39m [37mGET[39m [37m/wd/hub/session/f4774acd-de09-4b00-a2c6-b2aebfb7521f/element/fefee5bb-2e01-45c7-902f-6be46307dbb4/location[39m
[35m[HTTP][39m [90m{}[39m
[35m[W3C][39m Driver proxy active, passing request on via HTTP proxy
[35m[JSONWP Proxy][39m Replacing sessionId 6a46baf6-ff05-4c13-8c4c-c698d993136c with f4774acd-de09-4b00-a2c6-b2aebfb7521f
[35m[HTTP][39m [37m<-- GET /wd/hub/session/f4774acd-de09-4b00-a2c6-b2aebfb7521f/element/fefee5bb-2e01-45c7-902f-6be46307dbb4/location [39m[32m200[39m [90m51 ms - 90[39m
[35m[HTTP][39m [90m[39m
[35m[HTTP][39m [37m-->[39m [37mPOST[39m [37m/wd/hub/session/f4774acd-de09-4b00-a2c6-b2aebfb7521f/touch/perform[39m
[35m[HTTP][39m [90m{"actions":[{"action":"tap","options":{"element":"fefee5bb-2e01-45c7-902f-6be46307dbb4","x":1,"y":1}}]}[39m
[35m[UiAutomator2][39m calling get location: fefee5bb-2e01-45c7-902f-6be46307dbb4
[35m[HTTP][39m [37m<-- POST /wd/hub/session/f4774acd-de09-4b00-a2c6-b2aebfb7521f/touch/perform [39m[32m200[39m [90m1426 ms - 76[39m
[35m[HTTP][39m [90m[39m
