[35m[Appium][39m Welcome to Appium v1.8.1
[35m[Appium][39m Non-default server args:
[35m[Appium][39m   port: 62658
[35m[Appium][39m   loglevel: info
[35m[Appium][39m   chromeDriverPort: 62659
[35m[Appium][39m   tmpDir: C:\Users\WGS-LA~1\AppData\Local\Temp\\Katalon\Appium\Temp1542607897805
[35m[Appium][39m Appium REST http interface listener started on 0.0.0.0:62658
[35m[HTTP][39m [37m-->[39m [37mGET[39m [37m/wd/hub/status[39m
[35m[HTTP][39m [90m{}[39m
[35m[HTTP][39m [37m<-- GET /wd/hub/status [39m[32m200[39m [90m159 ms - 83[39m
[35m[HTTP][39m [90m[39m
[35m[HTTP][39m [37m-->[39m [37mPOST[39m [37m/wd/hub/session[39m
[35m[HTTP][39m [90m{"desiredCapabilities":{"app":"C:\\Users\\WGS-LAP199\\Downloads\\Movic apk\\Movic_0.9.7_2018-10-14-stable-debug.apk","autoGrantPermissions":true,"automationName":"uiautomator2","deviceId":"54e797627cf5","deviceName":"Xiaomi Redmi 5 (Android 7.1.2)","fullReset":false,"newCommandTimeout":1800,"noReset":true,"platform":"ANDROID","platformName":"Android","udid":"54e797627cf5"},"capabilities":{"desiredCapabilities":{"app":"C:\\Users\\WGS-LAP199\\Downloads\\Movic apk\\Movic_0.9.7_2018-10-14-stable-debug.apk","autoGrantPermissions":true,"automationName":"uiautomator2","deviceId":"54e797627cf5","deviceName":"Xiaomi Redmi 5 (Android 7.1.2)","fullReset":false,"newCommandTimeout":1800,"noReset":true,"platform":"ANDROID","platformName":"Android","udid":"54e797627cf5"},"firstMatch":[{"platformName":"android"}]}}[39m
[35m[Appium][39m Could not parse W3C capabilities: 'deviceName' can't be blank. Falling back to JSONWP protocol.
[35m[Appium][39m The following capabilities were provided in the JSONWP desired capabilities that are missing in W3C capabilities: ["app","autoGrantPermissions","automationName","deviceId","deviceName","fullReset","newCommandTimeout","noReset","platform","platformName","udid"]. Falling back to JSONWP protocol.
[35m[Appium][39m Creating new AndroidUiautomator2Driver (v1.12.0) session
[35m[Appium][39m Capabilities:
[35m[Appium][39m   app: C:\Users\WGS-LAP199\Downloads\Movic apk\Movic_0.9.7_2018-10-14-stable-debug.apk
[35m[Appium][39m   autoGrantPermissions: true
[35m[Appium][39m   automationName: uiautomator2
[35m[Appium][39m   deviceId: 54e797627cf5
[35m[Appium][39m   deviceName: Xiaomi Redmi 5 (Android 7.1.2)
[35m[Appium][39m   fullReset: false
[35m[Appium][39m   newCommandTimeout: 1800
[35m[Appium][39m   noReset: true
[35m[Appium][39m   platform: ANDROID
[35m[Appium][39m   platformName: Android
[35m[Appium][39m   udid: 54e797627cf5
[35m[BaseDriver][39m The following capabilities were provided, but are not recognized by appium: deviceId, platform.
[35m[BaseDriver][39m Session created with session id: 001e2b9b-f156-43fe-bbbb-720962d0695e
[35m[BaseDriver][39m Using local app 'C:\Users\WGS-LAP199\Downloads\Movic apk\Movic_0.9.7_2018-10-14-stable-debug.apk'
[35m[AndroidDriver][39m Java version is: 1.8.0_181
[35m[ADB][39m Checking whether adb is present
[35m[ADB][39m Found 1 'build-tools' folders under 'C:\Users\WGS-LAP199\.katalon\tools\android_sdk' (newest first):
[35m[ADB][39m     C:/Users/WGS-LAP199/.katalon/tools/android_sdk/build-tools/28.0.1
[35m[ADB][39m Using adb.exe from C:\Users\WGS-LAP199\.katalon\tools\android_sdk\platform-tools\adb.exe
[35m[AndroidDriver][39m Retrieving device list
[35m[AndroidDriver][39m Using device: 54e797627cf5
[35m[ADB][39m Using the alternative activity name detection method because of: Could not find apkanalyzer.bat in C:\Users\WGS-LAP199\.katalon\tools\android_sdk\platform-tools\apkanalyzer.bat,C:\Users\WGS-LAP199\.katalon\tools\android_sdk\emulator\apkanalyzer.bat,C:\Users\WGS-LAP199\.katalon\tools\android_sdk\tools\apkanalyzer.bat,C:\Users\WGS-LAP199\.katalon\tools\android_sdk\tools\bin\apkanalyzer.bat,C:\Users\WGS-LAP199\.katalon\tools\android_sdk\build-tools\28.0.1\apkanalyzer.bat. Do you have the Android SDK installed at 'C:\Users\WGS-LAP199\.katalon\tools\android_sdk'?
[35m[ADB][39m Checking whether aapt is present
[35m[ADB][39m Using aapt.exe from C:\Users\WGS-LAP199\.katalon\tools\android_sdk\build-tools\28.0.1\aapt.exe
[35m[ADB][39m Extracting package and launch activity from manifest
[35m[ADB][39m Package name: 'id.astra.stable.movic'
[35m[ADB][39m Main activity name: 'id.astra.adp.movic.modules.main.SplashScreenActivity'
[35m[ADB][39m Getting device platform version
[35m[ADB][39m Using apksigner.bat from C:\Users\WGS-LAP199\.katalon\tools\android_sdk\build-tools\28.0.1\apksigner.bat
[35m[ADB][39m Checking whether zipalign is present
[35m[ADB][39m Using zipalign.exe from C:\Users\WGS-LAP199\.katalon\tools\android_sdk\build-tools\28.0.1\zipalign.exe
[35m[ADB][39m io.appium.uiautomator2.server was successfully uninstalled
[35m[ADB][39m io.appium.uiautomator2.server.test was successfully uninstalled
[35m[AndroidDriver][39m setDeviceLanguageCountry requires language or country.
[35m[AndroidDriver][39m Got language: 'null' and country: 'null'
[35m[ADB][39m Successfully extracted 1263 strings from 'C:\Users\WGS-LAP199\Downloads\Movic apk\Movic_0.9.7_2018-10-14-stable-debug.apk' resources for '(default)' configuration
[35m[UiAutomator2][39m Starting uiautomator2 server 1.12.0
[35m[UiAutomator2][39m Using UIAutomator2 server from 'C:\Users\WGS-LAP199\AppData\Roaming\npm\node_modules\appium\node_modules\appium-uiautomator2-server\apks\appium-uiautomator2-server-v1.12.0.apk' and test from 'C:\Users\WGS-LAP199\AppData\Roaming\npm\node_modules\appium\node_modules\appium-uiautomator2-server\apks\appium-uiautomator2-server-debug-androidTest.apk'
[35m[UiAutomator2][39m Running command: 'adb -s 54e797627cf5 shell am instrument -w io.appium.uiautomator2.server.test/android.support.test.runner.AndroidJUnitRunner'
[35m[UiAutomator2][39m Waiting up to 20000ms for UiAutomator2 to be online...
[35m[AndroidDriver][39m Screen already unlocked, doing nothing
[35m[UiAutomator2][39m UiAutomator2 did not start the activity we were waiting for, 'id.astra.stable.movic/id.astra.adp.movic.modules.main.SplashScreenActivity'. Starting it ourselves
[35m[Appium][39m New AndroidUiautomator2Driver session created successfully, session 001e2b9b-f156-43fe-bbbb-720962d0695e added to master session list
[35m[HTTP][39m [37m<-- POST /wd/hub/session [39m[32m200[39m [90m42921 ms - 1260[39m
[35m[HTTP][39m [90m[39m
[35m[HTTP][39m [37m-->[39m [37mGET[39m [37m/wd/hub/status[39m
[35m[HTTP][39m [90m{}[39m
[35m[HTTP][39m [37m<-- GET /wd/hub/status [39m[32m200[39m [90m119 ms - 55[39m
[35m[HTTP][39m [90m[39m
[35m[HTTP][39m [37m-->[39m [37mPOST[39m [37m/wd/hub/session/001e2b9b-f156-43fe-bbbb-720962d0695e/timeouts[39m
[35m[HTTP][39m [90m{"type":"implicit","ms":30000}[39m
[35m[HTTP][39m [37m<-- POST /wd/hub/session/001e2b9b-f156-43fe-bbbb-720962d0695e/timeouts [39m[33m400[39m [90m26 ms - 5468[39m
[35m[HTTP][39m [90m[39m
[35m[HTTP][39m [37m-->[39m [37mGET[39m [37m/wd/hub/session/001e2b9b-f156-43fe-bbbb-720962d0695e/window/current/size[39m
[35m[HTTP][39m [90m{}[39m
[35m[W3C][39m Driver proxy active, passing request on via HTTP proxy
[35m[JSONWP Proxy][39m Replacing sessionId 6d3427ee-6e32-4b30-90df-0380e62c795d with 001e2b9b-f156-43fe-bbbb-720962d0695e
[35m[HTTP][39m [37m<-- GET /wd/hub/session/001e2b9b-f156-43fe-bbbb-720962d0695e/window/current/size [39m[32m200[39m [90m61 ms - 99[39m
[35m[HTTP][39m [90m[39m
[35m[HTTP][39m [37m-->[39m [37mPOST[39m [37m/wd/hub/session/001e2b9b-f156-43fe-bbbb-720962d0695e/elements[39m
[35m[HTTP][39m [90m{"using":"-android uiautomator","value":"new UiSelector().className(\"android.widget.ImageView\").resourceId(\"id.astra.stable.movic:id/mImgSkip\").instance(4)"}[39m
[35m[HTTP][39m [37m<-- POST /wd/hub/session/001e2b9b-f156-43fe-bbbb-720962d0695e/elements [39m[32m200[39m [90m53 ms - 74[39m
[35m[HTTP][39m [90m[39m
[35m[HTTP][39m [37m-->[39m [37mPOST[39m [37m/wd/hub/session/001e2b9b-f156-43fe-bbbb-720962d0695e/elements[39m
[35m[HTTP][39m [90m{"using":"-android uiautomator","value":"new UiSelector().className(\"android.widget.ImageView\").resourceId(\"id.astra.stable.movic:id/mImgSkip\").instance(4)"}[39m
[35m[HTTP][39m [37m<-- POST /wd/hub/session/001e2b9b-f156-43fe-bbbb-720962d0695e/elements [39m[32m200[39m [90m35 ms - 74[39m
[35m[HTTP][39m [90m[39m
[35m[HTTP][39m [37m-->[39m [37mPOST[39m [37m/wd/hub/session/001e2b9b-f156-43fe-bbbb-720962d0695e/elements[39m
[35m[HTTP][39m [90m{"using":"-android uiautomator","value":"new UiSelector().className(\"android.widget.ImageView\").resourceId(\"id.astra.stable.movic:id/mImgSkip\").instance(4)"}[39m
[35m[HTTP][39m [37m<-- POST /wd/hub/session/001e2b9b-f156-43fe-bbbb-720962d0695e/elements [39m[32m200[39m [90m101 ms - 74[39m
[35m[HTTP][39m [90m[39m
[35m[HTTP][39m [37m-->[39m [37mPOST[39m [37m/wd/hub/session/001e2b9b-f156-43fe-bbbb-720962d0695e/elements[39m
[35m[HTTP][39m [90m{"using":"-android uiautomator","value":"new UiSelector().className(\"android.widget.ImageView\").resourceId(\"id.astra.stable.movic:id/mImgSkip\").instance(4)"}[39m
[35m[HTTP][39m [37m<-- POST /wd/hub/session/001e2b9b-f156-43fe-bbbb-720962d0695e/elements [39m[32m200[39m [90m47 ms - 74[39m
[35m[HTTP][39m [90m[39m
[35m[HTTP][39m [37m-->[39m [37mPOST[39m [37m/wd/hub/session/001e2b9b-f156-43fe-bbbb-720962d0695e/elements[39m
[35m[HTTP][39m [90m{"using":"-android uiautomator","value":"new UiSelector().className(\"android.widget.ImageView\").resourceId(\"id.astra.stable.movic:id/mImgSkip\").instance(4)"}[39m
[35m[HTTP][39m [37m<-- POST /wd/hub/session/001e2b9b-f156-43fe-bbbb-720962d0695e/elements [39m[32m200[39m [90m34 ms - 74[39m
[35m[HTTP][39m [90m[39m
[35m[HTTP][39m [37m-->[39m [37mPOST[39m [37m/wd/hub/session/001e2b9b-f156-43fe-bbbb-720962d0695e/elements[39m
[35m[HTTP][39m [90m{"using":"-android uiautomator","value":"new UiSelector().className(\"android.widget.ImageView\").resourceId(\"id.astra.stable.movic:id/mImgSkip\").instance(4)"}[39m
[35m[HTTP][39m [37m<-- POST /wd/hub/session/001e2b9b-f156-43fe-bbbb-720962d0695e/elements [39m[32m200[39m [90m45 ms - 74[39m
[35m[HTTP][39m [90m[39m
[35m[HTTP][39m [37m-->[39m [37mPOST[39m [37m/wd/hub/session/001e2b9b-f156-43fe-bbbb-720962d0695e/elements[39m
[35m[HTTP][39m [90m{"using":"-android uiautomator","value":"new UiSelector().className(\"android.widget.ImageView\").resourceId(\"id.astra.stable.movic:id/mImgSkip\").instance(4)"}[39m
[35m[HTTP][39m [37m<-- POST /wd/hub/session/001e2b9b-f156-43fe-bbbb-720962d0695e/elements [39m[32m200[39m [90m41 ms - 74[39m
[35m[HTTP][39m [90m[39m
[35m[HTTP][39m [37m-->[39m [37mPOST[39m [37m/wd/hub/session/001e2b9b-f156-43fe-bbbb-720962d0695e/elements[39m
[35m[HTTP][39m [90m{"using":"-android uiautomator","value":"new UiSelector().className(\"android.widget.ImageView\").resourceId(\"id.astra.stable.movic:id/mImgSkip\").instance(4)"}[39m
[35m[HTTP][39m [37m<-- POST /wd/hub/session/001e2b9b-f156-43fe-bbbb-720962d0695e/elements [39m[32m200[39m [90m41 ms - 74[39m
[35m[HTTP][39m [90m[39m
[35m[HTTP][39m [37m-->[39m [37mPOST[39m [37m/wd/hub/session/001e2b9b-f156-43fe-bbbb-720962d0695e/elements[39m
[35m[HTTP][39m [90m{"using":"-android uiautomator","value":"new UiSelector().className(\"android.widget.ImageView\").resourceId(\"id.astra.stable.movic:id/mImgSkip\").instance(4)"}[39m
[35m[HTTP][39m [37m<-- POST /wd/hub/session/001e2b9b-f156-43fe-bbbb-720962d0695e/elements [39m[32m200[39m [90m45 ms - 74[39m
[35m[HTTP][39m [90m[39m
[35m[HTTP][39m [37m-->[39m [37mPOST[39m [37m/wd/hub/session/001e2b9b-f156-43fe-bbbb-720962d0695e/elements[39m
[35m[HTTP][39m [90m{"using":"-android uiautomator","value":"new UiSelector().className(\"android.widget.ImageView\").resourceId(\"id.astra.stable.movic:id/mImgSkip\").instance(4)"}[39m
[35m[HTTP][39m [37m<-- POST /wd/hub/session/001e2b9b-f156-43fe-bbbb-720962d0695e/elements [39m[32m200[39m [90m49 ms - 74[39m
[35m[HTTP][39m [90m[39m
[35m[HTTP][39m [37m-->[39m [37mPOST[39m [37m/wd/hub/session/001e2b9b-f156-43fe-bbbb-720962d0695e/elements[39m
[35m[HTTP][39m [90m{"using":"-android uiautomator","value":"new UiSelector().className(\"android.widget.ImageView\").resourceId(\"id.astra.stable.movic:id/mImgSkip\").instance(4)"}[39m
[35m[HTTP][39m [37m<-- POST /wd/hub/session/001e2b9b-f156-43fe-bbbb-720962d0695e/elements [39m[32m200[39m [90m49 ms - 74[39m
[35m[HTTP][39m [90m[39m
[35m[HTTP][39m [37m-->[39m [37mPOST[39m [37m/wd/hub/session/001e2b9b-f156-43fe-bbbb-720962d0695e/elements[39m
[35m[HTTP][39m [90m{"using":"-android uiautomator","value":"new UiSelector().className(\"android.widget.ImageView\").resourceId(\"id.astra.stable.movic:id/mImgSkip\").instance(4)"}[39m
[35m[HTTP][39m [37m<-- POST /wd/hub/session/001e2b9b-f156-43fe-bbbb-720962d0695e/elements [39m[32m200[39m [90m38 ms - 74[39m
[35m[HTTP][39m [90m[39m
[35m[HTTP][39m [37m-->[39m [37mPOST[39m [37m/wd/hub/session/001e2b9b-f156-43fe-bbbb-720962d0695e/elements[39m
[35m[HTTP][39m [90m{"using":"-android uiautomator","value":"new UiSelector().className(\"android.widget.ImageView\").resourceId(\"id.astra.stable.movic:id/mImgSkip\").instance(4)"}[39m
[35m[HTTP][39m [37m<-- POST /wd/hub/session/001e2b9b-f156-43fe-bbbb-720962d0695e/elements [39m[32m200[39m [90m35 ms - 74[39m
[35m[HTTP][39m [90m[39m
[35m[HTTP][39m [37m-->[39m [37mPOST[39m [37m/wd/hub/session/001e2b9b-f156-43fe-bbbb-720962d0695e/elements[39m
[35m[HTTP][39m [90m{"using":"-android uiautomator","value":"new UiSelector().className(\"android.widget.ImageView\").resourceId(\"id.astra.stable.movic:id/mImgSkip\").instance(4)"}[39m
[35m[HTTP][39m [37m<-- POST /wd/hub/session/001e2b9b-f156-43fe-bbbb-720962d0695e/elements [39m[32m200[39m [90m31 ms - 74[39m
[35m[HTTP][39m [90m[39m
[35m[HTTP][39m [37m-->[39m [37mPOST[39m [37m/wd/hub/session/001e2b9b-f156-43fe-bbbb-720962d0695e/elements[39m
[35m[HTTP][39m [90m{"using":"-android uiautomator","value":"new UiSelector().className(\"android.widget.ImageView\").resourceId(\"id.astra.stable.movic:id/mImgSkip\").instance(4)"}[39m
[35m[HTTP][39m [37m<-- POST /wd/hub/session/001e2b9b-f156-43fe-bbbb-720962d0695e/elements [39m[32m200[39m [90m41 ms - 74[39m
[35m[HTTP][39m [90m[39m
[35m[HTTP][39m [37m-->[39m [37mPOST[39m [37m/wd/hub/session/001e2b9b-f156-43fe-bbbb-720962d0695e/elements[39m
[35m[HTTP][39m [90m{"using":"-android uiautomator","value":"new UiSelector().className(\"android.widget.ImageView\").resourceId(\"id.astra.stable.movic:id/mImgSkip\").instance(4)"}[39m
[35m[HTTP][39m [37m<-- POST /wd/hub/session/001e2b9b-f156-43fe-bbbb-720962d0695e/elements [39m[32m200[39m [90m29 ms - 74[39m
[35m[HTTP][39m [90m[39m
[35m[HTTP][39m [37m-->[39m [37mPOST[39m [37m/wd/hub/session/001e2b9b-f156-43fe-bbbb-720962d0695e/elements[39m
[35m[HTTP][39m [90m{"using":"-android uiautomator","value":"new UiSelector().className(\"android.widget.ImageView\").resourceId(\"id.astra.stable.movic:id/mImgSkip\").instance(4)"}[39m
[35m[HTTP][39m [37m<-- POST /wd/hub/session/001e2b9b-f156-43fe-bbbb-720962d0695e/elements [39m[32m200[39m [90m29 ms - 74[39m
[35m[HTTP][39m [90m[39m
[35m[HTTP][39m [37m-->[39m [37mPOST[39m [37m/wd/hub/session/001e2b9b-f156-43fe-bbbb-720962d0695e/elements[39m
[35m[HTTP][39m [90m{"using":"-android uiautomator","value":"new UiSelector().className(\"android.widget.ImageView\").resourceId(\"id.astra.stable.movic:id/mImgSkip\").instance(4)"}[39m
[35m[HTTP][39m [37m<-- POST /wd/hub/session/001e2b9b-f156-43fe-bbbb-720962d0695e/elements [39m[32m200[39m [90m40 ms - 74[39m
[35m[HTTP][39m [90m[39m
[35m[HTTP][39m [37m-->[39m [37mPOST[39m [37m/wd/hub/session/001e2b9b-f156-43fe-bbbb-720962d0695e/elements[39m
[35m[HTTP][39m [90m{"using":"-android uiautomator","value":"new UiSelector().className(\"android.widget.ImageView\").resourceId(\"id.astra.stable.movic:id/mImgSkip\").instance(4)"}[39m
[35m[HTTP][39m [37m<-- POST /wd/hub/session/001e2b9b-f156-43fe-bbbb-720962d0695e/elements [39m[32m200[39m [90m27 ms - 74[39m
[35m[HTTP][39m [90m[39m
[35m[HTTP][39m [37m-->[39m [37mPOST[39m [37m/wd/hub/session/001e2b9b-f156-43fe-bbbb-720962d0695e/elements[39m
[35m[HTTP][39m [90m{"using":"-android uiautomator","value":"new UiSelector().className(\"android.widget.ImageView\").resourceId(\"id.astra.stable.movic:id/mImgSkip\").instance(4)"}[39m
[35m[HTTP][39m [37m<-- POST /wd/hub/session/001e2b9b-f156-43fe-bbbb-720962d0695e/elements [39m[32m200[39m [90m385 ms - 74[39m
[35m[HTTP][39m [90m[39m
[35m[HTTP][39m [37m-->[39m [37mPOST[39m [37m/wd/hub/session/001e2b9b-f156-43fe-bbbb-720962d0695e/elements[39m
[35m[HTTP][39m [90m{"using":"-android uiautomator","value":"new UiSelector().className(\"android.widget.ImageView\").resourceId(\"id.astra.stable.movic:id/mImgSkip\").instance(4)"}[39m
[35m[HTTP][39m [37m<-- POST /wd/hub/session/001e2b9b-f156-43fe-bbbb-720962d0695e/elements [39m[32m200[39m [90m249 ms - 74[39m
[35m[HTTP][39m [90m[39m
[35m[HTTP][39m [37m-->[39m [37mPOST[39m [37m/wd/hub/session/001e2b9b-f156-43fe-bbbb-720962d0695e/elements[39m
[35m[HTTP][39m [90m{"using":"-android uiautomator","value":"new UiSelector().className(\"android.widget.ImageView\").resourceId(\"id.astra.stable.movic:id/mImgSkip\").instance(4)"}[39m
[35m[HTTP][39m [37m<-- POST /wd/hub/session/001e2b9b-f156-43fe-bbbb-720962d0695e/elements [39m[32m200[39m [90m875 ms - 124[39m
[35m[HTTP][39m [90m[39m
[35m[HTTP][39m [37m-->[39m [37mGET[39m [37m/wd/hub/session/001e2b9b-f156-43fe-bbbb-720962d0695e[39m
[35m[HTTP][39m [90m{}[39m
[35m[HTTP][39m [37m<-- GET /wd/hub/session/001e2b9b-f156-43fe-bbbb-720962d0695e [39m[32m200[39m [90m17 ms - 1260[39m
[35m[HTTP][39m [90m[39m
[35m[HTTP][39m [37m-->[39m [37mGET[39m [37m/wd/hub/session/001e2b9b-f156-43fe-bbbb-720962d0695e[39m
[35m[HTTP][39m [90m{}[39m
[35m[HTTP][39m [37m<-- GET /wd/hub/session/001e2b9b-f156-43fe-bbbb-720962d0695e [39m[32m200[39m [90m27 ms - 1260[39m
[35m[HTTP][39m [90m[39m
[35m[HTTP][39m [37m-->[39m [37mGET[39m [37m/wd/hub/session/001e2b9b-f156-43fe-bbbb-720962d0695e[39m
[35m[HTTP][39m [90m{}[39m
[35m[HTTP][39m [37m<-- GET /wd/hub/session/001e2b9b-f156-43fe-bbbb-720962d0695e [39m[32m200[39m [90m23 ms - 1260[39m
[35m[HTTP][39m [90m[39m
[35m[HTTP][39m [37m-->[39m [37mGET[39m [37m/wd/hub/session/001e2b9b-f156-43fe-bbbb-720962d0695e[39m
[35m[HTTP][39m [90m{}[39m
[35m[HTTP][39m [37m<-- GET /wd/hub/session/001e2b9b-f156-43fe-bbbb-720962d0695e [39m[32m200[39m [90m22 ms - 1260[39m
[35m[HTTP][39m [90m[39m
[35m[HTTP][39m [37m-->[39m [37mGET[39m [37m/wd/hub/session/001e2b9b-f156-43fe-bbbb-720962d0695e/element/262f3aae-dca6-4ac7-94f1-7c380ddd157a/location[39m
[35m[HTTP][39m [90m{}[39m
[35m[W3C][39m Driver proxy active, passing request on via HTTP proxy
[35m[JSONWP Proxy][39m Replacing sessionId 6d3427ee-6e32-4b30-90df-0380e62c795d with 001e2b9b-f156-43fe-bbbb-720962d0695e
[35m[HTTP][39m [37m<-- GET /wd/hub/session/001e2b9b-f156-43fe-bbbb-720962d0695e/element/262f3aae-dca6-4ac7-94f1-7c380ddd157a/location [39m[32m200[39m [90m46 ms - 90[39m
[35m[HTTP][39m [90m[39m
[35m[HTTP][39m [37m-->[39m [37mPOST[39m [37m/wd/hub/session/001e2b9b-f156-43fe-bbbb-720962d0695e/touch/perform[39m
[35m[HTTP][39m [90m{"actions":[{"action":"tap","options":{"element":"262f3aae-dca6-4ac7-94f1-7c380ddd157a","x":1,"y":1}}]}[39m
[35m[UiAutomator2][39m calling get location: 262f3aae-dca6-4ac7-94f1-7c380ddd157a
[35m[HTTP][39m [37m<-- POST /wd/hub/session/001e2b9b-f156-43fe-bbbb-720962d0695e/touch/perform [39m[32m200[39m [90m1272 ms - 76[39m
[35m[HTTP][39m [90m[39m
[35m[HTTP][39m [37m-->[39m [37mGET[39m [37m/wd/hub/session/001e2b9b-f156-43fe-bbbb-720962d0695e/window/current/size[39m
[35m[HTTP][39m [90m{}[39m
[35m[W3C][39m Driver proxy active, passing request on via HTTP proxy
[35m[JSONWP Proxy][39m Replacing sessionId 6d3427ee-6e32-4b30-90df-0380e62c795d with 001e2b9b-f156-43fe-bbbb-720962d0695e
[35m[HTTP][39m [37m<-- GET /wd/hub/session/001e2b9b-f156-43fe-bbbb-720962d0695e/window/current/size [39m[32m200[39m [90m28 ms - 99[39m
[35m[HTTP][39m [90m[39m
[35m[HTTP][39m [37m-->[39m [37mPOST[39m [37m/wd/hub/session/001e2b9b-f156-43fe-bbbb-720962d0695e/elements[39m
[35m[HTTP][39m [90m{"using":"-android uiautomator","value":"new UiSelector().className(\"android.widget.ImageView\").resourceId(\"id.astra.stable.movic:id/ivNext\").instance(1)"}[39m
[35m[HTTP][39m [37m<-- POST /wd/hub/session/001e2b9b-f156-43fe-bbbb-720962d0695e/elements [39m[32m200[39m [90m95 ms - 124[39m
[35m[HTTP][39m [90m[39m
[35m[HTTP][39m [37m-->[39m [37mGET[39m [37m/wd/hub/session/001e2b9b-f156-43fe-bbbb-720962d0695e[39m
[35m[HTTP][39m [90m{}[39m
[35m[HTTP][39m [37m<-- GET /wd/hub/session/001e2b9b-f156-43fe-bbbb-720962d0695e [39m[32m200[39m [90m20 ms - 1260[39m
[35m[HTTP][39m [90m[39m
[35m[HTTP][39m [37m-->[39m [37mGET[39m [37m/wd/hub/session/001e2b9b-f156-43fe-bbbb-720962d0695e[39m
[35m[HTTP][39m [90m{}[39m
[35m[HTTP][39m [37m<-- GET /wd/hub/session/001e2b9b-f156-43fe-bbbb-720962d0695e [39m[32m200[39m [90m21 ms - 1260[39m
[35m[HTTP][39m [90m[39m
[35m[HTTP][39m [37m-->[39m [37mGET[39m [37m/wd/hub/session/001e2b9b-f156-43fe-bbbb-720962d0695e[39m
[35m[HTTP][39m [90m{}[39m
[35m[HTTP][39m [37m<-- GET /wd/hub/session/001e2b9b-f156-43fe-bbbb-720962d0695e [39m[32m200[39m [90m26 ms - 1260[39m
[35m[HTTP][39m [90m[39m
[35m[HTTP][39m [37m-->[39m [37mGET[39m [37m/wd/hub/session/001e2b9b-f156-43fe-bbbb-720962d0695e[39m
[35m[HTTP][39m [90m{}[39m
[35m[HTTP][39m [37m<-- GET /wd/hub/session/001e2b9b-f156-43fe-bbbb-720962d0695e [39m[32m200[39m [90m39 ms - 1260[39m
[35m[HTTP][39m [90m[39m
[35m[HTTP][39m [37m-->[39m [37mGET[39m [37m/wd/hub/session/001e2b9b-f156-43fe-bbbb-720962d0695e/element/45727d2c-0f3b-4ab0-ae6a-29c3a1630609/location[39m
[35m[HTTP][39m [90m{}[39m
[35m[W3C][39m Driver proxy active, passing request on via HTTP proxy
[35m[JSONWP Proxy][39m Replacing sessionId 6d3427ee-6e32-4b30-90df-0380e62c795d with 001e2b9b-f156-43fe-bbbb-720962d0695e
[35m[HTTP][39m [37m<-- GET /wd/hub/session/001e2b9b-f156-43fe-bbbb-720962d0695e/element/45727d2c-0f3b-4ab0-ae6a-29c3a1630609/location [39m[32m200[39m [90m40 ms - 90[39m
[35m[HTTP][39m [90m[39m
[35m[HTTP][39m [37m-->[39m [37mPOST[39m [37m/wd/hub/session/001e2b9b-f156-43fe-bbbb-720962d0695e/touch/perform[39m
[35m[HTTP][39m [90m{"actions":[{"action":"tap","options":{"element":"45727d2c-0f3b-4ab0-ae6a-29c3a1630609","x":1,"y":1}}]}[39m
[35m[UiAutomator2][39m calling get location: 45727d2c-0f3b-4ab0-ae6a-29c3a1630609
[35m[HTTP][39m [37m<-- POST /wd/hub/session/001e2b9b-f156-43fe-bbbb-720962d0695e/touch/perform [39m[32m200[39m [90m954 ms - 76[39m
[35m[HTTP][39m [90m[39m
[35m[HTTP][39m [37m-->[39m [37mGET[39m [37m/wd/hub/session/001e2b9b-f156-43fe-bbbb-720962d0695e/window/current/size[39m
[35m[HTTP][39m [90m{}[39m
[35m[W3C][39m Driver proxy active, passing request on via HTTP proxy
[35m[JSONWP Proxy][39m Replacing sessionId 6d3427ee-6e32-4b30-90df-0380e62c795d with 001e2b9b-f156-43fe-bbbb-720962d0695e
[35m[HTTP][39m [37m<-- GET /wd/hub/session/001e2b9b-f156-43fe-bbbb-720962d0695e/window/current/size [39m[32m200[39m [90m28 ms - 99[39m
[35m[HTTP][39m [90m[39m
[35m[HTTP][39m [37m-->[39m [37mPOST[39m [37m/wd/hub/session/001e2b9b-f156-43fe-bbbb-720962d0695e/elements[39m
[35m[HTTP][39m [90m{"using":"-android uiautomator","value":"new UiSelector().className(\"android.widget.ImageView\").resourceId(\"id.astra.stable.movic:id/ivNext\").instance(1)"}[39m
[35m[HTTP][39m [37m<-- POST /wd/hub/session/001e2b9b-f156-43fe-bbbb-720962d0695e/elements [39m[32m200[39m [90m66 ms - 124[39m
[35m[HTTP][39m [90m[39m
[35m[HTTP][39m [37m-->[39m [37mGET[39m [37m/wd/hub/session/001e2b9b-f156-43fe-bbbb-720962d0695e[39m
[35m[HTTP][39m [90m{}[39m
[35m[HTTP][39m [37m<-- GET /wd/hub/session/001e2b9b-f156-43fe-bbbb-720962d0695e [39m[32m200[39m [90m21 ms - 1260[39m
[35m[HTTP][39m [90m[39m
[35m[HTTP][39m [37m-->[39m [37mGET[39m [37m/wd/hub/session/001e2b9b-f156-43fe-bbbb-720962d0695e[39m
[35m[HTTP][39m [90m{}[39m
[35m[HTTP][39m [37m<-- GET /wd/hub/session/001e2b9b-f156-43fe-bbbb-720962d0695e [39m[32m200[39m [90m26 ms - 1260[39m
[35m[HTTP][39m [90m[39m
[35m[HTTP][39m [37m-->[39m [37mGET[39m [37m/wd/hub/session/001e2b9b-f156-43fe-bbbb-720962d0695e[39m
[35m[HTTP][39m [90m{}[39m
[35m[HTTP][39m [37m<-- GET /wd/hub/session/001e2b9b-f156-43fe-bbbb-720962d0695e [39m[32m200[39m [90m27 ms - 1260[39m
[35m[HTTP][39m [90m[39m
[35m[HTTP][39m [37m-->[39m [37mGET[39m [37m/wd/hub/session/001e2b9b-f156-43fe-bbbb-720962d0695e[39m
[35m[HTTP][39m [90m{}[39m
[35m[HTTP][39m [37m<-- GET /wd/hub/session/001e2b9b-f156-43fe-bbbb-720962d0695e [39m[32m200[39m [90m28 ms - 1260[39m
[35m[HTTP][39m [90m[39m
[35m[HTTP][39m [37m-->[39m [37mGET[39m [37m/wd/hub/session/001e2b9b-f156-43fe-bbbb-720962d0695e/element/86771bf7-71b0-4f55-a814-ef2a79756812/location[39m
[35m[HTTP][39m [90m{}[39m
[35m[W3C][39m Driver proxy active, passing request on via HTTP proxy
[35m[JSONWP Proxy][39m Replacing sessionId 6d3427ee-6e32-4b30-90df-0380e62c795d with 001e2b9b-f156-43fe-bbbb-720962d0695e
[35m[HTTP][39m [37m<-- GET /wd/hub/session/001e2b9b-f156-43fe-bbbb-720962d0695e/element/86771bf7-71b0-4f55-a814-ef2a79756812/location [39m[32m200[39m [90m50 ms - 90[39m
[35m[HTTP][39m [90m[39m
[35m[HTTP][39m [37m-->[39m [37mPOST[39m [37m/wd/hub/session/001e2b9b-f156-43fe-bbbb-720962d0695e/touch/perform[39m
[35m[HTTP][39m [90m{"actions":[{"action":"tap","options":{"element":"86771bf7-71b0-4f55-a814-ef2a79756812","x":1,"y":1}}]}[39m
[35m[UiAutomator2][39m calling get location: 86771bf7-71b0-4f55-a814-ef2a79756812
[35m[HTTP][39m [37m<-- POST /wd/hub/session/001e2b9b-f156-43fe-bbbb-720962d0695e/touch/perform [39m[32m200[39m [90m950 ms - 76[39m
[35m[HTTP][39m [90m[39m
[35m[HTTP][39m [37m-->[39m [37mGET[39m [37m/wd/hub/session/001e2b9b-f156-43fe-bbbb-720962d0695e/window/current/size[39m
[35m[HTTP][39m [90m{}[39m
[35m[W3C][39m Driver proxy active, passing request on via HTTP proxy
[35m[JSONWP Proxy][39m Replacing sessionId 6d3427ee-6e32-4b30-90df-0380e62c795d with 001e2b9b-f156-43fe-bbbb-720962d0695e
[35m[HTTP][39m [37m<-- GET /wd/hub/session/001e2b9b-f156-43fe-bbbb-720962d0695e/window/current/size [39m[32m200[39m [90m30 ms - 99[39m
[35m[HTTP][39m [90m[39m
[35m[HTTP][39m [37m-->[39m [37mPOST[39m [37m/wd/hub/session/001e2b9b-f156-43fe-bbbb-720962d0695e/elements[39m
[35m[HTTP][39m [90m{"using":"-android uiautomator","value":"new UiSelector().className(\"android.widget.TextView\").text(\"Skip\").resourceId(\"id.astra.stable.movic:id/tvSkip\").instance(2)"}[39m
[35m[HTTP][39m [37m<-- POST /wd/hub/session/001e2b9b-f156-43fe-bbbb-720962d0695e/elements [39m[32m200[39m [90m57 ms - 124[39m
[35m[HTTP][39m [90m[39m
[35m[HTTP][39m [37m-->[39m [37mGET[39m [37m/wd/hub/session/001e2b9b-f156-43fe-bbbb-720962d0695e[39m
[35m[HTTP][39m [90m{}[39m
[35m[HTTP][39m [37m<-- GET /wd/hub/session/001e2b9b-f156-43fe-bbbb-720962d0695e [39m[32m200[39m [90m24 ms - 1260[39m
[35m[HTTP][39m [90m[39m
[35m[HTTP][39m [37m-->[39m [37mGET[39m [37m/wd/hub/session/001e2b9b-f156-43fe-bbbb-720962d0695e[39m
[35m[HTTP][39m [90m{}[39m
[35m[HTTP][39m [37m<-- GET /wd/hub/session/001e2b9b-f156-43fe-bbbb-720962d0695e [39m[32m200[39m [90m25 ms - 1260[39m
[35m[HTTP][39m [90m[39m
[35m[HTTP][39m [37m-->[39m [37mGET[39m [37m/wd/hub/session/001e2b9b-f156-43fe-bbbb-720962d0695e[39m
[35m[HTTP][39m [90m{}[39m
[35m[HTTP][39m [37m<-- GET /wd/hub/session/001e2b9b-f156-43fe-bbbb-720962d0695e [39m[32m200[39m [90m25 ms - 1260[39m
[35m[HTTP][39m [90m[39m
[35m[HTTP][39m [37m-->[39m [37mGET[39m [37m/wd/hub/session/001e2b9b-f156-43fe-bbbb-720962d0695e[39m
[35m[HTTP][39m [90m{}[39m
[35m[HTTP][39m [37m<-- GET /wd/hub/session/001e2b9b-f156-43fe-bbbb-720962d0695e [39m[32m200[39m [90m24 ms - 1260[39m
[35m[HTTP][39m [90m[39m
[35m[HTTP][39m [37m-->[39m [37mGET[39m [37m/wd/hub/session/001e2b9b-f156-43fe-bbbb-720962d0695e/element/649867d3-4452-454f-b566-e2d942a9e827/location[39m
[35m[HTTP][39m [90m{}[39m
[35m[W3C][39m Driver proxy active, passing request on via HTTP proxy
[35m[JSONWP Proxy][39m Replacing sessionId 6d3427ee-6e32-4b30-90df-0380e62c795d with 001e2b9b-f156-43fe-bbbb-720962d0695e
[35m[HTTP][39m [37m<-- GET /wd/hub/session/001e2b9b-f156-43fe-bbbb-720962d0695e/element/649867d3-4452-454f-b566-e2d942a9e827/location [39m[32m200[39m [90m46 ms - 89[39m
[35m[HTTP][39m [90m[39m
[35m[HTTP][39m [37m-->[39m [37mPOST[39m [37m/wd/hub/session/001e2b9b-f156-43fe-bbbb-720962d0695e/touch/perform[39m
[35m[HTTP][39m [90m{"actions":[{"action":"tap","options":{"element":"649867d3-4452-454f-b566-e2d942a9e827","x":1,"y":1}}]}[39m
[35m[UiAutomator2][39m calling get location: 649867d3-4452-454f-b566-e2d942a9e827
[35m[HTTP][39m [37m<-- POST /wd/hub/session/001e2b9b-f156-43fe-bbbb-720962d0695e/touch/perform [39m[32m200[39m [90m2317 ms - 76[39m
[35m[HTTP][39m [90m[39m
[35m[HTTP][39m [37m-->[39m [37mGET[39m [37m/wd/hub/session/001e2b9b-f156-43fe-bbbb-720962d0695e/window/current/size[39m
[35m[HTTP][39m [90m{}[39m
[35m[W3C][39m Driver proxy active, passing request on via HTTP proxy
[35m[JSONWP Proxy][39m Replacing sessionId 6d3427ee-6e32-4b30-90df-0380e62c795d with 001e2b9b-f156-43fe-bbbb-720962d0695e
[35m[HTTP][39m [37m<-- GET /wd/hub/session/001e2b9b-f156-43fe-bbbb-720962d0695e/window/current/size [39m[32m200[39m [90m26 ms - 99[39m
[35m[HTTP][39m [90m[39m
[35m[HTTP][39m [37m-->[39m [37mPOST[39m [37m/wd/hub/session/001e2b9b-f156-43fe-bbbb-720962d0695e/elements[39m
[35m[HTTP][39m [90m{"using":"-android uiautomator","value":"new UiSelector().className(\"android.widget.TextView\").text(\"Log in\").resourceId(\"id.astra.stable.movic:id/mTxtLogin\").instance(0)"}[39m
[35m[HTTP][39m [37m<-- POST /wd/hub/session/001e2b9b-f156-43fe-bbbb-720962d0695e/elements [39m[32m200[39m [90m232 ms - 124[39m
[35m[HTTP][39m [90m[39m
[35m[HTTP][39m [37m-->[39m [37mGET[39m [37m/wd/hub/session/001e2b9b-f156-43fe-bbbb-720962d0695e[39m
[35m[HTTP][39m [90m{}[39m
[35m[HTTP][39m [37m<-- GET /wd/hub/session/001e2b9b-f156-43fe-bbbb-720962d0695e [39m[32m200[39m [90m16 ms - 1260[39m
[35m[HTTP][39m [90m[39m
[35m[HTTP][39m [37m-->[39m [37mGET[39m [37m/wd/hub/session/001e2b9b-f156-43fe-bbbb-720962d0695e[39m
[35m[HTTP][39m [90m{}[39m
[35m[HTTP][39m [37m<-- GET /wd/hub/session/001e2b9b-f156-43fe-bbbb-720962d0695e [39m[32m200[39m [90m14 ms - 1260[39m
[35m[HTTP][39m [90m[39m
[35m[HTTP][39m [37m-->[39m [37mGET[39m [37m/wd/hub/session/001e2b9b-f156-43fe-bbbb-720962d0695e[39m
[35m[HTTP][39m [90m{}[39m
[35m[HTTP][39m [37m<-- GET /wd/hub/session/001e2b9b-f156-43fe-bbbb-720962d0695e [39m[32m200[39m [90m15 ms - 1260[39m
[35m[HTTP][39m [90m[39m
[35m[HTTP][39m [37m-->[39m [37mGET[39m [37m/wd/hub/session/001e2b9b-f156-43fe-bbbb-720962d0695e[39m
[35m[HTTP][39m [90m{}[39m
[35m[HTTP][39m [37m<-- GET /wd/hub/session/001e2b9b-f156-43fe-bbbb-720962d0695e [39m[32m200[39m [90m20 ms - 1260[39m
[35m[HTTP][39m [90m[39m
[35m[HTTP][39m [37m-->[39m [37mGET[39m [37m/wd/hub/session/001e2b9b-f156-43fe-bbbb-720962d0695e/element/51f897af-1405-49b4-9027-249bf64de5a7/location[39m
[35m[HTTP][39m [90m{}[39m
[35m[W3C][39m Driver proxy active, passing request on via HTTP proxy
[35m[JSONWP Proxy][39m Replacing sessionId 6d3427ee-6e32-4b30-90df-0380e62c795d with 001e2b9b-f156-43fe-bbbb-720962d0695e
[35m[HTTP][39m [37m<-- GET /wd/hub/session/001e2b9b-f156-43fe-bbbb-720962d0695e/element/51f897af-1405-49b4-9027-249bf64de5a7/location [39m[32m200[39m [90m42 ms - 89[39m
[35m[HTTP][39m [90m[39m
[35m[HTTP][39m [37m-->[39m [37mPOST[39m [37m/wd/hub/session/001e2b9b-f156-43fe-bbbb-720962d0695e/touch/perform[39m
[35m[HTTP][39m [90m{"actions":[{"action":"tap","options":{"element":"51f897af-1405-49b4-9027-249bf64de5a7","x":1,"y":1}}]}[39m
[35m[UiAutomator2][39m calling get location: 51f897af-1405-49b4-9027-249bf64de5a7
[35m[HTTP][39m [37m<-- POST /wd/hub/session/001e2b9b-f156-43fe-bbbb-720962d0695e/touch/perform [39m[32m200[39m [90m1303 ms - 76[39m
[35m[HTTP][39m [90m[39m
[35m[HTTP][39m [37m-->[39m [37mGET[39m [37m/wd/hub/session/001e2b9b-f156-43fe-bbbb-720962d0695e/window/current/size[39m
[35m[HTTP][39m [90m{}[39m
[35m[W3C][39m Driver proxy active, passing request on via HTTP proxy
[35m[JSONWP Proxy][39m Replacing sessionId 6d3427ee-6e32-4b30-90df-0380e62c795d with 001e2b9b-f156-43fe-bbbb-720962d0695e
[35m[HTTP][39m [37m<-- GET /wd/hub/session/001e2b9b-f156-43fe-bbbb-720962d0695e/window/current/size [39m[32m200[39m [90m34 ms - 99[39m
[35m[HTTP][39m [90m[39m
[35m[HTTP][39m [37m-->[39m [37mPOST[39m [37m/wd/hub/session/001e2b9b-f156-43fe-bbbb-720962d0695e/elements[39m
[35m[HTTP][39m [90m{"using":"-android uiautomator","value":"new UiSelector().className(\"android.widget.EditText\").resourceId(\"id.astra.stable.movic:id/mTxtUsername\").instance(0)"}[39m
[35m[HTTP][39m [37m<-- POST /wd/hub/session/001e2b9b-f156-43fe-bbbb-720962d0695e/elements [39m[32m200[39m [90m130 ms - 124[39m
[35m[HTTP][39m [90m[39m
[35m[HTTP][39m [37m-->[39m [37mGET[39m [37m/wd/hub/session/001e2b9b-f156-43fe-bbbb-720962d0695e[39m
[35m[HTTP][39m [90m{}[39m
[35m[HTTP][39m [37m<-- GET /wd/hub/session/001e2b9b-f156-43fe-bbbb-720962d0695e [39m[32m200[39m [90m15 ms - 1260[39m
[35m[HTTP][39m [90m[39m
[35m[HTTP][39m [37m-->[39m [37mGET[39m [37m/wd/hub/session/001e2b9b-f156-43fe-bbbb-720962d0695e[39m
[35m[HTTP][39m [90m{}[39m
[35m[HTTP][39m [37m<-- GET /wd/hub/session/001e2b9b-f156-43fe-bbbb-720962d0695e [39m[32m200[39m [90m18 ms - 1260[39m
[35m[HTTP][39m [90m[39m
[35m[HTTP][39m [37m-->[39m [37mGET[39m [37m/wd/hub/session/001e2b9b-f156-43fe-bbbb-720962d0695e[39m
[35m[HTTP][39m [90m{}[39m
[35m[HTTP][39m [37m<-- GET /wd/hub/session/001e2b9b-f156-43fe-bbbb-720962d0695e [39m[32m200[39m [90m27 ms - 1260[39m
[35m[HTTP][39m [90m[39m
[35m[HTTP][39m [37m-->[39m [37mGET[39m [37m/wd/hub/session/001e2b9b-f156-43fe-bbbb-720962d0695e[39m
[35m[HTTP][39m [90m{}[39m
[35m[HTTP][39m [37m<-- GET /wd/hub/session/001e2b9b-f156-43fe-bbbb-720962d0695e [39m[32m200[39m [90m26 ms - 1260[39m
[35m[HTTP][39m [90m[39m
[35m[HTTP][39m [37m-->[39m [37mGET[39m [37m/wd/hub/session/001e2b9b-f156-43fe-bbbb-720962d0695e/element/d9e2e7bc-d106-46d8-beb7-914914409c38/location[39m
[35m[HTTP][39m [90m{}[39m
[35m[W3C][39m Driver proxy active, passing request on via HTTP proxy
[35m[JSONWP Proxy][39m Replacing sessionId 6d3427ee-6e32-4b30-90df-0380e62c795d with 001e2b9b-f156-43fe-bbbb-720962d0695e
[35m[HTTP][39m [37m<-- GET /wd/hub/session/001e2b9b-f156-43fe-bbbb-720962d0695e/element/d9e2e7bc-d106-46d8-beb7-914914409c38/location [39m[32m200[39m [90m32 ms - 88[39m
[35m[HTTP][39m [90m[39m
[35m[HTTP][39m [37m-->[39m [37mPOST[39m [37m/wd/hub/session/001e2b9b-f156-43fe-bbbb-720962d0695e/element/d9e2e7bc-d106-46d8-beb7-914914409c38/clear[39m
[35m[HTTP][39m [90m{"id":"d9e2e7bc-d106-46d8-beb7-914914409c38"}[39m
[35m[HTTP][39m [37m<-- POST /wd/hub/session/001e2b9b-f156-43fe-bbbb-720962d0695e/element/d9e2e7bc-d106-46d8-beb7-914914409c38/clear [39m[32m200[39m [90m102 ms - 89[39m
[35m[HTTP][39m [90m[39m
[35m[HTTP][39m [37m-->[39m [37mPOST[39m [37m/wd/hub/session/001e2b9b-f156-43fe-bbbb-720962d0695e/element/d9e2e7bc-d106-46d8-beb7-914914409c38/value[39m
[35m[HTTP][39m [90m{"id":"d9e2e7bc-d106-46d8-beb7-914914409c38","value":["santi.wahyuni@wgs.co.id"]}[39m
[35m[HTTP][39m [37m<-- POST /wd/hub/session/001e2b9b-f156-43fe-bbbb-720962d0695e/element/d9e2e7bc-d106-46d8-beb7-914914409c38/value [39m[32m200[39m [90m815 ms - 74[39m
[35m[HTTP][39m [90m[39m
[35m[HTTP][39m [37m-->[39m [37mGET[39m [37m/wd/hub/session/001e2b9b-f156-43fe-bbbb-720962d0695e/window/current/size[39m
[35m[HTTP][39m [90m{}[39m
[35m[W3C][39m Driver proxy active, passing request on via HTTP proxy
[35m[JSONWP Proxy][39m Replacing sessionId 6d3427ee-6e32-4b30-90df-0380e62c795d with 001e2b9b-f156-43fe-bbbb-720962d0695e
[35m[HTTP][39m [37m<-- GET /wd/hub/session/001e2b9b-f156-43fe-bbbb-720962d0695e/window/current/size [39m[32m200[39m [90m28 ms - 99[39m
[35m[HTTP][39m [90m[39m
[35m[HTTP][39m [37m-->[39m [37mPOST[39m [37m/wd/hub/session/001e2b9b-f156-43fe-bbbb-720962d0695e/elements[39m
[35m[HTTP][39m [90m{"using":"-android uiautomator","value":"new UiSelector().className(\"android.widget.Button\").text(\"Next\").resourceId(\"id.astra.stable.movic:id/mBtnNext\").instance(0)"}[39m
[35m[HTTP][39m [37m<-- POST /wd/hub/session/001e2b9b-f156-43fe-bbbb-720962d0695e/elements [39m[32m200[39m [90m486 ms - 124[39m
[35m[HTTP][39m [90m[39m
[35m[HTTP][39m [37m-->[39m [37mGET[39m [37m/wd/hub/session/001e2b9b-f156-43fe-bbbb-720962d0695e[39m
[35m[HTTP][39m [90m{}[39m
[35m[HTTP][39m [37m<-- GET /wd/hub/session/001e2b9b-f156-43fe-bbbb-720962d0695e [39m[32m200[39m [90m15 ms - 1260[39m
[35m[HTTP][39m [90m[39m
[35m[HTTP][39m [37m-->[39m [37mGET[39m [37m/wd/hub/session/001e2b9b-f156-43fe-bbbb-720962d0695e[39m
[35m[HTTP][39m [90m{}[39m
[35m[HTTP][39m [37m<-- GET /wd/hub/session/001e2b9b-f156-43fe-bbbb-720962d0695e [39m[32m200[39m [90m22 ms - 1260[39m
[35m[HTTP][39m [90m[39m
[35m[HTTP][39m [37m-->[39m [37mGET[39m [37m/wd/hub/session/001e2b9b-f156-43fe-bbbb-720962d0695e[39m
[35m[HTTP][39m [90m{}[39m
[35m[HTTP][39m [37m<-- GET /wd/hub/session/001e2b9b-f156-43fe-bbbb-720962d0695e [39m[32m200[39m [90m21 ms - 1260[39m
[35m[HTTP][39m [90m[39m
[35m[HTTP][39m [37m-->[39m [37mGET[39m [37m/wd/hub/session/001e2b9b-f156-43fe-bbbb-720962d0695e[39m
[35m[HTTP][39m [90m{}[39m
[35m[HTTP][39m [37m<-- GET /wd/hub/session/001e2b9b-f156-43fe-bbbb-720962d0695e [39m[32m200[39m [90m24 ms - 1260[39m
[35m[HTTP][39m [90m[39m
[35m[HTTP][39m [37m-->[39m [37mGET[39m [37m/wd/hub/session/001e2b9b-f156-43fe-bbbb-720962d0695e/element/0a43fdbe-d512-45ca-bd54-d1c42ea25081/location[39m
[35m[HTTP][39m [90m{}[39m
[35m[W3C][39m Driver proxy active, passing request on via HTTP proxy
[35m[JSONWP Proxy][39m Replacing sessionId 6d3427ee-6e32-4b30-90df-0380e62c795d with 001e2b9b-f156-43fe-bbbb-720962d0695e
[35m[HTTP][39m [37m<-- GET /wd/hub/session/001e2b9b-f156-43fe-bbbb-720962d0695e/element/0a43fdbe-d512-45ca-bd54-d1c42ea25081/location [39m[32m200[39m [90m33 ms - 89[39m
[35m[HTTP][39m [90m[39m
[35m[HTTP][39m [37m-->[39m [37mPOST[39m [37m/wd/hub/session/001e2b9b-f156-43fe-bbbb-720962d0695e/touch/perform[39m
[35m[HTTP][39m [90m{"actions":[{"action":"tap","options":{"element":"0a43fdbe-d512-45ca-bd54-d1c42ea25081","x":1,"y":1}}]}[39m
[35m[UiAutomator2][39m calling get location: 0a43fdbe-d512-45ca-bd54-d1c42ea25081
[35m[HTTP][39m [37m<-- POST /wd/hub/session/001e2b9b-f156-43fe-bbbb-720962d0695e/touch/perform [39m[32m200[39m [90m2052 ms - 76[39m
[35m[HTTP][39m [90m[39m
[35m[HTTP][39m [37m-->[39m [37mGET[39m [37m/wd/hub/session/001e2b9b-f156-43fe-bbbb-720962d0695e/window/current/size[39m
[35m[HTTP][39m [90m{}[39m
[35m[W3C][39m Driver proxy active, passing request on via HTTP proxy
[35m[JSONWP Proxy][39m Replacing sessionId 6d3427ee-6e32-4b30-90df-0380e62c795d with 001e2b9b-f156-43fe-bbbb-720962d0695e
[35m[HTTP][39m [37m<-- GET /wd/hub/session/001e2b9b-f156-43fe-bbbb-720962d0695e/window/current/size [39m[32m200[39m [90m21 ms - 99[39m
[35m[HTTP][39m [90m[39m
[35m[HTTP][39m [37m-->[39m [37mPOST[39m [37m/wd/hub/session/001e2b9b-f156-43fe-bbbb-720962d0695e/elements[39m
[35m[HTTP][39m [90m{"using":"-android uiautomator","value":"new UiSelector().className(\"android.widget.EditText\").resourceId(\"id.astra.stable.movic:id/mTxtPassword\").instance(0)"}[39m
[35m[HTTP][39m [37m<-- POST /wd/hub/session/001e2b9b-f156-43fe-bbbb-720962d0695e/elements [39m[32m200[39m [90m73 ms - 124[39m
[35m[HTTP][39m [90m[39m
[35m[HTTP][39m [37m-->[39m [37mGET[39m [37m/wd/hub/session/001e2b9b-f156-43fe-bbbb-720962d0695e[39m
[35m[HTTP][39m [90m{}[39m
[35m[HTTP][39m [37m<-- GET /wd/hub/session/001e2b9b-f156-43fe-bbbb-720962d0695e [39m[32m200[39m [90m17 ms - 1260[39m
[35m[HTTP][39m [90m[39m
[35m[HTTP][39m [37m-->[39m [37mGET[39m [37m/wd/hub/session/001e2b9b-f156-43fe-bbbb-720962d0695e[39m
[35m[HTTP][39m [90m{}[39m
[35m[HTTP][39m [37m<-- GET /wd/hub/session/001e2b9b-f156-43fe-bbbb-720962d0695e [39m[32m200[39m [90m22 ms - 1260[39m
[35m[HTTP][39m [90m[39m
[35m[HTTP][39m [37m-->[39m [37mGET[39m [37m/wd/hub/session/001e2b9b-f156-43fe-bbbb-720962d0695e[39m
[35m[HTTP][39m [90m{}[39m
[35m[HTTP][39m [37m<-- GET /wd/hub/session/001e2b9b-f156-43fe-bbbb-720962d0695e [39m[32m200[39m [90m19 ms - 1260[39m
[35m[HTTP][39m [90m[39m
[35m[HTTP][39m [37m-->[39m [37mGET[39m [37m/wd/hub/session/001e2b9b-f156-43fe-bbbb-720962d0695e[39m
[35m[HTTP][39m [90m{}[39m
[35m[HTTP][39m [37m<-- GET /wd/hub/session/001e2b9b-f156-43fe-bbbb-720962d0695e [39m[32m200[39m [90m17 ms - 1260[39m
[35m[HTTP][39m [90m[39m
[35m[HTTP][39m [37m-->[39m [37mGET[39m [37m/wd/hub/session/001e2b9b-f156-43fe-bbbb-720962d0695e/element/b436e355-abeb-4b8b-827c-4676727ea9f7/location[39m
[35m[HTTP][39m [90m{}[39m
[35m[W3C][39m Driver proxy active, passing request on via HTTP proxy
[35m[JSONWP Proxy][39m Replacing sessionId 6d3427ee-6e32-4b30-90df-0380e62c795d with 001e2b9b-f156-43fe-bbbb-720962d0695e
[35m[HTTP][39m [37m<-- GET /wd/hub/session/001e2b9b-f156-43fe-bbbb-720962d0695e/element/b436e355-abeb-4b8b-827c-4676727ea9f7/location [39m[32m200[39m [90m32 ms - 88[39m
[35m[HTTP][39m [90m[39m
[35m[HTTP][39m [37m-->[39m [37mPOST[39m [37m/wd/hub/session/001e2b9b-f156-43fe-bbbb-720962d0695e/element/b436e355-abeb-4b8b-827c-4676727ea9f7/clear[39m
[35m[HTTP][39m [90m{"id":"b436e355-abeb-4b8b-827c-4676727ea9f7"}[39m
[35m[HTTP][39m [37m<-- POST /wd/hub/session/001e2b9b-f156-43fe-bbbb-720962d0695e/element/b436e355-abeb-4b8b-827c-4676727ea9f7/clear [39m[32m200[39m [90m35 ms - 89[39m
[35m[HTTP][39m [90m[39m
[35m[HTTP][39m [37m-->[39m [37mPOST[39m [37m/wd/hub/session/001e2b9b-f156-43fe-bbbb-720962d0695e/element/b436e355-abeb-4b8b-827c-4676727ea9f7/value[39m
[35m[HTTP][39m [90m{"id":"b436e355-abeb-4b8b-827c-4676727ea9f7","value":["P@ssword789"]}[39m
[35m[HTTP][39m [37m<-- POST /wd/hub/session/001e2b9b-f156-43fe-bbbb-720962d0695e/element/b436e355-abeb-4b8b-827c-4676727ea9f7/value [39m[32m200[39m [90m781 ms - 74[39m
[35m[HTTP][39m [90m[39m
[35m[HTTP][39m [37m-->[39m [37mGET[39m [37m/wd/hub/session/001e2b9b-f156-43fe-bbbb-720962d0695e/context[39m
[35m[HTTP][39m [90m{}[39m
[35m[HTTP][39m [37m<-- GET /wd/hub/session/001e2b9b-f156-43fe-bbbb-720962d0695e/context [39m[32m200[39m [90m3 ms - 84[39m
[35m[HTTP][39m [90m[39m
[35m[HTTP][39m [37m-->[39m [37mGET[39m [37m/wd/hub/session/001e2b9b-f156-43fe-bbbb-720962d0695e/contexts[39m
[35m[HTTP][39m [90m{}[39m
[35m[HTTP][39m [37m<-- GET /wd/hub/session/001e2b9b-f156-43fe-bbbb-720962d0695e/contexts [39m[32m200[39m [90m146 ms - 86[39m
[35m[HTTP][39m [90m[39m
[35m[HTTP][39m [37m-->[39m [37mPOST[39m [37m/wd/hub/session/001e2b9b-f156-43fe-bbbb-720962d0695e/context[39m
[35m[HTTP][39m [90m{"name":"NATIVE_APP"}[39m
[35m[HTTP][39m [37m<-- POST /wd/hub/session/001e2b9b-f156-43fe-bbbb-720962d0695e/context [39m[32m200[39m [90m111 ms - 76[39m
[35m[HTTP][39m [90m[39m
[35m[HTTP][39m [37m-->[39m [37mPOST[39m [37m/wd/hub/session/001e2b9b-f156-43fe-bbbb-720962d0695e/appium/device/hide_keyboard[39m
[35m[HTTP][39m [90m{}[39m
[35m[HTTP][39m [37m<-- POST /wd/hub/session/001e2b9b-f156-43fe-bbbb-720962d0695e/appium/device/hide_keyboard [39m[32m200[39m [90m1545 ms - 76[39m
[35m[HTTP][39m [90m[39m
[35m[HTTP][39m [37m-->[39m [37mPOST[39m [37m/wd/hub/session/001e2b9b-f156-43fe-bbbb-720962d0695e/context[39m
[35m[HTTP][39m [90m{"name":"NATIVE_APP"}[39m
[35m[HTTP][39m [37m<-- POST /wd/hub/session/001e2b9b-f156-43fe-bbbb-720962d0695e/context [39m[32m200[39m [90m134 ms - 76[39m
[35m[HTTP][39m [90m[39m
[35m[HTTP][39m [37m-->[39m [37mGET[39m [37m/wd/hub/session/001e2b9b-f156-43fe-bbbb-720962d0695e/window/current/size[39m
[35m[HTTP][39m [90m{}[39m
[35m[W3C][39m Driver proxy active, passing request on via HTTP proxy
[35m[JSONWP Proxy][39m Replacing sessionId 6d3427ee-6e32-4b30-90df-0380e62c795d with 001e2b9b-f156-43fe-bbbb-720962d0695e
[35m[HTTP][39m [37m<-- GET /wd/hub/session/001e2b9b-f156-43fe-bbbb-720962d0695e/window/current/size [39m[32m200[39m [90m43 ms - 99[39m
[35m[HTTP][39m [90m[39m
[35m[HTTP][39m [37m-->[39m [37mPOST[39m [37m/wd/hub/session/001e2b9b-f156-43fe-bbbb-720962d0695e/elements[39m
[35m[HTTP][39m [90m{"using":"-android uiautomator","value":"new UiSelector().className(\"android.widget.Button\").text(\"Start Movic\").resourceId(\"id.astra.stable.movic:id/mBtnNext\").instance(0)"}[39m
[35m[HTTP][39m [37m<-- POST /wd/hub/session/001e2b9b-f156-43fe-bbbb-720962d0695e/elements [39m[32m200[39m [90m417 ms - 124[39m
[35m[HTTP][39m [90m[39m
[35m[HTTP][39m [37m-->[39m [37mGET[39m [37m/wd/hub/session/001e2b9b-f156-43fe-bbbb-720962d0695e[39m
[35m[HTTP][39m [90m{}[39m
[35m[HTTP][39m [37m<-- GET /wd/hub/session/001e2b9b-f156-43fe-bbbb-720962d0695e [39m[32m200[39m [90m17 ms - 1260[39m
[35m[HTTP][39m [90m[39m
[35m[HTTP][39m [37m-->[39m [37mGET[39m [37m/wd/hub/session/001e2b9b-f156-43fe-bbbb-720962d0695e[39m
[35m[HTTP][39m [90m{}[39m
[35m[HTTP][39m [37m<-- GET /wd/hub/session/001e2b9b-f156-43fe-bbbb-720962d0695e [39m[32m200[39m [90m17 ms - 1260[39m
[35m[HTTP][39m [90m[39m
[35m[HTTP][39m [37m-->[39m [37mGET[39m [37m/wd/hub/session/001e2b9b-f156-43fe-bbbb-720962d0695e[39m
[35m[HTTP][39m [90m{}[39m
[35m[HTTP][39m [37m<-- GET /wd/hub/session/001e2b9b-f156-43fe-bbbb-720962d0695e [39m[32m200[39m [90m19 ms - 1260[39m
[35m[HTTP][39m [90m[39m
[35m[HTTP][39m [37m-->[39m [37mGET[39m [37m/wd/hub/session/001e2b9b-f156-43fe-bbbb-720962d0695e[39m
[35m[HTTP][39m [90m{}[39m
[35m[HTTP][39m [37m<-- GET /wd/hub/session/001e2b9b-f156-43fe-bbbb-720962d0695e [39m[32m200[39m [90m19 ms - 1260[39m
[35m[HTTP][39m [90m[39m
[35m[HTTP][39m [37m-->[39m [37mGET[39m [37m/wd/hub/session/001e2b9b-f156-43fe-bbbb-720962d0695e/element/bc4a45e0-e97f-4b77-92d0-c534d79cf711/location[39m
[35m[HTTP][39m [90m{}[39m
[35m[W3C][39m Driver proxy active, passing request on via HTTP proxy
[35m[JSONWP Proxy][39m Replacing sessionId 6d3427ee-6e32-4b30-90df-0380e62c795d with 001e2b9b-f156-43fe-bbbb-720962d0695e
[35m[HTTP][39m [37m<-- GET /wd/hub/session/001e2b9b-f156-43fe-bbbb-720962d0695e/element/bc4a45e0-e97f-4b77-92d0-c534d79cf711/location [39m[32m200[39m [90m50 ms - 89[39m
[35m[HTTP][39m [90m[39m
[35m[HTTP][39m [37m-->[39m [37mPOST[39m [37m/wd/hub/session/001e2b9b-f156-43fe-bbbb-720962d0695e/touch/perform[39m
[35m[HTTP][39m [90m{"actions":[{"action":"tap","options":{"element":"bc4a45e0-e97f-4b77-92d0-c534d79cf711","x":1,"y":1}}]}[39m
[35m[UiAutomator2][39m calling get location: bc4a45e0-e97f-4b77-92d0-c534d79cf711
[35m[HTTP][39m [37m<-- POST /wd/hub/session/001e2b9b-f156-43fe-bbbb-720962d0695e/touch/perform [39m[32m200[39m [90m996 ms - 76[39m
[35m[HTTP][39m [90m[39m
[35m[HTTP][39m [37m-->[39m [37mGET[39m [37m/wd/hub/session/001e2b9b-f156-43fe-bbbb-720962d0695e/window/current/size[39m
[35m[HTTP][39m [90m{}[39m
[35m[W3C][39m Driver proxy active, passing request on via HTTP proxy
[35m[JSONWP Proxy][39m Replacing sessionId 6d3427ee-6e32-4b30-90df-0380e62c795d with 001e2b9b-f156-43fe-bbbb-720962d0695e
[35m[HTTP][39m [37m<-- GET /wd/hub/session/001e2b9b-f156-43fe-bbbb-720962d0695e/window/current/size [39m[32m200[39m [90m46 ms - 99[39m
[35m[HTTP][39m [90m[39m
[35m[HTTP][39m [37m-->[39m [37mPOST[39m [37m/wd/hub/session/001e2b9b-f156-43fe-bbbb-720962d0695e/elements[39m
[35m[HTTP][39m [90m{"using":"-android uiautomator","value":"new UiSelector().text(\"My Orders\")"}[39m
[35m[HTTP][39m [37m<-- POST /wd/hub/session/001e2b9b-f156-43fe-bbbb-720962d0695e/elements [39m[32m200[39m [90m168 ms - 124[39m
[35m[HTTP][39m [90m[39m
[35m[HTTP][39m [37m-->[39m [37mGET[39m [37m/wd/hub/session/001e2b9b-f156-43fe-bbbb-720962d0695e[39m
[35m[HTTP][39m [90m{}[39m
[35m[HTTP][39m [37m<-- GET /wd/hub/session/001e2b9b-f156-43fe-bbbb-720962d0695e [39m[32m200[39m [90m26 ms - 1260[39m
[35m[HTTP][39m [90m[39m
[35m[HTTP][39m [37m-->[39m [37mGET[39m [37m/wd/hub/session/001e2b9b-f156-43fe-bbbb-720962d0695e[39m
[35m[HTTP][39m [90m{}[39m
[35m[HTTP][39m [37m<-- GET /wd/hub/session/001e2b9b-f156-43fe-bbbb-720962d0695e [39m[32m200[39m [90m25 ms - 1260[39m
[35m[HTTP][39m [90m[39m
[35m[HTTP][39m [37m-->[39m [37mGET[39m [37m/wd/hub/session/001e2b9b-f156-43fe-bbbb-720962d0695e[39m
[35m[HTTP][39m [90m{}[39m
[35m[HTTP][39m [37m<-- GET /wd/hub/session/001e2b9b-f156-43fe-bbbb-720962d0695e [39m[32m200[39m [90m25 ms - 1260[39m
[35m[HTTP][39m [90m[39m
[35m[HTTP][39m [37m-->[39m [37mGET[39m [37m/wd/hub/session/001e2b9b-f156-43fe-bbbb-720962d0695e[39m
[35m[HTTP][39m [90m{}[39m
[35m[HTTP][39m [37m<-- GET /wd/hub/session/001e2b9b-f156-43fe-bbbb-720962d0695e [39m[32m200[39m [90m16 ms - 1260[39m
[35m[HTTP][39m [90m[39m
[35m[HTTP][39m [37m-->[39m [37mGET[39m [37m/wd/hub/session/001e2b9b-f156-43fe-bbbb-720962d0695e/element/d35a27af-4635-49aa-a363-7af49ab5b5cc/location[39m
[35m[HTTP][39m [90m{}[39m
[35m[W3C][39m Driver proxy active, passing request on via HTTP proxy
[35m[JSONWP Proxy][39m Replacing sessionId 6d3427ee-6e32-4b30-90df-0380e62c795d with 001e2b9b-f156-43fe-bbbb-720962d0695e
[35m[HTTP][39m [37m<-- GET /wd/hub/session/001e2b9b-f156-43fe-bbbb-720962d0695e/element/d35a27af-4635-49aa-a363-7af49ab5b5cc/location [39m[32m200[39m [90m55 ms - 89[39m
[35m[HTTP][39m [90m[39m
[35m[HTTP][39m [37m-->[39m [37mPOST[39m [37m/wd/hub/session/001e2b9b-f156-43fe-bbbb-720962d0695e/touch/perform[39m
[35m[HTTP][39m [90m{"actions":[{"action":"tap","options":{"element":"d35a27af-4635-49aa-a363-7af49ab5b5cc","x":1,"y":1}}]}[39m
[35m[UiAutomator2][39m calling get location: d35a27af-4635-49aa-a363-7af49ab5b5cc
[35m[HTTP][39m [37m<-- POST /wd/hub/session/001e2b9b-f156-43fe-bbbb-720962d0695e/touch/perform [39m[32m200[39m [90m1066 ms - 76[39m
[35m[HTTP][39m [90m[39m
[35m[HTTP][39m [37m-->[39m [37mGET[39m [37m/wd/hub/session/001e2b9b-f156-43fe-bbbb-720962d0695e/window/current/size[39m
[35m[HTTP][39m [90m{}[39m
[35m[W3C][39m Driver proxy active, passing request on via HTTP proxy
[35m[JSONWP Proxy][39m Replacing sessionId 6d3427ee-6e32-4b30-90df-0380e62c795d with 001e2b9b-f156-43fe-bbbb-720962d0695e
[35m[HTTP][39m [37m<-- GET /wd/hub/session/001e2b9b-f156-43fe-bbbb-720962d0695e/window/current/size [39m[32m200[39m [90m39 ms - 99[39m
[35m[HTTP][39m [90m[39m
[35m[HTTP][39m [37m-->[39m [37mPOST[39m [37m/wd/hub/session/001e2b9b-f156-43fe-bbbb-720962d0695e/elements[39m
[35m[HTTP][39m [90m{"using":"-android uiautomator","value":"new UiSelector().className(\"android.widget.EditText\").text(\"Search my booking\").resourceId(\"id.astra.stable.movic:id/mTxtSearch\").instance(0)"}[39m
[35m[HTTP][39m [37m<-- POST /wd/hub/session/001e2b9b-f156-43fe-bbbb-720962d0695e/elements [39m[32m200[39m [90m154 ms - 124[39m
[35m[HTTP][39m [90m[39m
[35m[HTTP][39m [37m-->[39m [37mGET[39m [37m/wd/hub/session/001e2b9b-f156-43fe-bbbb-720962d0695e[39m
[35m[HTTP][39m [90m{}[39m
[35m[HTTP][39m [37m<-- GET /wd/hub/session/001e2b9b-f156-43fe-bbbb-720962d0695e [39m[32m200[39m [90m18 ms - 1260[39m
[35m[HTTP][39m [90m[39m
[35m[HTTP][39m [37m-->[39m [37mGET[39m [37m/wd/hub/session/001e2b9b-f156-43fe-bbbb-720962d0695e[39m
[35m[HTTP][39m [90m{}[39m
[35m[HTTP][39m [37m<-- GET /wd/hub/session/001e2b9b-f156-43fe-bbbb-720962d0695e [39m[32m200[39m [90m18 ms - 1260[39m
[35m[HTTP][39m [90m[39m
[35m[HTTP][39m [37m-->[39m [37mGET[39m [37m/wd/hub/session/001e2b9b-f156-43fe-bbbb-720962d0695e[39m
[35m[HTTP][39m [90m{}[39m
[35m[HTTP][39m [37m<-- GET /wd/hub/session/001e2b9b-f156-43fe-bbbb-720962d0695e [39m[32m200[39m [90m22 ms - 1260[39m
[35m[HTTP][39m [90m[39m
[35m[HTTP][39m [37m-->[39m [37mGET[39m [37m/wd/hub/session/001e2b9b-f156-43fe-bbbb-720962d0695e[39m
[35m[HTTP][39m [90m{}[39m
[35m[HTTP][39m [37m<-- GET /wd/hub/session/001e2b9b-f156-43fe-bbbb-720962d0695e [39m[32m200[39m [90m24 ms - 1260[39m
[35m[HTTP][39m [90m[39m
[35m[HTTP][39m [37m-->[39m [37mGET[39m [37m/wd/hub/session/001e2b9b-f156-43fe-bbbb-720962d0695e/element/098806c1-0912-40d7-921c-cc99e7d1f2cb/location[39m
[35m[HTTP][39m [90m{}[39m
[35m[W3C][39m Driver proxy active, passing request on via HTTP proxy
[35m[JSONWP Proxy][39m Replacing sessionId 6d3427ee-6e32-4b30-90df-0380e62c795d with 001e2b9b-f156-43fe-bbbb-720962d0695e
[35m[HTTP][39m [37m<-- GET /wd/hub/session/001e2b9b-f156-43fe-bbbb-720962d0695e/element/098806c1-0912-40d7-921c-cc99e7d1f2cb/location [39m[32m200[39m [90m76 ms - 88[39m
[35m[HTTP][39m [90m[39m
[35m[HTTP][39m [37m-->[39m [37mPOST[39m [37m/wd/hub/session/001e2b9b-f156-43fe-bbbb-720962d0695e/element/098806c1-0912-40d7-921c-cc99e7d1f2cb/clear[39m
[35m[HTTP][39m [90m{"id":"098806c1-0912-40d7-921c-cc99e7d1f2cb"}[39m
[35m[HTTP][39m [37m<-- POST /wd/hub/session/001e2b9b-f156-43fe-bbbb-720962d0695e/element/098806c1-0912-40d7-921c-cc99e7d1f2cb/clear [39m[32m200[39m [90m117 ms - 89[39m
[35m[HTTP][39m [90m[39m
[35m[HTTP][39m [37m-->[39m [37mPOST[39m [37m/wd/hub/session/001e2b9b-f156-43fe-bbbb-720962d0695e/element/098806c1-0912-40d7-921c-cc99e7d1f2cb/value[39m
[35m[HTTP][39m [90m{"id":"098806c1-0912-40d7-921c-cc99e7d1f2cb","value":["Ilham Dani Saputra"]}[39m
[35m[HTTP][39m [37m<-- POST /wd/hub/session/001e2b9b-f156-43fe-bbbb-720962d0695e/element/098806c1-0912-40d7-921c-cc99e7d1f2cb/value [39m[32m200[39m [90m1264 ms - 74[39m
[35m[HTTP][39m [90m[39m
[35m[HTTP][39m [37m-->[39m [37mGET[39m [37m/wd/hub/session/001e2b9b-f156-43fe-bbbb-720962d0695e/window/current/size[39m
[35m[HTTP][39m [90m{}[39m
[35m[W3C][39m Driver proxy active, passing request on via HTTP proxy
[35m[JSONWP Proxy][39m Replacing sessionId 6d3427ee-6e32-4b30-90df-0380e62c795d with 001e2b9b-f156-43fe-bbbb-720962d0695e
[35m[HTTP][39m [37m<-- GET /wd/hub/session/001e2b9b-f156-43fe-bbbb-720962d0695e/window/current/size [39m[32m200[39m [90m19 ms - 99[39m
[35m[HTTP][39m [90m[39m
[35m[HTTP][39m [37m-->[39m [37mPOST[39m [37m/wd/hub/session/001e2b9b-f156-43fe-bbbb-720962d0695e/elements[39m
[35m[HTTP][39m [90m{"using":"-android uiautomator","value":"new UiSelector().className(\"android.widget.ImageView\").resourceId(\"id.astra.stable.movic:id/ivSearch\").instance(6)"}[39m
[35m[HTTP][39m [37m<-- POST /wd/hub/session/001e2b9b-f156-43fe-bbbb-720962d0695e/elements [39m[32m200[39m [90m892 ms - 124[39m
[35m[HTTP][39m [90m[39m
[35m[HTTP][39m [37m-->[39m [37mGET[39m [37m/wd/hub/session/001e2b9b-f156-43fe-bbbb-720962d0695e[39m
[35m[HTTP][39m [90m{}[39m
[35m[HTTP][39m [37m<-- GET /wd/hub/session/001e2b9b-f156-43fe-bbbb-720962d0695e [39m[32m200[39m [90m24 ms - 1260[39m
[35m[HTTP][39m [90m[39m
[35m[HTTP][39m [37m-->[39m [37mGET[39m [37m/wd/hub/session/001e2b9b-f156-43fe-bbbb-720962d0695e[39m
[35m[HTTP][39m [90m{}[39m
[35m[HTTP][39m [37m<-- GET /wd/hub/session/001e2b9b-f156-43fe-bbbb-720962d0695e [39m[32m200[39m [90m18 ms - 1260[39m
[35m[HTTP][39m [90m[39m
[35m[HTTP][39m [37m-->[39m [37mGET[39m [37m/wd/hub/session/001e2b9b-f156-43fe-bbbb-720962d0695e[39m
[35m[HTTP][39m [90m{}[39m
[35m[HTTP][39m [37m<-- GET /wd/hub/session/001e2b9b-f156-43fe-bbbb-720962d0695e [39m[32m200[39m [90m21 ms - 1260[39m
[35m[HTTP][39m [90m[39m
[35m[HTTP][39m [37m-->[39m [37mGET[39m [37m/wd/hub/session/001e2b9b-f156-43fe-bbbb-720962d0695e[39m
[35m[HTTP][39m [90m{}[39m
[35m[HTTP][39m [37m<-- GET /wd/hub/session/001e2b9b-f156-43fe-bbbb-720962d0695e [39m[32m200[39m [90m21 ms - 1260[39m
[35m[HTTP][39m [90m[39m
[35m[HTTP][39m [37m-->[39m [37mGET[39m [37m/wd/hub/session/001e2b9b-f156-43fe-bbbb-720962d0695e/element/6814f291-66cb-4a72-b4eb-5fdc28bd221c/location[39m
[35m[HTTP][39m [90m{}[39m
[35m[W3C][39m Driver proxy active, passing request on via HTTP proxy
[35m[JSONWP Proxy][39m Replacing sessionId 6d3427ee-6e32-4b30-90df-0380e62c795d with 001e2b9b-f156-43fe-bbbb-720962d0695e
[35m[HTTP][39m [37m<-- GET /wd/hub/session/001e2b9b-f156-43fe-bbbb-720962d0695e/element/6814f291-66cb-4a72-b4eb-5fdc28bd221c/location [39m[32m200[39m [90m66 ms - 89[39m
[35m[HTTP][39m [90m[39m
[35m[HTTP][39m [37m-->[39m [37mPOST[39m [37m/wd/hub/session/001e2b9b-f156-43fe-bbbb-720962d0695e/touch/perform[39m
[35m[HTTP][39m [90m{"actions":[{"action":"tap","options":{"element":"6814f291-66cb-4a72-b4eb-5fdc28bd221c","x":1,"y":1}}]}[39m
[35m[UiAutomator2][39m calling get location: 6814f291-66cb-4a72-b4eb-5fdc28bd221c
[35m[HTTP][39m [37m<-- POST /wd/hub/session/001e2b9b-f156-43fe-bbbb-720962d0695e/touch/perform [39m[32m200[39m [90m1205 ms - 76[39m
[35m[HTTP][39m [90m[39m
[35m[HTTP][39m [37m-->[39m [37mGET[39m [37m/wd/hub/session/001e2b9b-f156-43fe-bbbb-720962d0695e/window/current/size[39m
[35m[HTTP][39m [90m{}[39m
[35m[W3C][39m Driver proxy active, passing request on via HTTP proxy
[35m[JSONWP Proxy][39m Replacing sessionId 6d3427ee-6e32-4b30-90df-0380e62c795d with 001e2b9b-f156-43fe-bbbb-720962d0695e
[35m[HTTP][39m [37m<-- GET /wd/hub/session/001e2b9b-f156-43fe-bbbb-720962d0695e/window/current/size [39m[32m200[39m [90m28 ms - 99[39m
[35m[HTTP][39m [90m[39m
[35m[HTTP][39m [37m-->[39m [37mPOST[39m [37m/wd/hub/session/001e2b9b-f156-43fe-bbbb-720962d0695e/elements[39m
[35m[HTTP][39m [90m{"using":"-android uiautomator","value":"new UiSelector().className(\"android.widget.RelativeLayout\").instance(9)"}[39m
[35m[HTTP][39m [37m<-- POST /wd/hub/session/001e2b9b-f156-43fe-bbbb-720962d0695e/elements [39m[32m200[39m [90m91 ms - 74[39m
[35m[HTTP][39m [90m[39m
[35m[HTTP][39m [37m-->[39m [37mPOST[39m [37m/wd/hub/session/001e2b9b-f156-43fe-bbbb-720962d0695e/elements[39m
[35m[HTTP][39m [90m{"using":"-android uiautomator","value":"new UiSelector().className(\"android.widget.RelativeLayout\").instance(9)"}[39m
[35m[HTTP][39m [37m<-- POST /wd/hub/session/001e2b9b-f156-43fe-bbbb-720962d0695e/elements [39m[32m200[39m [90m66 ms - 74[39m
[35m[HTTP][39m [90m[39m
[35m[HTTP][39m [37m-->[39m [37mPOST[39m [37m/wd/hub/session/001e2b9b-f156-43fe-bbbb-720962d0695e/elements[39m
[35m[HTTP][39m [90m{"using":"-android uiautomator","value":"new UiSelector().className(\"android.widget.RelativeLayout\").instance(9)"}[39m
[35m[HTTP][39m [37m<-- POST /wd/hub/session/001e2b9b-f156-43fe-bbbb-720962d0695e/elements [39m[32m200[39m [90m62 ms - 74[39m
[35m[HTTP][39m [90m[39m
[35m[HTTP][39m [37m-->[39m [37mPOST[39m [37m/wd/hub/session/001e2b9b-f156-43fe-bbbb-720962d0695e/elements[39m
[35m[HTTP][39m [90m{"using":"-android uiautomator","value":"new UiSelector().className(\"android.widget.RelativeLayout\").instance(9)"}[39m
[35m[HTTP][39m [37m<-- POST /wd/hub/session/001e2b9b-f156-43fe-bbbb-720962d0695e/elements [39m[32m200[39m [90m45 ms - 74[39m
[35m[HTTP][39m [90m[39m
[35m[HTTP][39m [37m-->[39m [37mPOST[39m [37m/wd/hub/session/001e2b9b-f156-43fe-bbbb-720962d0695e/elements[39m
[35m[HTTP][39m [90m{"using":"-android uiautomator","value":"new UiSelector().className(\"android.widget.RelativeLayout\").instance(9)"}[39m
[35m[HTTP][39m [37m<-- POST /wd/hub/session/001e2b9b-f156-43fe-bbbb-720962d0695e/elements [39m[32m200[39m [90m51 ms - 74[39m
[35m[HTTP][39m [90m[39m
[35m[HTTP][39m [37m-->[39m [37mPOST[39m [37m/wd/hub/session/001e2b9b-f156-43fe-bbbb-720962d0695e/elements[39m
[35m[HTTP][39m [90m{"using":"-android uiautomator","value":"new UiSelector().className(\"android.widget.RelativeLayout\").instance(9)"}[39m
[35m[HTTP][39m [37m<-- POST /wd/hub/session/001e2b9b-f156-43fe-bbbb-720962d0695e/elements [39m[32m200[39m [90m49 ms - 74[39m
[35m[HTTP][39m [90m[39m
[35m[HTTP][39m [37m-->[39m [37mPOST[39m [37m/wd/hub/session/001e2b9b-f156-43fe-bbbb-720962d0695e/elements[39m
[35m[HTTP][39m [90m{"using":"-android uiautomator","value":"new UiSelector().className(\"android.widget.RelativeLayout\").instance(9)"}[39m
[35m[HTTP][39m [37m<-- POST /wd/hub/session/001e2b9b-f156-43fe-bbbb-720962d0695e/elements [39m[32m200[39m [90m66 ms - 74[39m
[35m[HTTP][39m [90m[39m
[35m[HTTP][39m [37m-->[39m [37mPOST[39m [37m/wd/hub/session/001e2b9b-f156-43fe-bbbb-720962d0695e/elements[39m
[35m[HTTP][39m [90m{"using":"-android uiautomator","value":"new UiSelector().className(\"android.widget.RelativeLayout\").instance(9)"}[39m
[35m[HTTP][39m [37m<-- POST /wd/hub/session/001e2b9b-f156-43fe-bbbb-720962d0695e/elements [39m[32m200[39m [90m48 ms - 74[39m
[35m[HTTP][39m [90m[39m
[35m[HTTP][39m [37m-->[39m [37mPOST[39m [37m/wd/hub/session/001e2b9b-f156-43fe-bbbb-720962d0695e/elements[39m
[35m[HTTP][39m [90m{"using":"-android uiautomator","value":"new UiSelector().className(\"android.widget.RelativeLayout\").instance(9)"}[39m
[35m[HTTP][39m [37m<-- POST /wd/hub/session/001e2b9b-f156-43fe-bbbb-720962d0695e/elements [39m[32m200[39m [90m49 ms - 74[39m
[35m[HTTP][39m [90m[39m
[35m[HTTP][39m [37m-->[39m [37mPOST[39m [37m/wd/hub/session/001e2b9b-f156-43fe-bbbb-720962d0695e/elements[39m
[35m[HTTP][39m [90m{"using":"-android uiautomator","value":"new UiSelector().className(\"android.widget.RelativeLayout\").instance(9)"}[39m
[35m[HTTP][39m [37m<-- POST /wd/hub/session/001e2b9b-f156-43fe-bbbb-720962d0695e/elements [39m[32m200[39m [90m59 ms - 74[39m
[35m[HTTP][39m [90m[39m
[35m[HTTP][39m [37m-->[39m [37mPOST[39m [37m/wd/hub/session/001e2b9b-f156-43fe-bbbb-720962d0695e/elements[39m
[35m[HTTP][39m [90m{"using":"-android uiautomator","value":"new UiSelector().className(\"android.widget.RelativeLayout\").instance(9)"}[39m
[35m[HTTP][39m [37m<-- POST /wd/hub/session/001e2b9b-f156-43fe-bbbb-720962d0695e/elements [39m[32m200[39m [90m41 ms - 74[39m
[35m[HTTP][39m [90m[39m
[35m[HTTP][39m [37m-->[39m [37mPOST[39m [37m/wd/hub/session/001e2b9b-f156-43fe-bbbb-720962d0695e/elements[39m
[35m[HTTP][39m [90m{"using":"-android uiautomator","value":"new UiSelector().className(\"android.widget.RelativeLayout\").instance(9)"}[39m
[35m[HTTP][39m [37m<-- POST /wd/hub/session/001e2b9b-f156-43fe-bbbb-720962d0695e/elements [39m[32m200[39m [90m46 ms - 74[39m
[35m[HTTP][39m [90m[39m
[35m[HTTP][39m [37m-->[39m [37mPOST[39m [37m/wd/hub/session/001e2b9b-f156-43fe-bbbb-720962d0695e/elements[39m
[35m[HTTP][39m [90m{"using":"-android uiautomator","value":"new UiSelector().className(\"android.widget.RelativeLayout\").instance(9)"}[39m
[35m[HTTP][39m [37m<-- POST /wd/hub/session/001e2b9b-f156-43fe-bbbb-720962d0695e/elements [39m[32m200[39m [90m55 ms - 74[39m
[35m[HTTP][39m [90m[39m
[35m[HTTP][39m [37m-->[39m [37mPOST[39m [37m/wd/hub/session/001e2b9b-f156-43fe-bbbb-720962d0695e/elements[39m
[35m[HTTP][39m [90m{"using":"-android uiautomator","value":"new UiSelector().className(\"android.widget.RelativeLayout\").instance(9)"}[39m
[35m[HTTP][39m [37m<-- POST /wd/hub/session/001e2b9b-f156-43fe-bbbb-720962d0695e/elements [39m[32m200[39m [90m50 ms - 74[39m
[35m[HTTP][39m [90m[39m
[35m[HTTP][39m [37m-->[39m [37mPOST[39m [37m/wd/hub/session/001e2b9b-f156-43fe-bbbb-720962d0695e/elements[39m
[35m[HTTP][39m [90m{"using":"-android uiautomator","value":"new UiSelector().className(\"android.widget.RelativeLayout\").instance(9)"}[39m
[35m[HTTP][39m [37m<-- POST /wd/hub/session/001e2b9b-f156-43fe-bbbb-720962d0695e/elements [39m[32m200[39m [90m46 ms - 74[39m
[35m[HTTP][39m [90m[39m
[35m[HTTP][39m [37m-->[39m [37mPOST[39m [37m/wd/hub/session/001e2b9b-f156-43fe-bbbb-720962d0695e/elements[39m
[35m[HTTP][39m [90m{"using":"-android uiautomator","value":"new UiSelector().className(\"android.widget.RelativeLayout\").instance(9)"}[39m
[35m[HTTP][39m [37m<-- POST /wd/hub/session/001e2b9b-f156-43fe-bbbb-720962d0695e/elements [39m[32m200[39m [90m56 ms - 74[39m
[35m[HTTP][39m [90m[39m
[35m[HTTP][39m [37m-->[39m [37mPOST[39m [37m/wd/hub/session/001e2b9b-f156-43fe-bbbb-720962d0695e/elements[39m
[35m[HTTP][39m [90m{"using":"-android uiautomator","value":"new UiSelector().className(\"android.widget.RelativeLayout\").instance(9)"}[39m
[35m[HTTP][39m [37m<-- POST /wd/hub/session/001e2b9b-f156-43fe-bbbb-720962d0695e/elements [39m[32m200[39m [90m47 ms - 74[39m
[35m[HTTP][39m [90m[39m
[35m[HTTP][39m [37m-->[39m [37mPOST[39m [37m/wd/hub/session/001e2b9b-f156-43fe-bbbb-720962d0695e/elements[39m
[35m[HTTP][39m [90m{"using":"-android uiautomator","value":"new UiSelector().className(\"android.widget.RelativeLayout\").instance(9)"}[39m
[35m[HTTP][39m [37m<-- POST /wd/hub/session/001e2b9b-f156-43fe-bbbb-720962d0695e/elements [39m[32m200[39m [90m37 ms - 74[39m
[35m[HTTP][39m [90m[39m
[35m[HTTP][39m [37m-->[39m [37mPOST[39m [37m/wd/hub/session/001e2b9b-f156-43fe-bbbb-720962d0695e/elements[39m
[35m[HTTP][39m [90m{"using":"-android uiautomator","value":"new UiSelector().className(\"android.widget.RelativeLayout\").instance(9)"}[39m
[35m[HTTP][39m [37m<-- POST /wd/hub/session/001e2b9b-f156-43fe-bbbb-720962d0695e/elements [39m[32m200[39m [90m74 ms - 74[39m
[35m[HTTP][39m [90m[39m
[35m[HTTP][39m [37m-->[39m [37mPOST[39m [37m/wd/hub/session/001e2b9b-f156-43fe-bbbb-720962d0695e/elements[39m
[35m[HTTP][39m [90m{"using":"-android uiautomator","value":"new UiSelector().className(\"android.widget.RelativeLayout\").instance(9)"}[39m
[35m[HTTP][39m [37m<-- POST /wd/hub/session/001e2b9b-f156-43fe-bbbb-720962d0695e/elements [39m[32m200[39m [90m77 ms - 74[39m
[35m[HTTP][39m [90m[39m
[35m[HTTP][39m [37m-->[39m [37mPOST[39m [37m/wd/hub/session/001e2b9b-f156-43fe-bbbb-720962d0695e/elements[39m
[35m[HTTP][39m [90m{"using":"-android uiautomator","value":"new UiSelector().className(\"android.widget.RelativeLayout\").instance(9)"}[39m
[35m[HTTP][39m [37m<-- POST /wd/hub/session/001e2b9b-f156-43fe-bbbb-720962d0695e/elements [39m[32m200[39m [90m72 ms - 74[39m
[35m[HTTP][39m [90m[39m
[35m[HTTP][39m [37m-->[39m [37mPOST[39m [37m/wd/hub/session/001e2b9b-f156-43fe-bbbb-720962d0695e/elements[39m
[35m[HTTP][39m [90m{"using":"-android uiautomator","value":"new UiSelector().className(\"android.widget.RelativeLayout\").instance(9)"}[39m
[35m[HTTP][39m [37m<-- POST /wd/hub/session/001e2b9b-f156-43fe-bbbb-720962d0695e/elements [39m[32m200[39m [90m64 ms - 74[39m
[35m[HTTP][39m [90m[39m
[35m[HTTP][39m [37m-->[39m [37mPOST[39m [37m/wd/hub/session/001e2b9b-f156-43fe-bbbb-720962d0695e/elements[39m
[35m[HTTP][39m [90m{"using":"-android uiautomator","value":"new UiSelector().className(\"android.widget.RelativeLayout\").instance(9)"}[39m
[35m[HTTP][39m [37m<-- POST /wd/hub/session/001e2b9b-f156-43fe-bbbb-720962d0695e/elements [39m[32m200[39m [90m46 ms - 74[39m
[35m[HTTP][39m [90m[39m
[35m[HTTP][39m [37m-->[39m [37mPOST[39m [37m/wd/hub/session/001e2b9b-f156-43fe-bbbb-720962d0695e/elements[39m
[35m[HTTP][39m [90m{"using":"-android uiautomator","value":"new UiSelector().className(\"android.widget.RelativeLayout\").instance(9)"}[39m
[35m[HTTP][39m [37m<-- POST /wd/hub/session/001e2b9b-f156-43fe-bbbb-720962d0695e/elements [39m[32m200[39m [90m57 ms - 74[39m
[35m[HTTP][39m [90m[39m
[35m[HTTP][39m [37m-->[39m [37mPOST[39m [37m/wd/hub/session/001e2b9b-f156-43fe-bbbb-720962d0695e/elements[39m
[35m[HTTP][39m [90m{"using":"-android uiautomator","value":"new UiSelector().className(\"android.widget.RelativeLayout\").instance(9)"}[39m
[35m[HTTP][39m [37m<-- POST /wd/hub/session/001e2b9b-f156-43fe-bbbb-720962d0695e/elements [39m[32m200[39m [90m47 ms - 74[39m
[35m[HTTP][39m [90m[39m
[35m[HTTP][39m [37m-->[39m [37mPOST[39m [37m/wd/hub/session/001e2b9b-f156-43fe-bbbb-720962d0695e/elements[39m
[35m[HTTP][39m [90m{"using":"-android uiautomator","value":"new UiSelector().className(\"android.widget.RelativeLayout\").instance(9)"}[39m
[35m[HTTP][39m [37m<-- POST /wd/hub/session/001e2b9b-f156-43fe-bbbb-720962d0695e/elements [39m[32m200[39m [90m68 ms - 74[39m
[35m[HTTP][39m [90m[39m
[35m[HTTP][39m [37m-->[39m [37mPOST[39m [37m/wd/hub/session/001e2b9b-f156-43fe-bbbb-720962d0695e/elements[39m
[35m[HTTP][39m [90m{"using":"-android uiautomator","value":"new UiSelector().className(\"android.widget.RelativeLayout\").instance(9)"}[39m
[35m[HTTP][39m [37m<-- POST /wd/hub/session/001e2b9b-f156-43fe-bbbb-720962d0695e/elements [39m[32m200[39m [90m79 ms - 74[39m
[35m[HTTP][39m [90m[39m
[35m[HTTP][39m [37m-->[39m [37mPOST[39m [37m/wd/hub/session/001e2b9b-f156-43fe-bbbb-720962d0695e/elements[39m
[35m[HTTP][39m [90m{"using":"-android uiautomator","value":"new UiSelector().className(\"android.widget.RelativeLayout\").instance(9)"}[39m
[35m[HTTP][39m [37m<-- POST /wd/hub/session/001e2b9b-f156-43fe-bbbb-720962d0695e/elements [39m[32m200[39m [90m71 ms - 74[39m
[35m[HTTP][39m [90m[39m
[35m[HTTP][39m [37m-->[39m [37mPOST[39m [37m/wd/hub/session/001e2b9b-f156-43fe-bbbb-720962d0695e/elements[39m
[35m[HTTP][39m [90m{"using":"-android uiautomator","value":"new UiSelector().className(\"android.widget.RelativeLayout\").instance(9)"}[39m
[35m[HTTP][39m [37m<-- POST /wd/hub/session/001e2b9b-f156-43fe-bbbb-720962d0695e/elements [39m[32m200[39m [90m46 ms - 74[39m
[35m[HTTP][39m [90m[39m
[35m[HTTP][39m [37m-->[39m [37mPOST[39m [37m/wd/hub/session/001e2b9b-f156-43fe-bbbb-720962d0695e/elements[39m
[35m[HTTP][39m [90m{"using":"-android uiautomator","value":"new UiSelector().className(\"android.widget.RelativeLayout\").instance(9)"}[39m
[35m[HTTP][39m [37m<-- POST /wd/hub/session/001e2b9b-f156-43fe-bbbb-720962d0695e/elements [39m[32m200[39m [90m54 ms - 74[39m
[35m[HTTP][39m [90m[39m
[35m[HTTP][39m [37m-->[39m [37mPOST[39m [37m/wd/hub/session/001e2b9b-f156-43fe-bbbb-720962d0695e/elements[39m
[35m[HTTP][39m [90m{"using":"-android uiautomator","value":"new UiSelector().className(\"android.widget.RelativeLayout\").instance(9)"}[39m
[35m[HTTP][39m [37m<-- POST /wd/hub/session/001e2b9b-f156-43fe-bbbb-720962d0695e/elements [39m[32m200[39m [90m55 ms - 74[39m
[35m[HTTP][39m [90m[39m
[35m[HTTP][39m [37m-->[39m [37mPOST[39m [37m/wd/hub/session/001e2b9b-f156-43fe-bbbb-720962d0695e/elements[39m
[35m[HTTP][39m [90m{"using":"-android uiautomator","value":"new UiSelector().className(\"android.widget.RelativeLayout\").instance(9)"}[39m
[35m[HTTP][39m [37m<-- POST /wd/hub/session/001e2b9b-f156-43fe-bbbb-720962d0695e/elements [39m[32m200[39m [90m45 ms - 74[39m
[35m[HTTP][39m [90m[39m
[35m[HTTP][39m [37m-->[39m [37mPOST[39m [37m/wd/hub/session/001e2b9b-f156-43fe-bbbb-720962d0695e/elements[39m
[35m[HTTP][39m [90m{"using":"-android uiautomator","value":"new UiSelector().className(\"android.widget.RelativeLayout\").instance(9)"}[39m
[35m[HTTP][39m [37m<-- POST /wd/hub/session/001e2b9b-f156-43fe-bbbb-720962d0695e/elements [39m[32m200[39m [90m48 ms - 74[39m
[35m[HTTP][39m [90m[39m
[35m[HTTP][39m [37m-->[39m [37mPOST[39m [37m/wd/hub/session/001e2b9b-f156-43fe-bbbb-720962d0695e/elements[39m
[35m[HTTP][39m [90m{"using":"-android uiautomator","value":"new UiSelector().className(\"android.widget.RelativeLayout\").instance(9)"}[39m
[35m[HTTP][39m [37m<-- POST /wd/hub/session/001e2b9b-f156-43fe-bbbb-720962d0695e/elements [39m[32m200[39m [90m65 ms - 74[39m
[35m[HTTP][39m [90m[39m
[35m[HTTP][39m [37m-->[39m [37mPOST[39m [37m/wd/hub/session/001e2b9b-f156-43fe-bbbb-720962d0695e/elements[39m
[35m[HTTP][39m [90m{"using":"-android uiautomator","value":"new UiSelector().className(\"android.widget.RelativeLayout\").instance(9)"}[39m
[35m[HTTP][39m [37m<-- POST /wd/hub/session/001e2b9b-f156-43fe-bbbb-720962d0695e/elements [39m[32m200[39m [90m46 ms - 74[39m
[35m[HTTP][39m [90m[39m
[35m[HTTP][39m [37m-->[39m [37mPOST[39m [37m/wd/hub/session/001e2b9b-f156-43fe-bbbb-720962d0695e/elements[39m
[35m[HTTP][39m [90m{"using":"-android uiautomator","value":"new UiSelector().className(\"android.widget.RelativeLayout\").instance(9)"}[39m
[35m[HTTP][39m [37m<-- POST /wd/hub/session/001e2b9b-f156-43fe-bbbb-720962d0695e/elements [39m[32m200[39m [90m51 ms - 74[39m
[35m[HTTP][39m [90m[39m
[35m[HTTP][39m [37m-->[39m [37mPOST[39m [37m/wd/hub/session/001e2b9b-f156-43fe-bbbb-720962d0695e/elements[39m
[35m[HTTP][39m [90m{"using":"-android uiautomator","value":"new UiSelector().className(\"android.widget.RelativeLayout\").instance(9)"}[39m
[35m[HTTP][39m [37m<-- POST /wd/hub/session/001e2b9b-f156-43fe-bbbb-720962d0695e/elements [39m[32m200[39m [90m52 ms - 74[39m
[35m[HTTP][39m [90m[39m
[35m[HTTP][39m [37m-->[39m [37mPOST[39m [37m/wd/hub/session/001e2b9b-f156-43fe-bbbb-720962d0695e/elements[39m
[35m[HTTP][39m [90m{"using":"-android uiautomator","value":"new UiSelector().className(\"android.widget.RelativeLayout\").instance(9)"}[39m
[35m[HTTP][39m [37m<-- POST /wd/hub/session/001e2b9b-f156-43fe-bbbb-720962d0695e/elements [39m[32m200[39m [90m45 ms - 74[39m
[35m[HTTP][39m [90m[39m
[35m[HTTP][39m [37m-->[39m [37mPOST[39m [37m/wd/hub/session/001e2b9b-f156-43fe-bbbb-720962d0695e/elements[39m
[35m[HTTP][39m [90m{"using":"-android uiautomator","value":"new UiSelector().className(\"android.widget.RelativeLayout\").instance(9)"}[39m
[35m[HTTP][39m [37m<-- POST /wd/hub/session/001e2b9b-f156-43fe-bbbb-720962d0695e/elements [39m[32m200[39m [90m49 ms - 74[39m
[35m[HTTP][39m [90m[39m
[35m[HTTP][39m [37m-->[39m [37mPOST[39m [37m/wd/hub/session/001e2b9b-f156-43fe-bbbb-720962d0695e/elements[39m
[35m[HTTP][39m [90m{"using":"-android uiautomator","value":"new UiSelector().className(\"android.widget.RelativeLayout\").instance(9)"}[39m
[35m[HTTP][39m [37m<-- POST /wd/hub/session/001e2b9b-f156-43fe-bbbb-720962d0695e/elements [39m[32m200[39m [90m50 ms - 74[39m
[35m[HTTP][39m [90m[39m
[35m[HTTP][39m [37m-->[39m [37mPOST[39m [37m/wd/hub/session/001e2b9b-f156-43fe-bbbb-720962d0695e/elements[39m
[35m[HTTP][39m [90m{"using":"-android uiautomator","value":"new UiSelector().className(\"android.widget.RelativeLayout\").instance(9)"}[39m
[35m[HTTP][39m [37m<-- POST /wd/hub/session/001e2b9b-f156-43fe-bbbb-720962d0695e/elements [39m[32m-[39m [90m- ms - -[39m
[35m[HTTP][39m [90m[39m
[35m[BaseDriver][39m Shutting down because we waited 1800 seconds for a command
[35m[Appium][39m Closing session, cause was 'New Command Timeout of 1800 seconds expired. Try customizing the timeout using the 'newCommandTimeout' desired capability'
[35m[Appium][39m Removing session 001e2b9b-f156-43fe-bbbb-720962d0695e from our master session list
[35m[UiAutomator2][39m Did not get confirmation UiAutomator2 deleteSession worked; Error was: ProxyRequestError: Could not proxy command to remote server. Original error: Error: read ECONNRESET
