<?xml version="1.0" encoding="UTF-8" standalone="no"?>
<!DOCTYPE log SYSTEM "logger.dtd">
<log>
<record>
  <date>2019-02-21T11:29:14</date>
  <millis>1550723354904</millis>
  <sequence>0</sequence>
  <level>START</level>
  <class>com.kms.katalon.core.logging.XmlKeywordLogger</class>
  <method>startSuite</method>
  <thread>1</thread>
  <message>Start Test Suite : Test Suites/Mobile/Search and Set available Owned Cars by Owner</message>
  <nestedLevel>0</nestedLevel>
  <property name="name">Search and Set available Owned Cars by Owner</property>
  <property name="description"></property>
  <property name="id">Test Suites/Mobile/Search and Set available Owned Cars by Owner</property>
</record>
<record>
  <date>2019-02-21T11:29:14</date>
  <millis>1550723354941</millis>
  <sequence>1</sequence>
  <level>RUN_DATA</level>
  <class>com.kms.katalon.core.logging.XmlKeywordLogger</class>
  <method>logMessage</method>
  <thread>1</thread>
  <message>hostName = WGS-LAP151 - INVWGSLAP151</message>
  <nestedLevel>0</nestedLevel>
  <property name="hostName">WGS-LAP151 - INVWGSLAP151</property>
</record>
<record>
  <date>2019-02-21T11:29:14</date>
  <millis>1550723354944</millis>
  <sequence>2</sequence>
  <level>RUN_DATA</level>
  <class>com.kms.katalon.core.logging.XmlKeywordLogger</class>
  <method>logMessage</method>
  <thread>1</thread>
  <message>os = Windows 10 64bit</message>
  <nestedLevel>0</nestedLevel>
  <property name="os">Windows 10 64bit</property>
</record>
<record>
  <date>2019-02-21T11:29:14</date>
  <millis>1550723354947</millis>
  <sequence>3</sequence>
  <level>RUN_DATA</level>
  <class>com.kms.katalon.core.logging.XmlKeywordLogger</class>
  <method>logMessage</method>
  <thread>1</thread>
  <message>hostAddress = 10.10.11.125</message>
  <nestedLevel>0</nestedLevel>
  <property name="hostAddress">10.10.11.125</property>
</record>
<record>
  <date>2019-02-21T11:29:14</date>
  <millis>1550723354965</millis>
  <sequence>4</sequence>
  <level>RUN_DATA</level>
  <class>com.kms.katalon.core.logging.XmlKeywordLogger</class>
  <method>logMessage</method>
  <thread>1</thread>
  <message>katalonVersion = 5.9.1.2</message>
  <nestedLevel>0</nestedLevel>
  <property name="katalonVersion">5.9.1.2</property>
</record>
<record>
  <date>2019-02-21T11:29:15</date>
  <millis>1550723355708</millis>
  <sequence>5</sequence>
  <level>START</level>
  <class>com.kms.katalon.core.logging.XmlKeywordLogger</class>
  <method>startTest</method>
  <thread>1</thread>
  <message>Start Test Case : Test Cases/Mobile/Android/User/SC99 Regression/TC04 Login with email</message>
  <nestedLevel>1</nestedLevel>
  <property name="name">Test Cases/Mobile/Android/User/SC99 Regression/TC04 Login with email</property>
  <property name="description"></property>
  <property name="id">Test Cases/Mobile/Android/User/SC99 Regression/TC04 Login with email</property>
  <property name="source">C:\\Users\\WGS-LAP151\\git\\astra-movic\\Test Cases\\Mobile\\Android\\User\\SC99 Regression\\TC04 Login with email.tc</property>
  <property name="isOptional">false</property>
</record>
<record>
  <date>2019-02-21T11:29:17</date>
  <millis>1550723357406</millis>
  <sequence>7</sequence>
  <level>START</level>
  <class>com.kms.katalon.core.logging.XmlKeywordLogger</class>
  <method>startKeyword</method>
  <thread>1</thread>
  <message>Start action : startApplication(\&amp;quot;C:\\Users\\WGS-LAP151\\Downloads\\Movic_1.2.0_2019-02-04-stable-debug.apk\&amp;quot;, false)</message>
  <nestedLevel>1</nestedLevel>
  <property name="startLine">17</property>
  <property name="stepIndex">1</property>
  <property name="description">Open apps on phone</property>
</record>
<record>
  <date>2019-02-21T11:29:17</date>
  <millis>1550723357989</millis>
  <sequence>9</sequence>
  <level>INFO</level>
  <class>com.kms.katalon.core.logging.XmlKeywordLogger</class>
  <method>logMessage</method>
  <thread>1</thread>
  <message>User set preference: [&amp;apos;deviceId&amp;apos;, &amp;apos;&amp;apos;]</message>
  <nestedLevel>1</nestedLevel>
</record>
<record>
  <date>2019-02-21T11:30:21</date>
  <millis>1550723421583</millis>
  <sequence>10</sequence>
  <level>INFO</level>
  <class>com.kms.katalon.core.logging.XmlKeywordLogger</class>
  <method>logMessage</method>
  <thread>1</thread>
  <message>Appium server started on port 19,264</message>
  <nestedLevel>1</nestedLevel>
</record>
<record>
  <date>2019-02-21T11:31:42</date>
  <millis>1550723502508</millis>
  <sequence>12</sequence>
  <level>RUN_DATA</level>
  <class>com.kms.katalon.core.logging.XmlKeywordLogger</class>
  <method>logMessage</method>
  <thread>1</thread>
  <message>appiumVersion = 1.8.0</message>
  <nestedLevel>1</nestedLevel>
  <property name="appiumVersion">1.8.0</property>
</record>
<record>
  <date>2019-02-21T11:31:42</date>
  <millis>1550723502591</millis>
  <sequence>13</sequence>
  <level>RUN_DATA</level>
  <class>com.kms.katalon.core.logging.XmlKeywordLogger</class>
  <method>logMessage</method>
  <thread>1</thread>
  <message>deviceId = 5e31d87d7d73</message>
  <nestedLevel>1</nestedLevel>
  <property name="deviceId">5e31d87d7d73</property>
</record>
<record>
  <date>2019-02-21T11:31:42</date>
  <millis>1550723502592</millis>
  <sequence>14</sequence>
  <level>RUN_DATA</level>
  <class>com.kms.katalon.core.logging.XmlKeywordLogger</class>
  <method>logMessage</method>
  <thread>1</thread>
  <message>deviceName = Xiaomi Redmi 4A (Android 7.1.2)</message>
  <nestedLevel>1</nestedLevel>
  <property name="deviceName">Xiaomi Redmi 4A (Android 7.1.2)</property>
</record>
<record>
  <date>2019-02-21T11:31:42</date>
  <millis>1550723502593</millis>
  <sequence>15</sequence>
  <level>RUN_DATA</level>
  <class>com.kms.katalon.core.logging.XmlKeywordLogger</class>
  <method>logMessage</method>
  <thread>1</thread>
  <message>deviceModel = Redmi 4A</message>
  <nestedLevel>1</nestedLevel>
  <property name="deviceModel">Redmi 4A</property>
</record>
<record>
  <date>2019-02-21T11:31:42</date>
  <millis>1550723502594</millis>
  <sequence>16</sequence>
  <level>RUN_DATA</level>
  <class>com.kms.katalon.core.logging.XmlKeywordLogger</class>
  <method>logMessage</method>
  <thread>1</thread>
  <message>deviceManufacturer = Xiaomi</message>
  <nestedLevel>1</nestedLevel>
  <property name="deviceManufacturer">Xiaomi</property>
</record>
<record>
  <date>2019-02-21T11:31:42</date>
  <millis>1550723502595</millis>
  <sequence>17</sequence>
  <level>RUN_DATA</level>
  <class>com.kms.katalon.core.logging.XmlKeywordLogger</class>
  <method>logMessage</method>
  <thread>1</thread>
  <message>deviceOS = Android</message>
  <nestedLevel>1</nestedLevel>
  <property name="deviceOS">Android</property>
</record>
<record>
  <date>2019-02-21T11:31:42</date>
  <millis>1550723502596</millis>
  <sequence>18</sequence>
  <level>RUN_DATA</level>
  <class>com.kms.katalon.core.logging.XmlKeywordLogger</class>
  <method>logMessage</method>
  <thread>1</thread>
  <message>deviceOSVersion = 7.1.2</message>
  <nestedLevel>1</nestedLevel>
  <property name="deviceOSVersion">7.1.2</property>
</record>
<record>
  <date>2019-02-21T11:31:42</date>
  <millis>1550723502624</millis>
  <sequence>19</sequence>
  <level>PASSED</level>
  <class>com.kms.katalon.core.logging.XmlKeywordLogger</class>
  <method>logMessage</method>
  <thread>1</thread>
  <message>Started app at: &amp;apos;C:\\Users\\WGS-LAP151\\Downloads\\Movic_1.2.0_2019-02-04-stable-debug.apk&amp;apos;</message>
  <nestedLevel>1</nestedLevel>
</record>
<record>
  <date>2019-02-21T11:31:42</date>
  <millis>1550723502626</millis>
  <sequence>20</sequence>
  <level>END</level>
  <class>com.kms.katalon.core.logging.XmlKeywordLogger</class>
  <method>endKeyword</method>
  <thread>1</thread>
  <message>End action : startApplication(\&amp;quot;C:\\Users\\WGS-LAP151\\Downloads\\Movic_1.2.0_2019-02-04-stable-debug.apk\&amp;quot;, false)</message>
  <nestedLevel>1</nestedLevel>
</record>
<record>
  <date>2019-02-21T11:31:42</date>
  <millis>1550723502627</millis>
  <sequence>21</sequence>
  <level>START</level>
  <class>com.kms.katalon.core.logging.XmlKeywordLogger</class>
  <method>startKeyword</method>
  <thread>1</thread>
  <message>Start action : tap(findTestObject(\&amp;quot;Mobile/OR Homepage/OBJ-Login/android.widget.TextView2 - English\&amp;quot;), 0)</message>
  <nestedLevel>1</nestedLevel>
  <property name="startLine">19</property>
  <property name="stepIndex">2</property>
</record>
<record>
  <date>2019-02-21T11:31:42</date>
  <millis>1550723502793</millis>
  <sequence>25</sequence>
  <level>WARNING</level>
  <class>com.kms.katalon.core.logging.XmlKeywordLogger</class>
  <method>logMessage</method>
  <thread>1</thread>
  <message>Timeout &amp;apos;0&amp;apos; is invalid. Using default page load timeout: &amp;apos;100&amp;apos;</message>
  <nestedLevel>1</nestedLevel>
</record>
<record>
  <date>2019-02-21T11:31:46</date>
  <millis>1550723506516</millis>
  <sequence>26</sequence>
  <level>PASSED</level>
  <class>com.kms.katalon.core.logging.XmlKeywordLogger</class>
  <method>logMessage</method>
  <thread>1</thread>
  <message>Tapped on element &amp;apos;Object Repository/Mobile/OR Homepage/OBJ-Login/android.widget.TextView2 - English&amp;apos;</message>
  <nestedLevel>1</nestedLevel>
</record>
<record>
  <date>2019-02-21T11:31:46</date>
  <millis>1550723506519</millis>
  <sequence>27</sequence>
  <level>END</level>
  <class>com.kms.katalon.core.logging.XmlKeywordLogger</class>
  <method>endKeyword</method>
  <thread>1</thread>
  <message>End action : tap(findTestObject(\&amp;quot;Mobile/OR Homepage/OBJ-Login/android.widget.TextView2 - English\&amp;quot;), 0)</message>
  <nestedLevel>1</nestedLevel>
</record>
<record>
  <date>2019-02-21T11:31:46</date>
  <millis>1550723506520</millis>
  <sequence>28</sequence>
  <level>START</level>
  <class>com.kms.katalon.core.logging.XmlKeywordLogger</class>
  <method>startKeyword</method>
  <thread>1</thread>
  <message>Start action : tap(findTestObject(\&amp;quot;Mobile/OR Homepage/OBJ-Login/android.widget.ImageView4\&amp;quot;), 0)</message>
  <nestedLevel>1</nestedLevel>
  <property name="startLine">22</property>
  <property name="stepIndex">3</property>
  <property name="description">Tap button next</property>
</record>
<record>
  <date>2019-02-21T11:31:46</date>
  <millis>1550723506577</millis>
  <sequence>32</sequence>
  <level>WARNING</level>
  <class>com.kms.katalon.core.logging.XmlKeywordLogger</class>
  <method>logMessage</method>
  <thread>1</thread>
  <message>Timeout &amp;apos;0&amp;apos; is invalid. Using default page load timeout: &amp;apos;100&amp;apos;</message>
  <nestedLevel>1</nestedLevel>
</record>
<record>
  <date>2019-02-21T11:31:49</date>
  <millis>1550723509063</millis>
  <sequence>33</sequence>
  <level>PASSED</level>
  <class>com.kms.katalon.core.logging.XmlKeywordLogger</class>
  <method>logMessage</method>
  <thread>1</thread>
  <message>Tapped on element &amp;apos;Object Repository/Mobile/OR Homepage/OBJ-Login/android.widget.ImageView4&amp;apos;</message>
  <nestedLevel>1</nestedLevel>
</record>
<record>
  <date>2019-02-21T11:31:49</date>
  <millis>1550723509066</millis>
  <sequence>34</sequence>
  <level>END</level>
  <class>com.kms.katalon.core.logging.XmlKeywordLogger</class>
  <method>endKeyword</method>
  <thread>1</thread>
  <message>End action : tap(findTestObject(\&amp;quot;Mobile/OR Homepage/OBJ-Login/android.widget.ImageView4\&amp;quot;), 0)</message>
  <nestedLevel>1</nestedLevel>
</record>
<record>
  <date>2019-02-21T11:31:49</date>
  <millis>1550723509067</millis>
  <sequence>35</sequence>
  <level>START</level>
  <class>com.kms.katalon.core.logging.XmlKeywordLogger</class>
  <method>startKeyword</method>
  <thread>1</thread>
  <message>Start action : for (def index : (1..2))</message>
  <nestedLevel>1</nestedLevel>
  <property name="startLine">25</property>
  <property name="stepIndex">4</property>
  <property name="description">Tap button arrow next untuk baca tutorial</property>
</record>
<record>
  <date>2019-02-21T11:31:49</date>
  <millis>1550723509156</millis>
  <sequence>36</sequence>
  <level>START</level>
  <class>com.kms.katalon.core.logging.XmlKeywordLogger</class>
  <method>startKeyword</method>
  <thread>1</thread>
  <message>Start action : tap(findTestObject(\&amp;quot;Mobile/OR Registrasi/android.widget.ImageView1\&amp;quot;), 0)</message>
  <nestedLevel>2</nestedLevel>
  <property name="startLine">26</property>
  <property name="stepIndex">1</property>
</record>
<record>
  <date>2019-02-21T11:31:49</date>
  <millis>1550723509251</millis>
  <sequence>40</sequence>
  <level>WARNING</level>
  <class>com.kms.katalon.core.logging.XmlKeywordLogger</class>
  <method>logMessage</method>
  <thread>1</thread>
  <message>Timeout &amp;apos;0&amp;apos; is invalid. Using default page load timeout: &amp;apos;100&amp;apos;</message>
  <nestedLevel>1</nestedLevel>
</record>
<record>
  <date>2019-02-21T11:31:50</date>
  <millis>1550723510411</millis>
  <sequence>41</sequence>
  <level>PASSED</level>
  <class>com.kms.katalon.core.logging.XmlKeywordLogger</class>
  <method>logMessage</method>
  <thread>1</thread>
  <message>Tapped on element &amp;apos;Object Repository/Mobile/OR Registrasi/android.widget.ImageView1&amp;apos;</message>
  <nestedLevel>1</nestedLevel>
</record>
<record>
  <date>2019-02-21T11:31:50</date>
  <millis>1550723510412</millis>
  <sequence>42</sequence>
  <level>END</level>
  <class>com.kms.katalon.core.logging.XmlKeywordLogger</class>
  <method>endKeyword</method>
  <thread>1</thread>
  <message>End action : tap(findTestObject(\&amp;quot;Mobile/OR Registrasi/android.widget.ImageView1\&amp;quot;), 0)</message>
  <nestedLevel>2</nestedLevel>
</record>
<record>
  <date>2019-02-21T11:31:50</date>
  <millis>1550723510413</millis>
  <sequence>43</sequence>
  <level>START</level>
  <class>com.kms.katalon.core.logging.XmlKeywordLogger</class>
  <method>startKeyword</method>
  <thread>1</thread>
  <message>Start action : tap(findTestObject(\&amp;quot;Mobile/OR Registrasi/android.widget.ImageView1\&amp;quot;), 0)</message>
  <nestedLevel>2</nestedLevel>
  <property name="startLine">26</property>
  <property name="stepIndex">1</property>
</record>
<record>
  <date>2019-02-21T11:31:50</date>
  <millis>1550723510424</millis>
  <sequence>47</sequence>
  <level>WARNING</level>
  <class>com.kms.katalon.core.logging.XmlKeywordLogger</class>
  <method>logMessage</method>
  <thread>1</thread>
  <message>Timeout &amp;apos;0&amp;apos; is invalid. Using default page load timeout: &amp;apos;100&amp;apos;</message>
  <nestedLevel>1</nestedLevel>
</record>
<record>
  <date>2019-02-21T11:31:53</date>
  <millis>1550723513878</millis>
  <sequence>48</sequence>
  <level>PASSED</level>
  <class>com.kms.katalon.core.logging.XmlKeywordLogger</class>
  <method>logMessage</method>
  <thread>1</thread>
  <message>Tapped on element &amp;apos;Object Repository/Mobile/OR Registrasi/android.widget.ImageView1&amp;apos;</message>
  <nestedLevel>1</nestedLevel>
</record>
<record>
  <date>2019-02-21T11:31:53</date>
  <millis>1550723513881</millis>
  <sequence>49</sequence>
  <level>END</level>
  <class>com.kms.katalon.core.logging.XmlKeywordLogger</class>
  <method>endKeyword</method>
  <thread>1</thread>
  <message>End action : tap(findTestObject(\&amp;quot;Mobile/OR Registrasi/android.widget.ImageView1\&amp;quot;), 0)</message>
  <nestedLevel>2</nestedLevel>
</record>
<record>
  <date>2019-02-21T11:31:53</date>
  <millis>1550723513882</millis>
  <sequence>50</sequence>
  <level>END</level>
  <class>com.kms.katalon.core.logging.XmlKeywordLogger</class>
  <method>endKeyword</method>
  <thread>1</thread>
  <message>End action : for (def index : (1..2))</message>
  <nestedLevel>1</nestedLevel>
</record>
<record>
  <date>2019-02-21T11:31:53</date>
  <millis>1550723513884</millis>
  <sequence>51</sequence>
  <level>START</level>
  <class>com.kms.katalon.core.logging.XmlKeywordLogger</class>
  <method>startKeyword</method>
  <thread>1</thread>
  <message>Start action : tap(findTestObject(\&amp;quot;Mobile/OR Homepage/OBJ-Login/android.widget.TextView2 - Skip\&amp;quot;), 0)</message>
  <nestedLevel>1</nestedLevel>
  <property name="startLine">30</property>
  <property name="stepIndex">5</property>
  <property name="description">Tap button skip</property>
</record>
<record>
  <date>2019-02-21T11:31:53</date>
  <millis>1550723513916</millis>
  <sequence>55</sequence>
  <level>WARNING</level>
  <class>com.kms.katalon.core.logging.XmlKeywordLogger</class>
  <method>logMessage</method>
  <thread>1</thread>
  <message>Timeout &amp;apos;0&amp;apos; is invalid. Using default page load timeout: &amp;apos;100&amp;apos;</message>
  <nestedLevel>1</nestedLevel>
</record>
<record>
  <date>2019-02-21T11:31:56</date>
  <millis>1550723516814</millis>
  <sequence>56</sequence>
  <level>PASSED</level>
  <class>com.kms.katalon.core.logging.XmlKeywordLogger</class>
  <method>logMessage</method>
  <thread>1</thread>
  <message>Tapped on element &amp;apos;Object Repository/Mobile/OR Homepage/OBJ-Login/android.widget.TextView2 - Skip&amp;apos;</message>
  <nestedLevel>1</nestedLevel>
</record>
<record>
  <date>2019-02-21T11:31:56</date>
  <millis>1550723516816</millis>
  <sequence>57</sequence>
  <level>END</level>
  <class>com.kms.katalon.core.logging.XmlKeywordLogger</class>
  <method>endKeyword</method>
  <thread>1</thread>
  <message>End action : tap(findTestObject(\&amp;quot;Mobile/OR Homepage/OBJ-Login/android.widget.TextView2 - Skip\&amp;quot;), 0)</message>
  <nestedLevel>1</nestedLevel>
</record>
<record>
  <date>2019-02-21T11:31:56</date>
  <millis>1550723516816</millis>
  <sequence>58</sequence>
  <level>START</level>
  <class>com.kms.katalon.core.logging.XmlKeywordLogger</class>
  <method>startKeyword</method>
  <thread>1</thread>
  <message>Start action : tap(findTestObject(\&amp;quot;Mobile/OR Homepage/OBJ-Login/android.widget.TextView0 - Log in\&amp;quot;), 0)</message>
  <nestedLevel>1</nestedLevel>
  <property name="startLine">33</property>
  <property name="stepIndex">6</property>
  <property name="description">Tap button login</property>
</record>
<record>
  <date>2019-02-21T11:31:56</date>
  <millis>1550723516842</millis>
  <sequence>62</sequence>
  <level>WARNING</level>
  <class>com.kms.katalon.core.logging.XmlKeywordLogger</class>
  <method>logMessage</method>
  <thread>1</thread>
  <message>Timeout &amp;apos;0&amp;apos; is invalid. Using default page load timeout: &amp;apos;100&amp;apos;</message>
  <nestedLevel>1</nestedLevel>
</record>
<record>
  <date>2019-02-21T11:32:00</date>
  <millis>1550723520445</millis>
  <sequence>63</sequence>
  <level>PASSED</level>
  <class>com.kms.katalon.core.logging.XmlKeywordLogger</class>
  <method>logMessage</method>
  <thread>1</thread>
  <message>Tapped on element &amp;apos;Object Repository/Mobile/OR Homepage/OBJ-Login/android.widget.TextView0 - Log in&amp;apos;</message>
  <nestedLevel>1</nestedLevel>
</record>
<record>
  <date>2019-02-21T11:32:00</date>
  <millis>1550723520448</millis>
  <sequence>64</sequence>
  <level>END</level>
  <class>com.kms.katalon.core.logging.XmlKeywordLogger</class>
  <method>endKeyword</method>
  <thread>1</thread>
  <message>End action : tap(findTestObject(\&amp;quot;Mobile/OR Homepage/OBJ-Login/android.widget.TextView0 - Log in\&amp;quot;), 0)</message>
  <nestedLevel>1</nestedLevel>
</record>
<record>
  <date>2019-02-21T11:32:00</date>
  <millis>1550723520448</millis>
  <sequence>65</sequence>
  <level>START</level>
  <class>com.kms.katalon.core.logging.XmlKeywordLogger</class>
  <method>startKeyword</method>
  <thread>1</thread>
  <message>Start action : setText(findTestObject(\&amp;quot;Mobile/OR Login/android.widget.EditText0\&amp;quot;), \&amp;quot;nansulaiman5@gmail.com\&amp;quot;, 0)</message>
  <nestedLevel>1</nestedLevel>
  <property name="startLine">36</property>
  <property name="stepIndex">7</property>
  <property name="description">Input email user</property>
</record>
<record>
  <date>2019-02-21T11:32:00</date>
  <millis>1550723520569</millis>
  <sequence>69</sequence>
  <level>WARNING</level>
  <class>com.kms.katalon.core.logging.XmlKeywordLogger</class>
  <method>logMessage</method>
  <thread>1</thread>
  <message>Timeout &amp;apos;0&amp;apos; is invalid. Using default page load timeout: &amp;apos;100&amp;apos;</message>
  <nestedLevel>1</nestedLevel>
</record>
<record>
  <date>2019-02-21T11:32:01</date>
  <millis>1550723521643</millis>
  <sequence>70</sequence>
  <level>PASSED</level>
  <class>com.kms.katalon.core.logging.XmlKeywordLogger</class>
  <method>logMessage</method>
  <thread>1</thread>
  <message>Text &amp;apos;nansulaiman5@gmail.com&amp;apos; has been set to element &amp;apos;Object Repository/Mobile/OR Login/android.widget.EditText0&amp;apos;</message>
  <nestedLevel>1</nestedLevel>
</record>
<record>
  <date>2019-02-21T11:32:01</date>
  <millis>1550723521645</millis>
  <sequence>71</sequence>
  <level>END</level>
  <class>com.kms.katalon.core.logging.XmlKeywordLogger</class>
  <method>endKeyword</method>
  <thread>1</thread>
  <message>End action : setText(findTestObject(\&amp;quot;Mobile/OR Login/android.widget.EditText0\&amp;quot;), \&amp;quot;nansulaiman5@gmail.com\&amp;quot;, 0)</message>
  <nestedLevel>1</nestedLevel>
</record>
<record>
  <date>2019-02-21T11:32:01</date>
  <millis>1550723521646</millis>
  <sequence>72</sequence>
  <level>START</level>
  <class>com.kms.katalon.core.logging.XmlKeywordLogger</class>
  <method>startKeyword</method>
  <thread>1</thread>
  <message>Start action : tap(findTestObject(\&amp;quot;Mobile/OR Login 2/android.widget.Button0 - Lanjutkan 03\&amp;quot;), 0)</message>
  <nestedLevel>1</nestedLevel>
  <property name="startLine">39</property>
  <property name="stepIndex">8</property>
  <property name="description">Tap tombol lanjutkan seharusnya next Eng</property>
</record>
<record>
  <date>2019-02-21T11:32:01</date>
  <millis>1550723521693</millis>
  <sequence>76</sequence>
  <level>WARNING</level>
  <class>com.kms.katalon.core.logging.XmlKeywordLogger</class>
  <method>logMessage</method>
  <thread>1</thread>
  <message>Timeout &amp;apos;0&amp;apos; is invalid. Using default page load timeout: &amp;apos;100&amp;apos;</message>
  <nestedLevel>1</nestedLevel>
</record>
<record>
  <date>2019-02-21T11:32:04</date>
  <millis>1550723524512</millis>
  <sequence>77</sequence>
  <level>PASSED</level>
  <class>com.kms.katalon.core.logging.XmlKeywordLogger</class>
  <method>logMessage</method>
  <thread>1</thread>
  <message>Tapped on element &amp;apos;Object Repository/Mobile/OR Login 2/android.widget.Button0 - Lanjutkan 03&amp;apos;</message>
  <nestedLevel>1</nestedLevel>
</record>
<record>
  <date>2019-02-21T11:32:04</date>
  <millis>1550723524514</millis>
  <sequence>78</sequence>
  <level>END</level>
  <class>com.kms.katalon.core.logging.XmlKeywordLogger</class>
  <method>endKeyword</method>
  <thread>1</thread>
  <message>End action : tap(findTestObject(\&amp;quot;Mobile/OR Login 2/android.widget.Button0 - Lanjutkan 03\&amp;quot;), 0)</message>
  <nestedLevel>1</nestedLevel>
</record>
<record>
  <date>2019-02-21T11:32:04</date>
  <millis>1550723524514</millis>
  <sequence>79</sequence>
  <level>START</level>
  <class>com.kms.katalon.core.logging.XmlKeywordLogger</class>
  <method>startKeyword</method>
  <thread>1</thread>
  <message>Start action : delay(findTestData(\&amp;quot;Delay Step\&amp;quot;).getValue(1, 2), STOP_ON_FAILURE)</message>
  <nestedLevel>1</nestedLevel>
  <property name="startLine">41</property>
  <property name="stepIndex">9</property>
</record>
<record>
  <date>2019-02-21T11:32:09</date>
  <millis>1550723529724</millis>
  <sequence>84</sequence>
  <level>PASSED</level>
  <class>com.kms.katalon.core.logging.XmlKeywordLogger</class>
  <method>logMessage</method>
  <thread>1</thread>
  <message>Delayed 5 second(s)</message>
  <nestedLevel>1</nestedLevel>
</record>
<record>
  <date>2019-02-21T11:32:09</date>
  <millis>1550723529725</millis>
  <sequence>85</sequence>
  <level>END</level>
  <class>com.kms.katalon.core.logging.XmlKeywordLogger</class>
  <method>endKeyword</method>
  <thread>1</thread>
  <message>End action : delay(findTestData(\&amp;quot;Delay Step\&amp;quot;).getValue(1, 2), STOP_ON_FAILURE)</message>
  <nestedLevel>1</nestedLevel>
</record>
<record>
  <date>2019-02-21T11:32:09</date>
  <millis>1550723529725</millis>
  <sequence>86</sequence>
  <level>START</level>
  <class>com.kms.katalon.core.logging.XmlKeywordLogger</class>
  <method>startKeyword</method>
  <thread>1</thread>
  <message>Start action : setText(findTestObject(\&amp;quot;Mobile/OR Login 2/android.widget.EditText0 - field password\&amp;quot;), \&amp;quot;password8\&amp;quot;, 0)</message>
  <nestedLevel>1</nestedLevel>
  <property name="startLine">44</property>
  <property name="stepIndex">10</property>
  <property name="description">Input password user</property>
</record>
<record>
  <date>2019-02-21T11:32:09</date>
  <millis>1550723529968</millis>
  <sequence>90</sequence>
  <level>WARNING</level>
  <class>com.kms.katalon.core.logging.XmlKeywordLogger</class>
  <method>logMessage</method>
  <thread>1</thread>
  <message>Timeout &amp;apos;0&amp;apos; is invalid. Using default page load timeout: &amp;apos;100&amp;apos;</message>
  <nestedLevel>1</nestedLevel>
</record>
<record>
  <date>2019-02-21T11:32:10</date>
  <millis>1550723530966</millis>
  <sequence>91</sequence>
  <level>PASSED</level>
  <class>com.kms.katalon.core.logging.XmlKeywordLogger</class>
  <method>logMessage</method>
  <thread>1</thread>
  <message>Text &amp;apos;password8&amp;apos; has been set to element &amp;apos;Object Repository/Mobile/OR Login 2/android.widget.EditText0 - field password&amp;apos;</message>
  <nestedLevel>1</nestedLevel>
</record>
<record>
  <date>2019-02-21T11:32:10</date>
  <millis>1550723530968</millis>
  <sequence>92</sequence>
  <level>END</level>
  <class>com.kms.katalon.core.logging.XmlKeywordLogger</class>
  <method>endKeyword</method>
  <thread>1</thread>
  <message>End action : setText(findTestObject(\&amp;quot;Mobile/OR Login 2/android.widget.EditText0 - field password\&amp;quot;), \&amp;quot;password8\&amp;quot;, 0)</message>
  <nestedLevel>1</nestedLevel>
</record>
<record>
  <date>2019-02-21T11:32:10</date>
  <millis>1550723530968</millis>
  <sequence>93</sequence>
  <level>START</level>
  <class>com.kms.katalon.core.logging.XmlKeywordLogger</class>
  <method>startKeyword</method>
  <thread>1</thread>
  <message>Start action : delay(findTestData(\&amp;quot;Delay Step\&amp;quot;).getValue(1, 2), STOP_ON_FAILURE)</message>
  <nestedLevel>1</nestedLevel>
  <property name="startLine">46</property>
  <property name="stepIndex">11</property>
</record>
<record>
  <date>2019-02-21T11:32:15</date>
  <millis>1550723535975</millis>
  <sequence>98</sequence>
  <level>PASSED</level>
  <class>com.kms.katalon.core.logging.XmlKeywordLogger</class>
  <method>logMessage</method>
  <thread>1</thread>
  <message>Delayed 5 second(s)</message>
  <nestedLevel>1</nestedLevel>
</record>
<record>
  <date>2019-02-21T11:32:15</date>
  <millis>1550723535976</millis>
  <sequence>99</sequence>
  <level>END</level>
  <class>com.kms.katalon.core.logging.XmlKeywordLogger</class>
  <method>endKeyword</method>
  <thread>1</thread>
  <message>End action : delay(findTestData(\&amp;quot;Delay Step\&amp;quot;).getValue(1, 2), STOP_ON_FAILURE)</message>
  <nestedLevel>1</nestedLevel>
</record>
<record>
  <date>2019-02-21T11:32:15</date>
  <millis>1550723535977</millis>
  <sequence>100</sequence>
  <level>START</level>
  <class>com.kms.katalon.core.logging.XmlKeywordLogger</class>
  <method>startKeyword</method>
  <thread>1</thread>
  <message>Start action : hideKeyboard()</message>
  <nestedLevel>1</nestedLevel>
  <property name="startLine">49</property>
  <property name="stepIndex">12</property>
  <property name="description">Hide keyboard on phone</property>
</record>
<record>
  <date>2019-02-21T11:32:18</date>
  <millis>1550723538948</millis>
  <sequence>101</sequence>
  <level>PASSED</level>
  <class>com.kms.katalon.core.logging.XmlKeywordLogger</class>
  <method>logMessage</method>
  <thread>1</thread>
  <message>Keyboard is hidden</message>
  <nestedLevel>1</nestedLevel>
</record>
<record>
  <date>2019-02-21T11:32:19</date>
  <millis>1550723539095</millis>
  <sequence>102</sequence>
  <level>END</level>
  <class>com.kms.katalon.core.logging.XmlKeywordLogger</class>
  <method>endKeyword</method>
  <thread>1</thread>
  <message>End action : hideKeyboard()</message>
  <nestedLevel>1</nestedLevel>
</record>
<record>
  <date>2019-02-21T11:32:19</date>
  <millis>1550723539096</millis>
  <sequence>103</sequence>
  <level>START</level>
  <class>com.kms.katalon.core.logging.XmlKeywordLogger</class>
  <method>startKeyword</method>
  <thread>1</thread>
  <message>Start action : tap(findTestObject(\&amp;quot;Mobile/OR Login 2/android.widget.Button0 - Start Movic 01\&amp;quot;), 0)</message>
  <nestedLevel>1</nestedLevel>
  <property name="startLine">52</property>
  <property name="stepIndex">13</property>
  <property name="description">Submit form dan redirect ke homepage</property>
</record>
<record>
  <date>2019-02-21T11:32:19</date>
  <millis>1550723539221</millis>
  <sequence>107</sequence>
  <level>WARNING</level>
  <class>com.kms.katalon.core.logging.XmlKeywordLogger</class>
  <method>logMessage</method>
  <thread>1</thread>
  <message>Timeout &amp;apos;0&amp;apos; is invalid. Using default page load timeout: &amp;apos;100&amp;apos;</message>
  <nestedLevel>1</nestedLevel>
</record>
<record>
  <date>2019-02-21T11:32:23</date>
  <millis>1550723543310</millis>
  <sequence>108</sequence>
  <level>PASSED</level>
  <class>com.kms.katalon.core.logging.XmlKeywordLogger</class>
  <method>logMessage</method>
  <thread>1</thread>
  <message>Tapped on element &amp;apos;Object Repository/Mobile/OR Login 2/android.widget.Button0 - Start Movic 01&amp;apos;</message>
  <nestedLevel>1</nestedLevel>
</record>
<record>
  <date>2019-02-21T11:32:23</date>
  <millis>1550723543312</millis>
  <sequence>109</sequence>
  <level>END</level>
  <class>com.kms.katalon.core.logging.XmlKeywordLogger</class>
  <method>endKeyword</method>
  <thread>1</thread>
  <message>End action : tap(findTestObject(\&amp;quot;Mobile/OR Login 2/android.widget.Button0 - Start Movic 01\&amp;quot;), 0)</message>
  <nestedLevel>1</nestedLevel>
</record>
<record>
  <date>2019-02-21T11:32:23</date>
  <millis>1550723543313</millis>
  <sequence>110</sequence>
  <level>START</level>
  <class>com.kms.katalon.core.logging.XmlKeywordLogger</class>
  <method>startKeyword</method>
  <thread>1</thread>
  <message>Start action : delay(findTestData(\&amp;quot;Delay Step\&amp;quot;).getValue(1, 2), STOP_ON_FAILURE)</message>
  <nestedLevel>1</nestedLevel>
  <property name="startLine">54</property>
  <property name="stepIndex">14</property>
</record>
<record>
  <date>2019-02-21T11:32:28</date>
  <millis>1550723548331</millis>
  <sequence>115</sequence>
  <level>PASSED</level>
  <class>com.kms.katalon.core.logging.XmlKeywordLogger</class>
  <method>logMessage</method>
  <thread>1</thread>
  <message>Delayed 5 second(s)</message>
  <nestedLevel>1</nestedLevel>
</record>
<record>
  <date>2019-02-21T11:32:28</date>
  <millis>1550723548331</millis>
  <sequence>116</sequence>
  <level>END</level>
  <class>com.kms.katalon.core.logging.XmlKeywordLogger</class>
  <method>endKeyword</method>
  <thread>1</thread>
  <message>End action : delay(findTestData(\&amp;quot;Delay Step\&amp;quot;).getValue(1, 2), STOP_ON_FAILURE)</message>
  <nestedLevel>1</nestedLevel>
</record>
<record>
  <date>2019-02-21T11:32:28</date>
  <millis>1550723548331</millis>
  <sequence>117</sequence>
  <level>PASSED</level>
  <class>com.kms.katalon.core.logging.XmlKeywordLogger</class>
  <method>logMessage</method>
  <thread>1</thread>
  <message>Test Cases/Mobile/Android/User/SC99 Regression/TC04 Login with email</message>
  <nestedLevel>1</nestedLevel>
</record>
<record>
  <date>2019-02-21T11:32:28</date>
  <millis>1550723548387</millis>
  <sequence>118</sequence>
  <level>END</level>
  <class>com.kms.katalon.core.logging.XmlKeywordLogger</class>
  <method>endTest</method>
  <thread>1</thread>
  <message>End Test Case : Test Cases/Mobile/Android/User/SC99 Regression/TC04 Login with email</message>
  <nestedLevel>0</nestedLevel>
</record>
<record>
  <date>2019-02-21T11:32:28</date>
  <millis>1550723548513</millis>
  <sequence>119</sequence>
  <level>START</level>
  <class>com.kms.katalon.core.logging.XmlKeywordLogger</class>
  <method>startTest</method>
  <thread>1</thread>
  <message>Start Test Case : Test Cases/Mobile/Android/Product/SC99 Regression/TC02 Search Car - My Cars</message>
  <nestedLevel>1</nestedLevel>
  <property name="name">Test Cases/Mobile/Android/Product/SC99 Regression/TC02 Search Car - My Cars</property>
  <property name="description"></property>
  <property name="id">Test Cases/Mobile/Android/Product/SC99 Regression/TC02 Search Car - My Cars</property>
  <property name="source">C:\\Users\\WGS-LAP151\\git\\astra-movic\\Test Cases\\Mobile\\Android\\Product\\SC99 Regression\\TC02 Search Car - My Cars.tc</property>
  <property name="isOptional">false</property>
</record>
<record>
  <date>2019-02-21T11:32:29</date>
  <millis>1550723549315</millis>
  <sequence>121</sequence>
  <level>START</level>
  <class>com.kms.katalon.core.logging.XmlKeywordLogger</class>
  <method>startKeyword</method>
  <thread>1</thread>
  <message>Start action : callTestCase(findTestCase(\&amp;quot;Mobile/Android/User/SC99 Regression/TC04 Login with email\&amp;quot;), [:], STOP_ON_FAILURE)</message>
  <nestedLevel>1</nestedLevel>
  <property name="startLine">17</property>
  <property name="stepIndex">1</property>
  <property name="description">Call test case login</property>
</record>
<record>
  <date>2019-02-21T11:32:29</date>
  <millis>1550723549318</millis>
  <sequence>122</sequence>
  <level>NOT_RUN</level>
  <class>com.kms.katalon.core.logging.XmlKeywordLogger</class>
  <method>logMessage</method>
  <thread>1</thread>
  <message>NOT_RUN: callTestCase(findTestCase(\&amp;quot;Mobile/Android/User/SC99 Regression/TC04 Login with email\&amp;quot;), [:], STOP_ON_FAILURE)</message>
  <nestedLevel>1</nestedLevel>
</record>
<record>
  <date>2019-02-21T11:32:29</date>
  <millis>1550723549319</millis>
  <sequence>123</sequence>
  <level>END</level>
  <class>com.kms.katalon.core.logging.XmlKeywordLogger</class>
  <method>endKeyword</method>
  <thread>1</thread>
  <message>End action : callTestCase(findTestCase(\&amp;quot;Mobile/Android/User/SC99 Regression/TC04 Login with email\&amp;quot;), [:], STOP_ON_FAILURE)</message>
  <nestedLevel>1</nestedLevel>
</record>
<record>
  <date>2019-02-21T11:32:29</date>
  <millis>1550723549320</millis>
  <sequence>124</sequence>
  <level>START</level>
  <class>com.kms.katalon.core.logging.XmlKeywordLogger</class>
  <method>startKeyword</method>
  <thread>1</thread>
  <message>Start action : tap(findTestObject(\&amp;quot;Mobile/OR Product/android.widget.Tab - My Cars\&amp;quot;), 0)</message>
  <nestedLevel>1</nestedLevel>
  <property name="startLine">20</property>
  <property name="stepIndex">2</property>
  <property name="description">Tap tab my cars</property>
</record>
<record>
  <date>2019-02-21T11:32:29</date>
  <millis>1550723549407</millis>
  <sequence>128</sequence>
  <level>WARNING</level>
  <class>com.kms.katalon.core.logging.XmlKeywordLogger</class>
  <method>logMessage</method>
  <thread>1</thread>
  <message>Timeout &amp;apos;0&amp;apos; is invalid. Using default page load timeout: &amp;apos;100&amp;apos;</message>
  <nestedLevel>1</nestedLevel>
</record>
<record>
  <date>2019-02-21T11:33:22</date>
  <millis>1550723602713</millis>
  <sequence>129</sequence>
  <level>PASSED</level>
  <class>com.kms.katalon.core.logging.XmlKeywordLogger</class>
  <method>logMessage</method>
  <thread>1</thread>
  <message>Tapped on element &amp;apos;Object Repository/Mobile/OR Product/android.widget.Tab - My Cars&amp;apos;</message>
  <nestedLevel>1</nestedLevel>
</record>
<record>
  <date>2019-02-21T11:33:22</date>
  <millis>1550723602716</millis>
  <sequence>130</sequence>
  <level>END</level>
  <class>com.kms.katalon.core.logging.XmlKeywordLogger</class>
  <method>endKeyword</method>
  <thread>1</thread>
  <message>End action : tap(findTestObject(\&amp;quot;Mobile/OR Product/android.widget.Tab - My Cars\&amp;quot;), 0)</message>
  <nestedLevel>1</nestedLevel>
</record>
<record>
  <date>2019-02-21T11:33:22</date>
  <millis>1550723602717</millis>
  <sequence>131</sequence>
  <level>START</level>
  <class>com.kms.katalon.core.logging.XmlKeywordLogger</class>
  <method>startKeyword</method>
  <thread>1</thread>
  <message>Start action : delay(findTestData(\&amp;quot;Delay Step\&amp;quot;).getValue(1, 2), STOP_ON_FAILURE)</message>
  <nestedLevel>1</nestedLevel>
  <property name="startLine">22</property>
  <property name="stepIndex">3</property>
</record>
<record>
  <date>2019-02-21T11:33:27</date>
  <millis>1550723607894</millis>
  <sequence>136</sequence>
  <level>PASSED</level>
  <class>com.kms.katalon.core.logging.XmlKeywordLogger</class>
  <method>logMessage</method>
  <thread>1</thread>
  <message>Delayed 5 second(s)</message>
  <nestedLevel>1</nestedLevel>
</record>
<record>
  <date>2019-02-21T11:33:27</date>
  <millis>1550723607896</millis>
  <sequence>137</sequence>
  <level>END</level>
  <class>com.kms.katalon.core.logging.XmlKeywordLogger</class>
  <method>endKeyword</method>
  <thread>1</thread>
  <message>End action : delay(findTestData(\&amp;quot;Delay Step\&amp;quot;).getValue(1, 2), STOP_ON_FAILURE)</message>
  <nestedLevel>1</nestedLevel>
</record>
<record>
  <date>2019-02-21T11:33:27</date>
  <millis>1550723607897</millis>
  <sequence>138</sequence>
  <level>START</level>
  <class>com.kms.katalon.core.logging.XmlKeywordLogger</class>
  <method>startKeyword</method>
  <thread>1</thread>
  <message>Start action : setText(findTestObject(\&amp;quot;Mobile/OR Order/android.widget.EditText0 - Search car\&amp;quot;), \&amp;quot;daihatsu\&amp;quot;, 0)</message>
  <nestedLevel>1</nestedLevel>
  <property name="startLine">25</property>
  <property name="stepIndex">4</property>
  <property name="description">Mencari car by name</property>
</record>
<record>
  <date>2019-02-21T11:33:28</date>
  <millis>1550723608079</millis>
  <sequence>142</sequence>
  <level>WARNING</level>
  <class>com.kms.katalon.core.logging.XmlKeywordLogger</class>
  <method>logMessage</method>
  <thread>1</thread>
  <message>Timeout &amp;apos;0&amp;apos; is invalid. Using default page load timeout: &amp;apos;100&amp;apos;</message>
  <nestedLevel>1</nestedLevel>
</record>
