[35m[Appium][39m Welcome to Appium v1.8.1
[35m[Appium][39m Non-default server args:
[35m[Appium][39m   port: 49802
[35m[Appium][39m   loglevel: info
[35m[Appium][39m   chromeDriverPort: 49806
[35m[Appium][39m   tmpDir: C:\Users\WGS-LA~1\AppData\Local\Temp\\Katalon\Appium\Temp1542166164695
[35m[Appium][39m Appium REST http interface listener started on 0.0.0.0:49802
[35m[HTTP][39m [37m-->[39m [37mGET[39m [37m/wd/hub/status[39m
[35m[HTTP][39m [90m{}[39m
[35m[HTTP][39m [37m<-- GET /wd/hub/status [39m[32m200[39m [90m83 ms - 83[39m
[35m[HTTP][39m [90m[39m
[35m[HTTP][39m [37m-->[39m [37mPOST[39m [37m/wd/hub/session[39m
[35m[HTTP][39m [90m{"desiredCapabilities":{"app":"C:\\Users\\WGS-LAP199\\Downloads\\Movic apk\\Movic_0.9.7_2018-10-14-stable-debug.apk","autoGrantPermissions":true,"automationName":"uiautomator2","deviceId":"54e797627cf5","deviceName":"Xiaomi Redmi 5 (Android 7.1.2)","fullReset":false,"newCommandTimeout":1800,"noReset":true,"platform":"ANDROID","platformName":"Android","udid":"54e797627cf5"},"capabilities":{"desiredCapabilities":{"app":"C:\\Users\\WGS-LAP199\\Downloads\\Movic apk\\Movic_0.9.7_2018-10-14-stable-debug.apk","autoGrantPermissions":true,"automationName":"uiautomator2","deviceId":"54e797627cf5","deviceName":"Xiaomi Redmi 5 (Android 7.1.2)","fullReset":false,"newCommandTimeout":1800,"noReset":true,"platform":"ANDROID","platformName":"Android","udid":"54e797627cf5"},"firstMatch":[{"platformName":"android"}]}}[39m
[35m[Appium][39m Could not parse W3C capabilities: 'deviceName' can't be blank. Falling back to JSONWP protocol.
[35m[Appium][39m The following capabilities were provided in the JSONWP desired capabilities that are missing in W3C capabilities: ["app","autoGrantPermissions","automationName","deviceId","deviceName","fullReset","newCommandTimeout","noReset","platform","platformName","udid"]. Falling back to JSONWP protocol.
[35m[Appium][39m Creating new AndroidUiautomator2Driver (v1.12.0) session
[35m[Appium][39m Capabilities:
[35m[Appium][39m   app: C:\Users\WGS-LAP199\Downloads\Movic apk\Movic_0.9.7_2018-10-14-stable-debug.apk
[35m[Appium][39m   autoGrantPermissions: true
[35m[Appium][39m   automationName: uiautomator2
[35m[Appium][39m   deviceId: 54e797627cf5
[35m[Appium][39m   deviceName: Xiaomi Redmi 5 (Android 7.1.2)
[35m[Appium][39m   fullReset: false
[35m[Appium][39m   newCommandTimeout: 1800
[35m[Appium][39m   noReset: true
[35m[Appium][39m   platform: ANDROID
[35m[Appium][39m   platformName: Android
[35m[Appium][39m   udid: 54e797627cf5
[35m[BaseDriver][39m The following capabilities were provided, but are not recognized by appium: deviceId, platform.
[35m[BaseDriver][39m Session created with session id: 9a9cf67f-4b70-4d8b-b0d2-a2f658af1308
[35m[BaseDriver][39m Using local app 'C:\Users\WGS-LAP199\Downloads\Movic apk\Movic_0.9.7_2018-10-14-stable-debug.apk'
[35m[AndroidDriver][39m Java version is: 1.8.0_181
[35m[ADB][39m Checking whether adb is present
[35m[ADB][39m Found 1 'build-tools' folders under 'C:\Users\WGS-LAP199\.katalon\tools\android_sdk' (newest first):
[35m[ADB][39m     C:/Users/WGS-LAP199/.katalon/tools/android_sdk/build-tools/28.0.1
[35m[ADB][39m Using adb.exe from C:\Users\WGS-LAP199\.katalon\tools\android_sdk\platform-tools\adb.exe
[35m[AndroidDriver][39m Retrieving device list
[35m[AndroidDriver][39m Using device: 54e797627cf5
[35m[ADB][39m Using the alternative activity name detection method because of: Could not find apkanalyzer.bat in C:\Users\WGS-LAP199\.katalon\tools\android_sdk\platform-tools\apkanalyzer.bat,C:\Users\WGS-LAP199\.katalon\tools\android_sdk\emulator\apkanalyzer.bat,C:\Users\WGS-LAP199\.katalon\tools\android_sdk\tools\apkanalyzer.bat,C:\Users\WGS-LAP199\.katalon\tools\android_sdk\tools\bin\apkanalyzer.bat,C:\Users\WGS-LAP199\.katalon\tools\android_sdk\build-tools\28.0.1\apkanalyzer.bat. Do you have the Android SDK installed at 'C:\Users\WGS-LAP199\.katalon\tools\android_sdk'?
[35m[ADB][39m Checking whether aapt is present
[35m[ADB][39m Using aapt.exe from C:\Users\WGS-LAP199\.katalon\tools\android_sdk\build-tools\28.0.1\aapt.exe
[35m[ADB][39m Extracting package and launch activity from manifest
[35m[ADB][39m Package name: 'id.astra.stable.movic'
[35m[ADB][39m Main activity name: 'id.astra.adp.movic.modules.main.SplashScreenActivity'
[35m[ADB][39m Getting device platform version
[35m[ADB][39m Using apksigner.bat from C:\Users\WGS-LAP199\.katalon\tools\android_sdk\build-tools\28.0.1\apksigner.bat
[35m[ADB][39m Checking whether zipalign is present
[35m[ADB][39m Using zipalign.exe from C:\Users\WGS-LAP199\.katalon\tools\android_sdk\build-tools\28.0.1\zipalign.exe
[35m[ADB][39m io.appium.uiautomator2.server was successfully uninstalled
[35m[ADB][39m io.appium.uiautomator2.server.test was successfully uninstalled
[35m[AndroidDriver][39m setDeviceLanguageCountry requires language or country.
[35m[AndroidDriver][39m Got language: 'null' and country: 'null'
[35m[ADB][39m Successfully extracted 1263 strings from 'C:\Users\WGS-LAP199\Downloads\Movic apk\Movic_0.9.7_2018-10-14-stable-debug.apk' resources for '(default)' configuration
[35m[UiAutomator2][39m Starting uiautomator2 server 1.12.0
[35m[UiAutomator2][39m Using UIAutomator2 server from 'C:\Users\WGS-LAP199\AppData\Roaming\npm\node_modules\appium\node_modules\appium-uiautomator2-server\apks\appium-uiautomator2-server-v1.12.0.apk' and test from 'C:\Users\WGS-LAP199\AppData\Roaming\npm\node_modules\appium\node_modules\appium-uiautomator2-server\apks\appium-uiautomator2-server-debug-androidTest.apk'
[35m[UiAutomator2][39m Running command: 'adb -s 54e797627cf5 shell am instrument -w io.appium.uiautomator2.server.test/android.support.test.runner.AndroidJUnitRunner'
[35m[UiAutomator2][39m Waiting up to 20000ms for UiAutomator2 to be online...
[35m[AndroidDriver][39m Screen already unlocked, doing nothing
[35m[UiAutomator2][39m UiAutomator2 did not start the activity we were waiting for, 'id.astra.stable.movic/id.astra.adp.movic.modules.main.SplashScreenActivity'. Starting it ourselves
[35m[Appium][39m New AndroidUiautomator2Driver session created successfully, session 9a9cf67f-4b70-4d8b-b0d2-a2f658af1308 added to master session list
[35m[HTTP][39m [37m<-- POST /wd/hub/session [39m[32m200[39m [90m40525 ms - 1260[39m
[35m[HTTP][39m [90m[39m
[35m[HTTP][39m [37m-->[39m [37mGET[39m [37m/wd/hub/status[39m
[35m[HTTP][39m [90m{}[39m
[35m[HTTP][39m [37m<-- GET /wd/hub/status [39m[32m200[39m [90m76 ms - 55[39m
[35m[HTTP][39m [90m[39m
[35m[HTTP][39m [37m-->[39m [37mPOST[39m [37m/wd/hub/session/9a9cf67f-4b70-4d8b-b0d2-a2f658af1308/timeouts[39m
[35m[HTTP][39m [90m{"type":"implicit","ms":30000}[39m
[35m[HTTP][39m [37m<-- POST /wd/hub/session/9a9cf67f-4b70-4d8b-b0d2-a2f658af1308/timeouts [39m[33m400[39m [90m28 ms - 5468[39m
[35m[HTTP][39m [90m[39m
[35m[HTTP][39m [37m-->[39m [37mGET[39m [37m/wd/hub/session/9a9cf67f-4b70-4d8b-b0d2-a2f658af1308/window/current/size[39m
[35m[HTTP][39m [90m{}[39m
[35m[W3C][39m Driver proxy active, passing request on via HTTP proxy
[35m[JSONWP Proxy][39m Replacing sessionId 3ace5850-fa6e-46c4-8de4-a015899ee472 with 9a9cf67f-4b70-4d8b-b0d2-a2f658af1308
[35m[HTTP][39m [37m<-- GET /wd/hub/session/9a9cf67f-4b70-4d8b-b0d2-a2f658af1308/window/current/size [39m[32m200[39m [90m66 ms - 99[39m
[35m[HTTP][39m [90m[39m
[35m[HTTP][39m [37m-->[39m [37mPOST[39m [37m/wd/hub/session/9a9cf67f-4b70-4d8b-b0d2-a2f658af1308/elements[39m
[35m[HTTP][39m [90m{"using":"-android uiautomator","value":"new UiSelector().className(\"android.widget.ImageView\").resourceId(\"id.astra.stable.movic:id/mImgSkip\").instance(4)"}[39m
[35m[HTTP][39m [37m<-- POST /wd/hub/session/9a9cf67f-4b70-4d8b-b0d2-a2f658af1308/elements [39m[32m200[39m [90m51 ms - 74[39m
[35m[HTTP][39m [90m[39m
[35m[HTTP][39m [37m-->[39m [37mPOST[39m [37m/wd/hub/session/9a9cf67f-4b70-4d8b-b0d2-a2f658af1308/elements[39m
[35m[HTTP][39m [90m{"using":"-android uiautomator","value":"new UiSelector().className(\"android.widget.ImageView\").resourceId(\"id.astra.stable.movic:id/mImgSkip\").instance(4)"}[39m
[35m[HTTP][39m [37m<-- POST /wd/hub/session/9a9cf67f-4b70-4d8b-b0d2-a2f658af1308/elements [39m[32m200[39m [90m48 ms - 74[39m
[35m[HTTP][39m [90m[39m
[35m[HTTP][39m [37m-->[39m [37mPOST[39m [37m/wd/hub/session/9a9cf67f-4b70-4d8b-b0d2-a2f658af1308/elements[39m
[35m[HTTP][39m [90m{"using":"-android uiautomator","value":"new UiSelector().className(\"android.widget.ImageView\").resourceId(\"id.astra.stable.movic:id/mImgSkip\").instance(4)"}[39m
[35m[HTTP][39m [37m<-- POST /wd/hub/session/9a9cf67f-4b70-4d8b-b0d2-a2f658af1308/elements [39m[32m200[39m [90m46 ms - 74[39m
[35m[HTTP][39m [90m[39m
[35m[HTTP][39m [37m-->[39m [37mPOST[39m [37m/wd/hub/session/9a9cf67f-4b70-4d8b-b0d2-a2f658af1308/elements[39m
[35m[HTTP][39m [90m{"using":"-android uiautomator","value":"new UiSelector().className(\"android.widget.ImageView\").resourceId(\"id.astra.stable.movic:id/mImgSkip\").instance(4)"}[39m
[35m[HTTP][39m [37m<-- POST /wd/hub/session/9a9cf67f-4b70-4d8b-b0d2-a2f658af1308/elements [39m[32m200[39m [90m48 ms - 74[39m
[35m[HTTP][39m [90m[39m
[35m[HTTP][39m [37m-->[39m [37mPOST[39m [37m/wd/hub/session/9a9cf67f-4b70-4d8b-b0d2-a2f658af1308/elements[39m
[35m[HTTP][39m [90m{"using":"-android uiautomator","value":"new UiSelector().className(\"android.widget.ImageView\").resourceId(\"id.astra.stable.movic:id/mImgSkip\").instance(4)"}[39m
[35m[HTTP][39m [37m<-- POST /wd/hub/session/9a9cf67f-4b70-4d8b-b0d2-a2f658af1308/elements [39m[32m200[39m [90m38 ms - 74[39m
[35m[HTTP][39m [90m[39m
[35m[HTTP][39m [37m-->[39m [37mPOST[39m [37m/wd/hub/session/9a9cf67f-4b70-4d8b-b0d2-a2f658af1308/elements[39m
[35m[HTTP][39m [90m{"using":"-android uiautomator","value":"new UiSelector().className(\"android.widget.ImageView\").resourceId(\"id.astra.stable.movic:id/mImgSkip\").instance(4)"}[39m
[35m[HTTP][39m [37m<-- POST /wd/hub/session/9a9cf67f-4b70-4d8b-b0d2-a2f658af1308/elements [39m[32m200[39m [90m32 ms - 74[39m
[35m[HTTP][39m [90m[39m
[35m[HTTP][39m [37m-->[39m [37mPOST[39m [37m/wd/hub/session/9a9cf67f-4b70-4d8b-b0d2-a2f658af1308/elements[39m
[35m[HTTP][39m [90m{"using":"-android uiautomator","value":"new UiSelector().className(\"android.widget.ImageView\").resourceId(\"id.astra.stable.movic:id/mImgSkip\").instance(4)"}[39m
[35m[HTTP][39m [37m<-- POST /wd/hub/session/9a9cf67f-4b70-4d8b-b0d2-a2f658af1308/elements [39m[32m200[39m [90m38 ms - 74[39m
[35m[HTTP][39m [90m[39m
[35m[HTTP][39m [37m-->[39m [37mPOST[39m [37m/wd/hub/session/9a9cf67f-4b70-4d8b-b0d2-a2f658af1308/elements[39m
[35m[HTTP][39m [90m{"using":"-android uiautomator","value":"new UiSelector().className(\"android.widget.ImageView\").resourceId(\"id.astra.stable.movic:id/mImgSkip\").instance(4)"}[39m
[35m[HTTP][39m [37m<-- POST /wd/hub/session/9a9cf67f-4b70-4d8b-b0d2-a2f658af1308/elements [39m[32m200[39m [90m32 ms - 74[39m
[35m[HTTP][39m [90m[39m
[35m[HTTP][39m [37m-->[39m [37mPOST[39m [37m/wd/hub/session/9a9cf67f-4b70-4d8b-b0d2-a2f658af1308/elements[39m
[35m[HTTP][39m [90m{"using":"-android uiautomator","value":"new UiSelector().className(\"android.widget.ImageView\").resourceId(\"id.astra.stable.movic:id/mImgSkip\").instance(4)"}[39m
[35m[HTTP][39m [37m<-- POST /wd/hub/session/9a9cf67f-4b70-4d8b-b0d2-a2f658af1308/elements [39m[32m200[39m [90m33 ms - 74[39m
[35m[HTTP][39m [90m[39m
[35m[HTTP][39m [37m-->[39m [37mPOST[39m [37m/wd/hub/session/9a9cf67f-4b70-4d8b-b0d2-a2f658af1308/elements[39m
[35m[HTTP][39m [90m{"using":"-android uiautomator","value":"new UiSelector().className(\"android.widget.ImageView\").resourceId(\"id.astra.stable.movic:id/mImgSkip\").instance(4)"}[39m
[35m[HTTP][39m [37m<-- POST /wd/hub/session/9a9cf67f-4b70-4d8b-b0d2-a2f658af1308/elements [39m[32m200[39m [90m33 ms - 74[39m
[35m[HTTP][39m [90m[39m
[35m[HTTP][39m [37m-->[39m [37mPOST[39m [37m/wd/hub/session/9a9cf67f-4b70-4d8b-b0d2-a2f658af1308/elements[39m
[35m[HTTP][39m [90m{"using":"-android uiautomator","value":"new UiSelector().className(\"android.widget.ImageView\").resourceId(\"id.astra.stable.movic:id/mImgSkip\").instance(4)"}[39m
[35m[HTTP][39m [37m<-- POST /wd/hub/session/9a9cf67f-4b70-4d8b-b0d2-a2f658af1308/elements [39m[32m200[39m [90m31 ms - 74[39m
[35m[HTTP][39m [90m[39m
[35m[HTTP][39m [37m-->[39m [37mPOST[39m [37m/wd/hub/session/9a9cf67f-4b70-4d8b-b0d2-a2f658af1308/elements[39m
[35m[HTTP][39m [90m{"using":"-android uiautomator","value":"new UiSelector().className(\"android.widget.ImageView\").resourceId(\"id.astra.stable.movic:id/mImgSkip\").instance(4)"}[39m
[35m[HTTP][39m [37m<-- POST /wd/hub/session/9a9cf67f-4b70-4d8b-b0d2-a2f658af1308/elements [39m[32m200[39m [90m31 ms - 74[39m
[35m[HTTP][39m [90m[39m
[35m[HTTP][39m [37m-->[39m [37mPOST[39m [37m/wd/hub/session/9a9cf67f-4b70-4d8b-b0d2-a2f658af1308/elements[39m
[35m[HTTP][39m [90m{"using":"-android uiautomator","value":"new UiSelector().className(\"android.widget.ImageView\").resourceId(\"id.astra.stable.movic:id/mImgSkip\").instance(4)"}[39m
[35m[HTTP][39m [37m<-- POST /wd/hub/session/9a9cf67f-4b70-4d8b-b0d2-a2f658af1308/elements [39m[32m200[39m [90m27 ms - 74[39m
[35m[HTTP][39m [90m[39m
[35m[HTTP][39m [37m-->[39m [37mPOST[39m [37m/wd/hub/session/9a9cf67f-4b70-4d8b-b0d2-a2f658af1308/elements[39m
[35m[HTTP][39m [90m{"using":"-android uiautomator","value":"new UiSelector().className(\"android.widget.ImageView\").resourceId(\"id.astra.stable.movic:id/mImgSkip\").instance(4)"}[39m
[35m[HTTP][39m [37m<-- POST /wd/hub/session/9a9cf67f-4b70-4d8b-b0d2-a2f658af1308/elements [39m[32m200[39m [90m28 ms - 74[39m
[35m[HTTP][39m [90m[39m
[35m[HTTP][39m [37m-->[39m [37mPOST[39m [37m/wd/hub/session/9a9cf67f-4b70-4d8b-b0d2-a2f658af1308/elements[39m
[35m[HTTP][39m [90m{"using":"-android uiautomator","value":"new UiSelector().className(\"android.widget.ImageView\").resourceId(\"id.astra.stable.movic:id/mImgSkip\").instance(4)"}[39m
[35m[HTTP][39m [37m<-- POST /wd/hub/session/9a9cf67f-4b70-4d8b-b0d2-a2f658af1308/elements [39m[32m200[39m [90m41 ms - 74[39m
[35m[HTTP][39m [90m[39m
[35m[HTTP][39m [37m-->[39m [37mPOST[39m [37m/wd/hub/session/9a9cf67f-4b70-4d8b-b0d2-a2f658af1308/elements[39m
[35m[HTTP][39m [90m{"using":"-android uiautomator","value":"new UiSelector().className(\"android.widget.ImageView\").resourceId(\"id.astra.stable.movic:id/mImgSkip\").instance(4)"}[39m
[35m[HTTP][39m [37m<-- POST /wd/hub/session/9a9cf67f-4b70-4d8b-b0d2-a2f658af1308/elements [39m[32m200[39m [90m32 ms - 74[39m
[35m[HTTP][39m [90m[39m
[35m[HTTP][39m [37m-->[39m [37mPOST[39m [37m/wd/hub/session/9a9cf67f-4b70-4d8b-b0d2-a2f658af1308/elements[39m
[35m[HTTP][39m [90m{"using":"-android uiautomator","value":"new UiSelector().className(\"android.widget.ImageView\").resourceId(\"id.astra.stable.movic:id/mImgSkip\").instance(4)"}[39m
[35m[HTTP][39m [37m<-- POST /wd/hub/session/9a9cf67f-4b70-4d8b-b0d2-a2f658af1308/elements [39m[32m200[39m [90m28 ms - 74[39m
[35m[HTTP][39m [90m[39m
[35m[HTTP][39m [37m-->[39m [37mPOST[39m [37m/wd/hub/session/9a9cf67f-4b70-4d8b-b0d2-a2f658af1308/elements[39m
[35m[HTTP][39m [90m{"using":"-android uiautomator","value":"new UiSelector().className(\"android.widget.ImageView\").resourceId(\"id.astra.stable.movic:id/mImgSkip\").instance(4)"}[39m
[35m[HTTP][39m [37m<-- POST /wd/hub/session/9a9cf67f-4b70-4d8b-b0d2-a2f658af1308/elements [39m[32m200[39m [90m28 ms - 74[39m
[35m[HTTP][39m [90m[39m
[35m[HTTP][39m [37m-->[39m [37mPOST[39m [37m/wd/hub/session/9a9cf67f-4b70-4d8b-b0d2-a2f658af1308/elements[39m
[35m[HTTP][39m [90m{"using":"-android uiautomator","value":"new UiSelector().className(\"android.widget.ImageView\").resourceId(\"id.astra.stable.movic:id/mImgSkip\").instance(4)"}[39m
[35m[HTTP][39m [37m<-- POST /wd/hub/session/9a9cf67f-4b70-4d8b-b0d2-a2f658af1308/elements [39m[32m200[39m [90m31 ms - 74[39m
[35m[HTTP][39m [90m[39m
[35m[HTTP][39m [37m-->[39m [37mPOST[39m [37m/wd/hub/session/9a9cf67f-4b70-4d8b-b0d2-a2f658af1308/elements[39m
[35m[HTTP][39m [90m{"using":"-android uiautomator","value":"new UiSelector().className(\"android.widget.ImageView\").resourceId(\"id.astra.stable.movic:id/mImgSkip\").instance(4)"}[39m
[35m[HTTP][39m [37m<-- POST /wd/hub/session/9a9cf67f-4b70-4d8b-b0d2-a2f658af1308/elements [39m[32m200[39m [90m34 ms - 74[39m
[35m[HTTP][39m [90m[39m
[35m[HTTP][39m [37m-->[39m [37mPOST[39m [37m/wd/hub/session/9a9cf67f-4b70-4d8b-b0d2-a2f658af1308/elements[39m
[35m[HTTP][39m [90m{"using":"-android uiautomator","value":"new UiSelector().className(\"android.widget.ImageView\").resourceId(\"id.astra.stable.movic:id/mImgSkip\").instance(4)"}[39m
[35m[HTTP][39m [37m<-- POST /wd/hub/session/9a9cf67f-4b70-4d8b-b0d2-a2f658af1308/elements [39m[32m200[39m [90m38 ms - 74[39m
[35m[HTTP][39m [90m[39m
[35m[HTTP][39m [37m-->[39m [37mPOST[39m [37m/wd/hub/session/9a9cf67f-4b70-4d8b-b0d2-a2f658af1308/elements[39m
[35m[HTTP][39m [90m{"using":"-android uiautomator","value":"new UiSelector().className(\"android.widget.ImageView\").resourceId(\"id.astra.stable.movic:id/mImgSkip\").instance(4)"}[39m
[35m[HTTP][39m [37m<-- POST /wd/hub/session/9a9cf67f-4b70-4d8b-b0d2-a2f658af1308/elements [39m[32m200[39m [90m28 ms - 74[39m
[35m[HTTP][39m [90m[39m
[35m[HTTP][39m [37m-->[39m [37mPOST[39m [37m/wd/hub/session/9a9cf67f-4b70-4d8b-b0d2-a2f658af1308/elements[39m
[35m[HTTP][39m [90m{"using":"-android uiautomator","value":"new UiSelector().className(\"android.widget.ImageView\").resourceId(\"id.astra.stable.movic:id/mImgSkip\").instance(4)"}[39m
[35m[HTTP][39m [37m<-- POST /wd/hub/session/9a9cf67f-4b70-4d8b-b0d2-a2f658af1308/elements [39m[32m200[39m [90m30 ms - 74[39m
[35m[HTTP][39m [90m[39m
[35m[HTTP][39m [37m-->[39m [37mPOST[39m [37m/wd/hub/session/9a9cf67f-4b70-4d8b-b0d2-a2f658af1308/elements[39m
[35m[HTTP][39m [90m{"using":"-android uiautomator","value":"new UiSelector().className(\"android.widget.ImageView\").resourceId(\"id.astra.stable.movic:id/mImgSkip\").instance(4)"}[39m
[35m[HTTP][39m [37m<-- POST /wd/hub/session/9a9cf67f-4b70-4d8b-b0d2-a2f658af1308/elements [39m[32m200[39m [90m35 ms - 74[39m
[35m[HTTP][39m [90m[39m
[35m[HTTP][39m [37m-->[39m [37mPOST[39m [37m/wd/hub/session/9a9cf67f-4b70-4d8b-b0d2-a2f658af1308/elements[39m
[35m[HTTP][39m [90m{"using":"-android uiautomator","value":"new UiSelector().className(\"android.widget.ImageView\").resourceId(\"id.astra.stable.movic:id/mImgSkip\").instance(4)"}[39m
[35m[HTTP][39m [37m<-- POST /wd/hub/session/9a9cf67f-4b70-4d8b-b0d2-a2f658af1308/elements [39m[32m200[39m [90m30 ms - 74[39m
[35m[HTTP][39m [90m[39m
[35m[HTTP][39m [37m-->[39m [37mPOST[39m [37m/wd/hub/session/9a9cf67f-4b70-4d8b-b0d2-a2f658af1308/elements[39m
[35m[HTTP][39m [90m{"using":"-android uiautomator","value":"new UiSelector().className(\"android.widget.ImageView\").resourceId(\"id.astra.stable.movic:id/mImgSkip\").instance(4)"}[39m
[35m[HTTP][39m [37m<-- POST /wd/hub/session/9a9cf67f-4b70-4d8b-b0d2-a2f658af1308/elements [39m[32m200[39m [90m33 ms - 74[39m
[35m[HTTP][39m [90m[39m
[35m[HTTP][39m [37m-->[39m [37mPOST[39m [37m/wd/hub/session/9a9cf67f-4b70-4d8b-b0d2-a2f658af1308/elements[39m
[35m[HTTP][39m [90m{"using":"-android uiautomator","value":"new UiSelector().className(\"android.widget.ImageView\").resourceId(\"id.astra.stable.movic:id/mImgSkip\").instance(4)"}[39m
[35m[HTTP][39m [37m<-- POST /wd/hub/session/9a9cf67f-4b70-4d8b-b0d2-a2f658af1308/elements [39m[32m200[39m [90m376 ms - 74[39m
[35m[HTTP][39m [90m[39m
[35m[HTTP][39m [37m-->[39m [37mPOST[39m [37m/wd/hub/session/9a9cf67f-4b70-4d8b-b0d2-a2f658af1308/elements[39m
[35m[HTTP][39m [90m{"using":"-android uiautomator","value":"new UiSelector().className(\"android.widget.ImageView\").resourceId(\"id.astra.stable.movic:id/mImgSkip\").instance(4)"}[39m
[35m[HTTP][39m [37m<-- POST /wd/hub/session/9a9cf67f-4b70-4d8b-b0d2-a2f658af1308/elements [39m[32m200[39m [90m161 ms - 74[39m
[35m[HTTP][39m [90m[39m
[35m[HTTP][39m [37m-->[39m [37mPOST[39m [37m/wd/hub/session/9a9cf67f-4b70-4d8b-b0d2-a2f658af1308/elements[39m
[35m[HTTP][39m [90m{"using":"-android uiautomator","value":"new UiSelector().className(\"android.widget.ImageView\").resourceId(\"id.astra.stable.movic:id/mImgSkip\").instance(4)"}[39m
[35m[HTTP][39m [37m<-- POST /wd/hub/session/9a9cf67f-4b70-4d8b-b0d2-a2f658af1308/elements [39m[32m200[39m [90m50 ms - 74[39m
[35m[HTTP][39m [90m[39m
[35m[HTTP][39m [37m-->[39m [37mPOST[39m [37m/wd/hub/session/9a9cf67f-4b70-4d8b-b0d2-a2f658af1308/elements[39m
[35m[HTTP][39m [90m{"using":"-android uiautomator","value":"new UiSelector().className(\"android.widget.ImageView\").resourceId(\"id.astra.stable.movic:id/mImgSkip\").instance(4)"}[39m
[35m[HTTP][39m [37m<-- POST /wd/hub/session/9a9cf67f-4b70-4d8b-b0d2-a2f658af1308/elements [39m[32m200[39m [90m807 ms - 124[39m
[35m[HTTP][39m [90m[39m
[35m[HTTP][39m [37m-->[39m [37mGET[39m [37m/wd/hub/session/9a9cf67f-4b70-4d8b-b0d2-a2f658af1308[39m
[35m[HTTP][39m [90m{}[39m
[35m[HTTP][39m [37m<-- GET /wd/hub/session/9a9cf67f-4b70-4d8b-b0d2-a2f658af1308 [39m[32m200[39m [90m16 ms - 1260[39m
[35m[HTTP][39m [90m[39m
[35m[HTTP][39m [37m-->[39m [37mGET[39m [37m/wd/hub/session/9a9cf67f-4b70-4d8b-b0d2-a2f658af1308[39m
[35m[HTTP][39m [90m{}[39m
[35m[HTTP][39m [37m<-- GET /wd/hub/session/9a9cf67f-4b70-4d8b-b0d2-a2f658af1308 [39m[32m200[39m [90m25 ms - 1260[39m
[35m[HTTP][39m [90m[39m
[35m[HTTP][39m [37m-->[39m [37mGET[39m [37m/wd/hub/session/9a9cf67f-4b70-4d8b-b0d2-a2f658af1308[39m
[35m[HTTP][39m [90m{}[39m
[35m[HTTP][39m [37m<-- GET /wd/hub/session/9a9cf67f-4b70-4d8b-b0d2-a2f658af1308 [39m[32m200[39m [90m23 ms - 1260[39m
[35m[HTTP][39m [90m[39m
[35m[HTTP][39m [37m-->[39m [37mGET[39m [37m/wd/hub/session/9a9cf67f-4b70-4d8b-b0d2-a2f658af1308[39m
[35m[HTTP][39m [90m{}[39m
[35m[HTTP][39m [37m<-- GET /wd/hub/session/9a9cf67f-4b70-4d8b-b0d2-a2f658af1308 [39m[32m200[39m [90m23 ms - 1260[39m
[35m[HTTP][39m [90m[39m
[35m[HTTP][39m [37m-->[39m [37mGET[39m [37m/wd/hub/session/9a9cf67f-4b70-4d8b-b0d2-a2f658af1308/element/153c06e2-b636-4117-9409-1d7fd1d3b7c0/location[39m
[35m[HTTP][39m [90m{}[39m
[35m[W3C][39m Driver proxy active, passing request on via HTTP proxy
[35m[JSONWP Proxy][39m Replacing sessionId 3ace5850-fa6e-46c4-8de4-a015899ee472 with 9a9cf67f-4b70-4d8b-b0d2-a2f658af1308
[35m[HTTP][39m [37m<-- GET /wd/hub/session/9a9cf67f-4b70-4d8b-b0d2-a2f658af1308/element/153c06e2-b636-4117-9409-1d7fd1d3b7c0/location [39m[32m200[39m [90m47 ms - 90[39m
[35m[HTTP][39m [90m[39m
[35m[HTTP][39m [37m-->[39m [37mPOST[39m [37m/wd/hub/session/9a9cf67f-4b70-4d8b-b0d2-a2f658af1308/touch/perform[39m
[35m[HTTP][39m [90m{"actions":[{"action":"tap","options":{"element":"153c06e2-b636-4117-9409-1d7fd1d3b7c0","x":1,"y":1}}]}[39m
[35m[UiAutomator2][39m calling get location: 153c06e2-b636-4117-9409-1d7fd1d3b7c0
[35m[HTTP][39m [37m<-- POST /wd/hub/session/9a9cf67f-4b70-4d8b-b0d2-a2f658af1308/touch/perform [39m[32m200[39m [90m1312 ms - 76[39m
[35m[HTTP][39m [90m[39m
[35m[HTTP][39m [37m-->[39m [37mGET[39m [37m/wd/hub/session/9a9cf67f-4b70-4d8b-b0d2-a2f658af1308/window/current/size[39m
[35m[HTTP][39m [90m{}[39m
[35m[W3C][39m Driver proxy active, passing request on via HTTP proxy
[35m[JSONWP Proxy][39m Replacing sessionId 3ace5850-fa6e-46c4-8de4-a015899ee472 with 9a9cf67f-4b70-4d8b-b0d2-a2f658af1308
[35m[HTTP][39m [37m<-- GET /wd/hub/session/9a9cf67f-4b70-4d8b-b0d2-a2f658af1308/window/current/size [39m[32m200[39m [90m35 ms - 99[39m
[35m[HTTP][39m [90m[39m
[35m[HTTP][39m [37m-->[39m [37mPOST[39m [37m/wd/hub/session/9a9cf67f-4b70-4d8b-b0d2-a2f658af1308/elements[39m
[35m[HTTP][39m [90m{"using":"-android uiautomator","value":"new UiSelector().className(\"android.widget.ImageView\").resourceId(\"id.astra.stable.movic:id/ivNext\").instance(1)"}[39m
[35m[HTTP][39m [37m<-- POST /wd/hub/session/9a9cf67f-4b70-4d8b-b0d2-a2f658af1308/elements [39m[32m200[39m [90m98 ms - 124[39m
[35m[HTTP][39m [90m[39m
[35m[HTTP][39m [37m-->[39m [37mGET[39m [37m/wd/hub/session/9a9cf67f-4b70-4d8b-b0d2-a2f658af1308[39m
[35m[HTTP][39m [90m{}[39m
[35m[HTTP][39m [37m<-- GET /wd/hub/session/9a9cf67f-4b70-4d8b-b0d2-a2f658af1308 [39m[32m200[39m [90m19 ms - 1260[39m
[35m[HTTP][39m [90m[39m
[35m[HTTP][39m [37m-->[39m [37mGET[39m [37m/wd/hub/session/9a9cf67f-4b70-4d8b-b0d2-a2f658af1308[39m
[35m[HTTP][39m [90m{}[39m
[35m[HTTP][39m [37m<-- GET /wd/hub/session/9a9cf67f-4b70-4d8b-b0d2-a2f658af1308 [39m[32m200[39m [90m19 ms - 1260[39m
[35m[HTTP][39m [90m[39m
[35m[HTTP][39m [37m-->[39m [37mGET[39m [37m/wd/hub/session/9a9cf67f-4b70-4d8b-b0d2-a2f658af1308[39m
[35m[HTTP][39m [90m{}[39m
[35m[HTTP][39m [37m<-- GET /wd/hub/session/9a9cf67f-4b70-4d8b-b0d2-a2f658af1308 [39m[32m200[39m [90m23 ms - 1260[39m
[35m[HTTP][39m [90m[39m
[35m[HTTP][39m [37m-->[39m [37mGET[39m [37m/wd/hub/session/9a9cf67f-4b70-4d8b-b0d2-a2f658af1308[39m
[35m[HTTP][39m [90m{}[39m
[35m[HTTP][39m [37m<-- GET /wd/hub/session/9a9cf67f-4b70-4d8b-b0d2-a2f658af1308 [39m[32m200[39m [90m20 ms - 1260[39m
[35m[HTTP][39m [90m[39m
[35m[HTTP][39m [37m-->[39m [37mGET[39m [37m/wd/hub/session/9a9cf67f-4b70-4d8b-b0d2-a2f658af1308/element/4868cf81-8160-4537-a521-c8db8a66102c/location[39m
[35m[HTTP][39m [90m{}[39m
[35m[W3C][39m Driver proxy active, passing request on via HTTP proxy
[35m[JSONWP Proxy][39m Replacing sessionId 3ace5850-fa6e-46c4-8de4-a015899ee472 with 9a9cf67f-4b70-4d8b-b0d2-a2f658af1308
[35m[HTTP][39m [37m<-- GET /wd/hub/session/9a9cf67f-4b70-4d8b-b0d2-a2f658af1308/element/4868cf81-8160-4537-a521-c8db8a66102c/location [39m[32m200[39m [90m39 ms - 90[39m
[35m[HTTP][39m [90m[39m
[35m[HTTP][39m [37m-->[39m [37mPOST[39m [37m/wd/hub/session/9a9cf67f-4b70-4d8b-b0d2-a2f658af1308/touch/perform[39m
[35m[HTTP][39m [90m{"actions":[{"action":"tap","options":{"element":"4868cf81-8160-4537-a521-c8db8a66102c","x":1,"y":1}}]}[39m
[35m[UiAutomator2][39m calling get location: 4868cf81-8160-4537-a521-c8db8a66102c
[35m[HTTP][39m [37m<-- POST /wd/hub/session/9a9cf67f-4b70-4d8b-b0d2-a2f658af1308/touch/perform [39m[32m200[39m [90m2012 ms - 76[39m
[35m[HTTP][39m [90m[39m
[35m[HTTP][39m [37m-->[39m [37mGET[39m [37m/wd/hub/session/9a9cf67f-4b70-4d8b-b0d2-a2f658af1308/window/current/size[39m
[35m[HTTP][39m [90m{}[39m
[35m[W3C][39m Driver proxy active, passing request on via HTTP proxy
[35m[JSONWP Proxy][39m Replacing sessionId 3ace5850-fa6e-46c4-8de4-a015899ee472 with 9a9cf67f-4b70-4d8b-b0d2-a2f658af1308
[35m[HTTP][39m [37m<-- GET /wd/hub/session/9a9cf67f-4b70-4d8b-b0d2-a2f658af1308/window/current/size [39m[32m200[39m [90m22 ms - 99[39m
[35m[HTTP][39m [90m[39m
[35m[HTTP][39m [37m-->[39m [37mPOST[39m [37m/wd/hub/session/9a9cf67f-4b70-4d8b-b0d2-a2f658af1308/elements[39m
[35m[HTTP][39m [90m{"using":"-android uiautomator","value":"new UiSelector().className(\"android.widget.ImageView\").resourceId(\"id.astra.stable.movic:id/ivNext\").instance(1)"}[39m
[35m[HTTP][39m [37m<-- POST /wd/hub/session/9a9cf67f-4b70-4d8b-b0d2-a2f658af1308/elements [39m[32m200[39m [90m101 ms - 124[39m
[35m[HTTP][39m [90m[39m
[35m[HTTP][39m [37m-->[39m [37mGET[39m [37m/wd/hub/session/9a9cf67f-4b70-4d8b-b0d2-a2f658af1308[39m
[35m[HTTP][39m [90m{}[39m
[35m[HTTP][39m [37m<-- GET /wd/hub/session/9a9cf67f-4b70-4d8b-b0d2-a2f658af1308 [39m[32m200[39m [90m28 ms - 1260[39m
[35m[HTTP][39m [90m[39m
[35m[HTTP][39m [37m-->[39m [37mGET[39m [37m/wd/hub/session/9a9cf67f-4b70-4d8b-b0d2-a2f658af1308[39m
[35m[HTTP][39m [90m{}[39m
[35m[HTTP][39m [37m<-- GET /wd/hub/session/9a9cf67f-4b70-4d8b-b0d2-a2f658af1308 [39m[32m200[39m [90m26 ms - 1260[39m
[35m[HTTP][39m [90m[39m
[35m[HTTP][39m [37m-->[39m [37mGET[39m [37m/wd/hub/session/9a9cf67f-4b70-4d8b-b0d2-a2f658af1308[39m
[35m[HTTP][39m [90m{}[39m
[35m[HTTP][39m [37m<-- GET /wd/hub/session/9a9cf67f-4b70-4d8b-b0d2-a2f658af1308 [39m[32m200[39m [90m25 ms - 1260[39m
[35m[HTTP][39m [90m[39m
[35m[HTTP][39m [37m-->[39m [37mGET[39m [37m/wd/hub/session/9a9cf67f-4b70-4d8b-b0d2-a2f658af1308[39m
[35m[HTTP][39m [90m{}[39m
[35m[HTTP][39m [37m<-- GET /wd/hub/session/9a9cf67f-4b70-4d8b-b0d2-a2f658af1308 [39m[32m200[39m [90m22 ms - 1260[39m
[35m[HTTP][39m [90m[39m
[35m[HTTP][39m [37m-->[39m [37mGET[39m [37m/wd/hub/session/9a9cf67f-4b70-4d8b-b0d2-a2f658af1308/element/0e7f0959-cef7-4ca9-a50e-38d0d798a301/location[39m
[35m[HTTP][39m [90m{}[39m
[35m[W3C][39m Driver proxy active, passing request on via HTTP proxy
[35m[JSONWP Proxy][39m Replacing sessionId 3ace5850-fa6e-46c4-8de4-a015899ee472 with 9a9cf67f-4b70-4d8b-b0d2-a2f658af1308
[35m[HTTP][39m [37m<-- GET /wd/hub/session/9a9cf67f-4b70-4d8b-b0d2-a2f658af1308/element/0e7f0959-cef7-4ca9-a50e-38d0d798a301/location [39m[32m200[39m [90m375 ms - 90[39m
[35m[HTTP][39m [90m[39m
[35m[HTTP][39m [37m-->[39m [37mPOST[39m [37m/wd/hub/session/9a9cf67f-4b70-4d8b-b0d2-a2f658af1308/touch/perform[39m
[35m[HTTP][39m [90m{"actions":[{"action":"tap","options":{"element":"0e7f0959-cef7-4ca9-a50e-38d0d798a301","x":1,"y":1}}]}[39m
[35m[UiAutomator2][39m calling get location: 0e7f0959-cef7-4ca9-a50e-38d0d798a301
[35m[HTTP][39m [37m<-- POST /wd/hub/session/9a9cf67f-4b70-4d8b-b0d2-a2f658af1308/touch/perform [39m[32m200[39m [90m1603 ms - 76[39m
[35m[HTTP][39m [90m[39m
[35m[HTTP][39m [37m-->[39m [37mGET[39m [37m/wd/hub/session/9a9cf67f-4b70-4d8b-b0d2-a2f658af1308/window/current/size[39m
[35m[HTTP][39m [90m{}[39m
[35m[W3C][39m Driver proxy active, passing request on via HTTP proxy
[35m[JSONWP Proxy][39m Replacing sessionId 3ace5850-fa6e-46c4-8de4-a015899ee472 with 9a9cf67f-4b70-4d8b-b0d2-a2f658af1308
[35m[HTTP][39m [37m<-- GET /wd/hub/session/9a9cf67f-4b70-4d8b-b0d2-a2f658af1308/window/current/size [39m[32m200[39m [90m26 ms - 99[39m
[35m[HTTP][39m [90m[39m
[35m[HTTP][39m [37m-->[39m [37mPOST[39m [37m/wd/hub/session/9a9cf67f-4b70-4d8b-b0d2-a2f658af1308/elements[39m
[35m[HTTP][39m [90m{"using":"-android uiautomator","value":"new UiSelector().className(\"android.widget.TextView\").text(\"Skip\").resourceId(\"id.astra.stable.movic:id/tvSkip\").instance(2)"}[39m
[35m[HTTP][39m [37m<-- POST /wd/hub/session/9a9cf67f-4b70-4d8b-b0d2-a2f658af1308/elements [39m[32m200[39m [90m79 ms - 124[39m
[35m[HTTP][39m [90m[39m
[35m[HTTP][39m [37m-->[39m [37mGET[39m [37m/wd/hub/session/9a9cf67f-4b70-4d8b-b0d2-a2f658af1308[39m
[35m[HTTP][39m [90m{}[39m
[35m[HTTP][39m [37m<-- GET /wd/hub/session/9a9cf67f-4b70-4d8b-b0d2-a2f658af1308 [39m[32m200[39m [90m20 ms - 1260[39m
[35m[HTTP][39m [90m[39m
[35m[HTTP][39m [37m-->[39m [37mGET[39m [37m/wd/hub/session/9a9cf67f-4b70-4d8b-b0d2-a2f658af1308[39m
[35m[HTTP][39m [90m{}[39m
[35m[HTTP][39m [37m<-- GET /wd/hub/session/9a9cf67f-4b70-4d8b-b0d2-a2f658af1308 [39m[32m200[39m [90m22 ms - 1260[39m
[35m[HTTP][39m [90m[39m
[35m[HTTP][39m [37m-->[39m [37mGET[39m [37m/wd/hub/session/9a9cf67f-4b70-4d8b-b0d2-a2f658af1308[39m
[35m[HTTP][39m [90m{}[39m
[35m[HTTP][39m [37m<-- GET /wd/hub/session/9a9cf67f-4b70-4d8b-b0d2-a2f658af1308 [39m[32m200[39m [90m23 ms - 1260[39m
[35m[HTTP][39m [90m[39m
[35m[HTTP][39m [37m-->[39m [37mGET[39m [37m/wd/hub/session/9a9cf67f-4b70-4d8b-b0d2-a2f658af1308[39m
[35m[HTTP][39m [90m{}[39m
[35m[HTTP][39m [37m<-- GET /wd/hub/session/9a9cf67f-4b70-4d8b-b0d2-a2f658af1308 [39m[32m200[39m [90m28 ms - 1260[39m
[35m[HTTP][39m [90m[39m
[35m[HTTP][39m [37m-->[39m [37mGET[39m [37m/wd/hub/session/9a9cf67f-4b70-4d8b-b0d2-a2f658af1308/element/b0ad8e8b-7817-45b4-b934-3282f89a84ef/location[39m
[35m[HTTP][39m [90m{}[39m
[35m[W3C][39m Driver proxy active, passing request on via HTTP proxy
[35m[JSONWP Proxy][39m Replacing sessionId 3ace5850-fa6e-46c4-8de4-a015899ee472 with 9a9cf67f-4b70-4d8b-b0d2-a2f658af1308
[35m[HTTP][39m [37m<-- GET /wd/hub/session/9a9cf67f-4b70-4d8b-b0d2-a2f658af1308/element/b0ad8e8b-7817-45b4-b934-3282f89a84ef/location [39m[32m200[39m [90m36 ms - 89[39m
[35m[HTTP][39m [90m[39m
[35m[HTTP][39m [37m-->[39m [37mPOST[39m [37m/wd/hub/session/9a9cf67f-4b70-4d8b-b0d2-a2f658af1308/touch/perform[39m
[35m[HTTP][39m [90m{"actions":[{"action":"tap","options":{"element":"b0ad8e8b-7817-45b4-b934-3282f89a84ef","x":1,"y":1}}]}[39m
[35m[UiAutomator2][39m calling get location: b0ad8e8b-7817-45b4-b934-3282f89a84ef
[35m[HTTP][39m [37m<-- POST /wd/hub/session/9a9cf67f-4b70-4d8b-b0d2-a2f658af1308/touch/perform [39m[32m200[39m [90m1928 ms - 76[39m
[35m[HTTP][39m [90m[39m
[35m[HTTP][39m [37m-->[39m [37mGET[39m [37m/wd/hub/session/9a9cf67f-4b70-4d8b-b0d2-a2f658af1308/window/current/size[39m
[35m[HTTP][39m [90m{}[39m
[35m[W3C][39m Driver proxy active, passing request on via HTTP proxy
[35m[JSONWP Proxy][39m Replacing sessionId 3ace5850-fa6e-46c4-8de4-a015899ee472 with 9a9cf67f-4b70-4d8b-b0d2-a2f658af1308
[35m[HTTP][39m [37m<-- GET /wd/hub/session/9a9cf67f-4b70-4d8b-b0d2-a2f658af1308/window/current/size [39m[32m200[39m [90m33 ms - 99[39m
[35m[HTTP][39m [90m[39m
[35m[HTTP][39m [37m-->[39m [37mPOST[39m [37m/wd/hub/session/9a9cf67f-4b70-4d8b-b0d2-a2f658af1308/elements[39m
[35m[HTTP][39m [90m{"using":"-android uiautomator","value":"new UiSelector().className(\"android.widget.TextView\").text(\"Log in\").resourceId(\"id.astra.stable.movic:id/mTxtLogin\").instance(0)"}[39m
[35m[HTTP][39m [37m<-- POST /wd/hub/session/9a9cf67f-4b70-4d8b-b0d2-a2f658af1308/elements [39m[32m200[39m [90m94 ms - 124[39m
[35m[HTTP][39m [90m[39m
[35m[HTTP][39m [37m-->[39m [37mGET[39m [37m/wd/hub/session/9a9cf67f-4b70-4d8b-b0d2-a2f658af1308[39m
[35m[HTTP][39m [90m{}[39m
[35m[HTTP][39m [37m<-- GET /wd/hub/session/9a9cf67f-4b70-4d8b-b0d2-a2f658af1308 [39m[32m200[39m [90m22 ms - 1260[39m
[35m[HTTP][39m [90m[39m
[35m[HTTP][39m [37m-->[39m [37mGET[39m [37m/wd/hub/session/9a9cf67f-4b70-4d8b-b0d2-a2f658af1308[39m
[35m[HTTP][39m [90m{}[39m
[35m[HTTP][39m [37m<-- GET /wd/hub/session/9a9cf67f-4b70-4d8b-b0d2-a2f658af1308 [39m[32m200[39m [90m28 ms - 1260[39m
[35m[HTTP][39m [90m[39m
[35m[HTTP][39m [37m-->[39m [37mGET[39m [37m/wd/hub/session/9a9cf67f-4b70-4d8b-b0d2-a2f658af1308[39m
[35m[HTTP][39m [90m{}[39m
[35m[HTTP][39m [37m<-- GET /wd/hub/session/9a9cf67f-4b70-4d8b-b0d2-a2f658af1308 [39m[32m200[39m [90m24 ms - 1260[39m
[35m[HTTP][39m [90m[39m
[35m[HTTP][39m [37m-->[39m [37mGET[39m [37m/wd/hub/session/9a9cf67f-4b70-4d8b-b0d2-a2f658af1308[39m
[35m[HTTP][39m [90m{}[39m
[35m[HTTP][39m [37m<-- GET /wd/hub/session/9a9cf67f-4b70-4d8b-b0d2-a2f658af1308 [39m[32m200[39m [90m21 ms - 1260[39m
[35m[HTTP][39m [90m[39m
[35m[HTTP][39m [37m-->[39m [37mGET[39m [37m/wd/hub/session/9a9cf67f-4b70-4d8b-b0d2-a2f658af1308/element/e1fd5178-75dc-4921-85c3-4d3f8e0fdfce/location[39m
[35m[HTTP][39m [90m{}[39m
[35m[W3C][39m Driver proxy active, passing request on via HTTP proxy
[35m[JSONWP Proxy][39m Replacing sessionId 3ace5850-fa6e-46c4-8de4-a015899ee472 with 9a9cf67f-4b70-4d8b-b0d2-a2f658af1308
[35m[HTTP][39m [37m<-- GET /wd/hub/session/9a9cf67f-4b70-4d8b-b0d2-a2f658af1308/element/e1fd5178-75dc-4921-85c3-4d3f8e0fdfce/location [39m[32m200[39m [90m45 ms - 89[39m
[35m[HTTP][39m [90m[39m
[35m[HTTP][39m [37m-->[39m [37mPOST[39m [37m/wd/hub/session/9a9cf67f-4b70-4d8b-b0d2-a2f658af1308/touch/perform[39m
[35m[HTTP][39m [90m{"actions":[{"action":"tap","options":{"element":"e1fd5178-75dc-4921-85c3-4d3f8e0fdfce","x":1,"y":1}}]}[39m
[35m[UiAutomator2][39m calling get location: e1fd5178-75dc-4921-85c3-4d3f8e0fdfce
[35m[HTTP][39m [37m<-- POST /wd/hub/session/9a9cf67f-4b70-4d8b-b0d2-a2f658af1308/touch/perform [39m[32m200[39m [90m1374 ms - 76[39m
[35m[HTTP][39m [90m[39m
[35m[HTTP][39m [37m-->[39m [37mGET[39m [37m/wd/hub/session/9a9cf67f-4b70-4d8b-b0d2-a2f658af1308/window/current/size[39m
[35m[HTTP][39m [90m{}[39m
[35m[W3C][39m Driver proxy active, passing request on via HTTP proxy
[35m[JSONWP Proxy][39m Replacing sessionId 3ace5850-fa6e-46c4-8de4-a015899ee472 with 9a9cf67f-4b70-4d8b-b0d2-a2f658af1308
[35m[HTTP][39m [37m<-- GET /wd/hub/session/9a9cf67f-4b70-4d8b-b0d2-a2f658af1308/window/current/size [39m[32m200[39m [90m25 ms - 99[39m
[35m[HTTP][39m [90m[39m
[35m[HTTP][39m [37m-->[39m [37mPOST[39m [37m/wd/hub/session/9a9cf67f-4b70-4d8b-b0d2-a2f658af1308/elements[39m
[35m[HTTP][39m [90m{"using":"-android uiautomator","value":"new UiSelector().className(\"android.widget.EditText\").resourceId(\"id.astra.stable.movic:id/mTxtUsername\").instance(0)"}[39m
[35m[HTTP][39m [37m<-- POST /wd/hub/session/9a9cf67f-4b70-4d8b-b0d2-a2f658af1308/elements [39m[32m200[39m [90m60 ms - 124[39m
[35m[HTTP][39m [90m[39m
[35m[HTTP][39m [37m-->[39m [37mGET[39m [37m/wd/hub/session/9a9cf67f-4b70-4d8b-b0d2-a2f658af1308[39m
[35m[HTTP][39m [90m{}[39m
[35m[HTTP][39m [37m<-- GET /wd/hub/session/9a9cf67f-4b70-4d8b-b0d2-a2f658af1308 [39m[32m200[39m [90m21 ms - 1260[39m
[35m[HTTP][39m [90m[39m
[35m[HTTP][39m [37m-->[39m [37mGET[39m [37m/wd/hub/session/9a9cf67f-4b70-4d8b-b0d2-a2f658af1308[39m
[35m[HTTP][39m [90m{}[39m
[35m[HTTP][39m [37m<-- GET /wd/hub/session/9a9cf67f-4b70-4d8b-b0d2-a2f658af1308 [39m[32m200[39m [90m17 ms - 1260[39m
[35m[HTTP][39m [90m[39m
[35m[HTTP][39m [37m-->[39m [37mGET[39m [37m/wd/hub/session/9a9cf67f-4b70-4d8b-b0d2-a2f658af1308[39m
[35m[HTTP][39m [90m{}[39m
[35m[HTTP][39m [37m<-- GET /wd/hub/session/9a9cf67f-4b70-4d8b-b0d2-a2f658af1308 [39m[32m200[39m [90m25 ms - 1260[39m
[35m[HTTP][39m [90m[39m
[35m[HTTP][39m [37m-->[39m [37mGET[39m [37m/wd/hub/session/9a9cf67f-4b70-4d8b-b0d2-a2f658af1308[39m
[35m[HTTP][39m [90m{}[39m
[35m[HTTP][39m [37m<-- GET /wd/hub/session/9a9cf67f-4b70-4d8b-b0d2-a2f658af1308 [39m[32m200[39m [90m22 ms - 1260[39m
[35m[HTTP][39m [90m[39m
[35m[HTTP][39m [37m-->[39m [37mGET[39m [37m/wd/hub/session/9a9cf67f-4b70-4d8b-b0d2-a2f658af1308/element/4b8adc20-cf83-4be6-9b22-5e0515128eae/location[39m
[35m[HTTP][39m [90m{}[39m
[35m[W3C][39m Driver proxy active, passing request on via HTTP proxy
[35m[JSONWP Proxy][39m Replacing sessionId 3ace5850-fa6e-46c4-8de4-a015899ee472 with 9a9cf67f-4b70-4d8b-b0d2-a2f658af1308
[35m[HTTP][39m [37m<-- GET /wd/hub/session/9a9cf67f-4b70-4d8b-b0d2-a2f658af1308/element/4b8adc20-cf83-4be6-9b22-5e0515128eae/location [39m[32m200[39m [90m55 ms - 88[39m
[35m[HTTP][39m [90m[39m
[35m[HTTP][39m [37m-->[39m [37mPOST[39m [37m/wd/hub/session/9a9cf67f-4b70-4d8b-b0d2-a2f658af1308/element/4b8adc20-cf83-4be6-9b22-5e0515128eae/clear[39m
[35m[HTTP][39m [90m{"id":"4b8adc20-cf83-4be6-9b22-5e0515128eae"}[39m
[35m[HTTP][39m [37m<-- POST /wd/hub/session/9a9cf67f-4b70-4d8b-b0d2-a2f658af1308/element/4b8adc20-cf83-4be6-9b22-5e0515128eae/clear [39m[32m200[39m [90m137 ms - 89[39m
[35m[HTTP][39m [90m[39m
[35m[HTTP][39m [37m-->[39m [37mPOST[39m [37m/wd/hub/session/9a9cf67f-4b70-4d8b-b0d2-a2f658af1308/element/4b8adc20-cf83-4be6-9b22-5e0515128eae/value[39m
[35m[HTTP][39m [90m{"id":"4b8adc20-cf83-4be6-9b22-5e0515128eae","value":["santi.wahyuni@wgs.co.id"]}[39m
[35m[HTTP][39m [37m<-- POST /wd/hub/session/9a9cf67f-4b70-4d8b-b0d2-a2f658af1308/element/4b8adc20-cf83-4be6-9b22-5e0515128eae/value [39m[32m200[39m [90m769 ms - 74[39m
[35m[HTTP][39m [90m[39m
[35m[HTTP][39m [37m-->[39m [37mGET[39m [37m/wd/hub/session/9a9cf67f-4b70-4d8b-b0d2-a2f658af1308/window/current/size[39m
[35m[HTTP][39m [90m{}[39m
[35m[W3C][39m Driver proxy active, passing request on via HTTP proxy
[35m[JSONWP Proxy][39m Replacing sessionId 3ace5850-fa6e-46c4-8de4-a015899ee472 with 9a9cf67f-4b70-4d8b-b0d2-a2f658af1308
[35m[HTTP][39m [37m<-- GET /wd/hub/session/9a9cf67f-4b70-4d8b-b0d2-a2f658af1308/window/current/size [39m[32m200[39m [90m25 ms - 99[39m
[35m[HTTP][39m [90m[39m
[35m[HTTP][39m [37m-->[39m [37mPOST[39m [37m/wd/hub/session/9a9cf67f-4b70-4d8b-b0d2-a2f658af1308/elements[39m
[35m[HTTP][39m [90m{"using":"-android uiautomator","value":"new UiSelector().className(\"android.widget.Button\").text(\"Next\").resourceId(\"id.astra.stable.movic:id/mBtnNext\").instance(0)"}[39m
[35m[HTTP][39m [37m<-- POST /wd/hub/session/9a9cf67f-4b70-4d8b-b0d2-a2f658af1308/elements [39m[32m200[39m [90m484 ms - 124[39m
[35m[HTTP][39m [90m[39m
[35m[HTTP][39m [37m-->[39m [37mGET[39m [37m/wd/hub/session/9a9cf67f-4b70-4d8b-b0d2-a2f658af1308[39m
[35m[HTTP][39m [90m{}[39m
[35m[HTTP][39m [37m<-- GET /wd/hub/session/9a9cf67f-4b70-4d8b-b0d2-a2f658af1308 [39m[32m200[39m [90m15 ms - 1260[39m
[35m[HTTP][39m [90m[39m
[35m[HTTP][39m [37m-->[39m [37mGET[39m [37m/wd/hub/session/9a9cf67f-4b70-4d8b-b0d2-a2f658af1308[39m
[35m[HTTP][39m [90m{}[39m
[35m[HTTP][39m [37m<-- GET /wd/hub/session/9a9cf67f-4b70-4d8b-b0d2-a2f658af1308 [39m[32m200[39m [90m23 ms - 1260[39m
[35m[HTTP][39m [90m[39m
[35m[HTTP][39m [37m-->[39m [37mGET[39m [37m/wd/hub/session/9a9cf67f-4b70-4d8b-b0d2-a2f658af1308[39m
[35m[HTTP][39m [90m{}[39m
[35m[HTTP][39m [37m<-- GET /wd/hub/session/9a9cf67f-4b70-4d8b-b0d2-a2f658af1308 [39m[32m200[39m [90m21 ms - 1260[39m
[35m[HTTP][39m [90m[39m
[35m[HTTP][39m [37m-->[39m [37mGET[39m [37m/wd/hub/session/9a9cf67f-4b70-4d8b-b0d2-a2f658af1308[39m
[35m[HTTP][39m [90m{}[39m
[35m[HTTP][39m [37m<-- GET /wd/hub/session/9a9cf67f-4b70-4d8b-b0d2-a2f658af1308 [39m[32m200[39m [90m22 ms - 1260[39m
[35m[HTTP][39m [90m[39m
[35m[HTTP][39m [37m-->[39m [37mGET[39m [37m/wd/hub/session/9a9cf67f-4b70-4d8b-b0d2-a2f658af1308/element/7dd9a195-fe4a-4367-85ed-e82b6ae95b56/location[39m
[35m[HTTP][39m [90m{}[39m
[35m[W3C][39m Driver proxy active, passing request on via HTTP proxy
[35m[JSONWP Proxy][39m Replacing sessionId 3ace5850-fa6e-46c4-8de4-a015899ee472 with 9a9cf67f-4b70-4d8b-b0d2-a2f658af1308
[35m[HTTP][39m [37m<-- GET /wd/hub/session/9a9cf67f-4b70-4d8b-b0d2-a2f658af1308/element/7dd9a195-fe4a-4367-85ed-e82b6ae95b56/location [39m[32m200[39m [90m51 ms - 89[39m
[35m[HTTP][39m [90m[39m
[35m[HTTP][39m [37m-->[39m [37mPOST[39m [37m/wd/hub/session/9a9cf67f-4b70-4d8b-b0d2-a2f658af1308/touch/perform[39m
[35m[HTTP][39m [90m{"actions":[{"action":"tap","options":{"element":"7dd9a195-fe4a-4367-85ed-e82b6ae95b56","x":1,"y":1}}]}[39m
[35m[UiAutomator2][39m calling get location: 7dd9a195-fe4a-4367-85ed-e82b6ae95b56
[35m[HTTP][39m [37m<-- POST /wd/hub/session/9a9cf67f-4b70-4d8b-b0d2-a2f658af1308/touch/perform [39m[32m200[39m [90m2020 ms - 76[39m
[35m[HTTP][39m [90m[39m
[35m[HTTP][39m [37m-->[39m [37mGET[39m [37m/wd/hub/session/9a9cf67f-4b70-4d8b-b0d2-a2f658af1308/window/current/size[39m
[35m[HTTP][39m [90m{}[39m
[35m[W3C][39m Driver proxy active, passing request on via HTTP proxy
[35m[JSONWP Proxy][39m Replacing sessionId 3ace5850-fa6e-46c4-8de4-a015899ee472 with 9a9cf67f-4b70-4d8b-b0d2-a2f658af1308
[35m[HTTP][39m [37m<-- GET /wd/hub/session/9a9cf67f-4b70-4d8b-b0d2-a2f658af1308/window/current/size [39m[32m200[39m [90m33 ms - 99[39m
[35m[HTTP][39m [90m[39m
[35m[HTTP][39m [37m-->[39m [37mPOST[39m [37m/wd/hub/session/9a9cf67f-4b70-4d8b-b0d2-a2f658af1308/elements[39m
[35m[HTTP][39m [90m{"using":"-android uiautomator","value":"new UiSelector().className(\"android.widget.EditText\").resourceId(\"id.astra.stable.movic:id/mTxtPassword\").instance(0)"}[39m
[35m[HTTP][39m [37m<-- POST /wd/hub/session/9a9cf67f-4b70-4d8b-b0d2-a2f658af1308/elements [39m[32m200[39m [90m75 ms - 124[39m
[35m[HTTP][39m [90m[39m
[35m[HTTP][39m [37m-->[39m [37mGET[39m [37m/wd/hub/session/9a9cf67f-4b70-4d8b-b0d2-a2f658af1308[39m
[35m[HTTP][39m [90m{}[39m
[35m[HTTP][39m [37m<-- GET /wd/hub/session/9a9cf67f-4b70-4d8b-b0d2-a2f658af1308 [39m[32m200[39m [90m19 ms - 1260[39m
[35m[HTTP][39m [90m[39m
[35m[HTTP][39m [37m-->[39m [37mGET[39m [37m/wd/hub/session/9a9cf67f-4b70-4d8b-b0d2-a2f658af1308[39m
[35m[HTTP][39m [90m{}[39m
[35m[HTTP][39m [37m<-- GET /wd/hub/session/9a9cf67f-4b70-4d8b-b0d2-a2f658af1308 [39m[32m200[39m [90m24 ms - 1260[39m
[35m[HTTP][39m [90m[39m
[35m[HTTP][39m [37m-->[39m [37mGET[39m [37m/wd/hub/session/9a9cf67f-4b70-4d8b-b0d2-a2f658af1308[39m
[35m[HTTP][39m [90m{}[39m
[35m[HTTP][39m [37m<-- GET /wd/hub/session/9a9cf67f-4b70-4d8b-b0d2-a2f658af1308 [39m[32m200[39m [90m30 ms - 1260[39m
[35m[HTTP][39m [90m[39m
[35m[HTTP][39m [37m-->[39m [37mGET[39m [37m/wd/hub/session/9a9cf67f-4b70-4d8b-b0d2-a2f658af1308[39m
[35m[HTTP][39m [90m{}[39m
[35m[HTTP][39m [37m<-- GET /wd/hub/session/9a9cf67f-4b70-4d8b-b0d2-a2f658af1308 [39m[32m200[39m [90m25 ms - 1260[39m
[35m[HTTP][39m [90m[39m
[35m[HTTP][39m [37m-->[39m [37mGET[39m [37m/wd/hub/session/9a9cf67f-4b70-4d8b-b0d2-a2f658af1308/element/f245467e-a4f6-4952-864a-b3e53747e7e7/location[39m
[35m[HTTP][39m [90m{}[39m
[35m[W3C][39m Driver proxy active, passing request on via HTTP proxy
[35m[JSONWP Proxy][39m Replacing sessionId 3ace5850-fa6e-46c4-8de4-a015899ee472 with 9a9cf67f-4b70-4d8b-b0d2-a2f658af1308
[35m[HTTP][39m [37m<-- GET /wd/hub/session/9a9cf67f-4b70-4d8b-b0d2-a2f658af1308/element/f245467e-a4f6-4952-864a-b3e53747e7e7/location [39m[32m200[39m [90m47 ms - 88[39m
[35m[HTTP][39m [90m[39m
[35m[HTTP][39m [37m-->[39m [37mPOST[39m [37m/wd/hub/session/9a9cf67f-4b70-4d8b-b0d2-a2f658af1308/element/f245467e-a4f6-4952-864a-b3e53747e7e7/clear[39m
[35m[HTTP][39m [90m{"id":"f245467e-a4f6-4952-864a-b3e53747e7e7"}[39m
[35m[HTTP][39m [37m<-- POST /wd/hub/session/9a9cf67f-4b70-4d8b-b0d2-a2f658af1308/element/f245467e-a4f6-4952-864a-b3e53747e7e7/clear [39m[32m200[39m [90m40 ms - 89[39m
[35m[HTTP][39m [90m[39m
[35m[HTTP][39m [37m-->[39m [37mPOST[39m [37m/wd/hub/session/9a9cf67f-4b70-4d8b-b0d2-a2f658af1308/element/f245467e-a4f6-4952-864a-b3e53747e7e7/value[39m
[35m[HTTP][39m [90m{"id":"f245467e-a4f6-4952-864a-b3e53747e7e7","value":["P@ssword789"]}[39m
[35m[HTTP][39m [37m<-- POST /wd/hub/session/9a9cf67f-4b70-4d8b-b0d2-a2f658af1308/element/f245467e-a4f6-4952-864a-b3e53747e7e7/value [39m[32m200[39m [90m1252 ms - 74[39m
[35m[HTTP][39m [90m[39m
[35m[HTTP][39m [37m-->[39m [37mGET[39m [37m/wd/hub/session/9a9cf67f-4b70-4d8b-b0d2-a2f658af1308/context[39m
[35m[HTTP][39m [90m{}[39m
[35m[HTTP][39m [37m<-- GET /wd/hub/session/9a9cf67f-4b70-4d8b-b0d2-a2f658af1308/context [39m[32m200[39m [90m5 ms - 84[39m
[35m[HTTP][39m [90m[39m
[35m[HTTP][39m [37m-->[39m [37mGET[39m [37m/wd/hub/session/9a9cf67f-4b70-4d8b-b0d2-a2f658af1308/contexts[39m
[35m[HTTP][39m [90m{}[39m
[35m[HTTP][39m [37m<-- GET /wd/hub/session/9a9cf67f-4b70-4d8b-b0d2-a2f658af1308/contexts [39m[32m200[39m [90m146 ms - 86[39m
[35m[HTTP][39m [90m[39m
[35m[HTTP][39m [37m-->[39m [37mPOST[39m [37m/wd/hub/session/9a9cf67f-4b70-4d8b-b0d2-a2f658af1308/context[39m
[35m[HTTP][39m [90m{"name":"NATIVE_APP"}[39m
[35m[HTTP][39m [37m<-- POST /wd/hub/session/9a9cf67f-4b70-4d8b-b0d2-a2f658af1308/context [39m[32m200[39m [90m94 ms - 76[39m
[35m[HTTP][39m [90m[39m
[35m[HTTP][39m [37m-->[39m [37mPOST[39m [37m/wd/hub/session/9a9cf67f-4b70-4d8b-b0d2-a2f658af1308/appium/device/hide_keyboard[39m
[35m[HTTP][39m [90m{}[39m
[35m[HTTP][39m [37m<-- POST /wd/hub/session/9a9cf67f-4b70-4d8b-b0d2-a2f658af1308/appium/device/hide_keyboard [39m[32m200[39m [90m1671 ms - 76[39m
[35m[HTTP][39m [90m[39m
[35m[HTTP][39m [37m-->[39m [37mPOST[39m [37m/wd/hub/session/9a9cf67f-4b70-4d8b-b0d2-a2f658af1308/context[39m
[35m[HTTP][39m [90m{"name":"NATIVE_APP"}[39m
[35m[HTTP][39m [37m<-- POST /wd/hub/session/9a9cf67f-4b70-4d8b-b0d2-a2f658af1308/context [39m[32m200[39m [90m92 ms - 76[39m
[35m[HTTP][39m [90m[39m
[35m[HTTP][39m [37m-->[39m [37mGET[39m [37m/wd/hub/session/9a9cf67f-4b70-4d8b-b0d2-a2f658af1308/window/current/size[39m
[35m[HTTP][39m [90m{}[39m
[35m[W3C][39m Driver proxy active, passing request on via HTTP proxy
[35m[JSONWP Proxy][39m Replacing sessionId 3ace5850-fa6e-46c4-8de4-a015899ee472 with 9a9cf67f-4b70-4d8b-b0d2-a2f658af1308
[35m[HTTP][39m [37m<-- GET /wd/hub/session/9a9cf67f-4b70-4d8b-b0d2-a2f658af1308/window/current/size [39m[32m200[39m [90m29 ms - 99[39m
[35m[HTTP][39m [90m[39m
[35m[HTTP][39m [37m-->[39m [37mPOST[39m [37m/wd/hub/session/9a9cf67f-4b70-4d8b-b0d2-a2f658af1308/elements[39m
[35m[HTTP][39m [90m{"using":"-android uiautomator","value":"new UiSelector().className(\"android.widget.Button\").text(\"Start Movic\").resourceId(\"id.astra.stable.movic:id/mBtnNext\").instance(0)"}[39m
[35m[HTTP][39m [37m<-- POST /wd/hub/session/9a9cf67f-4b70-4d8b-b0d2-a2f658af1308/elements [39m[32m200[39m [90m491 ms - 124[39m
[35m[HTTP][39m [90m[39m
[35m[HTTP][39m [37m-->[39m [37mGET[39m [37m/wd/hub/session/9a9cf67f-4b70-4d8b-b0d2-a2f658af1308[39m
[35m[HTTP][39m [90m{}[39m
[35m[HTTP][39m [37m<-- GET /wd/hub/session/9a9cf67f-4b70-4d8b-b0d2-a2f658af1308 [39m[32m200[39m [90m104 ms - 1260[39m
[35m[HTTP][39m [90m[39m
[35m[HTTP][39m [37m-->[39m [37mGET[39m [37m/wd/hub/session/9a9cf67f-4b70-4d8b-b0d2-a2f658af1308[39m
[35m[HTTP][39m [90m{}[39m
[35m[HTTP][39m [37m<-- GET /wd/hub/session/9a9cf67f-4b70-4d8b-b0d2-a2f658af1308 [39m[32m200[39m [90m36 ms - 1260[39m
[35m[HTTP][39m [90m[39m
[35m[HTTP][39m [37m-->[39m [37mGET[39m [37m/wd/hub/session/9a9cf67f-4b70-4d8b-b0d2-a2f658af1308[39m
[35m[HTTP][39m [90m{}[39m
[35m[HTTP][39m [37m<-- GET /wd/hub/session/9a9cf67f-4b70-4d8b-b0d2-a2f658af1308 [39m[32m200[39m [90m25 ms - 1260[39m
[35m[HTTP][39m [90m[39m
[35m[HTTP][39m [37m-->[39m [37mGET[39m [37m/wd/hub/session/9a9cf67f-4b70-4d8b-b0d2-a2f658af1308[39m
[35m[HTTP][39m [90m{}[39m
[35m[HTTP][39m [37m<-- GET /wd/hub/session/9a9cf67f-4b70-4d8b-b0d2-a2f658af1308 [39m[32m200[39m [90m24 ms - 1260[39m
[35m[HTTP][39m [90m[39m
[35m[HTTP][39m [37m-->[39m [37mGET[39m [37m/wd/hub/session/9a9cf67f-4b70-4d8b-b0d2-a2f658af1308/element/fc254317-302e-4e56-846f-306b3c3a054f/location[39m
[35m[HTTP][39m [90m{}[39m
[35m[W3C][39m Driver proxy active, passing request on via HTTP proxy
[35m[JSONWP Proxy][39m Replacing sessionId 3ace5850-fa6e-46c4-8de4-a015899ee472 with 9a9cf67f-4b70-4d8b-b0d2-a2f658af1308
[35m[HTTP][39m [37m<-- GET /wd/hub/session/9a9cf67f-4b70-4d8b-b0d2-a2f658af1308/element/fc254317-302e-4e56-846f-306b3c3a054f/location [39m[32m200[39m [90m52 ms - 89[39m
[35m[HTTP][39m [90m[39m
[35m[HTTP][39m [37m-->[39m [37mPOST[39m [37m/wd/hub/session/9a9cf67f-4b70-4d8b-b0d2-a2f658af1308/touch/perform[39m
[35m[HTTP][39m [90m{"actions":[{"action":"tap","options":{"element":"fc254317-302e-4e56-846f-306b3c3a054f","x":1,"y":1}}]}[39m
[35m[UiAutomator2][39m calling get location: fc254317-302e-4e56-846f-306b3c3a054f
[35m[HTTP][39m [37m<-- POST /wd/hub/session/9a9cf67f-4b70-4d8b-b0d2-a2f658af1308/touch/perform [39m[32m200[39m [90m1000 ms - 76[39m
[35m[HTTP][39m [90m[39m
[35m[HTTP][39m [37m-->[39m [37mGET[39m [37m/wd/hub/session/9a9cf67f-4b70-4d8b-b0d2-a2f658af1308/window/current/size[39m
[35m[HTTP][39m [90m{}[39m
[35m[W3C][39m Driver proxy active, passing request on via HTTP proxy
[35m[JSONWP Proxy][39m Replacing sessionId 3ace5850-fa6e-46c4-8de4-a015899ee472 with 9a9cf67f-4b70-4d8b-b0d2-a2f658af1308
[35m[HTTP][39m [37m<-- GET /wd/hub/session/9a9cf67f-4b70-4d8b-b0d2-a2f658af1308/window/current/size [39m[32m200[39m [90m32 ms - 99[39m
[35m[HTTP][39m [90m[39m
[35m[HTTP][39m [37m-->[39m [37mPOST[39m [37m/wd/hub/session/9a9cf67f-4b70-4d8b-b0d2-a2f658af1308/elements[39m
[35m[HTTP][39m [90m{"using":"-android uiautomator","value":"new UiSelector().className(\"android.widget.TextView\").text(\"Show more\").resourceId(\"id.astra.stable.movic:id/tvShowPromo\").instance(6)"}[39m
[35m[HTTP][39m [37m<-- POST /wd/hub/session/9a9cf67f-4b70-4d8b-b0d2-a2f658af1308/elements [39m[32m200[39m [90m185 ms - 124[39m
[35m[HTTP][39m [90m[39m
[35m[HTTP][39m [37m-->[39m [37mGET[39m [37m/wd/hub/session/9a9cf67f-4b70-4d8b-b0d2-a2f658af1308[39m
[35m[HTTP][39m [90m{}[39m
[35m[HTTP][39m [37m<-- GET /wd/hub/session/9a9cf67f-4b70-4d8b-b0d2-a2f658af1308 [39m[32m200[39m [90m20 ms - 1260[39m
[35m[HTTP][39m [90m[39m
[35m[HTTP][39m [37m-->[39m [37mGET[39m [37m/wd/hub/session/9a9cf67f-4b70-4d8b-b0d2-a2f658af1308[39m
[35m[HTTP][39m [90m{}[39m
[35m[HTTP][39m [37m<-- GET /wd/hub/session/9a9cf67f-4b70-4d8b-b0d2-a2f658af1308 [39m[32m200[39m [90m20 ms - 1260[39m
[35m[HTTP][39m [90m[39m
[35m[HTTP][39m [37m-->[39m [37mGET[39m [37m/wd/hub/session/9a9cf67f-4b70-4d8b-b0d2-a2f658af1308[39m
[35m[HTTP][39m [90m{}[39m
[35m[HTTP][39m [37m<-- GET /wd/hub/session/9a9cf67f-4b70-4d8b-b0d2-a2f658af1308 [39m[32m200[39m [90m22 ms - 1260[39m
[35m[HTTP][39m [90m[39m
[35m[HTTP][39m [37m-->[39m [37mGET[39m [37m/wd/hub/session/9a9cf67f-4b70-4d8b-b0d2-a2f658af1308[39m
[35m[HTTP][39m [90m{}[39m
[35m[HTTP][39m [37m<-- GET /wd/hub/session/9a9cf67f-4b70-4d8b-b0d2-a2f658af1308 [39m[32m200[39m [90m23 ms - 1260[39m
[35m[HTTP][39m [90m[39m
[35m[HTTP][39m [37m-->[39m [37mGET[39m [37m/wd/hub/session/9a9cf67f-4b70-4d8b-b0d2-a2f658af1308/element/81090712-1643-4a63-95a1-0cc43ab43d78/location[39m
[35m[HTTP][39m [90m{}[39m
[35m[W3C][39m Driver proxy active, passing request on via HTTP proxy
[35m[JSONWP Proxy][39m Replacing sessionId 3ace5850-fa6e-46c4-8de4-a015899ee472 with 9a9cf67f-4b70-4d8b-b0d2-a2f658af1308
[35m[HTTP][39m [37m<-- GET /wd/hub/session/9a9cf67f-4b70-4d8b-b0d2-a2f658af1308/element/81090712-1643-4a63-95a1-0cc43ab43d78/location [39m[32m200[39m [90m58 ms - 89[39m
[35m[HTTP][39m [90m[39m
[35m[HTTP][39m [37m-->[39m [37mPOST[39m [37m/wd/hub/session/9a9cf67f-4b70-4d8b-b0d2-a2f658af1308/touch/perform[39m
[35m[HTTP][39m [90m{"actions":[{"action":"tap","options":{"element":"81090712-1643-4a63-95a1-0cc43ab43d78","x":1,"y":1}}]}[39m
[35m[UiAutomator2][39m calling get location: 81090712-1643-4a63-95a1-0cc43ab43d78
[35m[HTTP][39m [37m<-- POST /wd/hub/session/9a9cf67f-4b70-4d8b-b0d2-a2f658af1308/touch/perform [39m[32m200[39m [90m2120 ms - 76[39m
[35m[HTTP][39m [90m[39m
[35m[HTTP][39m [37m-->[39m [37mGET[39m [37m/wd/hub/session/9a9cf67f-4b70-4d8b-b0d2-a2f658af1308/window/current/size[39m
[35m[HTTP][39m [90m{}[39m
[35m[W3C][39m Driver proxy active, passing request on via HTTP proxy
[35m[JSONWP Proxy][39m Replacing sessionId 3ace5850-fa6e-46c4-8de4-a015899ee472 with 9a9cf67f-4b70-4d8b-b0d2-a2f658af1308
[35m[HTTP][39m [37m<-- GET /wd/hub/session/9a9cf67f-4b70-4d8b-b0d2-a2f658af1308/window/current/size [39m[32m200[39m [90m30 ms - 99[39m
[35m[HTTP][39m [90m[39m
[35m[HTTP][39m [37m-->[39m [37mPOST[39m [37m/wd/hub/session/9a9cf67f-4b70-4d8b-b0d2-a2f658af1308/elements[39m
[35m[HTTP][39m [90m{"using":"-android uiautomator","value":"new UiSelector().text(\"Info\")"}[39m
[35m[HTTP][39m [37m<-- POST /wd/hub/session/9a9cf67f-4b70-4d8b-b0d2-a2f658af1308/elements [39m[32m200[39m [90m100 ms - 124[39m
[35m[HTTP][39m [90m[39m
[35m[HTTP][39m [37m-->[39m [37mGET[39m [37m/wd/hub/session/9a9cf67f-4b70-4d8b-b0d2-a2f658af1308[39m
[35m[HTTP][39m [90m{}[39m
[35m[HTTP][39m [37m<-- GET /wd/hub/session/9a9cf67f-4b70-4d8b-b0d2-a2f658af1308 [39m[32m200[39m [90m43 ms - 1260[39m
[35m[HTTP][39m [90m[39m
[35m[HTTP][39m [37m-->[39m [37mGET[39m [37m/wd/hub/session/9a9cf67f-4b70-4d8b-b0d2-a2f658af1308[39m
[35m[HTTP][39m [90m{}[39m
[35m[HTTP][39m [37m<-- GET /wd/hub/session/9a9cf67f-4b70-4d8b-b0d2-a2f658af1308 [39m[32m200[39m [90m22 ms - 1260[39m
[35m[HTTP][39m [90m[39m
[35m[HTTP][39m [37m-->[39m [37mGET[39m [37m/wd/hub/session/9a9cf67f-4b70-4d8b-b0d2-a2f658af1308[39m
[35m[HTTP][39m [90m{}[39m
[35m[HTTP][39m [37m<-- GET /wd/hub/session/9a9cf67f-4b70-4d8b-b0d2-a2f658af1308 [39m[32m200[39m [90m23 ms - 1260[39m
[35m[HTTP][39m [90m[39m
[35m[HTTP][39m [37m-->[39m [37mGET[39m [37m/wd/hub/session/9a9cf67f-4b70-4d8b-b0d2-a2f658af1308[39m
[35m[HTTP][39m [90m{}[39m
[35m[HTTP][39m [37m<-- GET /wd/hub/session/9a9cf67f-4b70-4d8b-b0d2-a2f658af1308 [39m[32m200[39m [90m25 ms - 1260[39m
[35m[HTTP][39m [90m[39m
[35m[HTTP][39m [37m-->[39m [37mGET[39m [37m/wd/hub/session/9a9cf67f-4b70-4d8b-b0d2-a2f658af1308/element/f2f04975-06bc-4789-98dd-933a371e9036/location[39m
[35m[HTTP][39m [90m{}[39m
[35m[W3C][39m Driver proxy active, passing request on via HTTP proxy
[35m[JSONWP Proxy][39m Replacing sessionId 3ace5850-fa6e-46c4-8de4-a015899ee472 with 9a9cf67f-4b70-4d8b-b0d2-a2f658af1308
[35m[HTTP][39m [37m<-- GET /wd/hub/session/9a9cf67f-4b70-4d8b-b0d2-a2f658af1308/element/f2f04975-06bc-4789-98dd-933a371e9036/location [39m[32m200[39m [90m61 ms - 89[39m
[35m[HTTP][39m [90m[39m
[35m[HTTP][39m [37m-->[39m [37mPOST[39m [37m/wd/hub/session/9a9cf67f-4b70-4d8b-b0d2-a2f658af1308/touch/perform[39m
[35m[HTTP][39m [90m{"actions":[{"action":"tap","options":{"element":"f2f04975-06bc-4789-98dd-933a371e9036","x":1,"y":1}}]}[39m
[35m[UiAutomator2][39m calling get location: f2f04975-06bc-4789-98dd-933a371e9036
[35m[HTTP][39m [37m<-- POST /wd/hub/session/9a9cf67f-4b70-4d8b-b0d2-a2f658af1308/touch/perform [39m[32m200[39m [90m957 ms - 76[39m
[35m[HTTP][39m [90m[39m
[35m[HTTP][39m [37m-->[39m [37mGET[39m [37m/wd/hub/session/9a9cf67f-4b70-4d8b-b0d2-a2f658af1308/window/current/size[39m
[35m[HTTP][39m [90m{}[39m
[35m[W3C][39m Driver proxy active, passing request on via HTTP proxy
[35m[JSONWP Proxy][39m Replacing sessionId 3ace5850-fa6e-46c4-8de4-a015899ee472 with 9a9cf67f-4b70-4d8b-b0d2-a2f658af1308
[35m[HTTP][39m [37m<-- GET /wd/hub/session/9a9cf67f-4b70-4d8b-b0d2-a2f658af1308/window/current/size [39m[32m200[39m [90m29 ms - 99[39m
[35m[HTTP][39m [90m[39m
[35m[HTTP][39m [37m-->[39m [37mPOST[39m [37m/wd/hub/session/9a9cf67f-4b70-4d8b-b0d2-a2f658af1308/elements[39m
[35m[HTTP][39m [90m{"using":"-android uiautomator","value":"new UiSelector().className(\"android.widget.LinearLayout\").resourceId(\"id.astra.stable.movic:id/layTop\").instance(4)"}[39m
[35m[HTTP][39m [37m<-- POST /wd/hub/session/9a9cf67f-4b70-4d8b-b0d2-a2f658af1308/elements [39m[32m200[39m [90m232 ms - 277[39m
[35m[HTTP][39m [90m[39m
[35m[HTTP][39m [37m-->[39m [37mGET[39m [37m/wd/hub/session/9a9cf67f-4b70-4d8b-b0d2-a2f658af1308[39m
[35m[HTTP][39m [90m{}[39m
[35m[HTTP][39m [37m<-- GET /wd/hub/session/9a9cf67f-4b70-4d8b-b0d2-a2f658af1308 [39m[32m200[39m [90m18 ms - 1260[39m
[35m[HTTP][39m [90m[39m
[35m[HTTP][39m [37m-->[39m [37mGET[39m [37m/wd/hub/session/9a9cf67f-4b70-4d8b-b0d2-a2f658af1308[39m
[35m[HTTP][39m [90m{}[39m
[35m[HTTP][39m [37m<-- GET /wd/hub/session/9a9cf67f-4b70-4d8b-b0d2-a2f658af1308 [39m[32m200[39m [90m17 ms - 1260[39m
[35m[HTTP][39m [90m[39m
[35m[HTTP][39m [37m-->[39m [37mGET[39m [37m/wd/hub/session/9a9cf67f-4b70-4d8b-b0d2-a2f658af1308[39m
[35m[HTTP][39m [90m{}[39m
[35m[HTTP][39m [37m<-- GET /wd/hub/session/9a9cf67f-4b70-4d8b-b0d2-a2f658af1308 [39m[32m200[39m [90m14 ms - 1260[39m
[35m[HTTP][39m [90m[39m
[35m[HTTP][39m [37m-->[39m [37mGET[39m [37m/wd/hub/session/9a9cf67f-4b70-4d8b-b0d2-a2f658af1308[39m
[35m[HTTP][39m [90m{}[39m
[35m[HTTP][39m [37m<-- GET /wd/hub/session/9a9cf67f-4b70-4d8b-b0d2-a2f658af1308 [39m[32m200[39m [90m15 ms - 1260[39m
[35m[HTTP][39m [90m[39m
[35m[HTTP][39m [37m-->[39m [37mGET[39m [37m/wd/hub/session/9a9cf67f-4b70-4d8b-b0d2-a2f658af1308[39m
[35m[HTTP][39m [90m{}[39m
[35m[HTTP][39m [37m<-- GET /wd/hub/session/9a9cf67f-4b70-4d8b-b0d2-a2f658af1308 [39m[32m200[39m [90m18 ms - 1260[39m
[35m[HTTP][39m [90m[39m
[35m[HTTP][39m [37m-->[39m [37mGET[39m [37m/wd/hub/session/9a9cf67f-4b70-4d8b-b0d2-a2f658af1308[39m
[35m[HTTP][39m [90m{}[39m
[35m[HTTP][39m [37m<-- GET /wd/hub/session/9a9cf67f-4b70-4d8b-b0d2-a2f658af1308 [39m[32m200[39m [90m13 ms - 1260[39m
[35m[HTTP][39m [90m[39m
[35m[HTTP][39m [37m-->[39m [37mGET[39m [37m/wd/hub/session/9a9cf67f-4b70-4d8b-b0d2-a2f658af1308[39m
[35m[HTTP][39m [90m{}[39m
[35m[HTTP][39m [37m<-- GET /wd/hub/session/9a9cf67f-4b70-4d8b-b0d2-a2f658af1308 [39m[32m200[39m [90m15 ms - 1260[39m
[35m[HTTP][39m [90m[39m
[35m[HTTP][39m [37m-->[39m [37mGET[39m [37m/wd/hub/session/9a9cf67f-4b70-4d8b-b0d2-a2f658af1308[39m
[35m[HTTP][39m [90m{}[39m
[35m[HTTP][39m [37m<-- GET /wd/hub/session/9a9cf67f-4b70-4d8b-b0d2-a2f658af1308 [39m[32m200[39m [90m14 ms - 1260[39m
[35m[HTTP][39m [90m[39m
[35m[HTTP][39m [37m-->[39m [37mGET[39m [37m/wd/hub/session/9a9cf67f-4b70-4d8b-b0d2-a2f658af1308[39m
[35m[HTTP][39m [90m{}[39m
[35m[HTTP][39m [37m<-- GET /wd/hub/session/9a9cf67f-4b70-4d8b-b0d2-a2f658af1308 [39m[32m200[39m [90m14 ms - 1260[39m
[35m[HTTP][39m [90m[39m
[35m[HTTP][39m [37m-->[39m [37mGET[39m [37m/wd/hub/session/9a9cf67f-4b70-4d8b-b0d2-a2f658af1308[39m
[35m[HTTP][39m [90m{}[39m
[35m[HTTP][39m [37m<-- GET /wd/hub/session/9a9cf67f-4b70-4d8b-b0d2-a2f658af1308 [39m[32m200[39m [90m13 ms - 1260[39m
[35m[HTTP][39m [90m[39m
[35m[HTTP][39m [37m-->[39m [37mGET[39m [37m/wd/hub/session/9a9cf67f-4b70-4d8b-b0d2-a2f658af1308[39m
[35m[HTTP][39m [90m{}[39m
[35m[HTTP][39m [37m<-- GET /wd/hub/session/9a9cf67f-4b70-4d8b-b0d2-a2f658af1308 [39m[32m200[39m [90m21 ms - 1260[39m
[35m[HTTP][39m [90m[39m
[35m[HTTP][39m [37m-->[39m [37mGET[39m [37m/wd/hub/session/9a9cf67f-4b70-4d8b-b0d2-a2f658af1308[39m
[35m[HTTP][39m [90m{}[39m
[35m[HTTP][39m [37m<-- GET /wd/hub/session/9a9cf67f-4b70-4d8b-b0d2-a2f658af1308 [39m[32m200[39m [90m24 ms - 1260[39m
[35m[HTTP][39m [90m[39m
[35m[HTTP][39m [37m-->[39m [37mGET[39m [37m/wd/hub/session/9a9cf67f-4b70-4d8b-b0d2-a2f658af1308[39m
[35m[HTTP][39m [90m{}[39m
[35m[HTTP][39m [37m<-- GET /wd/hub/session/9a9cf67f-4b70-4d8b-b0d2-a2f658af1308 [39m[32m200[39m [90m21 ms - 1260[39m
[35m[HTTP][39m [90m[39m
[35m[HTTP][39m [37m-->[39m [37mGET[39m [37m/wd/hub/session/9a9cf67f-4b70-4d8b-b0d2-a2f658af1308[39m
[35m[HTTP][39m [90m{}[39m
[35m[HTTP][39m [37m<-- GET /wd/hub/session/9a9cf67f-4b70-4d8b-b0d2-a2f658af1308 [39m[32m200[39m [90m20 ms - 1260[39m
[35m[HTTP][39m [90m[39m
[35m[HTTP][39m [37m-->[39m [37mGET[39m [37m/wd/hub/session/9a9cf67f-4b70-4d8b-b0d2-a2f658af1308[39m
[35m[HTTP][39m [90m{}[39m
[35m[HTTP][39m [37m<-- GET /wd/hub/session/9a9cf67f-4b70-4d8b-b0d2-a2f658af1308 [39m[32m200[39m [90m19 ms - 1260[39m
[35m[HTTP][39m [90m[39m
[35m[HTTP][39m [37m-->[39m [37mGET[39m [37m/wd/hub/session/9a9cf67f-4b70-4d8b-b0d2-a2f658af1308[39m
[35m[HTTP][39m [90m{}[39m
[35m[HTTP][39m [37m<-- GET /wd/hub/session/9a9cf67f-4b70-4d8b-b0d2-a2f658af1308 [39m[32m200[39m [90m20 ms - 1260[39m
[35m[HTTP][39m [90m[39m
[35m[HTTP][39m [37m-->[39m [37mGET[39m [37m/wd/hub/session/9a9cf67f-4b70-4d8b-b0d2-a2f658af1308/element/93247c46-ac14-420b-8c5c-7cdacc430879/location[39m
[35m[HTTP][39m [90m{}[39m
[35m[W3C][39m Driver proxy active, passing request on via HTTP proxy
[35m[JSONWP Proxy][39m Replacing sessionId 3ace5850-fa6e-46c4-8de4-a015899ee472 with 9a9cf67f-4b70-4d8b-b0d2-a2f658af1308
[35m[HTTP][39m [37m<-- GET /wd/hub/session/9a9cf67f-4b70-4d8b-b0d2-a2f658af1308/element/93247c46-ac14-420b-8c5c-7cdacc430879/location [39m[32m200[39m [90m54 ms - 88[39m
[35m[HTTP][39m [90m[39m
[35m[HTTP][39m [37m-->[39m [37mPOST[39m [37m/wd/hub/session/9a9cf67f-4b70-4d8b-b0d2-a2f658af1308/touch/perform[39m
[35m[HTTP][39m [90m{"actions":[{"action":"tap","options":{"element":"93247c46-ac14-420b-8c5c-7cdacc430879","x":1,"y":1}}]}[39m
[35m[UiAutomator2][39m calling get location: 93247c46-ac14-420b-8c5c-7cdacc430879
[35m[HTTP][39m [37m<-- POST /wd/hub/session/9a9cf67f-4b70-4d8b-b0d2-a2f658af1308/touch/perform [39m[32m200[39m [90m1738 ms - 76[39m
[35m[HTTP][39m [90m[39m
[35m[HTTP][39m [37m-->[39m [37mGET[39m [37m/wd/hub/session/9a9cf67f-4b70-4d8b-b0d2-a2f658af1308/window/current/size[39m
[35m[HTTP][39m [90m{}[39m
[35m[W3C][39m Driver proxy active, passing request on via HTTP proxy
[35m[JSONWP Proxy][39m Replacing sessionId 3ace5850-fa6e-46c4-8de4-a015899ee472 with 9a9cf67f-4b70-4d8b-b0d2-a2f658af1308
[35m[HTTP][39m [37m<-- GET /wd/hub/session/9a9cf67f-4b70-4d8b-b0d2-a2f658af1308/window/current/size [39m[32m200[39m [90m32 ms - 99[39m
[35m[HTTP][39m [90m[39m
[35m[HTTP][39m [37m-->[39m [37mPOST[39m [37m/wd/hub/session/9a9cf67f-4b70-4d8b-b0d2-a2f658af1308/elements[39m
[35m[HTTP][39m [90m{"using":"-android uiautomator","value":"new UiSelector().text(\"Promo\")"}[39m
[35m[HTTP][39m [37m<-- POST /wd/hub/session/9a9cf67f-4b70-4d8b-b0d2-a2f658af1308/elements [39m[32m200[39m [90m104 ms - 124[39m
[35m[HTTP][39m [90m[39m
[35m[HTTP][39m [37m-->[39m [37mGET[39m [37m/wd/hub/session/9a9cf67f-4b70-4d8b-b0d2-a2f658af1308[39m
[35m[HTTP][39m [90m{}[39m
[35m[HTTP][39m [37m<-- GET /wd/hub/session/9a9cf67f-4b70-4d8b-b0d2-a2f658af1308 [39m[32m200[39m [90m22 ms - 1260[39m
[35m[HTTP][39m [90m[39m
[35m[HTTP][39m [37m-->[39m [37mGET[39m [37m/wd/hub/session/9a9cf67f-4b70-4d8b-b0d2-a2f658af1308[39m
[35m[HTTP][39m [90m{}[39m
[35m[HTTP][39m [37m<-- GET /wd/hub/session/9a9cf67f-4b70-4d8b-b0d2-a2f658af1308 [39m[32m200[39m [90m26 ms - 1260[39m
[35m[HTTP][39m [90m[39m
[35m[HTTP][39m [37m-->[39m [37mGET[39m [37m/wd/hub/session/9a9cf67f-4b70-4d8b-b0d2-a2f658af1308[39m
[35m[HTTP][39m [90m{}[39m
[35m[HTTP][39m [37m<-- GET /wd/hub/session/9a9cf67f-4b70-4d8b-b0d2-a2f658af1308 [39m[32m200[39m [90m23 ms - 1260[39m
[35m[HTTP][39m [90m[39m
[35m[HTTP][39m [37m-->[39m [37mGET[39m [37m/wd/hub/session/9a9cf67f-4b70-4d8b-b0d2-a2f658af1308[39m
[35m[HTTP][39m [90m{}[39m
[35m[HTTP][39m [37m<-- GET /wd/hub/session/9a9cf67f-4b70-4d8b-b0d2-a2f658af1308 [39m[32m200[39m [90m27 ms - 1260[39m
[35m[HTTP][39m [90m[39m
[35m[HTTP][39m [37m-->[39m [37mGET[39m [37m/wd/hub/session/9a9cf67f-4b70-4d8b-b0d2-a2f658af1308/element/9fdfc5cd-ccc5-4517-8246-b1375fc5ccbf/location[39m
[35m[HTTP][39m [90m{}[39m
[35m[W3C][39m Driver proxy active, passing request on via HTTP proxy
[35m[JSONWP Proxy][39m Replacing sessionId 3ace5850-fa6e-46c4-8de4-a015899ee472 with 9a9cf67f-4b70-4d8b-b0d2-a2f658af1308
[35m[HTTP][39m [37m<-- GET /wd/hub/session/9a9cf67f-4b70-4d8b-b0d2-a2f658af1308/element/9fdfc5cd-ccc5-4517-8246-b1375fc5ccbf/location [39m[32m200[39m [90m60 ms - 89[39m
[35m[HTTP][39m [90m[39m
[35m[HTTP][39m [37m-->[39m [37mPOST[39m [37m/wd/hub/session/9a9cf67f-4b70-4d8b-b0d2-a2f658af1308/touch/perform[39m
[35m[HTTP][39m [90m{"actions":[{"action":"tap","options":{"element":"9fdfc5cd-ccc5-4517-8246-b1375fc5ccbf","x":1,"y":1}}]}[39m
[35m[UiAutomator2][39m calling get location: 9fdfc5cd-ccc5-4517-8246-b1375fc5ccbf
[35m[HTTP][39m [37m<-- POST /wd/hub/session/9a9cf67f-4b70-4d8b-b0d2-a2f658af1308/touch/perform [39m[32m200[39m [90m987 ms - 76[39m
[35m[HTTP][39m [90m[39m
[35m[HTTP][39m [37m-->[39m [37mGET[39m [37m/wd/hub/session/9a9cf67f-4b70-4d8b-b0d2-a2f658af1308/window/current/size[39m
[35m[HTTP][39m [90m{}[39m
[35m[W3C][39m Driver proxy active, passing request on via HTTP proxy
[35m[JSONWP Proxy][39m Replacing sessionId 3ace5850-fa6e-46c4-8de4-a015899ee472 with 9a9cf67f-4b70-4d8b-b0d2-a2f658af1308
[35m[HTTP][39m [37m<-- GET /wd/hub/session/9a9cf67f-4b70-4d8b-b0d2-a2f658af1308/window/current/size [39m[32m200[39m [90m34 ms - 99[39m
[35m[HTTP][39m [90m[39m
[35m[HTTP][39m [37m-->[39m [37mPOST[39m [37m/wd/hub/session/9a9cf67f-4b70-4d8b-b0d2-a2f658af1308/elements[39m
[35m[HTTP][39m [90m{"using":"-android uiautomator","value":"new UiSelector().className(\"android.widget.LinearLayout\").resourceId(\"id.astra.stable.movic:id/layTop\").instance(4)"}[39m
[35m[HTTP][39m [37m<-- POST /wd/hub/session/9a9cf67f-4b70-4d8b-b0d2-a2f658af1308/elements [39m[32m200[39m [90m280 ms - 226[39m
[35m[HTTP][39m [90m[39m
[35m[HTTP][39m [37m-->[39m [37mGET[39m [37m/wd/hub/session/9a9cf67f-4b70-4d8b-b0d2-a2f658af1308[39m
[35m[HTTP][39m [90m{}[39m
[35m[HTTP][39m [37m<-- GET /wd/hub/session/9a9cf67f-4b70-4d8b-b0d2-a2f658af1308 [39m[32m200[39m [90m28 ms - 1260[39m
[35m[HTTP][39m [90m[39m
[35m[HTTP][39m [37m-->[39m [37mGET[39m [37m/wd/hub/session/9a9cf67f-4b70-4d8b-b0d2-a2f658af1308[39m
[35m[HTTP][39m [90m{}[39m
[35m[HTTP][39m [37m<-- GET /wd/hub/session/9a9cf67f-4b70-4d8b-b0d2-a2f658af1308 [39m[32m200[39m [90m25 ms - 1260[39m
[35m[HTTP][39m [90m[39m
[35m[HTTP][39m [37m-->[39m [37mGET[39m [37m/wd/hub/session/9a9cf67f-4b70-4d8b-b0d2-a2f658af1308[39m
[35m[HTTP][39m [90m{}[39m
[35m[HTTP][39m [37m<-- GET /wd/hub/session/9a9cf67f-4b70-4d8b-b0d2-a2f658af1308 [39m[32m200[39m [90m34 ms - 1260[39m
[35m[HTTP][39m [90m[39m
[35m[HTTP][39m [37m-->[39m [37mGET[39m [37m/wd/hub/session/9a9cf67f-4b70-4d8b-b0d2-a2f658af1308[39m
[35m[HTTP][39m [90m{}[39m
[35m[HTTP][39m [37m<-- GET /wd/hub/session/9a9cf67f-4b70-4d8b-b0d2-a2f658af1308 [39m[32m200[39m [90m24 ms - 1260[39m
[35m[HTTP][39m [90m[39m
[35m[HTTP][39m [37m-->[39m [37mGET[39m [37m/wd/hub/session/9a9cf67f-4b70-4d8b-b0d2-a2f658af1308[39m
[35m[HTTP][39m [90m{}[39m
[35m[HTTP][39m [37m<-- GET /wd/hub/session/9a9cf67f-4b70-4d8b-b0d2-a2f658af1308 [39m[32m200[39m [90m22 ms - 1260[39m
[35m[HTTP][39m [90m[39m
[35m[HTTP][39m [37m-->[39m [37mGET[39m [37m/wd/hub/session/9a9cf67f-4b70-4d8b-b0d2-a2f658af1308[39m
[35m[HTTP][39m [90m{}[39m
[35m[HTTP][39m [37m<-- GET /wd/hub/session/9a9cf67f-4b70-4d8b-b0d2-a2f658af1308 [39m[32m200[39m [90m27 ms - 1260[39m
[35m[HTTP][39m [90m[39m
[35m[HTTP][39m [37m-->[39m [37mGET[39m [37m/wd/hub/session/9a9cf67f-4b70-4d8b-b0d2-a2f658af1308[39m
[35m[HTTP][39m [90m{}[39m
[35m[HTTP][39m [37m<-- GET /wd/hub/session/9a9cf67f-4b70-4d8b-b0d2-a2f658af1308 [39m[32m200[39m [90m23 ms - 1260[39m
[35m[HTTP][39m [90m[39m
[35m[HTTP][39m [37m-->[39m [37mGET[39m [37m/wd/hub/session/9a9cf67f-4b70-4d8b-b0d2-a2f658af1308[39m
[35m[HTTP][39m [90m{}[39m
[35m[HTTP][39m [37m<-- GET /wd/hub/session/9a9cf67f-4b70-4d8b-b0d2-a2f658af1308 [39m[32m200[39m [90m25 ms - 1260[39m
[35m[HTTP][39m [90m[39m
[35m[HTTP][39m [37m-->[39m [37mGET[39m [37m/wd/hub/session/9a9cf67f-4b70-4d8b-b0d2-a2f658af1308[39m
[35m[HTTP][39m [90m{}[39m
[35m[HTTP][39m [37m<-- GET /wd/hub/session/9a9cf67f-4b70-4d8b-b0d2-a2f658af1308 [39m[32m200[39m [90m21 ms - 1260[39m
[35m[HTTP][39m [90m[39m
[35m[HTTP][39m [37m-->[39m [37mGET[39m [37m/wd/hub/session/9a9cf67f-4b70-4d8b-b0d2-a2f658af1308[39m
[35m[HTTP][39m [90m{}[39m
[35m[HTTP][39m [37m<-- GET /wd/hub/session/9a9cf67f-4b70-4d8b-b0d2-a2f658af1308 [39m[32m200[39m [90m21 ms - 1260[39m
[35m[HTTP][39m [90m[39m
[35m[HTTP][39m [37m-->[39m [37mGET[39m [37m/wd/hub/session/9a9cf67f-4b70-4d8b-b0d2-a2f658af1308[39m
[35m[HTTP][39m [90m{}[39m
[35m[HTTP][39m [37m<-- GET /wd/hub/session/9a9cf67f-4b70-4d8b-b0d2-a2f658af1308 [39m[32m200[39m [90m23 ms - 1260[39m
[35m[HTTP][39m [90m[39m
[35m[HTTP][39m [37m-->[39m [37mGET[39m [37m/wd/hub/session/9a9cf67f-4b70-4d8b-b0d2-a2f658af1308[39m
[35m[HTTP][39m [90m{}[39m
[35m[HTTP][39m [37m<-- GET /wd/hub/session/9a9cf67f-4b70-4d8b-b0d2-a2f658af1308 [39m[32m200[39m [90m22 ms - 1260[39m
[35m[HTTP][39m [90m[39m
[35m[HTTP][39m [37m-->[39m [37mGET[39m [37m/wd/hub/session/9a9cf67f-4b70-4d8b-b0d2-a2f658af1308/element/85e8459d-8baf-48fc-8e03-653c4098f980/location[39m
[35m[HTTP][39m [90m{}[39m
[35m[W3C][39m Driver proxy active, passing request on via HTTP proxy
[35m[JSONWP Proxy][39m Replacing sessionId 3ace5850-fa6e-46c4-8de4-a015899ee472 with 9a9cf67f-4b70-4d8b-b0d2-a2f658af1308
[35m[HTTP][39m [37m<-- GET /wd/hub/session/9a9cf67f-4b70-4d8b-b0d2-a2f658af1308/element/85e8459d-8baf-48fc-8e03-653c4098f980/location [39m[32m200[39m [90m60 ms - 88[39m
[35m[HTTP][39m [90m[39m
[35m[HTTP][39m [37m-->[39m [37mPOST[39m [37m/wd/hub/session/9a9cf67f-4b70-4d8b-b0d2-a2f658af1308/touch/perform[39m
[35m[HTTP][39m [90m{"actions":[{"action":"tap","options":{"element":"85e8459d-8baf-48fc-8e03-653c4098f980","x":1,"y":1}}]}[39m
[35m[UiAutomator2][39m calling get location: 85e8459d-8baf-48fc-8e03-653c4098f980
[35m[HTTP][39m [37m<-- POST /wd/hub/session/9a9cf67f-4b70-4d8b-b0d2-a2f658af1308/touch/perform [39m[32m200[39m [90m1374 ms - 76[39m
[35m[HTTP][39m [90m[39m
[35m[HTTP][39m [37m-->[39m [37mGET[39m [37m/wd/hub/session/9a9cf67f-4b70-4d8b-b0d2-a2f658af1308/window/current/size[39m
[35m[HTTP][39m [90m{}[39m
[35m[W3C][39m Driver proxy active, passing request on via HTTP proxy
[35m[JSONWP Proxy][39m Replacing sessionId 3ace5850-fa6e-46c4-8de4-a015899ee472 with 9a9cf67f-4b70-4d8b-b0d2-a2f658af1308
[35m[HTTP][39m [37m<-- GET /wd/hub/session/9a9cf67f-4b70-4d8b-b0d2-a2f658af1308/window/current/size [39m[32m200[39m [90m31 ms - 99[39m
[35m[HTTP][39m [90m[39m
[35m[HTTP][39m [37m-->[39m [37mPOST[39m [37m/wd/hub/session/9a9cf67f-4b70-4d8b-b0d2-a2f658af1308/elements[39m
[35m[HTTP][39m [90m{"using":"-android uiautomator","value":"new UiSelector().className(\"android.widget.TextView\").text(\"Salin Kode\").resourceId(\"id.astra.stable.movic:id/tvCopy\").instance(3)"}[39m
[35m[HTTP][39m [37m<-- POST /wd/hub/session/9a9cf67f-4b70-4d8b-b0d2-a2f658af1308/elements [39m[32m200[39m [90m149 ms - 124[39m
[35m[HTTP][39m [90m[39m
[35m[HTTP][39m [37m-->[39m [37mGET[39m [37m/wd/hub/session/9a9cf67f-4b70-4d8b-b0d2-a2f658af1308[39m
[35m[HTTP][39m [90m{}[39m
[35m[HTTP][39m [37m<-- GET /wd/hub/session/9a9cf67f-4b70-4d8b-b0d2-a2f658af1308 [39m[32m200[39m [90m19 ms - 1260[39m
[35m[HTTP][39m [90m[39m
[35m[HTTP][39m [37m-->[39m [37mGET[39m [37m/wd/hub/session/9a9cf67f-4b70-4d8b-b0d2-a2f658af1308[39m
[35m[HTTP][39m [90m{}[39m
[35m[HTTP][39m [37m<-- GET /wd/hub/session/9a9cf67f-4b70-4d8b-b0d2-a2f658af1308 [39m[32m200[39m [90m18 ms - 1260[39m
[35m[HTTP][39m [90m[39m
[35m[HTTP][39m [37m-->[39m [37mGET[39m [37m/wd/hub/session/9a9cf67f-4b70-4d8b-b0d2-a2f658af1308[39m
[35m[HTTP][39m [90m{}[39m
[35m[HTTP][39m [37m<-- GET /wd/hub/session/9a9cf67f-4b70-4d8b-b0d2-a2f658af1308 [39m[32m200[39m [90m25 ms - 1260[39m
[35m[HTTP][39m [90m[39m
[35m[HTTP][39m [37m-->[39m [37mGET[39m [37m/wd/hub/session/9a9cf67f-4b70-4d8b-b0d2-a2f658af1308[39m
[35m[HTTP][39m [90m{}[39m
[35m[HTTP][39m [37m<-- GET /wd/hub/session/9a9cf67f-4b70-4d8b-b0d2-a2f658af1308 [39m[32m200[39m [90m25 ms - 1260[39m
[35m[HTTP][39m [90m[39m
[35m[HTTP][39m [37m-->[39m [37mGET[39m [37m/wd/hub/session/9a9cf67f-4b70-4d8b-b0d2-a2f658af1308/element/c714e25b-2419-4f4a-b784-66da1e333f82/location[39m
[35m[HTTP][39m [90m{}[39m
[35m[W3C][39m Driver proxy active, passing request on via HTTP proxy
[35m[JSONWP Proxy][39m Replacing sessionId 3ace5850-fa6e-46c4-8de4-a015899ee472 with 9a9cf67f-4b70-4d8b-b0d2-a2f658af1308
[35m[HTTP][39m [37m<-- GET /wd/hub/session/9a9cf67f-4b70-4d8b-b0d2-a2f658af1308/element/c714e25b-2419-4f4a-b784-66da1e333f82/location [39m[32m200[39m [90m67 ms - 89[39m
[35m[HTTP][39m [90m[39m
[35m[HTTP][39m [37m-->[39m [37mPOST[39m [37m/wd/hub/session/9a9cf67f-4b70-4d8b-b0d2-a2f658af1308/touch/perform[39m
[35m[HTTP][39m [90m{"actions":[{"action":"tap","options":{"element":"c714e25b-2419-4f4a-b784-66da1e333f82","x":1,"y":1}}]}[39m
[35m[UiAutomator2][39m calling get location: c714e25b-2419-4f4a-b784-66da1e333f82
[35m[HTTP][39m [37m<-- POST /wd/hub/session/9a9cf67f-4b70-4d8b-b0d2-a2f658af1308/touch/perform [39m[32m200[39m [90m3200 ms - 76[39m
[35m[HTTP][39m [90m[39m
[35m[HTTP][39m [37m-->[39m [37mGET[39m [37m/wd/hub/session/9a9cf67f-4b70-4d8b-b0d2-a2f658af1308/window/current/size[39m
[35m[HTTP][39m [90m{}[39m
[35m[W3C][39m Driver proxy active, passing request on via HTTP proxy
[35m[JSONWP Proxy][39m Replacing sessionId 3ace5850-fa6e-46c4-8de4-a015899ee472 with 9a9cf67f-4b70-4d8b-b0d2-a2f658af1308
[35m[HTTP][39m [37m<-- GET /wd/hub/session/9a9cf67f-4b70-4d8b-b0d2-a2f658af1308/window/current/size [39m[32m200[39m [90m27 ms - 99[39m
[35m[HTTP][39m [90m[39m
[35m[HTTP][39m [37m-->[39m [37mPOST[39m [37m/wd/hub/session/9a9cf67f-4b70-4d8b-b0d2-a2f658af1308/elements[39m
[35m[HTTP][39m [90m{"using":"-android uiautomator","value":"new UiSelector().text(\"Terms and Conditions\")"}[39m
[35m[HTTP][39m [37m<-- POST /wd/hub/session/9a9cf67f-4b70-4d8b-b0d2-a2f658af1308/elements [39m[32m200[39m [90m100 ms - 124[39m
[35m[HTTP][39m [90m[39m
[35m[HTTP][39m [37m-->[39m [37mGET[39m [37m/wd/hub/session/9a9cf67f-4b70-4d8b-b0d2-a2f658af1308[39m
[35m[HTTP][39m [90m{}[39m
[35m[HTTP][39m [37m<-- GET /wd/hub/session/9a9cf67f-4b70-4d8b-b0d2-a2f658af1308 [39m[32m200[39m [90m23 ms - 1260[39m
[35m[HTTP][39m [90m[39m
[35m[HTTP][39m [37m-->[39m [37mGET[39m [37m/wd/hub/session/9a9cf67f-4b70-4d8b-b0d2-a2f658af1308[39m
[35m[HTTP][39m [90m{}[39m
[35m[HTTP][39m [37m<-- GET /wd/hub/session/9a9cf67f-4b70-4d8b-b0d2-a2f658af1308 [39m[32m200[39m [90m32 ms - 1260[39m
[35m[HTTP][39m [90m[39m
[35m[HTTP][39m [37m-->[39m [37mGET[39m [37m/wd/hub/session/9a9cf67f-4b70-4d8b-b0d2-a2f658af1308[39m
[35m[HTTP][39m [90m{}[39m
[35m[HTTP][39m [37m<-- GET /wd/hub/session/9a9cf67f-4b70-4d8b-b0d2-a2f658af1308 [39m[32m200[39m [90m26 ms - 1260[39m
[35m[HTTP][39m [90m[39m
[35m[HTTP][39m [37m-->[39m [37mGET[39m [37m/wd/hub/session/9a9cf67f-4b70-4d8b-b0d2-a2f658af1308[39m
[35m[HTTP][39m [90m{}[39m
[35m[HTTP][39m [37m<-- GET /wd/hub/session/9a9cf67f-4b70-4d8b-b0d2-a2f658af1308 [39m[32m200[39m [90m19 ms - 1260[39m
[35m[HTTP][39m [90m[39m
[35m[HTTP][39m [37m-->[39m [37mGET[39m [37m/wd/hub/session/9a9cf67f-4b70-4d8b-b0d2-a2f658af1308/element/cf904611-a19f-437c-8a25-86e7b1cb9527/location[39m
[35m[HTTP][39m [90m{}[39m
[35m[W3C][39m Driver proxy active, passing request on via HTTP proxy
[35m[JSONWP Proxy][39m Replacing sessionId 3ace5850-fa6e-46c4-8de4-a015899ee472 with 9a9cf67f-4b70-4d8b-b0d2-a2f658af1308
[35m[HTTP][39m [37m<-- GET /wd/hub/session/9a9cf67f-4b70-4d8b-b0d2-a2f658af1308/element/cf904611-a19f-437c-8a25-86e7b1cb9527/location [39m[32m200[39m [90m1631 ms - 90[39m
[35m[HTTP][39m [90m[39m
[35m[HTTP][39m [37m-->[39m [37mPOST[39m [37m/wd/hub/session/9a9cf67f-4b70-4d8b-b0d2-a2f658af1308/touch/perform[39m
[35m[HTTP][39m [90m{"actions":[{"action":"tap","options":{"element":"cf904611-a19f-437c-8a25-86e7b1cb9527","x":1,"y":1}}]}[39m
[35m[UiAutomator2][39m calling get location: cf904611-a19f-437c-8a25-86e7b1cb9527
[35m[HTTP][39m [37m<-- POST /wd/hub/session/9a9cf67f-4b70-4d8b-b0d2-a2f658af1308/touch/perform [39m[32m200[39m [90m1423 ms - 76[39m
[35m[HTTP][39m [90m[39m
[35m[HTTP][39m [37m-->[39m [37mGET[39m [37m/wd/hub/session/9a9cf67f-4b70-4d8b-b0d2-a2f658af1308/window/current/size[39m
[35m[HTTP][39m [90m{}[39m
[35m[W3C][39m Driver proxy active, passing request on via HTTP proxy
[35m[JSONWP Proxy][39m Replacing sessionId 3ace5850-fa6e-46c4-8de4-a015899ee472 with 9a9cf67f-4b70-4d8b-b0d2-a2f658af1308
[35m[HTTP][39m [37m<-- GET /wd/hub/session/9a9cf67f-4b70-4d8b-b0d2-a2f658af1308/window/current/size [39m[32m200[39m [90m27 ms - 99[39m
[35m[HTTP][39m [90m[39m
[35m[HTTP][39m [37m-->[39m [37mPOST[39m [37m/wd/hub/session/9a9cf67f-4b70-4d8b-b0d2-a2f658af1308/elements[39m
[35m[HTTP][39m [90m{"using":"-android uiautomator","value":"new UiSelector().className(\"android.widget.Button\").text(\"Copy\").resourceId(\"id.astra.stable.movic:id/mBtnUseNow\").instance(0)"}[39m
[35m[HTTP][39m [37m<-- POST /wd/hub/session/9a9cf67f-4b70-4d8b-b0d2-a2f658af1308/elements [39m[32m200[39m [90m109 ms - 124[39m
[35m[HTTP][39m [90m[39m
[35m[HTTP][39m [37m-->[39m [37mGET[39m [37m/wd/hub/session/9a9cf67f-4b70-4d8b-b0d2-a2f658af1308[39m
[35m[HTTP][39m [90m{}[39m
[35m[HTTP][39m [37m<-- GET /wd/hub/session/9a9cf67f-4b70-4d8b-b0d2-a2f658af1308 [39m[32m200[39m [90m21 ms - 1260[39m
[35m[HTTP][39m [90m[39m
[35m[HTTP][39m [37m-->[39m [37mGET[39m [37m/wd/hub/session/9a9cf67f-4b70-4d8b-b0d2-a2f658af1308[39m
[35m[HTTP][39m [90m{}[39m
[35m[HTTP][39m [37m<-- GET /wd/hub/session/9a9cf67f-4b70-4d8b-b0d2-a2f658af1308 [39m[32m200[39m [90m20 ms - 1260[39m
[35m[HTTP][39m [90m[39m
[35m[HTTP][39m [37m-->[39m [37mGET[39m [37m/wd/hub/session/9a9cf67f-4b70-4d8b-b0d2-a2f658af1308[39m
[35m[HTTP][39m [90m{}[39m
[35m[HTTP][39m [37m<-- GET /wd/hub/session/9a9cf67f-4b70-4d8b-b0d2-a2f658af1308 [39m[32m200[39m [90m30 ms - 1260[39m
[35m[HTTP][39m [90m[39m
[35m[HTTP][39m [37m-->[39m [37mGET[39m [37m/wd/hub/session/9a9cf67f-4b70-4d8b-b0d2-a2f658af1308[39m
[35m[HTTP][39m [90m{}[39m
[35m[HTTP][39m [37m<-- GET /wd/hub/session/9a9cf67f-4b70-4d8b-b0d2-a2f658af1308 [39m[32m200[39m [90m22 ms - 1260[39m
[35m[HTTP][39m [90m[39m
[35m[HTTP][39m [37m-->[39m [37mGET[39m [37m/wd/hub/session/9a9cf67f-4b70-4d8b-b0d2-a2f658af1308/element/3727e53b-5e33-4d07-97c5-f4fffa8c6fa2/location[39m
[35m[HTTP][39m [90m{}[39m
[35m[W3C][39m Driver proxy active, passing request on via HTTP proxy
[35m[JSONWP Proxy][39m Replacing sessionId 3ace5850-fa6e-46c4-8de4-a015899ee472 with 9a9cf67f-4b70-4d8b-b0d2-a2f658af1308
[35m[HTTP][39m [37m<-- GET /wd/hub/session/9a9cf67f-4b70-4d8b-b0d2-a2f658af1308/element/3727e53b-5e33-4d07-97c5-f4fffa8c6fa2/location [39m[32m200[39m [90m65 ms - 90[39m
[35m[HTTP][39m [90m[39m
[35m[HTTP][39m [37m-->[39m [37mPOST[39m [37m/wd/hub/session/9a9cf67f-4b70-4d8b-b0d2-a2f658af1308/touch/perform[39m
[35m[HTTP][39m [90m{"actions":[{"action":"tap","options":{"element":"3727e53b-5e33-4d07-97c5-f4fffa8c6fa2","x":1,"y":1}}]}[39m
[35m[UiAutomator2][39m calling get location: 3727e53b-5e33-4d07-97c5-f4fffa8c6fa2
[35m[HTTP][39m [37m<-- POST /wd/hub/session/9a9cf67f-4b70-4d8b-b0d2-a2f658af1308/touch/perform [39m[32m200[39m [90m3211 ms - 76[39m
[35m[HTTP][39m [90m[39m
[35m[HTTP][39m [37m-->[39m [37mDELETE[39m [37m/wd/hub/session/9a9cf67f-4b70-4d8b-b0d2-a2f658af1308[39m
[35m[HTTP][39m [90m{}[39m
[35m[Appium][39m Removing session 9a9cf67f-4b70-4d8b-b0d2-a2f658af1308 from our master session list
[35m[HTTP][39m [37m<-- DELETE /wd/hub/session/9a9cf67f-4b70-4d8b-b0d2-a2f658af1308 [39m[32m200[39m [90m1691 ms - 76[39m
[35m[HTTP][39m [90m[39m
