[35m[Appium][39m Welcome to Appium v1.8.1
[35m[Appium][39m Non-default server args:
[35m[Appium][39m   port: 64303
[35m[Appium][39m   loglevel: info
[35m[Appium][39m   chromeDriverPort: 64304
[35m[Appium][39m   tmpDir: C:\Users\WGS-LA~1\AppData\Local\Temp\\Katalon\Appium\Temp1542164750622
[35m[Appium][39m Appium REST http interface listener started on 0.0.0.0:64303
[35m[HTTP][39m [37m-->[39m [37mGET[39m [37m/wd/hub/status[39m
[35m[HTTP][39m [90m{}[39m
[35m[HTTP][39m [37m<-- GET /wd/hub/status [39m[32m200[39m [90m69 ms - 83[39m
[35m[HTTP][39m [90m[39m
[35m[HTTP][39m [37m-->[39m [37mPOST[39m [37m/wd/hub/session[39m
[35m[HTTP][39m [90m{"desiredCapabilities":{"app":"C:\\Users\\WGS-LAP199\\Downloads\\Movic apk\\Movic_0.9.7_2018-10-14-stable-debug.apk","autoGrantPermissions":true,"automationName":"uiautomator2","deviceId":"54e797627cf5","deviceName":"Xiaomi Redmi 5 (Android 7.1.2)","fullReset":false,"newCommandTimeout":1800,"noReset":true,"platform":"ANDROID","platformName":"Android","udid":"54e797627cf5"},"capabilities":{"desiredCapabilities":{"app":"C:\\Users\\WGS-LAP199\\Downloads\\Movic apk\\Movic_0.9.7_2018-10-14-stable-debug.apk","autoGrantPermissions":true,"automationName":"uiautomator2","deviceId":"54e797627cf5","deviceName":"Xiaomi Redmi 5 (Android 7.1.2)","fullReset":false,"newCommandTimeout":1800,"noReset":true,"platform":"ANDROID","platformName":"Android","udid":"54e797627cf5"},"firstMatch":[{"platformName":"android"}]}}[39m
[35m[Appium][39m Could not parse W3C capabilities: 'deviceName' can't be blank. Falling back to JSONWP protocol.
[35m[Appium][39m The following capabilities were provided in the JSONWP desired capabilities that are missing in W3C capabilities: ["app","autoGrantPermissions","automationName","deviceId","deviceName","fullReset","newCommandTimeout","noReset","platform","platformName","udid"]. Falling back to JSONWP protocol.
[35m[Appium][39m Creating new AndroidUiautomator2Driver (v1.12.0) session
[35m[Appium][39m Capabilities:
[35m[Appium][39m   app: C:\Users\WGS-LAP199\Downloads\Movic apk\Movic_0.9.7_2018-10-14-stable-debug.apk
[35m[Appium][39m   autoGrantPermissions: true
[35m[Appium][39m   automationName: uiautomator2
[35m[Appium][39m   deviceId: 54e797627cf5
[35m[Appium][39m   deviceName: Xiaomi Redmi 5 (Android 7.1.2)
[35m[Appium][39m   fullReset: false
[35m[Appium][39m   newCommandTimeout: 1800
[35m[Appium][39m   noReset: true
[35m[Appium][39m   platform: ANDROID
[35m[Appium][39m   platformName: Android
[35m[Appium][39m   udid: 54e797627cf5
[35m[BaseDriver][39m The following capabilities were provided, but are not recognized by appium: deviceId, platform.
[35m[BaseDriver][39m Session created with session id: fbcc8b70-78b9-4e59-af87-d3ad58dfeaad
[35m[BaseDriver][39m Using local app 'C:\Users\WGS-LAP199\Downloads\Movic apk\Movic_0.9.7_2018-10-14-stable-debug.apk'
[35m[AndroidDriver][39m Java version is: 1.8.0_181
[35m[ADB][39m Checking whether adb is present
[35m[ADB][39m Found 1 'build-tools' folders under 'C:\Users\WGS-LAP199\.katalon\tools\android_sdk' (newest first):
[35m[ADB][39m     C:/Users/WGS-LAP199/.katalon/tools/android_sdk/build-tools/28.0.1
[35m[ADB][39m Using adb.exe from C:\Users\WGS-LAP199\.katalon\tools\android_sdk\platform-tools\adb.exe
[35m[AndroidDriver][39m Retrieving device list
[35m[AndroidDriver][39m Using device: 54e797627cf5
[35m[ADB][39m Using the alternative activity name detection method because of: Could not find apkanalyzer.bat in C:\Users\WGS-LAP199\.katalon\tools\android_sdk\platform-tools\apkanalyzer.bat,C:\Users\WGS-LAP199\.katalon\tools\android_sdk\emulator\apkanalyzer.bat,C:\Users\WGS-LAP199\.katalon\tools\android_sdk\tools\apkanalyzer.bat,C:\Users\WGS-LAP199\.katalon\tools\android_sdk\tools\bin\apkanalyzer.bat,C:\Users\WGS-LAP199\.katalon\tools\android_sdk\build-tools\28.0.1\apkanalyzer.bat. Do you have the Android SDK installed at 'C:\Users\WGS-LAP199\.katalon\tools\android_sdk'?
[35m[ADB][39m Checking whether aapt is present
[35m[ADB][39m Using aapt.exe from C:\Users\WGS-LAP199\.katalon\tools\android_sdk\build-tools\28.0.1\aapt.exe
[35m[ADB][39m Extracting package and launch activity from manifest
[35m[ADB][39m Package name: 'id.astra.stable.movic'
[35m[ADB][39m Main activity name: 'id.astra.adp.movic.modules.main.SplashScreenActivity'
[35m[ADB][39m Getting device platform version
[35m[ADB][39m Using apksigner.bat from C:\Users\WGS-LAP199\.katalon\tools\android_sdk\build-tools\28.0.1\apksigner.bat
[35m[ADB][39m Checking whether zipalign is present
[35m[ADB][39m Using zipalign.exe from C:\Users\WGS-LAP199\.katalon\tools\android_sdk\build-tools\28.0.1\zipalign.exe
[35m[ADB][39m io.appium.uiautomator2.server was successfully uninstalled
[35m[ADB][39m io.appium.uiautomator2.server.test was successfully uninstalled
[35m[AndroidDriver][39m setDeviceLanguageCountry requires language or country.
[35m[AndroidDriver][39m Got language: 'null' and country: 'null'
[35m[ADB][39m Successfully extracted 1263 strings from 'C:\Users\WGS-LAP199\Downloads\Movic apk\Movic_0.9.7_2018-10-14-stable-debug.apk' resources for '(default)' configuration
[35m[UiAutomator2][39m Starting uiautomator2 server 1.12.0
[35m[UiAutomator2][39m Using UIAutomator2 server from 'C:\Users\WGS-LAP199\AppData\Roaming\npm\node_modules\appium\node_modules\appium-uiautomator2-server\apks\appium-uiautomator2-server-v1.12.0.apk' and test from 'C:\Users\WGS-LAP199\AppData\Roaming\npm\node_modules\appium\node_modules\appium-uiautomator2-server\apks\appium-uiautomator2-server-debug-androidTest.apk'
[35m[UiAutomator2][39m Running command: 'adb -s 54e797627cf5 shell am instrument -w io.appium.uiautomator2.server.test/android.support.test.runner.AndroidJUnitRunner'
[35m[UiAutomator2][39m Waiting up to 20000ms for UiAutomator2 to be online...
[35m[AndroidDriver][39m Screen already unlocked, doing nothing
[35m[UiAutomator2][39m UiAutomator2 did not start the activity we were waiting for, 'id.astra.stable.movic/id.astra.adp.movic.modules.main.SplashScreenActivity'. Starting it ourselves
[35m[Appium][39m New AndroidUiautomator2Driver session created successfully, session fbcc8b70-78b9-4e59-af87-d3ad58dfeaad added to master session list
[35m[HTTP][39m [37m<-- POST /wd/hub/session [39m[32m200[39m [90m39081 ms - 1260[39m
[35m[HTTP][39m [90m[39m
[35m[HTTP][39m [37m-->[39m [37mGET[39m [37m/wd/hub/status[39m
[35m[HTTP][39m [90m{}[39m
[35m[HTTP][39m [37m<-- GET /wd/hub/status [39m[32m200[39m [90m62 ms - 55[39m
[35m[HTTP][39m [90m[39m
[35m[HTTP][39m [37m-->[39m [37mPOST[39m [37m/wd/hub/session/fbcc8b70-78b9-4e59-af87-d3ad58dfeaad/timeouts[39m
[35m[HTTP][39m [90m{"type":"implicit","ms":30000}[39m
[35m[HTTP][39m [37m<-- POST /wd/hub/session/fbcc8b70-78b9-4e59-af87-d3ad58dfeaad/timeouts [39m[33m400[39m [90m51 ms - 5468[39m
[35m[HTTP][39m [90m[39m
[35m[HTTP][39m [37m-->[39m [37mGET[39m [37m/wd/hub/session/fbcc8b70-78b9-4e59-af87-d3ad58dfeaad/window/current/size[39m
[35m[HTTP][39m [90m{}[39m
[35m[W3C][39m Driver proxy active, passing request on via HTTP proxy
[35m[JSONWP Proxy][39m Replacing sessionId 1e7afae8-130d-4e58-813b-6f691ff3364d with fbcc8b70-78b9-4e59-af87-d3ad58dfeaad
[35m[HTTP][39m [37m<-- GET /wd/hub/session/fbcc8b70-78b9-4e59-af87-d3ad58dfeaad/window/current/size [39m[32m200[39m [90m56 ms - 99[39m
[35m[HTTP][39m [90m[39m
[35m[HTTP][39m [37m-->[39m [37mPOST[39m [37m/wd/hub/session/fbcc8b70-78b9-4e59-af87-d3ad58dfeaad/elements[39m
[35m[HTTP][39m [90m{"using":"-android uiautomator","value":"new UiSelector().className(\"android.widget.ImageView\").resourceId(\"id.astra.stable.movic:id/mImgSkip\").instance(4)"}[39m
[35m[HTTP][39m [37m<-- POST /wd/hub/session/fbcc8b70-78b9-4e59-af87-d3ad58dfeaad/elements [39m[32m200[39m [90m51 ms - 74[39m
[35m[HTTP][39m [90m[39m
[35m[HTTP][39m [37m-->[39m [37mPOST[39m [37m/wd/hub/session/fbcc8b70-78b9-4e59-af87-d3ad58dfeaad/elements[39m
[35m[HTTP][39m [90m{"using":"-android uiautomator","value":"new UiSelector().className(\"android.widget.ImageView\").resourceId(\"id.astra.stable.movic:id/mImgSkip\").instance(4)"}[39m
[35m[HTTP][39m [37m<-- POST /wd/hub/session/fbcc8b70-78b9-4e59-af87-d3ad58dfeaad/elements [39m[32m200[39m [90m56 ms - 74[39m
[35m[HTTP][39m [90m[39m
[35m[HTTP][39m [37m-->[39m [37mPOST[39m [37m/wd/hub/session/fbcc8b70-78b9-4e59-af87-d3ad58dfeaad/elements[39m
[35m[HTTP][39m [90m{"using":"-android uiautomator","value":"new UiSelector().className(\"android.widget.ImageView\").resourceId(\"id.astra.stable.movic:id/mImgSkip\").instance(4)"}[39m
[35m[HTTP][39m [37m<-- POST /wd/hub/session/fbcc8b70-78b9-4e59-af87-d3ad58dfeaad/elements [39m[32m200[39m [90m40 ms - 74[39m
[35m[HTTP][39m [90m[39m
[35m[HTTP][39m [37m-->[39m [37mPOST[39m [37m/wd/hub/session/fbcc8b70-78b9-4e59-af87-d3ad58dfeaad/elements[39m
[35m[HTTP][39m [90m{"using":"-android uiautomator","value":"new UiSelector().className(\"android.widget.ImageView\").resourceId(\"id.astra.stable.movic:id/mImgSkip\").instance(4)"}[39m
[35m[HTTP][39m [37m<-- POST /wd/hub/session/fbcc8b70-78b9-4e59-af87-d3ad58dfeaad/elements [39m[32m200[39m [90m37 ms - 74[39m
[35m[HTTP][39m [90m[39m
[35m[HTTP][39m [37m-->[39m [37mPOST[39m [37m/wd/hub/session/fbcc8b70-78b9-4e59-af87-d3ad58dfeaad/elements[39m
[35m[HTTP][39m [90m{"using":"-android uiautomator","value":"new UiSelector().className(\"android.widget.ImageView\").resourceId(\"id.astra.stable.movic:id/mImgSkip\").instance(4)"}[39m
[35m[HTTP][39m [37m<-- POST /wd/hub/session/fbcc8b70-78b9-4e59-af87-d3ad58dfeaad/elements [39m[32m200[39m [90m45 ms - 74[39m
[35m[HTTP][39m [90m[39m
[35m[HTTP][39m [37m-->[39m [37mPOST[39m [37m/wd/hub/session/fbcc8b70-78b9-4e59-af87-d3ad58dfeaad/elements[39m
[35m[HTTP][39m [90m{"using":"-android uiautomator","value":"new UiSelector().className(\"android.widget.ImageView\").resourceId(\"id.astra.stable.movic:id/mImgSkip\").instance(4)"}[39m
[35m[HTTP][39m [37m<-- POST /wd/hub/session/fbcc8b70-78b9-4e59-af87-d3ad58dfeaad/elements [39m[32m200[39m [90m45 ms - 74[39m
[35m[HTTP][39m [90m[39m
[35m[HTTP][39m [37m-->[39m [37mPOST[39m [37m/wd/hub/session/fbcc8b70-78b9-4e59-af87-d3ad58dfeaad/elements[39m
[35m[HTTP][39m [90m{"using":"-android uiautomator","value":"new UiSelector().className(\"android.widget.ImageView\").resourceId(\"id.astra.stable.movic:id/mImgSkip\").instance(4)"}[39m
[35m[HTTP][39m [37m<-- POST /wd/hub/session/fbcc8b70-78b9-4e59-af87-d3ad58dfeaad/elements [39m[32m200[39m [90m41 ms - 74[39m
[35m[HTTP][39m [90m[39m
[35m[HTTP][39m [37m-->[39m [37mPOST[39m [37m/wd/hub/session/fbcc8b70-78b9-4e59-af87-d3ad58dfeaad/elements[39m
[35m[HTTP][39m [90m{"using":"-android uiautomator","value":"new UiSelector().className(\"android.widget.ImageView\").resourceId(\"id.astra.stable.movic:id/mImgSkip\").instance(4)"}[39m
[35m[HTTP][39m [37m<-- POST /wd/hub/session/fbcc8b70-78b9-4e59-af87-d3ad58dfeaad/elements [39m[32m200[39m [90m35 ms - 74[39m
[35m[HTTP][39m [90m[39m
[35m[HTTP][39m [37m-->[39m [37mPOST[39m [37m/wd/hub/session/fbcc8b70-78b9-4e59-af87-d3ad58dfeaad/elements[39m
[35m[HTTP][39m [90m{"using":"-android uiautomator","value":"new UiSelector().className(\"android.widget.ImageView\").resourceId(\"id.astra.stable.movic:id/mImgSkip\").instance(4)"}[39m
[35m[HTTP][39m [37m<-- POST /wd/hub/session/fbcc8b70-78b9-4e59-af87-d3ad58dfeaad/elements [39m[32m200[39m [90m41 ms - 74[39m
[35m[HTTP][39m [90m[39m
[35m[HTTP][39m [37m-->[39m [37mPOST[39m [37m/wd/hub/session/fbcc8b70-78b9-4e59-af87-d3ad58dfeaad/elements[39m
[35m[HTTP][39m [90m{"using":"-android uiautomator","value":"new UiSelector().className(\"android.widget.ImageView\").resourceId(\"id.astra.stable.movic:id/mImgSkip\").instance(4)"}[39m
[35m[HTTP][39m [37m<-- POST /wd/hub/session/fbcc8b70-78b9-4e59-af87-d3ad58dfeaad/elements [39m[32m200[39m [90m38 ms - 74[39m
[35m[HTTP][39m [90m[39m
[35m[HTTP][39m [37m-->[39m [37mPOST[39m [37m/wd/hub/session/fbcc8b70-78b9-4e59-af87-d3ad58dfeaad/elements[39m
[35m[HTTP][39m [90m{"using":"-android uiautomator","value":"new UiSelector().className(\"android.widget.ImageView\").resourceId(\"id.astra.stable.movic:id/mImgSkip\").instance(4)"}[39m
[35m[HTTP][39m [37m<-- POST /wd/hub/session/fbcc8b70-78b9-4e59-af87-d3ad58dfeaad/elements [39m[32m200[39m [90m37 ms - 74[39m
[35m[HTTP][39m [90m[39m
[35m[HTTP][39m [37m-->[39m [37mPOST[39m [37m/wd/hub/session/fbcc8b70-78b9-4e59-af87-d3ad58dfeaad/elements[39m
[35m[HTTP][39m [90m{"using":"-android uiautomator","value":"new UiSelector().className(\"android.widget.ImageView\").resourceId(\"id.astra.stable.movic:id/mImgSkip\").instance(4)"}[39m
[35m[HTTP][39m [37m<-- POST /wd/hub/session/fbcc8b70-78b9-4e59-af87-d3ad58dfeaad/elements [39m[32m200[39m [90m33 ms - 74[39m
[35m[HTTP][39m [90m[39m
[35m[HTTP][39m [37m-->[39m [37mPOST[39m [37m/wd/hub/session/fbcc8b70-78b9-4e59-af87-d3ad58dfeaad/elements[39m
[35m[HTTP][39m [90m{"using":"-android uiautomator","value":"new UiSelector().className(\"android.widget.ImageView\").resourceId(\"id.astra.stable.movic:id/mImgSkip\").instance(4)"}[39m
[35m[HTTP][39m [37m<-- POST /wd/hub/session/fbcc8b70-78b9-4e59-af87-d3ad58dfeaad/elements [39m[32m200[39m [90m37 ms - 74[39m
[35m[HTTP][39m [90m[39m
[35m[HTTP][39m [37m-->[39m [37mPOST[39m [37m/wd/hub/session/fbcc8b70-78b9-4e59-af87-d3ad58dfeaad/elements[39m
[35m[HTTP][39m [90m{"using":"-android uiautomator","value":"new UiSelector().className(\"android.widget.ImageView\").resourceId(\"id.astra.stable.movic:id/mImgSkip\").instance(4)"}[39m
[35m[HTTP][39m [37m<-- POST /wd/hub/session/fbcc8b70-78b9-4e59-af87-d3ad58dfeaad/elements [39m[32m200[39m [90m34 ms - 74[39m
[35m[HTTP][39m [90m[39m
[35m[HTTP][39m [37m-->[39m [37mPOST[39m [37m/wd/hub/session/fbcc8b70-78b9-4e59-af87-d3ad58dfeaad/elements[39m
[35m[HTTP][39m [90m{"using":"-android uiautomator","value":"new UiSelector().className(\"android.widget.ImageView\").resourceId(\"id.astra.stable.movic:id/mImgSkip\").instance(4)"}[39m
[35m[HTTP][39m [37m<-- POST /wd/hub/session/fbcc8b70-78b9-4e59-af87-d3ad58dfeaad/elements [39m[32m200[39m [90m29 ms - 74[39m
[35m[HTTP][39m [90m[39m
[35m[HTTP][39m [37m-->[39m [37mPOST[39m [37m/wd/hub/session/fbcc8b70-78b9-4e59-af87-d3ad58dfeaad/elements[39m
[35m[HTTP][39m [90m{"using":"-android uiautomator","value":"new UiSelector().className(\"android.widget.ImageView\").resourceId(\"id.astra.stable.movic:id/mImgSkip\").instance(4)"}[39m
[35m[HTTP][39m [37m<-- POST /wd/hub/session/fbcc8b70-78b9-4e59-af87-d3ad58dfeaad/elements [39m[32m200[39m [90m31 ms - 74[39m
[35m[HTTP][39m [90m[39m
[35m[HTTP][39m [37m-->[39m [37mPOST[39m [37m/wd/hub/session/fbcc8b70-78b9-4e59-af87-d3ad58dfeaad/elements[39m
[35m[HTTP][39m [90m{"using":"-android uiautomator","value":"new UiSelector().className(\"android.widget.ImageView\").resourceId(\"id.astra.stable.movic:id/mImgSkip\").instance(4)"}[39m
[35m[HTTP][39m [37m<-- POST /wd/hub/session/fbcc8b70-78b9-4e59-af87-d3ad58dfeaad/elements [39m[32m200[39m [90m29 ms - 74[39m
[35m[HTTP][39m [90m[39m
[35m[HTTP][39m [37m-->[39m [37mPOST[39m [37m/wd/hub/session/fbcc8b70-78b9-4e59-af87-d3ad58dfeaad/elements[39m
[35m[HTTP][39m [90m{"using":"-android uiautomator","value":"new UiSelector().className(\"android.widget.ImageView\").resourceId(\"id.astra.stable.movic:id/mImgSkip\").instance(4)"}[39m
[35m[HTTP][39m [37m<-- POST /wd/hub/session/fbcc8b70-78b9-4e59-af87-d3ad58dfeaad/elements [39m[32m200[39m [90m40 ms - 74[39m
[35m[HTTP][39m [90m[39m
[35m[HTTP][39m [37m-->[39m [37mPOST[39m [37m/wd/hub/session/fbcc8b70-78b9-4e59-af87-d3ad58dfeaad/elements[39m
[35m[HTTP][39m [90m{"using":"-android uiautomator","value":"new UiSelector().className(\"android.widget.ImageView\").resourceId(\"id.astra.stable.movic:id/mImgSkip\").instance(4)"}[39m
[35m[HTTP][39m [37m<-- POST /wd/hub/session/fbcc8b70-78b9-4e59-af87-d3ad58dfeaad/elements [39m[32m200[39m [90m39 ms - 74[39m
[35m[HTTP][39m [90m[39m
[35m[HTTP][39m [37m-->[39m [37mPOST[39m [37m/wd/hub/session/fbcc8b70-78b9-4e59-af87-d3ad58dfeaad/elements[39m
[35m[HTTP][39m [90m{"using":"-android uiautomator","value":"new UiSelector().className(\"android.widget.ImageView\").resourceId(\"id.astra.stable.movic:id/mImgSkip\").instance(4)"}[39m
[35m[HTTP][39m [37m<-- POST /wd/hub/session/fbcc8b70-78b9-4e59-af87-d3ad58dfeaad/elements [39m[32m200[39m [90m39 ms - 74[39m
[35m[HTTP][39m [90m[39m
[35m[HTTP][39m [37m-->[39m [37mPOST[39m [37m/wd/hub/session/fbcc8b70-78b9-4e59-af87-d3ad58dfeaad/elements[39m
[35m[HTTP][39m [90m{"using":"-android uiautomator","value":"new UiSelector().className(\"android.widget.ImageView\").resourceId(\"id.astra.stable.movic:id/mImgSkip\").instance(4)"}[39m
[35m[HTTP][39m [37m<-- POST /wd/hub/session/fbcc8b70-78b9-4e59-af87-d3ad58dfeaad/elements [39m[32m200[39m [90m346 ms - 74[39m
[35m[HTTP][39m [90m[39m
[35m[HTTP][39m [37m-->[39m [37mPOST[39m [37m/wd/hub/session/fbcc8b70-78b9-4e59-af87-d3ad58dfeaad/elements[39m
[35m[HTTP][39m [90m{"using":"-android uiautomator","value":"new UiSelector().className(\"android.widget.ImageView\").resourceId(\"id.astra.stable.movic:id/mImgSkip\").instance(4)"}[39m
[35m[HTTP][39m [37m<-- POST /wd/hub/session/fbcc8b70-78b9-4e59-af87-d3ad58dfeaad/elements [39m[32m200[39m [90m186 ms - 74[39m
[35m[HTTP][39m [90m[39m
[35m[HTTP][39m [37m-->[39m [37mPOST[39m [37m/wd/hub/session/fbcc8b70-78b9-4e59-af87-d3ad58dfeaad/elements[39m
[35m[HTTP][39m [90m{"using":"-android uiautomator","value":"new UiSelector().className(\"android.widget.ImageView\").resourceId(\"id.astra.stable.movic:id/mImgSkip\").instance(4)"}[39m
[35m[HTTP][39m [37m<-- POST /wd/hub/session/fbcc8b70-78b9-4e59-af87-d3ad58dfeaad/elements [39m[32m200[39m [90m868 ms - 124[39m
[35m[HTTP][39m [90m[39m
[35m[HTTP][39m [37m-->[39m [37mGET[39m [37m/wd/hub/session/fbcc8b70-78b9-4e59-af87-d3ad58dfeaad[39m
[35m[HTTP][39m [90m{}[39m
[35m[HTTP][39m [37m<-- GET /wd/hub/session/fbcc8b70-78b9-4e59-af87-d3ad58dfeaad [39m[32m200[39m [90m28 ms - 1260[39m
[35m[HTTP][39m [90m[39m
[35m[HTTP][39m [37m-->[39m [37mGET[39m [37m/wd/hub/session/fbcc8b70-78b9-4e59-af87-d3ad58dfeaad[39m
[35m[HTTP][39m [90m{}[39m
[35m[HTTP][39m [37m<-- GET /wd/hub/session/fbcc8b70-78b9-4e59-af87-d3ad58dfeaad [39m[32m200[39m [90m24 ms - 1260[39m
[35m[HTTP][39m [90m[39m
[35m[HTTP][39m [37m-->[39m [37mGET[39m [37m/wd/hub/session/fbcc8b70-78b9-4e59-af87-d3ad58dfeaad[39m
[35m[HTTP][39m [90m{}[39m
[35m[HTTP][39m [37m<-- GET /wd/hub/session/fbcc8b70-78b9-4e59-af87-d3ad58dfeaad [39m[32m200[39m [90m24 ms - 1260[39m
[35m[HTTP][39m [90m[39m
[35m[HTTP][39m [37m-->[39m [37mGET[39m [37m/wd/hub/session/fbcc8b70-78b9-4e59-af87-d3ad58dfeaad[39m
[35m[HTTP][39m [90m{}[39m
[35m[HTTP][39m [37m<-- GET /wd/hub/session/fbcc8b70-78b9-4e59-af87-d3ad58dfeaad [39m[32m200[39m [90m22 ms - 1260[39m
[35m[HTTP][39m [90m[39m
[35m[HTTP][39m [37m-->[39m [37mGET[39m [37m/wd/hub/session/fbcc8b70-78b9-4e59-af87-d3ad58dfeaad/element/1b277835-256e-4fe1-81a6-6715a5061f80/location[39m
[35m[HTTP][39m [90m{}[39m
[35m[W3C][39m Driver proxy active, passing request on via HTTP proxy
[35m[JSONWP Proxy][39m Replacing sessionId 1e7afae8-130d-4e58-813b-6f691ff3364d with fbcc8b70-78b9-4e59-af87-d3ad58dfeaad
[35m[HTTP][39m [37m<-- GET /wd/hub/session/fbcc8b70-78b9-4e59-af87-d3ad58dfeaad/element/1b277835-256e-4fe1-81a6-6715a5061f80/location [39m[32m200[39m [90m49 ms - 90[39m
[35m[HTTP][39m [90m[39m
[35m[HTTP][39m [37m-->[39m [37mPOST[39m [37m/wd/hub/session/fbcc8b70-78b9-4e59-af87-d3ad58dfeaad/touch/perform[39m
[35m[HTTP][39m [90m{"actions":[{"action":"tap","options":{"element":"1b277835-256e-4fe1-81a6-6715a5061f80","x":1,"y":1}}]}[39m
[35m[UiAutomator2][39m calling get location: 1b277835-256e-4fe1-81a6-6715a5061f80
[35m[HTTP][39m [37m<-- POST /wd/hub/session/fbcc8b70-78b9-4e59-af87-d3ad58dfeaad/touch/perform [39m[32m200[39m [90m1238 ms - 76[39m
[35m[HTTP][39m [90m[39m
[35m[HTTP][39m [37m-->[39m [37mGET[39m [37m/wd/hub/session/fbcc8b70-78b9-4e59-af87-d3ad58dfeaad/window/current/size[39m
[35m[HTTP][39m [90m{}[39m
[35m[W3C][39m Driver proxy active, passing request on via HTTP proxy
[35m[JSONWP Proxy][39m Replacing sessionId 1e7afae8-130d-4e58-813b-6f691ff3364d with fbcc8b70-78b9-4e59-af87-d3ad58dfeaad
[35m[HTTP][39m [37m<-- GET /wd/hub/session/fbcc8b70-78b9-4e59-af87-d3ad58dfeaad/window/current/size [39m[32m200[39m [90m30 ms - 99[39m
[35m[HTTP][39m [90m[39m
[35m[HTTP][39m [37m-->[39m [37mPOST[39m [37m/wd/hub/session/fbcc8b70-78b9-4e59-af87-d3ad58dfeaad/elements[39m
[35m[HTTP][39m [90m{"using":"-android uiautomator","value":"new UiSelector().className(\"android.widget.ImageView\").resourceId(\"id.astra.stable.movic:id/ivNext\").instance(1)"}[39m
[35m[HTTP][39m [37m<-- POST /wd/hub/session/fbcc8b70-78b9-4e59-af87-d3ad58dfeaad/elements [39m[32m200[39m [90m94 ms - 124[39m
[35m[HTTP][39m [90m[39m
[35m[HTTP][39m [37m-->[39m [37mGET[39m [37m/wd/hub/session/fbcc8b70-78b9-4e59-af87-d3ad58dfeaad[39m
[35m[HTTP][39m [90m{}[39m
[35m[HTTP][39m [37m<-- GET /wd/hub/session/fbcc8b70-78b9-4e59-af87-d3ad58dfeaad [39m[32m200[39m [90m26 ms - 1260[39m
[35m[HTTP][39m [90m[39m
[35m[HTTP][39m [37m-->[39m [37mGET[39m [37m/wd/hub/session/fbcc8b70-78b9-4e59-af87-d3ad58dfeaad[39m
[35m[HTTP][39m [90m{}[39m
[35m[HTTP][39m [37m<-- GET /wd/hub/session/fbcc8b70-78b9-4e59-af87-d3ad58dfeaad [39m[32m200[39m [90m28 ms - 1260[39m
[35m[HTTP][39m [90m[39m
[35m[HTTP][39m [37m-->[39m [37mGET[39m [37m/wd/hub/session/fbcc8b70-78b9-4e59-af87-d3ad58dfeaad[39m
[35m[HTTP][39m [90m{}[39m
[35m[HTTP][39m [37m<-- GET /wd/hub/session/fbcc8b70-78b9-4e59-af87-d3ad58dfeaad [39m[32m200[39m [90m31 ms - 1260[39m
[35m[HTTP][39m [90m[39m
[35m[HTTP][39m [37m-->[39m [37mGET[39m [37m/wd/hub/session/fbcc8b70-78b9-4e59-af87-d3ad58dfeaad[39m
[35m[HTTP][39m [90m{}[39m
[35m[HTTP][39m [37m<-- GET /wd/hub/session/fbcc8b70-78b9-4e59-af87-d3ad58dfeaad [39m[32m200[39m [90m24 ms - 1260[39m
[35m[HTTP][39m [90m[39m
[35m[HTTP][39m [37m-->[39m [37mGET[39m [37m/wd/hub/session/fbcc8b70-78b9-4e59-af87-d3ad58dfeaad/element/bfec80c9-e2d0-45cb-8fa1-55e771bb4a79/location[39m
[35m[HTTP][39m [90m{}[39m
[35m[W3C][39m Driver proxy active, passing request on via HTTP proxy
[35m[JSONWP Proxy][39m Replacing sessionId 1e7afae8-130d-4e58-813b-6f691ff3364d with fbcc8b70-78b9-4e59-af87-d3ad58dfeaad
[35m[HTTP][39m [37m<-- GET /wd/hub/session/fbcc8b70-78b9-4e59-af87-d3ad58dfeaad/element/bfec80c9-e2d0-45cb-8fa1-55e771bb4a79/location [39m[32m200[39m [90m60 ms - 90[39m
[35m[HTTP][39m [90m[39m
[35m[HTTP][39m [37m-->[39m [37mPOST[39m [37m/wd/hub/session/fbcc8b70-78b9-4e59-af87-d3ad58dfeaad/touch/perform[39m
[35m[HTTP][39m [90m{"actions":[{"action":"tap","options":{"element":"bfec80c9-e2d0-45cb-8fa1-55e771bb4a79","x":1,"y":1}}]}[39m
[35m[UiAutomator2][39m calling get location: bfec80c9-e2d0-45cb-8fa1-55e771bb4a79
[35m[HTTP][39m [37m<-- POST /wd/hub/session/fbcc8b70-78b9-4e59-af87-d3ad58dfeaad/touch/perform [39m[32m200[39m [90m955 ms - 76[39m
[35m[HTTP][39m [90m[39m
[35m[HTTP][39m [37m-->[39m [37mGET[39m [37m/wd/hub/session/fbcc8b70-78b9-4e59-af87-d3ad58dfeaad/window/current/size[39m
[35m[HTTP][39m [90m{}[39m
[35m[W3C][39m Driver proxy active, passing request on via HTTP proxy
[35m[JSONWP Proxy][39m Replacing sessionId 1e7afae8-130d-4e58-813b-6f691ff3364d with fbcc8b70-78b9-4e59-af87-d3ad58dfeaad
[35m[HTTP][39m [37m<-- GET /wd/hub/session/fbcc8b70-78b9-4e59-af87-d3ad58dfeaad/window/current/size [39m[32m200[39m [90m31 ms - 99[39m
[35m[HTTP][39m [90m[39m
[35m[HTTP][39m [37m-->[39m [37mPOST[39m [37m/wd/hub/session/fbcc8b70-78b9-4e59-af87-d3ad58dfeaad/elements[39m
[35m[HTTP][39m [90m{"using":"-android uiautomator","value":"new UiSelector().className(\"android.widget.ImageView\").resourceId(\"id.astra.stable.movic:id/ivNext\").instance(1)"}[39m
[35m[HTTP][39m [37m<-- POST /wd/hub/session/fbcc8b70-78b9-4e59-af87-d3ad58dfeaad/elements [39m[32m200[39m [90m96 ms - 124[39m
[35m[HTTP][39m [90m[39m
[35m[HTTP][39m [37m-->[39m [37mGET[39m [37m/wd/hub/session/fbcc8b70-78b9-4e59-af87-d3ad58dfeaad[39m
[35m[HTTP][39m [90m{}[39m
[35m[HTTP][39m [37m<-- GET /wd/hub/session/fbcc8b70-78b9-4e59-af87-d3ad58dfeaad [39m[32m200[39m [90m24 ms - 1260[39m
[35m[HTTP][39m [90m[39m
[35m[HTTP][39m [37m-->[39m [37mGET[39m [37m/wd/hub/session/fbcc8b70-78b9-4e59-af87-d3ad58dfeaad[39m
[35m[HTTP][39m [90m{}[39m
[35m[HTTP][39m [37m<-- GET /wd/hub/session/fbcc8b70-78b9-4e59-af87-d3ad58dfeaad [39m[32m200[39m [90m28 ms - 1260[39m
[35m[HTTP][39m [90m[39m
[35m[HTTP][39m [37m-->[39m [37mGET[39m [37m/wd/hub/session/fbcc8b70-78b9-4e59-af87-d3ad58dfeaad[39m
[35m[HTTP][39m [90m{}[39m
[35m[HTTP][39m [37m<-- GET /wd/hub/session/fbcc8b70-78b9-4e59-af87-d3ad58dfeaad [39m[32m200[39m [90m25 ms - 1260[39m
[35m[HTTP][39m [90m[39m
[35m[HTTP][39m [37m-->[39m [37mGET[39m [37m/wd/hub/session/fbcc8b70-78b9-4e59-af87-d3ad58dfeaad[39m
[35m[HTTP][39m [90m{}[39m
[35m[HTTP][39m [37m<-- GET /wd/hub/session/fbcc8b70-78b9-4e59-af87-d3ad58dfeaad [39m[32m200[39m [90m26 ms - 1260[39m
[35m[HTTP][39m [90m[39m
[35m[HTTP][39m [37m-->[39m [37mGET[39m [37m/wd/hub/session/fbcc8b70-78b9-4e59-af87-d3ad58dfeaad/element/2112d0fd-bfec-4248-bcc4-597a54e86a86/location[39m
[35m[HTTP][39m [90m{}[39m
[35m[W3C][39m Driver proxy active, passing request on via HTTP proxy
[35m[JSONWP Proxy][39m Replacing sessionId 1e7afae8-130d-4e58-813b-6f691ff3364d with fbcc8b70-78b9-4e59-af87-d3ad58dfeaad
[35m[HTTP][39m [37m<-- GET /wd/hub/session/fbcc8b70-78b9-4e59-af87-d3ad58dfeaad/element/2112d0fd-bfec-4248-bcc4-597a54e86a86/location [39m[32m200[39m [90m46 ms - 90[39m
[35m[HTTP][39m [90m[39m
[35m[HTTP][39m [37m-->[39m [37mPOST[39m [37m/wd/hub/session/fbcc8b70-78b9-4e59-af87-d3ad58dfeaad/touch/perform[39m
[35m[HTTP][39m [90m{"actions":[{"action":"tap","options":{"element":"2112d0fd-bfec-4248-bcc4-597a54e86a86","x":1,"y":1}}]}[39m
[35m[UiAutomator2][39m calling get location: 2112d0fd-bfec-4248-bcc4-597a54e86a86
[35m[HTTP][39m [37m<-- POST /wd/hub/session/fbcc8b70-78b9-4e59-af87-d3ad58dfeaad/touch/perform [39m[32m200[39m [90m945 ms - 76[39m
[35m[HTTP][39m [90m[39m
[35m[HTTP][39m [37m-->[39m [37mGET[39m [37m/wd/hub/session/fbcc8b70-78b9-4e59-af87-d3ad58dfeaad/window/current/size[39m
[35m[HTTP][39m [90m{}[39m
[35m[W3C][39m Driver proxy active, passing request on via HTTP proxy
[35m[JSONWP Proxy][39m Replacing sessionId 1e7afae8-130d-4e58-813b-6f691ff3364d with fbcc8b70-78b9-4e59-af87-d3ad58dfeaad
[35m[HTTP][39m [37m<-- GET /wd/hub/session/fbcc8b70-78b9-4e59-af87-d3ad58dfeaad/window/current/size [39m[32m200[39m [90m42 ms - 99[39m
[35m[HTTP][39m [90m[39m
[35m[HTTP][39m [37m-->[39m [37mPOST[39m [37m/wd/hub/session/fbcc8b70-78b9-4e59-af87-d3ad58dfeaad/elements[39m
[35m[HTTP][39m [90m{"using":"-android uiautomator","value":"new UiSelector().className(\"android.widget.TextView\").text(\"Skip\").resourceId(\"id.astra.stable.movic:id/tvSkip\").instance(2)"}[39m
[35m[HTTP][39m [37m<-- POST /wd/hub/session/fbcc8b70-78b9-4e59-af87-d3ad58dfeaad/elements [39m[32m200[39m [90m80 ms - 124[39m
[35m[HTTP][39m [90m[39m
[35m[HTTP][39m [37m-->[39m [37mGET[39m [37m/wd/hub/session/fbcc8b70-78b9-4e59-af87-d3ad58dfeaad[39m
[35m[HTTP][39m [90m{}[39m
[35m[HTTP][39m [37m<-- GET /wd/hub/session/fbcc8b70-78b9-4e59-af87-d3ad58dfeaad [39m[32m200[39m [90m21 ms - 1260[39m
[35m[HTTP][39m [90m[39m
[35m[HTTP][39m [37m-->[39m [37mGET[39m [37m/wd/hub/session/fbcc8b70-78b9-4e59-af87-d3ad58dfeaad[39m
[35m[HTTP][39m [90m{}[39m
[35m[HTTP][39m [37m<-- GET /wd/hub/session/fbcc8b70-78b9-4e59-af87-d3ad58dfeaad [39m[32m200[39m [90m25 ms - 1260[39m
[35m[HTTP][39m [90m[39m
[35m[HTTP][39m [37m-->[39m [37mGET[39m [37m/wd/hub/session/fbcc8b70-78b9-4e59-af87-d3ad58dfeaad[39m
[35m[HTTP][39m [90m{}[39m
[35m[HTTP][39m [37m<-- GET /wd/hub/session/fbcc8b70-78b9-4e59-af87-d3ad58dfeaad [39m[32m200[39m [90m27 ms - 1260[39m
[35m[HTTP][39m [90m[39m
[35m[HTTP][39m [37m-->[39m [37mGET[39m [37m/wd/hub/session/fbcc8b70-78b9-4e59-af87-d3ad58dfeaad[39m
[35m[HTTP][39m [90m{}[39m
[35m[HTTP][39m [37m<-- GET /wd/hub/session/fbcc8b70-78b9-4e59-af87-d3ad58dfeaad [39m[32m200[39m [90m32 ms - 1260[39m
[35m[HTTP][39m [90m[39m
[35m[HTTP][39m [37m-->[39m [37mGET[39m [37m/wd/hub/session/fbcc8b70-78b9-4e59-af87-d3ad58dfeaad/element/b3076517-340b-4e54-aeea-594a6e31b22d/location[39m
[35m[HTTP][39m [90m{}[39m
[35m[W3C][39m Driver proxy active, passing request on via HTTP proxy
[35m[JSONWP Proxy][39m Replacing sessionId 1e7afae8-130d-4e58-813b-6f691ff3364d with fbcc8b70-78b9-4e59-af87-d3ad58dfeaad
[35m[HTTP][39m [37m<-- GET /wd/hub/session/fbcc8b70-78b9-4e59-af87-d3ad58dfeaad/element/b3076517-340b-4e54-aeea-594a6e31b22d/location [39m[32m200[39m [90m32 ms - 89[39m
[35m[HTTP][39m [90m[39m
[35m[HTTP][39m [37m-->[39m [37mPOST[39m [37m/wd/hub/session/fbcc8b70-78b9-4e59-af87-d3ad58dfeaad/touch/perform[39m
[35m[HTTP][39m [90m{"actions":[{"action":"tap","options":{"element":"b3076517-340b-4e54-aeea-594a6e31b22d","x":1,"y":1}}]}[39m
[35m[UiAutomator2][39m calling get location: b3076517-340b-4e54-aeea-594a6e31b22d
[35m[HTTP][39m [37m<-- POST /wd/hub/session/fbcc8b70-78b9-4e59-af87-d3ad58dfeaad/touch/perform [39m[32m200[39m [90m1832 ms - 76[39m
[35m[HTTP][39m [90m[39m
[35m[HTTP][39m [37m-->[39m [37mGET[39m [37m/wd/hub/session/fbcc8b70-78b9-4e59-af87-d3ad58dfeaad/window/current/size[39m
[35m[HTTP][39m [90m{}[39m
[35m[W3C][39m Driver proxy active, passing request on via HTTP proxy
[35m[JSONWP Proxy][39m Replacing sessionId 1e7afae8-130d-4e58-813b-6f691ff3364d with fbcc8b70-78b9-4e59-af87-d3ad58dfeaad
[35m[HTTP][39m [37m<-- GET /wd/hub/session/fbcc8b70-78b9-4e59-af87-d3ad58dfeaad/window/current/size [39m[32m200[39m [90m36 ms - 99[39m
[35m[HTTP][39m [90m[39m
[35m[HTTP][39m [37m-->[39m [37mPOST[39m [37m/wd/hub/session/fbcc8b70-78b9-4e59-af87-d3ad58dfeaad/elements[39m
[35m[HTTP][39m [90m{"using":"-android uiautomator","value":"new UiSelector().className(\"android.widget.TextView\").text(\"Log in\").resourceId(\"id.astra.stable.movic:id/mTxtLogin\").instance(0)"}[39m
[35m[HTTP][39m [37m<-- POST /wd/hub/session/fbcc8b70-78b9-4e59-af87-d3ad58dfeaad/elements [39m[32m200[39m [90m100 ms - 124[39m
[35m[HTTP][39m [90m[39m
[35m[HTTP][39m [37m-->[39m [37mGET[39m [37m/wd/hub/session/fbcc8b70-78b9-4e59-af87-d3ad58dfeaad[39m
[35m[HTTP][39m [90m{}[39m
[35m[HTTP][39m [37m<-- GET /wd/hub/session/fbcc8b70-78b9-4e59-af87-d3ad58dfeaad [39m[32m200[39m [90m32 ms - 1260[39m
[35m[HTTP][39m [90m[39m
[35m[HTTP][39m [37m-->[39m [37mGET[39m [37m/wd/hub/session/fbcc8b70-78b9-4e59-af87-d3ad58dfeaad[39m
[35m[HTTP][39m [90m{}[39m
[35m[HTTP][39m [37m<-- GET /wd/hub/session/fbcc8b70-78b9-4e59-af87-d3ad58dfeaad [39m[32m200[39m [90m25 ms - 1260[39m
[35m[HTTP][39m [90m[39m
[35m[HTTP][39m [37m-->[39m [37mGET[39m [37m/wd/hub/session/fbcc8b70-78b9-4e59-af87-d3ad58dfeaad[39m
[35m[HTTP][39m [90m{}[39m
[35m[HTTP][39m [37m<-- GET /wd/hub/session/fbcc8b70-78b9-4e59-af87-d3ad58dfeaad [39m[32m200[39m [90m22 ms - 1260[39m
[35m[HTTP][39m [90m[39m
[35m[HTTP][39m [37m-->[39m [37mGET[39m [37m/wd/hub/session/fbcc8b70-78b9-4e59-af87-d3ad58dfeaad[39m
[35m[HTTP][39m [90m{}[39m
[35m[HTTP][39m [37m<-- GET /wd/hub/session/fbcc8b70-78b9-4e59-af87-d3ad58dfeaad [39m[32m200[39m [90m21 ms - 1260[39m
[35m[HTTP][39m [90m[39m
[35m[HTTP][39m [37m-->[39m [37mGET[39m [37m/wd/hub/session/fbcc8b70-78b9-4e59-af87-d3ad58dfeaad/element/2717bd45-bfbd-478c-be8e-63205e231a43/location[39m
[35m[HTTP][39m [90m{}[39m
[35m[W3C][39m Driver proxy active, passing request on via HTTP proxy
[35m[JSONWP Proxy][39m Replacing sessionId 1e7afae8-130d-4e58-813b-6f691ff3364d with fbcc8b70-78b9-4e59-af87-d3ad58dfeaad
[35m[HTTP][39m [37m<-- GET /wd/hub/session/fbcc8b70-78b9-4e59-af87-d3ad58dfeaad/element/2717bd45-bfbd-478c-be8e-63205e231a43/location [39m[32m200[39m [90m44 ms - 89[39m
[35m[HTTP][39m [90m[39m
[35m[HTTP][39m [37m-->[39m [37mPOST[39m [37m/wd/hub/session/fbcc8b70-78b9-4e59-af87-d3ad58dfeaad/touch/perform[39m
[35m[HTTP][39m [90m{"actions":[{"action":"tap","options":{"element":"2717bd45-bfbd-478c-be8e-63205e231a43","x":1,"y":1}}]}[39m
[35m[UiAutomator2][39m calling get location: 2717bd45-bfbd-478c-be8e-63205e231a43
[35m[HTTP][39m [37m<-- POST /wd/hub/session/fbcc8b70-78b9-4e59-af87-d3ad58dfeaad/touch/perform [39m[32m200[39m [90m1241 ms - 76[39m
[35m[HTTP][39m [90m[39m
[35m[HTTP][39m [37m-->[39m [37mGET[39m [37m/wd/hub/session/fbcc8b70-78b9-4e59-af87-d3ad58dfeaad/window/current/size[39m
[35m[HTTP][39m [90m{}[39m
[35m[W3C][39m Driver proxy active, passing request on via HTTP proxy
[35m[JSONWP Proxy][39m Replacing sessionId 1e7afae8-130d-4e58-813b-6f691ff3364d with fbcc8b70-78b9-4e59-af87-d3ad58dfeaad
[35m[HTTP][39m [37m<-- GET /wd/hub/session/fbcc8b70-78b9-4e59-af87-d3ad58dfeaad/window/current/size [39m[32m200[39m [90m32 ms - 99[39m
[35m[HTTP][39m [90m[39m
[35m[HTTP][39m [37m-->[39m [37mPOST[39m [37m/wd/hub/session/fbcc8b70-78b9-4e59-af87-d3ad58dfeaad/elements[39m
[35m[HTTP][39m [90m{"using":"-android uiautomator","value":"new UiSelector().className(\"android.widget.EditText\").resourceId(\"id.astra.stable.movic:id/mTxtUsername\").instance(0)"}[39m
[35m[HTTP][39m [37m<-- POST /wd/hub/session/fbcc8b70-78b9-4e59-af87-d3ad58dfeaad/elements [39m[32m200[39m [90m76 ms - 124[39m
[35m[HTTP][39m [90m[39m
[35m[HTTP][39m [37m-->[39m [37mGET[39m [37m/wd/hub/session/fbcc8b70-78b9-4e59-af87-d3ad58dfeaad[39m
[35m[HTTP][39m [90m{}[39m
[35m[HTTP][39m [37m<-- GET /wd/hub/session/fbcc8b70-78b9-4e59-af87-d3ad58dfeaad [39m[32m200[39m [90m20 ms - 1260[39m
[35m[HTTP][39m [90m[39m
[35m[HTTP][39m [37m-->[39m [37mGET[39m [37m/wd/hub/session/fbcc8b70-78b9-4e59-af87-d3ad58dfeaad[39m
[35m[HTTP][39m [90m{}[39m
[35m[HTTP][39m [37m<-- GET /wd/hub/session/fbcc8b70-78b9-4e59-af87-d3ad58dfeaad [39m[32m200[39m [90m25 ms - 1260[39m
[35m[HTTP][39m [90m[39m
[35m[HTTP][39m [37m-->[39m [37mGET[39m [37m/wd/hub/session/fbcc8b70-78b9-4e59-af87-d3ad58dfeaad[39m
[35m[HTTP][39m [90m{}[39m
[35m[HTTP][39m [37m<-- GET /wd/hub/session/fbcc8b70-78b9-4e59-af87-d3ad58dfeaad [39m[32m200[39m [90m22 ms - 1260[39m
[35m[HTTP][39m [90m[39m
[35m[HTTP][39m [37m-->[39m [37mGET[39m [37m/wd/hub/session/fbcc8b70-78b9-4e59-af87-d3ad58dfeaad[39m
[35m[HTTP][39m [90m{}[39m
[35m[HTTP][39m [37m<-- GET /wd/hub/session/fbcc8b70-78b9-4e59-af87-d3ad58dfeaad [39m[32m200[39m [90m14 ms - 1260[39m
[35m[HTTP][39m [90m[39m
[35m[HTTP][39m [37m-->[39m [37mGET[39m [37m/wd/hub/session/fbcc8b70-78b9-4e59-af87-d3ad58dfeaad/element/231f6bcc-fdd8-4781-bee5-1ffb2d616622/location[39m
[35m[HTTP][39m [90m{}[39m
[35m[W3C][39m Driver proxy active, passing request on via HTTP proxy
[35m[JSONWP Proxy][39m Replacing sessionId 1e7afae8-130d-4e58-813b-6f691ff3364d with fbcc8b70-78b9-4e59-af87-d3ad58dfeaad
[35m[HTTP][39m [37m<-- GET /wd/hub/session/fbcc8b70-78b9-4e59-af87-d3ad58dfeaad/element/231f6bcc-fdd8-4781-bee5-1ffb2d616622/location [39m[32m200[39m [90m26 ms - 88[39m
[35m[HTTP][39m [90m[39m
[35m[HTTP][39m [37m-->[39m [37mPOST[39m [37m/wd/hub/session/fbcc8b70-78b9-4e59-af87-d3ad58dfeaad/element/231f6bcc-fdd8-4781-bee5-1ffb2d616622/clear[39m
[35m[HTTP][39m [90m{"id":"231f6bcc-fdd8-4781-bee5-1ffb2d616622"}[39m
[35m[HTTP][39m [37m<-- POST /wd/hub/session/fbcc8b70-78b9-4e59-af87-d3ad58dfeaad/element/231f6bcc-fdd8-4781-bee5-1ffb2d616622/clear [39m[32m200[39m [90m75 ms - 89[39m
[35m[HTTP][39m [90m[39m
[35m[HTTP][39m [37m-->[39m [37mPOST[39m [37m/wd/hub/session/fbcc8b70-78b9-4e59-af87-d3ad58dfeaad/element/231f6bcc-fdd8-4781-bee5-1ffb2d616622/value[39m
[35m[HTTP][39m [90m{"id":"231f6bcc-fdd8-4781-bee5-1ffb2d616622","value":["santi.wahyuni@wgs.co.id"]}[39m
[35m[HTTP][39m [37m<-- POST /wd/hub/session/fbcc8b70-78b9-4e59-af87-d3ad58dfeaad/element/231f6bcc-fdd8-4781-bee5-1ffb2d616622/value [39m[32m200[39m [90m738 ms - 74[39m
[35m[HTTP][39m [90m[39m
[35m[HTTP][39m [37m-->[39m [37mGET[39m [37m/wd/hub/session/fbcc8b70-78b9-4e59-af87-d3ad58dfeaad/window/current/size[39m
[35m[HTTP][39m [90m{}[39m
[35m[W3C][39m Driver proxy active, passing request on via HTTP proxy
[35m[JSONWP Proxy][39m Replacing sessionId 1e7afae8-130d-4e58-813b-6f691ff3364d with fbcc8b70-78b9-4e59-af87-d3ad58dfeaad
[35m[HTTP][39m [37m<-- GET /wd/hub/session/fbcc8b70-78b9-4e59-af87-d3ad58dfeaad/window/current/size [39m[32m200[39m [90m78 ms - 99[39m
[35m[HTTP][39m [90m[39m
[35m[HTTP][39m [37m-->[39m [37mPOST[39m [37m/wd/hub/session/fbcc8b70-78b9-4e59-af87-d3ad58dfeaad/elements[39m
[35m[HTTP][39m [90m{"using":"-android uiautomator","value":"new UiSelector().className(\"android.widget.Button\").text(\"Next\").resourceId(\"id.astra.stable.movic:id/mBtnNext\").instance(0)"}[39m
[35m[HTTP][39m [37m<-- POST /wd/hub/session/fbcc8b70-78b9-4e59-af87-d3ad58dfeaad/elements [39m[32m200[39m [90m420 ms - 124[39m
[35m[HTTP][39m [90m[39m
[35m[HTTP][39m [37m-->[39m [37mGET[39m [37m/wd/hub/session/fbcc8b70-78b9-4e59-af87-d3ad58dfeaad[39m
[35m[HTTP][39m [90m{}[39m
[35m[HTTP][39m [37m<-- GET /wd/hub/session/fbcc8b70-78b9-4e59-af87-d3ad58dfeaad [39m[32m200[39m [90m20 ms - 1260[39m
[35m[HTTP][39m [90m[39m
[35m[HTTP][39m [37m-->[39m [37mGET[39m [37m/wd/hub/session/fbcc8b70-78b9-4e59-af87-d3ad58dfeaad[39m
[35m[HTTP][39m [90m{}[39m
[35m[HTTP][39m [37m<-- GET /wd/hub/session/fbcc8b70-78b9-4e59-af87-d3ad58dfeaad [39m[32m200[39m [90m20 ms - 1260[39m
[35m[HTTP][39m [90m[39m
[35m[HTTP][39m [37m-->[39m [37mGET[39m [37m/wd/hub/session/fbcc8b70-78b9-4e59-af87-d3ad58dfeaad[39m
[35m[HTTP][39m [90m{}[39m
[35m[HTTP][39m [37m<-- GET /wd/hub/session/fbcc8b70-78b9-4e59-af87-d3ad58dfeaad [39m[32m200[39m [90m26 ms - 1260[39m
[35m[HTTP][39m [90m[39m
[35m[HTTP][39m [37m-->[39m [37mGET[39m [37m/wd/hub/session/fbcc8b70-78b9-4e59-af87-d3ad58dfeaad[39m
[35m[HTTP][39m [90m{}[39m
[35m[HTTP][39m [37m<-- GET /wd/hub/session/fbcc8b70-78b9-4e59-af87-d3ad58dfeaad [39m[32m200[39m [90m26 ms - 1260[39m
[35m[HTTP][39m [90m[39m
[35m[HTTP][39m [37m-->[39m [37mGET[39m [37m/wd/hub/session/fbcc8b70-78b9-4e59-af87-d3ad58dfeaad/element/6fed6377-4948-4b7c-abf7-a6e566ee2478/location[39m
[35m[HTTP][39m [90m{}[39m
[35m[W3C][39m Driver proxy active, passing request on via HTTP proxy
[35m[JSONWP Proxy][39m Replacing sessionId 1e7afae8-130d-4e58-813b-6f691ff3364d with fbcc8b70-78b9-4e59-af87-d3ad58dfeaad
[35m[HTTP][39m [37m<-- GET /wd/hub/session/fbcc8b70-78b9-4e59-af87-d3ad58dfeaad/element/6fed6377-4948-4b7c-abf7-a6e566ee2478/location [39m[32m200[39m [90m33 ms - 89[39m
[35m[HTTP][39m [90m[39m
[35m[HTTP][39m [37m-->[39m [37mPOST[39m [37m/wd/hub/session/fbcc8b70-78b9-4e59-af87-d3ad58dfeaad/touch/perform[39m
[35m[HTTP][39m [90m{"actions":[{"action":"tap","options":{"element":"6fed6377-4948-4b7c-abf7-a6e566ee2478","x":1,"y":1}}]}[39m
[35m[UiAutomator2][39m calling get location: 6fed6377-4948-4b7c-abf7-a6e566ee2478
[35m[HTTP][39m [37m<-- POST /wd/hub/session/fbcc8b70-78b9-4e59-af87-d3ad58dfeaad/touch/perform [39m[32m200[39m [90m2019 ms - 76[39m
[35m[HTTP][39m [90m[39m
[35m[HTTP][39m [37m-->[39m [37mGET[39m [37m/wd/hub/session/fbcc8b70-78b9-4e59-af87-d3ad58dfeaad/window/current/size[39m
[35m[HTTP][39m [90m{}[39m
[35m[W3C][39m Driver proxy active, passing request on via HTTP proxy
[35m[JSONWP Proxy][39m Replacing sessionId 1e7afae8-130d-4e58-813b-6f691ff3364d with fbcc8b70-78b9-4e59-af87-d3ad58dfeaad
[35m[HTTP][39m [37m<-- GET /wd/hub/session/fbcc8b70-78b9-4e59-af87-d3ad58dfeaad/window/current/size [39m[32m200[39m [90m32 ms - 99[39m
[35m[HTTP][39m [90m[39m
[35m[HTTP][39m [37m-->[39m [37mPOST[39m [37m/wd/hub/session/fbcc8b70-78b9-4e59-af87-d3ad58dfeaad/elements[39m
[35m[HTTP][39m [90m{"using":"-android uiautomator","value":"new UiSelector().className(\"android.widget.EditText\").resourceId(\"id.astra.stable.movic:id/mTxtPassword\").instance(0)"}[39m
[35m[HTTP][39m [37m<-- POST /wd/hub/session/fbcc8b70-78b9-4e59-af87-d3ad58dfeaad/elements [39m[32m200[39m [90m79 ms - 124[39m
[35m[HTTP][39m [90m[39m
[35m[HTTP][39m [37m-->[39m [37mGET[39m [37m/wd/hub/session/fbcc8b70-78b9-4e59-af87-d3ad58dfeaad[39m
[35m[HTTP][39m [90m{}[39m
[35m[HTTP][39m [37m<-- GET /wd/hub/session/fbcc8b70-78b9-4e59-af87-d3ad58dfeaad [39m[32m200[39m [90m27 ms - 1260[39m
[35m[HTTP][39m [90m[39m
[35m[HTTP][39m [37m-->[39m [37mGET[39m [37m/wd/hub/session/fbcc8b70-78b9-4e59-af87-d3ad58dfeaad[39m
[35m[HTTP][39m [90m{}[39m
[35m[HTTP][39m [37m<-- GET /wd/hub/session/fbcc8b70-78b9-4e59-af87-d3ad58dfeaad [39m[32m200[39m [90m27 ms - 1260[39m
[35m[HTTP][39m [90m[39m
[35m[HTTP][39m [37m-->[39m [37mGET[39m [37m/wd/hub/session/fbcc8b70-78b9-4e59-af87-d3ad58dfeaad[39m
[35m[HTTP][39m [90m{}[39m
[35m[HTTP][39m [37m<-- GET /wd/hub/session/fbcc8b70-78b9-4e59-af87-d3ad58dfeaad [39m[32m200[39m [90m31 ms - 1260[39m
[35m[HTTP][39m [90m[39m
[35m[HTTP][39m [37m-->[39m [37mGET[39m [37m/wd/hub/session/fbcc8b70-78b9-4e59-af87-d3ad58dfeaad[39m
[35m[HTTP][39m [90m{}[39m
[35m[HTTP][39m [37m<-- GET /wd/hub/session/fbcc8b70-78b9-4e59-af87-d3ad58dfeaad [39m[32m200[39m [90m24 ms - 1260[39m
[35m[HTTP][39m [90m[39m
[35m[HTTP][39m [37m-->[39m [37mGET[39m [37m/wd/hub/session/fbcc8b70-78b9-4e59-af87-d3ad58dfeaad/element/eb7831cd-9057-4c08-a09a-6b515c3ae2da/location[39m
[35m[HTTP][39m [90m{}[39m
[35m[W3C][39m Driver proxy active, passing request on via HTTP proxy
[35m[JSONWP Proxy][39m Replacing sessionId 1e7afae8-130d-4e58-813b-6f691ff3364d with fbcc8b70-78b9-4e59-af87-d3ad58dfeaad
[35m[HTTP][39m [37m<-- GET /wd/hub/session/fbcc8b70-78b9-4e59-af87-d3ad58dfeaad/element/eb7831cd-9057-4c08-a09a-6b515c3ae2da/location [39m[32m200[39m [90m50 ms - 88[39m
[35m[HTTP][39m [90m[39m
[35m[HTTP][39m [37m-->[39m [37mPOST[39m [37m/wd/hub/session/fbcc8b70-78b9-4e59-af87-d3ad58dfeaad/element/eb7831cd-9057-4c08-a09a-6b515c3ae2da/clear[39m
[35m[HTTP][39m [90m{"id":"eb7831cd-9057-4c08-a09a-6b515c3ae2da"}[39m
[35m[HTTP][39m [37m<-- POST /wd/hub/session/fbcc8b70-78b9-4e59-af87-d3ad58dfeaad/element/eb7831cd-9057-4c08-a09a-6b515c3ae2da/clear [39m[32m200[39m [90m44 ms - 89[39m
[35m[HTTP][39m [90m[39m
[35m[HTTP][39m [37m-->[39m [37mPOST[39m [37m/wd/hub/session/fbcc8b70-78b9-4e59-af87-d3ad58dfeaad/element/eb7831cd-9057-4c08-a09a-6b515c3ae2da/value[39m
[35m[HTTP][39m [90m{"id":"eb7831cd-9057-4c08-a09a-6b515c3ae2da","value":["P@ssword789"]}[39m
[35m[HTTP][39m [37m<-- POST /wd/hub/session/fbcc8b70-78b9-4e59-af87-d3ad58dfeaad/element/eb7831cd-9057-4c08-a09a-6b515c3ae2da/value [39m[32m200[39m [90m731 ms - 74[39m
[35m[HTTP][39m [90m[39m
[35m[HTTP][39m [37m-->[39m [37mGET[39m [37m/wd/hub/session/fbcc8b70-78b9-4e59-af87-d3ad58dfeaad/context[39m
[35m[HTTP][39m [90m{}[39m
[35m[HTTP][39m [37m<-- GET /wd/hub/session/fbcc8b70-78b9-4e59-af87-d3ad58dfeaad/context [39m[32m200[39m [90m7 ms - 84[39m
[35m[HTTP][39m [90m[39m
[35m[HTTP][39m [37m-->[39m [37mGET[39m [37m/wd/hub/session/fbcc8b70-78b9-4e59-af87-d3ad58dfeaad/contexts[39m
[35m[HTTP][39m [90m{}[39m
[35m[HTTP][39m [37m<-- GET /wd/hub/session/fbcc8b70-78b9-4e59-af87-d3ad58dfeaad/contexts [39m[32m200[39m [90m114 ms - 86[39m
[35m[HTTP][39m [90m[39m
[35m[HTTP][39m [37m-->[39m [37mPOST[39m [37m/wd/hub/session/fbcc8b70-78b9-4e59-af87-d3ad58dfeaad/context[39m
[35m[HTTP][39m [90m{"name":"NATIVE_APP"}[39m
[35m[HTTP][39m [37m<-- POST /wd/hub/session/fbcc8b70-78b9-4e59-af87-d3ad58dfeaad/context [39m[32m200[39m [90m98 ms - 76[39m
[35m[HTTP][39m [90m[39m
[35m[HTTP][39m [37m-->[39m [37mPOST[39m [37m/wd/hub/session/fbcc8b70-78b9-4e59-af87-d3ad58dfeaad/appium/device/hide_keyboard[39m
[35m[HTTP][39m [90m{}[39m
[35m[HTTP][39m [37m<-- POST /wd/hub/session/fbcc8b70-78b9-4e59-af87-d3ad58dfeaad/appium/device/hide_keyboard [39m[32m200[39m [90m1297 ms - 76[39m
[35m[HTTP][39m [90m[39m
[35m[HTTP][39m [37m-->[39m [37mPOST[39m [37m/wd/hub/session/fbcc8b70-78b9-4e59-af87-d3ad58dfeaad/context[39m
[35m[HTTP][39m [90m{"name":"NATIVE_APP"}[39m
[35m[HTTP][39m [37m<-- POST /wd/hub/session/fbcc8b70-78b9-4e59-af87-d3ad58dfeaad/context [39m[32m200[39m [90m71 ms - 76[39m
[35m[HTTP][39m [90m[39m
[35m[HTTP][39m [37m-->[39m [37mGET[39m [37m/wd/hub/session/fbcc8b70-78b9-4e59-af87-d3ad58dfeaad/window/current/size[39m
[35m[HTTP][39m [90m{}[39m
[35m[W3C][39m Driver proxy active, passing request on via HTTP proxy
[35m[JSONWP Proxy][39m Replacing sessionId 1e7afae8-130d-4e58-813b-6f691ff3364d with fbcc8b70-78b9-4e59-af87-d3ad58dfeaad
[35m[HTTP][39m [37m<-- GET /wd/hub/session/fbcc8b70-78b9-4e59-af87-d3ad58dfeaad/window/current/size [39m[32m200[39m [90m65 ms - 99[39m
[35m[HTTP][39m [90m[39m
[35m[HTTP][39m [37m-->[39m [37mPOST[39m [37m/wd/hub/session/fbcc8b70-78b9-4e59-af87-d3ad58dfeaad/elements[39m
[35m[HTTP][39m [90m{"using":"-android uiautomator","value":"new UiSelector().className(\"android.widget.Button\").text(\"Start Movic\").resourceId(\"id.astra.stable.movic:id/mBtnNext\").instance(0)"}[39m
[35m[HTTP][39m [37m<-- POST /wd/hub/session/fbcc8b70-78b9-4e59-af87-d3ad58dfeaad/elements [39m[32m200[39m [90m506 ms - 124[39m
[35m[HTTP][39m [90m[39m
[35m[HTTP][39m [37m-->[39m [37mGET[39m [37m/wd/hub/session/fbcc8b70-78b9-4e59-af87-d3ad58dfeaad[39m
[35m[HTTP][39m [90m{}[39m
[35m[HTTP][39m [37m<-- GET /wd/hub/session/fbcc8b70-78b9-4e59-af87-d3ad58dfeaad [39m[32m200[39m [90m20 ms - 1260[39m
[35m[HTTP][39m [90m[39m
[35m[HTTP][39m [37m-->[39m [37mGET[39m [37m/wd/hub/session/fbcc8b70-78b9-4e59-af87-d3ad58dfeaad[39m
[35m[HTTP][39m [90m{}[39m
[35m[HTTP][39m [37m<-- GET /wd/hub/session/fbcc8b70-78b9-4e59-af87-d3ad58dfeaad [39m[32m200[39m [90m23 ms - 1260[39m
[35m[HTTP][39m [90m[39m
[35m[HTTP][39m [37m-->[39m [37mGET[39m [37m/wd/hub/session/fbcc8b70-78b9-4e59-af87-d3ad58dfeaad[39m
[35m[HTTP][39m [90m{}[39m
[35m[HTTP][39m [37m<-- GET /wd/hub/session/fbcc8b70-78b9-4e59-af87-d3ad58dfeaad [39m[32m200[39m [90m17 ms - 1260[39m
[35m[HTTP][39m [90m[39m
[35m[HTTP][39m [37m-->[39m [37mGET[39m [37m/wd/hub/session/fbcc8b70-78b9-4e59-af87-d3ad58dfeaad[39m
[35m[HTTP][39m [90m{}[39m
[35m[HTTP][39m [37m<-- GET /wd/hub/session/fbcc8b70-78b9-4e59-af87-d3ad58dfeaad [39m[32m200[39m [90m23 ms - 1260[39m
[35m[HTTP][39m [90m[39m
[35m[HTTP][39m [37m-->[39m [37mGET[39m [37m/wd/hub/session/fbcc8b70-78b9-4e59-af87-d3ad58dfeaad/element/2f7e1343-7c71-448d-a089-aa70302cac21/location[39m
[35m[HTTP][39m [90m{}[39m
[35m[W3C][39m Driver proxy active, passing request on via HTTP proxy
[35m[JSONWP Proxy][39m Replacing sessionId 1e7afae8-130d-4e58-813b-6f691ff3364d with fbcc8b70-78b9-4e59-af87-d3ad58dfeaad
[35m[HTTP][39m [37m<-- GET /wd/hub/session/fbcc8b70-78b9-4e59-af87-d3ad58dfeaad/element/2f7e1343-7c71-448d-a089-aa70302cac21/location [39m[32m200[39m [90m52 ms - 89[39m
[35m[HTTP][39m [90m[39m
[35m[HTTP][39m [37m-->[39m [37mPOST[39m [37m/wd/hub/session/fbcc8b70-78b9-4e59-af87-d3ad58dfeaad/touch/perform[39m
[35m[HTTP][39m [90m{"actions":[{"action":"tap","options":{"element":"2f7e1343-7c71-448d-a089-aa70302cac21","x":1,"y":1}}]}[39m
[35m[UiAutomator2][39m calling get location: 2f7e1343-7c71-448d-a089-aa70302cac21
[35m[HTTP][39m [37m<-- POST /wd/hub/session/fbcc8b70-78b9-4e59-af87-d3ad58dfeaad/touch/perform [39m[32m200[39m [90m977 ms - 76[39m
[35m[HTTP][39m [90m[39m
[35m[HTTP][39m [37m-->[39m [37mGET[39m [37m/wd/hub/session/fbcc8b70-78b9-4e59-af87-d3ad58dfeaad/window/current/size[39m
[35m[HTTP][39m [90m{}[39m
[35m[W3C][39m Driver proxy active, passing request on via HTTP proxy
[35m[JSONWP Proxy][39m Replacing sessionId 1e7afae8-130d-4e58-813b-6f691ff3364d with fbcc8b70-78b9-4e59-af87-d3ad58dfeaad
[35m[HTTP][39m [37m<-- GET /wd/hub/session/fbcc8b70-78b9-4e59-af87-d3ad58dfeaad/window/current/size [39m[32m200[39m [90m33 ms - 99[39m
[35m[HTTP][39m [90m[39m
[35m[HTTP][39m [37m-->[39m [37mPOST[39m [37m/wd/hub/session/fbcc8b70-78b9-4e59-af87-d3ad58dfeaad/elements[39m
[35m[HTTP][39m [90m{"using":"-android uiautomator","value":"new UiSelector().className(\"android.widget.ImageView\").resourceId(\"id.astra.stable.movic:id/ivBanner\").instance(7)"}[39m
[35m[HTTP][39m [37m<-- POST /wd/hub/session/fbcc8b70-78b9-4e59-af87-d3ad58dfeaad/elements [39m[32m200[39m [90m419 ms - 328[39m
[35m[HTTP][39m [90m[39m
[35m[HTTP][39m [37m-->[39m [37mGET[39m [37m/wd/hub/session/fbcc8b70-78b9-4e59-af87-d3ad58dfeaad[39m
[35m[HTTP][39m [90m{}[39m
[35m[HTTP][39m [37m<-- GET /wd/hub/session/fbcc8b70-78b9-4e59-af87-d3ad58dfeaad [39m[32m200[39m [90m19 ms - 1260[39m
[35m[HTTP][39m [90m[39m
[35m[HTTP][39m [37m-->[39m [37mGET[39m [37m/wd/hub/session/fbcc8b70-78b9-4e59-af87-d3ad58dfeaad[39m
[35m[HTTP][39m [90m{}[39m
[35m[HTTP][39m [37m<-- GET /wd/hub/session/fbcc8b70-78b9-4e59-af87-d3ad58dfeaad [39m[32m200[39m [90m19 ms - 1260[39m
[35m[HTTP][39m [90m[39m
[35m[HTTP][39m [37m-->[39m [37mGET[39m [37m/wd/hub/session/fbcc8b70-78b9-4e59-af87-d3ad58dfeaad[39m
[35m[HTTP][39m [90m{}[39m
[35m[HTTP][39m [37m<-- GET /wd/hub/session/fbcc8b70-78b9-4e59-af87-d3ad58dfeaad [39m[32m200[39m [90m21 ms - 1260[39m
[35m[HTTP][39m [90m[39m
[35m[HTTP][39m [37m-->[39m [37mGET[39m [37m/wd/hub/session/fbcc8b70-78b9-4e59-af87-d3ad58dfeaad[39m
[35m[HTTP][39m [90m{}[39m
[35m[HTTP][39m [37m<-- GET /wd/hub/session/fbcc8b70-78b9-4e59-af87-d3ad58dfeaad [39m[32m200[39m [90m24 ms - 1260[39m
[35m[HTTP][39m [90m[39m
[35m[HTTP][39m [37m-->[39m [37mGET[39m [37m/wd/hub/session/fbcc8b70-78b9-4e59-af87-d3ad58dfeaad[39m
[35m[HTTP][39m [90m{}[39m
[35m[HTTP][39m [37m<-- GET /wd/hub/session/fbcc8b70-78b9-4e59-af87-d3ad58dfeaad [39m[32m200[39m [90m27 ms - 1260[39m
[35m[HTTP][39m [90m[39m
[35m[HTTP][39m [37m-->[39m [37mGET[39m [37m/wd/hub/session/fbcc8b70-78b9-4e59-af87-d3ad58dfeaad[39m
[35m[HTTP][39m [90m{}[39m
[35m[HTTP][39m [37m<-- GET /wd/hub/session/fbcc8b70-78b9-4e59-af87-d3ad58dfeaad [39m[32m200[39m [90m23 ms - 1260[39m
[35m[HTTP][39m [90m[39m
[35m[HTTP][39m [37m-->[39m [37mGET[39m [37m/wd/hub/session/fbcc8b70-78b9-4e59-af87-d3ad58dfeaad[39m
[35m[HTTP][39m [90m{}[39m
[35m[HTTP][39m [37m<-- GET /wd/hub/session/fbcc8b70-78b9-4e59-af87-d3ad58dfeaad [39m[32m200[39m [90m26 ms - 1260[39m
[35m[HTTP][39m [90m[39m
[35m[HTTP][39m [37m-->[39m [37mGET[39m [37m/wd/hub/session/fbcc8b70-78b9-4e59-af87-d3ad58dfeaad[39m
[35m[HTTP][39m [90m{}[39m
[35m[HTTP][39m [37m<-- GET /wd/hub/session/fbcc8b70-78b9-4e59-af87-d3ad58dfeaad [39m[32m200[39m [90m25 ms - 1260[39m
[35m[HTTP][39m [90m[39m
[35m[HTTP][39m [37m-->[39m [37mGET[39m [37m/wd/hub/session/fbcc8b70-78b9-4e59-af87-d3ad58dfeaad[39m
[35m[HTTP][39m [90m{}[39m
[35m[HTTP][39m [37m<-- GET /wd/hub/session/fbcc8b70-78b9-4e59-af87-d3ad58dfeaad [39m[32m200[39m [90m28 ms - 1260[39m
[35m[HTTP][39m [90m[39m
[35m[HTTP][39m [37m-->[39m [37mGET[39m [37m/wd/hub/session/fbcc8b70-78b9-4e59-af87-d3ad58dfeaad[39m
[35m[HTTP][39m [90m{}[39m
[35m[HTTP][39m [37m<-- GET /wd/hub/session/fbcc8b70-78b9-4e59-af87-d3ad58dfeaad [39m[32m200[39m [90m24 ms - 1260[39m
[35m[HTTP][39m [90m[39m
[35m[HTTP][39m [37m-->[39m [37mGET[39m [37m/wd/hub/session/fbcc8b70-78b9-4e59-af87-d3ad58dfeaad[39m
[35m[HTTP][39m [90m{}[39m
[35m[HTTP][39m [37m<-- GET /wd/hub/session/fbcc8b70-78b9-4e59-af87-d3ad58dfeaad [39m[32m200[39m [90m29 ms - 1260[39m
[35m[HTTP][39m [90m[39m
[35m[HTTP][39m [37m-->[39m [37mGET[39m [37m/wd/hub/session/fbcc8b70-78b9-4e59-af87-d3ad58dfeaad[39m
[35m[HTTP][39m [90m{}[39m
[35m[HTTP][39m [37m<-- GET /wd/hub/session/fbcc8b70-78b9-4e59-af87-d3ad58dfeaad [39m[32m200[39m [90m24 ms - 1260[39m
[35m[HTTP][39m [90m[39m
[35m[HTTP][39m [37m-->[39m [37mGET[39m [37m/wd/hub/session/fbcc8b70-78b9-4e59-af87-d3ad58dfeaad[39m
[35m[HTTP][39m [90m{}[39m
[35m[HTTP][39m [37m<-- GET /wd/hub/session/fbcc8b70-78b9-4e59-af87-d3ad58dfeaad [39m[32m200[39m [90m29 ms - 1260[39m
[35m[HTTP][39m [90m[39m
[35m[HTTP][39m [37m-->[39m [37mGET[39m [37m/wd/hub/session/fbcc8b70-78b9-4e59-af87-d3ad58dfeaad[39m
[35m[HTTP][39m [90m{}[39m
[35m[HTTP][39m [37m<-- GET /wd/hub/session/fbcc8b70-78b9-4e59-af87-d3ad58dfeaad [39m[32m200[39m [90m28 ms - 1260[39m
[35m[HTTP][39m [90m[39m
[35m[HTTP][39m [37m-->[39m [37mGET[39m [37m/wd/hub/session/fbcc8b70-78b9-4e59-af87-d3ad58dfeaad[39m
[35m[HTTP][39m [90m{}[39m
[35m[HTTP][39m [37m<-- GET /wd/hub/session/fbcc8b70-78b9-4e59-af87-d3ad58dfeaad [39m[32m200[39m [90m19 ms - 1260[39m
[35m[HTTP][39m [90m[39m
[35m[HTTP][39m [37m-->[39m [37mGET[39m [37m/wd/hub/session/fbcc8b70-78b9-4e59-af87-d3ad58dfeaad[39m
[35m[HTTP][39m [90m{}[39m
[35m[HTTP][39m [37m<-- GET /wd/hub/session/fbcc8b70-78b9-4e59-af87-d3ad58dfeaad [39m[32m200[39m [90m21 ms - 1260[39m
[35m[HTTP][39m [90m[39m
[35m[HTTP][39m [37m-->[39m [37mGET[39m [37m/wd/hub/session/fbcc8b70-78b9-4e59-af87-d3ad58dfeaad[39m
[35m[HTTP][39m [90m{}[39m
[35m[HTTP][39m [37m<-- GET /wd/hub/session/fbcc8b70-78b9-4e59-af87-d3ad58dfeaad [39m[32m200[39m [90m18 ms - 1260[39m
[35m[HTTP][39m [90m[39m
[35m[HTTP][39m [37m-->[39m [37mGET[39m [37m/wd/hub/session/fbcc8b70-78b9-4e59-af87-d3ad58dfeaad[39m
[35m[HTTP][39m [90m{}[39m
[35m[HTTP][39m [37m<-- GET /wd/hub/session/fbcc8b70-78b9-4e59-af87-d3ad58dfeaad [39m[32m200[39m [90m20 ms - 1260[39m
[35m[HTTP][39m [90m[39m
[35m[HTTP][39m [37m-->[39m [37mGET[39m [37m/wd/hub/session/fbcc8b70-78b9-4e59-af87-d3ad58dfeaad[39m
[35m[HTTP][39m [90m{}[39m
[35m[HTTP][39m [37m<-- GET /wd/hub/session/fbcc8b70-78b9-4e59-af87-d3ad58dfeaad [39m[32m200[39m [90m17 ms - 1260[39m
[35m[HTTP][39m [90m[39m
[35m[HTTP][39m [37m-->[39m [37mGET[39m [37m/wd/hub/session/fbcc8b70-78b9-4e59-af87-d3ad58dfeaad[39m
[35m[HTTP][39m [90m{}[39m
[35m[HTTP][39m [37m<-- GET /wd/hub/session/fbcc8b70-78b9-4e59-af87-d3ad58dfeaad [39m[32m200[39m [90m20 ms - 1260[39m
[35m[HTTP][39m [90m[39m
[35m[HTTP][39m [37m-->[39m [37mGET[39m [37m/wd/hub/session/fbcc8b70-78b9-4e59-af87-d3ad58dfeaad/element/a46dcc4d-f862-4407-9254-f9627e1ace06/location[39m
[35m[HTTP][39m [90m{}[39m
[35m[W3C][39m Driver proxy active, passing request on via HTTP proxy
[35m[JSONWP Proxy][39m Replacing sessionId 1e7afae8-130d-4e58-813b-6f691ff3364d with fbcc8b70-78b9-4e59-af87-d3ad58dfeaad
[35m[HTTP][39m [37m<-- GET /wd/hub/session/fbcc8b70-78b9-4e59-af87-d3ad58dfeaad/element/a46dcc4d-f862-4407-9254-f9627e1ace06/location [39m[32m200[39m [90m591 ms - 87[39m
[35m[HTTP][39m [90m[39m
[35m[HTTP][39m [37m-->[39m [37mPOST[39m [37m/wd/hub/session/fbcc8b70-78b9-4e59-af87-d3ad58dfeaad/touch/perform[39m
[35m[HTTP][39m [90m{"actions":[{"action":"tap","options":{"element":"a46dcc4d-f862-4407-9254-f9627e1ace06","x":1,"y":1}}]}[39m
[35m[UiAutomator2][39m calling get location: a46dcc4d-f862-4407-9254-f9627e1ace06
[35m[HTTP][39m [37m<-- POST /wd/hub/session/fbcc8b70-78b9-4e59-af87-d3ad58dfeaad/touch/perform [39m[32m200[39m [90m1974 ms - 76[39m
[35m[HTTP][39m [90m[39m
[35m[HTTP][39m [37m-->[39m [37mGET[39m [37m/wd/hub/session/fbcc8b70-78b9-4e59-af87-d3ad58dfeaad/window/current/size[39m
[35m[HTTP][39m [90m{}[39m
[35m[W3C][39m Driver proxy active, passing request on via HTTP proxy
[35m[JSONWP Proxy][39m Replacing sessionId 1e7afae8-130d-4e58-813b-6f691ff3364d with fbcc8b70-78b9-4e59-af87-d3ad58dfeaad
[35m[HTTP][39m [37m<-- GET /wd/hub/session/fbcc8b70-78b9-4e59-af87-d3ad58dfeaad/window/current/size [39m[32m200[39m [90m32 ms - 99[39m
[35m[HTTP][39m [90m[39m
[35m[HTTP][39m [37m-->[39m [37mPOST[39m [37m/wd/hub/session/fbcc8b70-78b9-4e59-af87-d3ad58dfeaad/elements[39m
[35m[HTTP][39m [90m{"using":"-android uiautomator","value":"new UiSelector().className(\"android.widget.TextView\").text(\"Salin Kode\").resourceId(\"id.astra.stable.movic:id/tvCopy\").instance(3)"}[39m
[35m[HTTP][39m [37m<-- POST /wd/hub/session/fbcc8b70-78b9-4e59-af87-d3ad58dfeaad/elements [39m[32m200[39m [90m650 ms - 124[39m
[35m[HTTP][39m [90m[39m
[35m[HTTP][39m [37m-->[39m [37mGET[39m [37m/wd/hub/session/fbcc8b70-78b9-4e59-af87-d3ad58dfeaad[39m
[35m[HTTP][39m [90m{}[39m
[35m[HTTP][39m [37m<-- GET /wd/hub/session/fbcc8b70-78b9-4e59-af87-d3ad58dfeaad [39m[32m200[39m [90m21 ms - 1260[39m
[35m[HTTP][39m [90m[39m
[35m[HTTP][39m [37m-->[39m [37mGET[39m [37m/wd/hub/session/fbcc8b70-78b9-4e59-af87-d3ad58dfeaad[39m
[35m[HTTP][39m [90m{}[39m
[35m[HTTP][39m [37m<-- GET /wd/hub/session/fbcc8b70-78b9-4e59-af87-d3ad58dfeaad [39m[32m200[39m [90m27 ms - 1260[39m
[35m[HTTP][39m [90m[39m
[35m[HTTP][39m [37m-->[39m [37mGET[39m [37m/wd/hub/session/fbcc8b70-78b9-4e59-af87-d3ad58dfeaad[39m
[35m[HTTP][39m [90m{}[39m
[35m[HTTP][39m [37m<-- GET /wd/hub/session/fbcc8b70-78b9-4e59-af87-d3ad58dfeaad [39m[32m200[39m [90m20 ms - 1260[39m
[35m[HTTP][39m [90m[39m
[35m[HTTP][39m [37m-->[39m [37mGET[39m [37m/wd/hub/session/fbcc8b70-78b9-4e59-af87-d3ad58dfeaad[39m
[35m[HTTP][39m [90m{}[39m
[35m[HTTP][39m [37m<-- GET /wd/hub/session/fbcc8b70-78b9-4e59-af87-d3ad58dfeaad [39m[32m200[39m [90m23 ms - 1260[39m
[35m[HTTP][39m [90m[39m
[35m[HTTP][39m [37m-->[39m [37mGET[39m [37m/wd/hub/session/fbcc8b70-78b9-4e59-af87-d3ad58dfeaad/element/ad64c7d0-794f-4c12-9a50-8b6310dca28a/location[39m
[35m[HTTP][39m [90m{}[39m
[35m[W3C][39m Driver proxy active, passing request on via HTTP proxy
[35m[JSONWP Proxy][39m Replacing sessionId 1e7afae8-130d-4e58-813b-6f691ff3364d with fbcc8b70-78b9-4e59-af87-d3ad58dfeaad
[35m[HTTP][39m [37m<-- GET /wd/hub/session/fbcc8b70-78b9-4e59-af87-d3ad58dfeaad/element/ad64c7d0-794f-4c12-9a50-8b6310dca28a/location [39m[32m200[39m [90m74 ms - 89[39m
[35m[HTTP][39m [90m[39m
[35m[HTTP][39m [37m-->[39m [37mPOST[39m [37m/wd/hub/session/fbcc8b70-78b9-4e59-af87-d3ad58dfeaad/touch/perform[39m
[35m[HTTP][39m [90m{"actions":[{"action":"tap","options":{"element":"ad64c7d0-794f-4c12-9a50-8b6310dca28a","x":1,"y":1}}]}[39m
[35m[UiAutomator2][39m calling get location: ad64c7d0-794f-4c12-9a50-8b6310dca28a
[35m[HTTP][39m [37m<-- POST /wd/hub/session/fbcc8b70-78b9-4e59-af87-d3ad58dfeaad/touch/perform [39m[32m200[39m [90m4012 ms - 76[39m
[35m[HTTP][39m [90m[39m
[35m[HTTP][39m [37m-->[39m [37mGET[39m [37m/wd/hub/session/fbcc8b70-78b9-4e59-af87-d3ad58dfeaad/window/current/size[39m
[35m[HTTP][39m [90m{}[39m
[35m[W3C][39m Driver proxy active, passing request on via HTTP proxy
[35m[JSONWP Proxy][39m Replacing sessionId 1e7afae8-130d-4e58-813b-6f691ff3364d with fbcc8b70-78b9-4e59-af87-d3ad58dfeaad
[35m[HTTP][39m [37m<-- GET /wd/hub/session/fbcc8b70-78b9-4e59-af87-d3ad58dfeaad/window/current/size [39m[32m200[39m [90m31 ms - 99[39m
[35m[HTTP][39m [90m[39m
[35m[HTTP][39m [37m-->[39m [37mPOST[39m [37m/wd/hub/session/fbcc8b70-78b9-4e59-af87-d3ad58dfeaad/elements[39m
[35m[HTTP][39m [90m{"using":"-android uiautomator","value":"new UiSelector().text(\"Terms and Conditions\")"}[39m
[35m[HTTP][39m [37m<-- POST /wd/hub/session/fbcc8b70-78b9-4e59-af87-d3ad58dfeaad/elements [39m[32m200[39m [90m147 ms - 124[39m
[35m[HTTP][39m [90m[39m
[35m[HTTP][39m [37m-->[39m [37mGET[39m [37m/wd/hub/session/fbcc8b70-78b9-4e59-af87-d3ad58dfeaad[39m
[35m[HTTP][39m [90m{}[39m
[35m[HTTP][39m [37m<-- GET /wd/hub/session/fbcc8b70-78b9-4e59-af87-d3ad58dfeaad [39m[32m200[39m [90m21 ms - 1260[39m
[35m[HTTP][39m [90m[39m
[35m[HTTP][39m [37m-->[39m [37mGET[39m [37m/wd/hub/session/fbcc8b70-78b9-4e59-af87-d3ad58dfeaad[39m
[35m[HTTP][39m [90m{}[39m
[35m[HTTP][39m [37m<-- GET /wd/hub/session/fbcc8b70-78b9-4e59-af87-d3ad58dfeaad [39m[32m200[39m [90m28 ms - 1260[39m
[35m[HTTP][39m [90m[39m
[35m[HTTP][39m [37m-->[39m [37mGET[39m [37m/wd/hub/session/fbcc8b70-78b9-4e59-af87-d3ad58dfeaad[39m
[35m[HTTP][39m [90m{}[39m
[35m[HTTP][39m [37m<-- GET /wd/hub/session/fbcc8b70-78b9-4e59-af87-d3ad58dfeaad [39m[32m200[39m [90m27 ms - 1260[39m
[35m[HTTP][39m [90m[39m
[35m[HTTP][39m [37m-->[39m [37mGET[39m [37m/wd/hub/session/fbcc8b70-78b9-4e59-af87-d3ad58dfeaad[39m
[35m[HTTP][39m [90m{}[39m
[35m[HTTP][39m [37m<-- GET /wd/hub/session/fbcc8b70-78b9-4e59-af87-d3ad58dfeaad [39m[32m200[39m [90m24 ms - 1260[39m
[35m[HTTP][39m [90m[39m
[35m[HTTP][39m [37m-->[39m [37mGET[39m [37m/wd/hub/session/fbcc8b70-78b9-4e59-af87-d3ad58dfeaad/element/f76b2f54-f26c-4bbe-9a00-5388ddc1edc0/location[39m
[35m[HTTP][39m [90m{}[39m
[35m[W3C][39m Driver proxy active, passing request on via HTTP proxy
[35m[JSONWP Proxy][39m Replacing sessionId 1e7afae8-130d-4e58-813b-6f691ff3364d with fbcc8b70-78b9-4e59-af87-d3ad58dfeaad
[35m[HTTP][39m [37m<-- GET /wd/hub/session/fbcc8b70-78b9-4e59-af87-d3ad58dfeaad/element/f76b2f54-f26c-4bbe-9a00-5388ddc1edc0/location [39m[32m200[39m [90m67 ms - 89[39m
[35m[HTTP][39m [90m[39m
[35m[HTTP][39m [37m-->[39m [37mPOST[39m [37m/wd/hub/session/fbcc8b70-78b9-4e59-af87-d3ad58dfeaad/touch/perform[39m
[35m[HTTP][39m [90m{"actions":[{"action":"tap","options":{"element":"f76b2f54-f26c-4bbe-9a00-5388ddc1edc0","x":1,"y":1}}]}[39m
[35m[UiAutomator2][39m calling get location: f76b2f54-f26c-4bbe-9a00-5388ddc1edc0
[35m[HTTP][39m [37m<-- POST /wd/hub/session/fbcc8b70-78b9-4e59-af87-d3ad58dfeaad/touch/perform [39m[32m200[39m [90m1008 ms - 76[39m
[35m[HTTP][39m [90m[39m
[35m[HTTP][39m [37m-->[39m [37mGET[39m [37m/wd/hub/session/fbcc8b70-78b9-4e59-af87-d3ad58dfeaad/window/current/size[39m
[35m[HTTP][39m [90m{}[39m
[35m[W3C][39m Driver proxy active, passing request on via HTTP proxy
[35m[JSONWP Proxy][39m Replacing sessionId 1e7afae8-130d-4e58-813b-6f691ff3364d with fbcc8b70-78b9-4e59-af87-d3ad58dfeaad
[35m[HTTP][39m [37m<-- GET /wd/hub/session/fbcc8b70-78b9-4e59-af87-d3ad58dfeaad/window/current/size [39m[32m200[39m [90m31 ms - 99[39m
[35m[HTTP][39m [90m[39m
[35m[HTTP][39m [37m-->[39m [37mPOST[39m [37m/wd/hub/session/fbcc8b70-78b9-4e59-af87-d3ad58dfeaad/elements[39m
[35m[HTTP][39m [90m{"using":"-android uiautomator","value":"new UiSelector().className(\"android.widget.Button\").text(\"Copy\").resourceId(\"id.astra.stable.movic:id/mBtnUseNow\").instance(0)"}[39m
[35m[HTTP][39m [37m<-- POST /wd/hub/session/fbcc8b70-78b9-4e59-af87-d3ad58dfeaad/elements [39m[32m200[39m [90m140 ms - 124[39m
[35m[HTTP][39m [90m[39m
[35m[HTTP][39m [37m-->[39m [37mGET[39m [37m/wd/hub/session/fbcc8b70-78b9-4e59-af87-d3ad58dfeaad[39m
[35m[HTTP][39m [90m{}[39m
[35m[HTTP][39m [37m<-- GET /wd/hub/session/fbcc8b70-78b9-4e59-af87-d3ad58dfeaad [39m[32m200[39m [90m31 ms - 1260[39m
[35m[HTTP][39m [90m[39m
[35m[HTTP][39m [37m-->[39m [37mGET[39m [37m/wd/hub/session/fbcc8b70-78b9-4e59-af87-d3ad58dfeaad[39m
[35m[HTTP][39m [90m{}[39m
[35m[HTTP][39m [37m<-- GET /wd/hub/session/fbcc8b70-78b9-4e59-af87-d3ad58dfeaad [39m[32m200[39m [90m24 ms - 1260[39m
[35m[HTTP][39m [90m[39m
[35m[HTTP][39m [37m-->[39m [37mGET[39m [37m/wd/hub/session/fbcc8b70-78b9-4e59-af87-d3ad58dfeaad[39m
[35m[HTTP][39m [90m{}[39m
[35m[HTTP][39m [37m<-- GET /wd/hub/session/fbcc8b70-78b9-4e59-af87-d3ad58dfeaad [39m[32m200[39m [90m24 ms - 1260[39m
[35m[HTTP][39m [90m[39m
[35m[HTTP][39m [37m-->[39m [37mGET[39m [37m/wd/hub/session/fbcc8b70-78b9-4e59-af87-d3ad58dfeaad[39m
[35m[HTTP][39m [90m{}[39m
[35m[HTTP][39m [37m<-- GET /wd/hub/session/fbcc8b70-78b9-4e59-af87-d3ad58dfeaad [39m[32m200[39m [90m21 ms - 1260[39m
[35m[HTTP][39m [90m[39m
[35m[HTTP][39m [37m-->[39m [37mGET[39m [37m/wd/hub/session/fbcc8b70-78b9-4e59-af87-d3ad58dfeaad/element/6eb7f091-bc21-4fc2-a62e-32cc777fdb3a/location[39m
[35m[HTTP][39m [90m{}[39m
[35m[W3C][39m Driver proxy active, passing request on via HTTP proxy
[35m[JSONWP Proxy][39m Replacing sessionId 1e7afae8-130d-4e58-813b-6f691ff3364d with fbcc8b70-78b9-4e59-af87-d3ad58dfeaad
[35m[HTTP][39m [37m<-- GET /wd/hub/session/fbcc8b70-78b9-4e59-af87-d3ad58dfeaad/element/6eb7f091-bc21-4fc2-a62e-32cc777fdb3a/location [39m[32m200[39m [90m60 ms - 90[39m
[35m[HTTP][39m [90m[39m
[35m[HTTP][39m [37m-->[39m [37mPOST[39m [37m/wd/hub/session/fbcc8b70-78b9-4e59-af87-d3ad58dfeaad/touch/perform[39m
[35m[HTTP][39m [90m{"actions":[{"action":"tap","options":{"element":"6eb7f091-bc21-4fc2-a62e-32cc777fdb3a","x":1,"y":1}}]}[39m
[35m[UiAutomator2][39m calling get location: 6eb7f091-bc21-4fc2-a62e-32cc777fdb3a
[35m[HTTP][39m [37m<-- POST /wd/hub/session/fbcc8b70-78b9-4e59-af87-d3ad58dfeaad/touch/perform [39m[32m200[39m [90m3207 ms - 76[39m
[35m[HTTP][39m [90m[39m
[35m[HTTP][39m [37m-->[39m [37mDELETE[39m [37m/wd/hub/session/fbcc8b70-78b9-4e59-af87-d3ad58dfeaad[39m
[35m[HTTP][39m [90m{}[39m
[35m[Appium][39m Removing session fbcc8b70-78b9-4e59-af87-d3ad58dfeaad from our master session list
[35m[HTTP][39m [37m<-- DELETE /wd/hub/session/fbcc8b70-78b9-4e59-af87-d3ad58dfeaad [39m[32m200[39m [90m1505 ms - 76[39m
[35m[HTTP][39m [90m[39m
