[35m[Appium][39m Welcome to Appium v1.8.1
[35m[Appium][39m Non-default server args:
[35m[Appium][39m   port: 54439
[35m[Appium][39m   loglevel: info
[35m[Appium][39m   chromeDriverPort: 54442
[35m[Appium][39m   tmpDir: C:\Users\WGS-LA~1\AppData\Local\Temp\\Katalon\Appium\Temp1542359197580
[35m[Appium][39m Appium REST http interface listener started on 0.0.0.0:54439
[35m[HTTP][39m [37m-->[39m [37mGET[39m [37m/wd/hub/status[39m
[35m[HTTP][39m [90m{}[39m
[35m[HTTP][39m [37m<-- GET /wd/hub/status [39m[32m200[39m [90m77 ms - 83[39m
[35m[HTTP][39m [90m[39m
[35m[HTTP][39m [37m-->[39m [37mPOST[39m [37m/wd/hub/session[39m
[35m[HTTP][39m [90m{"desiredCapabilities":{"app":"C:\\Users\\WGS-LAP199\\Downloads\\Movic apk\\Movic_0.9.7_2018-10-14-stable-debug.apk","autoGrantPermissions":true,"automationName":"uiautomator2","deviceId":"54e797627cf5","deviceName":"Xiaomi Redmi 5 (Android 7.1.2)","fullReset":false,"newCommandTimeout":1800,"noReset":true,"platform":"ANDROID","platformName":"Android","udid":"54e797627cf5"},"capabilities":{"desiredCapabilities":{"app":"C:\\Users\\WGS-LAP199\\Downloads\\Movic apk\\Movic_0.9.7_2018-10-14-stable-debug.apk","autoGrantPermissions":true,"automationName":"uiautomator2","deviceId":"54e797627cf5","deviceName":"Xiaomi Redmi 5 (Android 7.1.2)","fullReset":false,"newCommandTimeout":1800,"noReset":true,"platform":"ANDROID","platformName":"Android","udid":"54e797627cf5"},"firstMatch":[{"platformName":"android"}]}}[39m
[35m[Appium][39m Could not parse W3C capabilities: 'deviceName' can't be blank. Falling back to JSONWP protocol.
[35m[Appium][39m The following capabilities were provided in the JSONWP desired capabilities that are missing in W3C capabilities: ["app","autoGrantPermissions","automationName","deviceId","deviceName","fullReset","newCommandTimeout","noReset","platform","platformName","udid"]. Falling back to JSONWP protocol.
[35m[Appium][39m Creating new AndroidUiautomator2Driver (v1.12.0) session
[35m[Appium][39m Capabilities:
[35m[Appium][39m   app: C:\Users\WGS-LAP199\Downloads\Movic apk\Movic_0.9.7_2018-10-14-stable-debug.apk
[35m[Appium][39m   autoGrantPermissions: true
[35m[Appium][39m   automationName: uiautomator2
[35m[Appium][39m   deviceId: 54e797627cf5
[35m[Appium][39m   deviceName: Xiaomi Redmi 5 (Android 7.1.2)
[35m[Appium][39m   fullReset: false
[35m[Appium][39m   newCommandTimeout: 1800
[35m[Appium][39m   noReset: true
[35m[Appium][39m   platform: ANDROID
[35m[Appium][39m   platformName: Android
[35m[Appium][39m   udid: 54e797627cf5
[35m[BaseDriver][39m The following capabilities were provided, but are not recognized by appium: deviceId, platform.
[35m[BaseDriver][39m Session created with session id: e2d0e223-d29b-4d44-9fda-06b2ccdd991a
[35m[BaseDriver][39m Using local app 'C:\Users\WGS-LAP199\Downloads\Movic apk\Movic_0.9.7_2018-10-14-stable-debug.apk'
[35m[AndroidDriver][39m Java version is: 1.8.0_181
[35m[ADB][39m Checking whether adb is present
[35m[ADB][39m Found 1 'build-tools' folders under 'C:\Users\WGS-LAP199\.katalon\tools\android_sdk' (newest first):
[35m[ADB][39m     C:/Users/WGS-LAP199/.katalon/tools/android_sdk/build-tools/28.0.1
[35m[ADB][39m Using adb.exe from C:\Users\WGS-LAP199\.katalon\tools\android_sdk\platform-tools\adb.exe
[35m[AndroidDriver][39m Retrieving device list
[35m[AndroidDriver][39m Using device: 54e797627cf5
[35m[ADB][39m Using the alternative activity name detection method because of: Could not find apkanalyzer.bat in C:\Users\WGS-LAP199\.katalon\tools\android_sdk\platform-tools\apkanalyzer.bat,C:\Users\WGS-LAP199\.katalon\tools\android_sdk\emulator\apkanalyzer.bat,C:\Users\WGS-LAP199\.katalon\tools\android_sdk\tools\apkanalyzer.bat,C:\Users\WGS-LAP199\.katalon\tools\android_sdk\tools\bin\apkanalyzer.bat,C:\Users\WGS-LAP199\.katalon\tools\android_sdk\build-tools\28.0.1\apkanalyzer.bat. Do you have the Android SDK installed at 'C:\Users\WGS-LAP199\.katalon\tools\android_sdk'?
[35m[ADB][39m Checking whether aapt is present
[35m[ADB][39m Using aapt.exe from C:\Users\WGS-LAP199\.katalon\tools\android_sdk\build-tools\28.0.1\aapt.exe
[35m[ADB][39m Extracting package and launch activity from manifest
[35m[ADB][39m Package name: 'id.astra.stable.movic'
[35m[ADB][39m Main activity name: 'id.astra.adp.movic.modules.main.SplashScreenActivity'
[35m[ADB][39m Getting device platform version
[35m[ADB][39m Using apksigner.bat from C:\Users\WGS-LAP199\.katalon\tools\android_sdk\build-tools\28.0.1\apksigner.bat
[35m[ADB][39m Checking whether zipalign is present
[35m[ADB][39m Using zipalign.exe from C:\Users\WGS-LAP199\.katalon\tools\android_sdk\build-tools\28.0.1\zipalign.exe
[35m[ADB][39m io.appium.uiautomator2.server was successfully uninstalled
[35m[ADB][39m io.appium.uiautomator2.server.test was successfully uninstalled
[35m[AndroidDriver][39m setDeviceLanguageCountry requires language or country.
[35m[AndroidDriver][39m Got language: 'null' and country: 'null'
[35m[ADB][39m Successfully extracted 1263 strings from 'C:\Users\WGS-LAP199\Downloads\Movic apk\Movic_0.9.7_2018-10-14-stable-debug.apk' resources for '(default)' configuration
[35m[UiAutomator2][39m Starting uiautomator2 server 1.12.0
[35m[UiAutomator2][39m Using UIAutomator2 server from 'C:\Users\WGS-LAP199\AppData\Roaming\npm\node_modules\appium\node_modules\appium-uiautomator2-server\apks\appium-uiautomator2-server-v1.12.0.apk' and test from 'C:\Users\WGS-LAP199\AppData\Roaming\npm\node_modules\appium\node_modules\appium-uiautomator2-server\apks\appium-uiautomator2-server-debug-androidTest.apk'
[35m[UiAutomator2][39m Running command: 'adb -s 54e797627cf5 shell am instrument -w io.appium.uiautomator2.server.test/android.support.test.runner.AndroidJUnitRunner'
[35m[UiAutomator2][39m Waiting up to 20000ms for UiAutomator2 to be online...
[35m[AndroidDriver][39m Screen already unlocked, doing nothing
[35m[UiAutomator2][39m UiAutomator2 did not start the activity we were waiting for, 'id.astra.stable.movic/id.astra.adp.movic.modules.main.SplashScreenActivity'. Starting it ourselves
[35m[Appium][39m New AndroidUiautomator2Driver session created successfully, session e2d0e223-d29b-4d44-9fda-06b2ccdd991a added to master session list
[35m[HTTP][39m [37m<-- POST /wd/hub/session [39m[32m200[39m [90m42198 ms - 1260[39m
[35m[HTTP][39m [90m[39m
[35m[HTTP][39m [37m-->[39m [37mGET[39m [37m/wd/hub/status[39m
[35m[HTTP][39m [90m{}[39m
[35m[HTTP][39m [37m<-- GET /wd/hub/status [39m[32m200[39m [90m64 ms - 55[39m
[35m[HTTP][39m [90m[39m
[35m[HTTP][39m [37m-->[39m [37mPOST[39m [37m/wd/hub/session/e2d0e223-d29b-4d44-9fda-06b2ccdd991a/timeouts[39m
[35m[HTTP][39m [90m{"type":"implicit","ms":30000}[39m
[35m[HTTP][39m [37m<-- POST /wd/hub/session/e2d0e223-d29b-4d44-9fda-06b2ccdd991a/timeouts [39m[33m400[39m [90m29 ms - 5468[39m
[35m[HTTP][39m [90m[39m
[35m[HTTP][39m [37m-->[39m [37mGET[39m [37m/wd/hub/session/e2d0e223-d29b-4d44-9fda-06b2ccdd991a/window/current/size[39m
[35m[HTTP][39m [90m{}[39m
[35m[W3C][39m Driver proxy active, passing request on via HTTP proxy
[35m[JSONWP Proxy][39m Replacing sessionId 51450e14-9a6b-443a-9ae8-b73220bdd3a4 with e2d0e223-d29b-4d44-9fda-06b2ccdd991a
[35m[HTTP][39m [37m<-- GET /wd/hub/session/e2d0e223-d29b-4d44-9fda-06b2ccdd991a/window/current/size [39m[32m200[39m [90m56 ms - 99[39m
[35m[HTTP][39m [90m[39m
[35m[HTTP][39m [37m-->[39m [37mPOST[39m [37m/wd/hub/session/e2d0e223-d29b-4d44-9fda-06b2ccdd991a/elements[39m
[35m[HTTP][39m [90m{"using":"-android uiautomator","value":"new UiSelector().className(\"android.widget.ImageView\").resourceId(\"id.astra.stable.movic:id/mImgSkip\").instance(4)"}[39m
[35m[HTTP][39m [37m<-- POST /wd/hub/session/e2d0e223-d29b-4d44-9fda-06b2ccdd991a/elements [39m[32m200[39m [90m53 ms - 74[39m
[35m[HTTP][39m [90m[39m
[35m[HTTP][39m [37m-->[39m [37mPOST[39m [37m/wd/hub/session/e2d0e223-d29b-4d44-9fda-06b2ccdd991a/elements[39m
[35m[HTTP][39m [90m{"using":"-android uiautomator","value":"new UiSelector().className(\"android.widget.ImageView\").resourceId(\"id.astra.stable.movic:id/mImgSkip\").instance(4)"}[39m
[35m[HTTP][39m [37m<-- POST /wd/hub/session/e2d0e223-d29b-4d44-9fda-06b2ccdd991a/elements [39m[32m200[39m [90m34 ms - 74[39m
[35m[HTTP][39m [90m[39m
[35m[HTTP][39m [37m-->[39m [37mPOST[39m [37m/wd/hub/session/e2d0e223-d29b-4d44-9fda-06b2ccdd991a/elements[39m
[35m[HTTP][39m [90m{"using":"-android uiautomator","value":"new UiSelector().className(\"android.widget.ImageView\").resourceId(\"id.astra.stable.movic:id/mImgSkip\").instance(4)"}[39m
[35m[HTTP][39m [37m<-- POST /wd/hub/session/e2d0e223-d29b-4d44-9fda-06b2ccdd991a/elements [39m[32m200[39m [90m34 ms - 74[39m
[35m[HTTP][39m [90m[39m
[35m[HTTP][39m [37m-->[39m [37mPOST[39m [37m/wd/hub/session/e2d0e223-d29b-4d44-9fda-06b2ccdd991a/elements[39m
[35m[HTTP][39m [90m{"using":"-android uiautomator","value":"new UiSelector().className(\"android.widget.ImageView\").resourceId(\"id.astra.stable.movic:id/mImgSkip\").instance(4)"}[39m
[35m[HTTP][39m [37m<-- POST /wd/hub/session/e2d0e223-d29b-4d44-9fda-06b2ccdd991a/elements [39m[32m200[39m [90m34 ms - 74[39m
[35m[HTTP][39m [90m[39m
[35m[HTTP][39m [37m-->[39m [37mPOST[39m [37m/wd/hub/session/e2d0e223-d29b-4d44-9fda-06b2ccdd991a/elements[39m
[35m[HTTP][39m [90m{"using":"-android uiautomator","value":"new UiSelector().className(\"android.widget.ImageView\").resourceId(\"id.astra.stable.movic:id/mImgSkip\").instance(4)"}[39m
[35m[HTTP][39m [37m<-- POST /wd/hub/session/e2d0e223-d29b-4d44-9fda-06b2ccdd991a/elements [39m[32m200[39m [90m32 ms - 74[39m
[35m[HTTP][39m [90m[39m
[35m[HTTP][39m [37m-->[39m [37mPOST[39m [37m/wd/hub/session/e2d0e223-d29b-4d44-9fda-06b2ccdd991a/elements[39m
[35m[HTTP][39m [90m{"using":"-android uiautomator","value":"new UiSelector().className(\"android.widget.ImageView\").resourceId(\"id.astra.stable.movic:id/mImgSkip\").instance(4)"}[39m
[35m[HTTP][39m [37m<-- POST /wd/hub/session/e2d0e223-d29b-4d44-9fda-06b2ccdd991a/elements [39m[32m200[39m [90m31 ms - 74[39m
[35m[HTTP][39m [90m[39m
[35m[HTTP][39m [37m-->[39m [37mPOST[39m [37m/wd/hub/session/e2d0e223-d29b-4d44-9fda-06b2ccdd991a/elements[39m
[35m[HTTP][39m [90m{"using":"-android uiautomator","value":"new UiSelector().className(\"android.widget.ImageView\").resourceId(\"id.astra.stable.movic:id/mImgSkip\").instance(4)"}[39m
[35m[HTTP][39m [37m<-- POST /wd/hub/session/e2d0e223-d29b-4d44-9fda-06b2ccdd991a/elements [39m[32m200[39m [90m31 ms - 74[39m
[35m[HTTP][39m [90m[39m
[35m[HTTP][39m [37m-->[39m [37mPOST[39m [37m/wd/hub/session/e2d0e223-d29b-4d44-9fda-06b2ccdd991a/elements[39m
[35m[HTTP][39m [90m{"using":"-android uiautomator","value":"new UiSelector().className(\"android.widget.ImageView\").resourceId(\"id.astra.stable.movic:id/mImgSkip\").instance(4)"}[39m
[35m[HTTP][39m [37m<-- POST /wd/hub/session/e2d0e223-d29b-4d44-9fda-06b2ccdd991a/elements [39m[32m200[39m [90m40 ms - 74[39m
[35m[HTTP][39m [90m[39m
[35m[HTTP][39m [37m-->[39m [37mPOST[39m [37m/wd/hub/session/e2d0e223-d29b-4d44-9fda-06b2ccdd991a/elements[39m
[35m[HTTP][39m [90m{"using":"-android uiautomator","value":"new UiSelector().className(\"android.widget.ImageView\").resourceId(\"id.astra.stable.movic:id/mImgSkip\").instance(4)"}[39m
[35m[HTTP][39m [37m<-- POST /wd/hub/session/e2d0e223-d29b-4d44-9fda-06b2ccdd991a/elements [39m[32m200[39m [90m41 ms - 74[39m
[35m[HTTP][39m [90m[39m
[35m[HTTP][39m [37m-->[39m [37mPOST[39m [37m/wd/hub/session/e2d0e223-d29b-4d44-9fda-06b2ccdd991a/elements[39m
[35m[HTTP][39m [90m{"using":"-android uiautomator","value":"new UiSelector().className(\"android.widget.ImageView\").resourceId(\"id.astra.stable.movic:id/mImgSkip\").instance(4)"}[39m
[35m[HTTP][39m [37m<-- POST /wd/hub/session/e2d0e223-d29b-4d44-9fda-06b2ccdd991a/elements [39m[32m200[39m [90m36 ms - 74[39m
[35m[HTTP][39m [90m[39m
[35m[HTTP][39m [37m-->[39m [37mPOST[39m [37m/wd/hub/session/e2d0e223-d29b-4d44-9fda-06b2ccdd991a/elements[39m
[35m[HTTP][39m [90m{"using":"-android uiautomator","value":"new UiSelector().className(\"android.widget.ImageView\").resourceId(\"id.astra.stable.movic:id/mImgSkip\").instance(4)"}[39m
[35m[HTTP][39m [37m<-- POST /wd/hub/session/e2d0e223-d29b-4d44-9fda-06b2ccdd991a/elements [39m[32m200[39m [90m34 ms - 74[39m
[35m[HTTP][39m [90m[39m
[35m[HTTP][39m [37m-->[39m [37mPOST[39m [37m/wd/hub/session/e2d0e223-d29b-4d44-9fda-06b2ccdd991a/elements[39m
[35m[HTTP][39m [90m{"using":"-android uiautomator","value":"new UiSelector().className(\"android.widget.ImageView\").resourceId(\"id.astra.stable.movic:id/mImgSkip\").instance(4)"}[39m
[35m[HTTP][39m [37m<-- POST /wd/hub/session/e2d0e223-d29b-4d44-9fda-06b2ccdd991a/elements [39m[32m200[39m [90m29 ms - 74[39m
[35m[HTTP][39m [90m[39m
[35m[HTTP][39m [37m-->[39m [37mPOST[39m [37m/wd/hub/session/e2d0e223-d29b-4d44-9fda-06b2ccdd991a/elements[39m
[35m[HTTP][39m [90m{"using":"-android uiautomator","value":"new UiSelector().className(\"android.widget.ImageView\").resourceId(\"id.astra.stable.movic:id/mImgSkip\").instance(4)"}[39m
[35m[HTTP][39m [37m<-- POST /wd/hub/session/e2d0e223-d29b-4d44-9fda-06b2ccdd991a/elements [39m[32m200[39m [90m40 ms - 74[39m
[35m[HTTP][39m [90m[39m
[35m[HTTP][39m [37m-->[39m [37mPOST[39m [37m/wd/hub/session/e2d0e223-d29b-4d44-9fda-06b2ccdd991a/elements[39m
[35m[HTTP][39m [90m{"using":"-android uiautomator","value":"new UiSelector().className(\"android.widget.ImageView\").resourceId(\"id.astra.stable.movic:id/mImgSkip\").instance(4)"}[39m
[35m[HTTP][39m [37m<-- POST /wd/hub/session/e2d0e223-d29b-4d44-9fda-06b2ccdd991a/elements [39m[32m200[39m [90m45 ms - 74[39m
[35m[HTTP][39m [90m[39m
[35m[HTTP][39m [37m-->[39m [37mPOST[39m [37m/wd/hub/session/e2d0e223-d29b-4d44-9fda-06b2ccdd991a/elements[39m
[35m[HTTP][39m [90m{"using":"-android uiautomator","value":"new UiSelector().className(\"android.widget.ImageView\").resourceId(\"id.astra.stable.movic:id/mImgSkip\").instance(4)"}[39m
[35m[HTTP][39m [37m<-- POST /wd/hub/session/e2d0e223-d29b-4d44-9fda-06b2ccdd991a/elements [39m[32m200[39m [90m36 ms - 74[39m
[35m[HTTP][39m [90m[39m
[35m[HTTP][39m [37m-->[39m [37mPOST[39m [37m/wd/hub/session/e2d0e223-d29b-4d44-9fda-06b2ccdd991a/elements[39m
[35m[HTTP][39m [90m{"using":"-android uiautomator","value":"new UiSelector().className(\"android.widget.ImageView\").resourceId(\"id.astra.stable.movic:id/mImgSkip\").instance(4)"}[39m
[35m[HTTP][39m [37m<-- POST /wd/hub/session/e2d0e223-d29b-4d44-9fda-06b2ccdd991a/elements [39m[32m200[39m [90m30 ms - 74[39m
[35m[HTTP][39m [90m[39m
[35m[HTTP][39m [37m-->[39m [37mPOST[39m [37m/wd/hub/session/e2d0e223-d29b-4d44-9fda-06b2ccdd991a/elements[39m
[35m[HTTP][39m [90m{"using":"-android uiautomator","value":"new UiSelector().className(\"android.widget.ImageView\").resourceId(\"id.astra.stable.movic:id/mImgSkip\").instance(4)"}[39m
[35m[HTTP][39m [37m<-- POST /wd/hub/session/e2d0e223-d29b-4d44-9fda-06b2ccdd991a/elements [39m[32m200[39m [90m27 ms - 74[39m
[35m[HTTP][39m [90m[39m
[35m[HTTP][39m [37m-->[39m [37mPOST[39m [37m/wd/hub/session/e2d0e223-d29b-4d44-9fda-06b2ccdd991a/elements[39m
[35m[HTTP][39m [90m{"using":"-android uiautomator","value":"new UiSelector().className(\"android.widget.ImageView\").resourceId(\"id.astra.stable.movic:id/mImgSkip\").instance(4)"}[39m
[35m[HTTP][39m [37m<-- POST /wd/hub/session/e2d0e223-d29b-4d44-9fda-06b2ccdd991a/elements [39m[32m200[39m [90m25 ms - 74[39m
[35m[HTTP][39m [90m[39m
[35m[HTTP][39m [37m-->[39m [37mPOST[39m [37m/wd/hub/session/e2d0e223-d29b-4d44-9fda-06b2ccdd991a/elements[39m
[35m[HTTP][39m [90m{"using":"-android uiautomator","value":"new UiSelector().className(\"android.widget.ImageView\").resourceId(\"id.astra.stable.movic:id/mImgSkip\").instance(4)"}[39m
[35m[HTTP][39m [37m<-- POST /wd/hub/session/e2d0e223-d29b-4d44-9fda-06b2ccdd991a/elements [39m[32m200[39m [90m25 ms - 74[39m
[35m[HTTP][39m [90m[39m
[35m[HTTP][39m [37m-->[39m [37mPOST[39m [37m/wd/hub/session/e2d0e223-d29b-4d44-9fda-06b2ccdd991a/elements[39m
[35m[HTTP][39m [90m{"using":"-android uiautomator","value":"new UiSelector().className(\"android.widget.ImageView\").resourceId(\"id.astra.stable.movic:id/mImgSkip\").instance(4)"}[39m
[35m[HTTP][39m [37m<-- POST /wd/hub/session/e2d0e223-d29b-4d44-9fda-06b2ccdd991a/elements [39m[32m200[39m [90m28 ms - 74[39m
[35m[HTTP][39m [90m[39m
[35m[HTTP][39m [37m-->[39m [37mPOST[39m [37m/wd/hub/session/e2d0e223-d29b-4d44-9fda-06b2ccdd991a/elements[39m
[35m[HTTP][39m [90m{"using":"-android uiautomator","value":"new UiSelector().className(\"android.widget.ImageView\").resourceId(\"id.astra.stable.movic:id/mImgSkip\").instance(4)"}[39m
[35m[HTTP][39m [37m<-- POST /wd/hub/session/e2d0e223-d29b-4d44-9fda-06b2ccdd991a/elements [39m[32m200[39m [90m29 ms - 74[39m
[35m[HTTP][39m [90m[39m
[35m[HTTP][39m [37m-->[39m [37mPOST[39m [37m/wd/hub/session/e2d0e223-d29b-4d44-9fda-06b2ccdd991a/elements[39m
[35m[HTTP][39m [90m{"using":"-android uiautomator","value":"new UiSelector().className(\"android.widget.ImageView\").resourceId(\"id.astra.stable.movic:id/mImgSkip\").instance(4)"}[39m
[35m[HTTP][39m [37m<-- POST /wd/hub/session/e2d0e223-d29b-4d44-9fda-06b2ccdd991a/elements [39m[32m200[39m [90m26 ms - 74[39m
[35m[HTTP][39m [90m[39m
[35m[HTTP][39m [37m-->[39m [37mPOST[39m [37m/wd/hub/session/e2d0e223-d29b-4d44-9fda-06b2ccdd991a/elements[39m
[35m[HTTP][39m [90m{"using":"-android uiautomator","value":"new UiSelector().className(\"android.widget.ImageView\").resourceId(\"id.astra.stable.movic:id/mImgSkip\").instance(4)"}[39m
[35m[HTTP][39m [37m<-- POST /wd/hub/session/e2d0e223-d29b-4d44-9fda-06b2ccdd991a/elements [39m[32m200[39m [90m27 ms - 74[39m
[35m[HTTP][39m [90m[39m
[35m[HTTP][39m [37m-->[39m [37mPOST[39m [37m/wd/hub/session/e2d0e223-d29b-4d44-9fda-06b2ccdd991a/elements[39m
[35m[HTTP][39m [90m{"using":"-android uiautomator","value":"new UiSelector().className(\"android.widget.ImageView\").resourceId(\"id.astra.stable.movic:id/mImgSkip\").instance(4)"}[39m
[35m[HTTP][39m [37m<-- POST /wd/hub/session/e2d0e223-d29b-4d44-9fda-06b2ccdd991a/elements [39m[32m200[39m [90m36 ms - 74[39m
[35m[HTTP][39m [90m[39m
[35m[HTTP][39m [37m-->[39m [37mPOST[39m [37m/wd/hub/session/e2d0e223-d29b-4d44-9fda-06b2ccdd991a/elements[39m
[35m[HTTP][39m [90m{"using":"-android uiautomator","value":"new UiSelector().className(\"android.widget.ImageView\").resourceId(\"id.astra.stable.movic:id/mImgSkip\").instance(4)"}[39m
[35m[HTTP][39m [37m<-- POST /wd/hub/session/e2d0e223-d29b-4d44-9fda-06b2ccdd991a/elements [39m[32m200[39m [90m28 ms - 74[39m
[35m[HTTP][39m [90m[39m
[35m[HTTP][39m [37m-->[39m [37mPOST[39m [37m/wd/hub/session/e2d0e223-d29b-4d44-9fda-06b2ccdd991a/elements[39m
[35m[HTTP][39m [90m{"using":"-android uiautomator","value":"new UiSelector().className(\"android.widget.ImageView\").resourceId(\"id.astra.stable.movic:id/mImgSkip\").instance(4)"}[39m
[35m[HTTP][39m [37m<-- POST /wd/hub/session/e2d0e223-d29b-4d44-9fda-06b2ccdd991a/elements [39m[32m200[39m [90m30 ms - 74[39m
[35m[HTTP][39m [90m[39m
[35m[HTTP][39m [37m-->[39m [37mPOST[39m [37m/wd/hub/session/e2d0e223-d29b-4d44-9fda-06b2ccdd991a/elements[39m
[35m[HTTP][39m [90m{"using":"-android uiautomator","value":"new UiSelector().className(\"android.widget.ImageView\").resourceId(\"id.astra.stable.movic:id/mImgSkip\").instance(4)"}[39m
[35m[HTTP][39m [37m<-- POST /wd/hub/session/e2d0e223-d29b-4d44-9fda-06b2ccdd991a/elements [39m[32m200[39m [90m26 ms - 74[39m
[35m[HTTP][39m [90m[39m
[35m[HTTP][39m [37m-->[39m [37mPOST[39m [37m/wd/hub/session/e2d0e223-d29b-4d44-9fda-06b2ccdd991a/elements[39m
[35m[HTTP][39m [90m{"using":"-android uiautomator","value":"new UiSelector().className(\"android.widget.ImageView\").resourceId(\"id.astra.stable.movic:id/mImgSkip\").instance(4)"}[39m
[35m[HTTP][39m [37m<-- POST /wd/hub/session/e2d0e223-d29b-4d44-9fda-06b2ccdd991a/elements [39m[32m200[39m [90m27 ms - 74[39m
[35m[HTTP][39m [90m[39m
[35m[HTTP][39m [37m-->[39m [37mPOST[39m [37m/wd/hub/session/e2d0e223-d29b-4d44-9fda-06b2ccdd991a/elements[39m
[35m[HTTP][39m [90m{"using":"-android uiautomator","value":"new UiSelector().className(\"android.widget.ImageView\").resourceId(\"id.astra.stable.movic:id/mImgSkip\").instance(4)"}[39m
[35m[HTTP][39m [37m<-- POST /wd/hub/session/e2d0e223-d29b-4d44-9fda-06b2ccdd991a/elements [39m[32m200[39m [90m30 ms - 74[39m
[35m[HTTP][39m [90m[39m
[35m[HTTP][39m [37m-->[39m [37mPOST[39m [37m/wd/hub/session/e2d0e223-d29b-4d44-9fda-06b2ccdd991a/elements[39m
[35m[HTTP][39m [90m{"using":"-android uiautomator","value":"new UiSelector().className(\"android.widget.ImageView\").resourceId(\"id.astra.stable.movic:id/mImgSkip\").instance(4)"}[39m
[35m[HTTP][39m [37m<-- POST /wd/hub/session/e2d0e223-d29b-4d44-9fda-06b2ccdd991a/elements [39m[32m200[39m [90m378 ms - 74[39m
[35m[HTTP][39m [90m[39m
[35m[HTTP][39m [37m-->[39m [37mPOST[39m [37m/wd/hub/session/e2d0e223-d29b-4d44-9fda-06b2ccdd991a/elements[39m
[35m[HTTP][39m [90m{"using":"-android uiautomator","value":"new UiSelector().className(\"android.widget.ImageView\").resourceId(\"id.astra.stable.movic:id/mImgSkip\").instance(4)"}[39m
[35m[HTTP][39m [37m<-- POST /wd/hub/session/e2d0e223-d29b-4d44-9fda-06b2ccdd991a/elements [39m[32m200[39m [90m305 ms - 74[39m
[35m[HTTP][39m [90m[39m
[35m[HTTP][39m [37m-->[39m [37mPOST[39m [37m/wd/hub/session/e2d0e223-d29b-4d44-9fda-06b2ccdd991a/elements[39m
[35m[HTTP][39m [90m{"using":"-android uiautomator","value":"new UiSelector().className(\"android.widget.ImageView\").resourceId(\"id.astra.stable.movic:id/mImgSkip\").instance(4)"}[39m
[35m[HTTP][39m [37m<-- POST /wd/hub/session/e2d0e223-d29b-4d44-9fda-06b2ccdd991a/elements [39m[32m200[39m [90m50 ms - 74[39m
[35m[HTTP][39m [90m[39m
[35m[HTTP][39m [37m-->[39m [37mPOST[39m [37m/wd/hub/session/e2d0e223-d29b-4d44-9fda-06b2ccdd991a/elements[39m
[35m[HTTP][39m [90m{"using":"-android uiautomator","value":"new UiSelector().className(\"android.widget.ImageView\").resourceId(\"id.astra.stable.movic:id/mImgSkip\").instance(4)"}[39m
[35m[HTTP][39m [37m<-- POST /wd/hub/session/e2d0e223-d29b-4d44-9fda-06b2ccdd991a/elements [39m[32m200[39m [90m863 ms - 124[39m
[35m[HTTP][39m [90m[39m
[35m[HTTP][39m [37m-->[39m [37mGET[39m [37m/wd/hub/session/e2d0e223-d29b-4d44-9fda-06b2ccdd991a[39m
[35m[HTTP][39m [90m{}[39m
[35m[HTTP][39m [37m<-- GET /wd/hub/session/e2d0e223-d29b-4d44-9fda-06b2ccdd991a [39m[32m200[39m [90m25 ms - 1260[39m
[35m[HTTP][39m [90m[39m
[35m[HTTP][39m [37m-->[39m [37mGET[39m [37m/wd/hub/session/e2d0e223-d29b-4d44-9fda-06b2ccdd991a[39m
[35m[HTTP][39m [90m{}[39m
[35m[HTTP][39m [37m<-- GET /wd/hub/session/e2d0e223-d29b-4d44-9fda-06b2ccdd991a [39m[32m200[39m [90m24 ms - 1260[39m
[35m[HTTP][39m [90m[39m
[35m[HTTP][39m [37m-->[39m [37mGET[39m [37m/wd/hub/session/e2d0e223-d29b-4d44-9fda-06b2ccdd991a[39m
[35m[HTTP][39m [90m{}[39m
[35m[HTTP][39m [37m<-- GET /wd/hub/session/e2d0e223-d29b-4d44-9fda-06b2ccdd991a [39m[32m200[39m [90m16 ms - 1260[39m
[35m[HTTP][39m [90m[39m
[35m[HTTP][39m [37m-->[39m [37mGET[39m [37m/wd/hub/session/e2d0e223-d29b-4d44-9fda-06b2ccdd991a[39m
[35m[HTTP][39m [90m{}[39m
[35m[HTTP][39m [37m<-- GET /wd/hub/session/e2d0e223-d29b-4d44-9fda-06b2ccdd991a [39m[32m200[39m [90m21 ms - 1260[39m
[35m[HTTP][39m [90m[39m
[35m[HTTP][39m [37m-->[39m [37mGET[39m [37m/wd/hub/session/e2d0e223-d29b-4d44-9fda-06b2ccdd991a/element/550aeb2a-07b1-4828-bc11-4719feb701cd/location[39m
[35m[HTTP][39m [90m{}[39m
[35m[W3C][39m Driver proxy active, passing request on via HTTP proxy
[35m[JSONWP Proxy][39m Replacing sessionId 51450e14-9a6b-443a-9ae8-b73220bdd3a4 with e2d0e223-d29b-4d44-9fda-06b2ccdd991a
[35m[HTTP][39m [37m<-- GET /wd/hub/session/e2d0e223-d29b-4d44-9fda-06b2ccdd991a/element/550aeb2a-07b1-4828-bc11-4719feb701cd/location [39m[32m200[39m [90m46 ms - 90[39m
[35m[HTTP][39m [90m[39m
[35m[HTTP][39m [37m-->[39m [37mPOST[39m [37m/wd/hub/session/e2d0e223-d29b-4d44-9fda-06b2ccdd991a/touch/perform[39m
[35m[HTTP][39m [90m{"actions":[{"action":"tap","options":{"element":"550aeb2a-07b1-4828-bc11-4719feb701cd","x":1,"y":1}}]}[39m
[35m[UiAutomator2][39m calling get location: 550aeb2a-07b1-4828-bc11-4719feb701cd
[35m[HTTP][39m [37m<-- POST /wd/hub/session/e2d0e223-d29b-4d44-9fda-06b2ccdd991a/touch/perform [39m[32m200[39m [90m1409 ms - 76[39m
[35m[HTTP][39m [90m[39m
[35m[HTTP][39m [37m-->[39m [37mGET[39m [37m/wd/hub/session/e2d0e223-d29b-4d44-9fda-06b2ccdd991a/window/current/size[39m
[35m[HTTP][39m [90m{}[39m
[35m[W3C][39m Driver proxy active, passing request on via HTTP proxy
[35m[JSONWP Proxy][39m Replacing sessionId 51450e14-9a6b-443a-9ae8-b73220bdd3a4 with e2d0e223-d29b-4d44-9fda-06b2ccdd991a
[35m[HTTP][39m [37m<-- GET /wd/hub/session/e2d0e223-d29b-4d44-9fda-06b2ccdd991a/window/current/size [39m[32m200[39m [90m32 ms - 99[39m
[35m[HTTP][39m [90m[39m
[35m[HTTP][39m [37m-->[39m [37mPOST[39m [37m/wd/hub/session/e2d0e223-d29b-4d44-9fda-06b2ccdd991a/elements[39m
[35m[HTTP][39m [90m{"using":"-android uiautomator","value":"new UiSelector().className(\"android.widget.ImageView\").resourceId(\"id.astra.stable.movic:id/ivNext\").instance(1)"}[39m
[35m[HTTP][39m [37m<-- POST /wd/hub/session/e2d0e223-d29b-4d44-9fda-06b2ccdd991a/elements [39m[32m200[39m [90m99 ms - 124[39m
[35m[HTTP][39m [90m[39m
[35m[HTTP][39m [37m-->[39m [37mGET[39m [37m/wd/hub/session/e2d0e223-d29b-4d44-9fda-06b2ccdd991a[39m
[35m[HTTP][39m [90m{}[39m
[35m[HTTP][39m [37m<-- GET /wd/hub/session/e2d0e223-d29b-4d44-9fda-06b2ccdd991a [39m[32m200[39m [90m22 ms - 1260[39m
[35m[HTTP][39m [90m[39m
[35m[HTTP][39m [37m-->[39m [37mGET[39m [37m/wd/hub/session/e2d0e223-d29b-4d44-9fda-06b2ccdd991a[39m
[35m[HTTP][39m [90m{}[39m
[35m[HTTP][39m [37m<-- GET /wd/hub/session/e2d0e223-d29b-4d44-9fda-06b2ccdd991a [39m[32m200[39m [90m25 ms - 1260[39m
[35m[HTTP][39m [90m[39m
[35m[HTTP][39m [37m-->[39m [37mGET[39m [37m/wd/hub/session/e2d0e223-d29b-4d44-9fda-06b2ccdd991a[39m
[35m[HTTP][39m [90m{}[39m
[35m[HTTP][39m [37m<-- GET /wd/hub/session/e2d0e223-d29b-4d44-9fda-06b2ccdd991a [39m[32m200[39m [90m28 ms - 1260[39m
[35m[HTTP][39m [90m[39m
[35m[HTTP][39m [37m-->[39m [37mGET[39m [37m/wd/hub/session/e2d0e223-d29b-4d44-9fda-06b2ccdd991a[39m
[35m[HTTP][39m [90m{}[39m
[35m[HTTP][39m [37m<-- GET /wd/hub/session/e2d0e223-d29b-4d44-9fda-06b2ccdd991a [39m[32m200[39m [90m17 ms - 1260[39m
[35m[HTTP][39m [90m[39m
[35m[HTTP][39m [37m-->[39m [37mGET[39m [37m/wd/hub/session/e2d0e223-d29b-4d44-9fda-06b2ccdd991a/element/6c47ca32-453c-48d7-a3d9-6fc07f0aed5f/location[39m
[35m[HTTP][39m [90m{}[39m
[35m[W3C][39m Driver proxy active, passing request on via HTTP proxy
[35m[JSONWP Proxy][39m Replacing sessionId 51450e14-9a6b-443a-9ae8-b73220bdd3a4 with e2d0e223-d29b-4d44-9fda-06b2ccdd991a
[35m[HTTP][39m [37m<-- GET /wd/hub/session/e2d0e223-d29b-4d44-9fda-06b2ccdd991a/element/6c47ca32-453c-48d7-a3d9-6fc07f0aed5f/location [39m[32m200[39m [90m30 ms - 90[39m
[35m[HTTP][39m [90m[39m
[35m[HTTP][39m [37m-->[39m [37mPOST[39m [37m/wd/hub/session/e2d0e223-d29b-4d44-9fda-06b2ccdd991a/touch/perform[39m
[35m[HTTP][39m [90m{"actions":[{"action":"tap","options":{"element":"6c47ca32-453c-48d7-a3d9-6fc07f0aed5f","x":1,"y":1}}]}[39m
[35m[UiAutomator2][39m calling get location: 6c47ca32-453c-48d7-a3d9-6fc07f0aed5f
[35m[HTTP][39m [37m<-- POST /wd/hub/session/e2d0e223-d29b-4d44-9fda-06b2ccdd991a/touch/perform [39m[32m200[39m [90m936 ms - 76[39m
[35m[HTTP][39m [90m[39m
[35m[HTTP][39m [37m-->[39m [37mGET[39m [37m/wd/hub/session/e2d0e223-d29b-4d44-9fda-06b2ccdd991a/window/current/size[39m
[35m[HTTP][39m [90m{}[39m
[35m[W3C][39m Driver proxy active, passing request on via HTTP proxy
[35m[JSONWP Proxy][39m Replacing sessionId 51450e14-9a6b-443a-9ae8-b73220bdd3a4 with e2d0e223-d29b-4d44-9fda-06b2ccdd991a
[35m[HTTP][39m [37m<-- GET /wd/hub/session/e2d0e223-d29b-4d44-9fda-06b2ccdd991a/window/current/size [39m[32m200[39m [90m30 ms - 99[39m
[35m[HTTP][39m [90m[39m
[35m[HTTP][39m [37m-->[39m [37mPOST[39m [37m/wd/hub/session/e2d0e223-d29b-4d44-9fda-06b2ccdd991a/elements[39m
[35m[HTTP][39m [90m{"using":"-android uiautomator","value":"new UiSelector().className(\"android.widget.ImageView\").resourceId(\"id.astra.stable.movic:id/ivNext\").instance(1)"}[39m
[35m[HTTP][39m [37m<-- POST /wd/hub/session/e2d0e223-d29b-4d44-9fda-06b2ccdd991a/elements [39m[32m200[39m [90m63 ms - 124[39m
[35m[HTTP][39m [90m[39m
[35m[HTTP][39m [37m-->[39m [37mGET[39m [37m/wd/hub/session/e2d0e223-d29b-4d44-9fda-06b2ccdd991a[39m
[35m[HTTP][39m [90m{}[39m
[35m[HTTP][39m [37m<-- GET /wd/hub/session/e2d0e223-d29b-4d44-9fda-06b2ccdd991a [39m[32m200[39m [90m27 ms - 1260[39m
[35m[HTTP][39m [90m[39m
[35m[HTTP][39m [37m-->[39m [37mGET[39m [37m/wd/hub/session/e2d0e223-d29b-4d44-9fda-06b2ccdd991a[39m
[35m[HTTP][39m [90m{}[39m
[35m[HTTP][39m [37m<-- GET /wd/hub/session/e2d0e223-d29b-4d44-9fda-06b2ccdd991a [39m[32m200[39m [90m26 ms - 1260[39m
[35m[HTTP][39m [90m[39m
[35m[HTTP][39m [37m-->[39m [37mGET[39m [37m/wd/hub/session/e2d0e223-d29b-4d44-9fda-06b2ccdd991a[39m
[35m[HTTP][39m [90m{}[39m
[35m[HTTP][39m [37m<-- GET /wd/hub/session/e2d0e223-d29b-4d44-9fda-06b2ccdd991a [39m[32m200[39m [90m32 ms - 1260[39m
[35m[HTTP][39m [90m[39m
[35m[HTTP][39m [37m-->[39m [37mGET[39m [37m/wd/hub/session/e2d0e223-d29b-4d44-9fda-06b2ccdd991a[39m
[35m[HTTP][39m [90m{}[39m
[35m[HTTP][39m [37m<-- GET /wd/hub/session/e2d0e223-d29b-4d44-9fda-06b2ccdd991a [39m[32m200[39m [90m25 ms - 1260[39m
[35m[HTTP][39m [90m[39m
[35m[HTTP][39m [37m-->[39m [37mGET[39m [37m/wd/hub/session/e2d0e223-d29b-4d44-9fda-06b2ccdd991a/element/0cb24222-1dee-4382-b4c6-2ac7ad9fed79/location[39m
[35m[HTTP][39m [90m{}[39m
[35m[W3C][39m Driver proxy active, passing request on via HTTP proxy
[35m[JSONWP Proxy][39m Replacing sessionId 51450e14-9a6b-443a-9ae8-b73220bdd3a4 with e2d0e223-d29b-4d44-9fda-06b2ccdd991a
[35m[HTTP][39m [37m<-- GET /wd/hub/session/e2d0e223-d29b-4d44-9fda-06b2ccdd991a/element/0cb24222-1dee-4382-b4c6-2ac7ad9fed79/location [39m[32m200[39m [90m47 ms - 90[39m
[35m[HTTP][39m [90m[39m
[35m[HTTP][39m [37m-->[39m [37mPOST[39m [37m/wd/hub/session/e2d0e223-d29b-4d44-9fda-06b2ccdd991a/touch/perform[39m
[35m[HTTP][39m [90m{"actions":[{"action":"tap","options":{"element":"0cb24222-1dee-4382-b4c6-2ac7ad9fed79","x":1,"y":1}}]}[39m
[35m[UiAutomator2][39m calling get location: 0cb24222-1dee-4382-b4c6-2ac7ad9fed79
[35m[HTTP][39m [37m<-- POST /wd/hub/session/e2d0e223-d29b-4d44-9fda-06b2ccdd991a/touch/perform [39m[32m200[39m [90m956 ms - 76[39m
[35m[HTTP][39m [90m[39m
[35m[HTTP][39m [37m-->[39m [37mGET[39m [37m/wd/hub/session/e2d0e223-d29b-4d44-9fda-06b2ccdd991a/window/current/size[39m
[35m[HTTP][39m [90m{}[39m
[35m[W3C][39m Driver proxy active, passing request on via HTTP proxy
[35m[JSONWP Proxy][39m Replacing sessionId 51450e14-9a6b-443a-9ae8-b73220bdd3a4 with e2d0e223-d29b-4d44-9fda-06b2ccdd991a
[35m[HTTP][39m [37m<-- GET /wd/hub/session/e2d0e223-d29b-4d44-9fda-06b2ccdd991a/window/current/size [39m[32m200[39m [90m28 ms - 99[39m
[35m[HTTP][39m [90m[39m
[35m[HTTP][39m [37m-->[39m [37mPOST[39m [37m/wd/hub/session/e2d0e223-d29b-4d44-9fda-06b2ccdd991a/elements[39m
[35m[HTTP][39m [90m{"using":"-android uiautomator","value":"new UiSelector().className(\"android.widget.TextView\").text(\"Skip\").resourceId(\"id.astra.stable.movic:id/tvSkip\").instance(2)"}[39m
[35m[HTTP][39m [37m<-- POST /wd/hub/session/e2d0e223-d29b-4d44-9fda-06b2ccdd991a/elements [39m[32m200[39m [90m60 ms - 124[39m
[35m[HTTP][39m [90m[39m
[35m[HTTP][39m [37m-->[39m [37mGET[39m [37m/wd/hub/session/e2d0e223-d29b-4d44-9fda-06b2ccdd991a[39m
[35m[HTTP][39m [90m{}[39m
[35m[HTTP][39m [37m<-- GET /wd/hub/session/e2d0e223-d29b-4d44-9fda-06b2ccdd991a [39m[32m200[39m [90m17 ms - 1260[39m
[35m[HTTP][39m [90m[39m
[35m[HTTP][39m [37m-->[39m [37mGET[39m [37m/wd/hub/session/e2d0e223-d29b-4d44-9fda-06b2ccdd991a[39m
[35m[HTTP][39m [90m{}[39m
[35m[HTTP][39m [37m<-- GET /wd/hub/session/e2d0e223-d29b-4d44-9fda-06b2ccdd991a [39m[32m200[39m [90m26 ms - 1260[39m
[35m[HTTP][39m [90m[39m
[35m[HTTP][39m [37m-->[39m [37mGET[39m [37m/wd/hub/session/e2d0e223-d29b-4d44-9fda-06b2ccdd991a[39m
[35m[HTTP][39m [90m{}[39m
[35m[HTTP][39m [37m<-- GET /wd/hub/session/e2d0e223-d29b-4d44-9fda-06b2ccdd991a [39m[32m200[39m [90m24 ms - 1260[39m
[35m[HTTP][39m [90m[39m
[35m[HTTP][39m [37m-->[39m [37mGET[39m [37m/wd/hub/session/e2d0e223-d29b-4d44-9fda-06b2ccdd991a[39m
[35m[HTTP][39m [90m{}[39m
[35m[HTTP][39m [37m<-- GET /wd/hub/session/e2d0e223-d29b-4d44-9fda-06b2ccdd991a [39m[32m200[39m [90m23 ms - 1260[39m
[35m[HTTP][39m [90m[39m
[35m[HTTP][39m [37m-->[39m [37mGET[39m [37m/wd/hub/session/e2d0e223-d29b-4d44-9fda-06b2ccdd991a/element/936e3e4c-5817-4cb2-b7a9-eaaa9a40c76d/location[39m
[35m[HTTP][39m [90m{}[39m
[35m[W3C][39m Driver proxy active, passing request on via HTTP proxy
[35m[JSONWP Proxy][39m Replacing sessionId 51450e14-9a6b-443a-9ae8-b73220bdd3a4 with e2d0e223-d29b-4d44-9fda-06b2ccdd991a
[35m[HTTP][39m [37m<-- GET /wd/hub/session/e2d0e223-d29b-4d44-9fda-06b2ccdd991a/element/936e3e4c-5817-4cb2-b7a9-eaaa9a40c76d/location [39m[32m200[39m [90m42 ms - 89[39m
[35m[HTTP][39m [90m[39m
[35m[HTTP][39m [37m-->[39m [37mPOST[39m [37m/wd/hub/session/e2d0e223-d29b-4d44-9fda-06b2ccdd991a/touch/perform[39m
[35m[HTTP][39m [90m{"actions":[{"action":"tap","options":{"element":"936e3e4c-5817-4cb2-b7a9-eaaa9a40c76d","x":1,"y":1}}]}[39m
[35m[UiAutomator2][39m calling get location: 936e3e4c-5817-4cb2-b7a9-eaaa9a40c76d
[35m[HTTP][39m [37m<-- POST /wd/hub/session/e2d0e223-d29b-4d44-9fda-06b2ccdd991a/touch/perform [39m[32m200[39m [90m1936 ms - 76[39m
[35m[HTTP][39m [90m[39m
[35m[HTTP][39m [37m-->[39m [37mGET[39m [37m/wd/hub/session/e2d0e223-d29b-4d44-9fda-06b2ccdd991a/window/current/size[39m
[35m[HTTP][39m [90m{}[39m
[35m[W3C][39m Driver proxy active, passing request on via HTTP proxy
[35m[JSONWP Proxy][39m Replacing sessionId 51450e14-9a6b-443a-9ae8-b73220bdd3a4 with e2d0e223-d29b-4d44-9fda-06b2ccdd991a
[35m[HTTP][39m [37m<-- GET /wd/hub/session/e2d0e223-d29b-4d44-9fda-06b2ccdd991a/window/current/size [39m[32m200[39m [90m31 ms - 99[39m
[35m[HTTP][39m [90m[39m
[35m[HTTP][39m [37m-->[39m [37mPOST[39m [37m/wd/hub/session/e2d0e223-d29b-4d44-9fda-06b2ccdd991a/elements[39m
[35m[HTTP][39m [90m{"using":"-android uiautomator","value":"new UiSelector().className(\"android.widget.TextView\").text(\"Log in\").resourceId(\"id.astra.stable.movic:id/mTxtLogin\").instance(0)"}[39m
[35m[HTTP][39m [37m<-- POST /wd/hub/session/e2d0e223-d29b-4d44-9fda-06b2ccdd991a/elements [39m[32m200[39m [90m59 ms - 124[39m
[35m[HTTP][39m [90m[39m
[35m[HTTP][39m [37m-->[39m [37mGET[39m [37m/wd/hub/session/e2d0e223-d29b-4d44-9fda-06b2ccdd991a[39m
[35m[HTTP][39m [90m{}[39m
[35m[HTTP][39m [37m<-- GET /wd/hub/session/e2d0e223-d29b-4d44-9fda-06b2ccdd991a [39m[32m200[39m [90m22 ms - 1260[39m
[35m[HTTP][39m [90m[39m
[35m[HTTP][39m [37m-->[39m [37mGET[39m [37m/wd/hub/session/e2d0e223-d29b-4d44-9fda-06b2ccdd991a[39m
[35m[HTTP][39m [90m{}[39m
[35m[HTTP][39m [37m<-- GET /wd/hub/session/e2d0e223-d29b-4d44-9fda-06b2ccdd991a [39m[32m200[39m [90m22 ms - 1260[39m
[35m[HTTP][39m [90m[39m
[35m[HTTP][39m [37m-->[39m [37mGET[39m [37m/wd/hub/session/e2d0e223-d29b-4d44-9fda-06b2ccdd991a[39m
[35m[HTTP][39m [90m{}[39m
[35m[HTTP][39m [37m<-- GET /wd/hub/session/e2d0e223-d29b-4d44-9fda-06b2ccdd991a [39m[32m200[39m [90m21 ms - 1260[39m
[35m[HTTP][39m [90m[39m
[35m[HTTP][39m [37m-->[39m [37mGET[39m [37m/wd/hub/session/e2d0e223-d29b-4d44-9fda-06b2ccdd991a[39m
[35m[HTTP][39m [90m{}[39m
[35m[HTTP][39m [37m<-- GET /wd/hub/session/e2d0e223-d29b-4d44-9fda-06b2ccdd991a [39m[32m200[39m [90m21 ms - 1260[39m
[35m[HTTP][39m [90m[39m
[35m[HTTP][39m [37m-->[39m [37mGET[39m [37m/wd/hub/session/e2d0e223-d29b-4d44-9fda-06b2ccdd991a/element/3286f223-d77e-41be-a158-d618a2909bf5/location[39m
[35m[HTTP][39m [90m{}[39m
[35m[W3C][39m Driver proxy active, passing request on via HTTP proxy
[35m[JSONWP Proxy][39m Replacing sessionId 51450e14-9a6b-443a-9ae8-b73220bdd3a4 with e2d0e223-d29b-4d44-9fda-06b2ccdd991a
[35m[HTTP][39m [37m<-- GET /wd/hub/session/e2d0e223-d29b-4d44-9fda-06b2ccdd991a/element/3286f223-d77e-41be-a158-d618a2909bf5/location [39m[32m200[39m [90m46 ms - 89[39m
[35m[HTTP][39m [90m[39m
[35m[HTTP][39m [37m-->[39m [37mPOST[39m [37m/wd/hub/session/e2d0e223-d29b-4d44-9fda-06b2ccdd991a/touch/perform[39m
[35m[HTTP][39m [90m{"actions":[{"action":"tap","options":{"element":"3286f223-d77e-41be-a158-d618a2909bf5","x":1,"y":1}}]}[39m
[35m[UiAutomator2][39m calling get location: 3286f223-d77e-41be-a158-d618a2909bf5
[35m[HTTP][39m [37m<-- POST /wd/hub/session/e2d0e223-d29b-4d44-9fda-06b2ccdd991a/touch/perform [39m[32m200[39m [90m1285 ms - 76[39m
[35m[HTTP][39m [90m[39m
[35m[HTTP][39m [37m-->[39m [37mGET[39m [37m/wd/hub/session/e2d0e223-d29b-4d44-9fda-06b2ccdd991a/window/current/size[39m
[35m[HTTP][39m [90m{}[39m
[35m[W3C][39m Driver proxy active, passing request on via HTTP proxy
[35m[JSONWP Proxy][39m Replacing sessionId 51450e14-9a6b-443a-9ae8-b73220bdd3a4 with e2d0e223-d29b-4d44-9fda-06b2ccdd991a
[35m[HTTP][39m [37m<-- GET /wd/hub/session/e2d0e223-d29b-4d44-9fda-06b2ccdd991a/window/current/size [39m[32m200[39m [90m26 ms - 99[39m
[35m[HTTP][39m [90m[39m
[35m[HTTP][39m [37m-->[39m [37mPOST[39m [37m/wd/hub/session/e2d0e223-d29b-4d44-9fda-06b2ccdd991a/elements[39m
[35m[HTTP][39m [90m{"using":"-android uiautomator","value":"new UiSelector().className(\"android.widget.EditText\").resourceId(\"id.astra.stable.movic:id/mTxtUsername\").instance(0)"}[39m
[35m[HTTP][39m [37m<-- POST /wd/hub/session/e2d0e223-d29b-4d44-9fda-06b2ccdd991a/elements [39m[32m200[39m [90m85 ms - 124[39m
[35m[HTTP][39m [90m[39m
[35m[HTTP][39m [37m-->[39m [37mGET[39m [37m/wd/hub/session/e2d0e223-d29b-4d44-9fda-06b2ccdd991a[39m
[35m[HTTP][39m [90m{}[39m
[35m[HTTP][39m [37m<-- GET /wd/hub/session/e2d0e223-d29b-4d44-9fda-06b2ccdd991a [39m[32m200[39m [90m26 ms - 1260[39m
[35m[HTTP][39m [90m[39m
[35m[HTTP][39m [37m-->[39m [37mGET[39m [37m/wd/hub/session/e2d0e223-d29b-4d44-9fda-06b2ccdd991a[39m
[35m[HTTP][39m [90m{}[39m
[35m[HTTP][39m [37m<-- GET /wd/hub/session/e2d0e223-d29b-4d44-9fda-06b2ccdd991a [39m[32m200[39m [90m22 ms - 1260[39m
[35m[HTTP][39m [90m[39m
[35m[HTTP][39m [37m-->[39m [37mGET[39m [37m/wd/hub/session/e2d0e223-d29b-4d44-9fda-06b2ccdd991a[39m
[35m[HTTP][39m [90m{}[39m
[35m[HTTP][39m [37m<-- GET /wd/hub/session/e2d0e223-d29b-4d44-9fda-06b2ccdd991a [39m[32m200[39m [90m16 ms - 1260[39m
[35m[HTTP][39m [90m[39m
[35m[HTTP][39m [37m-->[39m [37mGET[39m [37m/wd/hub/session/e2d0e223-d29b-4d44-9fda-06b2ccdd991a[39m
[35m[HTTP][39m [90m{}[39m
[35m[HTTP][39m [37m<-- GET /wd/hub/session/e2d0e223-d29b-4d44-9fda-06b2ccdd991a [39m[32m200[39m [90m15 ms - 1260[39m
[35m[HTTP][39m [90m[39m
[35m[HTTP][39m [37m-->[39m [37mGET[39m [37m/wd/hub/session/e2d0e223-d29b-4d44-9fda-06b2ccdd991a/element/b0a9fc6a-36b1-484d-a0a2-d6905d2b68a9/location[39m
[35m[HTTP][39m [90m{}[39m
[35m[W3C][39m Driver proxy active, passing request on via HTTP proxy
[35m[JSONWP Proxy][39m Replacing sessionId 51450e14-9a6b-443a-9ae8-b73220bdd3a4 with e2d0e223-d29b-4d44-9fda-06b2ccdd991a
[35m[HTTP][39m [37m<-- GET /wd/hub/session/e2d0e223-d29b-4d44-9fda-06b2ccdd991a/element/b0a9fc6a-36b1-484d-a0a2-d6905d2b68a9/location [39m[32m200[39m [90m25 ms - 88[39m
[35m[HTTP][39m [90m[39m
[35m[HTTP][39m [37m-->[39m [37mPOST[39m [37m/wd/hub/session/e2d0e223-d29b-4d44-9fda-06b2ccdd991a/element/b0a9fc6a-36b1-484d-a0a2-d6905d2b68a9/clear[39m
[35m[HTTP][39m [90m{"id":"b0a9fc6a-36b1-484d-a0a2-d6905d2b68a9"}[39m
[35m[HTTP][39m [37m<-- POST /wd/hub/session/e2d0e223-d29b-4d44-9fda-06b2ccdd991a/element/b0a9fc6a-36b1-484d-a0a2-d6905d2b68a9/clear [39m[32m200[39m [90m110 ms - 89[39m
[35m[HTTP][39m [90m[39m
[35m[HTTP][39m [37m-->[39m [37mPOST[39m [37m/wd/hub/session/e2d0e223-d29b-4d44-9fda-06b2ccdd991a/element/b0a9fc6a-36b1-484d-a0a2-d6905d2b68a9/value[39m
[35m[HTTP][39m [90m{"id":"b0a9fc6a-36b1-484d-a0a2-d6905d2b68a9","value":["santi.wahyuni@wgs.co.id"]}[39m
[35m[HTTP][39m [37m<-- POST /wd/hub/session/e2d0e223-d29b-4d44-9fda-06b2ccdd991a/element/b0a9fc6a-36b1-484d-a0a2-d6905d2b68a9/value [39m[32m200[39m [90m709 ms - 74[39m
[35m[HTTP][39m [90m[39m
[35m[HTTP][39m [37m-->[39m [37mGET[39m [37m/wd/hub/session/e2d0e223-d29b-4d44-9fda-06b2ccdd991a/window/current/size[39m
[35m[HTTP][39m [90m{}[39m
[35m[W3C][39m Driver proxy active, passing request on via HTTP proxy
[35m[JSONWP Proxy][39m Replacing sessionId 51450e14-9a6b-443a-9ae8-b73220bdd3a4 with e2d0e223-d29b-4d44-9fda-06b2ccdd991a
[35m[HTTP][39m [37m<-- GET /wd/hub/session/e2d0e223-d29b-4d44-9fda-06b2ccdd991a/window/current/size [39m[32m200[39m [90m27 ms - 99[39m
[35m[HTTP][39m [90m[39m
[35m[HTTP][39m [37m-->[39m [37mPOST[39m [37m/wd/hub/session/e2d0e223-d29b-4d44-9fda-06b2ccdd991a/elements[39m
[35m[HTTP][39m [90m{"using":"-android uiautomator","value":"new UiSelector().className(\"android.widget.Button\").text(\"Next\").resourceId(\"id.astra.stable.movic:id/mBtnNext\").instance(0)"}[39m
[35m[HTTP][39m [37m<-- POST /wd/hub/session/e2d0e223-d29b-4d44-9fda-06b2ccdd991a/elements [39m[32m200[39m [90m521 ms - 124[39m
[35m[HTTP][39m [90m[39m
[35m[HTTP][39m [37m-->[39m [37mGET[39m [37m/wd/hub/session/e2d0e223-d29b-4d44-9fda-06b2ccdd991a[39m
[35m[HTTP][39m [90m{}[39m
[35m[HTTP][39m [37m<-- GET /wd/hub/session/e2d0e223-d29b-4d44-9fda-06b2ccdd991a [39m[32m200[39m [90m22 ms - 1260[39m
[35m[HTTP][39m [90m[39m
[35m[HTTP][39m [37m-->[39m [37mGET[39m [37m/wd/hub/session/e2d0e223-d29b-4d44-9fda-06b2ccdd991a[39m
[35m[HTTP][39m [90m{}[39m
[35m[HTTP][39m [37m<-- GET /wd/hub/session/e2d0e223-d29b-4d44-9fda-06b2ccdd991a [39m[32m200[39m [90m23 ms - 1260[39m
[35m[HTTP][39m [90m[39m
[35m[HTTP][39m [37m-->[39m [37mGET[39m [37m/wd/hub/session/e2d0e223-d29b-4d44-9fda-06b2ccdd991a[39m
[35m[HTTP][39m [90m{}[39m
[35m[HTTP][39m [37m<-- GET /wd/hub/session/e2d0e223-d29b-4d44-9fda-06b2ccdd991a [39m[32m200[39m [90m22 ms - 1260[39m
[35m[HTTP][39m [90m[39m
[35m[HTTP][39m [37m-->[39m [37mGET[39m [37m/wd/hub/session/e2d0e223-d29b-4d44-9fda-06b2ccdd991a[39m
[35m[HTTP][39m [90m{}[39m
[35m[HTTP][39m [37m<-- GET /wd/hub/session/e2d0e223-d29b-4d44-9fda-06b2ccdd991a [39m[32m200[39m [90m22 ms - 1260[39m
[35m[HTTP][39m [90m[39m
[35m[HTTP][39m [37m-->[39m [37mGET[39m [37m/wd/hub/session/e2d0e223-d29b-4d44-9fda-06b2ccdd991a/element/17bae064-a962-4fee-997c-894dbf8bcd38/location[39m
[35m[HTTP][39m [90m{}[39m
[35m[W3C][39m Driver proxy active, passing request on via HTTP proxy
[35m[JSONWP Proxy][39m Replacing sessionId 51450e14-9a6b-443a-9ae8-b73220bdd3a4 with e2d0e223-d29b-4d44-9fda-06b2ccdd991a
[35m[HTTP][39m [37m<-- GET /wd/hub/session/e2d0e223-d29b-4d44-9fda-06b2ccdd991a/element/17bae064-a962-4fee-997c-894dbf8bcd38/location [39m[32m200[39m [90m53 ms - 89[39m
[35m[HTTP][39m [90m[39m
[35m[HTTP][39m [37m-->[39m [37mPOST[39m [37m/wd/hub/session/e2d0e223-d29b-4d44-9fda-06b2ccdd991a/touch/perform[39m
[35m[HTTP][39m [90m{"actions":[{"action":"tap","options":{"element":"17bae064-a962-4fee-997c-894dbf8bcd38","x":1,"y":1}}]}[39m
[35m[UiAutomator2][39m calling get location: 17bae064-a962-4fee-997c-894dbf8bcd38
[35m[HTTP][39m [37m<-- POST /wd/hub/session/e2d0e223-d29b-4d44-9fda-06b2ccdd991a/touch/perform [39m[32m200[39m [90m1954 ms - 76[39m
[35m[HTTP][39m [90m[39m
[35m[HTTP][39m [37m-->[39m [37mGET[39m [37m/wd/hub/session/e2d0e223-d29b-4d44-9fda-06b2ccdd991a/window/current/size[39m
[35m[HTTP][39m [90m{}[39m
[35m[W3C][39m Driver proxy active, passing request on via HTTP proxy
[35m[JSONWP Proxy][39m Replacing sessionId 51450e14-9a6b-443a-9ae8-b73220bdd3a4 with e2d0e223-d29b-4d44-9fda-06b2ccdd991a
[35m[HTTP][39m [37m<-- GET /wd/hub/session/e2d0e223-d29b-4d44-9fda-06b2ccdd991a/window/current/size [39m[32m200[39m [90m30 ms - 99[39m
[35m[HTTP][39m [90m[39m
[35m[HTTP][39m [37m-->[39m [37mPOST[39m [37m/wd/hub/session/e2d0e223-d29b-4d44-9fda-06b2ccdd991a/elements[39m
[35m[HTTP][39m [90m{"using":"-android uiautomator","value":"new UiSelector().className(\"android.widget.EditText\").resourceId(\"id.astra.stable.movic:id/mTxtPassword\").instance(0)"}[39m
[35m[HTTP][39m [37m<-- POST /wd/hub/session/e2d0e223-d29b-4d44-9fda-06b2ccdd991a/elements [39m[32m200[39m [90m84 ms - 124[39m
[35m[HTTP][39m [90m[39m
[35m[HTTP][39m [37m-->[39m [37mGET[39m [37m/wd/hub/session/e2d0e223-d29b-4d44-9fda-06b2ccdd991a[39m
[35m[HTTP][39m [90m{}[39m
[35m[HTTP][39m [37m<-- GET /wd/hub/session/e2d0e223-d29b-4d44-9fda-06b2ccdd991a [39m[32m200[39m [90m27 ms - 1260[39m
[35m[HTTP][39m [90m[39m
[35m[HTTP][39m [37m-->[39m [37mGET[39m [37m/wd/hub/session/e2d0e223-d29b-4d44-9fda-06b2ccdd991a[39m
[35m[HTTP][39m [90m{}[39m
[35m[HTTP][39m [37m<-- GET /wd/hub/session/e2d0e223-d29b-4d44-9fda-06b2ccdd991a [39m[32m200[39m [90m29 ms - 1260[39m
[35m[HTTP][39m [90m[39m
[35m[HTTP][39m [37m-->[39m [37mGET[39m [37m/wd/hub/session/e2d0e223-d29b-4d44-9fda-06b2ccdd991a[39m
[35m[HTTP][39m [90m{}[39m
[35m[HTTP][39m [37m<-- GET /wd/hub/session/e2d0e223-d29b-4d44-9fda-06b2ccdd991a [39m[32m200[39m [90m33 ms - 1260[39m
[35m[HTTP][39m [90m[39m
[35m[HTTP][39m [37m-->[39m [37mGET[39m [37m/wd/hub/session/e2d0e223-d29b-4d44-9fda-06b2ccdd991a[39m
[35m[HTTP][39m [90m{}[39m
[35m[HTTP][39m [37m<-- GET /wd/hub/session/e2d0e223-d29b-4d44-9fda-06b2ccdd991a [39m[32m200[39m [90m25 ms - 1260[39m
[35m[HTTP][39m [90m[39m
[35m[HTTP][39m [37m-->[39m [37mGET[39m [37m/wd/hub/session/e2d0e223-d29b-4d44-9fda-06b2ccdd991a/element/a100599c-8849-4288-aa27-b53df59405d4/location[39m
[35m[HTTP][39m [90m{}[39m
[35m[W3C][39m Driver proxy active, passing request on via HTTP proxy
[35m[JSONWP Proxy][39m Replacing sessionId 51450e14-9a6b-443a-9ae8-b73220bdd3a4 with e2d0e223-d29b-4d44-9fda-06b2ccdd991a
[35m[HTTP][39m [37m<-- GET /wd/hub/session/e2d0e223-d29b-4d44-9fda-06b2ccdd991a/element/a100599c-8849-4288-aa27-b53df59405d4/location [39m[32m200[39m [90m51 ms - 88[39m
[35m[HTTP][39m [90m[39m
[35m[HTTP][39m [37m-->[39m [37mPOST[39m [37m/wd/hub/session/e2d0e223-d29b-4d44-9fda-06b2ccdd991a/element/a100599c-8849-4288-aa27-b53df59405d4/clear[39m
[35m[HTTP][39m [90m{"id":"a100599c-8849-4288-aa27-b53df59405d4"}[39m
[35m[HTTP][39m [37m<-- POST /wd/hub/session/e2d0e223-d29b-4d44-9fda-06b2ccdd991a/element/a100599c-8849-4288-aa27-b53df59405d4/clear [39m[32m200[39m [90m73 ms - 89[39m
[35m[HTTP][39m [90m[39m
[35m[HTTP][39m [37m-->[39m [37mPOST[39m [37m/wd/hub/session/e2d0e223-d29b-4d44-9fda-06b2ccdd991a/element/a100599c-8849-4288-aa27-b53df59405d4/value[39m
[35m[HTTP][39m [90m{"id":"a100599c-8849-4288-aa27-b53df59405d4","value":["P@ssword789"]}[39m
[35m[HTTP][39m [37m<-- POST /wd/hub/session/e2d0e223-d29b-4d44-9fda-06b2ccdd991a/element/a100599c-8849-4288-aa27-b53df59405d4/value [39m[32m200[39m [90m769 ms - 74[39m
[35m[HTTP][39m [90m[39m
[35m[HTTP][39m [37m-->[39m [37mGET[39m [37m/wd/hub/session/e2d0e223-d29b-4d44-9fda-06b2ccdd991a/context[39m
[35m[HTTP][39m [90m{}[39m
[35m[HTTP][39m [37m<-- GET /wd/hub/session/e2d0e223-d29b-4d44-9fda-06b2ccdd991a/context [39m[32m200[39m [90m4 ms - 84[39m
[35m[HTTP][39m [90m[39m
[35m[HTTP][39m [37m-->[39m [37mGET[39m [37m/wd/hub/session/e2d0e223-d29b-4d44-9fda-06b2ccdd991a/contexts[39m
[35m[HTTP][39m [90m{}[39m
[35m[HTTP][39m [37m<-- GET /wd/hub/session/e2d0e223-d29b-4d44-9fda-06b2ccdd991a/contexts [39m[32m200[39m [90m103 ms - 86[39m
[35m[HTTP][39m [90m[39m
[35m[HTTP][39m [37m-->[39m [37mPOST[39m [37m/wd/hub/session/e2d0e223-d29b-4d44-9fda-06b2ccdd991a/context[39m
[35m[HTTP][39m [90m{"name":"NATIVE_APP"}[39m
[35m[HTTP][39m [37m<-- POST /wd/hub/session/e2d0e223-d29b-4d44-9fda-06b2ccdd991a/context [39m[32m200[39m [90m89 ms - 76[39m
[35m[HTTP][39m [90m[39m
[35m[HTTP][39m [37m-->[39m [37mPOST[39m [37m/wd/hub/session/e2d0e223-d29b-4d44-9fda-06b2ccdd991a/appium/device/hide_keyboard[39m
[35m[HTTP][39m [90m{}[39m
[35m[HTTP][39m [37m<-- POST /wd/hub/session/e2d0e223-d29b-4d44-9fda-06b2ccdd991a/appium/device/hide_keyboard [39m[32m200[39m [90m1706 ms - 76[39m
[35m[HTTP][39m [90m[39m
[35m[HTTP][39m [37m-->[39m [37mPOST[39m [37m/wd/hub/session/e2d0e223-d29b-4d44-9fda-06b2ccdd991a/context[39m
[35m[HTTP][39m [90m{"name":"NATIVE_APP"}[39m
[35m[HTTP][39m [37m<-- POST /wd/hub/session/e2d0e223-d29b-4d44-9fda-06b2ccdd991a/context [39m[32m200[39m [90m97 ms - 76[39m
[35m[HTTP][39m [90m[39m
[35m[HTTP][39m [37m-->[39m [37mGET[39m [37m/wd/hub/session/e2d0e223-d29b-4d44-9fda-06b2ccdd991a/window/current/size[39m
[35m[HTTP][39m [90m{}[39m
[35m[W3C][39m Driver proxy active, passing request on via HTTP proxy
[35m[JSONWP Proxy][39m Replacing sessionId 51450e14-9a6b-443a-9ae8-b73220bdd3a4 with e2d0e223-d29b-4d44-9fda-06b2ccdd991a
[35m[HTTP][39m [37m<-- GET /wd/hub/session/e2d0e223-d29b-4d44-9fda-06b2ccdd991a/window/current/size [39m[32m200[39m [90m26 ms - 99[39m
[35m[HTTP][39m [90m[39m
[35m[HTTP][39m [37m-->[39m [37mPOST[39m [37m/wd/hub/session/e2d0e223-d29b-4d44-9fda-06b2ccdd991a/elements[39m
[35m[HTTP][39m [90m{"using":"-android uiautomator","value":"new UiSelector().className(\"android.widget.Button\").text(\"Start Movic\").resourceId(\"id.astra.stable.movic:id/mBtnNext\").instance(0)"}[39m
[35m[HTTP][39m [37m<-- POST /wd/hub/session/e2d0e223-d29b-4d44-9fda-06b2ccdd991a/elements [39m[32m200[39m [90m493 ms - 124[39m
[35m[HTTP][39m [90m[39m
[35m[HTTP][39m [37m-->[39m [37mGET[39m [37m/wd/hub/session/e2d0e223-d29b-4d44-9fda-06b2ccdd991a[39m
[35m[HTTP][39m [90m{}[39m
[35m[HTTP][39m [37m<-- GET /wd/hub/session/e2d0e223-d29b-4d44-9fda-06b2ccdd991a [39m[32m200[39m [90m24 ms - 1260[39m
[35m[HTTP][39m [90m[39m
[35m[HTTP][39m [37m-->[39m [37mGET[39m [37m/wd/hub/session/e2d0e223-d29b-4d44-9fda-06b2ccdd991a[39m
[35m[HTTP][39m [90m{}[39m
[35m[HTTP][39m [37m<-- GET /wd/hub/session/e2d0e223-d29b-4d44-9fda-06b2ccdd991a [39m[32m200[39m [90m22 ms - 1260[39m
[35m[HTTP][39m [90m[39m
[35m[HTTP][39m [37m-->[39m [37mGET[39m [37m/wd/hub/session/e2d0e223-d29b-4d44-9fda-06b2ccdd991a[39m
[35m[HTTP][39m [90m{}[39m
[35m[HTTP][39m [37m<-- GET /wd/hub/session/e2d0e223-d29b-4d44-9fda-06b2ccdd991a [39m[32m200[39m [90m22 ms - 1260[39m
[35m[HTTP][39m [90m[39m
[35m[HTTP][39m [37m-->[39m [37mGET[39m [37m/wd/hub/session/e2d0e223-d29b-4d44-9fda-06b2ccdd991a[39m
[35m[HTTP][39m [90m{}[39m
[35m[HTTP][39m [37m<-- GET /wd/hub/session/e2d0e223-d29b-4d44-9fda-06b2ccdd991a [39m[32m200[39m [90m23 ms - 1260[39m
[35m[HTTP][39m [90m[39m
[35m[HTTP][39m [37m-->[39m [37mGET[39m [37m/wd/hub/session/e2d0e223-d29b-4d44-9fda-06b2ccdd991a/element/be10bf03-b8a5-40a8-a705-97a9f3d21c67/location[39m
[35m[HTTP][39m [90m{}[39m
[35m[W3C][39m Driver proxy active, passing request on via HTTP proxy
[35m[JSONWP Proxy][39m Replacing sessionId 51450e14-9a6b-443a-9ae8-b73220bdd3a4 with e2d0e223-d29b-4d44-9fda-06b2ccdd991a
[35m[HTTP][39m [37m<-- GET /wd/hub/session/e2d0e223-d29b-4d44-9fda-06b2ccdd991a/element/be10bf03-b8a5-40a8-a705-97a9f3d21c67/location [39m[32m200[39m [90m51 ms - 89[39m
[35m[HTTP][39m [90m[39m
[35m[HTTP][39m [37m-->[39m [37mPOST[39m [37m/wd/hub/session/e2d0e223-d29b-4d44-9fda-06b2ccdd991a/touch/perform[39m
[35m[HTTP][39m [90m{"actions":[{"action":"tap","options":{"element":"be10bf03-b8a5-40a8-a705-97a9f3d21c67","x":1,"y":1}}]}[39m
[35m[UiAutomator2][39m calling get location: be10bf03-b8a5-40a8-a705-97a9f3d21c67
[35m[HTTP][39m [37m<-- POST /wd/hub/session/e2d0e223-d29b-4d44-9fda-06b2ccdd991a/touch/perform [39m[32m200[39m [90m1026 ms - 76[39m
[35m[HTTP][39m [90m[39m
[35m[HTTP][39m [37m-->[39m [37mGET[39m [37m/wd/hub/session/e2d0e223-d29b-4d44-9fda-06b2ccdd991a/window/current/size[39m
[35m[HTTP][39m [90m{}[39m
[35m[W3C][39m Driver proxy active, passing request on via HTTP proxy
[35m[JSONWP Proxy][39m Replacing sessionId 51450e14-9a6b-443a-9ae8-b73220bdd3a4 with e2d0e223-d29b-4d44-9fda-06b2ccdd991a
[35m[HTTP][39m [37m<-- GET /wd/hub/session/e2d0e223-d29b-4d44-9fda-06b2ccdd991a/window/current/size [39m[32m200[39m [90m21 ms - 99[39m
[35m[HTTP][39m [90m[39m
[35m[HTTP][39m [37m-->[39m [37mPOST[39m [37m/wd/hub/session/e2d0e223-d29b-4d44-9fda-06b2ccdd991a/elements[39m
[35m[HTTP][39m [90m{"using":"-android uiautomator","value":"new UiSelector().text(\"My Orders\")"}[39m
[35m[HTTP][39m [37m<-- POST /wd/hub/session/e2d0e223-d29b-4d44-9fda-06b2ccdd991a/elements [39m[32m200[39m [90m139 ms - 124[39m
[35m[HTTP][39m [90m[39m
[35m[HTTP][39m [37m-->[39m [37mGET[39m [37m/wd/hub/session/e2d0e223-d29b-4d44-9fda-06b2ccdd991a[39m
[35m[HTTP][39m [90m{}[39m
[35m[HTTP][39m [37m<-- GET /wd/hub/session/e2d0e223-d29b-4d44-9fda-06b2ccdd991a [39m[32m200[39m [90m17 ms - 1260[39m
[35m[HTTP][39m [90m[39m
[35m[HTTP][39m [37m-->[39m [37mGET[39m [37m/wd/hub/session/e2d0e223-d29b-4d44-9fda-06b2ccdd991a[39m
[35m[HTTP][39m [90m{}[39m
[35m[HTTP][39m [37m<-- GET /wd/hub/session/e2d0e223-d29b-4d44-9fda-06b2ccdd991a [39m[32m200[39m [90m17 ms - 1260[39m
[35m[HTTP][39m [90m[39m
[35m[HTTP][39m [37m-->[39m [37mGET[39m [37m/wd/hub/session/e2d0e223-d29b-4d44-9fda-06b2ccdd991a[39m
[35m[HTTP][39m [90m{}[39m
[35m[HTTP][39m [37m<-- GET /wd/hub/session/e2d0e223-d29b-4d44-9fda-06b2ccdd991a [39m[32m200[39m [90m17 ms - 1260[39m
[35m[HTTP][39m [90m[39m
[35m[HTTP][39m [37m-->[39m [37mGET[39m [37m/wd/hub/session/e2d0e223-d29b-4d44-9fda-06b2ccdd991a[39m
[35m[HTTP][39m [90m{}[39m
[35m[HTTP][39m [37m<-- GET /wd/hub/session/e2d0e223-d29b-4d44-9fda-06b2ccdd991a [39m[32m200[39m [90m18 ms - 1260[39m
[35m[HTTP][39m [90m[39m
[35m[HTTP][39m [37m-->[39m [37mGET[39m [37m/wd/hub/session/e2d0e223-d29b-4d44-9fda-06b2ccdd991a/element/20722313-bcd0-44fb-a75b-c9ae8519f08d/location[39m
[35m[HTTP][39m [90m{}[39m
[35m[W3C][39m Driver proxy active, passing request on via HTTP proxy
[35m[JSONWP Proxy][39m Replacing sessionId 51450e14-9a6b-443a-9ae8-b73220bdd3a4 with e2d0e223-d29b-4d44-9fda-06b2ccdd991a
[35m[HTTP][39m [37m<-- GET /wd/hub/session/e2d0e223-d29b-4d44-9fda-06b2ccdd991a/element/20722313-bcd0-44fb-a75b-c9ae8519f08d/location [39m[32m200[39m [90m37 ms - 89[39m
[35m[HTTP][39m [90m[39m
[35m[HTTP][39m [37m-->[39m [37mPOST[39m [37m/wd/hub/session/e2d0e223-d29b-4d44-9fda-06b2ccdd991a/touch/perform[39m
[35m[HTTP][39m [90m{"actions":[{"action":"tap","options":{"element":"20722313-bcd0-44fb-a75b-c9ae8519f08d","x":1,"y":1}}]}[39m
[35m[UiAutomator2][39m calling get location: 20722313-bcd0-44fb-a75b-c9ae8519f08d
[35m[HTTP][39m [37m<-- POST /wd/hub/session/e2d0e223-d29b-4d44-9fda-06b2ccdd991a/touch/perform [39m[32m200[39m [90m962 ms - 76[39m
[35m[HTTP][39m [90m[39m
[35m[HTTP][39m [37m-->[39m [37mGET[39m [37m/wd/hub/session/e2d0e223-d29b-4d44-9fda-06b2ccdd991a/window/current/size[39m
[35m[HTTP][39m [90m{}[39m
[35m[W3C][39m Driver proxy active, passing request on via HTTP proxy
[35m[JSONWP Proxy][39m Replacing sessionId 51450e14-9a6b-443a-9ae8-b73220bdd3a4 with e2d0e223-d29b-4d44-9fda-06b2ccdd991a
[35m[HTTP][39m [37m<-- GET /wd/hub/session/e2d0e223-d29b-4d44-9fda-06b2ccdd991a/window/current/size [39m[32m200[39m [90m33 ms - 99[39m
[35m[HTTP][39m [90m[39m
[35m[HTTP][39m [37m-->[39m [37mPOST[39m [37m/wd/hub/session/e2d0e223-d29b-4d44-9fda-06b2ccdd991a/elements[39m
[35m[HTTP][39m [90m{"using":"-android uiautomator","value":"new UiSelector().className(\"android.widget.RelativeLayout\").instance(9)"}[39m
[35m[HTTP][39m [37m<-- POST /wd/hub/session/e2d0e223-d29b-4d44-9fda-06b2ccdd991a/elements [39m[32m200[39m [90m142 ms - 124[39m
[35m[HTTP][39m [90m[39m
[35m[HTTP][39m [37m-->[39m [37mGET[39m [37m/wd/hub/session/e2d0e223-d29b-4d44-9fda-06b2ccdd991a[39m
[35m[HTTP][39m [90m{}[39m
[35m[HTTP][39m [37m<-- GET /wd/hub/session/e2d0e223-d29b-4d44-9fda-06b2ccdd991a [39m[32m200[39m [90m17 ms - 1260[39m
[35m[HTTP][39m [90m[39m
[35m[HTTP][39m [37m-->[39m [37mGET[39m [37m/wd/hub/session/e2d0e223-d29b-4d44-9fda-06b2ccdd991a[39m
[35m[HTTP][39m [90m{}[39m
[35m[HTTP][39m [37m<-- GET /wd/hub/session/e2d0e223-d29b-4d44-9fda-06b2ccdd991a [39m[32m200[39m [90m24 ms - 1260[39m
[35m[HTTP][39m [90m[39m
[35m[HTTP][39m [37m-->[39m [37mGET[39m [37m/wd/hub/session/e2d0e223-d29b-4d44-9fda-06b2ccdd991a[39m
[35m[HTTP][39m [90m{}[39m
[35m[HTTP][39m [37m<-- GET /wd/hub/session/e2d0e223-d29b-4d44-9fda-06b2ccdd991a [39m[32m200[39m [90m20 ms - 1260[39m
[35m[HTTP][39m [90m[39m
[35m[HTTP][39m [37m-->[39m [37mGET[39m [37m/wd/hub/session/e2d0e223-d29b-4d44-9fda-06b2ccdd991a[39m
[35m[HTTP][39m [90m{}[39m
[35m[HTTP][39m [37m<-- GET /wd/hub/session/e2d0e223-d29b-4d44-9fda-06b2ccdd991a [39m[32m200[39m [90m26 ms - 1260[39m
[35m[HTTP][39m [90m[39m
[35m[HTTP][39m [37m-->[39m [37mGET[39m [37m/wd/hub/session/e2d0e223-d29b-4d44-9fda-06b2ccdd991a/element/9da99af5-09e2-4ee4-b8c8-7d445149a78c/location[39m
[35m[HTTP][39m [90m{}[39m
[35m[W3C][39m Driver proxy active, passing request on via HTTP proxy
[35m[JSONWP Proxy][39m Replacing sessionId 51450e14-9a6b-443a-9ae8-b73220bdd3a4 with e2d0e223-d29b-4d44-9fda-06b2ccdd991a
[35m[HTTP][39m [37m<-- GET /wd/hub/session/e2d0e223-d29b-4d44-9fda-06b2ccdd991a/element/9da99af5-09e2-4ee4-b8c8-7d445149a78c/location [39m[32m200[39m [90m73 ms - 88[39m
[35m[HTTP][39m [90m[39m
[35m[HTTP][39m [37m-->[39m [37mPOST[39m [37m/wd/hub/session/e2d0e223-d29b-4d44-9fda-06b2ccdd991a/touch/perform[39m
[35m[HTTP][39m [90m{"actions":[{"action":"tap","options":{"element":"9da99af5-09e2-4ee4-b8c8-7d445149a78c","x":1,"y":1}}]}[39m
[35m[UiAutomator2][39m calling get location: 9da99af5-09e2-4ee4-b8c8-7d445149a78c
[35m[HTTP][39m [37m<-- POST /wd/hub/session/e2d0e223-d29b-4d44-9fda-06b2ccdd991a/touch/perform [39m[32m200[39m [90m1338 ms - 76[39m
[35m[HTTP][39m [90m[39m
[35m[HTTP][39m [37m-->[39m [37mGET[39m [37m/wd/hub/session/e2d0e223-d29b-4d44-9fda-06b2ccdd991a/window/current/size[39m
[35m[HTTP][39m [90m{}[39m
[35m[W3C][39m Driver proxy active, passing request on via HTTP proxy
[35m[JSONWP Proxy][39m Replacing sessionId 51450e14-9a6b-443a-9ae8-b73220bdd3a4 with e2d0e223-d29b-4d44-9fda-06b2ccdd991a
[35m[HTTP][39m [37m<-- GET /wd/hub/session/e2d0e223-d29b-4d44-9fda-06b2ccdd991a/window/current/size [39m[32m200[39m [90m28 ms - 99[39m
[35m[HTTP][39m [90m[39m
[35m[HTTP][39m [37m-->[39m [37mPOST[39m [37m/wd/hub/session/e2d0e223-d29b-4d44-9fda-06b2ccdd991a/elements[39m
[35m[HTTP][39m [90m{"using":"-android uiautomator","value":"new UiSelector().className(\"android.widget.Button\").text(\"Approve\").resourceId(\"id.astra.stable.movic:id/mBtnSave\").instance(1)"}[39m
[35m[HTTP][39m [37m<-- POST /wd/hub/session/e2d0e223-d29b-4d44-9fda-06b2ccdd991a/elements [39m[32m200[39m [90m55 ms - 74[39m
[35m[HTTP][39m [90m[39m
[35m[HTTP][39m [37m-->[39m [37mPOST[39m [37m/wd/hub/session/e2d0e223-d29b-4d44-9fda-06b2ccdd991a/elements[39m
[35m[HTTP][39m [90m{"using":"-android uiautomator","value":"new UiSelector().className(\"android.widget.Button\").text(\"Approve\").resourceId(\"id.astra.stable.movic:id/mBtnSave\").instance(1)"}[39m
[35m[HTTP][39m [37m<-- POST /wd/hub/session/e2d0e223-d29b-4d44-9fda-06b2ccdd991a/elements [39m[32m200[39m [90m61 ms - 74[39m
[35m[HTTP][39m [90m[39m
[35m[HTTP][39m [37m-->[39m [37mPOST[39m [37m/wd/hub/session/e2d0e223-d29b-4d44-9fda-06b2ccdd991a/elements[39m
[35m[HTTP][39m [90m{"using":"-android uiautomator","value":"new UiSelector().className(\"android.widget.Button\").text(\"Approve\").resourceId(\"id.astra.stable.movic:id/mBtnSave\").instance(1)"}[39m
[35m[HTTP][39m [37m<-- POST /wd/hub/session/e2d0e223-d29b-4d44-9fda-06b2ccdd991a/elements [39m[32m200[39m [90m56 ms - 74[39m
[35m[HTTP][39m [90m[39m
[35m[HTTP][39m [37m-->[39m [37mPOST[39m [37m/wd/hub/session/e2d0e223-d29b-4d44-9fda-06b2ccdd991a/elements[39m
[35m[HTTP][39m [90m{"using":"-android uiautomator","value":"new UiSelector().className(\"android.widget.Button\").text(\"Approve\").resourceId(\"id.astra.stable.movic:id/mBtnSave\").instance(1)"}[39m
[35m[HTTP][39m [37m<-- POST /wd/hub/session/e2d0e223-d29b-4d44-9fda-06b2ccdd991a/elements [39m[32m200[39m [90m44 ms - 74[39m
[35m[HTTP][39m [90m[39m
[35m[HTTP][39m [37m-->[39m [37mPOST[39m [37m/wd/hub/session/e2d0e223-d29b-4d44-9fda-06b2ccdd991a/elements[39m
[35m[HTTP][39m [90m{"using":"-android uiautomator","value":"new UiSelector().className(\"android.widget.Button\").text(\"Approve\").resourceId(\"id.astra.stable.movic:id/mBtnSave\").instance(1)"}[39m
[35m[HTTP][39m [37m<-- POST /wd/hub/session/e2d0e223-d29b-4d44-9fda-06b2ccdd991a/elements [39m[32m200[39m [90m29 ms - 74[39m
[35m[HTTP][39m [90m[39m
[35m[HTTP][39m [37m-->[39m [37mPOST[39m [37m/wd/hub/session/e2d0e223-d29b-4d44-9fda-06b2ccdd991a/elements[39m
[35m[HTTP][39m [90m{"using":"-android uiautomator","value":"new UiSelector().className(\"android.widget.Button\").text(\"Approve\").resourceId(\"id.astra.stable.movic:id/mBtnSave\").instance(1)"}[39m
[35m[HTTP][39m [37m<-- POST /wd/hub/session/e2d0e223-d29b-4d44-9fda-06b2ccdd991a/elements [39m[32m200[39m [90m46 ms - 74[39m
[35m[HTTP][39m [90m[39m
[35m[HTTP][39m [37m-->[39m [37mPOST[39m [37m/wd/hub/session/e2d0e223-d29b-4d44-9fda-06b2ccdd991a/elements[39m
[35m[HTTP][39m [90m{"using":"-android uiautomator","value":"new UiSelector().className(\"android.widget.Button\").text(\"Approve\").resourceId(\"id.astra.stable.movic:id/mBtnSave\").instance(1)"}[39m
[35m[HTTP][39m [37m<-- POST /wd/hub/session/e2d0e223-d29b-4d44-9fda-06b2ccdd991a/elements [39m[32m200[39m [90m46 ms - 74[39m
[35m[HTTP][39m [90m[39m
[35m[HTTP][39m [37m-->[39m [37mPOST[39m [37m/wd/hub/session/e2d0e223-d29b-4d44-9fda-06b2ccdd991a/elements[39m
[35m[HTTP][39m [90m{"using":"-android uiautomator","value":"new UiSelector().className(\"android.widget.Button\").text(\"Approve\").resourceId(\"id.astra.stable.movic:id/mBtnSave\").instance(1)"}[39m
[35m[HTTP][39m [37m<-- POST /wd/hub/session/e2d0e223-d29b-4d44-9fda-06b2ccdd991a/elements [39m[32m200[39m [90m44 ms - 74[39m
[35m[HTTP][39m [90m[39m
[35m[HTTP][39m [37m-->[39m [37mPOST[39m [37m/wd/hub/session/e2d0e223-d29b-4d44-9fda-06b2ccdd991a/elements[39m
[35m[HTTP][39m [90m{"using":"-android uiautomator","value":"new UiSelector().className(\"android.widget.Button\").text(\"Approve\").resourceId(\"id.astra.stable.movic:id/mBtnSave\").instance(1)"}[39m
[35m[HTTP][39m [37m<-- POST /wd/hub/session/e2d0e223-d29b-4d44-9fda-06b2ccdd991a/elements [39m[32m200[39m [90m45 ms - 74[39m
[35m[HTTP][39m [90m[39m
[35m[HTTP][39m [37m-->[39m [37mPOST[39m [37m/wd/hub/session/e2d0e223-d29b-4d44-9fda-06b2ccdd991a/elements[39m
[35m[HTTP][39m [90m{"using":"-android uiautomator","value":"new UiSelector().className(\"android.widget.Button\").text(\"Approve\").resourceId(\"id.astra.stable.movic:id/mBtnSave\").instance(1)"}[39m
[35m[HTTP][39m [37m<-- POST /wd/hub/session/e2d0e223-d29b-4d44-9fda-06b2ccdd991a/elements [39m[32m200[39m [90m47 ms - 74[39m
[35m[HTTP][39m [90m[39m
[35m[HTTP][39m [37m-->[39m [37mPOST[39m [37m/wd/hub/session/e2d0e223-d29b-4d44-9fda-06b2ccdd991a/elements[39m
[35m[HTTP][39m [90m{"using":"-android uiautomator","value":"new UiSelector().className(\"android.widget.Button\").text(\"Approve\").resourceId(\"id.astra.stable.movic:id/mBtnSave\").instance(1)"}[39m
[35m[HTTP][39m [37m<-- POST /wd/hub/session/e2d0e223-d29b-4d44-9fda-06b2ccdd991a/elements [39m[32m200[39m [90m32 ms - 74[39m
[35m[HTTP][39m [90m[39m
[35m[HTTP][39m [37m-->[39m [37mPOST[39m [37m/wd/hub/session/e2d0e223-d29b-4d44-9fda-06b2ccdd991a/elements[39m
[35m[HTTP][39m [90m{"using":"-android uiautomator","value":"new UiSelector().className(\"android.widget.Button\").text(\"Approve\").resourceId(\"id.astra.stable.movic:id/mBtnSave\").instance(1)"}[39m
[35m[HTTP][39m [37m<-- POST /wd/hub/session/e2d0e223-d29b-4d44-9fda-06b2ccdd991a/elements [39m[32m200[39m [90m48 ms - 74[39m
[35m[HTTP][39m [90m[39m
[35m[HTTP][39m [37m-->[39m [37mPOST[39m [37m/wd/hub/session/e2d0e223-d29b-4d44-9fda-06b2ccdd991a/elements[39m
[35m[HTTP][39m [90m{"using":"-android uiautomator","value":"new UiSelector().className(\"android.widget.Button\").text(\"Approve\").resourceId(\"id.astra.stable.movic:id/mBtnSave\").instance(1)"}[39m
[35m[HTTP][39m [37m<-- POST /wd/hub/session/e2d0e223-d29b-4d44-9fda-06b2ccdd991a/elements [39m[32m200[39m [90m43 ms - 74[39m
[35m[HTTP][39m [90m[39m
[35m[HTTP][39m [37m-->[39m [37mPOST[39m [37m/wd/hub/session/e2d0e223-d29b-4d44-9fda-06b2ccdd991a/elements[39m
[35m[HTTP][39m [90m{"using":"-android uiautomator","value":"new UiSelector().className(\"android.widget.Button\").text(\"Approve\").resourceId(\"id.astra.stable.movic:id/mBtnSave\").instance(1)"}[39m
[35m[HTTP][39m [37m<-- POST /wd/hub/session/e2d0e223-d29b-4d44-9fda-06b2ccdd991a/elements [39m[32m200[39m [90m816 ms - 124[39m
[35m[HTTP][39m [90m[39m
[35m[HTTP][39m [37m-->[39m [37mGET[39m [37m/wd/hub/session/e2d0e223-d29b-4d44-9fda-06b2ccdd991a[39m
[35m[HTTP][39m [90m{}[39m
[35m[HTTP][39m [37m<-- GET /wd/hub/session/e2d0e223-d29b-4d44-9fda-06b2ccdd991a [39m[32m200[39m [90m16 ms - 1260[39m
[35m[HTTP][39m [90m[39m
[35m[HTTP][39m [37m-->[39m [37mGET[39m [37m/wd/hub/session/e2d0e223-d29b-4d44-9fda-06b2ccdd991a[39m
[35m[HTTP][39m [90m{}[39m
[35m[HTTP][39m [37m<-- GET /wd/hub/session/e2d0e223-d29b-4d44-9fda-06b2ccdd991a [39m[32m200[39m [90m20 ms - 1260[39m
[35m[HTTP][39m [90m[39m
[35m[HTTP][39m [37m-->[39m [37mGET[39m [37m/wd/hub/session/e2d0e223-d29b-4d44-9fda-06b2ccdd991a[39m
[35m[HTTP][39m [90m{}[39m
[35m[HTTP][39m [37m<-- GET /wd/hub/session/e2d0e223-d29b-4d44-9fda-06b2ccdd991a [39m[32m200[39m [90m15 ms - 1260[39m
[35m[HTTP][39m [90m[39m
[35m[HTTP][39m [37m-->[39m [37mGET[39m [37m/wd/hub/session/e2d0e223-d29b-4d44-9fda-06b2ccdd991a[39m
[35m[HTTP][39m [90m{}[39m
[35m[HTTP][39m [37m<-- GET /wd/hub/session/e2d0e223-d29b-4d44-9fda-06b2ccdd991a [39m[32m200[39m [90m24 ms - 1260[39m
[35m[HTTP][39m [90m[39m
[35m[HTTP][39m [37m-->[39m [37mGET[39m [37m/wd/hub/session/e2d0e223-d29b-4d44-9fda-06b2ccdd991a/element/37e70e07-dafd-4789-bab3-2c3fe5382a1f/location[39m
[35m[HTTP][39m [90m{}[39m
[35m[W3C][39m Driver proxy active, passing request on via HTTP proxy
[35m[JSONWP Proxy][39m Replacing sessionId 51450e14-9a6b-443a-9ae8-b73220bdd3a4 with e2d0e223-d29b-4d44-9fda-06b2ccdd991a
[35m[HTTP][39m [37m<-- GET /wd/hub/session/e2d0e223-d29b-4d44-9fda-06b2ccdd991a/element/37e70e07-dafd-4789-bab3-2c3fe5382a1f/location [39m[32m200[39m [90m58 ms - 90[39m
[35m[HTTP][39m [90m[39m
[35m[HTTP][39m [37m-->[39m [37mPOST[39m [37m/wd/hub/session/e2d0e223-d29b-4d44-9fda-06b2ccdd991a/touch/perform[39m
[35m[HTTP][39m [90m{"actions":[{"action":"tap","options":{"element":"37e70e07-dafd-4789-bab3-2c3fe5382a1f","x":1,"y":1}}]}[39m
[35m[UiAutomator2][39m calling get location: 37e70e07-dafd-4789-bab3-2c3fe5382a1f
[35m[HTTP][39m [37m<-- POST /wd/hub/session/e2d0e223-d29b-4d44-9fda-06b2ccdd991a/touch/perform [39m[32m200[39m [90m1150 ms - 76[39m
[35m[HTTP][39m [90m[39m
[35m[HTTP][39m [37m-->[39m [37mGET[39m [37m/wd/hub/session/e2d0e223-d29b-4d44-9fda-06b2ccdd991a/window/current/size[39m
[35m[HTTP][39m [90m{}[39m
[35m[W3C][39m Driver proxy active, passing request on via HTTP proxy
[35m[JSONWP Proxy][39m Replacing sessionId 51450e14-9a6b-443a-9ae8-b73220bdd3a4 with e2d0e223-d29b-4d44-9fda-06b2ccdd991a
[35m[HTTP][39m [37m<-- GET /wd/hub/session/e2d0e223-d29b-4d44-9fda-06b2ccdd991a/window/current/size [39m[32m200[39m [90m29 ms - 99[39m
[35m[HTTP][39m [90m[39m
[35m[HTTP][39m [37m-->[39m [37mPOST[39m [37m/wd/hub/session/e2d0e223-d29b-4d44-9fda-06b2ccdd991a/elements[39m
[35m[HTTP][39m [90m{"using":"-android uiautomator","value":"new UiSelector().className(\"android.widget.TextView\").text(\"OK\").resourceId(\"id.astra.stable.movic:id/md_buttonDefaultPositive\").instance(3)"}[39m
[35m[HTTP][39m [37m<-- POST /wd/hub/session/e2d0e223-d29b-4d44-9fda-06b2ccdd991a/elements [39m[32m200[39m [90m68 ms - 124[39m
[35m[HTTP][39m [90m[39m
[35m[HTTP][39m [37m-->[39m [37mGET[39m [37m/wd/hub/session/e2d0e223-d29b-4d44-9fda-06b2ccdd991a[39m
[35m[HTTP][39m [90m{}[39m
[35m[HTTP][39m [37m<-- GET /wd/hub/session/e2d0e223-d29b-4d44-9fda-06b2ccdd991a [39m[32m200[39m [90m17 ms - 1260[39m
[35m[HTTP][39m [90m[39m
[35m[HTTP][39m [37m-->[39m [37mGET[39m [37m/wd/hub/session/e2d0e223-d29b-4d44-9fda-06b2ccdd991a[39m
[35m[HTTP][39m [90m{}[39m
[35m[HTTP][39m [37m<-- GET /wd/hub/session/e2d0e223-d29b-4d44-9fda-06b2ccdd991a [39m[32m200[39m [90m22 ms - 1260[39m
[35m[HTTP][39m [90m[39m
[35m[HTTP][39m [37m-->[39m [37mGET[39m [37m/wd/hub/session/e2d0e223-d29b-4d44-9fda-06b2ccdd991a[39m
[35m[HTTP][39m [90m{}[39m
[35m[HTTP][39m [37m<-- GET /wd/hub/session/e2d0e223-d29b-4d44-9fda-06b2ccdd991a [39m[32m200[39m [90m23 ms - 1260[39m
[35m[HTTP][39m [90m[39m
[35m[HTTP][39m [37m-->[39m [37mGET[39m [37m/wd/hub/session/e2d0e223-d29b-4d44-9fda-06b2ccdd991a[39m
[35m[HTTP][39m [90m{}[39m
[35m[HTTP][39m [37m<-- GET /wd/hub/session/e2d0e223-d29b-4d44-9fda-06b2ccdd991a [39m[32m200[39m [90m25 ms - 1260[39m
[35m[HTTP][39m [90m[39m
[35m[HTTP][39m [37m-->[39m [37mGET[39m [37m/wd/hub/session/e2d0e223-d29b-4d44-9fda-06b2ccdd991a/element/28ca3d47-f254-43ba-aa32-a8e09fb09238/location[39m
[35m[HTTP][39m [90m{}[39m
[35m[W3C][39m Driver proxy active, passing request on via HTTP proxy
[35m[JSONWP Proxy][39m Replacing sessionId 51450e14-9a6b-443a-9ae8-b73220bdd3a4 with e2d0e223-d29b-4d44-9fda-06b2ccdd991a
[35m[HTTP][39m [37m<-- GET /wd/hub/session/e2d0e223-d29b-4d44-9fda-06b2ccdd991a/element/28ca3d47-f254-43ba-aa32-a8e09fb09238/location [39m[32m200[39m [90m36 ms - 89[39m
[35m[HTTP][39m [90m[39m
[35m[HTTP][39m [37m-->[39m [37mPOST[39m [37m/wd/hub/session/e2d0e223-d29b-4d44-9fda-06b2ccdd991a/touch/perform[39m
[35m[HTTP][39m [90m{"actions":[{"action":"tap","options":{"element":"28ca3d47-f254-43ba-aa32-a8e09fb09238","x":1,"y":1}}]}[39m
[35m[UiAutomator2][39m calling get location: 28ca3d47-f254-43ba-aa32-a8e09fb09238
[35m[HTTP][39m [37m<-- POST /wd/hub/session/e2d0e223-d29b-4d44-9fda-06b2ccdd991a/touch/perform [39m[32m200[39m [90m957 ms - 76[39m
[35m[HTTP][39m [90m[39m
[35m[HTTP][39m [37m-->[39m [37mDELETE[39m [37m/wd/hub/session/e2d0e223-d29b-4d44-9fda-06b2ccdd991a[39m
[35m[HTTP][39m [90m{}[39m
[35m[Appium][39m Removing session e2d0e223-d29b-4d44-9fda-06b2ccdd991a from our master session list
[35m[HTTP][39m [37m<-- DELETE /wd/hub/session/e2d0e223-d29b-4d44-9fda-06b2ccdd991a [39m[32m200[39m [90m1130 ms - 76[39m
[35m[HTTP][39m [90m[39m
