[35m[Appium][39m Welcome to Appium v1.8.1
[35m[Appium][39m Non-default server args:
[35m[Appium][39m   port: 65025
[35m[Appium][39m   loglevel: info
[35m[Appium][39m   chromeDriverPort: 65026
[35m[Appium][39m   tmpDir: C:\Users\WGS-LA~1\AppData\Local\Temp\\Katalon\Appium\Temp1542253659790
[35m[Appium][39m Appium REST http interface listener started on 0.0.0.0:65025
[35m[HTTP][39m [37m-->[39m [37mGET[39m [37m/wd/hub/status[39m
[35m[HTTP][39m [90m{}[39m
[35m[HTTP][39m [37m<-- GET /wd/hub/status [39m[32m200[39m [90m69 ms - 83[39m
[35m[HTTP][39m [90m[39m
[35m[HTTP][39m [37m-->[39m [37mPOST[39m [37m/wd/hub/session[39m
[35m[HTTP][39m [90m{"desiredCapabilities":{"app":"C:\\Users\\WGS-LAP199\\Downloads\\Movic apk\\Movic_0.9.7_2018-10-14-stable-debug.apk","autoGrantPermissions":true,"automationName":"uiautomator2","deviceId":"54e797627cf5","deviceName":"Xiaomi Redmi 5 (Android 7.1.2)","fullReset":false,"newCommandTimeout":1800,"noReset":true,"platform":"ANDROID","platformName":"Android","udid":"54e797627cf5"},"capabilities":{"desiredCapabilities":{"app":"C:\\Users\\WGS-LAP199\\Downloads\\Movic apk\\Movic_0.9.7_2018-10-14-stable-debug.apk","autoGrantPermissions":true,"automationName":"uiautomator2","deviceId":"54e797627cf5","deviceName":"Xiaomi Redmi 5 (Android 7.1.2)","fullReset":false,"newCommandTimeout":1800,"noReset":true,"platform":"ANDROID","platformName":"Android","udid":"54e797627cf5"},"firstMatch":[{"platformName":"android"}]}}[39m
[35m[Appium][39m Could not parse W3C capabilities: 'deviceName' can't be blank. Falling back to JSONWP protocol.
[35m[Appium][39m The following capabilities were provided in the JSONWP desired capabilities that are missing in W3C capabilities: ["app","autoGrantPermissions","automationName","deviceId","deviceName","fullReset","newCommandTimeout","noReset","platform","platformName","udid"]. Falling back to JSONWP protocol.
[35m[Appium][39m Creating new AndroidUiautomator2Driver (v1.12.0) session
[35m[Appium][39m Capabilities:
[35m[Appium][39m   app: C:\Users\WGS-LAP199\Downloads\Movic apk\Movic_0.9.7_2018-10-14-stable-debug.apk
[35m[Appium][39m   autoGrantPermissions: true
[35m[Appium][39m   automationName: uiautomator2
[35m[Appium][39m   deviceId: 54e797627cf5
[35m[Appium][39m   deviceName: Xiaomi Redmi 5 (Android 7.1.2)
[35m[Appium][39m   fullReset: false
[35m[Appium][39m   newCommandTimeout: 1800
[35m[Appium][39m   noReset: true
[35m[Appium][39m   platform: ANDROID
[35m[Appium][39m   platformName: Android
[35m[Appium][39m   udid: 54e797627cf5
[35m[BaseDriver][39m The following capabilities were provided, but are not recognized by appium: deviceId, platform.
[35m[BaseDriver][39m Session created with session id: 6f7e49f2-c1f1-4587-92a4-530e16f9e9fe
[35m[BaseDriver][39m Using local app 'C:\Users\WGS-LAP199\Downloads\Movic apk\Movic_0.9.7_2018-10-14-stable-debug.apk'
[35m[AndroidDriver][39m Java version is: 1.8.0_181
[35m[ADB][39m Checking whether adb is present
[35m[ADB][39m Found 1 'build-tools' folders under 'C:\Users\WGS-LAP199\.katalon\tools\android_sdk' (newest first):
[35m[ADB][39m     C:/Users/WGS-LAP199/.katalon/tools/android_sdk/build-tools/28.0.1
[35m[ADB][39m Using adb.exe from C:\Users\WGS-LAP199\.katalon\tools\android_sdk\platform-tools\adb.exe
[35m[AndroidDriver][39m Retrieving device list
[35m[AndroidDriver][39m Using device: 54e797627cf5
[35m[ADB][39m Using the alternative activity name detection method because of: Could not find apkanalyzer.bat in C:\Users\WGS-LAP199\.katalon\tools\android_sdk\platform-tools\apkanalyzer.bat,C:\Users\WGS-LAP199\.katalon\tools\android_sdk\emulator\apkanalyzer.bat,C:\Users\WGS-LAP199\.katalon\tools\android_sdk\tools\apkanalyzer.bat,C:\Users\WGS-LAP199\.katalon\tools\android_sdk\tools\bin\apkanalyzer.bat,C:\Users\WGS-LAP199\.katalon\tools\android_sdk\build-tools\28.0.1\apkanalyzer.bat. Do you have the Android SDK installed at 'C:\Users\WGS-LAP199\.katalon\tools\android_sdk'?
[35m[ADB][39m Checking whether aapt is present
[35m[ADB][39m Using aapt.exe from C:\Users\WGS-LAP199\.katalon\tools\android_sdk\build-tools\28.0.1\aapt.exe
[35m[ADB][39m Extracting package and launch activity from manifest
[35m[ADB][39m Package name: 'id.astra.stable.movic'
[35m[ADB][39m Main activity name: 'id.astra.adp.movic.modules.main.SplashScreenActivity'
[35m[ADB][39m Getting device platform version
[35m[ADB][39m Using apksigner.bat from C:\Users\WGS-LAP199\.katalon\tools\android_sdk\build-tools\28.0.1\apksigner.bat
[35m[ADB][39m Checking whether zipalign is present
[35m[ADB][39m Using zipalign.exe from C:\Users\WGS-LAP199\.katalon\tools\android_sdk\build-tools\28.0.1\zipalign.exe
[35m[ADB][39m io.appium.uiautomator2.server was successfully uninstalled
[35m[ADB][39m io.appium.uiautomator2.server.test was successfully uninstalled
[35m[AndroidDriver][39m setDeviceLanguageCountry requires language or country.
[35m[AndroidDriver][39m Got language: 'null' and country: 'null'
[35m[ADB][39m Successfully extracted 1263 strings from 'C:\Users\WGS-LAP199\Downloads\Movic apk\Movic_0.9.7_2018-10-14-stable-debug.apk' resources for '(default)' configuration
[35m[UiAutomator2][39m Starting uiautomator2 server 1.12.0
[35m[UiAutomator2][39m Using UIAutomator2 server from 'C:\Users\WGS-LAP199\AppData\Roaming\npm\node_modules\appium\node_modules\appium-uiautomator2-server\apks\appium-uiautomator2-server-v1.12.0.apk' and test from 'C:\Users\WGS-LAP199\AppData\Roaming\npm\node_modules\appium\node_modules\appium-uiautomator2-server\apks\appium-uiautomator2-server-debug-androidTest.apk'
[35m[UiAutomator2][39m Running command: 'adb -s 54e797627cf5 shell am instrument -w io.appium.uiautomator2.server.test/android.support.test.runner.AndroidJUnitRunner'
[35m[UiAutomator2][39m Waiting up to 20000ms for UiAutomator2 to be online...
[35m[AndroidDriver][39m Screen already unlocked, doing nothing
[35m[UiAutomator2][39m UiAutomator2 did not start the activity we were waiting for, 'id.astra.stable.movic/id.astra.adp.movic.modules.main.SplashScreenActivity'. Starting it ourselves
[35m[Appium][39m New AndroidUiautomator2Driver session created successfully, session 6f7e49f2-c1f1-4587-92a4-530e16f9e9fe added to master session list
[35m[HTTP][39m [37m<-- POST /wd/hub/session [39m[32m200[39m [90m38724 ms - 1260[39m
[35m[HTTP][39m [90m[39m
[35m[HTTP][39m [37m-->[39m [37mGET[39m [37m/wd/hub/status[39m
[35m[HTTP][39m [90m{}[39m
[35m[HTTP][39m [37m<-- GET /wd/hub/status [39m[32m200[39m [90m66 ms - 55[39m
[35m[HTTP][39m [90m[39m
[35m[HTTP][39m [37m-->[39m [37mPOST[39m [37m/wd/hub/session/6f7e49f2-c1f1-4587-92a4-530e16f9e9fe/timeouts[39m
[35m[HTTP][39m [90m{"type":"implicit","ms":30000}[39m
[35m[HTTP][39m [37m<-- POST /wd/hub/session/6f7e49f2-c1f1-4587-92a4-530e16f9e9fe/timeouts [39m[33m400[39m [90m20 ms - 5468[39m
[35m[HTTP][39m [90m[39m
[35m[HTTP][39m [37m-->[39m [37mGET[39m [37m/wd/hub/session/6f7e49f2-c1f1-4587-92a4-530e16f9e9fe/window/current/size[39m
[35m[HTTP][39m [90m{}[39m
[35m[W3C][39m Driver proxy active, passing request on via HTTP proxy
[35m[JSONWP Proxy][39m Replacing sessionId 0cf43c37-1af7-4505-9f30-e62c4c2f0838 with 6f7e49f2-c1f1-4587-92a4-530e16f9e9fe
[35m[HTTP][39m [37m<-- GET /wd/hub/session/6f7e49f2-c1f1-4587-92a4-530e16f9e9fe/window/current/size [39m[32m200[39m [90m95 ms - 99[39m
[35m[HTTP][39m [90m[39m
[35m[HTTP][39m [37m-->[39m [37mPOST[39m [37m/wd/hub/session/6f7e49f2-c1f1-4587-92a4-530e16f9e9fe/elements[39m
[35m[HTTP][39m [90m{"using":"-android uiautomator","value":"new UiSelector().className(\"android.widget.ImageView\").resourceId(\"id.astra.stable.movic:id/mImgSkip\").instance(4)"}[39m
[35m[HTTP][39m [37m<-- POST /wd/hub/session/6f7e49f2-c1f1-4587-92a4-530e16f9e9fe/elements [39m[32m200[39m [90m67 ms - 74[39m
[35m[HTTP][39m [90m[39m
[35m[HTTP][39m [37m-->[39m [37mPOST[39m [37m/wd/hub/session/6f7e49f2-c1f1-4587-92a4-530e16f9e9fe/elements[39m
[35m[HTTP][39m [90m{"using":"-android uiautomator","value":"new UiSelector().className(\"android.widget.ImageView\").resourceId(\"id.astra.stable.movic:id/mImgSkip\").instance(4)"}[39m
[35m[HTTP][39m [37m<-- POST /wd/hub/session/6f7e49f2-c1f1-4587-92a4-530e16f9e9fe/elements [39m[32m200[39m [90m54 ms - 74[39m
[35m[HTTP][39m [90m[39m
[35m[HTTP][39m [37m-->[39m [37mPOST[39m [37m/wd/hub/session/6f7e49f2-c1f1-4587-92a4-530e16f9e9fe/elements[39m
[35m[HTTP][39m [90m{"using":"-android uiautomator","value":"new UiSelector().className(\"android.widget.ImageView\").resourceId(\"id.astra.stable.movic:id/mImgSkip\").instance(4)"}[39m
[35m[HTTP][39m [37m<-- POST /wd/hub/session/6f7e49f2-c1f1-4587-92a4-530e16f9e9fe/elements [39m[32m200[39m [90m42 ms - 74[39m
[35m[HTTP][39m [90m[39m
[35m[HTTP][39m [37m-->[39m [37mPOST[39m [37m/wd/hub/session/6f7e49f2-c1f1-4587-92a4-530e16f9e9fe/elements[39m
[35m[HTTP][39m [90m{"using":"-android uiautomator","value":"new UiSelector().className(\"android.widget.ImageView\").resourceId(\"id.astra.stable.movic:id/mImgSkip\").instance(4)"}[39m
[35m[HTTP][39m [37m<-- POST /wd/hub/session/6f7e49f2-c1f1-4587-92a4-530e16f9e9fe/elements [39m[32m200[39m [90m42 ms - 74[39m
[35m[HTTP][39m [90m[39m
[35m[HTTP][39m [37m-->[39m [37mPOST[39m [37m/wd/hub/session/6f7e49f2-c1f1-4587-92a4-530e16f9e9fe/elements[39m
[35m[HTTP][39m [90m{"using":"-android uiautomator","value":"new UiSelector().className(\"android.widget.ImageView\").resourceId(\"id.astra.stable.movic:id/mImgSkip\").instance(4)"}[39m
[35m[HTTP][39m [37m<-- POST /wd/hub/session/6f7e49f2-c1f1-4587-92a4-530e16f9e9fe/elements [39m[32m200[39m [90m37 ms - 74[39m
[35m[HTTP][39m [90m[39m
[35m[HTTP][39m [37m-->[39m [37mPOST[39m [37m/wd/hub/session/6f7e49f2-c1f1-4587-92a4-530e16f9e9fe/elements[39m
[35m[HTTP][39m [90m{"using":"-android uiautomator","value":"new UiSelector().className(\"android.widget.ImageView\").resourceId(\"id.astra.stable.movic:id/mImgSkip\").instance(4)"}[39m
[35m[HTTP][39m [37m<-- POST /wd/hub/session/6f7e49f2-c1f1-4587-92a4-530e16f9e9fe/elements [39m[32m200[39m [90m48 ms - 74[39m
[35m[HTTP][39m [90m[39m
[35m[HTTP][39m [37m-->[39m [37mPOST[39m [37m/wd/hub/session/6f7e49f2-c1f1-4587-92a4-530e16f9e9fe/elements[39m
[35m[HTTP][39m [90m{"using":"-android uiautomator","value":"new UiSelector().className(\"android.widget.ImageView\").resourceId(\"id.astra.stable.movic:id/mImgSkip\").instance(4)"}[39m
[35m[HTTP][39m [37m<-- POST /wd/hub/session/6f7e49f2-c1f1-4587-92a4-530e16f9e9fe/elements [39m[32m200[39m [90m74 ms - 74[39m
[35m[HTTP][39m [90m[39m
[35m[HTTP][39m [37m-->[39m [37mPOST[39m [37m/wd/hub/session/6f7e49f2-c1f1-4587-92a4-530e16f9e9fe/elements[39m
[35m[HTTP][39m [90m{"using":"-android uiautomator","value":"new UiSelector().className(\"android.widget.ImageView\").resourceId(\"id.astra.stable.movic:id/mImgSkip\").instance(4)"}[39m
[35m[HTTP][39m [37m<-- POST /wd/hub/session/6f7e49f2-c1f1-4587-92a4-530e16f9e9fe/elements [39m[32m200[39m [90m48 ms - 74[39m
[35m[HTTP][39m [90m[39m
[35m[HTTP][39m [37m-->[39m [37mPOST[39m [37m/wd/hub/session/6f7e49f2-c1f1-4587-92a4-530e16f9e9fe/elements[39m
[35m[HTTP][39m [90m{"using":"-android uiautomator","value":"new UiSelector().className(\"android.widget.ImageView\").resourceId(\"id.astra.stable.movic:id/mImgSkip\").instance(4)"}[39m
[35m[HTTP][39m [37m<-- POST /wd/hub/session/6f7e49f2-c1f1-4587-92a4-530e16f9e9fe/elements [39m[32m200[39m [90m34 ms - 74[39m
[35m[HTTP][39m [90m[39m
[35m[HTTP][39m [37m-->[39m [37mPOST[39m [37m/wd/hub/session/6f7e49f2-c1f1-4587-92a4-530e16f9e9fe/elements[39m
[35m[HTTP][39m [90m{"using":"-android uiautomator","value":"new UiSelector().className(\"android.widget.ImageView\").resourceId(\"id.astra.stable.movic:id/mImgSkip\").instance(4)"}[39m
[35m[HTTP][39m [37m<-- POST /wd/hub/session/6f7e49f2-c1f1-4587-92a4-530e16f9e9fe/elements [39m[32m200[39m [90m41 ms - 74[39m
[35m[HTTP][39m [90m[39m
[35m[HTTP][39m [37m-->[39m [37mPOST[39m [37m/wd/hub/session/6f7e49f2-c1f1-4587-92a4-530e16f9e9fe/elements[39m
[35m[HTTP][39m [90m{"using":"-android uiautomator","value":"new UiSelector().className(\"android.widget.ImageView\").resourceId(\"id.astra.stable.movic:id/mImgSkip\").instance(4)"}[39m
[35m[HTTP][39m [37m<-- POST /wd/hub/session/6f7e49f2-c1f1-4587-92a4-530e16f9e9fe/elements [39m[32m200[39m [90m44 ms - 74[39m
[35m[HTTP][39m [90m[39m
[35m[HTTP][39m [37m-->[39m [37mPOST[39m [37m/wd/hub/session/6f7e49f2-c1f1-4587-92a4-530e16f9e9fe/elements[39m
[35m[HTTP][39m [90m{"using":"-android uiautomator","value":"new UiSelector().className(\"android.widget.ImageView\").resourceId(\"id.astra.stable.movic:id/mImgSkip\").instance(4)"}[39m
[35m[HTTP][39m [37m<-- POST /wd/hub/session/6f7e49f2-c1f1-4587-92a4-530e16f9e9fe/elements [39m[32m200[39m [90m41 ms - 74[39m
[35m[HTTP][39m [90m[39m
[35m[HTTP][39m [37m-->[39m [37mPOST[39m [37m/wd/hub/session/6f7e49f2-c1f1-4587-92a4-530e16f9e9fe/elements[39m
[35m[HTTP][39m [90m{"using":"-android uiautomator","value":"new UiSelector().className(\"android.widget.ImageView\").resourceId(\"id.astra.stable.movic:id/mImgSkip\").instance(4)"}[39m
[35m[HTTP][39m [37m<-- POST /wd/hub/session/6f7e49f2-c1f1-4587-92a4-530e16f9e9fe/elements [39m[32m200[39m [90m42 ms - 74[39m
[35m[HTTP][39m [90m[39m
[35m[HTTP][39m [37m-->[39m [37mPOST[39m [37m/wd/hub/session/6f7e49f2-c1f1-4587-92a4-530e16f9e9fe/elements[39m
[35m[HTTP][39m [90m{"using":"-android uiautomator","value":"new UiSelector().className(\"android.widget.ImageView\").resourceId(\"id.astra.stable.movic:id/mImgSkip\").instance(4)"}[39m
[35m[HTTP][39m [37m<-- POST /wd/hub/session/6f7e49f2-c1f1-4587-92a4-530e16f9e9fe/elements [39m[32m200[39m [90m32 ms - 74[39m
[35m[HTTP][39m [90m[39m
[35m[HTTP][39m [37m-->[39m [37mPOST[39m [37m/wd/hub/session/6f7e49f2-c1f1-4587-92a4-530e16f9e9fe/elements[39m
[35m[HTTP][39m [90m{"using":"-android uiautomator","value":"new UiSelector().className(\"android.widget.ImageView\").resourceId(\"id.astra.stable.movic:id/mImgSkip\").instance(4)"}[39m
[35m[HTTP][39m [37m<-- POST /wd/hub/session/6f7e49f2-c1f1-4587-92a4-530e16f9e9fe/elements [39m[32m200[39m [90m31 ms - 74[39m
[35m[HTTP][39m [90m[39m
[35m[HTTP][39m [37m-->[39m [37mPOST[39m [37m/wd/hub/session/6f7e49f2-c1f1-4587-92a4-530e16f9e9fe/elements[39m
[35m[HTTP][39m [90m{"using":"-android uiautomator","value":"new UiSelector().className(\"android.widget.ImageView\").resourceId(\"id.astra.stable.movic:id/mImgSkip\").instance(4)"}[39m
[35m[HTTP][39m [37m<-- POST /wd/hub/session/6f7e49f2-c1f1-4587-92a4-530e16f9e9fe/elements [39m[32m200[39m [90m35 ms - 74[39m
[35m[HTTP][39m [90m[39m
[35m[HTTP][39m [37m-->[39m [37mPOST[39m [37m/wd/hub/session/6f7e49f2-c1f1-4587-92a4-530e16f9e9fe/elements[39m
[35m[HTTP][39m [90m{"using":"-android uiautomator","value":"new UiSelector().className(\"android.widget.ImageView\").resourceId(\"id.astra.stable.movic:id/mImgSkip\").instance(4)"}[39m
[35m[HTTP][39m [37m<-- POST /wd/hub/session/6f7e49f2-c1f1-4587-92a4-530e16f9e9fe/elements [39m[32m200[39m [90m52 ms - 74[39m
[35m[HTTP][39m [90m[39m
[35m[HTTP][39m [37m-->[39m [37mPOST[39m [37m/wd/hub/session/6f7e49f2-c1f1-4587-92a4-530e16f9e9fe/elements[39m
[35m[HTTP][39m [90m{"using":"-android uiautomator","value":"new UiSelector().className(\"android.widget.ImageView\").resourceId(\"id.astra.stable.movic:id/mImgSkip\").instance(4)"}[39m
[35m[HTTP][39m [37m<-- POST /wd/hub/session/6f7e49f2-c1f1-4587-92a4-530e16f9e9fe/elements [39m[32m200[39m [90m32 ms - 74[39m
[35m[HTTP][39m [90m[39m
[35m[HTTP][39m [37m-->[39m [37mPOST[39m [37m/wd/hub/session/6f7e49f2-c1f1-4587-92a4-530e16f9e9fe/elements[39m
[35m[HTTP][39m [90m{"using":"-android uiautomator","value":"new UiSelector().className(\"android.widget.ImageView\").resourceId(\"id.astra.stable.movic:id/mImgSkip\").instance(4)"}[39m
[35m[HTTP][39m [37m<-- POST /wd/hub/session/6f7e49f2-c1f1-4587-92a4-530e16f9e9fe/elements [39m[32m200[39m [90m30 ms - 74[39m
[35m[HTTP][39m [90m[39m
[35m[HTTP][39m [37m-->[39m [37mPOST[39m [37m/wd/hub/session/6f7e49f2-c1f1-4587-92a4-530e16f9e9fe/elements[39m
[35m[HTTP][39m [90m{"using":"-android uiautomator","value":"new UiSelector().className(\"android.widget.ImageView\").resourceId(\"id.astra.stable.movic:id/mImgSkip\").instance(4)"}[39m
[35m[HTTP][39m [37m<-- POST /wd/hub/session/6f7e49f2-c1f1-4587-92a4-530e16f9e9fe/elements [39m[32m200[39m [90m29 ms - 74[39m
[35m[HTTP][39m [90m[39m
[35m[HTTP][39m [37m-->[39m [37mPOST[39m [37m/wd/hub/session/6f7e49f2-c1f1-4587-92a4-530e16f9e9fe/elements[39m
[35m[HTTP][39m [90m{"using":"-android uiautomator","value":"new UiSelector().className(\"android.widget.ImageView\").resourceId(\"id.astra.stable.movic:id/mImgSkip\").instance(4)"}[39m
[35m[HTTP][39m [37m<-- POST /wd/hub/session/6f7e49f2-c1f1-4587-92a4-530e16f9e9fe/elements [39m[32m200[39m [90m377 ms - 74[39m
[35m[HTTP][39m [90m[39m
[35m[HTTP][39m [37m-->[39m [37mPOST[39m [37m/wd/hub/session/6f7e49f2-c1f1-4587-92a4-530e16f9e9fe/elements[39m
[35m[HTTP][39m [90m{"using":"-android uiautomator","value":"new UiSelector().className(\"android.widget.ImageView\").resourceId(\"id.astra.stable.movic:id/mImgSkip\").instance(4)"}[39m
[35m[HTTP][39m [37m<-- POST /wd/hub/session/6f7e49f2-c1f1-4587-92a4-530e16f9e9fe/elements [39m[32m200[39m [90m234 ms - 74[39m
[35m[HTTP][39m [90m[39m
[35m[HTTP][39m [37m-->[39m [37mPOST[39m [37m/wd/hub/session/6f7e49f2-c1f1-4587-92a4-530e16f9e9fe/elements[39m
[35m[HTTP][39m [90m{"using":"-android uiautomator","value":"new UiSelector().className(\"android.widget.ImageView\").resourceId(\"id.astra.stable.movic:id/mImgSkip\").instance(4)"}[39m
[35m[HTTP][39m [37m<-- POST /wd/hub/session/6f7e49f2-c1f1-4587-92a4-530e16f9e9fe/elements [39m[32m200[39m [90m42 ms - 74[39m
[35m[HTTP][39m [90m[39m
[35m[HTTP][39m [37m-->[39m [37mPOST[39m [37m/wd/hub/session/6f7e49f2-c1f1-4587-92a4-530e16f9e9fe/elements[39m
[35m[HTTP][39m [90m{"using":"-android uiautomator","value":"new UiSelector().className(\"android.widget.ImageView\").resourceId(\"id.astra.stable.movic:id/mImgSkip\").instance(4)"}[39m
[35m[HTTP][39m [37m<-- POST /wd/hub/session/6f7e49f2-c1f1-4587-92a4-530e16f9e9fe/elements [39m[32m200[39m [90m1114 ms - 124[39m
[35m[HTTP][39m [90m[39m
[35m[HTTP][39m [37m-->[39m [37mGET[39m [37m/wd/hub/session/6f7e49f2-c1f1-4587-92a4-530e16f9e9fe[39m
[35m[HTTP][39m [90m{}[39m
[35m[HTTP][39m [37m<-- GET /wd/hub/session/6f7e49f2-c1f1-4587-92a4-530e16f9e9fe [39m[32m200[39m [90m18 ms - 1260[39m
[35m[HTTP][39m [90m[39m
[35m[HTTP][39m [37m-->[39m [37mGET[39m [37m/wd/hub/session/6f7e49f2-c1f1-4587-92a4-530e16f9e9fe[39m
[35m[HTTP][39m [90m{}[39m
[35m[HTTP][39m [37m<-- GET /wd/hub/session/6f7e49f2-c1f1-4587-92a4-530e16f9e9fe [39m[32m200[39m [90m18 ms - 1260[39m
[35m[HTTP][39m [90m[39m
[35m[HTTP][39m [37m-->[39m [37mGET[39m [37m/wd/hub/session/6f7e49f2-c1f1-4587-92a4-530e16f9e9fe[39m
[35m[HTTP][39m [90m{}[39m
[35m[HTTP][39m [37m<-- GET /wd/hub/session/6f7e49f2-c1f1-4587-92a4-530e16f9e9fe [39m[32m200[39m [90m16 ms - 1260[39m
[35m[HTTP][39m [90m[39m
[35m[HTTP][39m [37m-->[39m [37mGET[39m [37m/wd/hub/session/6f7e49f2-c1f1-4587-92a4-530e16f9e9fe[39m
[35m[HTTP][39m [90m{}[39m
[35m[HTTP][39m [37m<-- GET /wd/hub/session/6f7e49f2-c1f1-4587-92a4-530e16f9e9fe [39m[32m200[39m [90m19 ms - 1260[39m
[35m[HTTP][39m [90m[39m
[35m[HTTP][39m [37m-->[39m [37mGET[39m [37m/wd/hub/session/6f7e49f2-c1f1-4587-92a4-530e16f9e9fe/element/fd71b59e-1dd3-4c15-9a21-e5f688f07f48/location[39m
[35m[HTTP][39m [90m{}[39m
[35m[W3C][39m Driver proxy active, passing request on via HTTP proxy
[35m[JSONWP Proxy][39m Replacing sessionId 0cf43c37-1af7-4505-9f30-e62c4c2f0838 with 6f7e49f2-c1f1-4587-92a4-530e16f9e9fe
[35m[HTTP][39m [37m<-- GET /wd/hub/session/6f7e49f2-c1f1-4587-92a4-530e16f9e9fe/element/fd71b59e-1dd3-4c15-9a21-e5f688f07f48/location [39m[32m200[39m [90m42 ms - 90[39m
[35m[HTTP][39m [90m[39m
[35m[HTTP][39m [37m-->[39m [37mPOST[39m [37m/wd/hub/session/6f7e49f2-c1f1-4587-92a4-530e16f9e9fe/touch/perform[39m
[35m[HTTP][39m [90m{"actions":[{"action":"tap","options":{"element":"fd71b59e-1dd3-4c15-9a21-e5f688f07f48","x":1,"y":1}}]}[39m
[35m[UiAutomator2][39m calling get location: fd71b59e-1dd3-4c15-9a21-e5f688f07f48
[35m[HTTP][39m [37m<-- POST /wd/hub/session/6f7e49f2-c1f1-4587-92a4-530e16f9e9fe/touch/perform [39m[32m200[39m [90m1411 ms - 76[39m
[35m[HTTP][39m [90m[39m
[35m[HTTP][39m [37m-->[39m [37mGET[39m [37m/wd/hub/session/6f7e49f2-c1f1-4587-92a4-530e16f9e9fe/window/current/size[39m
[35m[HTTP][39m [90m{}[39m
[35m[W3C][39m Driver proxy active, passing request on via HTTP proxy
[35m[JSONWP Proxy][39m Replacing sessionId 0cf43c37-1af7-4505-9f30-e62c4c2f0838 with 6f7e49f2-c1f1-4587-92a4-530e16f9e9fe
[35m[HTTP][39m [37m<-- GET /wd/hub/session/6f7e49f2-c1f1-4587-92a4-530e16f9e9fe/window/current/size [39m[32m200[39m [90m29 ms - 99[39m
[35m[HTTP][39m [90m[39m
[35m[HTTP][39m [37m-->[39m [37mPOST[39m [37m/wd/hub/session/6f7e49f2-c1f1-4587-92a4-530e16f9e9fe/elements[39m
[35m[HTTP][39m [90m{"using":"-android uiautomator","value":"new UiSelector().className(\"android.widget.ImageView\").resourceId(\"id.astra.stable.movic:id/ivNext\").instance(1)"}[39m
[35m[HTTP][39m [37m<-- POST /wd/hub/session/6f7e49f2-c1f1-4587-92a4-530e16f9e9fe/elements [39m[32m200[39m [90m66 ms - 124[39m
[35m[HTTP][39m [90m[39m
[35m[HTTP][39m [37m-->[39m [37mGET[39m [37m/wd/hub/session/6f7e49f2-c1f1-4587-92a4-530e16f9e9fe[39m
[35m[HTTP][39m [90m{}[39m
[35m[HTTP][39m [37m<-- GET /wd/hub/session/6f7e49f2-c1f1-4587-92a4-530e16f9e9fe [39m[32m200[39m [90m24 ms - 1260[39m
[35m[HTTP][39m [90m[39m
[35m[HTTP][39m [37m-->[39m [37mGET[39m [37m/wd/hub/session/6f7e49f2-c1f1-4587-92a4-530e16f9e9fe[39m
[35m[HTTP][39m [90m{}[39m
[35m[HTTP][39m [37m<-- GET /wd/hub/session/6f7e49f2-c1f1-4587-92a4-530e16f9e9fe [39m[32m200[39m [90m25 ms - 1260[39m
[35m[HTTP][39m [90m[39m
[35m[HTTP][39m [37m-->[39m [37mGET[39m [37m/wd/hub/session/6f7e49f2-c1f1-4587-92a4-530e16f9e9fe[39m
[35m[HTTP][39m [90m{}[39m
[35m[HTTP][39m [37m<-- GET /wd/hub/session/6f7e49f2-c1f1-4587-92a4-530e16f9e9fe [39m[32m200[39m [90m26 ms - 1260[39m
[35m[HTTP][39m [90m[39m
[35m[HTTP][39m [37m-->[39m [37mGET[39m [37m/wd/hub/session/6f7e49f2-c1f1-4587-92a4-530e16f9e9fe[39m
[35m[HTTP][39m [90m{}[39m
[35m[HTTP][39m [37m<-- GET /wd/hub/session/6f7e49f2-c1f1-4587-92a4-530e16f9e9fe [39m[32m200[39m [90m48 ms - 1260[39m
[35m[HTTP][39m [90m[39m
[35m[HTTP][39m [37m-->[39m [37mGET[39m [37m/wd/hub/session/6f7e49f2-c1f1-4587-92a4-530e16f9e9fe/element/614c8840-2c55-49a5-8684-f2f82ae40b28/location[39m
[35m[HTTP][39m [90m{}[39m
[35m[W3C][39m Driver proxy active, passing request on via HTTP proxy
[35m[JSONWP Proxy][39m Replacing sessionId 0cf43c37-1af7-4505-9f30-e62c4c2f0838 with 6f7e49f2-c1f1-4587-92a4-530e16f9e9fe
[35m[HTTP][39m [37m<-- GET /wd/hub/session/6f7e49f2-c1f1-4587-92a4-530e16f9e9fe/element/614c8840-2c55-49a5-8684-f2f82ae40b28/location [39m[32m200[39m [90m54 ms - 90[39m
[35m[HTTP][39m [90m[39m
[35m[HTTP][39m [37m-->[39m [37mPOST[39m [37m/wd/hub/session/6f7e49f2-c1f1-4587-92a4-530e16f9e9fe/touch/perform[39m
[35m[HTTP][39m [90m{"actions":[{"action":"tap","options":{"element":"614c8840-2c55-49a5-8684-f2f82ae40b28","x":1,"y":1}}]}[39m
[35m[UiAutomator2][39m calling get location: 614c8840-2c55-49a5-8684-f2f82ae40b28
[35m[HTTP][39m [37m<-- POST /wd/hub/session/6f7e49f2-c1f1-4587-92a4-530e16f9e9fe/touch/perform [39m[32m200[39m [90m956 ms - 76[39m
[35m[HTTP][39m [90m[39m
[35m[HTTP][39m [37m-->[39m [37mGET[39m [37m/wd/hub/session/6f7e49f2-c1f1-4587-92a4-530e16f9e9fe/window/current/size[39m
[35m[HTTP][39m [90m{}[39m
[35m[W3C][39m Driver proxy active, passing request on via HTTP proxy
[35m[JSONWP Proxy][39m Replacing sessionId 0cf43c37-1af7-4505-9f30-e62c4c2f0838 with 6f7e49f2-c1f1-4587-92a4-530e16f9e9fe
[35m[HTTP][39m [37m<-- GET /wd/hub/session/6f7e49f2-c1f1-4587-92a4-530e16f9e9fe/window/current/size [39m[32m200[39m [90m30 ms - 99[39m
[35m[HTTP][39m [90m[39m
[35m[HTTP][39m [37m-->[39m [37mPOST[39m [37m/wd/hub/session/6f7e49f2-c1f1-4587-92a4-530e16f9e9fe/elements[39m
[35m[HTTP][39m [90m{"using":"-android uiautomator","value":"new UiSelector().className(\"android.widget.ImageView\").resourceId(\"id.astra.stable.movic:id/ivNext\").instance(1)"}[39m
[35m[HTTP][39m [37m<-- POST /wd/hub/session/6f7e49f2-c1f1-4587-92a4-530e16f9e9fe/elements [39m[32m200[39m [90m96 ms - 124[39m
[35m[HTTP][39m [90m[39m
[35m[HTTP][39m [37m-->[39m [37mGET[39m [37m/wd/hub/session/6f7e49f2-c1f1-4587-92a4-530e16f9e9fe[39m
[35m[HTTP][39m [90m{}[39m
[35m[HTTP][39m [37m<-- GET /wd/hub/session/6f7e49f2-c1f1-4587-92a4-530e16f9e9fe [39m[32m200[39m [90m25 ms - 1260[39m
[35m[HTTP][39m [90m[39m
[35m[HTTP][39m [37m-->[39m [37mGET[39m [37m/wd/hub/session/6f7e49f2-c1f1-4587-92a4-530e16f9e9fe[39m
[35m[HTTP][39m [90m{}[39m
[35m[HTTP][39m [37m<-- GET /wd/hub/session/6f7e49f2-c1f1-4587-92a4-530e16f9e9fe [39m[32m200[39m [90m28 ms - 1260[39m
[35m[HTTP][39m [90m[39m
[35m[HTTP][39m [37m-->[39m [37mGET[39m [37m/wd/hub/session/6f7e49f2-c1f1-4587-92a4-530e16f9e9fe[39m
[35m[HTTP][39m [90m{}[39m
[35m[HTTP][39m [37m<-- GET /wd/hub/session/6f7e49f2-c1f1-4587-92a4-530e16f9e9fe [39m[32m200[39m [90m34 ms - 1260[39m
[35m[HTTP][39m [90m[39m
[35m[HTTP][39m [37m-->[39m [37mGET[39m [37m/wd/hub/session/6f7e49f2-c1f1-4587-92a4-530e16f9e9fe[39m
[35m[HTTP][39m [90m{}[39m
[35m[HTTP][39m [37m<-- GET /wd/hub/session/6f7e49f2-c1f1-4587-92a4-530e16f9e9fe [39m[32m200[39m [90m19 ms - 1260[39m
[35m[HTTP][39m [90m[39m
[35m[HTTP][39m [37m-->[39m [37mGET[39m [37m/wd/hub/session/6f7e49f2-c1f1-4587-92a4-530e16f9e9fe/element/f74f2d1f-b478-4b1f-8e35-933351cb1680/location[39m
[35m[HTTP][39m [90m{}[39m
[35m[W3C][39m Driver proxy active, passing request on via HTTP proxy
[35m[JSONWP Proxy][39m Replacing sessionId 0cf43c37-1af7-4505-9f30-e62c4c2f0838 with 6f7e49f2-c1f1-4587-92a4-530e16f9e9fe
[35m[HTTP][39m [37m<-- GET /wd/hub/session/6f7e49f2-c1f1-4587-92a4-530e16f9e9fe/element/f74f2d1f-b478-4b1f-8e35-933351cb1680/location [39m[32m200[39m [90m30 ms - 90[39m
[35m[HTTP][39m [90m[39m
[35m[HTTP][39m [37m-->[39m [37mPOST[39m [37m/wd/hub/session/6f7e49f2-c1f1-4587-92a4-530e16f9e9fe/touch/perform[39m
[35m[HTTP][39m [90m{"actions":[{"action":"tap","options":{"element":"f74f2d1f-b478-4b1f-8e35-933351cb1680","x":1,"y":1}}]}[39m
[35m[UiAutomator2][39m calling get location: f74f2d1f-b478-4b1f-8e35-933351cb1680
[35m[HTTP][39m [37m<-- POST /wd/hub/session/6f7e49f2-c1f1-4587-92a4-530e16f9e9fe/touch/perform [39m[32m200[39m [90m905 ms - 76[39m
[35m[HTTP][39m [90m[39m
[35m[HTTP][39m [37m-->[39m [37mGET[39m [37m/wd/hub/session/6f7e49f2-c1f1-4587-92a4-530e16f9e9fe/window/current/size[39m
[35m[HTTP][39m [90m{}[39m
[35m[W3C][39m Driver proxy active, passing request on via HTTP proxy
[35m[JSONWP Proxy][39m Replacing sessionId 0cf43c37-1af7-4505-9f30-e62c4c2f0838 with 6f7e49f2-c1f1-4587-92a4-530e16f9e9fe
[35m[HTTP][39m [37m<-- GET /wd/hub/session/6f7e49f2-c1f1-4587-92a4-530e16f9e9fe/window/current/size [39m[32m200[39m [90m28 ms - 99[39m
[35m[HTTP][39m [90m[39m
[35m[HTTP][39m [37m-->[39m [37mPOST[39m [37m/wd/hub/session/6f7e49f2-c1f1-4587-92a4-530e16f9e9fe/elements[39m
[35m[HTTP][39m [90m{"using":"-android uiautomator","value":"new UiSelector().className(\"android.widget.TextView\").text(\"Skip\").resourceId(\"id.astra.stable.movic:id/tvSkip\").instance(2)"}[39m
[35m[HTTP][39m [37m<-- POST /wd/hub/session/6f7e49f2-c1f1-4587-92a4-530e16f9e9fe/elements [39m[32m200[39m [90m65 ms - 124[39m
[35m[HTTP][39m [90m[39m
[35m[HTTP][39m [37m-->[39m [37mGET[39m [37m/wd/hub/session/6f7e49f2-c1f1-4587-92a4-530e16f9e9fe[39m
[35m[HTTP][39m [90m{}[39m
[35m[HTTP][39m [37m<-- GET /wd/hub/session/6f7e49f2-c1f1-4587-92a4-530e16f9e9fe [39m[32m200[39m [90m27 ms - 1260[39m
[35m[HTTP][39m [90m[39m
[35m[HTTP][39m [37m-->[39m [37mGET[39m [37m/wd/hub/session/6f7e49f2-c1f1-4587-92a4-530e16f9e9fe[39m
[35m[HTTP][39m [90m{}[39m
[35m[HTTP][39m [37m<-- GET /wd/hub/session/6f7e49f2-c1f1-4587-92a4-530e16f9e9fe [39m[32m200[39m [90m28 ms - 1260[39m
[35m[HTTP][39m [90m[39m
[35m[HTTP][39m [37m-->[39m [37mGET[39m [37m/wd/hub/session/6f7e49f2-c1f1-4587-92a4-530e16f9e9fe[39m
[35m[HTTP][39m [90m{}[39m
[35m[HTTP][39m [37m<-- GET /wd/hub/session/6f7e49f2-c1f1-4587-92a4-530e16f9e9fe [39m[32m200[39m [90m16 ms - 1260[39m
[35m[HTTP][39m [90m[39m
[35m[HTTP][39m [37m-->[39m [37mGET[39m [37m/wd/hub/session/6f7e49f2-c1f1-4587-92a4-530e16f9e9fe[39m
[35m[HTTP][39m [90m{}[39m
[35m[HTTP][39m [37m<-- GET /wd/hub/session/6f7e49f2-c1f1-4587-92a4-530e16f9e9fe [39m[32m200[39m [90m29 ms - 1260[39m
[35m[HTTP][39m [90m[39m
[35m[HTTP][39m [37m-->[39m [37mGET[39m [37m/wd/hub/session/6f7e49f2-c1f1-4587-92a4-530e16f9e9fe/element/2d286624-dbdd-49e0-abbb-e26fddaf4569/location[39m
[35m[HTTP][39m [90m{}[39m
[35m[W3C][39m Driver proxy active, passing request on via HTTP proxy
[35m[JSONWP Proxy][39m Replacing sessionId 0cf43c37-1af7-4505-9f30-e62c4c2f0838 with 6f7e49f2-c1f1-4587-92a4-530e16f9e9fe
[35m[HTTP][39m [37m<-- GET /wd/hub/session/6f7e49f2-c1f1-4587-92a4-530e16f9e9fe/element/2d286624-dbdd-49e0-abbb-e26fddaf4569/location [39m[32m200[39m [90m49 ms - 89[39m
[35m[HTTP][39m [90m[39m
[35m[HTTP][39m [37m-->[39m [37mPOST[39m [37m/wd/hub/session/6f7e49f2-c1f1-4587-92a4-530e16f9e9fe/touch/perform[39m
[35m[HTTP][39m [90m{"actions":[{"action":"tap","options":{"element":"2d286624-dbdd-49e0-abbb-e26fddaf4569","x":1,"y":1}}]}[39m
[35m[UiAutomator2][39m calling get location: 2d286624-dbdd-49e0-abbb-e26fddaf4569
[35m[HTTP][39m [37m<-- POST /wd/hub/session/6f7e49f2-c1f1-4587-92a4-530e16f9e9fe/touch/perform [39m[32m200[39m [90m1914 ms - 76[39m
[35m[HTTP][39m [90m[39m
[35m[HTTP][39m [37m-->[39m [37mGET[39m [37m/wd/hub/session/6f7e49f2-c1f1-4587-92a4-530e16f9e9fe/window/current/size[39m
[35m[HTTP][39m [90m{}[39m
[35m[W3C][39m Driver proxy active, passing request on via HTTP proxy
[35m[JSONWP Proxy][39m Replacing sessionId 0cf43c37-1af7-4505-9f30-e62c4c2f0838 with 6f7e49f2-c1f1-4587-92a4-530e16f9e9fe
[35m[HTTP][39m [37m<-- GET /wd/hub/session/6f7e49f2-c1f1-4587-92a4-530e16f9e9fe/window/current/size [39m[32m200[39m [90m32 ms - 99[39m
[35m[HTTP][39m [90m[39m
[35m[HTTP][39m [37m-->[39m [37mPOST[39m [37m/wd/hub/session/6f7e49f2-c1f1-4587-92a4-530e16f9e9fe/elements[39m
[35m[HTTP][39m [90m{"using":"-android uiautomator","value":"new UiSelector().className(\"android.widget.TextView\").text(\"Log in\").resourceId(\"id.astra.stable.movic:id/mTxtLogin\").instance(0)"}[39m
[35m[HTTP][39m [37m<-- POST /wd/hub/session/6f7e49f2-c1f1-4587-92a4-530e16f9e9fe/elements [39m[32m200[39m [90m74 ms - 124[39m
[35m[HTTP][39m [90m[39m
[35m[HTTP][39m [37m-->[39m [37mGET[39m [37m/wd/hub/session/6f7e49f2-c1f1-4587-92a4-530e16f9e9fe[39m
[35m[HTTP][39m [90m{}[39m
[35m[HTTP][39m [37m<-- GET /wd/hub/session/6f7e49f2-c1f1-4587-92a4-530e16f9e9fe [39m[32m200[39m [90m22 ms - 1260[39m
[35m[HTTP][39m [90m[39m
[35m[HTTP][39m [37m-->[39m [37mGET[39m [37m/wd/hub/session/6f7e49f2-c1f1-4587-92a4-530e16f9e9fe[39m
[35m[HTTP][39m [90m{}[39m
[35m[HTTP][39m [37m<-- GET /wd/hub/session/6f7e49f2-c1f1-4587-92a4-530e16f9e9fe [39m[32m200[39m [90m27 ms - 1260[39m
[35m[HTTP][39m [90m[39m
[35m[HTTP][39m [37m-->[39m [37mGET[39m [37m/wd/hub/session/6f7e49f2-c1f1-4587-92a4-530e16f9e9fe[39m
[35m[HTTP][39m [90m{}[39m
[35m[HTTP][39m [37m<-- GET /wd/hub/session/6f7e49f2-c1f1-4587-92a4-530e16f9e9fe [39m[32m200[39m [90m28 ms - 1260[39m
[35m[HTTP][39m [90m[39m
[35m[HTTP][39m [37m-->[39m [37mGET[39m [37m/wd/hub/session/6f7e49f2-c1f1-4587-92a4-530e16f9e9fe[39m
[35m[HTTP][39m [90m{}[39m
[35m[HTTP][39m [37m<-- GET /wd/hub/session/6f7e49f2-c1f1-4587-92a4-530e16f9e9fe [39m[32m200[39m [90m21 ms - 1260[39m
[35m[HTTP][39m [90m[39m
[35m[HTTP][39m [37m-->[39m [37mGET[39m [37m/wd/hub/session/6f7e49f2-c1f1-4587-92a4-530e16f9e9fe/element/8062b1eb-a7ff-4e28-b78b-f6ccd88e5bb7/location[39m
[35m[HTTP][39m [90m{}[39m
[35m[W3C][39m Driver proxy active, passing request on via HTTP proxy
[35m[JSONWP Proxy][39m Replacing sessionId 0cf43c37-1af7-4505-9f30-e62c4c2f0838 with 6f7e49f2-c1f1-4587-92a4-530e16f9e9fe
[35m[HTTP][39m [37m<-- GET /wd/hub/session/6f7e49f2-c1f1-4587-92a4-530e16f9e9fe/element/8062b1eb-a7ff-4e28-b78b-f6ccd88e5bb7/location [39m[32m200[39m [90m46 ms - 89[39m
[35m[HTTP][39m [90m[39m
[35m[HTTP][39m [37m-->[39m [37mPOST[39m [37m/wd/hub/session/6f7e49f2-c1f1-4587-92a4-530e16f9e9fe/touch/perform[39m
[35m[HTTP][39m [90m{"actions":[{"action":"tap","options":{"element":"8062b1eb-a7ff-4e28-b78b-f6ccd88e5bb7","x":1,"y":1}}]}[39m
[35m[UiAutomator2][39m calling get location: 8062b1eb-a7ff-4e28-b78b-f6ccd88e5bb7
[35m[HTTP][39m [37m<-- POST /wd/hub/session/6f7e49f2-c1f1-4587-92a4-530e16f9e9fe/touch/perform [39m[32m200[39m [90m1260 ms - 76[39m
[35m[HTTP][39m [90m[39m
[35m[HTTP][39m [37m-->[39m [37mGET[39m [37m/wd/hub/session/6f7e49f2-c1f1-4587-92a4-530e16f9e9fe/window/current/size[39m
[35m[HTTP][39m [90m{}[39m
[35m[W3C][39m Driver proxy active, passing request on via HTTP proxy
[35m[JSONWP Proxy][39m Replacing sessionId 0cf43c37-1af7-4505-9f30-e62c4c2f0838 with 6f7e49f2-c1f1-4587-92a4-530e16f9e9fe
[35m[HTTP][39m [37m<-- GET /wd/hub/session/6f7e49f2-c1f1-4587-92a4-530e16f9e9fe/window/current/size [39m[32m200[39m [90m30 ms - 99[39m
[35m[HTTP][39m [90m[39m
[35m[HTTP][39m [37m-->[39m [37mPOST[39m [37m/wd/hub/session/6f7e49f2-c1f1-4587-92a4-530e16f9e9fe/elements[39m
[35m[HTTP][39m [90m{"using":"-android uiautomator","value":"new UiSelector().className(\"android.widget.EditText\").resourceId(\"id.astra.stable.movic:id/mTxtUsername\").instance(0)"}[39m
[35m[HTTP][39m [37m<-- POST /wd/hub/session/6f7e49f2-c1f1-4587-92a4-530e16f9e9fe/elements [39m[32m200[39m [90m116 ms - 124[39m
[35m[HTTP][39m [90m[39m
[35m[HTTP][39m [37m-->[39m [37mGET[39m [37m/wd/hub/session/6f7e49f2-c1f1-4587-92a4-530e16f9e9fe[39m
[35m[HTTP][39m [90m{}[39m
[35m[HTTP][39m [37m<-- GET /wd/hub/session/6f7e49f2-c1f1-4587-92a4-530e16f9e9fe [39m[32m200[39m [90m18 ms - 1260[39m
[35m[HTTP][39m [90m[39m
[35m[HTTP][39m [37m-->[39m [37mGET[39m [37m/wd/hub/session/6f7e49f2-c1f1-4587-92a4-530e16f9e9fe[39m
[35m[HTTP][39m [90m{}[39m
[35m[HTTP][39m [37m<-- GET /wd/hub/session/6f7e49f2-c1f1-4587-92a4-530e16f9e9fe [39m[32m200[39m [90m20 ms - 1260[39m
[35m[HTTP][39m [90m[39m
[35m[HTTP][39m [37m-->[39m [37mGET[39m [37m/wd/hub/session/6f7e49f2-c1f1-4587-92a4-530e16f9e9fe[39m
[35m[HTTP][39m [90m{}[39m
[35m[HTTP][39m [37m<-- GET /wd/hub/session/6f7e49f2-c1f1-4587-92a4-530e16f9e9fe [39m[32m200[39m [90m17 ms - 1260[39m
[35m[HTTP][39m [90m[39m
[35m[HTTP][39m [37m-->[39m [37mGET[39m [37m/wd/hub/session/6f7e49f2-c1f1-4587-92a4-530e16f9e9fe[39m
[35m[HTTP][39m [90m{}[39m
[35m[HTTP][39m [37m<-- GET /wd/hub/session/6f7e49f2-c1f1-4587-92a4-530e16f9e9fe [39m[32m200[39m [90m15 ms - 1260[39m
[35m[HTTP][39m [90m[39m
[35m[HTTP][39m [37m-->[39m [37mGET[39m [37m/wd/hub/session/6f7e49f2-c1f1-4587-92a4-530e16f9e9fe/element/00021021-417e-4cce-83be-b94fed728130/location[39m
[35m[HTTP][39m [90m{}[39m
[35m[W3C][39m Driver proxy active, passing request on via HTTP proxy
[35m[JSONWP Proxy][39m Replacing sessionId 0cf43c37-1af7-4505-9f30-e62c4c2f0838 with 6f7e49f2-c1f1-4587-92a4-530e16f9e9fe
[35m[HTTP][39m [37m<-- GET /wd/hub/session/6f7e49f2-c1f1-4587-92a4-530e16f9e9fe/element/00021021-417e-4cce-83be-b94fed728130/location [39m[32m200[39m [90m46 ms - 88[39m
[35m[HTTP][39m [90m[39m
[35m[HTTP][39m [37m-->[39m [37mPOST[39m [37m/wd/hub/session/6f7e49f2-c1f1-4587-92a4-530e16f9e9fe/element/00021021-417e-4cce-83be-b94fed728130/clear[39m
[35m[HTTP][39m [90m{"id":"00021021-417e-4cce-83be-b94fed728130"}[39m
[35m[HTTP][39m [37m<-- POST /wd/hub/session/6f7e49f2-c1f1-4587-92a4-530e16f9e9fe/element/00021021-417e-4cce-83be-b94fed728130/clear [39m[32m200[39m [90m81 ms - 89[39m
[35m[HTTP][39m [90m[39m
[35m[HTTP][39m [37m-->[39m [37mPOST[39m [37m/wd/hub/session/6f7e49f2-c1f1-4587-92a4-530e16f9e9fe/element/00021021-417e-4cce-83be-b94fed728130/value[39m
[35m[HTTP][39m [90m{"id":"00021021-417e-4cce-83be-b94fed728130","value":["santi.wahyuni@wgs.co.id"]}[39m
[35m[HTTP][39m [37m<-- POST /wd/hub/session/6f7e49f2-c1f1-4587-92a4-530e16f9e9fe/element/00021021-417e-4cce-83be-b94fed728130/value [39m[32m200[39m [90m822 ms - 74[39m
[35m[HTTP][39m [90m[39m
[35m[HTTP][39m [37m-->[39m [37mGET[39m [37m/wd/hub/session/6f7e49f2-c1f1-4587-92a4-530e16f9e9fe/window/current/size[39m
[35m[HTTP][39m [90m{}[39m
[35m[W3C][39m Driver proxy active, passing request on via HTTP proxy
[35m[JSONWP Proxy][39m Replacing sessionId 0cf43c37-1af7-4505-9f30-e62c4c2f0838 with 6f7e49f2-c1f1-4587-92a4-530e16f9e9fe
[35m[HTTP][39m [37m<-- GET /wd/hub/session/6f7e49f2-c1f1-4587-92a4-530e16f9e9fe/window/current/size [39m[32m200[39m [90m19 ms - 99[39m
[35m[HTTP][39m [90m[39m
[35m[HTTP][39m [37m-->[39m [37mPOST[39m [37m/wd/hub/session/6f7e49f2-c1f1-4587-92a4-530e16f9e9fe/elements[39m
[35m[HTTP][39m [90m{"using":"-android uiautomator","value":"new UiSelector().className(\"android.widget.Button\").text(\"Next\").resourceId(\"id.astra.stable.movic:id/mBtnNext\").instance(0)"}[39m
[35m[HTTP][39m [37m<-- POST /wd/hub/session/6f7e49f2-c1f1-4587-92a4-530e16f9e9fe/elements [39m[32m200[39m [90m500 ms - 124[39m
[35m[HTTP][39m [90m[39m
[35m[HTTP][39m [37m-->[39m [37mGET[39m [37m/wd/hub/session/6f7e49f2-c1f1-4587-92a4-530e16f9e9fe[39m
[35m[HTTP][39m [90m{}[39m
[35m[HTTP][39m [37m<-- GET /wd/hub/session/6f7e49f2-c1f1-4587-92a4-530e16f9e9fe [39m[32m200[39m [90m90 ms - 1260[39m
[35m[HTTP][39m [90m[39m
[35m[HTTP][39m [37m-->[39m [37mGET[39m [37m/wd/hub/session/6f7e49f2-c1f1-4587-92a4-530e16f9e9fe[39m
[35m[HTTP][39m [90m{}[39m
[35m[HTTP][39m [37m<-- GET /wd/hub/session/6f7e49f2-c1f1-4587-92a4-530e16f9e9fe [39m[32m200[39m [90m34 ms - 1260[39m
[35m[HTTP][39m [90m[39m
[35m[HTTP][39m [37m-->[39m [37mGET[39m [37m/wd/hub/session/6f7e49f2-c1f1-4587-92a4-530e16f9e9fe[39m
[35m[HTTP][39m [90m{}[39m
[35m[HTTP][39m [37m<-- GET /wd/hub/session/6f7e49f2-c1f1-4587-92a4-530e16f9e9fe [39m[32m200[39m [90m24 ms - 1260[39m
[35m[HTTP][39m [90m[39m
[35m[HTTP][39m [37m-->[39m [37mGET[39m [37m/wd/hub/session/6f7e49f2-c1f1-4587-92a4-530e16f9e9fe[39m
[35m[HTTP][39m [90m{}[39m
[35m[HTTP][39m [37m<-- GET /wd/hub/session/6f7e49f2-c1f1-4587-92a4-530e16f9e9fe [39m[32m200[39m [90m22 ms - 1260[39m
[35m[HTTP][39m [90m[39m
[35m[HTTP][39m [37m-->[39m [37mGET[39m [37m/wd/hub/session/6f7e49f2-c1f1-4587-92a4-530e16f9e9fe/element/e62e6a35-e108-409d-9da8-50264a2ec466/location[39m
[35m[HTTP][39m [90m{}[39m
[35m[W3C][39m Driver proxy active, passing request on via HTTP proxy
[35m[JSONWP Proxy][39m Replacing sessionId 0cf43c37-1af7-4505-9f30-e62c4c2f0838 with 6f7e49f2-c1f1-4587-92a4-530e16f9e9fe
[35m[HTTP][39m [37m<-- GET /wd/hub/session/6f7e49f2-c1f1-4587-92a4-530e16f9e9fe/element/e62e6a35-e108-409d-9da8-50264a2ec466/location [39m[32m200[39m [90m54 ms - 89[39m
[35m[HTTP][39m [90m[39m
[35m[HTTP][39m [37m-->[39m [37mPOST[39m [37m/wd/hub/session/6f7e49f2-c1f1-4587-92a4-530e16f9e9fe/touch/perform[39m
[35m[HTTP][39m [90m{"actions":[{"action":"tap","options":{"element":"e62e6a35-e108-409d-9da8-50264a2ec466","x":1,"y":1}}]}[39m
[35m[UiAutomator2][39m calling get location: e62e6a35-e108-409d-9da8-50264a2ec466
[35m[HTTP][39m [37m<-- POST /wd/hub/session/6f7e49f2-c1f1-4587-92a4-530e16f9e9fe/touch/perform [39m[32m200[39m [90m2260 ms - 76[39m
[35m[HTTP][39m [90m[39m
[35m[HTTP][39m [37m-->[39m [37mGET[39m [37m/wd/hub/session/6f7e49f2-c1f1-4587-92a4-530e16f9e9fe/window/current/size[39m
[35m[HTTP][39m [90m{}[39m
[35m[W3C][39m Driver proxy active, passing request on via HTTP proxy
[35m[JSONWP Proxy][39m Replacing sessionId 0cf43c37-1af7-4505-9f30-e62c4c2f0838 with 6f7e49f2-c1f1-4587-92a4-530e16f9e9fe
[35m[HTTP][39m [37m<-- GET /wd/hub/session/6f7e49f2-c1f1-4587-92a4-530e16f9e9fe/window/current/size [39m[32m200[39m [90m34 ms - 99[39m
[35m[HTTP][39m [90m[39m
[35m[HTTP][39m [37m-->[39m [37mPOST[39m [37m/wd/hub/session/6f7e49f2-c1f1-4587-92a4-530e16f9e9fe/elements[39m
[35m[HTTP][39m [90m{"using":"-android uiautomator","value":"new UiSelector().className(\"android.widget.EditText\").resourceId(\"id.astra.stable.movic:id/mTxtPassword\").instance(0)"}[39m
[35m[HTTP][39m [37m<-- POST /wd/hub/session/6f7e49f2-c1f1-4587-92a4-530e16f9e9fe/elements [39m[32m200[39m [90m104 ms - 124[39m
[35m[HTTP][39m [90m[39m
[35m[HTTP][39m [37m-->[39m [37mGET[39m [37m/wd/hub/session/6f7e49f2-c1f1-4587-92a4-530e16f9e9fe[39m
[35m[HTTP][39m [90m{}[39m
[35m[HTTP][39m [37m<-- GET /wd/hub/session/6f7e49f2-c1f1-4587-92a4-530e16f9e9fe [39m[32m200[39m [90m24 ms - 1260[39m
[35m[HTTP][39m [90m[39m
[35m[HTTP][39m [37m-->[39m [37mGET[39m [37m/wd/hub/session/6f7e49f2-c1f1-4587-92a4-530e16f9e9fe[39m
[35m[HTTP][39m [90m{}[39m
[35m[HTTP][39m [37m<-- GET /wd/hub/session/6f7e49f2-c1f1-4587-92a4-530e16f9e9fe [39m[32m200[39m [90m24 ms - 1260[39m
[35m[HTTP][39m [90m[39m
[35m[HTTP][39m [37m-->[39m [37mGET[39m [37m/wd/hub/session/6f7e49f2-c1f1-4587-92a4-530e16f9e9fe[39m
[35m[HTTP][39m [90m{}[39m
[35m[HTTP][39m [37m<-- GET /wd/hub/session/6f7e49f2-c1f1-4587-92a4-530e16f9e9fe [39m[32m200[39m [90m27 ms - 1260[39m
[35m[HTTP][39m [90m[39m
[35m[HTTP][39m [37m-->[39m [37mGET[39m [37m/wd/hub/session/6f7e49f2-c1f1-4587-92a4-530e16f9e9fe[39m
[35m[HTTP][39m [90m{}[39m
[35m[HTTP][39m [37m<-- GET /wd/hub/session/6f7e49f2-c1f1-4587-92a4-530e16f9e9fe [39m[32m200[39m [90m25 ms - 1260[39m
[35m[HTTP][39m [90m[39m
[35m[HTTP][39m [37m-->[39m [37mGET[39m [37m/wd/hub/session/6f7e49f2-c1f1-4587-92a4-530e16f9e9fe/element/e0f6b2ea-89ab-4692-a135-6f79e44ddd68/location[39m
[35m[HTTP][39m [90m{}[39m
[35m[W3C][39m Driver proxy active, passing request on via HTTP proxy
[35m[JSONWP Proxy][39m Replacing sessionId 0cf43c37-1af7-4505-9f30-e62c4c2f0838 with 6f7e49f2-c1f1-4587-92a4-530e16f9e9fe
[35m[HTTP][39m [37m<-- GET /wd/hub/session/6f7e49f2-c1f1-4587-92a4-530e16f9e9fe/element/e0f6b2ea-89ab-4692-a135-6f79e44ddd68/location [39m[32m200[39m [90m48 ms - 88[39m
[35m[HTTP][39m [90m[39m
[35m[HTTP][39m [37m-->[39m [37mPOST[39m [37m/wd/hub/session/6f7e49f2-c1f1-4587-92a4-530e16f9e9fe/element/e0f6b2ea-89ab-4692-a135-6f79e44ddd68/clear[39m
[35m[HTTP][39m [90m{"id":"e0f6b2ea-89ab-4692-a135-6f79e44ddd68"}[39m
[35m[HTTP][39m [37m<-- POST /wd/hub/session/6f7e49f2-c1f1-4587-92a4-530e16f9e9fe/element/e0f6b2ea-89ab-4692-a135-6f79e44ddd68/clear [39m[32m200[39m [90m73 ms - 89[39m
[35m[HTTP][39m [90m[39m
[35m[HTTP][39m [37m-->[39m [37mPOST[39m [37m/wd/hub/session/6f7e49f2-c1f1-4587-92a4-530e16f9e9fe/element/e0f6b2ea-89ab-4692-a135-6f79e44ddd68/value[39m
[35m[HTTP][39m [90m{"id":"e0f6b2ea-89ab-4692-a135-6f79e44ddd68","value":["P@ssword789"]}[39m
[35m[HTTP][39m [37m<-- POST /wd/hub/session/6f7e49f2-c1f1-4587-92a4-530e16f9e9fe/element/e0f6b2ea-89ab-4692-a135-6f79e44ddd68/value [39m[32m200[39m [90m655 ms - 74[39m
[35m[HTTP][39m [90m[39m
[35m[HTTP][39m [37m-->[39m [37mGET[39m [37m/wd/hub/session/6f7e49f2-c1f1-4587-92a4-530e16f9e9fe/context[39m
[35m[HTTP][39m [90m{}[39m
[35m[HTTP][39m [37m<-- GET /wd/hub/session/6f7e49f2-c1f1-4587-92a4-530e16f9e9fe/context [39m[32m200[39m [90m5 ms - 84[39m
[35m[HTTP][39m [90m[39m
[35m[HTTP][39m [37m-->[39m [37mGET[39m [37m/wd/hub/session/6f7e49f2-c1f1-4587-92a4-530e16f9e9fe/contexts[39m
[35m[HTTP][39m [90m{}[39m
[35m[HTTP][39m [37m<-- GET /wd/hub/session/6f7e49f2-c1f1-4587-92a4-530e16f9e9fe/contexts [39m[32m200[39m [90m75 ms - 86[39m
[35m[HTTP][39m [90m[39m
[35m[HTTP][39m [37m-->[39m [37mPOST[39m [37m/wd/hub/session/6f7e49f2-c1f1-4587-92a4-530e16f9e9fe/context[39m
[35m[HTTP][39m [90m{"name":"NATIVE_APP"}[39m
[35m[HTTP][39m [37m<-- POST /wd/hub/session/6f7e49f2-c1f1-4587-92a4-530e16f9e9fe/context [39m[32m200[39m [90m92 ms - 76[39m
[35m[HTTP][39m [90m[39m
[35m[HTTP][39m [37m-->[39m [37mPOST[39m [37m/wd/hub/session/6f7e49f2-c1f1-4587-92a4-530e16f9e9fe/appium/device/hide_keyboard[39m
[35m[HTTP][39m [90m{}[39m
[35m[HTTP][39m [37m<-- POST /wd/hub/session/6f7e49f2-c1f1-4587-92a4-530e16f9e9fe/appium/device/hide_keyboard [39m[32m200[39m [90m1370 ms - 76[39m
[35m[HTTP][39m [90m[39m
[35m[HTTP][39m [37m-->[39m [37mPOST[39m [37m/wd/hub/session/6f7e49f2-c1f1-4587-92a4-530e16f9e9fe/context[39m
[35m[HTTP][39m [90m{"name":"NATIVE_APP"}[39m
[35m[HTTP][39m [37m<-- POST /wd/hub/session/6f7e49f2-c1f1-4587-92a4-530e16f9e9fe/context [39m[32m200[39m [90m83 ms - 76[39m
[35m[HTTP][39m [90m[39m
[35m[HTTP][39m [37m-->[39m [37mGET[39m [37m/wd/hub/session/6f7e49f2-c1f1-4587-92a4-530e16f9e9fe/window/current/size[39m
[35m[HTTP][39m [90m{}[39m
[35m[W3C][39m Driver proxy active, passing request on via HTTP proxy
[35m[JSONWP Proxy][39m Replacing sessionId 0cf43c37-1af7-4505-9f30-e62c4c2f0838 with 6f7e49f2-c1f1-4587-92a4-530e16f9e9fe
[35m[HTTP][39m [37m<-- GET /wd/hub/session/6f7e49f2-c1f1-4587-92a4-530e16f9e9fe/window/current/size [39m[32m200[39m [90m33 ms - 99[39m
[35m[HTTP][39m [90m[39m
[35m[HTTP][39m [37m-->[39m [37mPOST[39m [37m/wd/hub/session/6f7e49f2-c1f1-4587-92a4-530e16f9e9fe/elements[39m
[35m[HTTP][39m [90m{"using":"-android uiautomator","value":"new UiSelector().className(\"android.widget.Button\").text(\"Start Movic\").resourceId(\"id.astra.stable.movic:id/mBtnNext\").instance(0)"}[39m
[35m[HTTP][39m [37m<-- POST /wd/hub/session/6f7e49f2-c1f1-4587-92a4-530e16f9e9fe/elements [39m[32m200[39m [90m523 ms - 124[39m
[35m[HTTP][39m [90m[39m
[35m[HTTP][39m [37m-->[39m [37mGET[39m [37m/wd/hub/session/6f7e49f2-c1f1-4587-92a4-530e16f9e9fe[39m
[35m[HTTP][39m [90m{}[39m
[35m[HTTP][39m [37m<-- GET /wd/hub/session/6f7e49f2-c1f1-4587-92a4-530e16f9e9fe [39m[32m200[39m [90m16 ms - 1260[39m
[35m[HTTP][39m [90m[39m
[35m[HTTP][39m [37m-->[39m [37mGET[39m [37m/wd/hub/session/6f7e49f2-c1f1-4587-92a4-530e16f9e9fe[39m
[35m[HTTP][39m [90m{}[39m
[35m[HTTP][39m [37m<-- GET /wd/hub/session/6f7e49f2-c1f1-4587-92a4-530e16f9e9fe [39m[32m200[39m [90m17 ms - 1260[39m
[35m[HTTP][39m [90m[39m
[35m[HTTP][39m [37m-->[39m [37mGET[39m [37m/wd/hub/session/6f7e49f2-c1f1-4587-92a4-530e16f9e9fe[39m
[35m[HTTP][39m [90m{}[39m
[35m[HTTP][39m [37m<-- GET /wd/hub/session/6f7e49f2-c1f1-4587-92a4-530e16f9e9fe [39m[32m200[39m [90m21 ms - 1260[39m
[35m[HTTP][39m [90m[39m
[35m[HTTP][39m [37m-->[39m [37mGET[39m [37m/wd/hub/session/6f7e49f2-c1f1-4587-92a4-530e16f9e9fe[39m
[35m[HTTP][39m [90m{}[39m
[35m[HTTP][39m [37m<-- GET /wd/hub/session/6f7e49f2-c1f1-4587-92a4-530e16f9e9fe [39m[32m200[39m [90m22 ms - 1260[39m
[35m[HTTP][39m [90m[39m
[35m[HTTP][39m [37m-->[39m [37mGET[39m [37m/wd/hub/session/6f7e49f2-c1f1-4587-92a4-530e16f9e9fe/element/10dad84c-43fc-4bf5-bd5a-0219ffd2d745/location[39m
[35m[HTTP][39m [90m{}[39m
[35m[W3C][39m Driver proxy active, passing request on via HTTP proxy
[35m[JSONWP Proxy][39m Replacing sessionId 0cf43c37-1af7-4505-9f30-e62c4c2f0838 with 6f7e49f2-c1f1-4587-92a4-530e16f9e9fe
[35m[HTTP][39m [37m<-- GET /wd/hub/session/6f7e49f2-c1f1-4587-92a4-530e16f9e9fe/element/10dad84c-43fc-4bf5-bd5a-0219ffd2d745/location [39m[32m200[39m [90m55 ms - 89[39m
[35m[HTTP][39m [90m[39m
[35m[HTTP][39m [37m-->[39m [37mPOST[39m [37m/wd/hub/session/6f7e49f2-c1f1-4587-92a4-530e16f9e9fe/touch/perform[39m
[35m[HTTP][39m [90m{"actions":[{"action":"tap","options":{"element":"10dad84c-43fc-4bf5-bd5a-0219ffd2d745","x":1,"y":1}}]}[39m
[35m[UiAutomator2][39m calling get location: 10dad84c-43fc-4bf5-bd5a-0219ffd2d745
[35m[HTTP][39m [37m<-- POST /wd/hub/session/6f7e49f2-c1f1-4587-92a4-530e16f9e9fe/touch/perform [39m[32m200[39m [90m969 ms - 76[39m
[35m[HTTP][39m [90m[39m
[35m[HTTP][39m [37m-->[39m [37mGET[39m [37m/wd/hub/session/6f7e49f2-c1f1-4587-92a4-530e16f9e9fe/window/current/size[39m
[35m[HTTP][39m [90m{}[39m
[35m[W3C][39m Driver proxy active, passing request on via HTTP proxy
[35m[JSONWP Proxy][39m Replacing sessionId 0cf43c37-1af7-4505-9f30-e62c4c2f0838 with 6f7e49f2-c1f1-4587-92a4-530e16f9e9fe
[35m[HTTP][39m [37m<-- GET /wd/hub/session/6f7e49f2-c1f1-4587-92a4-530e16f9e9fe/window/current/size [39m[32m200[39m [90m33 ms - 99[39m
[35m[HTTP][39m [90m[39m
[35m[HTTP][39m [37m-->[39m [37mPOST[39m [37m/wd/hub/session/6f7e49f2-c1f1-4587-92a4-530e16f9e9fe/elements[39m
[35m[HTTP][39m [90m{"using":"-android uiautomator","value":"new UiSelector().text(\"Chat\")"}[39m
[35m[HTTP][39m [37m<-- POST /wd/hub/session/6f7e49f2-c1f1-4587-92a4-530e16f9e9fe/elements [39m[32m200[39m [90m40429 ms - 124[39m
[35m[HTTP][39m [90m[39m
[35m[HTTP][39m [37m-->[39m [37mGET[39m [37m/wd/hub/session/6f7e49f2-c1f1-4587-92a4-530e16f9e9fe[39m
[35m[HTTP][39m [90m{}[39m
[35m[HTTP][39m [37m<-- GET /wd/hub/session/6f7e49f2-c1f1-4587-92a4-530e16f9e9fe [39m[32m200[39m [90m20 ms - 1260[39m
[35m[HTTP][39m [90m[39m
[35m[HTTP][39m [37m-->[39m [37mGET[39m [37m/wd/hub/session/6f7e49f2-c1f1-4587-92a4-530e16f9e9fe[39m
[35m[HTTP][39m [90m{}[39m
[35m[HTTP][39m [37m<-- GET /wd/hub/session/6f7e49f2-c1f1-4587-92a4-530e16f9e9fe [39m[32m200[39m [90m20 ms - 1260[39m
[35m[HTTP][39m [90m[39m
[35m[HTTP][39m [37m-->[39m [37mGET[39m [37m/wd/hub/session/6f7e49f2-c1f1-4587-92a4-530e16f9e9fe[39m
[35m[HTTP][39m [90m{}[39m
[35m[HTTP][39m [37m<-- GET /wd/hub/session/6f7e49f2-c1f1-4587-92a4-530e16f9e9fe [39m[32m200[39m [90m27 ms - 1260[39m
[35m[HTTP][39m [90m[39m
[35m[HTTP][39m [37m-->[39m [37mGET[39m [37m/wd/hub/session/6f7e49f2-c1f1-4587-92a4-530e16f9e9fe[39m
[35m[HTTP][39m [90m{}[39m
[35m[HTTP][39m [37m<-- GET /wd/hub/session/6f7e49f2-c1f1-4587-92a4-530e16f9e9fe [39m[32m200[39m [90m24 ms - 1260[39m
[35m[HTTP][39m [90m[39m
[35m[HTTP][39m [37m-->[39m [37mGET[39m [37m/wd/hub/session/6f7e49f2-c1f1-4587-92a4-530e16f9e9fe/element/4ca9da13-976b-4040-8c28-9687502505ea/location[39m
[35m[HTTP][39m [90m{}[39m
[35m[W3C][39m Driver proxy active, passing request on via HTTP proxy
[35m[JSONWP Proxy][39m Replacing sessionId 0cf43c37-1af7-4505-9f30-e62c4c2f0838 with 6f7e49f2-c1f1-4587-92a4-530e16f9e9fe
[35m[HTTP][39m [37m<-- GET /wd/hub/session/6f7e49f2-c1f1-4587-92a4-530e16f9e9fe/element/4ca9da13-976b-4040-8c28-9687502505ea/location [39m[32m200[39m [90m10111 ms - 89[39m
[35m[HTTP][39m [90m[39m
[35m[HTTP][39m [37m-->[39m [37mPOST[39m [37m/wd/hub/session/6f7e49f2-c1f1-4587-92a4-530e16f9e9fe/touch/perform[39m
[35m[HTTP][39m [90m{"actions":[{"action":"tap","options":{"element":"4ca9da13-976b-4040-8c28-9687502505ea","x":1,"y":1}}]}[39m
[35m[UiAutomator2][39m calling get location: 4ca9da13-976b-4040-8c28-9687502505ea
[35m[HTTP][39m [37m<-- POST /wd/hub/session/6f7e49f2-c1f1-4587-92a4-530e16f9e9fe/touch/perform [39m[32m200[39m [90m30351 ms - 76[39m
[35m[HTTP][39m [90m[39m
[35m[HTTP][39m [37m-->[39m [37mGET[39m [37m/wd/hub/session/6f7e49f2-c1f1-4587-92a4-530e16f9e9fe/window/current/size[39m
[35m[HTTP][39m [90m{}[39m
[35m[W3C][39m Driver proxy active, passing request on via HTTP proxy
[35m[JSONWP Proxy][39m Replacing sessionId 0cf43c37-1af7-4505-9f30-e62c4c2f0838 with 6f7e49f2-c1f1-4587-92a4-530e16f9e9fe
[35m[HTTP][39m [37m<-- GET /wd/hub/session/6f7e49f2-c1f1-4587-92a4-530e16f9e9fe/window/current/size [39m[32m200[39m [90m29 ms - 99[39m
[35m[HTTP][39m [90m[39m
[35m[HTTP][39m [37m-->[39m [37mPOST[39m [37m/wd/hub/session/6f7e49f2-c1f1-4587-92a4-530e16f9e9fe/elements[39m
[35m[HTTP][39m [90m{"using":"-android uiautomator","value":"new UiSelector().className(\"android.widget.EditText\").text(\"Write something here...\").resourceId(\"id.astra.stable.movic:id/mMessageEditText\").instance(0)"}[39m
[35m[HTTP][39m [37m<-- POST /wd/hub/session/6f7e49f2-c1f1-4587-92a4-530e16f9e9fe/elements [39m[32m200[39m [90m94 ms - 124[39m
[35m[HTTP][39m [90m[39m
[35m[HTTP][39m [37m-->[39m [37mGET[39m [37m/wd/hub/session/6f7e49f2-c1f1-4587-92a4-530e16f9e9fe[39m
[35m[HTTP][39m [90m{}[39m
[35m[HTTP][39m [37m<-- GET /wd/hub/session/6f7e49f2-c1f1-4587-92a4-530e16f9e9fe [39m[32m200[39m [90m24 ms - 1260[39m
[35m[HTTP][39m [90m[39m
[35m[HTTP][39m [37m-->[39m [37mGET[39m [37m/wd/hub/session/6f7e49f2-c1f1-4587-92a4-530e16f9e9fe[39m
[35m[HTTP][39m [90m{}[39m
[35m[HTTP][39m [37m<-- GET /wd/hub/session/6f7e49f2-c1f1-4587-92a4-530e16f9e9fe [39m[32m200[39m [90m25 ms - 1260[39m
[35m[HTTP][39m [90m[39m
[35m[HTTP][39m [37m-->[39m [37mGET[39m [37m/wd/hub/session/6f7e49f2-c1f1-4587-92a4-530e16f9e9fe[39m
[35m[HTTP][39m [90m{}[39m
[35m[HTTP][39m [37m<-- GET /wd/hub/session/6f7e49f2-c1f1-4587-92a4-530e16f9e9fe [39m[32m200[39m [90m27 ms - 1260[39m
[35m[HTTP][39m [90m[39m
[35m[HTTP][39m [37m-->[39m [37mGET[39m [37m/wd/hub/session/6f7e49f2-c1f1-4587-92a4-530e16f9e9fe[39m
[35m[HTTP][39m [90m{}[39m
[35m[HTTP][39m [37m<-- GET /wd/hub/session/6f7e49f2-c1f1-4587-92a4-530e16f9e9fe [39m[32m200[39m [90m23 ms - 1260[39m
[35m[HTTP][39m [90m[39m
[35m[HTTP][39m [37m-->[39m [37mGET[39m [37m/wd/hub/session/6f7e49f2-c1f1-4587-92a4-530e16f9e9fe/element/370d958f-2b78-4b16-b2c2-2db5c8d291a5/location[39m
[35m[HTTP][39m [90m{}[39m
[35m[W3C][39m Driver proxy active, passing request on via HTTP proxy
[35m[JSONWP Proxy][39m Replacing sessionId 0cf43c37-1af7-4505-9f30-e62c4c2f0838 with 6f7e49f2-c1f1-4587-92a4-530e16f9e9fe
[35m[HTTP][39m [37m<-- GET /wd/hub/session/6f7e49f2-c1f1-4587-92a4-530e16f9e9fe/element/370d958f-2b78-4b16-b2c2-2db5c8d291a5/location [39m[32m200[39m [90m36 ms - 89[39m
[35m[HTTP][39m [90m[39m
[35m[HTTP][39m [37m-->[39m [37mPOST[39m [37m/wd/hub/session/6f7e49f2-c1f1-4587-92a4-530e16f9e9fe/touch/perform[39m
[35m[HTTP][39m [90m{"actions":[{"action":"tap","options":{"element":"370d958f-2b78-4b16-b2c2-2db5c8d291a5","x":1,"y":1}}]}[39m
[35m[UiAutomator2][39m calling get location: 370d958f-2b78-4b16-b2c2-2db5c8d291a5
[35m[HTTP][39m [37m<-- POST /wd/hub/session/6f7e49f2-c1f1-4587-92a4-530e16f9e9fe/touch/perform [39m[32m200[39m [90m1558 ms - 76[39m
[35m[HTTP][39m [90m[39m
[35m[HTTP][39m [37m-->[39m [37mGET[39m [37m/wd/hub/session/6f7e49f2-c1f1-4587-92a4-530e16f9e9fe/window/current/size[39m
[35m[HTTP][39m [90m{}[39m
[35m[W3C][39m Driver proxy active, passing request on via HTTP proxy
[35m[JSONWP Proxy][39m Replacing sessionId 0cf43c37-1af7-4505-9f30-e62c4c2f0838 with 6f7e49f2-c1f1-4587-92a4-530e16f9e9fe
[35m[HTTP][39m [37m<-- GET /wd/hub/session/6f7e49f2-c1f1-4587-92a4-530e16f9e9fe/window/current/size [39m[32m200[39m [90m31 ms - 99[39m
[35m[HTTP][39m [90m[39m
[35m[HTTP][39m [37m-->[39m [37mPOST[39m [37m/wd/hub/session/6f7e49f2-c1f1-4587-92a4-530e16f9e9fe/elements[39m
[35m[HTTP][39m [90m{"using":"-android uiautomator","value":"new UiSelector().className(\"android.widget.EditText\").text(\"Write something here...\").resourceId(\"id.astra.stable.movic:id/mMessageEditText\").instance(0)"}[39m
[35m[HTTP][39m [37m<-- POST /wd/hub/session/6f7e49f2-c1f1-4587-92a4-530e16f9e9fe/elements [39m[32m200[39m [90m80 ms - 124[39m
[35m[HTTP][39m [90m[39m
[35m[HTTP][39m [37m-->[39m [37mGET[39m [37m/wd/hub/session/6f7e49f2-c1f1-4587-92a4-530e16f9e9fe[39m
[35m[HTTP][39m [90m{}[39m
[35m[HTTP][39m [37m<-- GET /wd/hub/session/6f7e49f2-c1f1-4587-92a4-530e16f9e9fe [39m[32m200[39m [90m21 ms - 1260[39m
[35m[HTTP][39m [90m[39m
[35m[HTTP][39m [37m-->[39m [37mGET[39m [37m/wd/hub/session/6f7e49f2-c1f1-4587-92a4-530e16f9e9fe[39m
[35m[HTTP][39m [90m{}[39m
[35m[HTTP][39m [37m<-- GET /wd/hub/session/6f7e49f2-c1f1-4587-92a4-530e16f9e9fe [39m[32m200[39m [90m20 ms - 1260[39m
[35m[HTTP][39m [90m[39m
[35m[HTTP][39m [37m-->[39m [37mGET[39m [37m/wd/hub/session/6f7e49f2-c1f1-4587-92a4-530e16f9e9fe[39m
[35m[HTTP][39m [90m{}[39m
[35m[HTTP][39m [37m<-- GET /wd/hub/session/6f7e49f2-c1f1-4587-92a4-530e16f9e9fe [39m[32m200[39m [90m24 ms - 1260[39m
[35m[HTTP][39m [90m[39m
[35m[HTTP][39m [37m-->[39m [37mGET[39m [37m/wd/hub/session/6f7e49f2-c1f1-4587-92a4-530e16f9e9fe[39m
[35m[HTTP][39m [90m{}[39m
[35m[HTTP][39m [37m<-- GET /wd/hub/session/6f7e49f2-c1f1-4587-92a4-530e16f9e9fe [39m[32m200[39m [90m27 ms - 1260[39m
[35m[HTTP][39m [90m[39m
[35m[HTTP][39m [37m-->[39m [37mGET[39m [37m/wd/hub/session/6f7e49f2-c1f1-4587-92a4-530e16f9e9fe/element/03cbc1de-d5b9-458b-af4d-d13f406fcd85/location[39m
[35m[HTTP][39m [90m{}[39m
[35m[W3C][39m Driver proxy active, passing request on via HTTP proxy
[35m[JSONWP Proxy][39m Replacing sessionId 0cf43c37-1af7-4505-9f30-e62c4c2f0838 with 6f7e49f2-c1f1-4587-92a4-530e16f9e9fe
[35m[HTTP][39m [37m<-- GET /wd/hub/session/6f7e49f2-c1f1-4587-92a4-530e16f9e9fe/element/03cbc1de-d5b9-458b-af4d-d13f406fcd85/location [39m[32m200[39m [90m62 ms - 88[39m
[35m[HTTP][39m [90m[39m
[35m[HTTP][39m [37m-->[39m [37mPOST[39m [37m/wd/hub/session/6f7e49f2-c1f1-4587-92a4-530e16f9e9fe/element/03cbc1de-d5b9-458b-af4d-d13f406fcd85/clear[39m
[35m[HTTP][39m [90m{"id":"03cbc1de-d5b9-458b-af4d-d13f406fcd85"}[39m
[35m[HTTP][39m [37m<-- POST /wd/hub/session/6f7e49f2-c1f1-4587-92a4-530e16f9e9fe/element/03cbc1de-d5b9-458b-af4d-d13f406fcd85/clear [39m[32m200[39m [90m136 ms - 89[39m
[35m[HTTP][39m [90m[39m
[35m[HTTP][39m [37m-->[39m [37mPOST[39m [37m/wd/hub/session/6f7e49f2-c1f1-4587-92a4-530e16f9e9fe/element/03cbc1de-d5b9-458b-af4d-d13f406fcd85/value[39m
[35m[HTTP][39m [90m{"id":"03cbc1de-d5b9-458b-af4d-d13f406fcd85","value":["Chat Automation Test"]}[39m
[35m[HTTP][39m [37m<-- POST /wd/hub/session/6f7e49f2-c1f1-4587-92a4-530e16f9e9fe/element/03cbc1de-d5b9-458b-af4d-d13f406fcd85/value [39m[32m200[39m [90m1402 ms - 74[39m
[35m[HTTP][39m [90m[39m
[35m[HTTP][39m [37m-->[39m [37mGET[39m [37m/wd/hub/session/6f7e49f2-c1f1-4587-92a4-530e16f9e9fe/window/current/size[39m
[35m[HTTP][39m [90m{}[39m
[35m[W3C][39m Driver proxy active, passing request on via HTTP proxy
[35m[JSONWP Proxy][39m Replacing sessionId 0cf43c37-1af7-4505-9f30-e62c4c2f0838 with 6f7e49f2-c1f1-4587-92a4-530e16f9e9fe
[35m[HTTP][39m [37m<-- GET /wd/hub/session/6f7e49f2-c1f1-4587-92a4-530e16f9e9fe/window/current/size [39m[32m200[39m [90m32 ms - 99[39m
[35m[HTTP][39m [90m[39m
[35m[HTTP][39m [37m-->[39m [37mPOST[39m [37m/wd/hub/session/6f7e49f2-c1f1-4587-92a4-530e16f9e9fe/elements[39m
[35m[HTTP][39m [90m{"using":"-android uiautomator","value":"new UiSelector().className(\"android.widget.ImageButton\").resourceId(\"id.astra.stable.movic:id/mMessageSendButton\").instance(1)"}[39m
[35m[HTTP][39m [37m<-- POST /wd/hub/session/6f7e49f2-c1f1-4587-92a4-530e16f9e9fe/elements [39m[32m200[39m [90m566 ms - 124[39m
[35m[HTTP][39m [90m[39m
[35m[HTTP][39m [37m-->[39m [37mGET[39m [37m/wd/hub/session/6f7e49f2-c1f1-4587-92a4-530e16f9e9fe[39m
[35m[HTTP][39m [90m{}[39m
[35m[HTTP][39m [37m<-- GET /wd/hub/session/6f7e49f2-c1f1-4587-92a4-530e16f9e9fe [39m[32m200[39m [90m20 ms - 1260[39m
[35m[HTTP][39m [90m[39m
[35m[HTTP][39m [37m-->[39m [37mGET[39m [37m/wd/hub/session/6f7e49f2-c1f1-4587-92a4-530e16f9e9fe[39m
[35m[HTTP][39m [90m{}[39m
[35m[HTTP][39m [37m<-- GET /wd/hub/session/6f7e49f2-c1f1-4587-92a4-530e16f9e9fe [39m[32m200[39m [90m23 ms - 1260[39m
[35m[HTTP][39m [90m[39m
[35m[HTTP][39m [37m-->[39m [37mGET[39m [37m/wd/hub/session/6f7e49f2-c1f1-4587-92a4-530e16f9e9fe[39m
[35m[HTTP][39m [90m{}[39m
[35m[HTTP][39m [37m<-- GET /wd/hub/session/6f7e49f2-c1f1-4587-92a4-530e16f9e9fe [39m[32m200[39m [90m29 ms - 1260[39m
[35m[HTTP][39m [90m[39m
[35m[HTTP][39m [37m-->[39m [37mGET[39m [37m/wd/hub/session/6f7e49f2-c1f1-4587-92a4-530e16f9e9fe[39m
[35m[HTTP][39m [90m{}[39m
[35m[HTTP][39m [37m<-- GET /wd/hub/session/6f7e49f2-c1f1-4587-92a4-530e16f9e9fe [39m[32m200[39m [90m22 ms - 1260[39m
[35m[HTTP][39m [90m[39m
[35m[HTTP][39m [37m-->[39m [37mGET[39m [37m/wd/hub/session/6f7e49f2-c1f1-4587-92a4-530e16f9e9fe/element/53d534fb-9981-4103-ad78-842ecab67af8/location[39m
[35m[HTTP][39m [90m{}[39m
[35m[W3C][39m Driver proxy active, passing request on via HTTP proxy
[35m[JSONWP Proxy][39m Replacing sessionId 0cf43c37-1af7-4505-9f30-e62c4c2f0838 with 6f7e49f2-c1f1-4587-92a4-530e16f9e9fe
[35m[HTTP][39m [37m<-- GET /wd/hub/session/6f7e49f2-c1f1-4587-92a4-530e16f9e9fe/element/53d534fb-9981-4103-ad78-842ecab67af8/location [39m[32m200[39m [90m52 ms - 89[39m
[35m[HTTP][39m [90m[39m
[35m[HTTP][39m [37m-->[39m [37mPOST[39m [37m/wd/hub/session/6f7e49f2-c1f1-4587-92a4-530e16f9e9fe/touch/perform[39m
[35m[HTTP][39m [90m{"actions":[{"action":"tap","options":{"element":"53d534fb-9981-4103-ad78-842ecab67af8","x":1,"y":1}}]}[39m
[35m[UiAutomator2][39m calling get location: 53d534fb-9981-4103-ad78-842ecab67af8
[35m[HTTP][39m [37m<-- POST /wd/hub/session/6f7e49f2-c1f1-4587-92a4-530e16f9e9fe/touch/perform [39m[32m200[39m [90m1212 ms - 76[39m
[35m[HTTP][39m [90m[39m
[35m[HTTP][39m [37m-->[39m [37mDELETE[39m [37m/wd/hub/session/6f7e49f2-c1f1-4587-92a4-530e16f9e9fe[39m
[35m[HTTP][39m [90m{}[39m
[35m[Appium][39m Removing session 6f7e49f2-c1f1-4587-92a4-530e16f9e9fe from our master session list
[35m[HTTP][39m [37m<-- DELETE /wd/hub/session/6f7e49f2-c1f1-4587-92a4-530e16f9e9fe [39m[32m200[39m [90m1383 ms - 76[39m
[35m[HTTP][39m [90m[39m
