[35m[Appium][39m Welcome to Appium v1.8.1
[35m[Appium][39m Non-default server args:
[35m[Appium][39m   port: 57974
[35m[Appium][39m   loglevel: info
[35m[Appium][39m   chromeDriverPort: 57975
[35m[Appium][39m   tmpDir: C:\Users\ALIMSA~1\AppData\Local\Temp\\Katalon\Appium\Temp1528709515589
[35m[Appium][39m Appium REST http interface listener started on 0.0.0.0:57974
[35m[HTTP][39m [37m-->[39m [37mGET[39m [37m/wd/hub/status[39m
[35m[HTTP][39m [90m{}[39m
[35m[HTTP][39m [37m<-- GET /wd/hub/status [39m[32m200[39m [90m17 ms - 83[39m
[35m[HTTP][39m [90m[39m
[35m[HTTP][39m [37m-->[39m [37mPOST[39m [37m/wd/hub/session[39m
[35m[HTTP][39m [90m{"desiredCapabilities":{"app":"C:\\Users\\ALIMSAPUTRA\\Downloads\\Movic_0.3.2_2018-05-30-debug.apk","autoGrantPermissions":true,"deviceName":"samsung SM-J320G (Android 5.1.1)","fullReset":true,"newCommandTimeout":1800,"noReset":false,"platform":"ANDROID","platformName":"Android","udid":"4200d20faae66400"},"capabilities":{"desiredCapabilities":{"app":"C:\\Users\\ALIMSAPUTRA\\Downloads\\Movic_0.3.2_2018-05-30-debug.apk","autoGrantPermissions":true,"deviceName":"samsung SM-J320G (Android 5.1.1)","fullReset":true,"newCommandTimeout":1800,"noReset":false,"platform":"ANDROID","platformName":"Android","udid":"4200d20faae66400"},"firstMatch":[{"platformName":"android"}]}}[39m
[35m[Appium][39m Could not parse W3C capabilities: 'deviceName' can't be blank. Falling back to JSONWP protocol.
[35m[Appium][39m The following capabilities were provided in the JSONWP desired capabilities that are missing in W3C capabilities: ["app","autoGrantPermissions","deviceName","fullReset","newCommandTimeout","noReset","platform","platformName","udid"]. Falling back to JSONWP protocol.
[35m[Appium][39m Creating new AndroidDriver (v2.7.0) session
[35m[Appium][39m Capabilities:
[35m[Appium][39m   app: C:\Users\ALIMSAPUTRA\Downloads\Movic_0.3.2_2018-05-30-debug.apk
[35m[Appium][39m   autoGrantPermissions: true
[35m[Appium][39m   deviceName: samsung SM-J320G (Android 5.1.1)
[35m[Appium][39m   fullReset: true
[35m[Appium][39m   newCommandTimeout: 1800
[35m[Appium][39m   noReset: false
[35m[Appium][39m   platform: ANDROID
[35m[Appium][39m   platformName: Android
[35m[Appium][39m   udid: 4200d20faae66400
[35m[BaseDriver][39m The following capabilities were provided, but are not recognized by appium: platform.
[35m[BaseDriver][39m Session created with session id: 6cbc46d1-9f7c-446d-b1e1-a16bcf00a190
[35m[AndroidDriver][39m Java version is: 1.8.0_102
[35m[ADB][39m Checking whether adb is present
[35m[ADB][39m Found 1 'build-tools' folders under 'C:\Users\ALIMSAPUTRA\.katalon\tools\android_sdk' (newest first):
[35m[ADB][39m     C:/Users/ALIMSAPUTRA/.katalon/tools/android_sdk/build-tools/28.0.0
[35m[ADB][39m Using adb.exe from C:\Users\ALIMSAPUTRA\.katalon\tools\android_sdk\platform-tools\adb.exe
[35m[AndroidDriver][39m Retrieving device list
[35m[AndroidDriver][39m Using device: 4200d20faae66400
[35m[BaseDriver][39m Using local app 'C:\Users\ALIMSAPUTRA\Downloads\Movic_0.3.2_2018-05-30-debug.apk'
[35m[AndroidDriver][39m Starting Android session
[35m[ADB][39m Checking whether aapt is present
[35m[ADB][39m Using aapt.exe from C:\Users\ALIMSAPUTRA\.katalon\tools\android_sdk\build-tools\28.0.0\aapt.exe
[35m[AndroidDriver][39m setDeviceLanguageCountry requires language or country.
[35m[AndroidDriver][39m Got language: 'null' and country: 'null'
[35m[ADB][39m Getting device platform version
[35m[ADB][39m Using the alternative activity name detection method because of: Could not find apkanalyzer.bat in C:\Users\ALIMSAPUTRA\.katalon\tools\android_sdk\platform-tools\apkanalyzer.bat,C:\Users\ALIMSAPUTRA\.katalon\tools\android_sdk\emulator\apkanalyzer.bat,C:\Users\ALIMSAPUTRA\.katalon\tools\android_sdk\tools\apkanalyzer.bat,C:\Users\ALIMSAPUTRA\.katalon\tools\android_sdk\tools\bin\apkanalyzer.bat,C:\Users\ALIMSAPUTRA\.katalon\tools\android_sdk\build-tools\28.0.0\apkanalyzer.bat. Do you have the Android SDK installed at 'C:\Users\ALIMSAPUTRA\.katalon\tools\android_sdk'?
[35m[ADB][39m Extracting package and launch activity from manifest
[35m[ADB][39m Package name: 'id.astra.adp.movic'
[35m[ADB][39m Main activity name: 'id.astra.adp.movic.modules.main.SplashScreenActivity'
[35m[ADB][39m id.astra.adp.movic was not uninstalled, because it was not present on the device
[35m[ADB][39m Successfully extracted 533 strings from 'C:\Users\ALIMSAPUTRA\Downloads\Movic_0.3.2_2018-05-30-debug.apk' resources for '(default)' configuration
[35m[ADB][39m No uiautomator process found to kill, continuing...
[35m[AndroidBootstrap][39m Android bootstrap socket is now connected
[35m[AndroidDriver][39m Screen already unlocked, doing nothing
[35m[Appium][39m New AndroidDriver session created successfully, session 6cbc46d1-9f7c-446d-b1e1-a16bcf00a190 added to master session list
[35m[HTTP][39m [37m<-- POST /wd/hub/session [39m[32m200[39m [90m57248 ms - 1166[39m
[35m[HTTP][39m [90m[39m
[35m[HTTP][39m [37m-->[39m [37mGET[39m [37m/wd/hub/status[39m
[35m[HTTP][39m [90m{}[39m
[35m[HTTP][39m [37m<-- GET /wd/hub/status [39m[32m200[39m [90m11 ms - 55[39m
[35m[HTTP][39m [90m[39m
[35m[HTTP][39m [37m-->[39m [37mPOST[39m [37m/wd/hub/session/6cbc46d1-9f7c-446d-b1e1-a16bcf00a190/timeouts[39m
[35m[HTTP][39m [90m{"type":"implicit","ms":30000}[39m
[35m[HTTP][39m [37m<-- POST /wd/hub/session/6cbc46d1-9f7c-446d-b1e1-a16bcf00a190/timeouts [39m[33m400[39m [90m28 ms - 5500[39m
[35m[HTTP][39m [90m[39m
[35m[HTTP][39m [37m-->[39m [37mGET[39m [37m/wd/hub/session/6cbc46d1-9f7c-446d-b1e1-a16bcf00a190/window/current/size[39m
[35m[HTTP][39m [90m{}[39m
[35m[HTTP][39m [37m<-- GET /wd/hub/session/6cbc46d1-9f7c-446d-b1e1-a16bcf00a190/window/current/size [39m[32m200[39m [90m48 ms - 99[39m
[35m[HTTP][39m [90m[39m
[35m[HTTP][39m [37m-->[39m [37mPOST[39m [37m/wd/hub/session/6cbc46d1-9f7c-446d-b1e1-a16bcf00a190/elements[39m
[35m[HTTP][39m [90m{"using":"-android uiautomator","value":"new UiSelector().className(\"android.widget.TextView\").text(\"Indonesia\").resourceId(\"id.astra.adp.movic:id/mTxtIndonesia\").instance(3)"}[39m
[35m[HTTP][39m [37m<-- POST /wd/hub/session/6cbc46d1-9f7c-446d-b1e1-a16bcf00a190/elements [39m[32m200[39m [90m48 ms - 74[39m
[35m[HTTP][39m [90m[39m
[35m[HTTP][39m [37m-->[39m [37mPOST[39m [37m/wd/hub/session/6cbc46d1-9f7c-446d-b1e1-a16bcf00a190/elements[39m
[35m[HTTP][39m [90m{"using":"-android uiautomator","value":"new UiSelector().className(\"android.widget.TextView\").text(\"Indonesia\").resourceId(\"id.astra.adp.movic:id/mTxtIndonesia\").instance(3)"}[39m
[35m[HTTP][39m [37m<-- POST /wd/hub/session/6cbc46d1-9f7c-446d-b1e1-a16bcf00a190/elements [39m[32m200[39m [90m43 ms - 74[39m
[35m[HTTP][39m [90m[39m
[35m[HTTP][39m [37m-->[39m [37mPOST[39m [37m/wd/hub/session/6cbc46d1-9f7c-446d-b1e1-a16bcf00a190/elements[39m
[35m[HTTP][39m [90m{"using":"-android uiautomator","value":"new UiSelector().className(\"android.widget.TextView\").text(\"Indonesia\").resourceId(\"id.astra.adp.movic:id/mTxtIndonesia\").instance(3)"}[39m
[35m[HTTP][39m [37m<-- POST /wd/hub/session/6cbc46d1-9f7c-446d-b1e1-a16bcf00a190/elements [39m[32m200[39m [90m26 ms - 74[39m
[35m[HTTP][39m [90m[39m
[35m[HTTP][39m [37m-->[39m [37mPOST[39m [37m/wd/hub/session/6cbc46d1-9f7c-446d-b1e1-a16bcf00a190/elements[39m
[35m[HTTP][39m [90m{"using":"-android uiautomator","value":"new UiSelector().className(\"android.widget.TextView\").text(\"Indonesia\").resourceId(\"id.astra.adp.movic:id/mTxtIndonesia\").instance(3)"}[39m
[35m[HTTP][39m [37m<-- POST /wd/hub/session/6cbc46d1-9f7c-446d-b1e1-a16bcf00a190/elements [39m[32m200[39m [90m60 ms - 74[39m
[35m[HTTP][39m [90m[39m
[35m[HTTP][39m [37m-->[39m [37mPOST[39m [37m/wd/hub/session/6cbc46d1-9f7c-446d-b1e1-a16bcf00a190/elements[39m
[35m[HTTP][39m [90m{"using":"-android uiautomator","value":"new UiSelector().className(\"android.widget.TextView\").text(\"Indonesia\").resourceId(\"id.astra.adp.movic:id/mTxtIndonesia\").instance(3)"}[39m
[35m[HTTP][39m [37m<-- POST /wd/hub/session/6cbc46d1-9f7c-446d-b1e1-a16bcf00a190/elements [39m[32m200[39m [90m28 ms - 74[39m
[35m[HTTP][39m [90m[39m
[35m[HTTP][39m [37m-->[39m [37mPOST[39m [37m/wd/hub/session/6cbc46d1-9f7c-446d-b1e1-a16bcf00a190/elements[39m
[35m[HTTP][39m [90m{"using":"-android uiautomator","value":"new UiSelector().className(\"android.widget.TextView\").text(\"Indonesia\").resourceId(\"id.astra.adp.movic:id/mTxtIndonesia\").instance(3)"}[39m
[35m[HTTP][39m [37m<-- POST /wd/hub/session/6cbc46d1-9f7c-446d-b1e1-a16bcf00a190/elements [39m[32m200[39m [90m30 ms - 74[39m
[35m[HTTP][39m [90m[39m
[35m[HTTP][39m [37m-->[39m [37mPOST[39m [37m/wd/hub/session/6cbc46d1-9f7c-446d-b1e1-a16bcf00a190/elements[39m
[35m[HTTP][39m [90m{"using":"-android uiautomator","value":"new UiSelector().className(\"android.widget.TextView\").text(\"Indonesia\").resourceId(\"id.astra.adp.movic:id/mTxtIndonesia\").instance(3)"}[39m
[35m[HTTP][39m [37m<-- POST /wd/hub/session/6cbc46d1-9f7c-446d-b1e1-a16bcf00a190/elements [39m[32m200[39m [90m59 ms - 74[39m
[35m[HTTP][39m [90m[39m
[35m[HTTP][39m [37m-->[39m [37mPOST[39m [37m/wd/hub/session/6cbc46d1-9f7c-446d-b1e1-a16bcf00a190/elements[39m
[35m[HTTP][39m [90m{"using":"-android uiautomator","value":"new UiSelector().className(\"android.widget.TextView\").text(\"Indonesia\").resourceId(\"id.astra.adp.movic:id/mTxtIndonesia\").instance(3)"}[39m
[35m[HTTP][39m [37m<-- POST /wd/hub/session/6cbc46d1-9f7c-446d-b1e1-a16bcf00a190/elements [39m[32m200[39m [90m54 ms - 74[39m
[35m[HTTP][39m [90m[39m
[35m[HTTP][39m [37m-->[39m [37mPOST[39m [37m/wd/hub/session/6cbc46d1-9f7c-446d-b1e1-a16bcf00a190/elements[39m
[35m[HTTP][39m [90m{"using":"-android uiautomator","value":"new UiSelector().className(\"android.widget.TextView\").text(\"Indonesia\").resourceId(\"id.astra.adp.movic:id/mTxtIndonesia\").instance(3)"}[39m
[35m[HTTP][39m [37m<-- POST /wd/hub/session/6cbc46d1-9f7c-446d-b1e1-a16bcf00a190/elements [39m[32m200[39m [90m41 ms - 74[39m
[35m[HTTP][39m [90m[39m
[35m[HTTP][39m [37m-->[39m [37mPOST[39m [37m/wd/hub/session/6cbc46d1-9f7c-446d-b1e1-a16bcf00a190/elements[39m
[35m[HTTP][39m [90m{"using":"-android uiautomator","value":"new UiSelector().className(\"android.widget.TextView\").text(\"Indonesia\").resourceId(\"id.astra.adp.movic:id/mTxtIndonesia\").instance(3)"}[39m
[35m[HTTP][39m [37m<-- POST /wd/hub/session/6cbc46d1-9f7c-446d-b1e1-a16bcf00a190/elements [39m[32m200[39m [90m51 ms - 74[39m
[35m[HTTP][39m [90m[39m
[35m[HTTP][39m [37m-->[39m [37mPOST[39m [37m/wd/hub/session/6cbc46d1-9f7c-446d-b1e1-a16bcf00a190/elements[39m
[35m[HTTP][39m [90m{"using":"-android uiautomator","value":"new UiSelector().className(\"android.widget.TextView\").text(\"Indonesia\").resourceId(\"id.astra.adp.movic:id/mTxtIndonesia\").instance(3)"}[39m
[35m[HTTP][39m [37m<-- POST /wd/hub/session/6cbc46d1-9f7c-446d-b1e1-a16bcf00a190/elements [39m[32m200[39m [90m43 ms - 74[39m
[35m[HTTP][39m [90m[39m
[35m[HTTP][39m [37m-->[39m [37mPOST[39m [37m/wd/hub/session/6cbc46d1-9f7c-446d-b1e1-a16bcf00a190/elements[39m
[35m[HTTP][39m [90m{"using":"-android uiautomator","value":"new UiSelector().className(\"android.widget.TextView\").text(\"Indonesia\").resourceId(\"id.astra.adp.movic:id/mTxtIndonesia\").instance(3)"}[39m
[35m[HTTP][39m [37m<-- POST /wd/hub/session/6cbc46d1-9f7c-446d-b1e1-a16bcf00a190/elements [39m[32m200[39m [90m1470 ms - 89[39m
[35m[HTTP][39m [90m[39m
[35m[HTTP][39m [37m-->[39m [37mGET[39m [37m/wd/hub/session/6cbc46d1-9f7c-446d-b1e1-a16bcf00a190[39m
[35m[HTTP][39m [90m{}[39m
[35m[HTTP][39m [37m<-- GET /wd/hub/session/6cbc46d1-9f7c-446d-b1e1-a16bcf00a190 [39m[32m200[39m [90m4 ms - 1166[39m
[35m[HTTP][39m [90m[39m
[35m[HTTP][39m [37m-->[39m [37mGET[39m [37m/wd/hub/session/6cbc46d1-9f7c-446d-b1e1-a16bcf00a190[39m
[35m[HTTP][39m [90m{}[39m
[35m[HTTP][39m [37m<-- GET /wd/hub/session/6cbc46d1-9f7c-446d-b1e1-a16bcf00a190 [39m[32m200[39m [90m5 ms - 1166[39m
[35m[HTTP][39m [90m[39m
[35m[HTTP][39m [37m-->[39m [37mGET[39m [37m/wd/hub/session/6cbc46d1-9f7c-446d-b1e1-a16bcf00a190[39m
[35m[HTTP][39m [90m{}[39m
[35m[HTTP][39m [37m<-- GET /wd/hub/session/6cbc46d1-9f7c-446d-b1e1-a16bcf00a190 [39m[32m200[39m [90m4 ms - 1166[39m
[35m[HTTP][39m [90m[39m
[35m[HTTP][39m [37m-->[39m [37mGET[39m [37m/wd/hub/session/6cbc46d1-9f7c-446d-b1e1-a16bcf00a190[39m
[35m[HTTP][39m [90m{}[39m
[35m[HTTP][39m [37m<-- GET /wd/hub/session/6cbc46d1-9f7c-446d-b1e1-a16bcf00a190 [39m[32m200[39m [90m4 ms - 1166[39m
[35m[HTTP][39m [90m[39m
[35m[HTTP][39m [37m-->[39m [37mGET[39m [37m/wd/hub/session/6cbc46d1-9f7c-446d-b1e1-a16bcf00a190/element/1/location[39m
[35m[HTTP][39m [90m{}[39m
[35m[HTTP][39m [37m<-- GET /wd/hub/session/6cbc46d1-9f7c-446d-b1e1-a16bcf00a190/element/1/location [39m[32m200[39m [90m25 ms - 89[39m
[35m[HTTP][39m [90m[39m
[35m[HTTP][39m [37m-->[39m [37mPOST[39m [37m/wd/hub/session/6cbc46d1-9f7c-446d-b1e1-a16bcf00a190/touch/perform[39m
[35m[HTTP][39m [90m{"actions":[{"action":"tap","options":{"element":"1","x":1,"y":1}}]}[39m
[35m[HTTP][39m [37m<-- POST /wd/hub/session/6cbc46d1-9f7c-446d-b1e1-a16bcf00a190/touch/perform [39m[32m200[39m [90m410 ms - 76[39m
[35m[HTTP][39m [90m[39m
[35m[HTTP][39m [37m-->[39m [37mGET[39m [37m/wd/hub/session/6cbc46d1-9f7c-446d-b1e1-a16bcf00a190/window/current/size[39m
[35m[HTTP][39m [90m{}[39m
[35m[HTTP][39m [37m<-- GET /wd/hub/session/6cbc46d1-9f7c-446d-b1e1-a16bcf00a190/window/current/size [39m[32m200[39m [90m12 ms - 99[39m
[35m[HTTP][39m [90m[39m
[35m[HTTP][39m [37m-->[39m [37mPOST[39m [37m/wd/hub/session/6cbc46d1-9f7c-446d-b1e1-a16bcf00a190/elements[39m
[35m[HTTP][39m [90m{"using":"-android uiautomator","value":"new UiSelector().className(\"android.widget.ImageView\").resourceId(\"id.astra.adp.movic:id/mImgSkip\").instance(4)"}[39m
[35m[HTTP][39m [37m<-- POST /wd/hub/session/6cbc46d1-9f7c-446d-b1e1-a16bcf00a190/elements [39m[32m200[39m [90m582 ms - 89[39m
[35m[HTTP][39m [90m[39m
[35m[HTTP][39m [37m-->[39m [37mGET[39m [37m/wd/hub/session/6cbc46d1-9f7c-446d-b1e1-a16bcf00a190[39m
[35m[HTTP][39m [90m{}[39m
[35m[HTTP][39m [37m<-- GET /wd/hub/session/6cbc46d1-9f7c-446d-b1e1-a16bcf00a190 [39m[32m200[39m [90m3 ms - 1166[39m
[35m[HTTP][39m [90m[39m
[35m[HTTP][39m [37m-->[39m [37mGET[39m [37m/wd/hub/session/6cbc46d1-9f7c-446d-b1e1-a16bcf00a190[39m
[35m[HTTP][39m [90m{}[39m
[35m[HTTP][39m [37m<-- GET /wd/hub/session/6cbc46d1-9f7c-446d-b1e1-a16bcf00a190 [39m[32m200[39m [90m4 ms - 1166[39m
[35m[HTTP][39m [90m[39m
[35m[HTTP][39m [37m-->[39m [37mGET[39m [37m/wd/hub/session/6cbc46d1-9f7c-446d-b1e1-a16bcf00a190[39m
[35m[HTTP][39m [90m{}[39m
[35m[HTTP][39m [37m<-- GET /wd/hub/session/6cbc46d1-9f7c-446d-b1e1-a16bcf00a190 [39m[32m200[39m [90m3 ms - 1166[39m
[35m[HTTP][39m [90m[39m
[35m[HTTP][39m [37m-->[39m [37mGET[39m [37m/wd/hub/session/6cbc46d1-9f7c-446d-b1e1-a16bcf00a190[39m
[35m[HTTP][39m [90m{}[39m
[35m[HTTP][39m [37m<-- GET /wd/hub/session/6cbc46d1-9f7c-446d-b1e1-a16bcf00a190 [39m[32m200[39m [90m3 ms - 1166[39m
[35m[HTTP][39m [90m[39m
[35m[HTTP][39m [37m-->[39m [37mGET[39m [37m/wd/hub/session/6cbc46d1-9f7c-446d-b1e1-a16bcf00a190/element/2/location[39m
[35m[HTTP][39m [90m{}[39m
[35m[HTTP][39m [37m<-- GET /wd/hub/session/6cbc46d1-9f7c-446d-b1e1-a16bcf00a190/element/2/location [39m[32m200[39m [90m48 ms - 90[39m
[35m[HTTP][39m [90m[39m
[35m[HTTP][39m [37m-->[39m [37mPOST[39m [37m/wd/hub/session/6cbc46d1-9f7c-446d-b1e1-a16bcf00a190/touch/perform[39m
[35m[HTTP][39m [90m{"actions":[{"action":"tap","options":{"element":"2","x":1,"y":1}}]}[39m
[35m[HTTP][39m [37m<-- POST /wd/hub/session/6cbc46d1-9f7c-446d-b1e1-a16bcf00a190/touch/perform [39m[32m200[39m [90m656 ms - 76[39m
[35m[HTTP][39m [90m[39m
[35m[HTTP][39m [37m-->[39m [37mGET[39m [37m/wd/hub/session/6cbc46d1-9f7c-446d-b1e1-a16bcf00a190/window/current/size[39m
[35m[HTTP][39m [90m{}[39m
[35m[HTTP][39m [37m<-- GET /wd/hub/session/6cbc46d1-9f7c-446d-b1e1-a16bcf00a190/window/current/size [39m[32m200[39m [90m13 ms - 99[39m
[35m[HTTP][39m [90m[39m
[35m[HTTP][39m [37m-->[39m [37mPOST[39m [37m/wd/hub/session/6cbc46d1-9f7c-446d-b1e1-a16bcf00a190/elements[39m
[35m[HTTP][39m [90m{"using":"-android uiautomator","value":"new UiSelector().className(\"android.widget.TextView\").text(\"Lewati\").resourceId(\"id.astra.adp.movic:id/tvSkip\").instance(2)"}[39m
[35m[HTTP][39m [37m<-- POST /wd/hub/session/6cbc46d1-9f7c-446d-b1e1-a16bcf00a190/elements [39m[32m200[39m [90m679 ms - 89[39m
[35m[HTTP][39m [90m[39m
[35m[HTTP][39m [37m-->[39m [37mGET[39m [37m/wd/hub/session/6cbc46d1-9f7c-446d-b1e1-a16bcf00a190[39m
[35m[HTTP][39m [90m{}[39m
[35m[HTTP][39m [37m<-- GET /wd/hub/session/6cbc46d1-9f7c-446d-b1e1-a16bcf00a190 [39m[32m200[39m [90m4 ms - 1166[39m
[35m[HTTP][39m [90m[39m
[35m[HTTP][39m [37m-->[39m [37mGET[39m [37m/wd/hub/session/6cbc46d1-9f7c-446d-b1e1-a16bcf00a190[39m
[35m[HTTP][39m [90m{}[39m
[35m[HTTP][39m [37m<-- GET /wd/hub/session/6cbc46d1-9f7c-446d-b1e1-a16bcf00a190 [39m[32m200[39m [90m4 ms - 1166[39m
[35m[HTTP][39m [90m[39m
[35m[HTTP][39m [37m-->[39m [37mGET[39m [37m/wd/hub/session/6cbc46d1-9f7c-446d-b1e1-a16bcf00a190[39m
[35m[HTTP][39m [90m{}[39m
[35m[HTTP][39m [37m<-- GET /wd/hub/session/6cbc46d1-9f7c-446d-b1e1-a16bcf00a190 [39m[32m200[39m [90m4 ms - 1166[39m
[35m[HTTP][39m [90m[39m
[35m[HTTP][39m [37m-->[39m [37mGET[39m [37m/wd/hub/session/6cbc46d1-9f7c-446d-b1e1-a16bcf00a190[39m
[35m[HTTP][39m [90m{}[39m
[35m[HTTP][39m [37m<-- GET /wd/hub/session/6cbc46d1-9f7c-446d-b1e1-a16bcf00a190 [39m[32m200[39m [90m4 ms - 1166[39m
[35m[HTTP][39m [90m[39m
[35m[HTTP][39m [37m-->[39m [37mGET[39m [37m/wd/hub/session/6cbc46d1-9f7c-446d-b1e1-a16bcf00a190/element/3/location[39m
[35m[HTTP][39m [90m{}[39m
[35m[HTTP][39m [37m<-- GET /wd/hub/session/6cbc46d1-9f7c-446d-b1e1-a16bcf00a190/element/3/location [39m[32m200[39m [90m19 ms - 89[39m
[35m[HTTP][39m [90m[39m
[35m[HTTP][39m [37m-->[39m [37mPOST[39m [37m/wd/hub/session/6cbc46d1-9f7c-446d-b1e1-a16bcf00a190/touch/perform[39m
[35m[HTTP][39m [90m{"actions":[{"action":"tap","options":{"element":"3","x":1,"y":1}}]}[39m
[35m[HTTP][39m [37m<-- POST /wd/hub/session/6cbc46d1-9f7c-446d-b1e1-a16bcf00a190/touch/perform [39m[32m200[39m [90m1188 ms - 76[39m
[35m[HTTP][39m [90m[39m
[35m[HTTP][39m [37m-->[39m [37mGET[39m [37m/wd/hub/session/6cbc46d1-9f7c-446d-b1e1-a16bcf00a190/window/current/size[39m
[35m[HTTP][39m [90m{}[39m
[35m[HTTP][39m [37m<-- GET /wd/hub/session/6cbc46d1-9f7c-446d-b1e1-a16bcf00a190/window/current/size [39m[32m200[39m [90m14 ms - 99[39m
[35m[HTTP][39m [90m[39m
[35m[HTTP][39m [37m-->[39m [37mPOST[39m [37m/wd/hub/session/6cbc46d1-9f7c-446d-b1e1-a16bcf00a190/elements[39m
[35m[HTTP][39m [90m{"using":"-android uiautomator","value":"new UiSelector().className(\"android.widget.TextView\").text(\"Log in\").resourceId(\"id.astra.adp.movic:id/mTxtLogin\").instance(0)"}[39m
[35m[HTTP][39m [37m<-- POST /wd/hub/session/6cbc46d1-9f7c-446d-b1e1-a16bcf00a190/elements [39m[32m200[39m [90m498 ms - 89[39m
[35m[HTTP][39m [90m[39m
[35m[HTTP][39m [37m-->[39m [37mGET[39m [37m/wd/hub/session/6cbc46d1-9f7c-446d-b1e1-a16bcf00a190[39m
[35m[HTTP][39m [90m{}[39m
[35m[HTTP][39m [37m<-- GET /wd/hub/session/6cbc46d1-9f7c-446d-b1e1-a16bcf00a190 [39m[32m200[39m [90m4 ms - 1166[39m
[35m[HTTP][39m [90m[39m
[35m[HTTP][39m [37m-->[39m [37mGET[39m [37m/wd/hub/session/6cbc46d1-9f7c-446d-b1e1-a16bcf00a190[39m
[35m[HTTP][39m [90m{}[39m
[35m[HTTP][39m [37m<-- GET /wd/hub/session/6cbc46d1-9f7c-446d-b1e1-a16bcf00a190 [39m[32m200[39m [90m6 ms - 1166[39m
[35m[HTTP][39m [90m[39m
[35m[HTTP][39m [37m-->[39m [37mGET[39m [37m/wd/hub/session/6cbc46d1-9f7c-446d-b1e1-a16bcf00a190[39m
[35m[HTTP][39m [90m{}[39m
[35m[HTTP][39m [37m<-- GET /wd/hub/session/6cbc46d1-9f7c-446d-b1e1-a16bcf00a190 [39m[32m200[39m [90m3 ms - 1166[39m
[35m[HTTP][39m [90m[39m
[35m[HTTP][39m [37m-->[39m [37mGET[39m [37m/wd/hub/session/6cbc46d1-9f7c-446d-b1e1-a16bcf00a190[39m
[35m[HTTP][39m [90m{}[39m
[35m[HTTP][39m [37m<-- GET /wd/hub/session/6cbc46d1-9f7c-446d-b1e1-a16bcf00a190 [39m[32m200[39m [90m7 ms - 1166[39m
[35m[HTTP][39m [90m[39m
[35m[HTTP][39m [37m-->[39m [37mGET[39m [37m/wd/hub/session/6cbc46d1-9f7c-446d-b1e1-a16bcf00a190/element/4/location[39m
[35m[HTTP][39m [90m{}[39m
[35m[HTTP][39m [37m<-- GET /wd/hub/session/6cbc46d1-9f7c-446d-b1e1-a16bcf00a190/element/4/location [39m[32m200[39m [90m58 ms - 89[39m
[35m[HTTP][39m [90m[39m
[35m[HTTP][39m [37m-->[39m [37mPOST[39m [37m/wd/hub/session/6cbc46d1-9f7c-446d-b1e1-a16bcf00a190/touch/perform[39m
[35m[HTTP][39m [90m{"actions":[{"action":"tap","options":{"element":"4","x":1,"y":1}}]}[39m
[35m[HTTP][39m [37m<-- POST /wd/hub/session/6cbc46d1-9f7c-446d-b1e1-a16bcf00a190/touch/perform [39m[32m200[39m [90m749 ms - 76[39m
[35m[HTTP][39m [90m[39m
[35m[HTTP][39m [37m-->[39m [37mGET[39m [37m/wd/hub/session/6cbc46d1-9f7c-446d-b1e1-a16bcf00a190/window/current/size[39m
[35m[HTTP][39m [90m{}[39m
[35m[HTTP][39m [37m<-- GET /wd/hub/session/6cbc46d1-9f7c-446d-b1e1-a16bcf00a190/window/current/size [39m[32m200[39m [90m10 ms - 99[39m
[35m[HTTP][39m [90m[39m
[35m[HTTP][39m [37m-->[39m [37mPOST[39m [37m/wd/hub/session/6cbc46d1-9f7c-446d-b1e1-a16bcf00a190/elements[39m
[35m[HTTP][39m [90m{"using":"-android uiautomator","value":"new UiSelector().className(\"android.widget.EditText\").resourceId(\"id.astra.adp.movic:id/mTxtUsername\").instance(0)"}[39m
[35m[HTTP][39m [37m<-- POST /wd/hub/session/6cbc46d1-9f7c-446d-b1e1-a16bcf00a190/elements [39m[32m200[39m [90m471 ms - 89[39m
[35m[HTTP][39m [90m[39m
[35m[HTTP][39m [37m-->[39m [37mGET[39m [37m/wd/hub/session/6cbc46d1-9f7c-446d-b1e1-a16bcf00a190[39m
[35m[HTTP][39m [90m{}[39m
[35m[HTTP][39m [37m<-- GET /wd/hub/session/6cbc46d1-9f7c-446d-b1e1-a16bcf00a190 [39m[32m200[39m [90m3 ms - 1166[39m
[35m[HTTP][39m [90m[39m
[35m[HTTP][39m [37m-->[39m [37mGET[39m [37m/wd/hub/session/6cbc46d1-9f7c-446d-b1e1-a16bcf00a190[39m
[35m[HTTP][39m [90m{}[39m
[35m[HTTP][39m [37m<-- GET /wd/hub/session/6cbc46d1-9f7c-446d-b1e1-a16bcf00a190 [39m[32m200[39m [90m4 ms - 1166[39m
[35m[HTTP][39m [90m[39m
[35m[HTTP][39m [37m-->[39m [37mGET[39m [37m/wd/hub/session/6cbc46d1-9f7c-446d-b1e1-a16bcf00a190[39m
[35m[HTTP][39m [90m{}[39m
[35m[HTTP][39m [37m<-- GET /wd/hub/session/6cbc46d1-9f7c-446d-b1e1-a16bcf00a190 [39m[32m200[39m [90m3 ms - 1166[39m
[35m[HTTP][39m [90m[39m
[35m[HTTP][39m [37m-->[39m [37mGET[39m [37m/wd/hub/session/6cbc46d1-9f7c-446d-b1e1-a16bcf00a190[39m
[35m[HTTP][39m [90m{}[39m
[35m[HTTP][39m [37m<-- GET /wd/hub/session/6cbc46d1-9f7c-446d-b1e1-a16bcf00a190 [39m[32m200[39m [90m5 ms - 1166[39m
[35m[HTTP][39m [90m[39m
[35m[HTTP][39m [37m-->[39m [37mGET[39m [37m/wd/hub/session/6cbc46d1-9f7c-446d-b1e1-a16bcf00a190/element/5/location[39m
[35m[HTTP][39m [90m{}[39m
[35m[HTTP][39m [37m<-- GET /wd/hub/session/6cbc46d1-9f7c-446d-b1e1-a16bcf00a190/element/5/location [39m[32m200[39m [90m35 ms - 88[39m
[35m[HTTP][39m [90m[39m
[35m[HTTP][39m [37m-->[39m [37mPOST[39m [37m/wd/hub/session/6cbc46d1-9f7c-446d-b1e1-a16bcf00a190/element/5/clear[39m
[35m[HTTP][39m [90m{"id":"5"}[39m
[35m[HTTP][39m [37m<-- POST /wd/hub/session/6cbc46d1-9f7c-446d-b1e1-a16bcf00a190/element/5/clear [39m[32m200[39m [90m4708 ms - 76[39m
[35m[HTTP][39m [90m[39m
[35m[HTTP][39m [37m-->[39m [37mPOST[39m [37m/wd/hub/session/6cbc46d1-9f7c-446d-b1e1-a16bcf00a190/element/5/value[39m
[35m[HTTP][39m [90m{"id":"5","value":["ali.saputra@wgs.co.id"]}[39m
[35m[HTTP][39m [37m<-- POST /wd/hub/session/6cbc46d1-9f7c-446d-b1e1-a16bcf00a190/element/5/value [39m[32m200[39m [90m5609 ms - 76[39m
[35m[HTTP][39m [90m[39m
[35m[HTTP][39m [37m-->[39m [37mGET[39m [37m/wd/hub/session/6cbc46d1-9f7c-446d-b1e1-a16bcf00a190/window/current/size[39m
[35m[HTTP][39m [90m{}[39m
[35m[HTTP][39m [37m<-- GET /wd/hub/session/6cbc46d1-9f7c-446d-b1e1-a16bcf00a190/window/current/size [39m[32m200[39m [90m12 ms - 99[39m
[35m[HTTP][39m [90m[39m
[35m[HTTP][39m [37m-->[39m [37mPOST[39m [37m/wd/hub/session/6cbc46d1-9f7c-446d-b1e1-a16bcf00a190/elements[39m
[35m[HTTP][39m [90m{"using":"-android uiautomator","value":"new UiSelector().className(\"android.widget.Button\").text(\"Next\").resourceId(\"id.astra.adp.movic:id/mBtnNext\").instance(0)"}[39m
[35m[HTTP][39m [37m<-- POST /wd/hub/session/6cbc46d1-9f7c-446d-b1e1-a16bcf00a190/elements [39m[32m200[39m [90m597 ms - 89[39m
[35m[HTTP][39m [90m[39m
[35m[HTTP][39m [37m-->[39m [37mGET[39m [37m/wd/hub/session/6cbc46d1-9f7c-446d-b1e1-a16bcf00a190[39m
[35m[HTTP][39m [90m{}[39m
[35m[HTTP][39m [37m<-- GET /wd/hub/session/6cbc46d1-9f7c-446d-b1e1-a16bcf00a190 [39m[32m200[39m [90m4 ms - 1166[39m
[35m[HTTP][39m [90m[39m
[35m[HTTP][39m [37m-->[39m [37mGET[39m [37m/wd/hub/session/6cbc46d1-9f7c-446d-b1e1-a16bcf00a190[39m
[35m[HTTP][39m [90m{}[39m
[35m[HTTP][39m [37m<-- GET /wd/hub/session/6cbc46d1-9f7c-446d-b1e1-a16bcf00a190 [39m[32m200[39m [90m3 ms - 1166[39m
[35m[HTTP][39m [90m[39m
[35m[HTTP][39m [37m-->[39m [37mGET[39m [37m/wd/hub/session/6cbc46d1-9f7c-446d-b1e1-a16bcf00a190[39m
[35m[HTTP][39m [90m{}[39m
[35m[HTTP][39m [37m<-- GET /wd/hub/session/6cbc46d1-9f7c-446d-b1e1-a16bcf00a190 [39m[32m200[39m [90m3 ms - 1166[39m
[35m[HTTP][39m [90m[39m
[35m[HTTP][39m [37m-->[39m [37mGET[39m [37m/wd/hub/session/6cbc46d1-9f7c-446d-b1e1-a16bcf00a190[39m
[35m[HTTP][39m [90m{}[39m
[35m[HTTP][39m [37m<-- GET /wd/hub/session/6cbc46d1-9f7c-446d-b1e1-a16bcf00a190 [39m[32m200[39m [90m3 ms - 1166[39m
[35m[HTTP][39m [90m[39m
[35m[HTTP][39m [37m-->[39m [37mGET[39m [37m/wd/hub/session/6cbc46d1-9f7c-446d-b1e1-a16bcf00a190/element/6/location[39m
[35m[HTTP][39m [90m{}[39m
[35m[HTTP][39m [37m<-- GET /wd/hub/session/6cbc46d1-9f7c-446d-b1e1-a16bcf00a190/element/6/location [39m[32m200[39m [90m32 ms - 89[39m
[35m[HTTP][39m [90m[39m
[35m[HTTP][39m [37m-->[39m [37mPOST[39m [37m/wd/hub/session/6cbc46d1-9f7c-446d-b1e1-a16bcf00a190/touch/perform[39m
[35m[HTTP][39m [90m{"actions":[{"action":"tap","options":{"element":"6","x":1,"y":1}}]}[39m
[35m[HTTP][39m [37m<-- POST /wd/hub/session/6cbc46d1-9f7c-446d-b1e1-a16bcf00a190/touch/perform [39m[32m200[39m [90m584 ms - 76[39m
[35m[HTTP][39m [90m[39m
[35m[HTTP][39m [37m-->[39m [37mGET[39m [37m/wd/hub/session/6cbc46d1-9f7c-446d-b1e1-a16bcf00a190/window/current/size[39m
[35m[HTTP][39m [90m{}[39m
[35m[HTTP][39m [37m<-- GET /wd/hub/session/6cbc46d1-9f7c-446d-b1e1-a16bcf00a190/window/current/size [39m[32m200[39m [90m12 ms - 99[39m
[35m[HTTP][39m [90m[39m
[35m[HTTP][39m [37m-->[39m [37mPOST[39m [37m/wd/hub/session/6cbc46d1-9f7c-446d-b1e1-a16bcf00a190/elements[39m
[35m[HTTP][39m [90m{"using":"-android uiautomator","value":"new UiSelector().className(\"android.widget.EditText\").resourceId(\"id.astra.adp.movic:id/mTxtPassword\").instance(0)"}[39m
[35m[HTTP][39m [37m<-- POST /wd/hub/session/6cbc46d1-9f7c-446d-b1e1-a16bcf00a190/elements [39m[32m200[39m [90m696 ms - 74[39m
[35m[HTTP][39m [90m[39m
[35m[HTTP][39m [37m-->[39m [37mPOST[39m [37m/wd/hub/session/6cbc46d1-9f7c-446d-b1e1-a16bcf00a190/elements[39m
[35m[HTTP][39m [90m{"using":"-android uiautomator","value":"new UiSelector().className(\"android.widget.EditText\").resourceId(\"id.astra.adp.movic:id/mTxtPassword\").instance(0)"}[39m
[35m[HTTP][39m [37m<-- POST /wd/hub/session/6cbc46d1-9f7c-446d-b1e1-a16bcf00a190/elements [39m[32m200[39m [90m1338 ms - 89[39m
[35m[HTTP][39m [90m[39m
[35m[HTTP][39m [37m-->[39m [37mGET[39m [37m/wd/hub/session/6cbc46d1-9f7c-446d-b1e1-a16bcf00a190[39m
[35m[HTTP][39m [90m{}[39m
[35m[HTTP][39m [37m<-- GET /wd/hub/session/6cbc46d1-9f7c-446d-b1e1-a16bcf00a190 [39m[32m200[39m [90m3 ms - 1166[39m
[35m[HTTP][39m [90m[39m
[35m[HTTP][39m [37m-->[39m [37mGET[39m [37m/wd/hub/session/6cbc46d1-9f7c-446d-b1e1-a16bcf00a190[39m
[35m[HTTP][39m [90m{}[39m
[35m[HTTP][39m [37m<-- GET /wd/hub/session/6cbc46d1-9f7c-446d-b1e1-a16bcf00a190 [39m[32m200[39m [90m6 ms - 1166[39m
[35m[HTTP][39m [90m[39m
[35m[HTTP][39m [37m-->[39m [37mGET[39m [37m/wd/hub/session/6cbc46d1-9f7c-446d-b1e1-a16bcf00a190[39m
[35m[HTTP][39m [90m{}[39m
[35m[HTTP][39m [37m<-- GET /wd/hub/session/6cbc46d1-9f7c-446d-b1e1-a16bcf00a190 [39m[32m200[39m [90m4 ms - 1166[39m
[35m[HTTP][39m [90m[39m
[35m[HTTP][39m [37m-->[39m [37mGET[39m [37m/wd/hub/session/6cbc46d1-9f7c-446d-b1e1-a16bcf00a190[39m
[35m[HTTP][39m [90m{}[39m
[35m[HTTP][39m [37m<-- GET /wd/hub/session/6cbc46d1-9f7c-446d-b1e1-a16bcf00a190 [39m[32m200[39m [90m3 ms - 1166[39m
[35m[HTTP][39m [90m[39m
[35m[HTTP][39m [37m-->[39m [37mGET[39m [37m/wd/hub/session/6cbc46d1-9f7c-446d-b1e1-a16bcf00a190/element/7/location[39m
[35m[HTTP][39m [90m{}[39m
[35m[HTTP][39m [37m<-- GET /wd/hub/session/6cbc46d1-9f7c-446d-b1e1-a16bcf00a190/element/7/location [39m[32m200[39m [90m33 ms - 88[39m
[35m[HTTP][39m [90m[39m
[35m[HTTP][39m [37m-->[39m [37mPOST[39m [37m/wd/hub/session/6cbc46d1-9f7c-446d-b1e1-a16bcf00a190/touch/perform[39m
[35m[HTTP][39m [90m{"actions":[{"action":"tap","options":{"element":"7","x":1,"y":1}}]}[39m
[35m[HTTP][39m [37m<-- POST /wd/hub/session/6cbc46d1-9f7c-446d-b1e1-a16bcf00a190/touch/perform [39m[32m200[39m [90m3189 ms - 76[39m
[35m[HTTP][39m [90m[39m
[35m[HTTP][39m [37m-->[39m [37mGET[39m [37m/wd/hub/session/6cbc46d1-9f7c-446d-b1e1-a16bcf00a190/window/current/size[39m
[35m[HTTP][39m [90m{}[39m
[35m[HTTP][39m [37m<-- GET /wd/hub/session/6cbc46d1-9f7c-446d-b1e1-a16bcf00a190/window/current/size [39m[32m200[39m [90m14 ms - 99[39m
[35m[HTTP][39m [90m[39m
[35m[HTTP][39m [37m-->[39m [37mPOST[39m [37m/wd/hub/session/6cbc46d1-9f7c-446d-b1e1-a16bcf00a190/elements[39m
[35m[HTTP][39m [90m{"using":"-android uiautomator","value":"new UiSelector().className(\"android.widget.EditText\").resourceId(\"id.astra.adp.movic:id/mTxtPassword\").instance(0)"}[39m
[35m[HTTP][39m [37m<-- POST /wd/hub/session/6cbc46d1-9f7c-446d-b1e1-a16bcf00a190/elements [39m[32m200[39m [90m104 ms - 89[39m
[35m[HTTP][39m [90m[39m
[35m[HTTP][39m [37m-->[39m [37mGET[39m [37m/wd/hub/session/6cbc46d1-9f7c-446d-b1e1-a16bcf00a190[39m
[35m[HTTP][39m [90m{}[39m
[35m[HTTP][39m [37m<-- GET /wd/hub/session/6cbc46d1-9f7c-446d-b1e1-a16bcf00a190 [39m[32m200[39m [90m7 ms - 1166[39m
[35m[HTTP][39m [90m[39m
[35m[HTTP][39m [37m-->[39m [37mGET[39m [37m/wd/hub/session/6cbc46d1-9f7c-446d-b1e1-a16bcf00a190[39m
[35m[HTTP][39m [90m{}[39m
[35m[HTTP][39m [37m<-- GET /wd/hub/session/6cbc46d1-9f7c-446d-b1e1-a16bcf00a190 [39m[32m200[39m [90m7 ms - 1166[39m
[35m[HTTP][39m [90m[39m
[35m[HTTP][39m [37m-->[39m [37mGET[39m [37m/wd/hub/session/6cbc46d1-9f7c-446d-b1e1-a16bcf00a190[39m
[35m[HTTP][39m [90m{}[39m
[35m[HTTP][39m [37m<-- GET /wd/hub/session/6cbc46d1-9f7c-446d-b1e1-a16bcf00a190 [39m[32m200[39m [90m7 ms - 1166[39m
[35m[HTTP][39m [90m[39m
[35m[HTTP][39m [37m-->[39m [37mGET[39m [37m/wd/hub/session/6cbc46d1-9f7c-446d-b1e1-a16bcf00a190[39m
[35m[HTTP][39m [90m{}[39m
[35m[HTTP][39m [37m<-- GET /wd/hub/session/6cbc46d1-9f7c-446d-b1e1-a16bcf00a190 [39m[32m200[39m [90m9 ms - 1166[39m
[35m[HTTP][39m [90m[39m
[35m[HTTP][39m [37m-->[39m [37mGET[39m [37m/wd/hub/session/6cbc46d1-9f7c-446d-b1e1-a16bcf00a190/element/8/location[39m
[35m[HTTP][39m [90m{}[39m
[35m[HTTP][39m [37m<-- GET /wd/hub/session/6cbc46d1-9f7c-446d-b1e1-a16bcf00a190/element/8/location [39m[32m200[39m [90m29 ms - 88[39m
[35m[HTTP][39m [90m[39m
[35m[HTTP][39m [37m-->[39m [37mPOST[39m [37m/wd/hub/session/6cbc46d1-9f7c-446d-b1e1-a16bcf00a190/element/8/clear[39m
[35m[HTTP][39m [90m{"id":"8"}[39m
[35m[HTTP][39m [37m<-- POST /wd/hub/session/6cbc46d1-9f7c-446d-b1e1-a16bcf00a190/element/8/clear [39m[32m200[39m [90m8446 ms - 76[39m
[35m[HTTP][39m [90m[39m
[35m[HTTP][39m [37m-->[39m [37mPOST[39m [37m/wd/hub/session/6cbc46d1-9f7c-446d-b1e1-a16bcf00a190/element/8/value[39m
[35m[HTTP][39m [90m{"id":"8","value":["Walden1234"]}[39m
[35m[HTTP][39m [37m<-- POST /wd/hub/session/6cbc46d1-9f7c-446d-b1e1-a16bcf00a190/element/8/value [39m[32m200[39m [90m6241 ms - 76[39m
[35m[HTTP][39m [90m[39m
[35m[HTTP][39m [37m-->[39m [37mGET[39m [37m/wd/hub/session/6cbc46d1-9f7c-446d-b1e1-a16bcf00a190/window/current/size[39m
[35m[HTTP][39m [90m{}[39m
[35m[HTTP][39m [37m<-- GET /wd/hub/session/6cbc46d1-9f7c-446d-b1e1-a16bcf00a190/window/current/size [39m[32m200[39m [90m12 ms - 99[39m
[35m[HTTP][39m [90m[39m
[35m[HTTP][39m [37m-->[39m [37mPOST[39m [37m/wd/hub/session/6cbc46d1-9f7c-446d-b1e1-a16bcf00a190/elements[39m
[35m[HTTP][39m [90m{"using":"-android uiautomator","value":"new UiSelector().className(\"android.widget.Button\").text(\"Mulai Movic\").resourceId(\"id.astra.adp.movic:id/mBtnNext\").instance(0)"}[39m
[35m[HTTP][39m [37m<-- POST /wd/hub/session/6cbc46d1-9f7c-446d-b1e1-a16bcf00a190/elements [39m[32m200[39m [90m604 ms - 89[39m
[35m[HTTP][39m [90m[39m
[35m[HTTP][39m [37m-->[39m [37mGET[39m [37m/wd/hub/session/6cbc46d1-9f7c-446d-b1e1-a16bcf00a190[39m
[35m[HTTP][39m [90m{}[39m
[35m[HTTP][39m [37m<-- GET /wd/hub/session/6cbc46d1-9f7c-446d-b1e1-a16bcf00a190 [39m[32m200[39m [90m5 ms - 1166[39m
[35m[HTTP][39m [90m[39m
[35m[HTTP][39m [37m-->[39m [37mGET[39m [37m/wd/hub/session/6cbc46d1-9f7c-446d-b1e1-a16bcf00a190[39m
[35m[HTTP][39m [90m{}[39m
[35m[HTTP][39m [37m<-- GET /wd/hub/session/6cbc46d1-9f7c-446d-b1e1-a16bcf00a190 [39m[32m200[39m [90m6 ms - 1166[39m
[35m[HTTP][39m [90m[39m
[35m[HTTP][39m [37m-->[39m [37mGET[39m [37m/wd/hub/session/6cbc46d1-9f7c-446d-b1e1-a16bcf00a190[39m
[35m[HTTP][39m [90m{}[39m
[35m[HTTP][39m [37m<-- GET /wd/hub/session/6cbc46d1-9f7c-446d-b1e1-a16bcf00a190 [39m[32m200[39m [90m3 ms - 1166[39m
[35m[HTTP][39m [90m[39m
[35m[HTTP][39m [37m-->[39m [37mGET[39m [37m/wd/hub/session/6cbc46d1-9f7c-446d-b1e1-a16bcf00a190[39m
[35m[HTTP][39m [90m{}[39m
[35m[HTTP][39m [37m<-- GET /wd/hub/session/6cbc46d1-9f7c-446d-b1e1-a16bcf00a190 [39m[32m200[39m [90m3 ms - 1166[39m
[35m[HTTP][39m [90m[39m
[35m[HTTP][39m [37m-->[39m [37mGET[39m [37m/wd/hub/session/6cbc46d1-9f7c-446d-b1e1-a16bcf00a190/element/9/location[39m
[35m[HTTP][39m [90m{}[39m
[35m[HTTP][39m [37m<-- GET /wd/hub/session/6cbc46d1-9f7c-446d-b1e1-a16bcf00a190/element/9/location [39m[32m200[39m [90m27 ms - 89[39m
[35m[HTTP][39m [90m[39m
[35m[HTTP][39m [37m-->[39m [37mPOST[39m [37m/wd/hub/session/6cbc46d1-9f7c-446d-b1e1-a16bcf00a190/touch/perform[39m
[35m[HTTP][39m [90m{"actions":[{"action":"tap","options":{"element":"9","x":1,"y":1}}]}[39m
[35m[HTTP][39m [37m<-- POST /wd/hub/session/6cbc46d1-9f7c-446d-b1e1-a16bcf00a190/touch/perform [39m[32m200[39m [90m430 ms - 76[39m
[35m[HTTP][39m [90m[39m
[35m[HTTP][39m [37m-->[39m [37mGET[39m [37m/wd/hub/session/6cbc46d1-9f7c-446d-b1e1-a16bcf00a190/window/current/size[39m
[35m[HTTP][39m [90m{}[39m
[35m[HTTP][39m [37m<-- GET /wd/hub/session/6cbc46d1-9f7c-446d-b1e1-a16bcf00a190/window/current/size [39m[32m200[39m [90m13 ms - 99[39m
[35m[HTTP][39m [90m[39m
[35m[HTTP][39m [37m-->[39m [37mPOST[39m [37m/wd/hub/session/6cbc46d1-9f7c-446d-b1e1-a16bcf00a190/elements[39m
[35m[HTTP][39m [90m{"using":"-android uiautomator","value":"new UiSelector().className(\"android.widget.ImageView\").resourceId(\"id.astra.adp.movic:id/ivLeftAction\").instance(0)"}[39m
[35m[HTTP][39m [37m<-- POST /wd/hub/session/6cbc46d1-9f7c-446d-b1e1-a16bcf00a190/elements [39m[32m200[39m [90m3098 ms - 90[39m
[35m[HTTP][39m [90m[39m
[35m[HTTP][39m [37m-->[39m [37mGET[39m [37m/wd/hub/session/6cbc46d1-9f7c-446d-b1e1-a16bcf00a190[39m
[35m[HTTP][39m [90m{}[39m
[35m[HTTP][39m [37m<-- GET /wd/hub/session/6cbc46d1-9f7c-446d-b1e1-a16bcf00a190 [39m[32m200[39m [90m5 ms - 1166[39m
[35m[HTTP][39m [90m[39m
[35m[HTTP][39m [37m-->[39m [37mGET[39m [37m/wd/hub/session/6cbc46d1-9f7c-446d-b1e1-a16bcf00a190[39m
[35m[HTTP][39m [90m{}[39m
[35m[HTTP][39m [37m<-- GET /wd/hub/session/6cbc46d1-9f7c-446d-b1e1-a16bcf00a190 [39m[32m200[39m [90m4 ms - 1166[39m
[35m[HTTP][39m [90m[39m
[35m[HTTP][39m [37m-->[39m [37mGET[39m [37m/wd/hub/session/6cbc46d1-9f7c-446d-b1e1-a16bcf00a190[39m
[35m[HTTP][39m [90m{}[39m
[35m[HTTP][39m [37m<-- GET /wd/hub/session/6cbc46d1-9f7c-446d-b1e1-a16bcf00a190 [39m[32m200[39m [90m4 ms - 1166[39m
[35m[HTTP][39m [90m[39m
[35m[HTTP][39m [37m-->[39m [37mGET[39m [37m/wd/hub/session/6cbc46d1-9f7c-446d-b1e1-a16bcf00a190[39m
[35m[HTTP][39m [90m{}[39m
[35m[HTTP][39m [37m<-- GET /wd/hub/session/6cbc46d1-9f7c-446d-b1e1-a16bcf00a190 [39m[32m200[39m [90m5 ms - 1166[39m
[35m[HTTP][39m [90m[39m
[35m[HTTP][39m [37m-->[39m [37mGET[39m [37m/wd/hub/session/6cbc46d1-9f7c-446d-b1e1-a16bcf00a190/element/10/location[39m
[35m[HTTP][39m [90m{}[39m
[35m[HTTP][39m [37m<-- GET /wd/hub/session/6cbc46d1-9f7c-446d-b1e1-a16bcf00a190/element/10/location [39m[32m200[39m [90m42 ms - 86[39m
[35m[HTTP][39m [90m[39m
[35m[HTTP][39m [37m-->[39m [37mGET[39m [37m/wd/hub/session/6cbc46d1-9f7c-446d-b1e1-a16bcf00a190/element/10/displayed[39m
[35m[HTTP][39m [90m{}[39m
[35m[HTTP][39m [37m<-- GET /wd/hub/session/6cbc46d1-9f7c-446d-b1e1-a16bcf00a190/element/10/displayed [39m[32m200[39m [90m46 ms - 76[39m
[35m[HTTP][39m [90m[39m
[35m[HTTP][39m [37m-->[39m [37mGET[39m [37m/wd/hub/session/6cbc46d1-9f7c-446d-b1e1-a16bcf00a190/window/current/size[39m
[35m[HTTP][39m [90m{}[39m
[35m[HTTP][39m [37m<-- GET /wd/hub/session/6cbc46d1-9f7c-446d-b1e1-a16bcf00a190/window/current/size [39m[32m200[39m [90m32 ms - 99[39m
[35m[HTTP][39m [90m[39m
[35m[HTTP][39m [37m-->[39m [37mPOST[39m [37m/wd/hub/session/6cbc46d1-9f7c-446d-b1e1-a16bcf00a190/elements[39m
[35m[HTTP][39m [90m{"using":"-android uiautomator","value":"new UiSelector().className(\"android.widget.ImageView\").resourceId(\"id.astra.adp.movic:id/ivLeftAction\").instance(0)"}[39m
[35m[HTTP][39m [37m<-- POST /wd/hub/session/6cbc46d1-9f7c-446d-b1e1-a16bcf00a190/elements [39m[32m200[39m [90m262 ms - 90[39m
[35m[HTTP][39m [90m[39m
[35m[HTTP][39m [37m-->[39m [37mGET[39m [37m/wd/hub/session/6cbc46d1-9f7c-446d-b1e1-a16bcf00a190[39m
[35m[HTTP][39m [90m{}[39m
[35m[HTTP][39m [37m<-- GET /wd/hub/session/6cbc46d1-9f7c-446d-b1e1-a16bcf00a190 [39m[32m200[39m [90m5 ms - 1166[39m
[35m[HTTP][39m [90m[39m
[35m[HTTP][39m [37m-->[39m [37mGET[39m [37m/wd/hub/session/6cbc46d1-9f7c-446d-b1e1-a16bcf00a190[39m
[35m[HTTP][39m [90m{}[39m
[35m[HTTP][39m [37m<-- GET /wd/hub/session/6cbc46d1-9f7c-446d-b1e1-a16bcf00a190 [39m[32m200[39m [90m4 ms - 1166[39m
[35m[HTTP][39m [90m[39m
[35m[HTTP][39m [37m-->[39m [37mGET[39m [37m/wd/hub/session/6cbc46d1-9f7c-446d-b1e1-a16bcf00a190[39m
[35m[HTTP][39m [90m{}[39m
[35m[HTTP][39m [37m<-- GET /wd/hub/session/6cbc46d1-9f7c-446d-b1e1-a16bcf00a190 [39m[32m200[39m [90m4 ms - 1166[39m
[35m[HTTP][39m [90m[39m
[35m[HTTP][39m [37m-->[39m [37mGET[39m [37m/wd/hub/session/6cbc46d1-9f7c-446d-b1e1-a16bcf00a190[39m
[35m[HTTP][39m [90m{}[39m
[35m[HTTP][39m [37m<-- GET /wd/hub/session/6cbc46d1-9f7c-446d-b1e1-a16bcf00a190 [39m[32m200[39m [90m3 ms - 1166[39m
[35m[HTTP][39m [90m[39m
[35m[HTTP][39m [37m-->[39m [37mGET[39m [37m/wd/hub/session/6cbc46d1-9f7c-446d-b1e1-a16bcf00a190/element/11/location[39m
[35m[HTTP][39m [90m{}[39m
[35m[HTTP][39m [37m<-- GET /wd/hub/session/6cbc46d1-9f7c-446d-b1e1-a16bcf00a190/element/11/location [39m[32m200[39m [90m28 ms - 86[39m
[35m[HTTP][39m [90m[39m
[35m[HTTP][39m [37m-->[39m [37mPOST[39m [37m/wd/hub/session/6cbc46d1-9f7c-446d-b1e1-a16bcf00a190/touch/perform[39m
[35m[HTTP][39m [90m{"actions":[{"action":"tap","options":{"element":"11","x":1,"y":1}}]}[39m
[35m[HTTP][39m [37m<-- POST /wd/hub/session/6cbc46d1-9f7c-446d-b1e1-a16bcf00a190/touch/perform [39m[32m200[39m [90m268 ms - 76[39m
[35m[HTTP][39m [90m[39m
[35m[HTTP][39m [37m-->[39m [37mGET[39m [37m/wd/hub/session/6cbc46d1-9f7c-446d-b1e1-a16bcf00a190/window/current/size[39m
[35m[HTTP][39m [90m{}[39m
[35m[HTTP][39m [37m<-- GET /wd/hub/session/6cbc46d1-9f7c-446d-b1e1-a16bcf00a190/window/current/size [39m[32m200[39m [90m11 ms - 99[39m
[35m[HTTP][39m [90m[39m
[35m[HTTP][39m [37m-->[39m [37mPOST[39m [37m/wd/hub/session/6cbc46d1-9f7c-446d-b1e1-a16bcf00a190/elements[39m
[35m[HTTP][39m [90m{"using":"-android uiautomator","value":"new UiSelector().className(\"android.widget.TextView\").text(\"Switch to vehicle owner\").resourceId(\"id.astra.adp.movic:id/tvVo\").instance(15)"}[39m
[35m[HTTP][39m [37m<-- POST /wd/hub/session/6cbc46d1-9f7c-446d-b1e1-a16bcf00a190/elements [39m[32m200[39m [90m1025 ms - 90[39m
[35m[HTTP][39m [90m[39m
[35m[HTTP][39m [37m-->[39m [37mGET[39m [37m/wd/hub/session/6cbc46d1-9f7c-446d-b1e1-a16bcf00a190[39m
[35m[HTTP][39m [90m{}[39m
[35m[HTTP][39m [37m<-- GET /wd/hub/session/6cbc46d1-9f7c-446d-b1e1-a16bcf00a190 [39m[32m200[39m [90m5 ms - 1166[39m
[35m[HTTP][39m [90m[39m
[35m[HTTP][39m [37m-->[39m [37mGET[39m [37m/wd/hub/session/6cbc46d1-9f7c-446d-b1e1-a16bcf00a190[39m
[35m[HTTP][39m [90m{}[39m
[35m[HTTP][39m [37m<-- GET /wd/hub/session/6cbc46d1-9f7c-446d-b1e1-a16bcf00a190 [39m[32m200[39m [90m4 ms - 1166[39m
[35m[HTTP][39m [90m[39m
[35m[HTTP][39m [37m-->[39m [37mGET[39m [37m/wd/hub/session/6cbc46d1-9f7c-446d-b1e1-a16bcf00a190[39m
[35m[HTTP][39m [90m{}[39m
[35m[HTTP][39m [37m<-- GET /wd/hub/session/6cbc46d1-9f7c-446d-b1e1-a16bcf00a190 [39m[32m200[39m [90m3 ms - 1166[39m
[35m[HTTP][39m [90m[39m
[35m[HTTP][39m [37m-->[39m [37mGET[39m [37m/wd/hub/session/6cbc46d1-9f7c-446d-b1e1-a16bcf00a190[39m
[35m[HTTP][39m [90m{}[39m
[35m[HTTP][39m [37m<-- GET /wd/hub/session/6cbc46d1-9f7c-446d-b1e1-a16bcf00a190 [39m[32m200[39m [90m3 ms - 1166[39m
[35m[HTTP][39m [90m[39m
[35m[HTTP][39m [37m-->[39m [37mGET[39m [37m/wd/hub/session/6cbc46d1-9f7c-446d-b1e1-a16bcf00a190/element/12/location[39m
[35m[HTTP][39m [90m{}[39m
[35m[HTTP][39m [37m<-- GET /wd/hub/session/6cbc46d1-9f7c-446d-b1e1-a16bcf00a190/element/12/location [39m[32m200[39m [90m38 ms - 88[39m
[35m[HTTP][39m [90m[39m
[35m[HTTP][39m [37m-->[39m [37mPOST[39m [37m/wd/hub/session/6cbc46d1-9f7c-446d-b1e1-a16bcf00a190/touch/perform[39m
[35m[HTTP][39m [90m{"actions":[{"action":"tap","options":{"element":"12","x":1,"y":1}}]}[39m
[35m[HTTP][39m [37m<-- POST /wd/hub/session/6cbc46d1-9f7c-446d-b1e1-a16bcf00a190/touch/perform [39m[32m200[39m [90m600 ms - 76[39m
[35m[HTTP][39m [90m[39m
[35m[HTTP][39m [37m-->[39m [37mGET[39m [37m/wd/hub/session/6cbc46d1-9f7c-446d-b1e1-a16bcf00a190/window/current/size[39m
[35m[HTTP][39m [90m{}[39m
[35m[HTTP][39m [37m<-- GET /wd/hub/session/6cbc46d1-9f7c-446d-b1e1-a16bcf00a190/window/current/size [39m[32m200[39m [90m11 ms - 99[39m
[35m[HTTP][39m [90m[39m
[35m[HTTP][39m [37m-->[39m [37mPOST[39m [37m/wd/hub/session/6cbc46d1-9f7c-446d-b1e1-a16bcf00a190/elements[39m
[35m[HTTP][39m [90m{"using":"-android uiautomator","value":"new UiSelector().className(\"android.widget.Button\").text(\"Get Started\").resourceId(\"id.astra.adp.movic:id/mBtnStarted\").instance(0)"}[39m
[35m[HTTP][39m [37m<-- POST /wd/hub/session/6cbc46d1-9f7c-446d-b1e1-a16bcf00a190/elements [39m[32m200[39m [90m2781 ms - 74[39m
[35m[HTTP][39m [90m[39m
[35m[HTTP][39m [37m-->[39m [37mPOST[39m [37m/wd/hub/session/6cbc46d1-9f7c-446d-b1e1-a16bcf00a190/elements[39m
[35m[HTTP][39m [90m{"using":"-android uiautomator","value":"new UiSelector().className(\"android.widget.Button\").text(\"Get Started\").resourceId(\"id.astra.adp.movic:id/mBtnStarted\").instance(0)"}[39m
[35m[HTTP][39m [37m<-- POST /wd/hub/session/6cbc46d1-9f7c-446d-b1e1-a16bcf00a190/elements [39m[32m200[39m [90m114 ms - 74[39m
[35m[HTTP][39m [90m[39m
[35m[HTTP][39m [37m-->[39m [37mPOST[39m [37m/wd/hub/session/6cbc46d1-9f7c-446d-b1e1-a16bcf00a190/elements[39m
[35m[HTTP][39m [90m{"using":"-android uiautomator","value":"new UiSelector().className(\"android.widget.Button\").text(\"Get Started\").resourceId(\"id.astra.adp.movic:id/mBtnStarted\").instance(0)"}[39m
[35m[HTTP][39m [37m<-- POST /wd/hub/session/6cbc46d1-9f7c-446d-b1e1-a16bcf00a190/elements [39m[32m200[39m [90m139 ms - 74[39m
[35m[HTTP][39m [90m[39m
[35m[HTTP][39m [37m-->[39m [37mPOST[39m [37m/wd/hub/session/6cbc46d1-9f7c-446d-b1e1-a16bcf00a190/elements[39m
[35m[HTTP][39m [90m{"using":"-android uiautomator","value":"new UiSelector().className(\"android.widget.Button\").text(\"Get Started\").resourceId(\"id.astra.adp.movic:id/mBtnStarted\").instance(0)"}[39m
[35m[HTTP][39m [37m<-- POST /wd/hub/session/6cbc46d1-9f7c-446d-b1e1-a16bcf00a190/elements [39m[32m200[39m [90m205 ms - 74[39m
[35m[HTTP][39m [90m[39m
[35m[HTTP][39m [37m-->[39m [37mPOST[39m [37m/wd/hub/session/6cbc46d1-9f7c-446d-b1e1-a16bcf00a190/elements[39m
[35m[HTTP][39m [90m{"using":"-android uiautomator","value":"new UiSelector().className(\"android.widget.Button\").text(\"Get Started\").resourceId(\"id.astra.adp.movic:id/mBtnStarted\").instance(0)"}[39m
[35m[HTTP][39m [37m<-- POST /wd/hub/session/6cbc46d1-9f7c-446d-b1e1-a16bcf00a190/elements [39m[32m200[39m [90m98 ms - 74[39m
[35m[HTTP][39m [90m[39m
[35m[HTTP][39m [37m-->[39m [37mPOST[39m [37m/wd/hub/session/6cbc46d1-9f7c-446d-b1e1-a16bcf00a190/elements[39m
[35m[HTTP][39m [90m{"using":"-android uiautomator","value":"new UiSelector().className(\"android.widget.Button\").text(\"Get Started\").resourceId(\"id.astra.adp.movic:id/mBtnStarted\").instance(0)"}[39m
[35m[HTTP][39m [37m<-- POST /wd/hub/session/6cbc46d1-9f7c-446d-b1e1-a16bcf00a190/elements [39m[32m200[39m [90m83 ms - 74[39m
[35m[HTTP][39m [90m[39m
[35m[HTTP][39m [37m-->[39m [37mPOST[39m [37m/wd/hub/session/6cbc46d1-9f7c-446d-b1e1-a16bcf00a190/elements[39m
[35m[HTTP][39m [90m{"using":"-android uiautomator","value":"new UiSelector().className(\"android.widget.Button\").text(\"Get Started\").resourceId(\"id.astra.adp.movic:id/mBtnStarted\").instance(0)"}[39m
[35m[HTTP][39m [37m<-- POST /wd/hub/session/6cbc46d1-9f7c-446d-b1e1-a16bcf00a190/elements [39m[32m200[39m [90m206 ms - 74[39m
[35m[HTTP][39m [90m[39m
[35m[HTTP][39m [37m-->[39m [37mPOST[39m [37m/wd/hub/session/6cbc46d1-9f7c-446d-b1e1-a16bcf00a190/elements[39m
[35m[HTTP][39m [90m{"using":"-android uiautomator","value":"new UiSelector().className(\"android.widget.Button\").text(\"Get Started\").resourceId(\"id.astra.adp.movic:id/mBtnStarted\").instance(0)"}[39m
[35m[HTTP][39m [37m<-- POST /wd/hub/session/6cbc46d1-9f7c-446d-b1e1-a16bcf00a190/elements [39m[32m200[39m [90m95 ms - 74[39m
[35m[HTTP][39m [90m[39m
[35m[HTTP][39m [37m-->[39m [37mPOST[39m [37m/wd/hub/session/6cbc46d1-9f7c-446d-b1e1-a16bcf00a190/elements[39m
[35m[HTTP][39m [90m{"using":"-android uiautomator","value":"new UiSelector().className(\"android.widget.Button\").text(\"Get Started\").resourceId(\"id.astra.adp.movic:id/mBtnStarted\").instance(0)"}[39m
[35m[HTTP][39m [37m<-- POST /wd/hub/session/6cbc46d1-9f7c-446d-b1e1-a16bcf00a190/elements [39m[32m200[39m [90m108 ms - 74[39m
[35m[HTTP][39m [90m[39m
[35m[HTTP][39m [37m-->[39m [37mPOST[39m [37m/wd/hub/session/6cbc46d1-9f7c-446d-b1e1-a16bcf00a190/elements[39m
[35m[HTTP][39m [90m{"using":"-android uiautomator","value":"new UiSelector().className(\"android.widget.Button\").text(\"Get Started\").resourceId(\"id.astra.adp.movic:id/mBtnStarted\").instance(0)"}[39m
[35m[HTTP][39m [37m<-- POST /wd/hub/session/6cbc46d1-9f7c-446d-b1e1-a16bcf00a190/elements [39m[32m200[39m [90m212 ms - 74[39m
[35m[HTTP][39m [90m[39m
[35m[HTTP][39m [37m-->[39m [37mPOST[39m [37m/wd/hub/session/6cbc46d1-9f7c-446d-b1e1-a16bcf00a190/elements[39m
[35m[HTTP][39m [90m{"using":"-android uiautomator","value":"new UiSelector().className(\"android.widget.Button\").text(\"Get Started\").resourceId(\"id.astra.adp.movic:id/mBtnStarted\").instance(0)"}[39m
[35m[HTTP][39m [37m<-- POST /wd/hub/session/6cbc46d1-9f7c-446d-b1e1-a16bcf00a190/elements [39m[32m200[39m [90m199 ms - 74[39m
[35m[HTTP][39m [90m[39m
[35m[HTTP][39m [37m-->[39m [37mPOST[39m [37m/wd/hub/session/6cbc46d1-9f7c-446d-b1e1-a16bcf00a190/elements[39m
[35m[HTTP][39m [90m{"using":"-android uiautomator","value":"new UiSelector().className(\"android.widget.Button\").text(\"Get Started\").resourceId(\"id.astra.adp.movic:id/mBtnStarted\").instance(0)"}[39m
[35m[HTTP][39m [37m<-- POST /wd/hub/session/6cbc46d1-9f7c-446d-b1e1-a16bcf00a190/elements [39m[32m200[39m [90m102 ms - 74[39m
[35m[HTTP][39m [90m[39m
[35m[HTTP][39m [37m-->[39m [37mPOST[39m [37m/wd/hub/session/6cbc46d1-9f7c-446d-b1e1-a16bcf00a190/elements[39m
[35m[HTTP][39m [90m{"using":"-android uiautomator","value":"new UiSelector().className(\"android.widget.Button\").text(\"Get Started\").resourceId(\"id.astra.adp.movic:id/mBtnStarted\").instance(0)"}[39m
[35m[HTTP][39m [37m<-- POST /wd/hub/session/6cbc46d1-9f7c-446d-b1e1-a16bcf00a190/elements [39m[32m200[39m [90m91 ms - 74[39m
[35m[HTTP][39m [90m[39m
[35m[HTTP][39m [37m-->[39m [37mPOST[39m [37m/wd/hub/session/6cbc46d1-9f7c-446d-b1e1-a16bcf00a190/elements[39m
[35m[HTTP][39m [90m{"using":"-android uiautomator","value":"new UiSelector().className(\"android.widget.Button\").text(\"Get Started\").resourceId(\"id.astra.adp.movic:id/mBtnStarted\").instance(0)"}[39m
[35m[HTTP][39m [37m<-- POST /wd/hub/session/6cbc46d1-9f7c-446d-b1e1-a16bcf00a190/elements [39m[32m200[39m [90m117 ms - 74[39m
[35m[HTTP][39m [90m[39m
[35m[HTTP][39m [37m-->[39m [37mPOST[39m [37m/wd/hub/session/6cbc46d1-9f7c-446d-b1e1-a16bcf00a190/elements[39m
[35m[HTTP][39m [90m{"using":"-android uiautomator","value":"new UiSelector().className(\"android.widget.Button\").text(\"Get Started\").resourceId(\"id.astra.adp.movic:id/mBtnStarted\").instance(0)"}[39m
[35m[HTTP][39m [37m<-- POST /wd/hub/session/6cbc46d1-9f7c-446d-b1e1-a16bcf00a190/elements [39m[32m200[39m [90m205 ms - 74[39m
[35m[HTTP][39m [90m[39m
[35m[HTTP][39m [37m-->[39m [37mPOST[39m [37m/wd/hub/session/6cbc46d1-9f7c-446d-b1e1-a16bcf00a190/elements[39m
[35m[HTTP][39m [90m{"using":"-android uiautomator","value":"new UiSelector().className(\"android.widget.Button\").text(\"Get Started\").resourceId(\"id.astra.adp.movic:id/mBtnStarted\").instance(0)"}[39m
[35m[HTTP][39m [37m<-- POST /wd/hub/session/6cbc46d1-9f7c-446d-b1e1-a16bcf00a190/elements [39m[32m200[39m [90m87 ms - 74[39m
[35m[HTTP][39m [90m[39m
[35m[HTTP][39m [37m-->[39m [37mPOST[39m [37m/wd/hub/session/6cbc46d1-9f7c-446d-b1e1-a16bcf00a190/elements[39m
[35m[HTTP][39m [90m{"using":"-android uiautomator","value":"new UiSelector().className(\"android.widget.Button\").text(\"Get Started\").resourceId(\"id.astra.adp.movic:id/mBtnStarted\").instance(0)"}[39m
[35m[HTTP][39m [37m<-- POST /wd/hub/session/6cbc46d1-9f7c-446d-b1e1-a16bcf00a190/elements [39m[32m200[39m [90m200 ms - 74[39m
[35m[HTTP][39m [90m[39m
[35m[HTTP][39m [37m-->[39m [37mPOST[39m [37m/wd/hub/session/6cbc46d1-9f7c-446d-b1e1-a16bcf00a190/elements[39m
[35m[HTTP][39m [90m{"using":"-android uiautomator","value":"new UiSelector().className(\"android.widget.Button\").text(\"Get Started\").resourceId(\"id.astra.adp.movic:id/mBtnStarted\").instance(0)"}[39m
[35m[HTTP][39m [37m<-- POST /wd/hub/session/6cbc46d1-9f7c-446d-b1e1-a16bcf00a190/elements [39m[32m200[39m [90m87 ms - 74[39m
[35m[HTTP][39m [90m[39m
[35m[HTTP][39m [37m-->[39m [37mPOST[39m [37m/wd/hub/session/6cbc46d1-9f7c-446d-b1e1-a16bcf00a190/elements[39m
[35m[HTTP][39m [90m{"using":"-android uiautomator","value":"new UiSelector().className(\"android.widget.Button\").text(\"Get Started\").resourceId(\"id.astra.adp.movic:id/mBtnStarted\").instance(0)"}[39m
[35m[HTTP][39m [37m<-- POST /wd/hub/session/6cbc46d1-9f7c-446d-b1e1-a16bcf00a190/elements [39m[32m200[39m [90m96 ms - 74[39m
[35m[HTTP][39m [90m[39m
[35m[HTTP][39m [37m-->[39m [37mPOST[39m [37m/wd/hub/session/6cbc46d1-9f7c-446d-b1e1-a16bcf00a190/elements[39m
[35m[HTTP][39m [90m{"using":"-android uiautomator","value":"new UiSelector().className(\"android.widget.Button\").text(\"Get Started\").resourceId(\"id.astra.adp.movic:id/mBtnStarted\").instance(0)"}[39m
[35m[HTTP][39m [37m<-- POST /wd/hub/session/6cbc46d1-9f7c-446d-b1e1-a16bcf00a190/elements [39m[32m200[39m [90m204 ms - 74[39m
[35m[HTTP][39m [90m[39m
[35m[HTTP][39m [37m-->[39m [37mPOST[39m [37m/wd/hub/session/6cbc46d1-9f7c-446d-b1e1-a16bcf00a190/elements[39m
[35m[HTTP][39m [90m{"using":"-android uiautomator","value":"new UiSelector().className(\"android.widget.Button\").text(\"Get Started\").resourceId(\"id.astra.adp.movic:id/mBtnStarted\").instance(0)"}[39m
[35m[HTTP][39m [37m<-- POST /wd/hub/session/6cbc46d1-9f7c-446d-b1e1-a16bcf00a190/elements [39m[32m200[39m [90m85 ms - 74[39m
[35m[HTTP][39m [90m[39m
[35m[HTTP][39m [37m-->[39m [37mPOST[39m [37m/wd/hub/session/6cbc46d1-9f7c-446d-b1e1-a16bcf00a190/elements[39m
[35m[HTTP][39m [90m{"using":"-android uiautomator","value":"new UiSelector().className(\"android.widget.Button\").text(\"Get Started\").resourceId(\"id.astra.adp.movic:id/mBtnStarted\").instance(0)"}[39m
[35m[HTTP][39m [37m<-- POST /wd/hub/session/6cbc46d1-9f7c-446d-b1e1-a16bcf00a190/elements [39m[32m200[39m [90m201 ms - 74[39m
[35m[HTTP][39m [90m[39m
[35m[HTTP][39m [37m-->[39m [37mPOST[39m [37m/wd/hub/session/6cbc46d1-9f7c-446d-b1e1-a16bcf00a190/elements[39m
[35m[HTTP][39m [90m{"using":"-android uiautomator","value":"new UiSelector().className(\"android.widget.Button\").text(\"Get Started\").resourceId(\"id.astra.adp.movic:id/mBtnStarted\").instance(0)"}[39m
[35m[HTTP][39m [37m<-- POST /wd/hub/session/6cbc46d1-9f7c-446d-b1e1-a16bcf00a190/elements [39m[32m200[39m [90m201 ms - 74[39m
[35m[HTTP][39m [90m[39m
[35m[HTTP][39m [37m-->[39m [37mPOST[39m [37m/wd/hub/session/6cbc46d1-9f7c-446d-b1e1-a16bcf00a190/elements[39m
[35m[HTTP][39m [90m{"using":"-android uiautomator","value":"new UiSelector().className(\"android.widget.Button\").text(\"Get Started\").resourceId(\"id.astra.adp.movic:id/mBtnStarted\").instance(0)"}[39m
[35m[HTTP][39m [37m<-- POST /wd/hub/session/6cbc46d1-9f7c-446d-b1e1-a16bcf00a190/elements [39m[32m200[39m [90m107 ms - 74[39m
[35m[HTTP][39m [90m[39m
[35m[HTTP][39m [37m-->[39m [37mPOST[39m [37m/wd/hub/session/6cbc46d1-9f7c-446d-b1e1-a16bcf00a190/elements[39m
[35m[HTTP][39m [90m{"using":"-android uiautomator","value":"new UiSelector().className(\"android.widget.Button\").text(\"Get Started\").resourceId(\"id.astra.adp.movic:id/mBtnStarted\").instance(0)"}[39m
[35m[HTTP][39m [37m<-- POST /wd/hub/session/6cbc46d1-9f7c-446d-b1e1-a16bcf00a190/elements [39m[32m200[39m [90m90 ms - 74[39m
[35m[HTTP][39m [90m[39m
[35m[HTTP][39m [37m-->[39m [37mPOST[39m [37m/wd/hub/session/6cbc46d1-9f7c-446d-b1e1-a16bcf00a190/elements[39m
[35m[HTTP][39m [90m{"using":"-android uiautomator","value":"new UiSelector().className(\"android.widget.Button\").text(\"Get Started\").resourceId(\"id.astra.adp.movic:id/mBtnStarted\").instance(0)"}[39m
[35m[HTTP][39m [37m<-- POST /wd/hub/session/6cbc46d1-9f7c-446d-b1e1-a16bcf00a190/elements [39m[32m200[39m [90m229 ms - 74[39m
[35m[HTTP][39m [90m[39m
[35m[HTTP][39m [37m-->[39m [37mPOST[39m [37m/wd/hub/session/6cbc46d1-9f7c-446d-b1e1-a16bcf00a190/elements[39m
[35m[HTTP][39m [90m{"using":"-android uiautomator","value":"new UiSelector().className(\"android.widget.Button\").text(\"Get Started\").resourceId(\"id.astra.adp.movic:id/mBtnStarted\").instance(0)"}[39m
[35m[HTTP][39m [37m<-- POST /wd/hub/session/6cbc46d1-9f7c-446d-b1e1-a16bcf00a190/elements [39m[32m200[39m [90m93 ms - 74[39m
[35m[HTTP][39m [90m[39m
[35m[HTTP][39m [37m-->[39m [37mPOST[39m [37m/wd/hub/session/6cbc46d1-9f7c-446d-b1e1-a16bcf00a190/elements[39m
[35m[HTTP][39m [90m{"using":"-android uiautomator","value":"new UiSelector().className(\"android.widget.Button\").text(\"Get Started\").resourceId(\"id.astra.adp.movic:id/mBtnStarted\").instance(0)"}[39m
[35m[HTTP][39m [37m<-- POST /wd/hub/session/6cbc46d1-9f7c-446d-b1e1-a16bcf00a190/elements [39m[32m200[39m [90m85 ms - 74[39m
[35m[HTTP][39m [90m[39m
[35m[HTTP][39m [37m-->[39m [37mPOST[39m [37m/wd/hub/session/6cbc46d1-9f7c-446d-b1e1-a16bcf00a190/elements[39m
[35m[HTTP][39m [90m{"using":"-android uiautomator","value":"new UiSelector().className(\"android.widget.Button\").text(\"Get Started\").resourceId(\"id.astra.adp.movic:id/mBtnStarted\").instance(0)"}[39m
[35m[HTTP][39m [37m<-- POST /wd/hub/session/6cbc46d1-9f7c-446d-b1e1-a16bcf00a190/elements [39m[32m200[39m [90m241 ms - 74[39m
[35m[HTTP][39m [90m[39m
[35m[HTTP][39m [37m-->[39m [37mPOST[39m [37m/wd/hub/session/6cbc46d1-9f7c-446d-b1e1-a16bcf00a190/elements[39m
[35m[HTTP][39m [90m{"using":"-android uiautomator","value":"new UiSelector().className(\"android.widget.Button\").text(\"Get Started\").resourceId(\"id.astra.adp.movic:id/mBtnStarted\").instance(0)"}[39m
[35m[HTTP][39m [37m<-- POST /wd/hub/session/6cbc46d1-9f7c-446d-b1e1-a16bcf00a190/elements [39m[32m200[39m [90m204 ms - 74[39m
[35m[HTTP][39m [90m[39m
[35m[HTTP][39m [37m-->[39m [37mPOST[39m [37m/wd/hub/session/6cbc46d1-9f7c-446d-b1e1-a16bcf00a190/elements[39m
[35m[HTTP][39m [90m{"using":"-android uiautomator","value":"new UiSelector().className(\"android.widget.Button\").text(\"Get Started\").resourceId(\"id.astra.adp.movic:id/mBtnStarted\").instance(0)"}[39m
[35m[HTTP][39m [37m<-- POST /wd/hub/session/6cbc46d1-9f7c-446d-b1e1-a16bcf00a190/elements [39m[32m200[39m [90m90 ms - 74[39m
[35m[HTTP][39m [90m[39m
[35m[HTTP][39m [37m-->[39m [37mPOST[39m [37m/wd/hub/session/6cbc46d1-9f7c-446d-b1e1-a16bcf00a190/elements[39m
[35m[HTTP][39m [90m{"using":"-android uiautomator","value":"new UiSelector().className(\"android.widget.Button\").text(\"Get Started\").resourceId(\"id.astra.adp.movic:id/mBtnStarted\").instance(0)"}[39m
[35m[HTTP][39m [37m<-- POST /wd/hub/session/6cbc46d1-9f7c-446d-b1e1-a16bcf00a190/elements [39m[32m200[39m [90m196 ms - 74[39m
[35m[HTTP][39m [90m[39m
[35m[HTTP][39m [37m-->[39m [37mPOST[39m [37m/wd/hub/session/6cbc46d1-9f7c-446d-b1e1-a16bcf00a190/elements[39m
[35m[HTTP][39m [90m{"using":"-android uiautomator","value":"new UiSelector().className(\"android.widget.Button\").text(\"Get Started\").resourceId(\"id.astra.adp.movic:id/mBtnStarted\").instance(0)"}[39m
[35m[HTTP][39m [37m<-- POST /wd/hub/session/6cbc46d1-9f7c-446d-b1e1-a16bcf00a190/elements [39m[32m200[39m [90m88 ms - 74[39m
[35m[HTTP][39m [90m[39m
[35m[HTTP][39m [37m-->[39m [37mPOST[39m [37m/wd/hub/session/6cbc46d1-9f7c-446d-b1e1-a16bcf00a190/elements[39m
[35m[HTTP][39m [90m{"using":"-android uiautomator","value":"new UiSelector().className(\"android.widget.Button\").text(\"Get Started\").resourceId(\"id.astra.adp.movic:id/mBtnStarted\").instance(0)"}[39m
[35m[HTTP][39m [37m<-- POST /wd/hub/session/6cbc46d1-9f7c-446d-b1e1-a16bcf00a190/elements [39m[32m200[39m [90m91 ms - 74[39m
[35m[HTTP][39m [90m[39m
[35m[HTTP][39m [37m-->[39m [37mPOST[39m [37m/wd/hub/session/6cbc46d1-9f7c-446d-b1e1-a16bcf00a190/elements[39m
[35m[HTTP][39m [90m{"using":"-android uiautomator","value":"new UiSelector().className(\"android.widget.Button\").text(\"Get Started\").resourceId(\"id.astra.adp.movic:id/mBtnStarted\").instance(0)"}[39m
[35m[HTTP][39m [37m<-- POST /wd/hub/session/6cbc46d1-9f7c-446d-b1e1-a16bcf00a190/elements [39m[32m200[39m [90m213 ms - 74[39m
[35m[HTTP][39m [90m[39m
[35m[HTTP][39m [37m-->[39m [37mPOST[39m [37m/wd/hub/session/6cbc46d1-9f7c-446d-b1e1-a16bcf00a190/elements[39m
[35m[HTTP][39m [90m{"using":"-android uiautomator","value":"new UiSelector().className(\"android.widget.Button\").text(\"Get Started\").resourceId(\"id.astra.adp.movic:id/mBtnStarted\").instance(0)"}[39m
[35m[HTTP][39m [37m<-- POST /wd/hub/session/6cbc46d1-9f7c-446d-b1e1-a16bcf00a190/elements [39m[32m200[39m [90m81 ms - 74[39m
[35m[HTTP][39m [90m[39m
[35m[HTTP][39m [37m-->[39m [37mPOST[39m [37m/wd/hub/session/6cbc46d1-9f7c-446d-b1e1-a16bcf00a190/elements[39m
[35m[HTTP][39m [90m{"using":"-android uiautomator","value":"new UiSelector().className(\"android.widget.Button\").text(\"Get Started\").resourceId(\"id.astra.adp.movic:id/mBtnStarted\").instance(0)"}[39m
[35m[HTTP][39m [37m<-- POST /wd/hub/session/6cbc46d1-9f7c-446d-b1e1-a16bcf00a190/elements [39m[32m200[39m [90m262 ms - 74[39m
[35m[HTTP][39m [90m[39m
[35m[HTTP][39m [37m-->[39m [37mPOST[39m [37m/wd/hub/session/6cbc46d1-9f7c-446d-b1e1-a16bcf00a190/elements[39m
[35m[HTTP][39m [90m{"using":"-android uiautomator","value":"new UiSelector().className(\"android.widget.Button\").text(\"Get Started\").resourceId(\"id.astra.adp.movic:id/mBtnStarted\").instance(0)"}[39m
[35m[HTTP][39m [37m<-- POST /wd/hub/session/6cbc46d1-9f7c-446d-b1e1-a16bcf00a190/elements [39m[32m200[39m [90m130 ms - 74[39m
[35m[HTTP][39m [90m[39m
[35m[HTTP][39m [37m-->[39m [37mPOST[39m [37m/wd/hub/session/6cbc46d1-9f7c-446d-b1e1-a16bcf00a190/elements[39m
[35m[HTTP][39m [90m{"using":"-android uiautomator","value":"new UiSelector().className(\"android.widget.Button\").text(\"Get Started\").resourceId(\"id.astra.adp.movic:id/mBtnStarted\").instance(0)"}[39m
[35m[HTTP][39m [37m<-- POST /wd/hub/session/6cbc46d1-9f7c-446d-b1e1-a16bcf00a190/elements [39m[32m200[39m [90m111 ms - 74[39m
[35m[HTTP][39m [90m[39m
[35m[HTTP][39m [37m-->[39m [37mPOST[39m [37m/wd/hub/session/6cbc46d1-9f7c-446d-b1e1-a16bcf00a190/elements[39m
[35m[HTTP][39m [90m{"using":"-android uiautomator","value":"new UiSelector().className(\"android.widget.Button\").text(\"Get Started\").resourceId(\"id.astra.adp.movic:id/mBtnStarted\").instance(0)"}[39m
[35m[HTTP][39m [37m<-- POST /wd/hub/session/6cbc46d1-9f7c-446d-b1e1-a16bcf00a190/elements [39m[32m-[39m [90m- ms - -[39m
[35m[HTTP][39m [90m[39m
