[35m[Appium][39m Welcome to Appium v1.8.1
[35m[Appium][39m Non-default server args:
[35m[Appium][39m   port: 60495
[35m[Appium][39m   loglevel: info
[35m[Appium][39m   chromeDriverPort: 60497
[35m[Appium][39m   tmpDir: C:\Users\WGS-LA~1\AppData\Local\Temp\\Katalon\Appium\Temp1542096932657
[35m[Appium][39m Appium REST http interface listener started on 0.0.0.0:60495
[35m[HTTP][39m [37m-->[39m [37mGET[39m [37m/wd/hub/status[39m
[35m[HTTP][39m [90m{}[39m
[35m[HTTP][39m [37m<-- GET /wd/hub/status [39m[32m200[39m [90m82 ms - 83[39m
[35m[HTTP][39m [90m[39m
[35m[HTTP][39m [37m-->[39m [37mPOST[39m [37m/wd/hub/session[39m
[35m[HTTP][39m [90m{"desiredCapabilities":{"app":"C:\\Users\\WGS-LAP199\\Downloads\\Movic apk\\Movic_0.9.7_2018-10-14-stable-debug.apk","autoGrantPermissions":true,"automationName":"uiautomator2","deviceId":"54e797627cf5","deviceName":"Xiaomi Redmi 5 (Android 7.1.2)","fullReset":false,"newCommandTimeout":1800,"noReset":true,"platform":"ANDROID","platformName":"Android","udid":"54e797627cf5"},"capabilities":{"desiredCapabilities":{"app":"C:\\Users\\WGS-LAP199\\Downloads\\Movic apk\\Movic_0.9.7_2018-10-14-stable-debug.apk","autoGrantPermissions":true,"automationName":"uiautomator2","deviceId":"54e797627cf5","deviceName":"Xiaomi Redmi 5 (Android 7.1.2)","fullReset":false,"newCommandTimeout":1800,"noReset":true,"platform":"ANDROID","platformName":"Android","udid":"54e797627cf5"},"firstMatch":[{"platformName":"android"}]}}[39m
[35m[Appium][39m Could not parse W3C capabilities: 'deviceName' can't be blank. Falling back to JSONWP protocol.
[35m[Appium][39m The following capabilities were provided in the JSONWP desired capabilities that are missing in W3C capabilities: ["app","autoGrantPermissions","automationName","deviceId","deviceName","fullReset","newCommandTimeout","noReset","platform","platformName","udid"]. Falling back to JSONWP protocol.
[35m[Appium][39m Creating new AndroidUiautomator2Driver (v1.12.0) session
[35m[Appium][39m Capabilities:
[35m[Appium][39m   app: C:\Users\WGS-LAP199\Downloads\Movic apk\Movic_0.9.7_2018-10-14-stable-debug.apk
[35m[Appium][39m   autoGrantPermissions: true
[35m[Appium][39m   automationName: uiautomator2
[35m[Appium][39m   deviceId: 54e797627cf5
[35m[Appium][39m   deviceName: Xiaomi Redmi 5 (Android 7.1.2)
[35m[Appium][39m   fullReset: false
[35m[Appium][39m   newCommandTimeout: 1800
[35m[Appium][39m   noReset: true
[35m[Appium][39m   platform: ANDROID
[35m[Appium][39m   platformName: Android
[35m[Appium][39m   udid: 54e797627cf5
[35m[BaseDriver][39m The following capabilities were provided, but are not recognized by appium: deviceId, platform.
[35m[BaseDriver][39m Session created with session id: f627006b-b911-4ed2-ab6e-2e9b77d84b50
[35m[BaseDriver][39m Using local app 'C:\Users\WGS-LAP199\Downloads\Movic apk\Movic_0.9.7_2018-10-14-stable-debug.apk'
[35m[AndroidDriver][39m Java version is: 1.8.0_181
[35m[ADB][39m Checking whether adb is present
[35m[ADB][39m Found 1 'build-tools' folders under 'C:\Users\WGS-LAP199\.katalon\tools\android_sdk' (newest first):
[35m[ADB][39m     C:/Users/WGS-LAP199/.katalon/tools/android_sdk/build-tools/28.0.1
[35m[ADB][39m Using adb.exe from C:\Users\WGS-LAP199\.katalon\tools\android_sdk\platform-tools\adb.exe
[35m[AndroidDriver][39m Retrieving device list
[35m[AndroidDriver][39m Using device: 54e797627cf5
[35m[ADB][39m Using the alternative activity name detection method because of: Could not find apkanalyzer.bat in C:\Users\WGS-LAP199\.katalon\tools\android_sdk\platform-tools\apkanalyzer.bat,C:\Users\WGS-LAP199\.katalon\tools\android_sdk\emulator\apkanalyzer.bat,C:\Users\WGS-LAP199\.katalon\tools\android_sdk\tools\apkanalyzer.bat,C:\Users\WGS-LAP199\.katalon\tools\android_sdk\tools\bin\apkanalyzer.bat,C:\Users\WGS-LAP199\.katalon\tools\android_sdk\build-tools\28.0.1\apkanalyzer.bat. Do you have the Android SDK installed at 'C:\Users\WGS-LAP199\.katalon\tools\android_sdk'?
[35m[ADB][39m Checking whether aapt is present
[35m[ADB][39m Using aapt.exe from C:\Users\WGS-LAP199\.katalon\tools\android_sdk\build-tools\28.0.1\aapt.exe
[35m[ADB][39m Extracting package and launch activity from manifest
[35m[ADB][39m Package name: 'id.astra.stable.movic'
[35m[ADB][39m Main activity name: 'id.astra.adp.movic.modules.main.SplashScreenActivity'
[35m[ADB][39m Getting device platform version
[35m[ADB][39m Using apksigner.bat from C:\Users\WGS-LAP199\.katalon\tools\android_sdk\build-tools\28.0.1\apksigner.bat
[35m[ADB][39m Checking whether zipalign is present
[35m[ADB][39m Using zipalign.exe from C:\Users\WGS-LAP199\.katalon\tools\android_sdk\build-tools\28.0.1\zipalign.exe
[35m[ADB][39m io.appium.uiautomator2.server was successfully uninstalled
[35m[ADB][39m io.appium.uiautomator2.server.test was successfully uninstalled
[35m[AndroidDriver][39m setDeviceLanguageCountry requires language or country.
[35m[AndroidDriver][39m Got language: 'null' and country: 'null'
[35m[ADB][39m Successfully extracted 1263 strings from 'C:\Users\WGS-LAP199\Downloads\Movic apk\Movic_0.9.7_2018-10-14-stable-debug.apk' resources for '(default)' configuration
[35m[UiAutomator2][39m Starting uiautomator2 server 1.12.0
[35m[UiAutomator2][39m Using UIAutomator2 server from 'C:\Users\WGS-LAP199\AppData\Roaming\npm\node_modules\appium\node_modules\appium-uiautomator2-server\apks\appium-uiautomator2-server-v1.12.0.apk' and test from 'C:\Users\WGS-LAP199\AppData\Roaming\npm\node_modules\appium\node_modules\appium-uiautomator2-server\apks\appium-uiautomator2-server-debug-androidTest.apk'
[35m[UiAutomator2][39m Running command: 'adb -s 54e797627cf5 shell am instrument -w io.appium.uiautomator2.server.test/android.support.test.runner.AndroidJUnitRunner'
[35m[UiAutomator2][39m Waiting up to 20000ms for UiAutomator2 to be online...
[35m[AndroidDriver][39m Screen already unlocked, doing nothing
[35m[UiAutomator2][39m UiAutomator2 did not start the activity we were waiting for, 'id.astra.stable.movic/id.astra.adp.movic.modules.main.SplashScreenActivity'. Starting it ourselves
[35m[Appium][39m New AndroidUiautomator2Driver session created successfully, session f627006b-b911-4ed2-ab6e-2e9b77d84b50 added to master session list
[35m[HTTP][39m [37m<-- POST /wd/hub/session [39m[32m200[39m [90m39434 ms - 1260[39m
[35m[HTTP][39m [90m[39m
[35m[HTTP][39m [37m-->[39m [37mGET[39m [37m/wd/hub/status[39m
[35m[HTTP][39m [90m{}[39m
[35m[HTTP][39m [37m<-- GET /wd/hub/status [39m[32m200[39m [90m79 ms - 55[39m
[35m[HTTP][39m [90m[39m
[35m[HTTP][39m [37m-->[39m [37mPOST[39m [37m/wd/hub/session/f627006b-b911-4ed2-ab6e-2e9b77d84b50/timeouts[39m
[35m[HTTP][39m [90m{"type":"implicit","ms":30000}[39m
[35m[HTTP][39m [37m<-- POST /wd/hub/session/f627006b-b911-4ed2-ab6e-2e9b77d84b50/timeouts [39m[33m400[39m [90m21 ms - 5468[39m
[35m[HTTP][39m [90m[39m
[35m[HTTP][39m [37m-->[39m [37mGET[39m [37m/wd/hub/session/f627006b-b911-4ed2-ab6e-2e9b77d84b50/window/current/size[39m
[35m[HTTP][39m [90m{}[39m
[35m[W3C][39m Driver proxy active, passing request on via HTTP proxy
[35m[JSONWP Proxy][39m Replacing sessionId efa6c40f-ff2f-4d5c-9ade-775c3db69df8 with f627006b-b911-4ed2-ab6e-2e9b77d84b50
[35m[HTTP][39m [37m<-- GET /wd/hub/session/f627006b-b911-4ed2-ab6e-2e9b77d84b50/window/current/size [39m[32m200[39m [90m69 ms - 99[39m
[35m[HTTP][39m [90m[39m
[35m[HTTP][39m [37m-->[39m [37mPOST[39m [37m/wd/hub/session/f627006b-b911-4ed2-ab6e-2e9b77d84b50/elements[39m
[35m[HTTP][39m [90m{"using":"-android uiautomator","value":"new UiSelector().className(\"android.widget.ImageView\").resourceId(\"id.astra.stable.movic:id/mImgSkip\").instance(4)"}[39m
[35m[HTTP][39m [37m<-- POST /wd/hub/session/f627006b-b911-4ed2-ab6e-2e9b77d84b50/elements [39m[32m200[39m [90m43 ms - 74[39m
[35m[HTTP][39m [90m[39m
[35m[HTTP][39m [37m-->[39m [37mPOST[39m [37m/wd/hub/session/f627006b-b911-4ed2-ab6e-2e9b77d84b50/elements[39m
[35m[HTTP][39m [90m{"using":"-android uiautomator","value":"new UiSelector().className(\"android.widget.ImageView\").resourceId(\"id.astra.stable.movic:id/mImgSkip\").instance(4)"}[39m
[35m[HTTP][39m [37m<-- POST /wd/hub/session/f627006b-b911-4ed2-ab6e-2e9b77d84b50/elements [39m[32m200[39m [90m33 ms - 74[39m
[35m[HTTP][39m [90m[39m
[35m[HTTP][39m [37m-->[39m [37mPOST[39m [37m/wd/hub/session/f627006b-b911-4ed2-ab6e-2e9b77d84b50/elements[39m
[35m[HTTP][39m [90m{"using":"-android uiautomator","value":"new UiSelector().className(\"android.widget.ImageView\").resourceId(\"id.astra.stable.movic:id/mImgSkip\").instance(4)"}[39m
[35m[HTTP][39m [37m<-- POST /wd/hub/session/f627006b-b911-4ed2-ab6e-2e9b77d84b50/elements [39m[32m200[39m [90m30 ms - 74[39m
[35m[HTTP][39m [90m[39m
[35m[HTTP][39m [37m-->[39m [37mPOST[39m [37m/wd/hub/session/f627006b-b911-4ed2-ab6e-2e9b77d84b50/elements[39m
[35m[HTTP][39m [90m{"using":"-android uiautomator","value":"new UiSelector().className(\"android.widget.ImageView\").resourceId(\"id.astra.stable.movic:id/mImgSkip\").instance(4)"}[39m
[35m[HTTP][39m [37m<-- POST /wd/hub/session/f627006b-b911-4ed2-ab6e-2e9b77d84b50/elements [39m[32m200[39m [90m31 ms - 74[39m
[35m[HTTP][39m [90m[39m
[35m[HTTP][39m [37m-->[39m [37mPOST[39m [37m/wd/hub/session/f627006b-b911-4ed2-ab6e-2e9b77d84b50/elements[39m
[35m[HTTP][39m [90m{"using":"-android uiautomator","value":"new UiSelector().className(\"android.widget.ImageView\").resourceId(\"id.astra.stable.movic:id/mImgSkip\").instance(4)"}[39m
[35m[HTTP][39m [37m<-- POST /wd/hub/session/f627006b-b911-4ed2-ab6e-2e9b77d84b50/elements [39m[32m200[39m [90m31 ms - 74[39m
[35m[HTTP][39m [90m[39m
[35m[HTTP][39m [37m-->[39m [37mPOST[39m [37m/wd/hub/session/f627006b-b911-4ed2-ab6e-2e9b77d84b50/elements[39m
[35m[HTTP][39m [90m{"using":"-android uiautomator","value":"new UiSelector().className(\"android.widget.ImageView\").resourceId(\"id.astra.stable.movic:id/mImgSkip\").instance(4)"}[39m
[35m[HTTP][39m [37m<-- POST /wd/hub/session/f627006b-b911-4ed2-ab6e-2e9b77d84b50/elements [39m[32m200[39m [90m28 ms - 74[39m
[35m[HTTP][39m [90m[39m
[35m[HTTP][39m [37m-->[39m [37mPOST[39m [37m/wd/hub/session/f627006b-b911-4ed2-ab6e-2e9b77d84b50/elements[39m
[35m[HTTP][39m [90m{"using":"-android uiautomator","value":"new UiSelector().className(\"android.widget.ImageView\").resourceId(\"id.astra.stable.movic:id/mImgSkip\").instance(4)"}[39m
[35m[HTTP][39m [37m<-- POST /wd/hub/session/f627006b-b911-4ed2-ab6e-2e9b77d84b50/elements [39m[32m200[39m [90m36 ms - 74[39m
[35m[HTTP][39m [90m[39m
[35m[HTTP][39m [37m-->[39m [37mPOST[39m [37m/wd/hub/session/f627006b-b911-4ed2-ab6e-2e9b77d84b50/elements[39m
[35m[HTTP][39m [90m{"using":"-android uiautomator","value":"new UiSelector().className(\"android.widget.ImageView\").resourceId(\"id.astra.stable.movic:id/mImgSkip\").instance(4)"}[39m
[35m[HTTP][39m [37m<-- POST /wd/hub/session/f627006b-b911-4ed2-ab6e-2e9b77d84b50/elements [39m[32m200[39m [90m45 ms - 74[39m
[35m[HTTP][39m [90m[39m
[35m[HTTP][39m [37m-->[39m [37mPOST[39m [37m/wd/hub/session/f627006b-b911-4ed2-ab6e-2e9b77d84b50/elements[39m
[35m[HTTP][39m [90m{"using":"-android uiautomator","value":"new UiSelector().className(\"android.widget.ImageView\").resourceId(\"id.astra.stable.movic:id/mImgSkip\").instance(4)"}[39m
[35m[HTTP][39m [37m<-- POST /wd/hub/session/f627006b-b911-4ed2-ab6e-2e9b77d84b50/elements [39m[32m200[39m [90m30 ms - 74[39m
[35m[HTTP][39m [90m[39m
[35m[HTTP][39m [37m-->[39m [37mPOST[39m [37m/wd/hub/session/f627006b-b911-4ed2-ab6e-2e9b77d84b50/elements[39m
[35m[HTTP][39m [90m{"using":"-android uiautomator","value":"new UiSelector().className(\"android.widget.ImageView\").resourceId(\"id.astra.stable.movic:id/mImgSkip\").instance(4)"}[39m
[35m[HTTP][39m [37m<-- POST /wd/hub/session/f627006b-b911-4ed2-ab6e-2e9b77d84b50/elements [39m[32m200[39m [90m32 ms - 74[39m
[35m[HTTP][39m [90m[39m
[35m[HTTP][39m [37m-->[39m [37mPOST[39m [37m/wd/hub/session/f627006b-b911-4ed2-ab6e-2e9b77d84b50/elements[39m
[35m[HTTP][39m [90m{"using":"-android uiautomator","value":"new UiSelector().className(\"android.widget.ImageView\").resourceId(\"id.astra.stable.movic:id/mImgSkip\").instance(4)"}[39m
[35m[HTTP][39m [37m<-- POST /wd/hub/session/f627006b-b911-4ed2-ab6e-2e9b77d84b50/elements [39m[32m200[39m [90m29 ms - 74[39m
[35m[HTTP][39m [90m[39m
[35m[HTTP][39m [37m-->[39m [37mPOST[39m [37m/wd/hub/session/f627006b-b911-4ed2-ab6e-2e9b77d84b50/elements[39m
[35m[HTTP][39m [90m{"using":"-android uiautomator","value":"new UiSelector().className(\"android.widget.ImageView\").resourceId(\"id.astra.stable.movic:id/mImgSkip\").instance(4)"}[39m
[35m[HTTP][39m [37m<-- POST /wd/hub/session/f627006b-b911-4ed2-ab6e-2e9b77d84b50/elements [39m[32m200[39m [90m31 ms - 74[39m
[35m[HTTP][39m [90m[39m
[35m[HTTP][39m [37m-->[39m [37mPOST[39m [37m/wd/hub/session/f627006b-b911-4ed2-ab6e-2e9b77d84b50/elements[39m
[35m[HTTP][39m [90m{"using":"-android uiautomator","value":"new UiSelector().className(\"android.widget.ImageView\").resourceId(\"id.astra.stable.movic:id/mImgSkip\").instance(4)"}[39m
[35m[HTTP][39m [37m<-- POST /wd/hub/session/f627006b-b911-4ed2-ab6e-2e9b77d84b50/elements [39m[32m200[39m [90m33 ms - 74[39m
[35m[HTTP][39m [90m[39m
[35m[HTTP][39m [37m-->[39m [37mPOST[39m [37m/wd/hub/session/f627006b-b911-4ed2-ab6e-2e9b77d84b50/elements[39m
[35m[HTTP][39m [90m{"using":"-android uiautomator","value":"new UiSelector().className(\"android.widget.ImageView\").resourceId(\"id.astra.stable.movic:id/mImgSkip\").instance(4)"}[39m
[35m[HTTP][39m [37m<-- POST /wd/hub/session/f627006b-b911-4ed2-ab6e-2e9b77d84b50/elements [39m[32m200[39m [90m31 ms - 74[39m
[35m[HTTP][39m [90m[39m
[35m[HTTP][39m [37m-->[39m [37mPOST[39m [37m/wd/hub/session/f627006b-b911-4ed2-ab6e-2e9b77d84b50/elements[39m
[35m[HTTP][39m [90m{"using":"-android uiautomator","value":"new UiSelector().className(\"android.widget.ImageView\").resourceId(\"id.astra.stable.movic:id/mImgSkip\").instance(4)"}[39m
[35m[HTTP][39m [37m<-- POST /wd/hub/session/f627006b-b911-4ed2-ab6e-2e9b77d84b50/elements [39m[32m200[39m [90m27 ms - 74[39m
[35m[HTTP][39m [90m[39m
[35m[HTTP][39m [37m-->[39m [37mPOST[39m [37m/wd/hub/session/f627006b-b911-4ed2-ab6e-2e9b77d84b50/elements[39m
[35m[HTTP][39m [90m{"using":"-android uiautomator","value":"new UiSelector().className(\"android.widget.ImageView\").resourceId(\"id.astra.stable.movic:id/mImgSkip\").instance(4)"}[39m
[35m[HTTP][39m [37m<-- POST /wd/hub/session/f627006b-b911-4ed2-ab6e-2e9b77d84b50/elements [39m[32m200[39m [90m35 ms - 74[39m
[35m[HTTP][39m [90m[39m
[35m[HTTP][39m [37m-->[39m [37mPOST[39m [37m/wd/hub/session/f627006b-b911-4ed2-ab6e-2e9b77d84b50/elements[39m
[35m[HTTP][39m [90m{"using":"-android uiautomator","value":"new UiSelector().className(\"android.widget.ImageView\").resourceId(\"id.astra.stable.movic:id/mImgSkip\").instance(4)"}[39m
[35m[HTTP][39m [37m<-- POST /wd/hub/session/f627006b-b911-4ed2-ab6e-2e9b77d84b50/elements [39m[32m200[39m [90m28 ms - 74[39m
[35m[HTTP][39m [90m[39m
[35m[HTTP][39m [37m-->[39m [37mPOST[39m [37m/wd/hub/session/f627006b-b911-4ed2-ab6e-2e9b77d84b50/elements[39m
[35m[HTTP][39m [90m{"using":"-android uiautomator","value":"new UiSelector().className(\"android.widget.ImageView\").resourceId(\"id.astra.stable.movic:id/mImgSkip\").instance(4)"}[39m
[35m[HTTP][39m [37m<-- POST /wd/hub/session/f627006b-b911-4ed2-ab6e-2e9b77d84b50/elements [39m[32m200[39m [90m28 ms - 74[39m
[35m[HTTP][39m [90m[39m
[35m[HTTP][39m [37m-->[39m [37mPOST[39m [37m/wd/hub/session/f627006b-b911-4ed2-ab6e-2e9b77d84b50/elements[39m
[35m[HTTP][39m [90m{"using":"-android uiautomator","value":"new UiSelector().className(\"android.widget.ImageView\").resourceId(\"id.astra.stable.movic:id/mImgSkip\").instance(4)"}[39m
[35m[HTTP][39m [37m<-- POST /wd/hub/session/f627006b-b911-4ed2-ab6e-2e9b77d84b50/elements [39m[32m200[39m [90m38 ms - 74[39m
[35m[HTTP][39m [90m[39m
[35m[HTTP][39m [37m-->[39m [37mPOST[39m [37m/wd/hub/session/f627006b-b911-4ed2-ab6e-2e9b77d84b50/elements[39m
[35m[HTTP][39m [90m{"using":"-android uiautomator","value":"new UiSelector().className(\"android.widget.ImageView\").resourceId(\"id.astra.stable.movic:id/mImgSkip\").instance(4)"}[39m
[35m[HTTP][39m [37m<-- POST /wd/hub/session/f627006b-b911-4ed2-ab6e-2e9b77d84b50/elements [39m[32m200[39m [90m45 ms - 74[39m
[35m[HTTP][39m [90m[39m
[35m[HTTP][39m [37m-->[39m [37mPOST[39m [37m/wd/hub/session/f627006b-b911-4ed2-ab6e-2e9b77d84b50/elements[39m
[35m[HTTP][39m [90m{"using":"-android uiautomator","value":"new UiSelector().className(\"android.widget.ImageView\").resourceId(\"id.astra.stable.movic:id/mImgSkip\").instance(4)"}[39m
[35m[HTTP][39m [37m<-- POST /wd/hub/session/f627006b-b911-4ed2-ab6e-2e9b77d84b50/elements [39m[32m200[39m [90m42 ms - 74[39m
[35m[HTTP][39m [90m[39m
[35m[HTTP][39m [37m-->[39m [37mPOST[39m [37m/wd/hub/session/f627006b-b911-4ed2-ab6e-2e9b77d84b50/elements[39m
[35m[HTTP][39m [90m{"using":"-android uiautomator","value":"new UiSelector().className(\"android.widget.ImageView\").resourceId(\"id.astra.stable.movic:id/mImgSkip\").instance(4)"}[39m
[35m[HTTP][39m [37m<-- POST /wd/hub/session/f627006b-b911-4ed2-ab6e-2e9b77d84b50/elements [39m[32m200[39m [90m27 ms - 74[39m
[35m[HTTP][39m [90m[39m
[35m[HTTP][39m [37m-->[39m [37mPOST[39m [37m/wd/hub/session/f627006b-b911-4ed2-ab6e-2e9b77d84b50/elements[39m
[35m[HTTP][39m [90m{"using":"-android uiautomator","value":"new UiSelector().className(\"android.widget.ImageView\").resourceId(\"id.astra.stable.movic:id/mImgSkip\").instance(4)"}[39m
[35m[HTTP][39m [37m<-- POST /wd/hub/session/f627006b-b911-4ed2-ab6e-2e9b77d84b50/elements [39m[32m200[39m [90m38 ms - 74[39m
[35m[HTTP][39m [90m[39m
[35m[HTTP][39m [37m-->[39m [37mPOST[39m [37m/wd/hub/session/f627006b-b911-4ed2-ab6e-2e9b77d84b50/elements[39m
[35m[HTTP][39m [90m{"using":"-android uiautomator","value":"new UiSelector().className(\"android.widget.ImageView\").resourceId(\"id.astra.stable.movic:id/mImgSkip\").instance(4)"}[39m
[35m[HTTP][39m [37m<-- POST /wd/hub/session/f627006b-b911-4ed2-ab6e-2e9b77d84b50/elements [39m[32m200[39m [90m34 ms - 74[39m
[35m[HTTP][39m [90m[39m
[35m[HTTP][39m [37m-->[39m [37mPOST[39m [37m/wd/hub/session/f627006b-b911-4ed2-ab6e-2e9b77d84b50/elements[39m
[35m[HTTP][39m [90m{"using":"-android uiautomator","value":"new UiSelector().className(\"android.widget.ImageView\").resourceId(\"id.astra.stable.movic:id/mImgSkip\").instance(4)"}[39m
[35m[HTTP][39m [37m<-- POST /wd/hub/session/f627006b-b911-4ed2-ab6e-2e9b77d84b50/elements [39m[32m200[39m [90m36 ms - 74[39m
[35m[HTTP][39m [90m[39m
[35m[HTTP][39m [37m-->[39m [37mPOST[39m [37m/wd/hub/session/f627006b-b911-4ed2-ab6e-2e9b77d84b50/elements[39m
[35m[HTTP][39m [90m{"using":"-android uiautomator","value":"new UiSelector().className(\"android.widget.ImageView\").resourceId(\"id.astra.stable.movic:id/mImgSkip\").instance(4)"}[39m
[35m[HTTP][39m [37m<-- POST /wd/hub/session/f627006b-b911-4ed2-ab6e-2e9b77d84b50/elements [39m[32m200[39m [90m346 ms - 74[39m
[35m[HTTP][39m [90m[39m
[35m[HTTP][39m [37m-->[39m [37mPOST[39m [37m/wd/hub/session/f627006b-b911-4ed2-ab6e-2e9b77d84b50/elements[39m
[35m[HTTP][39m [90m{"using":"-android uiautomator","value":"new UiSelector().className(\"android.widget.ImageView\").resourceId(\"id.astra.stable.movic:id/mImgSkip\").instance(4)"}[39m
[35m[HTTP][39m [37m<-- POST /wd/hub/session/f627006b-b911-4ed2-ab6e-2e9b77d84b50/elements [39m[32m200[39m [90m163 ms - 74[39m
[35m[HTTP][39m [90m[39m
[35m[HTTP][39m [37m-->[39m [37mPOST[39m [37m/wd/hub/session/f627006b-b911-4ed2-ab6e-2e9b77d84b50/elements[39m
[35m[HTTP][39m [90m{"using":"-android uiautomator","value":"new UiSelector().className(\"android.widget.ImageView\").resourceId(\"id.astra.stable.movic:id/mImgSkip\").instance(4)"}[39m
[35m[HTTP][39m [37m<-- POST /wd/hub/session/f627006b-b911-4ed2-ab6e-2e9b77d84b50/elements [39m[32m200[39m [90m877 ms - 124[39m
[35m[HTTP][39m [90m[39m
[35m[HTTP][39m [37m-->[39m [37mGET[39m [37m/wd/hub/session/f627006b-b911-4ed2-ab6e-2e9b77d84b50[39m
[35m[HTTP][39m [90m{}[39m
[35m[HTTP][39m [37m<-- GET /wd/hub/session/f627006b-b911-4ed2-ab6e-2e9b77d84b50 [39m[32m200[39m [90m27 ms - 1260[39m
[35m[HTTP][39m [90m[39m
[35m[HTTP][39m [37m-->[39m [37mGET[39m [37m/wd/hub/session/f627006b-b911-4ed2-ab6e-2e9b77d84b50[39m
[35m[HTTP][39m [90m{}[39m
[35m[HTTP][39m [37m<-- GET /wd/hub/session/f627006b-b911-4ed2-ab6e-2e9b77d84b50 [39m[32m200[39m [90m24 ms - 1260[39m
[35m[HTTP][39m [90m[39m
[35m[HTTP][39m [37m-->[39m [37mGET[39m [37m/wd/hub/session/f627006b-b911-4ed2-ab6e-2e9b77d84b50[39m
[35m[HTTP][39m [90m{}[39m
[35m[HTTP][39m [37m<-- GET /wd/hub/session/f627006b-b911-4ed2-ab6e-2e9b77d84b50 [39m[32m200[39m [90m23 ms - 1260[39m
[35m[HTTP][39m [90m[39m
[35m[HTTP][39m [37m-->[39m [37mGET[39m [37m/wd/hub/session/f627006b-b911-4ed2-ab6e-2e9b77d84b50[39m
[35m[HTTP][39m [90m{}[39m
[35m[HTTP][39m [37m<-- GET /wd/hub/session/f627006b-b911-4ed2-ab6e-2e9b77d84b50 [39m[32m200[39m [90m24 ms - 1260[39m
[35m[HTTP][39m [90m[39m
[35m[HTTP][39m [37m-->[39m [37mGET[39m [37m/wd/hub/session/f627006b-b911-4ed2-ab6e-2e9b77d84b50/element/4dff658b-be89-4a62-a94d-e862750d161d/location[39m
[35m[HTTP][39m [90m{}[39m
[35m[W3C][39m Driver proxy active, passing request on via HTTP proxy
[35m[JSONWP Proxy][39m Replacing sessionId efa6c40f-ff2f-4d5c-9ade-775c3db69df8 with f627006b-b911-4ed2-ab6e-2e9b77d84b50
[35m[HTTP][39m [37m<-- GET /wd/hub/session/f627006b-b911-4ed2-ab6e-2e9b77d84b50/element/4dff658b-be89-4a62-a94d-e862750d161d/location [39m[32m200[39m [90m45 ms - 90[39m
[35m[HTTP][39m [90m[39m
[35m[HTTP][39m [37m-->[39m [37mPOST[39m [37m/wd/hub/session/f627006b-b911-4ed2-ab6e-2e9b77d84b50/touch/perform[39m
[35m[HTTP][39m [90m{"actions":[{"action":"tap","options":{"element":"4dff658b-be89-4a62-a94d-e862750d161d","x":1,"y":1}}]}[39m
[35m[UiAutomator2][39m calling get location: 4dff658b-be89-4a62-a94d-e862750d161d
[35m[HTTP][39m [37m<-- POST /wd/hub/session/f627006b-b911-4ed2-ab6e-2e9b77d84b50/touch/perform [39m[32m200[39m [90m1266 ms - 76[39m
[35m[HTTP][39m [90m[39m
[35m[HTTP][39m [37m-->[39m [37mGET[39m [37m/wd/hub/session/f627006b-b911-4ed2-ab6e-2e9b77d84b50/window/current/size[39m
[35m[HTTP][39m [90m{}[39m
[35m[W3C][39m Driver proxy active, passing request on via HTTP proxy
[35m[JSONWP Proxy][39m Replacing sessionId efa6c40f-ff2f-4d5c-9ade-775c3db69df8 with f627006b-b911-4ed2-ab6e-2e9b77d84b50
[35m[HTTP][39m [37m<-- GET /wd/hub/session/f627006b-b911-4ed2-ab6e-2e9b77d84b50/window/current/size [39m[32m200[39m [90m45 ms - 99[39m
[35m[HTTP][39m [90m[39m
[35m[HTTP][39m [37m-->[39m [37mPOST[39m [37m/wd/hub/session/f627006b-b911-4ed2-ab6e-2e9b77d84b50/elements[39m
[35m[HTTP][39m [90m{"using":"-android uiautomator","value":"new UiSelector().className(\"android.widget.ImageView\").resourceId(\"id.astra.stable.movic:id/ivNext\").instance(1)"}[39m
[35m[HTTP][39m [37m<-- POST /wd/hub/session/f627006b-b911-4ed2-ab6e-2e9b77d84b50/elements [39m[32m200[39m [90m65 ms - 124[39m
[35m[HTTP][39m [90m[39m
[35m[HTTP][39m [37m-->[39m [37mGET[39m [37m/wd/hub/session/f627006b-b911-4ed2-ab6e-2e9b77d84b50[39m
[35m[HTTP][39m [90m{}[39m
[35m[HTTP][39m [37m<-- GET /wd/hub/session/f627006b-b911-4ed2-ab6e-2e9b77d84b50 [39m[32m200[39m [90m19 ms - 1260[39m
[35m[HTTP][39m [90m[39m
[35m[HTTP][39m [37m-->[39m [37mGET[39m [37m/wd/hub/session/f627006b-b911-4ed2-ab6e-2e9b77d84b50[39m
[35m[HTTP][39m [90m{}[39m
[35m[HTTP][39m [37m<-- GET /wd/hub/session/f627006b-b911-4ed2-ab6e-2e9b77d84b50 [39m[32m200[39m [90m22 ms - 1260[39m
[35m[HTTP][39m [90m[39m
[35m[HTTP][39m [37m-->[39m [37mGET[39m [37m/wd/hub/session/f627006b-b911-4ed2-ab6e-2e9b77d84b50[39m
[35m[HTTP][39m [90m{}[39m
[35m[HTTP][39m [37m<-- GET /wd/hub/session/f627006b-b911-4ed2-ab6e-2e9b77d84b50 [39m[32m200[39m [90m28 ms - 1260[39m
[35m[HTTP][39m [90m[39m
[35m[HTTP][39m [37m-->[39m [37mGET[39m [37m/wd/hub/session/f627006b-b911-4ed2-ab6e-2e9b77d84b50[39m
[35m[HTTP][39m [90m{}[39m
[35m[HTTP][39m [37m<-- GET /wd/hub/session/f627006b-b911-4ed2-ab6e-2e9b77d84b50 [39m[32m200[39m [90m27 ms - 1260[39m
[35m[HTTP][39m [90m[39m
[35m[HTTP][39m [37m-->[39m [37mGET[39m [37m/wd/hub/session/f627006b-b911-4ed2-ab6e-2e9b77d84b50/element/09ab265c-3554-434b-a6c0-bf6abb0bd0d3/location[39m
[35m[HTTP][39m [90m{}[39m
[35m[W3C][39m Driver proxy active, passing request on via HTTP proxy
[35m[JSONWP Proxy][39m Replacing sessionId efa6c40f-ff2f-4d5c-9ade-775c3db69df8 with f627006b-b911-4ed2-ab6e-2e9b77d84b50
[35m[HTTP][39m [37m<-- GET /wd/hub/session/f627006b-b911-4ed2-ab6e-2e9b77d84b50/element/09ab265c-3554-434b-a6c0-bf6abb0bd0d3/location [39m[32m200[39m [90m49 ms - 90[39m
[35m[HTTP][39m [90m[39m
[35m[HTTP][39m [37m-->[39m [37mPOST[39m [37m/wd/hub/session/f627006b-b911-4ed2-ab6e-2e9b77d84b50/touch/perform[39m
[35m[HTTP][39m [90m{"actions":[{"action":"tap","options":{"element":"09ab265c-3554-434b-a6c0-bf6abb0bd0d3","x":1,"y":1}}]}[39m
[35m[UiAutomator2][39m calling get location: 09ab265c-3554-434b-a6c0-bf6abb0bd0d3
[35m[HTTP][39m [37m<-- POST /wd/hub/session/f627006b-b911-4ed2-ab6e-2e9b77d84b50/touch/perform [39m[32m200[39m [90m981 ms - 76[39m
[35m[HTTP][39m [90m[39m
[35m[HTTP][39m [37m-->[39m [37mGET[39m [37m/wd/hub/session/f627006b-b911-4ed2-ab6e-2e9b77d84b50/window/current/size[39m
[35m[HTTP][39m [90m{}[39m
[35m[W3C][39m Driver proxy active, passing request on via HTTP proxy
[35m[JSONWP Proxy][39m Replacing sessionId efa6c40f-ff2f-4d5c-9ade-775c3db69df8 with f627006b-b911-4ed2-ab6e-2e9b77d84b50
[35m[HTTP][39m [37m<-- GET /wd/hub/session/f627006b-b911-4ed2-ab6e-2e9b77d84b50/window/current/size [39m[32m200[39m [90m34 ms - 99[39m
[35m[HTTP][39m [90m[39m
[35m[HTTP][39m [37m-->[39m [37mPOST[39m [37m/wd/hub/session/f627006b-b911-4ed2-ab6e-2e9b77d84b50/elements[39m
[35m[HTTP][39m [90m{"using":"-android uiautomator","value":"new UiSelector().className(\"android.widget.ImageView\").resourceId(\"id.astra.stable.movic:id/ivNext\").instance(1)"}[39m
[35m[HTTP][39m [37m<-- POST /wd/hub/session/f627006b-b911-4ed2-ab6e-2e9b77d84b50/elements [39m[32m200[39m [90m100 ms - 124[39m
[35m[HTTP][39m [90m[39m
[35m[HTTP][39m [37m-->[39m [37mGET[39m [37m/wd/hub/session/f627006b-b911-4ed2-ab6e-2e9b77d84b50[39m
[35m[HTTP][39m [90m{}[39m
[35m[HTTP][39m [37m<-- GET /wd/hub/session/f627006b-b911-4ed2-ab6e-2e9b77d84b50 [39m[32m200[39m [90m25 ms - 1260[39m
[35m[HTTP][39m [90m[39m
[35m[HTTP][39m [37m-->[39m [37mGET[39m [37m/wd/hub/session/f627006b-b911-4ed2-ab6e-2e9b77d84b50[39m
[35m[HTTP][39m [90m{}[39m
[35m[HTTP][39m [37m<-- GET /wd/hub/session/f627006b-b911-4ed2-ab6e-2e9b77d84b50 [39m[32m200[39m [90m26 ms - 1260[39m
[35m[HTTP][39m [90m[39m
[35m[HTTP][39m [37m-->[39m [37mGET[39m [37m/wd/hub/session/f627006b-b911-4ed2-ab6e-2e9b77d84b50[39m
[35m[HTTP][39m [90m{}[39m
[35m[HTTP][39m [37m<-- GET /wd/hub/session/f627006b-b911-4ed2-ab6e-2e9b77d84b50 [39m[32m200[39m [90m24 ms - 1260[39m
[35m[HTTP][39m [90m[39m
[35m[HTTP][39m [37m-->[39m [37mGET[39m [37m/wd/hub/session/f627006b-b911-4ed2-ab6e-2e9b77d84b50[39m
[35m[HTTP][39m [90m{}[39m
[35m[HTTP][39m [37m<-- GET /wd/hub/session/f627006b-b911-4ed2-ab6e-2e9b77d84b50 [39m[32m200[39m [90m23 ms - 1260[39m
[35m[HTTP][39m [90m[39m
[35m[HTTP][39m [37m-->[39m [37mGET[39m [37m/wd/hub/session/f627006b-b911-4ed2-ab6e-2e9b77d84b50/element/a4fca00a-2298-4afc-8470-bb18c7cc9c9a/location[39m
[35m[HTTP][39m [90m{}[39m
[35m[W3C][39m Driver proxy active, passing request on via HTTP proxy
[35m[JSONWP Proxy][39m Replacing sessionId efa6c40f-ff2f-4d5c-9ade-775c3db69df8 with f627006b-b911-4ed2-ab6e-2e9b77d84b50
[35m[HTTP][39m [37m<-- GET /wd/hub/session/f627006b-b911-4ed2-ab6e-2e9b77d84b50/element/a4fca00a-2298-4afc-8470-bb18c7cc9c9a/location [39m[32m200[39m [90m47 ms - 90[39m
[35m[HTTP][39m [90m[39m
[35m[HTTP][39m [37m-->[39m [37mPOST[39m [37m/wd/hub/session/f627006b-b911-4ed2-ab6e-2e9b77d84b50/touch/perform[39m
[35m[HTTP][39m [90m{"actions":[{"action":"tap","options":{"element":"a4fca00a-2298-4afc-8470-bb18c7cc9c9a","x":1,"y":1}}]}[39m
[35m[UiAutomator2][39m calling get location: a4fca00a-2298-4afc-8470-bb18c7cc9c9a
[35m[HTTP][39m [37m<-- POST /wd/hub/session/f627006b-b911-4ed2-ab6e-2e9b77d84b50/touch/perform [39m[32m200[39m [90m939 ms - 76[39m
[35m[HTTP][39m [90m[39m
[35m[HTTP][39m [37m-->[39m [37mGET[39m [37m/wd/hub/session/f627006b-b911-4ed2-ab6e-2e9b77d84b50/window/current/size[39m
[35m[HTTP][39m [90m{}[39m
[35m[W3C][39m Driver proxy active, passing request on via HTTP proxy
[35m[JSONWP Proxy][39m Replacing sessionId efa6c40f-ff2f-4d5c-9ade-775c3db69df8 with f627006b-b911-4ed2-ab6e-2e9b77d84b50
[35m[HTTP][39m [37m<-- GET /wd/hub/session/f627006b-b911-4ed2-ab6e-2e9b77d84b50/window/current/size [39m[32m200[39m [90m26 ms - 99[39m
[35m[HTTP][39m [90m[39m
[35m[HTTP][39m [37m-->[39m [37mPOST[39m [37m/wd/hub/session/f627006b-b911-4ed2-ab6e-2e9b77d84b50/elements[39m
[35m[HTTP][39m [90m{"using":"-android uiautomator","value":"new UiSelector().className(\"android.widget.TextView\").text(\"Skip\").resourceId(\"id.astra.stable.movic:id/tvSkip\").instance(2)"}[39m
[35m[HTTP][39m [37m<-- POST /wd/hub/session/f627006b-b911-4ed2-ab6e-2e9b77d84b50/elements [39m[32m200[39m [90m70 ms - 124[39m
[35m[HTTP][39m [90m[39m
[35m[HTTP][39m [37m-->[39m [37mGET[39m [37m/wd/hub/session/f627006b-b911-4ed2-ab6e-2e9b77d84b50[39m
[35m[HTTP][39m [90m{}[39m
[35m[HTTP][39m [37m<-- GET /wd/hub/session/f627006b-b911-4ed2-ab6e-2e9b77d84b50 [39m[32m200[39m [90m25 ms - 1260[39m
[35m[HTTP][39m [90m[39m
[35m[HTTP][39m [37m-->[39m [37mGET[39m [37m/wd/hub/session/f627006b-b911-4ed2-ab6e-2e9b77d84b50[39m
[35m[HTTP][39m [90m{}[39m
[35m[HTTP][39m [37m<-- GET /wd/hub/session/f627006b-b911-4ed2-ab6e-2e9b77d84b50 [39m[32m200[39m [90m23 ms - 1260[39m
[35m[HTTP][39m [90m[39m
[35m[HTTP][39m [37m-->[39m [37mGET[39m [37m/wd/hub/session/f627006b-b911-4ed2-ab6e-2e9b77d84b50[39m
[35m[HTTP][39m [90m{}[39m
[35m[HTTP][39m [37m<-- GET /wd/hub/session/f627006b-b911-4ed2-ab6e-2e9b77d84b50 [39m[32m200[39m [90m27 ms - 1260[39m
[35m[HTTP][39m [90m[39m
[35m[HTTP][39m [37m-->[39m [37mGET[39m [37m/wd/hub/session/f627006b-b911-4ed2-ab6e-2e9b77d84b50[39m
[35m[HTTP][39m [90m{}[39m
[35m[HTTP][39m [37m<-- GET /wd/hub/session/f627006b-b911-4ed2-ab6e-2e9b77d84b50 [39m[32m200[39m [90m19 ms - 1260[39m
[35m[HTTP][39m [90m[39m
[35m[HTTP][39m [37m-->[39m [37mGET[39m [37m/wd/hub/session/f627006b-b911-4ed2-ab6e-2e9b77d84b50/element/210bd31a-f749-415d-bc80-bb324689609c/location[39m
[35m[HTTP][39m [90m{}[39m
[35m[W3C][39m Driver proxy active, passing request on via HTTP proxy
[35m[JSONWP Proxy][39m Replacing sessionId efa6c40f-ff2f-4d5c-9ade-775c3db69df8 with f627006b-b911-4ed2-ab6e-2e9b77d84b50
[35m[HTTP][39m [37m<-- GET /wd/hub/session/f627006b-b911-4ed2-ab6e-2e9b77d84b50/element/210bd31a-f749-415d-bc80-bb324689609c/location [39m[32m200[39m [90m42 ms - 89[39m
[35m[HTTP][39m [90m[39m
[35m[HTTP][39m [37m-->[39m [37mPOST[39m [37m/wd/hub/session/f627006b-b911-4ed2-ab6e-2e9b77d84b50/touch/perform[39m
[35m[HTTP][39m [90m{"actions":[{"action":"tap","options":{"element":"210bd31a-f749-415d-bc80-bb324689609c","x":1,"y":1}}]}[39m
[35m[UiAutomator2][39m calling get location: 210bd31a-f749-415d-bc80-bb324689609c
[35m[HTTP][39m [37m<-- POST /wd/hub/session/f627006b-b911-4ed2-ab6e-2e9b77d84b50/touch/perform [39m[32m200[39m [90m1798 ms - 76[39m
[35m[HTTP][39m [90m[39m
[35m[HTTP][39m [37m-->[39m [37mGET[39m [37m/wd/hub/session/f627006b-b911-4ed2-ab6e-2e9b77d84b50/window/current/size[39m
[35m[HTTP][39m [90m{}[39m
[35m[W3C][39m Driver proxy active, passing request on via HTTP proxy
[35m[JSONWP Proxy][39m Replacing sessionId efa6c40f-ff2f-4d5c-9ade-775c3db69df8 with f627006b-b911-4ed2-ab6e-2e9b77d84b50
[35m[HTTP][39m [37m<-- GET /wd/hub/session/f627006b-b911-4ed2-ab6e-2e9b77d84b50/window/current/size [39m[32m200[39m [90m30 ms - 99[39m
[35m[HTTP][39m [90m[39m
[35m[HTTP][39m [37m-->[39m [37mPOST[39m [37m/wd/hub/session/f627006b-b911-4ed2-ab6e-2e9b77d84b50/elements[39m
[35m[HTTP][39m [90m{"using":"-android uiautomator","value":"new UiSelector().className(\"android.widget.TextView\").text(\"Log in\").resourceId(\"id.astra.stable.movic:id/mTxtLogin\").instance(0)"}[39m
[35m[HTTP][39m [37m<-- POST /wd/hub/session/f627006b-b911-4ed2-ab6e-2e9b77d84b50/elements [39m[32m200[39m [90m76 ms - 124[39m
[35m[HTTP][39m [90m[39m
[35m[HTTP][39m [37m-->[39m [37mGET[39m [37m/wd/hub/session/f627006b-b911-4ed2-ab6e-2e9b77d84b50[39m
[35m[HTTP][39m [90m{}[39m
[35m[HTTP][39m [37m<-- GET /wd/hub/session/f627006b-b911-4ed2-ab6e-2e9b77d84b50 [39m[32m200[39m [90m21 ms - 1260[39m
[35m[HTTP][39m [90m[39m
[35m[HTTP][39m [37m-->[39m [37mGET[39m [37m/wd/hub/session/f627006b-b911-4ed2-ab6e-2e9b77d84b50[39m
[35m[HTTP][39m [90m{}[39m
[35m[HTTP][39m [37m<-- GET /wd/hub/session/f627006b-b911-4ed2-ab6e-2e9b77d84b50 [39m[32m200[39m [90m16 ms - 1260[39m
[35m[HTTP][39m [90m[39m
[35m[HTTP][39m [37m-->[39m [37mGET[39m [37m/wd/hub/session/f627006b-b911-4ed2-ab6e-2e9b77d84b50[39m
[35m[HTTP][39m [90m{}[39m
[35m[HTTP][39m [37m<-- GET /wd/hub/session/f627006b-b911-4ed2-ab6e-2e9b77d84b50 [39m[32m200[39m [90m23 ms - 1260[39m
[35m[HTTP][39m [90m[39m
[35m[HTTP][39m [37m-->[39m [37mGET[39m [37m/wd/hub/session/f627006b-b911-4ed2-ab6e-2e9b77d84b50[39m
[35m[HTTP][39m [90m{}[39m
[35m[HTTP][39m [37m<-- GET /wd/hub/session/f627006b-b911-4ed2-ab6e-2e9b77d84b50 [39m[32m200[39m [90m17 ms - 1260[39m
[35m[HTTP][39m [90m[39m
[35m[HTTP][39m [37m-->[39m [37mGET[39m [37m/wd/hub/session/f627006b-b911-4ed2-ab6e-2e9b77d84b50/element/38128d62-9cad-4689-9b57-1e3634cc821d/location[39m
[35m[HTTP][39m [90m{}[39m
[35m[W3C][39m Driver proxy active, passing request on via HTTP proxy
[35m[JSONWP Proxy][39m Replacing sessionId efa6c40f-ff2f-4d5c-9ade-775c3db69df8 with f627006b-b911-4ed2-ab6e-2e9b77d84b50
[35m[HTTP][39m [37m<-- GET /wd/hub/session/f627006b-b911-4ed2-ab6e-2e9b77d84b50/element/38128d62-9cad-4689-9b57-1e3634cc821d/location [39m[32m200[39m [90m28 ms - 89[39m
[35m[HTTP][39m [90m[39m
[35m[HTTP][39m [37m-->[39m [37mPOST[39m [37m/wd/hub/session/f627006b-b911-4ed2-ab6e-2e9b77d84b50/touch/perform[39m
[35m[HTTP][39m [90m{"actions":[{"action":"tap","options":{"element":"38128d62-9cad-4689-9b57-1e3634cc821d","x":1,"y":1}}]}[39m
[35m[UiAutomator2][39m calling get location: 38128d62-9cad-4689-9b57-1e3634cc821d
[35m[HTTP][39m [37m<-- POST /wd/hub/session/f627006b-b911-4ed2-ab6e-2e9b77d84b50/touch/perform [39m[32m200[39m [90m1247 ms - 76[39m
[35m[HTTP][39m [90m[39m
[35m[HTTP][39m [37m-->[39m [37mGET[39m [37m/wd/hub/session/f627006b-b911-4ed2-ab6e-2e9b77d84b50/window/current/size[39m
[35m[HTTP][39m [90m{}[39m
[35m[W3C][39m Driver proxy active, passing request on via HTTP proxy
[35m[JSONWP Proxy][39m Replacing sessionId efa6c40f-ff2f-4d5c-9ade-775c3db69df8 with f627006b-b911-4ed2-ab6e-2e9b77d84b50
[35m[HTTP][39m [37m<-- GET /wd/hub/session/f627006b-b911-4ed2-ab6e-2e9b77d84b50/window/current/size [39m[32m200[39m [90m22 ms - 99[39m
[35m[HTTP][39m [90m[39m
[35m[HTTP][39m [37m-->[39m [37mPOST[39m [37m/wd/hub/session/f627006b-b911-4ed2-ab6e-2e9b77d84b50/elements[39m
[35m[HTTP][39m [90m{"using":"-android uiautomator","value":"new UiSelector().className(\"android.widget.EditText\").resourceId(\"id.astra.stable.movic:id/mTxtUsername\").instance(0)"}[39m
[35m[HTTP][39m [37m<-- POST /wd/hub/session/f627006b-b911-4ed2-ab6e-2e9b77d84b50/elements [39m[32m200[39m [90m74 ms - 124[39m
[35m[HTTP][39m [90m[39m
[35m[HTTP][39m [37m-->[39m [37mGET[39m [37m/wd/hub/session/f627006b-b911-4ed2-ab6e-2e9b77d84b50[39m
[35m[HTTP][39m [90m{}[39m
[35m[HTTP][39m [37m<-- GET /wd/hub/session/f627006b-b911-4ed2-ab6e-2e9b77d84b50 [39m[32m200[39m [90m19 ms - 1260[39m
[35m[HTTP][39m [90m[39m
[35m[HTTP][39m [37m-->[39m [37mGET[39m [37m/wd/hub/session/f627006b-b911-4ed2-ab6e-2e9b77d84b50[39m
[35m[HTTP][39m [90m{}[39m
[35m[HTTP][39m [37m<-- GET /wd/hub/session/f627006b-b911-4ed2-ab6e-2e9b77d84b50 [39m[32m200[39m [90m25 ms - 1260[39m
[35m[HTTP][39m [90m[39m
[35m[HTTP][39m [37m-->[39m [37mGET[39m [37m/wd/hub/session/f627006b-b911-4ed2-ab6e-2e9b77d84b50[39m
[35m[HTTP][39m [90m{}[39m
[35m[HTTP][39m [37m<-- GET /wd/hub/session/f627006b-b911-4ed2-ab6e-2e9b77d84b50 [39m[32m200[39m [90m25 ms - 1260[39m
[35m[HTTP][39m [90m[39m
[35m[HTTP][39m [37m-->[39m [37mGET[39m [37m/wd/hub/session/f627006b-b911-4ed2-ab6e-2e9b77d84b50[39m
[35m[HTTP][39m [90m{}[39m
[35m[HTTP][39m [37m<-- GET /wd/hub/session/f627006b-b911-4ed2-ab6e-2e9b77d84b50 [39m[32m200[39m [90m20 ms - 1260[39m
[35m[HTTP][39m [90m[39m
[35m[HTTP][39m [37m-->[39m [37mGET[39m [37m/wd/hub/session/f627006b-b911-4ed2-ab6e-2e9b77d84b50/element/d32207d7-caa3-413a-b0ea-b2584685715b/location[39m
[35m[HTTP][39m [90m{}[39m
[35m[W3C][39m Driver proxy active, passing request on via HTTP proxy
[35m[JSONWP Proxy][39m Replacing sessionId efa6c40f-ff2f-4d5c-9ade-775c3db69df8 with f627006b-b911-4ed2-ab6e-2e9b77d84b50
[35m[HTTP][39m [37m<-- GET /wd/hub/session/f627006b-b911-4ed2-ab6e-2e9b77d84b50/element/d32207d7-caa3-413a-b0ea-b2584685715b/location [39m[32m200[39m [90m49 ms - 88[39m
[35m[HTTP][39m [90m[39m
[35m[HTTP][39m [37m-->[39m [37mPOST[39m [37m/wd/hub/session/f627006b-b911-4ed2-ab6e-2e9b77d84b50/element/d32207d7-caa3-413a-b0ea-b2584685715b/clear[39m
[35m[HTTP][39m [90m{"id":"d32207d7-caa3-413a-b0ea-b2584685715b"}[39m
[35m[HTTP][39m [37m<-- POST /wd/hub/session/f627006b-b911-4ed2-ab6e-2e9b77d84b50/element/d32207d7-caa3-413a-b0ea-b2584685715b/clear [39m[32m200[39m [90m87 ms - 89[39m
[35m[HTTP][39m [90m[39m
[35m[HTTP][39m [37m-->[39m [37mPOST[39m [37m/wd/hub/session/f627006b-b911-4ed2-ab6e-2e9b77d84b50/element/d32207d7-caa3-413a-b0ea-b2584685715b/value[39m
[35m[HTTP][39m [90m{"id":"d32207d7-caa3-413a-b0ea-b2584685715b","value":["santi.wahyuni@wgs.co.id"]}[39m
[35m[HTTP][39m [37m<-- POST /wd/hub/session/f627006b-b911-4ed2-ab6e-2e9b77d84b50/element/d32207d7-caa3-413a-b0ea-b2584685715b/value [39m[32m200[39m [90m808 ms - 74[39m
[35m[HTTP][39m [90m[39m
[35m[HTTP][39m [37m-->[39m [37mGET[39m [37m/wd/hub/session/f627006b-b911-4ed2-ab6e-2e9b77d84b50/window/current/size[39m
[35m[HTTP][39m [90m{}[39m
[35m[W3C][39m Driver proxy active, passing request on via HTTP proxy
[35m[JSONWP Proxy][39m Replacing sessionId efa6c40f-ff2f-4d5c-9ade-775c3db69df8 with f627006b-b911-4ed2-ab6e-2e9b77d84b50
[35m[HTTP][39m [37m<-- GET /wd/hub/session/f627006b-b911-4ed2-ab6e-2e9b77d84b50/window/current/size [39m[32m200[39m [90m26 ms - 99[39m
[35m[HTTP][39m [90m[39m
[35m[HTTP][39m [37m-->[39m [37mPOST[39m [37m/wd/hub/session/f627006b-b911-4ed2-ab6e-2e9b77d84b50/elements[39m
[35m[HTTP][39m [90m{"using":"-android uiautomator","value":"new UiSelector().className(\"android.widget.Button\").text(\"Next\").resourceId(\"id.astra.stable.movic:id/mBtnNext\").instance(0)"}[39m
[35m[HTTP][39m [37m<-- POST /wd/hub/session/f627006b-b911-4ed2-ab6e-2e9b77d84b50/elements [39m[32m200[39m [90m521 ms - 124[39m
[35m[HTTP][39m [90m[39m
[35m[HTTP][39m [37m-->[39m [37mGET[39m [37m/wd/hub/session/f627006b-b911-4ed2-ab6e-2e9b77d84b50[39m
[35m[HTTP][39m [90m{}[39m
[35m[HTTP][39m [37m<-- GET /wd/hub/session/f627006b-b911-4ed2-ab6e-2e9b77d84b50 [39m[32m200[39m [90m23 ms - 1260[39m
[35m[HTTP][39m [90m[39m
[35m[HTTP][39m [37m-->[39m [37mGET[39m [37m/wd/hub/session/f627006b-b911-4ed2-ab6e-2e9b77d84b50[39m
[35m[HTTP][39m [90m{}[39m
[35m[HTTP][39m [37m<-- GET /wd/hub/session/f627006b-b911-4ed2-ab6e-2e9b77d84b50 [39m[32m200[39m [90m23 ms - 1260[39m
[35m[HTTP][39m [90m[39m
[35m[HTTP][39m [37m-->[39m [37mGET[39m [37m/wd/hub/session/f627006b-b911-4ed2-ab6e-2e9b77d84b50[39m
[35m[HTTP][39m [90m{}[39m
[35m[HTTP][39m [37m<-- GET /wd/hub/session/f627006b-b911-4ed2-ab6e-2e9b77d84b50 [39m[32m200[39m [90m22 ms - 1260[39m
[35m[HTTP][39m [90m[39m
[35m[HTTP][39m [37m-->[39m [37mGET[39m [37m/wd/hub/session/f627006b-b911-4ed2-ab6e-2e9b77d84b50[39m
[35m[HTTP][39m [90m{}[39m
[35m[HTTP][39m [37m<-- GET /wd/hub/session/f627006b-b911-4ed2-ab6e-2e9b77d84b50 [39m[32m200[39m [90m22 ms - 1260[39m
[35m[HTTP][39m [90m[39m
[35m[HTTP][39m [37m-->[39m [37mGET[39m [37m/wd/hub/session/f627006b-b911-4ed2-ab6e-2e9b77d84b50/element/2e10b476-e885-4922-9102-5e62ac715f3c/location[39m
[35m[HTTP][39m [90m{}[39m
[35m[W3C][39m Driver proxy active, passing request on via HTTP proxy
[35m[JSONWP Proxy][39m Replacing sessionId efa6c40f-ff2f-4d5c-9ade-775c3db69df8 with f627006b-b911-4ed2-ab6e-2e9b77d84b50
[35m[HTTP][39m [37m<-- GET /wd/hub/session/f627006b-b911-4ed2-ab6e-2e9b77d84b50/element/2e10b476-e885-4922-9102-5e62ac715f3c/location [39m[32m200[39m [90m52 ms - 89[39m
[35m[HTTP][39m [90m[39m
[35m[HTTP][39m [37m-->[39m [37mPOST[39m [37m/wd/hub/session/f627006b-b911-4ed2-ab6e-2e9b77d84b50/touch/perform[39m
[35m[HTTP][39m [90m{"actions":[{"action":"tap","options":{"element":"2e10b476-e885-4922-9102-5e62ac715f3c","x":1,"y":1}}]}[39m
[35m[UiAutomator2][39m calling get location: 2e10b476-e885-4922-9102-5e62ac715f3c
[35m[HTTP][39m [37m<-- POST /wd/hub/session/f627006b-b911-4ed2-ab6e-2e9b77d84b50/touch/perform [39m[32m200[39m [90m1786 ms - 76[39m
[35m[HTTP][39m [90m[39m
[35m[HTTP][39m [37m-->[39m [37mGET[39m [37m/wd/hub/session/f627006b-b911-4ed2-ab6e-2e9b77d84b50/window/current/size[39m
[35m[HTTP][39m [90m{}[39m
[35m[W3C][39m Driver proxy active, passing request on via HTTP proxy
[35m[JSONWP Proxy][39m Replacing sessionId efa6c40f-ff2f-4d5c-9ade-775c3db69df8 with f627006b-b911-4ed2-ab6e-2e9b77d84b50
[35m[HTTP][39m [37m<-- GET /wd/hub/session/f627006b-b911-4ed2-ab6e-2e9b77d84b50/window/current/size [39m[32m200[39m [90m30 ms - 99[39m
[35m[HTTP][39m [90m[39m
[35m[HTTP][39m [37m-->[39m [37mPOST[39m [37m/wd/hub/session/f627006b-b911-4ed2-ab6e-2e9b77d84b50/elements[39m
[35m[HTTP][39m [90m{"using":"-android uiautomator","value":"new UiSelector().className(\"android.widget.EditText\").resourceId(\"id.astra.stable.movic:id/mTxtPassword\").instance(0)"}[39m
[35m[HTTP][39m [37m<-- POST /wd/hub/session/f627006b-b911-4ed2-ab6e-2e9b77d84b50/elements [39m[32m200[39m [90m187 ms - 124[39m
[35m[HTTP][39m [90m[39m
[35m[HTTP][39m [37m-->[39m [37mGET[39m [37m/wd/hub/session/f627006b-b911-4ed2-ab6e-2e9b77d84b50[39m
[35m[HTTP][39m [90m{}[39m
[35m[HTTP][39m [37m<-- GET /wd/hub/session/f627006b-b911-4ed2-ab6e-2e9b77d84b50 [39m[32m200[39m [90m27 ms - 1260[39m
[35m[HTTP][39m [90m[39m
[35m[HTTP][39m [37m-->[39m [37mGET[39m [37m/wd/hub/session/f627006b-b911-4ed2-ab6e-2e9b77d84b50[39m
[35m[HTTP][39m [90m{}[39m
[35m[HTTP][39m [37m<-- GET /wd/hub/session/f627006b-b911-4ed2-ab6e-2e9b77d84b50 [39m[32m200[39m [90m26 ms - 1260[39m
[35m[HTTP][39m [90m[39m
[35m[HTTP][39m [37m-->[39m [37mGET[39m [37m/wd/hub/session/f627006b-b911-4ed2-ab6e-2e9b77d84b50[39m
[35m[HTTP][39m [90m{}[39m
[35m[HTTP][39m [37m<-- GET /wd/hub/session/f627006b-b911-4ed2-ab6e-2e9b77d84b50 [39m[32m200[39m [90m22 ms - 1260[39m
[35m[HTTP][39m [90m[39m
[35m[HTTP][39m [37m-->[39m [37mGET[39m [37m/wd/hub/session/f627006b-b911-4ed2-ab6e-2e9b77d84b50[39m
[35m[HTTP][39m [90m{}[39m
[35m[HTTP][39m [37m<-- GET /wd/hub/session/f627006b-b911-4ed2-ab6e-2e9b77d84b50 [39m[32m200[39m [90m23 ms - 1260[39m
[35m[HTTP][39m [90m[39m
[35m[HTTP][39m [37m-->[39m [37mGET[39m [37m/wd/hub/session/f627006b-b911-4ed2-ab6e-2e9b77d84b50/element/4abdd7bf-d230-4928-9a41-90f2bc926e88/location[39m
[35m[HTTP][39m [90m{}[39m
[35m[W3C][39m Driver proxy active, passing request on via HTTP proxy
[35m[JSONWP Proxy][39m Replacing sessionId efa6c40f-ff2f-4d5c-9ade-775c3db69df8 with f627006b-b911-4ed2-ab6e-2e9b77d84b50
[35m[HTTP][39m [37m<-- GET /wd/hub/session/f627006b-b911-4ed2-ab6e-2e9b77d84b50/element/4abdd7bf-d230-4928-9a41-90f2bc926e88/location [39m[32m200[39m [90m47 ms - 88[39m
[35m[HTTP][39m [90m[39m
[35m[HTTP][39m [37m-->[39m [37mPOST[39m [37m/wd/hub/session/f627006b-b911-4ed2-ab6e-2e9b77d84b50/element/4abdd7bf-d230-4928-9a41-90f2bc926e88/clear[39m
[35m[HTTP][39m [90m{"id":"4abdd7bf-d230-4928-9a41-90f2bc926e88"}[39m
[35m[HTTP][39m [37m<-- POST /wd/hub/session/f627006b-b911-4ed2-ab6e-2e9b77d84b50/element/4abdd7bf-d230-4928-9a41-90f2bc926e88/clear [39m[32m200[39m [90m69 ms - 89[39m
[35m[HTTP][39m [90m[39m
[35m[HTTP][39m [37m-->[39m [37mPOST[39m [37m/wd/hub/session/f627006b-b911-4ed2-ab6e-2e9b77d84b50/element/4abdd7bf-d230-4928-9a41-90f2bc926e88/value[39m
[35m[HTTP][39m [90m{"id":"4abdd7bf-d230-4928-9a41-90f2bc926e88","value":["P@ssword789"]}[39m
[35m[HTTP][39m [37m<-- POST /wd/hub/session/f627006b-b911-4ed2-ab6e-2e9b77d84b50/element/4abdd7bf-d230-4928-9a41-90f2bc926e88/value [39m[32m200[39m [90m778 ms - 74[39m
[35m[HTTP][39m [90m[39m
[35m[HTTP][39m [37m-->[39m [37mGET[39m [37m/wd/hub/session/f627006b-b911-4ed2-ab6e-2e9b77d84b50/context[39m
[35m[HTTP][39m [90m{}[39m
[35m[HTTP][39m [37m<-- GET /wd/hub/session/f627006b-b911-4ed2-ab6e-2e9b77d84b50/context [39m[32m200[39m [90m4 ms - 84[39m
[35m[HTTP][39m [90m[39m
[35m[HTTP][39m [37m-->[39m [37mGET[39m [37m/wd/hub/session/f627006b-b911-4ed2-ab6e-2e9b77d84b50/contexts[39m
[35m[HTTP][39m [90m{}[39m
[35m[HTTP][39m [37m<-- GET /wd/hub/session/f627006b-b911-4ed2-ab6e-2e9b77d84b50/contexts [39m[32m200[39m [90m82 ms - 86[39m
[35m[HTTP][39m [90m[39m
[35m[HTTP][39m [37m-->[39m [37mPOST[39m [37m/wd/hub/session/f627006b-b911-4ed2-ab6e-2e9b77d84b50/context[39m
[35m[HTTP][39m [90m{"name":"NATIVE_APP"}[39m
[35m[HTTP][39m [37m<-- POST /wd/hub/session/f627006b-b911-4ed2-ab6e-2e9b77d84b50/context [39m[32m200[39m [90m95 ms - 76[39m
[35m[HTTP][39m [90m[39m
[35m[HTTP][39m [37m-->[39m [37mPOST[39m [37m/wd/hub/session/f627006b-b911-4ed2-ab6e-2e9b77d84b50/appium/device/hide_keyboard[39m
[35m[HTTP][39m [90m{}[39m
[35m[HTTP][39m [37m<-- POST /wd/hub/session/f627006b-b911-4ed2-ab6e-2e9b77d84b50/appium/device/hide_keyboard [39m[32m200[39m [90m1636 ms - 76[39m
[35m[HTTP][39m [90m[39m
[35m[HTTP][39m [37m-->[39m [37mPOST[39m [37m/wd/hub/session/f627006b-b911-4ed2-ab6e-2e9b77d84b50/context[39m
[35m[HTTP][39m [90m{"name":"NATIVE_APP"}[39m
[35m[HTTP][39m [37m<-- POST /wd/hub/session/f627006b-b911-4ed2-ab6e-2e9b77d84b50/context [39m[32m200[39m [90m76 ms - 76[39m
[35m[HTTP][39m [90m[39m
[35m[HTTP][39m [37m-->[39m [37mGET[39m [37m/wd/hub/session/f627006b-b911-4ed2-ab6e-2e9b77d84b50/window/current/size[39m
[35m[HTTP][39m [90m{}[39m
[35m[W3C][39m Driver proxy active, passing request on via HTTP proxy
[35m[JSONWP Proxy][39m Replacing sessionId efa6c40f-ff2f-4d5c-9ade-775c3db69df8 with f627006b-b911-4ed2-ab6e-2e9b77d84b50
[35m[HTTP][39m [37m<-- GET /wd/hub/session/f627006b-b911-4ed2-ab6e-2e9b77d84b50/window/current/size [39m[32m200[39m [90m29 ms - 99[39m
[35m[HTTP][39m [90m[39m
[35m[HTTP][39m [37m-->[39m [37mPOST[39m [37m/wd/hub/session/f627006b-b911-4ed2-ab6e-2e9b77d84b50/elements[39m
[35m[HTTP][39m [90m{"using":"-android uiautomator","value":"new UiSelector().className(\"android.widget.Button\").text(\"Start Movic\").resourceId(\"id.astra.stable.movic:id/mBtnNext\").instance(0)"}[39m
[35m[HTTP][39m [37m<-- POST /wd/hub/session/f627006b-b911-4ed2-ab6e-2e9b77d84b50/elements [39m[32m200[39m [90m506 ms - 124[39m
[35m[HTTP][39m [90m[39m
[35m[HTTP][39m [37m-->[39m [37mGET[39m [37m/wd/hub/session/f627006b-b911-4ed2-ab6e-2e9b77d84b50[39m
[35m[HTTP][39m [90m{}[39m
[35m[HTTP][39m [37m<-- GET /wd/hub/session/f627006b-b911-4ed2-ab6e-2e9b77d84b50 [39m[32m200[39m [90m18 ms - 1260[39m
[35m[HTTP][39m [90m[39m
[35m[HTTP][39m [37m-->[39m [37mGET[39m [37m/wd/hub/session/f627006b-b911-4ed2-ab6e-2e9b77d84b50[39m
[35m[HTTP][39m [90m{}[39m
[35m[HTTP][39m [37m<-- GET /wd/hub/session/f627006b-b911-4ed2-ab6e-2e9b77d84b50 [39m[32m200[39m [90m16 ms - 1260[39m
[35m[HTTP][39m [90m[39m
[35m[HTTP][39m [37m-->[39m [37mGET[39m [37m/wd/hub/session/f627006b-b911-4ed2-ab6e-2e9b77d84b50[39m
[35m[HTTP][39m [90m{}[39m
[35m[HTTP][39m [37m<-- GET /wd/hub/session/f627006b-b911-4ed2-ab6e-2e9b77d84b50 [39m[32m200[39m [90m24 ms - 1260[39m
[35m[HTTP][39m [90m[39m
[35m[HTTP][39m [37m-->[39m [37mGET[39m [37m/wd/hub/session/f627006b-b911-4ed2-ab6e-2e9b77d84b50[39m
[35m[HTTP][39m [90m{}[39m
[35m[HTTP][39m [37m<-- GET /wd/hub/session/f627006b-b911-4ed2-ab6e-2e9b77d84b50 [39m[32m200[39m [90m23 ms - 1260[39m
[35m[HTTP][39m [90m[39m
[35m[HTTP][39m [37m-->[39m [37mGET[39m [37m/wd/hub/session/f627006b-b911-4ed2-ab6e-2e9b77d84b50/element/880c0c3a-e7cc-4468-a523-f287dfe2a5e7/location[39m
[35m[HTTP][39m [90m{}[39m
[35m[W3C][39m Driver proxy active, passing request on via HTTP proxy
[35m[JSONWP Proxy][39m Replacing sessionId efa6c40f-ff2f-4d5c-9ade-775c3db69df8 with f627006b-b911-4ed2-ab6e-2e9b77d84b50
[35m[HTTP][39m [37m<-- GET /wd/hub/session/f627006b-b911-4ed2-ab6e-2e9b77d84b50/element/880c0c3a-e7cc-4468-a523-f287dfe2a5e7/location [39m[32m200[39m [90m54 ms - 89[39m
[35m[HTTP][39m [90m[39m
[35m[HTTP][39m [37m-->[39m [37mPOST[39m [37m/wd/hub/session/f627006b-b911-4ed2-ab6e-2e9b77d84b50/touch/perform[39m
[35m[HTTP][39m [90m{"actions":[{"action":"tap","options":{"element":"880c0c3a-e7cc-4468-a523-f287dfe2a5e7","x":1,"y":1}}]}[39m
[35m[UiAutomator2][39m calling get location: 880c0c3a-e7cc-4468-a523-f287dfe2a5e7
[35m[HTTP][39m [37m<-- POST /wd/hub/session/f627006b-b911-4ed2-ab6e-2e9b77d84b50/touch/perform [39m[32m200[39m [90m1000 ms - 76[39m
[35m[HTTP][39m [90m[39m
[35m[HTTP][39m [37m-->[39m [37mGET[39m [37m/wd/hub/session/f627006b-b911-4ed2-ab6e-2e9b77d84b50/context[39m
[35m[HTTP][39m [90m{}[39m
[35m[HTTP][39m [37m<-- GET /wd/hub/session/f627006b-b911-4ed2-ab6e-2e9b77d84b50/context [39m[32m200[39m [90m3 ms - 84[39m
[35m[HTTP][39m [90m[39m
[35m[HTTP][39m [37m-->[39m [37mGET[39m [37m/wd/hub/session/f627006b-b911-4ed2-ab6e-2e9b77d84b50/contexts[39m
[35m[HTTP][39m [90m{}[39m
[35m[HTTP][39m [37m<-- GET /wd/hub/session/f627006b-b911-4ed2-ab6e-2e9b77d84b50/contexts [39m[32m200[39m [90m119 ms - 86[39m
[35m[HTTP][39m [90m[39m
[35m[HTTP][39m [37m-->[39m [37mPOST[39m [37m/wd/hub/session/f627006b-b911-4ed2-ab6e-2e9b77d84b50/context[39m
[35m[HTTP][39m [90m{"name":"NATIVE_APP"}[39m
[35m[HTTP][39m [37m<-- POST /wd/hub/session/f627006b-b911-4ed2-ab6e-2e9b77d84b50/context [39m[32m200[39m [90m112 ms - 76[39m
[35m[HTTP][39m [90m[39m
[35m[HTTP][39m [37m-->[39m [37mPOST[39m [37m/wd/hub/session/f627006b-b911-4ed2-ab6e-2e9b77d84b50/element[39m
[35m[HTTP][39m [90m{"using":"-android uiautomator","value":"new UiScrollable(new UiSelector().scrollable(true).instance(0)).scrollIntoView(new UiSelector().textContains(\"Popular Car Rentals\"))"}[39m
[35m[HTTP][39m [37m<-- POST /wd/hub/session/f627006b-b911-4ed2-ab6e-2e9b77d84b50/element [39m[31m500[39m [90m19155 ms - 164[39m
[35m[HTTP][39m [90m[39m
[35m[HTTP][39m [37m-->[39m [37mPOST[39m [37m/wd/hub/session/f627006b-b911-4ed2-ab6e-2e9b77d84b50/context[39m
[35m[HTTP][39m [90m{"name":"NATIVE_APP"}[39m
[35m[HTTP][39m [37m<-- POST /wd/hub/session/f627006b-b911-4ed2-ab6e-2e9b77d84b50/context [39m[32m200[39m [90m112 ms - 76[39m
[35m[HTTP][39m [90m[39m
[35m[HTTP][39m [37m-->[39m [37mGET[39m [37m/wd/hub/session/f627006b-b911-4ed2-ab6e-2e9b77d84b50/context[39m
[35m[HTTP][39m [90m{}[39m
[35m[HTTP][39m [37m<-- GET /wd/hub/session/f627006b-b911-4ed2-ab6e-2e9b77d84b50/context [39m[32m200[39m [90m6 ms - 84[39m
[35m[HTTP][39m [90m[39m
[35m[HTTP][39m [37m-->[39m [37mGET[39m [37m/wd/hub/session/f627006b-b911-4ed2-ab6e-2e9b77d84b50/contexts[39m
[35m[HTTP][39m [90m{}[39m
[35m[HTTP][39m [37m<-- GET /wd/hub/session/f627006b-b911-4ed2-ab6e-2e9b77d84b50/contexts [39m[32m200[39m [90m105 ms - 86[39m
[35m[HTTP][39m [90m[39m
[35m[HTTP][39m [37m-->[39m [37mPOST[39m [37m/wd/hub/session/f627006b-b911-4ed2-ab6e-2e9b77d84b50/context[39m
[35m[HTTP][39m [90m{"name":"NATIVE_APP"}[39m
[35m[HTTP][39m [37m<-- POST /wd/hub/session/f627006b-b911-4ed2-ab6e-2e9b77d84b50/context [39m[32m200[39m [90m111 ms - 76[39m
[35m[HTTP][39m [90m[39m
[35m[HTTP][39m [37m-->[39m [37mGET[39m [37m/wd/hub/session/f627006b-b911-4ed2-ab6e-2e9b77d84b50/screenshot[39m
[35m[HTTP][39m [90m{}[39m
[35m[HTTP][39m [37m<-- GET /wd/hub/session/f627006b-b911-4ed2-ab6e-2e9b77d84b50/screenshot [39m[32m200[39m [90m1359 ms - 1331440[39m
[35m[HTTP][39m [90m[39m
[35m[HTTP][39m [37m-->[39m [37mPOST[39m [37m/wd/hub/session/f627006b-b911-4ed2-ab6e-2e9b77d84b50/context[39m
[35m[HTTP][39m [90m{"name":"NATIVE_APP"}[39m
[35m[HTTP][39m [37m<-- POST /wd/hub/session/f627006b-b911-4ed2-ab6e-2e9b77d84b50/context [39m[32m200[39m [90m101 ms - 76[39m
[35m[HTTP][39m [90m[39m
[35m[HTTP][39m [37m-->[39m [37mGET[39m [37m/wd/hub/session/f627006b-b911-4ed2-ab6e-2e9b77d84b50/window/current/size[39m
[35m[HTTP][39m [90m{}[39m
[35m[W3C][39m Driver proxy active, passing request on via HTTP proxy
[35m[JSONWP Proxy][39m Replacing sessionId efa6c40f-ff2f-4d5c-9ade-775c3db69df8 with f627006b-b911-4ed2-ab6e-2e9b77d84b50
[35m[HTTP][39m [37m<-- GET /wd/hub/session/f627006b-b911-4ed2-ab6e-2e9b77d84b50/window/current/size [39m[32m200[39m [90m36 ms - 99[39m
[35m[HTTP][39m [90m[39m
[35m[HTTP][39m [37m-->[39m [37mPOST[39m [37m/wd/hub/session/f627006b-b911-4ed2-ab6e-2e9b77d84b50/elements[39m
[35m[HTTP][39m [90m{"using":"-android uiautomator","value":"new UiSelector().className(\"android.widget.Button\").text(\"Check Packages\").resourceId(\"id.astra.stable.movic:id/mBtnCheckPackage\").instance(0)"}[39m
[35m[HTTP][39m [37m<-- POST /wd/hub/session/f627006b-b911-4ed2-ab6e-2e9b77d84b50/elements [39m[32m200[39m [90m95 ms - 74[39m
[35m[HTTP][39m [90m[39m
[35m[HTTP][39m [37m-->[39m [37mPOST[39m [37m/wd/hub/session/f627006b-b911-4ed2-ab6e-2e9b77d84b50/elements[39m
[35m[HTTP][39m [90m{"using":"-android uiautomator","value":"new UiSelector().className(\"android.widget.Button\").text(\"Check Packages\").resourceId(\"id.astra.stable.movic:id/mBtnCheckPackage\").instance(0)"}[39m
[35m[HTTP][39m [37m<-- POST /wd/hub/session/f627006b-b911-4ed2-ab6e-2e9b77d84b50/elements [39m[32m200[39m [90m62 ms - 74[39m
[35m[HTTP][39m [90m[39m
[35m[HTTP][39m [37m-->[39m [37mPOST[39m [37m/wd/hub/session/f627006b-b911-4ed2-ab6e-2e9b77d84b50/elements[39m
[35m[HTTP][39m [90m{"using":"-android uiautomator","value":"new UiSelector().className(\"android.widget.Button\").text(\"Check Packages\").resourceId(\"id.astra.stable.movic:id/mBtnCheckPackage\").instance(0)"}[39m
[35m[HTTP][39m [37m<-- POST /wd/hub/session/f627006b-b911-4ed2-ab6e-2e9b77d84b50/elements [39m[32m200[39m [90m62 ms - 74[39m
[35m[HTTP][39m [90m[39m
[35m[HTTP][39m [37m-->[39m [37mPOST[39m [37m/wd/hub/session/f627006b-b911-4ed2-ab6e-2e9b77d84b50/elements[39m
[35m[HTTP][39m [90m{"using":"-android uiautomator","value":"new UiSelector().className(\"android.widget.Button\").text(\"Check Packages\").resourceId(\"id.astra.stable.movic:id/mBtnCheckPackage\").instance(0)"}[39m
[35m[HTTP][39m [37m<-- POST /wd/hub/session/f627006b-b911-4ed2-ab6e-2e9b77d84b50/elements [39m[32m200[39m [90m61 ms - 74[39m
[35m[HTTP][39m [90m[39m
[35m[HTTP][39m [37m-->[39m [37mPOST[39m [37m/wd/hub/session/f627006b-b911-4ed2-ab6e-2e9b77d84b50/elements[39m
[35m[HTTP][39m [90m{"using":"-android uiautomator","value":"new UiSelector().className(\"android.widget.Button\").text(\"Check Packages\").resourceId(\"id.astra.stable.movic:id/mBtnCheckPackage\").instance(0)"}[39m
[35m[HTTP][39m [37m<-- POST /wd/hub/session/f627006b-b911-4ed2-ab6e-2e9b77d84b50/elements [39m[32m200[39m [90m62 ms - 74[39m
[35m[HTTP][39m [90m[39m
[35m[HTTP][39m [37m-->[39m [37mPOST[39m [37m/wd/hub/session/f627006b-b911-4ed2-ab6e-2e9b77d84b50/elements[39m
[35m[HTTP][39m [90m{"using":"-android uiautomator","value":"new UiSelector().className(\"android.widget.Button\").text(\"Check Packages\").resourceId(\"id.astra.stable.movic:id/mBtnCheckPackage\").instance(0)"}[39m
[35m[HTTP][39m [37m<-- POST /wd/hub/session/f627006b-b911-4ed2-ab6e-2e9b77d84b50/elements [39m[32m200[39m [90m51 ms - 74[39m
[35m[HTTP][39m [90m[39m
[35m[HTTP][39m [37m-->[39m [37mPOST[39m [37m/wd/hub/session/f627006b-b911-4ed2-ab6e-2e9b77d84b50/elements[39m
[35m[HTTP][39m [90m{"using":"-android uiautomator","value":"new UiSelector().className(\"android.widget.Button\").text(\"Check Packages\").resourceId(\"id.astra.stable.movic:id/mBtnCheckPackage\").instance(0)"}[39m
[35m[HTTP][39m [37m<-- POST /wd/hub/session/f627006b-b911-4ed2-ab6e-2e9b77d84b50/elements [39m[32m200[39m [90m51 ms - 74[39m
[35m[HTTP][39m [90m[39m
[35m[HTTP][39m [37m-->[39m [37mPOST[39m [37m/wd/hub/session/f627006b-b911-4ed2-ab6e-2e9b77d84b50/elements[39m
[35m[HTTP][39m [90m{"using":"-android uiautomator","value":"new UiSelector().className(\"android.widget.Button\").text(\"Check Packages\").resourceId(\"id.astra.stable.movic:id/mBtnCheckPackage\").instance(0)"}[39m
[35m[HTTP][39m [37m<-- POST /wd/hub/session/f627006b-b911-4ed2-ab6e-2e9b77d84b50/elements [39m[32m200[39m [90m52 ms - 74[39m
[35m[HTTP][39m [90m[39m
[35m[HTTP][39m [37m-->[39m [37mPOST[39m [37m/wd/hub/session/f627006b-b911-4ed2-ab6e-2e9b77d84b50/elements[39m
[35m[HTTP][39m [90m{"using":"-android uiautomator","value":"new UiSelector().className(\"android.widget.Button\").text(\"Check Packages\").resourceId(\"id.astra.stable.movic:id/mBtnCheckPackage\").instance(0)"}[39m
[35m[HTTP][39m [37m<-- POST /wd/hub/session/f627006b-b911-4ed2-ab6e-2e9b77d84b50/elements [39m[32m200[39m [90m68 ms - 74[39m
[35m[HTTP][39m [90m[39m
[35m[HTTP][39m [37m-->[39m [37mPOST[39m [37m/wd/hub/session/f627006b-b911-4ed2-ab6e-2e9b77d84b50/elements[39m
[35m[HTTP][39m [90m{"using":"-android uiautomator","value":"new UiSelector().className(\"android.widget.Button\").text(\"Check Packages\").resourceId(\"id.astra.stable.movic:id/mBtnCheckPackage\").instance(0)"}[39m
[35m[HTTP][39m [37m<-- POST /wd/hub/session/f627006b-b911-4ed2-ab6e-2e9b77d84b50/elements [39m[32m200[39m [90m57 ms - 74[39m
[35m[HTTP][39m [90m[39m
[35m[HTTP][39m [37m-->[39m [37mPOST[39m [37m/wd/hub/session/f627006b-b911-4ed2-ab6e-2e9b77d84b50/elements[39m
[35m[HTTP][39m [90m{"using":"-android uiautomator","value":"new UiSelector().className(\"android.widget.Button\").text(\"Check Packages\").resourceId(\"id.astra.stable.movic:id/mBtnCheckPackage\").instance(0)"}[39m
[35m[HTTP][39m [37m<-- POST /wd/hub/session/f627006b-b911-4ed2-ab6e-2e9b77d84b50/elements [39m[32m200[39m [90m68 ms - 74[39m
[35m[HTTP][39m [90m[39m
[35m[HTTP][39m [37m-->[39m [37mPOST[39m [37m/wd/hub/session/f627006b-b911-4ed2-ab6e-2e9b77d84b50/elements[39m
[35m[HTTP][39m [90m{"using":"-android uiautomator","value":"new UiSelector().className(\"android.widget.Button\").text(\"Check Packages\").resourceId(\"id.astra.stable.movic:id/mBtnCheckPackage\").instance(0)"}[39m
[35m[HTTP][39m [37m<-- POST /wd/hub/session/f627006b-b911-4ed2-ab6e-2e9b77d84b50/elements [39m[32m200[39m [90m60 ms - 74[39m
[35m[HTTP][39m [90m[39m
[35m[HTTP][39m [37m-->[39m [37mPOST[39m [37m/wd/hub/session/f627006b-b911-4ed2-ab6e-2e9b77d84b50/elements[39m
[35m[HTTP][39m [90m{"using":"-android uiautomator","value":"new UiSelector().className(\"android.widget.Button\").text(\"Check Packages\").resourceId(\"id.astra.stable.movic:id/mBtnCheckPackage\").instance(0)"}[39m
[35m[HTTP][39m [37m<-- POST /wd/hub/session/f627006b-b911-4ed2-ab6e-2e9b77d84b50/elements [39m[32m200[39m [90m73 ms - 74[39m
[35m[HTTP][39m [90m[39m
[35m[HTTP][39m [37m-->[39m [37mPOST[39m [37m/wd/hub/session/f627006b-b911-4ed2-ab6e-2e9b77d84b50/elements[39m
[35m[HTTP][39m [90m{"using":"-android uiautomator","value":"new UiSelector().className(\"android.widget.Button\").text(\"Check Packages\").resourceId(\"id.astra.stable.movic:id/mBtnCheckPackage\").instance(0)"}[39m
[35m[HTTP][39m [37m<-- POST /wd/hub/session/f627006b-b911-4ed2-ab6e-2e9b77d84b50/elements [39m[32m200[39m [90m57 ms - 74[39m
[35m[HTTP][39m [90m[39m
[35m[HTTP][39m [37m-->[39m [37mPOST[39m [37m/wd/hub/session/f627006b-b911-4ed2-ab6e-2e9b77d84b50/elements[39m
[35m[HTTP][39m [90m{"using":"-android uiautomator","value":"new UiSelector().className(\"android.widget.Button\").text(\"Check Packages\").resourceId(\"id.astra.stable.movic:id/mBtnCheckPackage\").instance(0)"}[39m
[35m[HTTP][39m [37m<-- POST /wd/hub/session/f627006b-b911-4ed2-ab6e-2e9b77d84b50/elements [39m[32m200[39m [90m69 ms - 74[39m
[35m[HTTP][39m [90m[39m
[35m[HTTP][39m [37m-->[39m [37mPOST[39m [37m/wd/hub/session/f627006b-b911-4ed2-ab6e-2e9b77d84b50/elements[39m
[35m[HTTP][39m [90m{"using":"-android uiautomator","value":"new UiSelector().className(\"android.widget.Button\").text(\"Check Packages\").resourceId(\"id.astra.stable.movic:id/mBtnCheckPackage\").instance(0)"}[39m
[35m[HTTP][39m [37m<-- POST /wd/hub/session/f627006b-b911-4ed2-ab6e-2e9b77d84b50/elements [39m[32m200[39m [90m53 ms - 74[39m
[35m[HTTP][39m [90m[39m
[35m[HTTP][39m [37m-->[39m [37mPOST[39m [37m/wd/hub/session/f627006b-b911-4ed2-ab6e-2e9b77d84b50/elements[39m
[35m[HTTP][39m [90m{"using":"-android uiautomator","value":"new UiSelector().className(\"android.widget.Button\").text(\"Check Packages\").resourceId(\"id.astra.stable.movic:id/mBtnCheckPackage\").instance(0)"}[39m
[35m[HTTP][39m [37m<-- POST /wd/hub/session/f627006b-b911-4ed2-ab6e-2e9b77d84b50/elements [39m[32m200[39m [90m57 ms - 74[39m
[35m[HTTP][39m [90m[39m
[35m[HTTP][39m [37m-->[39m [37mPOST[39m [37m/wd/hub/session/f627006b-b911-4ed2-ab6e-2e9b77d84b50/elements[39m
[35m[HTTP][39m [90m{"using":"-android uiautomator","value":"new UiSelector().className(\"android.widget.Button\").text(\"Check Packages\").resourceId(\"id.astra.stable.movic:id/mBtnCheckPackage\").instance(0)"}[39m
[35m[HTTP][39m [37m<-- POST /wd/hub/session/f627006b-b911-4ed2-ab6e-2e9b77d84b50/elements [39m[32m200[39m [90m56 ms - 74[39m
[35m[HTTP][39m [90m[39m
[35m[HTTP][39m [37m-->[39m [37mPOST[39m [37m/wd/hub/session/f627006b-b911-4ed2-ab6e-2e9b77d84b50/elements[39m
[35m[HTTP][39m [90m{"using":"-android uiautomator","value":"new UiSelector().className(\"android.widget.Button\").text(\"Check Packages\").resourceId(\"id.astra.stable.movic:id/mBtnCheckPackage\").instance(0)"}[39m
[35m[HTTP][39m [37m<-- POST /wd/hub/session/f627006b-b911-4ed2-ab6e-2e9b77d84b50/elements [39m[32m200[39m [90m78 ms - 74[39m
[35m[HTTP][39m [90m[39m
[35m[HTTP][39m [37m-->[39m [37mPOST[39m [37m/wd/hub/session/f627006b-b911-4ed2-ab6e-2e9b77d84b50/elements[39m
[35m[HTTP][39m [90m{"using":"-android uiautomator","value":"new UiSelector().className(\"android.widget.Button\").text(\"Check Packages\").resourceId(\"id.astra.stable.movic:id/mBtnCheckPackage\").instance(0)"}[39m
[35m[HTTP][39m [37m<-- POST /wd/hub/session/f627006b-b911-4ed2-ab6e-2e9b77d84b50/elements [39m[32m200[39m [90m51 ms - 74[39m
[35m[HTTP][39m [90m[39m
[35m[HTTP][39m [37m-->[39m [37mPOST[39m [37m/wd/hub/session/f627006b-b911-4ed2-ab6e-2e9b77d84b50/elements[39m
[35m[HTTP][39m [90m{"using":"-android uiautomator","value":"new UiSelector().className(\"android.widget.Button\").text(\"Check Packages\").resourceId(\"id.astra.stable.movic:id/mBtnCheckPackage\").instance(0)"}[39m
[35m[HTTP][39m [37m<-- POST /wd/hub/session/f627006b-b911-4ed2-ab6e-2e9b77d84b50/elements [39m[32m200[39m [90m50 ms - 74[39m
[35m[HTTP][39m [90m[39m
[35m[HTTP][39m [37m-->[39m [37mPOST[39m [37m/wd/hub/session/f627006b-b911-4ed2-ab6e-2e9b77d84b50/elements[39m
[35m[HTTP][39m [90m{"using":"-android uiautomator","value":"new UiSelector().className(\"android.widget.Button\").text(\"Check Packages\").resourceId(\"id.astra.stable.movic:id/mBtnCheckPackage\").instance(0)"}[39m
[35m[HTTP][39m [37m<-- POST /wd/hub/session/f627006b-b911-4ed2-ab6e-2e9b77d84b50/elements [39m[32m200[39m [90m53 ms - 74[39m
[35m[HTTP][39m [90m[39m
[35m[HTTP][39m [37m-->[39m [37mPOST[39m [37m/wd/hub/session/f627006b-b911-4ed2-ab6e-2e9b77d84b50/elements[39m
[35m[HTTP][39m [90m{"using":"-android uiautomator","value":"new UiSelector().className(\"android.widget.Button\").text(\"Check Packages\").resourceId(\"id.astra.stable.movic:id/mBtnCheckPackage\").instance(0)"}[39m
[35m[HTTP][39m [37m<-- POST /wd/hub/session/f627006b-b911-4ed2-ab6e-2e9b77d84b50/elements [39m[32m200[39m [90m53 ms - 74[39m
[35m[HTTP][39m [90m[39m
[35m[HTTP][39m [37m-->[39m [37mPOST[39m [37m/wd/hub/session/f627006b-b911-4ed2-ab6e-2e9b77d84b50/elements[39m
[35m[HTTP][39m [90m{"using":"-android uiautomator","value":"new UiSelector().className(\"android.widget.Button\").text(\"Check Packages\").resourceId(\"id.astra.stable.movic:id/mBtnCheckPackage\").instance(0)"}[39m
[35m[HTTP][39m [37m<-- POST /wd/hub/session/f627006b-b911-4ed2-ab6e-2e9b77d84b50/elements [39m[32m200[39m [90m52 ms - 74[39m
[35m[HTTP][39m [90m[39m
[35m[HTTP][39m [37m-->[39m [37mPOST[39m [37m/wd/hub/session/f627006b-b911-4ed2-ab6e-2e9b77d84b50/elements[39m
[35m[HTTP][39m [90m{"using":"-android uiautomator","value":"new UiSelector().className(\"android.widget.Button\").text(\"Check Packages\").resourceId(\"id.astra.stable.movic:id/mBtnCheckPackage\").instance(0)"}[39m
[35m[HTTP][39m [37m<-- POST /wd/hub/session/f627006b-b911-4ed2-ab6e-2e9b77d84b50/elements [39m[32m200[39m [90m66 ms - 74[39m
[35m[HTTP][39m [90m[39m
[35m[HTTP][39m [37m-->[39m [37mPOST[39m [37m/wd/hub/session/f627006b-b911-4ed2-ab6e-2e9b77d84b50/elements[39m
[35m[HTTP][39m [90m{"using":"-android uiautomator","value":"new UiSelector().className(\"android.widget.Button\").text(\"Check Packages\").resourceId(\"id.astra.stable.movic:id/mBtnCheckPackage\").instance(0)"}[39m
[35m[HTTP][39m [37m<-- POST /wd/hub/session/f627006b-b911-4ed2-ab6e-2e9b77d84b50/elements [39m[32m200[39m [90m46 ms - 74[39m
[35m[HTTP][39m [90m[39m
[35m[HTTP][39m [37m-->[39m [37mPOST[39m [37m/wd/hub/session/f627006b-b911-4ed2-ab6e-2e9b77d84b50/elements[39m
[35m[HTTP][39m [90m{"using":"-android uiautomator","value":"new UiSelector().className(\"android.widget.Button\").text(\"Check Packages\").resourceId(\"id.astra.stable.movic:id/mBtnCheckPackage\").instance(0)"}[39m
[35m[HTTP][39m [37m<-- POST /wd/hub/session/f627006b-b911-4ed2-ab6e-2e9b77d84b50/elements [39m[32m200[39m [90m53 ms - 74[39m
[35m[HTTP][39m [90m[39m
[35m[HTTP][39m [37m-->[39m [37mPOST[39m [37m/wd/hub/session/f627006b-b911-4ed2-ab6e-2e9b77d84b50/elements[39m
[35m[HTTP][39m [90m{"using":"-android uiautomator","value":"new UiSelector().className(\"android.widget.Button\").text(\"Check Packages\").resourceId(\"id.astra.stable.movic:id/mBtnCheckPackage\").instance(0)"}[39m
[35m[HTTP][39m [37m<-- POST /wd/hub/session/f627006b-b911-4ed2-ab6e-2e9b77d84b50/elements [39m[32m200[39m [90m58 ms - 74[39m
[35m[HTTP][39m [90m[39m
[35m[HTTP][39m [37m-->[39m [37mPOST[39m [37m/wd/hub/session/f627006b-b911-4ed2-ab6e-2e9b77d84b50/elements[39m
[35m[HTTP][39m [90m{"using":"-android uiautomator","value":"new UiSelector().className(\"android.widget.Button\").text(\"Check Packages\").resourceId(\"id.astra.stable.movic:id/mBtnCheckPackage\").instance(0)"}[39m
[35m[HTTP][39m [37m<-- POST /wd/hub/session/f627006b-b911-4ed2-ab6e-2e9b77d84b50/elements [39m[32m200[39m [90m53 ms - 74[39m
[35m[HTTP][39m [90m[39m
[35m[HTTP][39m [37m-->[39m [37mPOST[39m [37m/wd/hub/session/f627006b-b911-4ed2-ab6e-2e9b77d84b50/elements[39m
[35m[HTTP][39m [90m{"using":"-android uiautomator","value":"new UiSelector().className(\"android.widget.Button\").text(\"Check Packages\").resourceId(\"id.astra.stable.movic:id/mBtnCheckPackage\").instance(0)"}[39m
[35m[HTTP][39m [37m<-- POST /wd/hub/session/f627006b-b911-4ed2-ab6e-2e9b77d84b50/elements [39m[32m200[39m [90m51 ms - 74[39m
[35m[HTTP][39m [90m[39m
[35m[HTTP][39m [37m-->[39m [37mPOST[39m [37m/wd/hub/session/f627006b-b911-4ed2-ab6e-2e9b77d84b50/elements[39m
[35m[HTTP][39m [90m{"using":"-android uiautomator","value":"new UiSelector().className(\"android.widget.Button\").text(\"Check Packages\").resourceId(\"id.astra.stable.movic:id/mBtnCheckPackage\").instance(0)"}[39m
[35m[HTTP][39m [37m<-- POST /wd/hub/session/f627006b-b911-4ed2-ab6e-2e9b77d84b50/elements [39m[32m200[39m [90m55 ms - 74[39m
[35m[HTTP][39m [90m[39m
[35m[HTTP][39m [37m-->[39m [37mPOST[39m [37m/wd/hub/session/f627006b-b911-4ed2-ab6e-2e9b77d84b50/elements[39m
[35m[HTTP][39m [90m{"using":"-android uiautomator","value":"new UiSelector().className(\"android.widget.Button\").text(\"Check Packages\").resourceId(\"id.astra.stable.movic:id/mBtnCheckPackage\").instance(0)"}[39m
[35m[HTTP][39m [37m<-- POST /wd/hub/session/f627006b-b911-4ed2-ab6e-2e9b77d84b50/elements [39m[32m200[39m [90m62 ms - 74[39m
[35m[HTTP][39m [90m[39m
[35m[HTTP][39m [37m-->[39m [37mPOST[39m [37m/wd/hub/session/f627006b-b911-4ed2-ab6e-2e9b77d84b50/elements[39m
[35m[HTTP][39m [90m{"using":"-android uiautomator","value":"new UiSelector().className(\"android.widget.Button\").text(\"Check Packages\").resourceId(\"id.astra.stable.movic:id/mBtnCheckPackage\").instance(0)"}[39m
[35m[HTTP][39m [37m<-- POST /wd/hub/session/f627006b-b911-4ed2-ab6e-2e9b77d84b50/elements [39m[32m200[39m [90m55 ms - 74[39m
[35m[HTTP][39m [90m[39m
[35m[HTTP][39m [37m-->[39m [37mPOST[39m [37m/wd/hub/session/f627006b-b911-4ed2-ab6e-2e9b77d84b50/elements[39m
[35m[HTTP][39m [90m{"using":"-android uiautomator","value":"new UiSelector().className(\"android.widget.Button\").text(\"Check Packages\").resourceId(\"id.astra.stable.movic:id/mBtnCheckPackage\").instance(0)"}[39m
[35m[HTTP][39m [37m<-- POST /wd/hub/session/f627006b-b911-4ed2-ab6e-2e9b77d84b50/elements [39m[32m200[39m [90m53 ms - 74[39m
[35m[HTTP][39m [90m[39m
[35m[HTTP][39m [37m-->[39m [37mPOST[39m [37m/wd/hub/session/f627006b-b911-4ed2-ab6e-2e9b77d84b50/elements[39m
[35m[HTTP][39m [90m{"using":"-android uiautomator","value":"new UiSelector().className(\"android.widget.Button\").text(\"Check Packages\").resourceId(\"id.astra.stable.movic:id/mBtnCheckPackage\").instance(0)"}[39m
[35m[HTTP][39m [37m<-- POST /wd/hub/session/f627006b-b911-4ed2-ab6e-2e9b77d84b50/elements [39m[32m200[39m [90m50 ms - 74[39m
[35m[HTTP][39m [90m[39m
[35m[HTTP][39m [37m-->[39m [37mPOST[39m [37m/wd/hub/session/f627006b-b911-4ed2-ab6e-2e9b77d84b50/elements[39m
[35m[HTTP][39m [90m{"using":"-android uiautomator","value":"new UiSelector().className(\"android.widget.Button\").text(\"Check Packages\").resourceId(\"id.astra.stable.movic:id/mBtnCheckPackage\").instance(0)"}[39m
[35m[HTTP][39m [37m<-- POST /wd/hub/session/f627006b-b911-4ed2-ab6e-2e9b77d84b50/elements [39m[32m200[39m [90m69 ms - 74[39m
[35m[HTTP][39m [90m[39m
[35m[HTTP][39m [37m-->[39m [37mPOST[39m [37m/wd/hub/session/f627006b-b911-4ed2-ab6e-2e9b77d84b50/elements[39m
[35m[HTTP][39m [90m{"using":"-android uiautomator","value":"new UiSelector().className(\"android.widget.Button\").text(\"Check Packages\").resourceId(\"id.astra.stable.movic:id/mBtnCheckPackage\").instance(0)"}[39m
[35m[HTTP][39m [37m<-- POST /wd/hub/session/f627006b-b911-4ed2-ab6e-2e9b77d84b50/elements [39m[32m200[39m [90m60 ms - 74[39m
[35m[HTTP][39m [90m[39m
[35m[HTTP][39m [37m-->[39m [37mPOST[39m [37m/wd/hub/session/f627006b-b911-4ed2-ab6e-2e9b77d84b50/elements[39m
[35m[HTTP][39m [90m{"using":"-android uiautomator","value":"new UiSelector().className(\"android.widget.Button\").text(\"Check Packages\").resourceId(\"id.astra.stable.movic:id/mBtnCheckPackage\").instance(0)"}[39m
[35m[HTTP][39m [37m<-- POST /wd/hub/session/f627006b-b911-4ed2-ab6e-2e9b77d84b50/elements [39m[32m200[39m [90m70 ms - 74[39m
[35m[HTTP][39m [90m[39m
[35m[HTTP][39m [37m-->[39m [37mPOST[39m [37m/wd/hub/session/f627006b-b911-4ed2-ab6e-2e9b77d84b50/elements[39m
[35m[HTTP][39m [90m{"using":"-android uiautomator","value":"new UiSelector().className(\"android.widget.Button\").text(\"Check Packages\").resourceId(\"id.astra.stable.movic:id/mBtnCheckPackage\").instance(0)"}[39m
[35m[HTTP][39m [37m<-- POST /wd/hub/session/f627006b-b911-4ed2-ab6e-2e9b77d84b50/elements [39m[32m200[39m [90m60 ms - 74[39m
[35m[HTTP][39m [90m[39m
[35m[HTTP][39m [37m-->[39m [37mPOST[39m [37m/wd/hub/session/f627006b-b911-4ed2-ab6e-2e9b77d84b50/elements[39m
[35m[HTTP][39m [90m{"using":"-android uiautomator","value":"new UiSelector().className(\"android.widget.Button\").text(\"Check Packages\").resourceId(\"id.astra.stable.movic:id/mBtnCheckPackage\").instance(0)"}[39m
[35m[HTTP][39m [37m<-- POST /wd/hub/session/f627006b-b911-4ed2-ab6e-2e9b77d84b50/elements [39m[32m200[39m [90m61 ms - 74[39m
[35m[HTTP][39m [90m[39m
[35m[HTTP][39m [37m-->[39m [37mPOST[39m [37m/wd/hub/session/f627006b-b911-4ed2-ab6e-2e9b77d84b50/elements[39m
[35m[HTTP][39m [90m{"using":"-android uiautomator","value":"new UiSelector().className(\"android.widget.Button\").text(\"Check Packages\").resourceId(\"id.astra.stable.movic:id/mBtnCheckPackage\").instance(0)"}[39m
[35m[HTTP][39m [37m<-- POST /wd/hub/session/f627006b-b911-4ed2-ab6e-2e9b77d84b50/elements [39m[32m200[39m [90m51 ms - 74[39m
[35m[HTTP][39m [90m[39m
[35m[HTTP][39m [37m-->[39m [37mPOST[39m [37m/wd/hub/session/f627006b-b911-4ed2-ab6e-2e9b77d84b50/elements[39m
[35m[HTTP][39m [90m{"using":"-android uiautomator","value":"new UiSelector().className(\"android.widget.Button\").text(\"Check Packages\").resourceId(\"id.astra.stable.movic:id/mBtnCheckPackage\").instance(0)"}[39m
[35m[HTTP][39m [37m<-- POST /wd/hub/session/f627006b-b911-4ed2-ab6e-2e9b77d84b50/elements [39m[32m200[39m [90m52 ms - 74[39m
[35m[HTTP][39m [90m[39m
[35m[HTTP][39m [37m-->[39m [37mPOST[39m [37m/wd/hub/session/f627006b-b911-4ed2-ab6e-2e9b77d84b50/elements[39m
[35m[HTTP][39m [90m{"using":"-android uiautomator","value":"new UiSelector().className(\"android.widget.Button\").text(\"Check Packages\").resourceId(\"id.astra.stable.movic:id/mBtnCheckPackage\").instance(0)"}[39m
[35m[HTTP][39m [37m<-- POST /wd/hub/session/f627006b-b911-4ed2-ab6e-2e9b77d84b50/elements [39m[32m200[39m [90m59 ms - 74[39m
[35m[HTTP][39m [90m[39m
[35m[HTTP][39m [37m-->[39m [37mPOST[39m [37m/wd/hub/session/f627006b-b911-4ed2-ab6e-2e9b77d84b50/elements[39m
[35m[HTTP][39m [90m{"using":"-android uiautomator","value":"new UiSelector().className(\"android.widget.Button\").text(\"Check Packages\").resourceId(\"id.astra.stable.movic:id/mBtnCheckPackage\").instance(0)"}[39m
[35m[HTTP][39m [37m<-- POST /wd/hub/session/f627006b-b911-4ed2-ab6e-2e9b77d84b50/elements [39m[32m200[39m [90m61 ms - 74[39m
[35m[HTTP][39m [90m[39m
[35m[HTTP][39m [37m-->[39m [37mPOST[39m [37m/wd/hub/session/f627006b-b911-4ed2-ab6e-2e9b77d84b50/elements[39m
[35m[HTTP][39m [90m{"using":"-android uiautomator","value":"new UiSelector().className(\"android.widget.Button\").text(\"Check Packages\").resourceId(\"id.astra.stable.movic:id/mBtnCheckPackage\").instance(0)"}[39m
[35m[HTTP][39m [37m<-- POST /wd/hub/session/f627006b-b911-4ed2-ab6e-2e9b77d84b50/elements [39m[32m200[39m [90m60 ms - 74[39m
[35m[HTTP][39m [90m[39m
[35m[HTTP][39m [37m-->[39m [37mPOST[39m [37m/wd/hub/session/f627006b-b911-4ed2-ab6e-2e9b77d84b50/elements[39m
[35m[HTTP][39m [90m{"using":"-android uiautomator","value":"new UiSelector().className(\"android.widget.Button\").text(\"Check Packages\").resourceId(\"id.astra.stable.movic:id/mBtnCheckPackage\").instance(0)"}[39m
[35m[HTTP][39m [37m<-- POST /wd/hub/session/f627006b-b911-4ed2-ab6e-2e9b77d84b50/elements [39m[32m200[39m [90m68 ms - 74[39m
[35m[HTTP][39m [90m[39m
[35m[HTTP][39m [37m-->[39m [37mPOST[39m [37m/wd/hub/session/f627006b-b911-4ed2-ab6e-2e9b77d84b50/elements[39m
[35m[HTTP][39m [90m{"using":"-android uiautomator","value":"new UiSelector().className(\"android.widget.Button\").text(\"Check Packages\").resourceId(\"id.astra.stable.movic:id/mBtnCheckPackage\").instance(0)"}[39m
[35m[HTTP][39m [37m<-- POST /wd/hub/session/f627006b-b911-4ed2-ab6e-2e9b77d84b50/elements [39m[32m200[39m [90m53 ms - 74[39m
[35m[HTTP][39m [90m[39m
[35m[HTTP][39m [37m-->[39m [37mPOST[39m [37m/wd/hub/session/f627006b-b911-4ed2-ab6e-2e9b77d84b50/elements[39m
[35m[HTTP][39m [90m{"using":"-android uiautomator","value":"new UiSelector().className(\"android.widget.Button\").text(\"Check Packages\").resourceId(\"id.astra.stable.movic:id/mBtnCheckPackage\").instance(0)"}[39m
[35m[HTTP][39m [37m<-- POST /wd/hub/session/f627006b-b911-4ed2-ab6e-2e9b77d84b50/elements [39m[32m200[39m [90m42 ms - 74[39m
[35m[HTTP][39m [90m[39m
[35m[HTTP][39m [37m-->[39m [37mPOST[39m [37m/wd/hub/session/f627006b-b911-4ed2-ab6e-2e9b77d84b50/elements[39m
[35m[HTTP][39m [90m{"using":"-android uiautomator","value":"new UiSelector().className(\"android.widget.Button\").text(\"Check Packages\").resourceId(\"id.astra.stable.movic:id/mBtnCheckPackage\").instance(0)"}[39m
[35m[HTTP][39m [37m<-- POST /wd/hub/session/f627006b-b911-4ed2-ab6e-2e9b77d84b50/elements [39m[32m200[39m [90m43 ms - 74[39m
[35m[HTTP][39m [90m[39m
[35m[HTTP][39m [37m-->[39m [37mPOST[39m [37m/wd/hub/session/f627006b-b911-4ed2-ab6e-2e9b77d84b50/elements[39m
[35m[HTTP][39m [90m{"using":"-android uiautomator","value":"new UiSelector().className(\"android.widget.Button\").text(\"Check Packages\").resourceId(\"id.astra.stable.movic:id/mBtnCheckPackage\").instance(0)"}[39m
[35m[HTTP][39m [37m<-- POST /wd/hub/session/f627006b-b911-4ed2-ab6e-2e9b77d84b50/elements [39m[32m200[39m [90m52 ms - 74[39m
[35m[HTTP][39m [90m[39m
[35m[HTTP][39m [37m-->[39m [37mPOST[39m [37m/wd/hub/session/f627006b-b911-4ed2-ab6e-2e9b77d84b50/elements[39m
[35m[HTTP][39m [90m{"using":"-android uiautomator","value":"new UiSelector().className(\"android.widget.Button\").text(\"Check Packages\").resourceId(\"id.astra.stable.movic:id/mBtnCheckPackage\").instance(0)"}[39m
[35m[HTTP][39m [37m<-- POST /wd/hub/session/f627006b-b911-4ed2-ab6e-2e9b77d84b50/elements [39m[32m200[39m [90m66 ms - 74[39m
[35m[HTTP][39m [90m[39m
[35m[HTTP][39m [37m-->[39m [37mPOST[39m [37m/wd/hub/session/f627006b-b911-4ed2-ab6e-2e9b77d84b50/elements[39m
[35m[HTTP][39m [90m{"using":"-android uiautomator","value":"new UiSelector().className(\"android.widget.Button\").text(\"Check Packages\").resourceId(\"id.astra.stable.movic:id/mBtnCheckPackage\").instance(0)"}[39m
[35m[HTTP][39m [37m<-- POST /wd/hub/session/f627006b-b911-4ed2-ab6e-2e9b77d84b50/elements [39m[32m-[39m [90m- ms - -[39m
[35m[HTTP][39m [90m[39m
