[35m[Appium][39m Welcome to Appium v1.8.1
[35m[Appium][39m Non-default server args:
[35m[Appium][39m   port: 56853
[35m[Appium][39m   loglevel: info
[35m[Appium][39m   chromeDriverPort: 56854
[35m[Appium][39m   tmpDir: C:\Users\ALIMSA~1\AppData\Local\Temp\\Katalon\Appium\Temp1528708671895
[35m[Appium][39m Appium REST http interface listener started on 0.0.0.0:56853
[35m[HTTP][39m [37m-->[39m [37mGET[39m [37m/wd/hub/status[39m
[35m[HTTP][39m [90m{}[39m
[35m[HTTP][39m [37m<-- GET /wd/hub/status [39m[32m200[39m [90m17 ms - 83[39m
[35m[HTTP][39m [90m[39m
[35m[HTTP][39m [37m-->[39m [37mPOST[39m [37m/wd/hub/session[39m
[35m[HTTP][39m [90m{"desiredCapabilities":{"browserName":"Chrome","deviceName":"samsung SM-J320G (Android 5.1.1)","newCommandTimeout":1800,"platform":"ANDROID","platformName":"Android","udid":"4200d20faae66400"},"capabilities":{"desiredCapabilities":{"browserName":"Chrome","deviceName":"samsung SM-J320G (Android 5.1.1)","newCommandTimeout":1800,"platform":"ANDROID","platformName":"Android","udid":"4200d20faae66400"},"firstMatch":[{"browserName":"Chrome","platformName":"android"}]}}[39m
[35m[Appium][39m Could not parse W3C capabilities: 'deviceName' can't be blank. Falling back to JSONWP protocol.
[35m[Appium][39m The following capabilities were provided in the JSONWP desired capabilities that are missing in W3C capabilities: ["browserName","deviceName","newCommandTimeout","platform","platformName","udid"]. Falling back to JSONWP protocol.
[35m[Appium][39m Creating new AndroidDriver (v2.7.0) session
[35m[Appium][39m Capabilities:
[35m[Appium][39m   browserName: Chrome
[35m[Appium][39m   deviceName: samsung SM-J320G (Android 5.1.1)
[35m[Appium][39m   newCommandTimeout: 1800
[35m[Appium][39m   platform: ANDROID
[35m[Appium][39m   platformName: Android
[35m[Appium][39m   udid: 4200d20faae66400
[35m[BaseDriver][39m The following capabilities were provided, but are not recognized by appium: platform.
[35m[BaseDriver][39m Session created with session id: 1b24601e-774d-482d-9d31-527e0baff738
[35m[AndroidDriver][39m Java version is: 1.8.0_102
[35m[AndroidDriver][39m We're going to run a Chrome-based session
[35m[AndroidDriver][39m Chrome-type package and activity are com.android.chrome and com.google.android.apps.chrome.Main
[35m[ADB][39m Checking whether adb is present
[35m[ADB][39m Found 1 'build-tools' folders under 'C:\Users\ALIMSAPUTRA\.katalon\tools\android_sdk' (newest first):
[35m[ADB][39m     C:/Users/ALIMSAPUTRA/.katalon/tools/android_sdk/build-tools/28.0.0
[35m[ADB][39m Using adb.exe from C:\Users\ALIMSAPUTRA\.katalon\tools\android_sdk\platform-tools\adb.exe
[35m[AndroidDriver][39m Retrieving device list
[35m[AndroidDriver][39m Using device: 4200d20faae66400
[35m[AndroidDriver][39m App file was not listed, instead we're going to run com.android.chrome directly on the device
[35m[AndroidDriver][39m Starting Android session
[35m[ADB][39m Checking whether aapt is present
[35m[ADB][39m Using aapt.exe from C:\Users\ALIMSAPUTRA\.katalon\tools\android_sdk\build-tools\28.0.0\aapt.exe
[35m[AndroidDriver][39m setDeviceLanguageCountry requires language or country.
[35m[AndroidDriver][39m Got language: 'null' and country: 'null'
[35m[ADB][39m Getting device platform version
[35m[AndroidDriver][39m No app sent in, not parsing package/activity
[35m[ADB][39m No uiautomator process found to kill, continuing...
[35m[AndroidBootstrap][39m Android bootstrap socket is now connected
[35m[AndroidDriver][39m Screen already unlocked, doing nothing
[35m[AndroidDriver][39m Starting a chrome-based browser session
[35m[Chromedriver][39m Set chromedriver binary as: C:/Users/ALIMSAPUTRA/AppData/Roaming/npm/node_modules/appium/node_modules/appium-chromedriver/chromedriver/win/chromedriver.exe
[35m[Chromedriver][39m No old chromedrivers seemed to exist
[35m[Chromedriver][39m Spawning chromedriver with: C:/Users/ALIMSAPUTRA/AppData/Roaming/npm/node_modules/appium/node_modules/appium-chromedriver/chromedriver/win/chromedriver.exe --url-base=wd/hub --port=56854 --adb-port=5037 --verbose
[35m[Appium][39m New AndroidDriver session created successfully, session 1b24601e-774d-482d-9d31-527e0baff738 added to master session list
[35m[HTTP][39m [37m<-- POST /wd/hub/session [39m[32m200[39m [90m26553 ms - 724[39m
[35m[HTTP][39m [90m[39m
[35m[HTTP][39m [37m-->[39m [37mGET[39m [37m/wd/hub/status[39m
[35m[HTTP][39m [90m{}[39m
[35m[HTTP][39m [37m<-- GET /wd/hub/status [39m[32m200[39m [90m8 ms - 55[39m
[35m[HTTP][39m [90m[39m
[35m[HTTP][39m [37m-->[39m [37mPOST[39m [37m/wd/hub/session/1b24601e-774d-482d-9d31-527e0baff738/timeouts[39m
[35m[HTTP][39m [90m{"type":"implicit","ms":30000}[39m
[35m[W3C][39m Driver proxy active, passing request on via HTTP proxy
[35m[JSONWP Proxy][39m Replacing sessionId 98507084ae344135f2d3e946c316535b with 1b24601e-774d-482d-9d31-527e0baff738
[35m[HTTP][39m [37m<-- POST /wd/hub/session/1b24601e-774d-482d-9d31-527e0baff738/timeouts [39m[32m200[39m [90m27 ms - 76[39m
[35m[HTTP][39m [90m[39m
[35m[HTTP][39m [37m-->[39m [37mPOST[39m [37m/wd/hub/session/1b24601e-774d-482d-9d31-527e0baff738/timeouts[39m
[35m[HTTP][39m [90m{"type":"implicit","ms":0}[39m
[35m[W3C][39m Driver proxy active, passing request on via HTTP proxy
[35m[JSONWP Proxy][39m Replacing sessionId 98507084ae344135f2d3e946c316535b with 1b24601e-774d-482d-9d31-527e0baff738
[35m[HTTP][39m [37m<-- POST /wd/hub/session/1b24601e-774d-482d-9d31-527e0baff738/timeouts [39m[32m200[39m [90m10 ms - 76[39m
[35m[HTTP][39m [90m[39m
[35m[HTTP][39m [37m-->[39m [37mPOST[39m [37m/wd/hub/session/1b24601e-774d-482d-9d31-527e0baff738/execute[39m
[35m[HTTP][39m [90m{"script":"return navigator.sayswho= (function() { var ua= navigator.userAgent, tem, M= ua.match(/(opera|chrome|safari|firefox|msie|trident)\\/?\\s*(\\.?\\d+(\\.\\d+)*)/i) || []; if (/trident/i.test(M[1])) {     tem=  /\\brv[ :]+(\\d+)/g.exec(ua) || [];     return 'IE '+(tem[1] || ''); } if(M[1]=== 'Chrome') {     tem= ua.match(/\b(OPR|Edge)\\/(\\d+)/);     if(tem!= null) return tem.slice(1).join(' ').replace('OPR', 'Opera'); } M= M[2]? [M[1], M[2]]: [navigator.appName, navigator.appVersion, '-?']; if((tem= ua.match(/version\\/(\\d+)/i))!= null) M.splice(1, 1, tem[1]); return M.join(' ').replace('MSIE', 'IE');})();","args":[]}[39m
[35m[W3C][39m Driver proxy active, passing request on via HTTP proxy
[35m[JSONWP Proxy][39m Replacing sessionId 98507084ae344135f2d3e946c316535b with 1b24601e-774d-482d-9d31-527e0baff738
[35m[HTTP][39m [37m<-- POST /wd/hub/session/1b24601e-774d-482d-9d31-527e0baff738/execute [39m[32m200[39m [90m699 ms - 94[39m
[35m[HTTP][39m [90m[39m
[35m[HTTP][39m [37m-->[39m [37mPOST[39m [37m/wd/hub/session/1b24601e-774d-482d-9d31-527e0baff738/window/current/maximize[39m
[35m[HTTP][39m [90m{"windowHandle":"current","handle":"current"}[39m
[35m[W3C][39m Driver proxy active, passing request on via HTTP proxy
[35m[JSONWP Proxy][39m Replacing sessionId 98507084ae344135f2d3e946c316535b with 1b24601e-774d-482d-9d31-527e0baff738
[35m[HTTP][39m [37m<-- POST /wd/hub/session/1b24601e-774d-482d-9d31-527e0baff738/window/current/maximize [39m[32m200[39m [90m18 ms - 301[39m
[35m[HTTP][39m [90m[39m
[35m[HTTP][39m [37m-->[39m [37mGET[39m [37m/wd/hub/session/1b24601e-774d-482d-9d31-527e0baff738/screenshot[39m
[35m[HTTP][39m [90m{}[39m
[35m[W3C][39m Driver proxy active, passing request on via HTTP proxy
[35m[JSONWP Proxy][39m Replacing sessionId 98507084ae344135f2d3e946c316535b with 1b24601e-774d-482d-9d31-527e0baff738
[35m[HTTP][39m [37m<-- GET /wd/hub/session/1b24601e-774d-482d-9d31-527e0baff738/screenshot [39m[32m200[39m [90m1078 ms - 8190[39m
[35m[HTTP][39m [90m[39m
[35m[HTTP][39m [37m-->[39m [37mPOST[39m [37m/wd/hub/session/1b24601e-774d-482d-9d31-527e0baff738/elements[39m
[35m[HTTP][39m [90m{"using":"xpath","value":"//input[@placeholder = 'Nama rental' and @type = 'text']"}[39m
[35m[W3C][39m Driver proxy active, passing request on via HTTP proxy
[35m[JSONWP Proxy][39m Replacing sessionId 98507084ae344135f2d3e946c316535b with 1b24601e-774d-482d-9d31-527e0baff738
[35m[HTTP][39m [37m<-- POST /wd/hub/session/1b24601e-774d-482d-9d31-527e0baff738/elements [39m[32m200[39m [90m211 ms - 74[39m
[35m[HTTP][39m [90m[39m
[35m[HTTP][39m [37m-->[39m [37mPOST[39m [37m/wd/hub/session/1b24601e-774d-482d-9d31-527e0baff738/elements[39m
[35m[HTTP][39m [90m{"using":"xpath","value":"//input[@placeholder = 'Nama rental' and @type = 'text']"}[39m
[35m[W3C][39m Driver proxy active, passing request on via HTTP proxy
[35m[JSONWP Proxy][39m Replacing sessionId 98507084ae344135f2d3e946c316535b with 1b24601e-774d-482d-9d31-527e0baff738
[35m[HTTP][39m [37m<-- POST /wd/hub/session/1b24601e-774d-482d-9d31-527e0baff738/elements [39m[32m200[39m [90m124 ms - 74[39m
[35m[HTTP][39m [90m[39m
[35m[HTTP][39m [37m-->[39m [37mPOST[39m [37m/wd/hub/session/1b24601e-774d-482d-9d31-527e0baff738/elements[39m
[35m[HTTP][39m [90m{"using":"xpath","value":"//input[@placeholder = 'Nama rental' and @type = 'text']"}[39m
[35m[W3C][39m Driver proxy active, passing request on via HTTP proxy
[35m[JSONWP Proxy][39m Replacing sessionId 98507084ae344135f2d3e946c316535b with 1b24601e-774d-482d-9d31-527e0baff738
[35m[HTTP][39m [37m<-- POST /wd/hub/session/1b24601e-774d-482d-9d31-527e0baff738/elements [39m[32m200[39m [90m106 ms - 74[39m
[35m[HTTP][39m [90m[39m
[35m[HTTP][39m [37m-->[39m [37mPOST[39m [37m/wd/hub/session/1b24601e-774d-482d-9d31-527e0baff738/elements[39m
[35m[HTTP][39m [90m{"using":"xpath","value":"//input[@placeholder = 'Nama rental' and @type = 'text']"}[39m
[35m[W3C][39m Driver proxy active, passing request on via HTTP proxy
[35m[JSONWP Proxy][39m Replacing sessionId 98507084ae344135f2d3e946c316535b with 1b24601e-774d-482d-9d31-527e0baff738
[35m[HTTP][39m [37m<-- POST /wd/hub/session/1b24601e-774d-482d-9d31-527e0baff738/elements [39m[32m200[39m [90m93 ms - 74[39m
[35m[HTTP][39m [90m[39m
[35m[HTTP][39m [37m-->[39m [37mPOST[39m [37m/wd/hub/session/1b24601e-774d-482d-9d31-527e0baff738/elements[39m
[35m[HTTP][39m [90m{"using":"xpath","value":"//input[@placeholder = 'Nama rental' and @type = 'text']"}[39m
[35m[W3C][39m Driver proxy active, passing request on via HTTP proxy
[35m[JSONWP Proxy][39m Replacing sessionId 98507084ae344135f2d3e946c316535b with 1b24601e-774d-482d-9d31-527e0baff738
[35m[HTTP][39m [37m<-- POST /wd/hub/session/1b24601e-774d-482d-9d31-527e0baff738/elements [39m[32m200[39m [90m89 ms - 74[39m
[35m[HTTP][39m [90m[39m
[35m[HTTP][39m [37m-->[39m [37mPOST[39m [37m/wd/hub/session/1b24601e-774d-482d-9d31-527e0baff738/elements[39m
[35m[HTTP][39m [90m{"using":"xpath","value":"//input[@placeholder = 'Nama rental' and @type = 'text']"}[39m
[35m[W3C][39m Driver proxy active, passing request on via HTTP proxy
[35m[JSONWP Proxy][39m Replacing sessionId 98507084ae344135f2d3e946c316535b with 1b24601e-774d-482d-9d31-527e0baff738
[35m[HTTP][39m [37m<-- POST /wd/hub/session/1b24601e-774d-482d-9d31-527e0baff738/elements [39m[32m200[39m [90m704 ms - 74[39m
[35m[HTTP][39m [90m[39m
[35m[HTTP][39m [37m-->[39m [37mPOST[39m [37m/wd/hub/session/1b24601e-774d-482d-9d31-527e0baff738/elements[39m
[35m[HTTP][39m [90m{"using":"xpath","value":"//input[@placeholder = 'Nama rental' and @type = 'text']"}[39m
[35m[W3C][39m Driver proxy active, passing request on via HTTP proxy
[35m[JSONWP Proxy][39m Replacing sessionId 98507084ae344135f2d3e946c316535b with 1b24601e-774d-482d-9d31-527e0baff738
[35m[HTTP][39m [37m<-- POST /wd/hub/session/1b24601e-774d-482d-9d31-527e0baff738/elements [39m[32m200[39m [90m338 ms - 76[39m
[35m[HTTP][39m [90m[39m
[35m[HTTP][39m [37m-->[39m [37mPOST[39m [37m/wd/hub/session/1b24601e-774d-482d-9d31-527e0baff738/elements[39m
[35m[HTTP][39m [90m{"using":"xpath","value":"//input[@placeholder = 'Nama rental' and @type = 'text']"}[39m
[35m[W3C][39m Driver proxy active, passing request on via HTTP proxy
[35m[JSONWP Proxy][39m Replacing sessionId 98507084ae344135f2d3e946c316535b with 1b24601e-774d-482d-9d31-527e0baff738
[35m[HTTP][39m [37m<-- POST /wd/hub/session/1b24601e-774d-482d-9d31-527e0baff738/elements [39m[32m200[39m [90m1318 ms - 272[39m
[35m[HTTP][39m [90m[39m
[35m[HTTP][39m [37m-->[39m [37mGET[39m [37m/wd/hub/session/1b24601e-774d-482d-9d31-527e0baff738/screenshot[39m
[35m[HTTP][39m [90m{}[39m
[35m[W3C][39m Driver proxy active, passing request on via HTTP proxy
[35m[JSONWP Proxy][39m Replacing sessionId 98507084ae344135f2d3e946c316535b with 1b24601e-774d-482d-9d31-527e0baff738
[35m[HTTP][39m [37m<-- GET /wd/hub/session/1b24601e-774d-482d-9d31-527e0baff738/screenshot [39m[32m200[39m [90m1318 ms - 272[39m
[35m[HTTP][39m [90m[39m
[35m[HTTP][39m [37m-->[39m [37mDELETE[39m [37m/wd/hub/session/1b24601e-774d-482d-9d31-527e0baff738[39m
[35m[HTTP][39m [90m{}[39m
[35m[Appium][39m Removing session 1b24601e-774d-482d-9d31-527e0baff738 from our master session list
[35m[ADB][39m No uiautomator process found to kill, continuing...
[35m[HTTP][39m [37m<-- DELETE /wd/hub/session/1b24601e-774d-482d-9d31-527e0baff738 [39m[32m200[39m [90m2834 ms - 76[39m
[35m[HTTP][39m [90m[39m
