<?xml version="1.0" encoding="UTF-8" standalone="no"?>
<!DOCTYPE log SYSTEM "logger.dtd">
<log>
<record>
  <date>2019-02-15T15:15:02</date>
  <millis>1550218502227</millis>
  <sequence>0</sequence>
  <level>START</level>
  <class>com.kms.katalon.core.logging.XmlKeywordLogger</class>
  <method>startSuite</method>
  <thread>1</thread>
  <message>Start Test Suite : Test Suites/Mobile/Reservation From Click Show More Section Available Near Me</message>
  <nestedLevel>0</nestedLevel>
  <property name="name">Reservation From Click Show More Section Available Near Me</property>
  <property name="description"></property>
  <property name="id">Test Suites/Mobile/Reservation From Click Show More Section Available Near Me</property>
</record>
<record>
  <date>2019-02-15T15:15:02</date>
  <millis>1550218502296</millis>
  <sequence>1</sequence>
  <level>RUN_DATA</level>
  <class>com.kms.katalon.core.logging.XmlKeywordLogger</class>
  <method>logMessage</method>
  <thread>1</thread>
  <message>hostName = WGS-LAP151 - INVWGSLAP151</message>
  <nestedLevel>0</nestedLevel>
  <property name="hostName">WGS-LAP151 - INVWGSLAP151</property>
</record>
<record>
  <date>2019-02-15T15:15:02</date>
  <millis>1550218502298</millis>
  <sequence>2</sequence>
  <level>RUN_DATA</level>
  <class>com.kms.katalon.core.logging.XmlKeywordLogger</class>
  <method>logMessage</method>
  <thread>1</thread>
  <message>os = Windows 10 64bit</message>
  <nestedLevel>0</nestedLevel>
  <property name="os">Windows 10 64bit</property>
</record>
<record>
  <date>2019-02-15T15:15:02</date>
  <millis>1550218502301</millis>
  <sequence>3</sequence>
  <level>RUN_DATA</level>
  <class>com.kms.katalon.core.logging.XmlKeywordLogger</class>
  <method>logMessage</method>
  <thread>1</thread>
  <message>hostAddress = 127.0.0.1</message>
  <nestedLevel>0</nestedLevel>
  <property name="hostAddress">127.0.0.1</property>
</record>
<record>
  <date>2019-02-15T15:15:02</date>
  <millis>1550218502355</millis>
  <sequence>4</sequence>
  <level>RUN_DATA</level>
  <class>com.kms.katalon.core.logging.XmlKeywordLogger</class>
  <method>logMessage</method>
  <thread>1</thread>
  <message>katalonVersion = 5.9.1.2</message>
  <nestedLevel>0</nestedLevel>
  <property name="katalonVersion">5.9.1.2</property>
</record>
<record>
  <date>2019-02-15T15:15:03</date>
  <millis>1550218503387</millis>
  <sequence>5</sequence>
  <level>START</level>
  <class>com.kms.katalon.core.logging.XmlKeywordLogger</class>
  <method>startTest</method>
  <thread>1</thread>
  <message>Start Test Case : Test Cases/Mobile/Android/User/SC99 Regression/TC04 Login with email</message>
  <nestedLevel>1</nestedLevel>
  <property name="name">Test Cases/Mobile/Android/User/SC99 Regression/TC04 Login with email</property>
  <property name="description"></property>
  <property name="id">Test Cases/Mobile/Android/User/SC99 Regression/TC04 Login with email</property>
  <property name="source">C:\\Users\\WGS-LAP151\\git\\astra-movic\\Test Cases\\Mobile\\Android\\User\\SC99 Regression\\TC04 Login with email.tc</property>
  <property name="isOptional">false</property>
</record>
<record>
  <date>2019-02-15T15:15:05</date>
  <millis>1550218505544</millis>
  <sequence>7</sequence>
  <level>START</level>
  <class>com.kms.katalon.core.logging.XmlKeywordLogger</class>
  <method>startKeyword</method>
  <thread>1</thread>
  <message>Start action : startApplication(\&amp;quot;C:\\Users\\WGS-LAP151\\Downloads\\Movic_1.2.0_2019-02-04-stable-debug.apk\&amp;quot;, false)</message>
  <nestedLevel>1</nestedLevel>
  <property name="startLine">17</property>
  <property name="stepIndex">1</property>
  <property name="description">Open apps on phone</property>
</record>
<record>
  <date>2019-02-15T15:15:06</date>
  <millis>1550218506376</millis>
  <sequence>9</sequence>
  <level>INFO</level>
  <class>com.kms.katalon.core.logging.XmlKeywordLogger</class>
  <method>logMessage</method>
  <thread>1</thread>
  <message>User set preference: [&amp;apos;deviceId&amp;apos;, &amp;apos;&amp;apos;]</message>
  <nestedLevel>1</nestedLevel>
</record>
<record>
  <date>2019-02-15T15:15:17</date>
  <millis>1550218517264</millis>
  <sequence>10</sequence>
  <level>INFO</level>
  <class>com.kms.katalon.core.logging.XmlKeywordLogger</class>
  <method>logMessage</method>
  <thread>1</thread>
  <message>Appium server started on port 7,593</message>
  <nestedLevel>1</nestedLevel>
</record>
<record>
  <date>2019-02-15T15:16:12</date>
  <millis>1550218572101</millis>
  <sequence>12</sequence>
  <level>RUN_DATA</level>
  <class>com.kms.katalon.core.logging.XmlKeywordLogger</class>
  <method>logMessage</method>
  <thread>1</thread>
  <message>appiumVersion = 1.8.0</message>
  <nestedLevel>1</nestedLevel>
  <property name="appiumVersion">1.8.0</property>
</record>
<record>
  <date>2019-02-15T15:16:12</date>
  <millis>1550218572153</millis>
  <sequence>13</sequence>
  <level>RUN_DATA</level>
  <class>com.kms.katalon.core.logging.XmlKeywordLogger</class>
  <method>logMessage</method>
  <thread>1</thread>
  <message>deviceId = 5e31d87d7d73</message>
  <nestedLevel>1</nestedLevel>
  <property name="deviceId">5e31d87d7d73</property>
</record>
<record>
  <date>2019-02-15T15:16:12</date>
  <millis>1550218572154</millis>
  <sequence>14</sequence>
  <level>RUN_DATA</level>
  <class>com.kms.katalon.core.logging.XmlKeywordLogger</class>
  <method>logMessage</method>
  <thread>1</thread>
  <message>deviceName = Xiaomi Redmi 4A (Android 7.1.2)</message>
  <nestedLevel>1</nestedLevel>
  <property name="deviceName">Xiaomi Redmi 4A (Android 7.1.2)</property>
</record>
<record>
  <date>2019-02-15T15:16:12</date>
  <millis>1550218572157</millis>
  <sequence>15</sequence>
  <level>RUN_DATA</level>
  <class>com.kms.katalon.core.logging.XmlKeywordLogger</class>
  <method>logMessage</method>
  <thread>1</thread>
  <message>deviceModel = Redmi 4A</message>
  <nestedLevel>1</nestedLevel>
  <property name="deviceModel">Redmi 4A</property>
</record>
<record>
  <date>2019-02-15T15:16:12</date>
  <millis>1550218572158</millis>
  <sequence>16</sequence>
  <level>RUN_DATA</level>
  <class>com.kms.katalon.core.logging.XmlKeywordLogger</class>
  <method>logMessage</method>
  <thread>1</thread>
  <message>deviceManufacturer = Xiaomi</message>
  <nestedLevel>1</nestedLevel>
  <property name="deviceManufacturer">Xiaomi</property>
</record>
<record>
  <date>2019-02-15T15:16:12</date>
  <millis>1550218572159</millis>
  <sequence>17</sequence>
  <level>RUN_DATA</level>
  <class>com.kms.katalon.core.logging.XmlKeywordLogger</class>
  <method>logMessage</method>
  <thread>1</thread>
  <message>deviceOS = Android</message>
  <nestedLevel>1</nestedLevel>
  <property name="deviceOS">Android</property>
</record>
<record>
  <date>2019-02-15T15:16:12</date>
  <millis>1550218572160</millis>
  <sequence>18</sequence>
  <level>RUN_DATA</level>
  <class>com.kms.katalon.core.logging.XmlKeywordLogger</class>
  <method>logMessage</method>
  <thread>1</thread>
  <message>deviceOSVersion = 7.1.2</message>
  <nestedLevel>1</nestedLevel>
  <property name="deviceOSVersion">7.1.2</property>
</record>
<record>
  <date>2019-02-15T15:16:12</date>
  <millis>1550218572167</millis>
  <sequence>19</sequence>
  <level>PASSED</level>
  <class>com.kms.katalon.core.logging.XmlKeywordLogger</class>
  <method>logMessage</method>
  <thread>1</thread>
  <message>Started app at: &amp;apos;C:\\Users\\WGS-LAP151\\Downloads\\Movic_1.2.0_2019-02-04-stable-debug.apk&amp;apos;</message>
  <nestedLevel>1</nestedLevel>
</record>
<record>
  <date>2019-02-15T15:16:12</date>
  <millis>1550218572169</millis>
  <sequence>20</sequence>
  <level>END</level>
  <class>com.kms.katalon.core.logging.XmlKeywordLogger</class>
  <method>endKeyword</method>
  <thread>1</thread>
  <message>End action : startApplication(\&amp;quot;C:\\Users\\WGS-LAP151\\Downloads\\Movic_1.2.0_2019-02-04-stable-debug.apk\&amp;quot;, false)</message>
  <nestedLevel>1</nestedLevel>
</record>
<record>
  <date>2019-02-15T15:16:12</date>
  <millis>1550218572169</millis>
  <sequence>21</sequence>
  <level>START</level>
  <class>com.kms.katalon.core.logging.XmlKeywordLogger</class>
  <method>startKeyword</method>
  <thread>1</thread>
  <message>Start action : tap(findTestObject(\&amp;quot;Mobile/OR Homepage/OBJ-Login/android.widget.TextView2 - English\&amp;quot;), 0)</message>
  <nestedLevel>1</nestedLevel>
  <property name="startLine">19</property>
  <property name="stepIndex">2</property>
</record>
<record>
  <date>2019-02-15T15:16:12</date>
  <millis>1550218572326</millis>
  <sequence>25</sequence>
  <level>WARNING</level>
  <class>com.kms.katalon.core.logging.XmlKeywordLogger</class>
  <method>logMessage</method>
  <thread>1</thread>
  <message>Timeout &amp;apos;0&amp;apos; is invalid. Using default page load timeout: &amp;apos;100&amp;apos;</message>
  <nestedLevel>1</nestedLevel>
</record>
<record>
  <date>2019-02-15T15:16:19</date>
  <millis>1550218579648</millis>
  <sequence>26</sequence>
  <level>PASSED</level>
  <class>com.kms.katalon.core.logging.XmlKeywordLogger</class>
  <method>logMessage</method>
  <thread>1</thread>
  <message>Tapped on element &amp;apos;Object Repository/Mobile/OR Homepage/OBJ-Login/android.widget.TextView2 - English&amp;apos;</message>
  <nestedLevel>1</nestedLevel>
</record>
<record>
  <date>2019-02-15T15:16:19</date>
  <millis>1550218579650</millis>
  <sequence>27</sequence>
  <level>END</level>
  <class>com.kms.katalon.core.logging.XmlKeywordLogger</class>
  <method>endKeyword</method>
  <thread>1</thread>
  <message>End action : tap(findTestObject(\&amp;quot;Mobile/OR Homepage/OBJ-Login/android.widget.TextView2 - English\&amp;quot;), 0)</message>
  <nestedLevel>1</nestedLevel>
</record>
<record>
  <date>2019-02-15T15:16:19</date>
  <millis>1550218579651</millis>
  <sequence>28</sequence>
  <level>START</level>
  <class>com.kms.katalon.core.logging.XmlKeywordLogger</class>
  <method>startKeyword</method>
  <thread>1</thread>
  <message>Start action : tap(findTestObject(\&amp;quot;Mobile/OR Homepage/OBJ-Login/android.widget.ImageView4\&amp;quot;), 0)</message>
  <nestedLevel>1</nestedLevel>
  <property name="startLine">22</property>
  <property name="stepIndex">3</property>
  <property name="description">Tap button next</property>
</record>
<record>
  <date>2019-02-15T15:16:19</date>
  <millis>1550218579674</millis>
  <sequence>32</sequence>
  <level>WARNING</level>
  <class>com.kms.katalon.core.logging.XmlKeywordLogger</class>
  <method>logMessage</method>
  <thread>1</thread>
  <message>Timeout &amp;apos;0&amp;apos; is invalid. Using default page load timeout: &amp;apos;100&amp;apos;</message>
  <nestedLevel>1</nestedLevel>
</record>
<record>
  <date>2019-02-15T15:16:23</date>
  <millis>1550218583130</millis>
  <sequence>33</sequence>
  <level>PASSED</level>
  <class>com.kms.katalon.core.logging.XmlKeywordLogger</class>
  <method>logMessage</method>
  <thread>1</thread>
  <message>Tapped on element &amp;apos;Object Repository/Mobile/OR Homepage/OBJ-Login/android.widget.ImageView4&amp;apos;</message>
  <nestedLevel>1</nestedLevel>
</record>
<record>
  <date>2019-02-15T15:16:23</date>
  <millis>1550218583131</millis>
  <sequence>34</sequence>
  <level>END</level>
  <class>com.kms.katalon.core.logging.XmlKeywordLogger</class>
  <method>endKeyword</method>
  <thread>1</thread>
  <message>End action : tap(findTestObject(\&amp;quot;Mobile/OR Homepage/OBJ-Login/android.widget.ImageView4\&amp;quot;), 0)</message>
  <nestedLevel>1</nestedLevel>
</record>
<record>
  <date>2019-02-15T15:16:23</date>
  <millis>1550218583132</millis>
  <sequence>35</sequence>
  <level>START</level>
  <class>com.kms.katalon.core.logging.XmlKeywordLogger</class>
  <method>startKeyword</method>
  <thread>1</thread>
  <message>Start action : for (def index : (1..2))</message>
  <nestedLevel>1</nestedLevel>
  <property name="startLine">25</property>
  <property name="stepIndex">4</property>
  <property name="description">Tap button arrow next untuk baca tutorial</property>
</record>
<record>
  <date>2019-02-15T15:16:23</date>
  <millis>1550218583151</millis>
  <sequence>36</sequence>
  <level>START</level>
  <class>com.kms.katalon.core.logging.XmlKeywordLogger</class>
  <method>startKeyword</method>
  <thread>1</thread>
  <message>Start action : tap(findTestObject(\&amp;quot;Mobile/OR Registrasi/android.widget.ImageView1\&amp;quot;), 0)</message>
  <nestedLevel>2</nestedLevel>
  <property name="startLine">26</property>
  <property name="stepIndex">1</property>
</record>
<record>
  <date>2019-02-15T15:16:23</date>
  <millis>1550218583168</millis>
  <sequence>40</sequence>
  <level>WARNING</level>
  <class>com.kms.katalon.core.logging.XmlKeywordLogger</class>
  <method>logMessage</method>
  <thread>1</thread>
  <message>Timeout &amp;apos;0&amp;apos; is invalid. Using default page load timeout: &amp;apos;100&amp;apos;</message>
  <nestedLevel>1</nestedLevel>
</record>
<record>
  <date>2019-02-15T15:16:24</date>
  <millis>1550218584349</millis>
  <sequence>41</sequence>
  <level>PASSED</level>
  <class>com.kms.katalon.core.logging.XmlKeywordLogger</class>
  <method>logMessage</method>
  <thread>1</thread>
  <message>Tapped on element &amp;apos;Object Repository/Mobile/OR Registrasi/android.widget.ImageView1&amp;apos;</message>
  <nestedLevel>1</nestedLevel>
</record>
<record>
  <date>2019-02-15T15:16:24</date>
  <millis>1550218584351</millis>
  <sequence>42</sequence>
  <level>END</level>
  <class>com.kms.katalon.core.logging.XmlKeywordLogger</class>
  <method>endKeyword</method>
  <thread>1</thread>
  <message>End action : tap(findTestObject(\&amp;quot;Mobile/OR Registrasi/android.widget.ImageView1\&amp;quot;), 0)</message>
  <nestedLevel>2</nestedLevel>
</record>
<record>
  <date>2019-02-15T15:16:24</date>
  <millis>1550218584352</millis>
  <sequence>43</sequence>
  <level>START</level>
  <class>com.kms.katalon.core.logging.XmlKeywordLogger</class>
  <method>startKeyword</method>
  <thread>1</thread>
  <message>Start action : tap(findTestObject(\&amp;quot;Mobile/OR Registrasi/android.widget.ImageView1\&amp;quot;), 0)</message>
  <nestedLevel>2</nestedLevel>
  <property name="startLine">26</property>
  <property name="stepIndex">1</property>
</record>
<record>
  <date>2019-02-15T15:16:24</date>
  <millis>1550218584363</millis>
  <sequence>47</sequence>
  <level>WARNING</level>
  <class>com.kms.katalon.core.logging.XmlKeywordLogger</class>
  <method>logMessage</method>
  <thread>1</thread>
  <message>Timeout &amp;apos;0&amp;apos; is invalid. Using default page load timeout: &amp;apos;100&amp;apos;</message>
  <nestedLevel>1</nestedLevel>
</record>
<record>
  <date>2019-02-15T15:16:25</date>
  <millis>1550218585739</millis>
  <sequence>48</sequence>
  <level>PASSED</level>
  <class>com.kms.katalon.core.logging.XmlKeywordLogger</class>
  <method>logMessage</method>
  <thread>1</thread>
  <message>Tapped on element &amp;apos;Object Repository/Mobile/OR Registrasi/android.widget.ImageView1&amp;apos;</message>
  <nestedLevel>1</nestedLevel>
</record>
<record>
  <date>2019-02-15T15:16:25</date>
  <millis>1550218585740</millis>
  <sequence>49</sequence>
  <level>END</level>
  <class>com.kms.katalon.core.logging.XmlKeywordLogger</class>
  <method>endKeyword</method>
  <thread>1</thread>
  <message>End action : tap(findTestObject(\&amp;quot;Mobile/OR Registrasi/android.widget.ImageView1\&amp;quot;), 0)</message>
  <nestedLevel>2</nestedLevel>
</record>
<record>
  <date>2019-02-15T15:16:25</date>
  <millis>1550218585740</millis>
  <sequence>50</sequence>
  <level>END</level>
  <class>com.kms.katalon.core.logging.XmlKeywordLogger</class>
  <method>endKeyword</method>
  <thread>1</thread>
  <message>End action : for (def index : (1..2))</message>
  <nestedLevel>1</nestedLevel>
</record>
<record>
  <date>2019-02-15T15:16:25</date>
  <millis>1550218585740</millis>
  <sequence>51</sequence>
  <level>START</level>
  <class>com.kms.katalon.core.logging.XmlKeywordLogger</class>
  <method>startKeyword</method>
  <thread>1</thread>
  <message>Start action : tap(findTestObject(\&amp;quot;Mobile/OR Homepage/OBJ-Login/android.widget.TextView2 - Skip\&amp;quot;), 0)</message>
  <nestedLevel>1</nestedLevel>
  <property name="startLine">30</property>
  <property name="stepIndex">5</property>
  <property name="description">Tap button skip</property>
</record>
<record>
  <date>2019-02-15T15:16:25</date>
  <millis>1550218585750</millis>
  <sequence>55</sequence>
  <level>WARNING</level>
  <class>com.kms.katalon.core.logging.XmlKeywordLogger</class>
  <method>logMessage</method>
  <thread>1</thread>
  <message>Timeout &amp;apos;0&amp;apos; is invalid. Using default page load timeout: &amp;apos;100&amp;apos;</message>
  <nestedLevel>1</nestedLevel>
</record>
<record>
  <date>2019-02-15T15:16:29</date>
  <millis>1550218589376</millis>
  <sequence>56</sequence>
  <level>PASSED</level>
  <class>com.kms.katalon.core.logging.XmlKeywordLogger</class>
  <method>logMessage</method>
  <thread>1</thread>
  <message>Tapped on element &amp;apos;Object Repository/Mobile/OR Homepage/OBJ-Login/android.widget.TextView2 - Skip&amp;apos;</message>
  <nestedLevel>1</nestedLevel>
</record>
<record>
  <date>2019-02-15T15:16:29</date>
  <millis>1550218589377</millis>
  <sequence>57</sequence>
  <level>END</level>
  <class>com.kms.katalon.core.logging.XmlKeywordLogger</class>
  <method>endKeyword</method>
  <thread>1</thread>
  <message>End action : tap(findTestObject(\&amp;quot;Mobile/OR Homepage/OBJ-Login/android.widget.TextView2 - Skip\&amp;quot;), 0)</message>
  <nestedLevel>1</nestedLevel>
</record>
<record>
  <date>2019-02-15T15:16:29</date>
  <millis>1550218589377</millis>
  <sequence>58</sequence>
  <level>START</level>
  <class>com.kms.katalon.core.logging.XmlKeywordLogger</class>
  <method>startKeyword</method>
  <thread>1</thread>
  <message>Start action : tap(findTestObject(\&amp;quot;Mobile/OR Homepage/OBJ-Login/android.widget.TextView0 - Log in\&amp;quot;), 0)</message>
  <nestedLevel>1</nestedLevel>
  <property name="startLine">33</property>
  <property name="stepIndex">6</property>
  <property name="description">Tap button login</property>
</record>
<record>
  <date>2019-02-15T15:16:29</date>
  <millis>1550218589388</millis>
  <sequence>62</sequence>
  <level>WARNING</level>
  <class>com.kms.katalon.core.logging.XmlKeywordLogger</class>
  <method>logMessage</method>
  <thread>1</thread>
  <message>Timeout &amp;apos;0&amp;apos; is invalid. Using default page load timeout: &amp;apos;100&amp;apos;</message>
  <nestedLevel>1</nestedLevel>
</record>
<record>
  <date>2019-02-15T15:16:31</date>
  <millis>1550218591679</millis>
  <sequence>63</sequence>
  <level>PASSED</level>
  <class>com.kms.katalon.core.logging.XmlKeywordLogger</class>
  <method>logMessage</method>
  <thread>1</thread>
  <message>Tapped on element &amp;apos;Object Repository/Mobile/OR Homepage/OBJ-Login/android.widget.TextView0 - Log in&amp;apos;</message>
  <nestedLevel>1</nestedLevel>
</record>
<record>
  <date>2019-02-15T15:16:31</date>
  <millis>1550218591681</millis>
  <sequence>64</sequence>
  <level>END</level>
  <class>com.kms.katalon.core.logging.XmlKeywordLogger</class>
  <method>endKeyword</method>
  <thread>1</thread>
  <message>End action : tap(findTestObject(\&amp;quot;Mobile/OR Homepage/OBJ-Login/android.widget.TextView0 - Log in\&amp;quot;), 0)</message>
  <nestedLevel>1</nestedLevel>
</record>
<record>
  <date>2019-02-15T15:16:31</date>
  <millis>1550218591681</millis>
  <sequence>65</sequence>
  <level>START</level>
  <class>com.kms.katalon.core.logging.XmlKeywordLogger</class>
  <method>startKeyword</method>
  <thread>1</thread>
  <message>Start action : setText(findTestObject(\&amp;quot;Mobile/OR Login/android.widget.EditText0\&amp;quot;), \&amp;quot;nansulaiman5@gmail.com\&amp;quot;, 0)</message>
  <nestedLevel>1</nestedLevel>
  <property name="startLine">36</property>
  <property name="stepIndex">7</property>
  <property name="description">Input email user</property>
</record>
<record>
  <date>2019-02-15T15:16:31</date>
  <millis>1550218591719</millis>
  <sequence>69</sequence>
  <level>WARNING</level>
  <class>com.kms.katalon.core.logging.XmlKeywordLogger</class>
  <method>logMessage</method>
  <thread>1</thread>
  <message>Timeout &amp;apos;0&amp;apos; is invalid. Using default page load timeout: &amp;apos;100&amp;apos;</message>
  <nestedLevel>1</nestedLevel>
</record>
<record>
  <date>2019-02-15T15:16:32</date>
  <millis>1550218592812</millis>
  <sequence>70</sequence>
  <level>PASSED</level>
  <class>com.kms.katalon.core.logging.XmlKeywordLogger</class>
  <method>logMessage</method>
  <thread>1</thread>
  <message>Text &amp;apos;nansulaiman5@gmail.com&amp;apos; has been set to element &amp;apos;Object Repository/Mobile/OR Login/android.widget.EditText0&amp;apos;</message>
  <nestedLevel>1</nestedLevel>
</record>
<record>
  <date>2019-02-15T15:16:32</date>
  <millis>1550218592816</millis>
  <sequence>71</sequence>
  <level>END</level>
  <class>com.kms.katalon.core.logging.XmlKeywordLogger</class>
  <method>endKeyword</method>
  <thread>1</thread>
  <message>End action : setText(findTestObject(\&amp;quot;Mobile/OR Login/android.widget.EditText0\&amp;quot;), \&amp;quot;nansulaiman5@gmail.com\&amp;quot;, 0)</message>
  <nestedLevel>1</nestedLevel>
</record>
<record>
  <date>2019-02-15T15:16:32</date>
  <millis>1550218592816</millis>
  <sequence>72</sequence>
  <level>START</level>
  <class>com.kms.katalon.core.logging.XmlKeywordLogger</class>
  <method>startKeyword</method>
  <thread>1</thread>
  <message>Start action : tap(findTestObject(\&amp;quot;Mobile/OR Login 2/android.widget.Button0 - Lanjutkan 03\&amp;quot;), 0)</message>
  <nestedLevel>1</nestedLevel>
  <property name="startLine">39</property>
  <property name="stepIndex">8</property>
  <property name="description">Tap tombol lanjutkan seharusnya next Eng</property>
</record>
<record>
  <date>2019-02-15T15:16:32</date>
  <millis>1550218592828</millis>
  <sequence>76</sequence>
  <level>WARNING</level>
  <class>com.kms.katalon.core.logging.XmlKeywordLogger</class>
  <method>logMessage</method>
  <thread>1</thread>
  <message>Timeout &amp;apos;0&amp;apos; is invalid. Using default page load timeout: &amp;apos;100&amp;apos;</message>
  <nestedLevel>1</nestedLevel>
</record>
<record>
  <date>2019-02-15T15:16:36</date>
  <millis>1550218596932</millis>
  <sequence>77</sequence>
  <level>PASSED</level>
  <class>com.kms.katalon.core.logging.XmlKeywordLogger</class>
  <method>logMessage</method>
  <thread>1</thread>
  <message>Tapped on element &amp;apos;Object Repository/Mobile/OR Login 2/android.widget.Button0 - Lanjutkan 03&amp;apos;</message>
  <nestedLevel>1</nestedLevel>
</record>
<record>
  <date>2019-02-15T15:16:36</date>
  <millis>1550218596935</millis>
  <sequence>78</sequence>
  <level>END</level>
  <class>com.kms.katalon.core.logging.XmlKeywordLogger</class>
  <method>endKeyword</method>
  <thread>1</thread>
  <message>End action : tap(findTestObject(\&amp;quot;Mobile/OR Login 2/android.widget.Button0 - Lanjutkan 03\&amp;quot;), 0)</message>
  <nestedLevel>1</nestedLevel>
</record>
<record>
  <date>2019-02-15T15:16:36</date>
  <millis>1550218596937</millis>
  <sequence>79</sequence>
  <level>START</level>
  <class>com.kms.katalon.core.logging.XmlKeywordLogger</class>
  <method>startKeyword</method>
  <thread>1</thread>
  <message>Start action : delay(findTestData(\&amp;quot;Delay Step\&amp;quot;).getValue(1, 2), STOP_ON_FAILURE)</message>
  <nestedLevel>1</nestedLevel>
  <property name="startLine">41</property>
  <property name="stepIndex">9</property>
</record>
<record>
  <date>2019-02-15T15:16:42</date>
  <millis>1550218602042</millis>
  <sequence>84</sequence>
  <level>PASSED</level>
  <class>com.kms.katalon.core.logging.XmlKeywordLogger</class>
  <method>logMessage</method>
  <thread>1</thread>
  <message>Delayed 5 second(s)</message>
  <nestedLevel>1</nestedLevel>
</record>
<record>
  <date>2019-02-15T15:16:42</date>
  <millis>1550218602044</millis>
  <sequence>85</sequence>
  <level>END</level>
  <class>com.kms.katalon.core.logging.XmlKeywordLogger</class>
  <method>endKeyword</method>
  <thread>1</thread>
  <message>End action : delay(findTestData(\&amp;quot;Delay Step\&amp;quot;).getValue(1, 2), STOP_ON_FAILURE)</message>
  <nestedLevel>1</nestedLevel>
</record>
<record>
  <date>2019-02-15T15:16:42</date>
  <millis>1550218602045</millis>
  <sequence>86</sequence>
  <level>START</level>
  <class>com.kms.katalon.core.logging.XmlKeywordLogger</class>
  <method>startKeyword</method>
  <thread>1</thread>
  <message>Start action : setText(findTestObject(\&amp;quot;Mobile/OR Login 2/android.widget.EditText0 - field password\&amp;quot;), \&amp;quot;password8\&amp;quot;, 0)</message>
  <nestedLevel>1</nestedLevel>
  <property name="startLine">44</property>
  <property name="stepIndex">10</property>
  <property name="description">Input password user</property>
</record>
<record>
  <date>2019-02-15T15:16:42</date>
  <millis>1550218602110</millis>
  <sequence>90</sequence>
  <level>WARNING</level>
  <class>com.kms.katalon.core.logging.XmlKeywordLogger</class>
  <method>logMessage</method>
  <thread>1</thread>
  <message>Timeout &amp;apos;0&amp;apos; is invalid. Using default page load timeout: &amp;apos;100&amp;apos;</message>
  <nestedLevel>1</nestedLevel>
</record>
<record>
  <date>2019-02-15T15:16:43</date>
  <millis>1550218603216</millis>
  <sequence>91</sequence>
  <level>PASSED</level>
  <class>com.kms.katalon.core.logging.XmlKeywordLogger</class>
  <method>logMessage</method>
  <thread>1</thread>
  <message>Text &amp;apos;password8&amp;apos; has been set to element &amp;apos;Object Repository/Mobile/OR Login 2/android.widget.EditText0 - field password&amp;apos;</message>
  <nestedLevel>1</nestedLevel>
</record>
<record>
  <date>2019-02-15T15:16:43</date>
  <millis>1550218603217</millis>
  <sequence>92</sequence>
  <level>END</level>
  <class>com.kms.katalon.core.logging.XmlKeywordLogger</class>
  <method>endKeyword</method>
  <thread>1</thread>
  <message>End action : setText(findTestObject(\&amp;quot;Mobile/OR Login 2/android.widget.EditText0 - field password\&amp;quot;), \&amp;quot;password8\&amp;quot;, 0)</message>
  <nestedLevel>1</nestedLevel>
</record>
<record>
  <date>2019-02-15T15:16:43</date>
  <millis>1550218603218</millis>
  <sequence>93</sequence>
  <level>START</level>
  <class>com.kms.katalon.core.logging.XmlKeywordLogger</class>
  <method>startKeyword</method>
  <thread>1</thread>
  <message>Start action : delay(findTestData(\&amp;quot;Delay Step\&amp;quot;).getValue(1, 2), STOP_ON_FAILURE)</message>
  <nestedLevel>1</nestedLevel>
  <property name="startLine">46</property>
  <property name="stepIndex">11</property>
</record>
<record>
  <date>2019-02-15T15:16:48</date>
  <millis>1550218608226</millis>
  <sequence>98</sequence>
  <level>PASSED</level>
  <class>com.kms.katalon.core.logging.XmlKeywordLogger</class>
  <method>logMessage</method>
  <thread>1</thread>
  <message>Delayed 5 second(s)</message>
  <nestedLevel>1</nestedLevel>
</record>
<record>
  <date>2019-02-15T15:16:48</date>
  <millis>1550218608228</millis>
  <sequence>99</sequence>
  <level>END</level>
  <class>com.kms.katalon.core.logging.XmlKeywordLogger</class>
  <method>endKeyword</method>
  <thread>1</thread>
  <message>End action : delay(findTestData(\&amp;quot;Delay Step\&amp;quot;).getValue(1, 2), STOP_ON_FAILURE)</message>
  <nestedLevel>1</nestedLevel>
</record>
<record>
  <date>2019-02-15T15:16:48</date>
  <millis>1550218608229</millis>
  <sequence>100</sequence>
  <level>START</level>
  <class>com.kms.katalon.core.logging.XmlKeywordLogger</class>
  <method>startKeyword</method>
  <thread>1</thread>
  <message>Start action : hideKeyboard()</message>
  <nestedLevel>1</nestedLevel>
  <property name="startLine">49</property>
  <property name="stepIndex">12</property>
  <property name="description">Hide keyboard on phone</property>
</record>
<record>
  <date>2019-02-15T15:16:50</date>
  <millis>1550218610985</millis>
  <sequence>101</sequence>
  <level>PASSED</level>
  <class>com.kms.katalon.core.logging.XmlKeywordLogger</class>
  <method>logMessage</method>
  <thread>1</thread>
  <message>Keyboard is hidden</message>
  <nestedLevel>1</nestedLevel>
</record>
<record>
  <date>2019-02-15T15:16:51</date>
  <millis>1550218611221</millis>
  <sequence>102</sequence>
  <level>END</level>
  <class>com.kms.katalon.core.logging.XmlKeywordLogger</class>
  <method>endKeyword</method>
  <thread>1</thread>
  <message>End action : hideKeyboard()</message>
  <nestedLevel>1</nestedLevel>
</record>
<record>
  <date>2019-02-15T15:16:51</date>
  <millis>1550218611221</millis>
  <sequence>103</sequence>
  <level>START</level>
  <class>com.kms.katalon.core.logging.XmlKeywordLogger</class>
  <method>startKeyword</method>
  <thread>1</thread>
  <message>Start action : tap(findTestObject(\&amp;quot;Mobile/OR Login 2/android.widget.Button0 - Start Movic 01\&amp;quot;), 0)</message>
  <nestedLevel>1</nestedLevel>
  <property name="startLine">52</property>
  <property name="stepIndex">13</property>
  <property name="description">Submit form dan redirect ke homepage</property>
</record>
<record>
  <date>2019-02-15T15:16:51</date>
  <millis>1550218611238</millis>
  <sequence>107</sequence>
  <level>WARNING</level>
  <class>com.kms.katalon.core.logging.XmlKeywordLogger</class>
  <method>logMessage</method>
  <thread>1</thread>
  <message>Timeout &amp;apos;0&amp;apos; is invalid. Using default page load timeout: &amp;apos;100&amp;apos;</message>
  <nestedLevel>1</nestedLevel>
</record>
<record>
  <date>2019-02-15T15:16:53</date>
  <millis>1550218613016</millis>
  <sequence>108</sequence>
  <level>PASSED</level>
  <class>com.kms.katalon.core.logging.XmlKeywordLogger</class>
  <method>logMessage</method>
  <thread>1</thread>
  <message>Tapped on element &amp;apos;Object Repository/Mobile/OR Login 2/android.widget.Button0 - Start Movic 01&amp;apos;</message>
  <nestedLevel>1</nestedLevel>
</record>
<record>
  <date>2019-02-15T15:16:53</date>
  <millis>1550218613017</millis>
  <sequence>109</sequence>
  <level>END</level>
  <class>com.kms.katalon.core.logging.XmlKeywordLogger</class>
  <method>endKeyword</method>
  <thread>1</thread>
  <message>End action : tap(findTestObject(\&amp;quot;Mobile/OR Login 2/android.widget.Button0 - Start Movic 01\&amp;quot;), 0)</message>
  <nestedLevel>1</nestedLevel>
</record>
<record>
  <date>2019-02-15T15:16:53</date>
  <millis>1550218613017</millis>
  <sequence>110</sequence>
  <level>START</level>
  <class>com.kms.katalon.core.logging.XmlKeywordLogger</class>
  <method>startKeyword</method>
  <thread>1</thread>
  <message>Start action : delay(findTestData(\&amp;quot;Delay Step\&amp;quot;).getValue(1, 2), STOP_ON_FAILURE)</message>
  <nestedLevel>1</nestedLevel>
  <property name="startLine">54</property>
  <property name="stepIndex">14</property>
</record>
<record>
  <date>2019-02-15T15:16:58</date>
  <millis>1550218618025</millis>
  <sequence>115</sequence>
  <level>PASSED</level>
  <class>com.kms.katalon.core.logging.XmlKeywordLogger</class>
  <method>logMessage</method>
  <thread>1</thread>
  <message>Delayed 5 second(s)</message>
  <nestedLevel>1</nestedLevel>
</record>
<record>
  <date>2019-02-15T15:16:58</date>
  <millis>1550218618026</millis>
  <sequence>116</sequence>
  <level>END</level>
  <class>com.kms.katalon.core.logging.XmlKeywordLogger</class>
  <method>endKeyword</method>
  <thread>1</thread>
  <message>End action : delay(findTestData(\&amp;quot;Delay Step\&amp;quot;).getValue(1, 2), STOP_ON_FAILURE)</message>
  <nestedLevel>1</nestedLevel>
</record>
<record>
  <date>2019-02-15T15:16:58</date>
  <millis>1550218618027</millis>
  <sequence>117</sequence>
  <level>PASSED</level>
  <class>com.kms.katalon.core.logging.XmlKeywordLogger</class>
  <method>logMessage</method>
  <thread>1</thread>
  <message>Test Cases/Mobile/Android/User/SC99 Regression/TC04 Login with email</message>
  <nestedLevel>1</nestedLevel>
</record>
<record>
  <date>2019-02-15T15:16:58</date>
  <millis>1550218618029</millis>
  <sequence>118</sequence>
  <level>END</level>
  <class>com.kms.katalon.core.logging.XmlKeywordLogger</class>
  <method>endTest</method>
  <thread>1</thread>
  <message>End Test Case : Test Cases/Mobile/Android/User/SC99 Regression/TC04 Login with email</message>
  <nestedLevel>0</nestedLevel>
</record>
<record>
  <date>2019-02-15T15:16:58</date>
  <millis>1550218618090</millis>
  <sequence>119</sequence>
  <level>START</level>
  <class>com.kms.katalon.core.logging.XmlKeywordLogger</class>
  <method>startTest</method>
  <thread>1</thread>
  <message>Start Test Case : Test Cases/Mobile/Android/Homepage/SC99 Regression/TC07 Show more car available near me</message>
  <nestedLevel>1</nestedLevel>
  <property name="name">Test Cases/Mobile/Android/Homepage/SC99 Regression/TC07 Show more car available near me</property>
  <property name="description"></property>
  <property name="id">Test Cases/Mobile/Android/Homepage/SC99 Regression/TC07 Show more car available near me</property>
  <property name="source">C:\\Users\\WGS-LAP151\\git\\astra-movic\\Test Cases\\Mobile\\Android\\Homepage\\SC99 Regression\\TC07 Show more car available near me.tc</property>
  <property name="isOptional">false</property>
</record>
<record>
  <date>2019-02-15T15:16:58</date>
  <millis>1550218618676</millis>
  <sequence>121</sequence>
  <level>START</level>
  <class>com.kms.katalon.core.logging.XmlKeywordLogger</class>
  <method>startKeyword</method>
  <thread>1</thread>
  <message>Start action : callTestCase(findTestCase(\&amp;quot;Mobile/Android/User/SC99 Regression/TC04 Login with email\&amp;quot;), [:], STOP_ON_FAILURE)</message>
  <nestedLevel>1</nestedLevel>
  <property name="startLine">17</property>
  <property name="stepIndex">1</property>
  <property name="description">Call test case login</property>
</record>
<record>
  <date>2019-02-15T15:16:58</date>
  <millis>1550218618678</millis>
  <sequence>122</sequence>
  <level>NOT_RUN</level>
  <class>com.kms.katalon.core.logging.XmlKeywordLogger</class>
  <method>logMessage</method>
  <thread>1</thread>
  <message>NOT_RUN: callTestCase(findTestCase(\&amp;quot;Mobile/Android/User/SC99 Regression/TC04 Login with email\&amp;quot;), [:], STOP_ON_FAILURE)</message>
  <nestedLevel>1</nestedLevel>
</record>
<record>
  <date>2019-02-15T15:16:58</date>
  <millis>1550218618679</millis>
  <sequence>123</sequence>
  <level>END</level>
  <class>com.kms.katalon.core.logging.XmlKeywordLogger</class>
  <method>endKeyword</method>
  <thread>1</thread>
  <message>End action : callTestCase(findTestCase(\&amp;quot;Mobile/Android/User/SC99 Regression/TC04 Login with email\&amp;quot;), [:], STOP_ON_FAILURE)</message>
  <nestedLevel>1</nestedLevel>
</record>
<record>
  <date>2019-02-15T15:16:58</date>
  <millis>1550218618680</millis>
  <sequence>124</sequence>
  <level>START</level>
  <class>com.kms.katalon.core.logging.XmlKeywordLogger</class>
  <method>startKeyword</method>
  <thread>1</thread>
  <message>Start action : tap(findTestObject(\&amp;quot;Mobile/OR Homepage/android.widget.TextView11 - Show more\&amp;quot;), 0)</message>
  <nestedLevel>1</nestedLevel>
  <property name="startLine">20</property>
  <property name="stepIndex">2</property>
  <property name="description">Show more car yang ada di near me</property>
</record>
<record>
  <date>2019-02-15T15:16:58</date>
  <millis>1550218618740</millis>
  <sequence>128</sequence>
  <level>WARNING</level>
  <class>com.kms.katalon.core.logging.XmlKeywordLogger</class>
  <method>logMessage</method>
  <thread>1</thread>
  <message>Timeout &amp;apos;0&amp;apos; is invalid. Using default page load timeout: &amp;apos;100&amp;apos;</message>
  <nestedLevel>1</nestedLevel>
</record>
<record>
  <date>2019-02-15T15:18:05</date>
  <millis>1550218685882</millis>
  <sequence>129</sequence>
  <level>PASSED</level>
  <class>com.kms.katalon.core.logging.XmlKeywordLogger</class>
  <method>logMessage</method>
  <thread>1</thread>
  <message>Tapped on element &amp;apos;Object Repository/Mobile/OR Homepage/android.widget.TextView11 - Show more&amp;apos;</message>
  <nestedLevel>1</nestedLevel>
</record>
<record>
  <date>2019-02-15T15:18:05</date>
  <millis>1550218685883</millis>
  <sequence>130</sequence>
  <level>END</level>
  <class>com.kms.katalon.core.logging.XmlKeywordLogger</class>
  <method>endKeyword</method>
  <thread>1</thread>
  <message>End action : tap(findTestObject(\&amp;quot;Mobile/OR Homepage/android.widget.TextView11 - Show more\&amp;quot;), 0)</message>
  <nestedLevel>1</nestedLevel>
</record>
<record>
  <date>2019-02-15T15:18:05</date>
  <millis>1550218685884</millis>
  <sequence>131</sequence>
  <level>START</level>
  <class>com.kms.katalon.core.logging.XmlKeywordLogger</class>
  <method>startKeyword</method>
  <thread>1</thread>
  <message>Start action : tap(findTestObject(\&amp;quot;Mobile/OR Homepage/android.widget.RelativeLayout2\&amp;quot;), 0)</message>
  <nestedLevel>1</nestedLevel>
  <property name="startLine">23</property>
  <property name="stepIndex">3</property>
  <property name="description">Select car</property>
</record>
<record>
  <date>2019-02-15T15:18:05</date>
  <millis>1550218685958</millis>
  <sequence>135</sequence>
  <level>WARNING</level>
  <class>com.kms.katalon.core.logging.XmlKeywordLogger</class>
  <method>logMessage</method>
  <thread>1</thread>
  <message>Timeout &amp;apos;0&amp;apos; is invalid. Using default page load timeout: &amp;apos;100&amp;apos;</message>
  <nestedLevel>1</nestedLevel>
</record>
