[35m[Appium][39m Welcome to Appium v1.8.1
[35m[Appium][39m Non-default server args:
[35m[Appium][39m   port: 55291
[35m[Appium][39m   loglevel: info
[35m[Appium][39m   chromeDriverPort: 55293
[35m[Appium][39m   tmpDir: C:\Users\WGS-LA~1\AppData\Local\Temp\\Katalon\Appium\Temp1541665287839
[35m[Appium][39m Appium REST http interface listener started on 0.0.0.0:55291
[35m[HTTP][39m [37m-->[39m [37mGET[39m [37m/wd/hub/status[39m
[35m[HTTP][39m [90m{}[39m
[35m[HTTP][39m [37m<-- GET /wd/hub/status [39m[32m200[39m [90m277 ms - 83[39m
[35m[HTTP][39m [90m[39m
[35m[HTTP][39m [37m-->[39m [37mPOST[39m [37m/wd/hub/session[39m
[35m[HTTP][39m [90m{"desiredCapabilities":{"app":"C:\\Users\\WGS-LAP199\\Downloads\\Movic apk\\Movic_0.9.7_2018-10-14-stable-debug.apk","autoGrantPermissions":true,"automationName":"uiautomator2","deviceId":"54e797627cf5","deviceName":"Xiaomi Redmi 5 (Android 7.1.2)","fullReset":false,"newCommandTimeout":1800,"noReset":true,"platform":"ANDROID","platformName":"Android","udid":"54e797627cf5"},"capabilities":{"desiredCapabilities":{"app":"C:\\Users\\WGS-LAP199\\Downloads\\Movic apk\\Movic_0.9.7_2018-10-14-stable-debug.apk","autoGrantPermissions":true,"automationName":"uiautomator2","deviceId":"54e797627cf5","deviceName":"Xiaomi Redmi 5 (Android 7.1.2)","fullReset":false,"newCommandTimeout":1800,"noReset":true,"platform":"ANDROID","platformName":"Android","udid":"54e797627cf5"},"firstMatch":[{"platformName":"android"}]}}[39m
[35m[Appium][39m Could not parse W3C capabilities: 'deviceName' can't be blank. Falling back to JSONWP protocol.
[35m[Appium][39m The following capabilities were provided in the JSONWP desired capabilities that are missing in W3C capabilities: ["app","autoGrantPermissions","automationName","deviceId","deviceName","fullReset","newCommandTimeout","noReset","platform","platformName","udid"]. Falling back to JSONWP protocol.
[35m[Appium][39m Creating new AndroidUiautomator2Driver (v1.12.0) session
[35m[Appium][39m Capabilities:
[35m[Appium][39m   app: C:\Users\WGS-LAP199\Downloads\Movic apk\Movic_0.9.7_2018-10-14-stable-debug.apk
[35m[Appium][39m   autoGrantPermissions: true
[35m[Appium][39m   automationName: uiautomator2
[35m[Appium][39m   deviceId: 54e797627cf5
[35m[Appium][39m   deviceName: Xiaomi Redmi 5 (Android 7.1.2)
[35m[Appium][39m   fullReset: false
[35m[Appium][39m   newCommandTimeout: 1800
[35m[Appium][39m   noReset: true
[35m[Appium][39m   platform: ANDROID
[35m[Appium][39m   platformName: Android
[35m[Appium][39m   udid: 54e797627cf5
[35m[BaseDriver][39m The following capabilities were provided, but are not recognized by appium: deviceId, platform.
[35m[BaseDriver][39m Session created with session id: d46c8e30-74b3-4794-91fb-8072c273794b
[35m[BaseDriver][39m Using local app 'C:\Users\WGS-LAP199\Downloads\Movic apk\Movic_0.9.7_2018-10-14-stable-debug.apk'
[35m[AndroidDriver][39m Java version is: 1.8.0_181
[35m[ADB][39m Checking whether adb is present
[35m[ADB][39m Found 1 'build-tools' folders under 'C:\Users\WGS-LAP199\.katalon\tools\android_sdk' (newest first):
[35m[ADB][39m     C:/Users/WGS-LAP199/.katalon/tools/android_sdk/build-tools/28.0.1
[35m[ADB][39m Using adb.exe from C:\Users\WGS-LAP199\.katalon\tools\android_sdk\platform-tools\adb.exe
[35m[AndroidDriver][39m Retrieving device list
[35m[AndroidDriver][39m Using device: 54e797627cf5
[35m[ADB][39m Using the alternative activity name detection method because of: Could not find apkanalyzer.bat in C:\Users\WGS-LAP199\.katalon\tools\android_sdk\platform-tools\apkanalyzer.bat,C:\Users\WGS-LAP199\.katalon\tools\android_sdk\emulator\apkanalyzer.bat,C:\Users\WGS-LAP199\.katalon\tools\android_sdk\tools\apkanalyzer.bat,C:\Users\WGS-LAP199\.katalon\tools\android_sdk\tools\bin\apkanalyzer.bat,C:\Users\WGS-LAP199\.katalon\tools\android_sdk\build-tools\28.0.1\apkanalyzer.bat. Do you have the Android SDK installed at 'C:\Users\WGS-LAP199\.katalon\tools\android_sdk'?
[35m[ADB][39m Checking whether aapt is present
[35m[ADB][39m Using aapt.exe from C:\Users\WGS-LAP199\.katalon\tools\android_sdk\build-tools\28.0.1\aapt.exe
[35m[ADB][39m Extracting package and launch activity from manifest
[35m[ADB][39m Package name: 'id.astra.stable.movic'
[35m[ADB][39m Main activity name: 'id.astra.adp.movic.modules.main.SplashScreenActivity'
[35m[ADB][39m Getting device platform version
[35m[ADB][39m Using apksigner.bat from C:\Users\WGS-LAP199\.katalon\tools\android_sdk\build-tools\28.0.1\apksigner.bat
[35m[ADB][39m Checking whether zipalign is present
[35m[ADB][39m Using zipalign.exe from C:\Users\WGS-LAP199\.katalon\tools\android_sdk\build-tools\28.0.1\zipalign.exe
[35m[ADB][39m io.appium.uiautomator2.server was successfully uninstalled
[35m[ADB][39m io.appium.uiautomator2.server.test was successfully uninstalled
[35m[AndroidDriver][39m setDeviceLanguageCountry requires language or country.
[35m[AndroidDriver][39m Got language: 'null' and country: 'null'
[35m[ADB][39m Successfully extracted 1263 strings from 'C:\Users\WGS-LAP199\Downloads\Movic apk\Movic_0.9.7_2018-10-14-stable-debug.apk' resources for '(default)' configuration
[35m[UiAutomator2][39m Starting uiautomator2 server 1.12.0
[35m[UiAutomator2][39m Using UIAutomator2 server from 'C:\Users\WGS-LAP199\AppData\Roaming\npm\node_modules\appium\node_modules\appium-uiautomator2-server\apks\appium-uiautomator2-server-v1.12.0.apk' and test from 'C:\Users\WGS-LAP199\AppData\Roaming\npm\node_modules\appium\node_modules\appium-uiautomator2-server\apks\appium-uiautomator2-server-debug-androidTest.apk'
[35m[UiAutomator2][39m Running command: 'adb -s 54e797627cf5 shell am instrument -w io.appium.uiautomator2.server.test/android.support.test.runner.AndroidJUnitRunner'
[35m[UiAutomator2][39m Waiting up to 20000ms for UiAutomator2 to be online...
[35m[AndroidDriver][39m Screen already unlocked, doing nothing
[35m[UiAutomator2][39m UiAutomator2 did not start the activity we were waiting for, 'id.astra.stable.movic/id.astra.adp.movic.modules.main.SplashScreenActivity'. Starting it ourselves
[35m[Appium][39m New AndroidUiautomator2Driver session created successfully, session d46c8e30-74b3-4794-91fb-8072c273794b added to master session list
[35m[HTTP][39m [37m<-- POST /wd/hub/session [39m[32m200[39m [90m41578 ms - 1260[39m
[35m[HTTP][39m [90m[39m
[35m[HTTP][39m [37m-->[39m [37mGET[39m [37m/wd/hub/status[39m
[35m[HTTP][39m [90m{}[39m
[35m[HTTP][39m [37m<-- GET /wd/hub/status [39m[32m200[39m [90m137 ms - 55[39m
[35m[HTTP][39m [90m[39m
[35m[HTTP][39m [37m-->[39m [37mPOST[39m [37m/wd/hub/session/d46c8e30-74b3-4794-91fb-8072c273794b/timeouts[39m
[35m[HTTP][39m [90m{"type":"implicit","ms":30000}[39m
[35m[HTTP][39m [37m<-- POST /wd/hub/session/d46c8e30-74b3-4794-91fb-8072c273794b/timeouts [39m[33m400[39m [90m25 ms - 5468[39m
[35m[HTTP][39m [90m[39m
[35m[HTTP][39m [37m-->[39m [37mGET[39m [37m/wd/hub/session/d46c8e30-74b3-4794-91fb-8072c273794b/window/current/size[39m
[35m[HTTP][39m [90m{}[39m
[35m[W3C][39m Driver proxy active, passing request on via HTTP proxy
[35m[JSONWP Proxy][39m Replacing sessionId 0c5172f2-d061-4958-8ac1-01c3069c5bfe with d46c8e30-74b3-4794-91fb-8072c273794b
[35m[HTTP][39m [37m<-- GET /wd/hub/session/d46c8e30-74b3-4794-91fb-8072c273794b/window/current/size [39m[32m200[39m [90m53 ms - 99[39m
[35m[HTTP][39m [90m[39m
[35m[HTTP][39m [37m-->[39m [37mPOST[39m [37m/wd/hub/session/d46c8e30-74b3-4794-91fb-8072c273794b/elements[39m
[35m[HTTP][39m [90m{"using":"-android uiautomator","value":"new UiSelector().className(\"android.widget.ImageView\").resourceId(\"id.astra.stable.movic:id/mImgSkip\").instance(4)"}[39m
[35m[HTTP][39m [37m<-- POST /wd/hub/session/d46c8e30-74b3-4794-91fb-8072c273794b/elements [39m[32m200[39m [90m50 ms - 74[39m
[35m[HTTP][39m [90m[39m
[35m[HTTP][39m [37m-->[39m [37mPOST[39m [37m/wd/hub/session/d46c8e30-74b3-4794-91fb-8072c273794b/elements[39m
[35m[HTTP][39m [90m{"using":"-android uiautomator","value":"new UiSelector().className(\"android.widget.ImageView\").resourceId(\"id.astra.stable.movic:id/mImgSkip\").instance(4)"}[39m
[35m[HTTP][39m [37m<-- POST /wd/hub/session/d46c8e30-74b3-4794-91fb-8072c273794b/elements [39m[32m200[39m [90m52 ms - 74[39m
[35m[HTTP][39m [90m[39m
[35m[HTTP][39m [37m-->[39m [37mPOST[39m [37m/wd/hub/session/d46c8e30-74b3-4794-91fb-8072c273794b/elements[39m
[35m[HTTP][39m [90m{"using":"-android uiautomator","value":"new UiSelector().className(\"android.widget.ImageView\").resourceId(\"id.astra.stable.movic:id/mImgSkip\").instance(4)"}[39m
[35m[HTTP][39m [37m<-- POST /wd/hub/session/d46c8e30-74b3-4794-91fb-8072c273794b/elements [39m[32m200[39m [90m45 ms - 74[39m
[35m[HTTP][39m [90m[39m
[35m[HTTP][39m [37m-->[39m [37mPOST[39m [37m/wd/hub/session/d46c8e30-74b3-4794-91fb-8072c273794b/elements[39m
[35m[HTTP][39m [90m{"using":"-android uiautomator","value":"new UiSelector().className(\"android.widget.ImageView\").resourceId(\"id.astra.stable.movic:id/mImgSkip\").instance(4)"}[39m
[35m[HTTP][39m [37m<-- POST /wd/hub/session/d46c8e30-74b3-4794-91fb-8072c273794b/elements [39m[32m200[39m [90m42 ms - 74[39m
[35m[HTTP][39m [90m[39m
[35m[HTTP][39m [37m-->[39m [37mPOST[39m [37m/wd/hub/session/d46c8e30-74b3-4794-91fb-8072c273794b/elements[39m
[35m[HTTP][39m [90m{"using":"-android uiautomator","value":"new UiSelector().className(\"android.widget.ImageView\").resourceId(\"id.astra.stable.movic:id/mImgSkip\").instance(4)"}[39m
[35m[HTTP][39m [37m<-- POST /wd/hub/session/d46c8e30-74b3-4794-91fb-8072c273794b/elements [39m[32m200[39m [90m47 ms - 74[39m
[35m[HTTP][39m [90m[39m
[35m[HTTP][39m [37m-->[39m [37mPOST[39m [37m/wd/hub/session/d46c8e30-74b3-4794-91fb-8072c273794b/elements[39m
[35m[HTTP][39m [90m{"using":"-android uiautomator","value":"new UiSelector().className(\"android.widget.ImageView\").resourceId(\"id.astra.stable.movic:id/mImgSkip\").instance(4)"}[39m
[35m[HTTP][39m [37m<-- POST /wd/hub/session/d46c8e30-74b3-4794-91fb-8072c273794b/elements [39m[32m200[39m [90m47 ms - 74[39m
[35m[HTTP][39m [90m[39m
[35m[HTTP][39m [37m-->[39m [37mPOST[39m [37m/wd/hub/session/d46c8e30-74b3-4794-91fb-8072c273794b/elements[39m
[35m[HTTP][39m [90m{"using":"-android uiautomator","value":"new UiSelector().className(\"android.widget.ImageView\").resourceId(\"id.astra.stable.movic:id/mImgSkip\").instance(4)"}[39m
[35m[HTTP][39m [37m<-- POST /wd/hub/session/d46c8e30-74b3-4794-91fb-8072c273794b/elements [39m[32m200[39m [90m39 ms - 74[39m
[35m[HTTP][39m [90m[39m
[35m[HTTP][39m [37m-->[39m [37mPOST[39m [37m/wd/hub/session/d46c8e30-74b3-4794-91fb-8072c273794b/elements[39m
[35m[HTTP][39m [90m{"using":"-android uiautomator","value":"new UiSelector().className(\"android.widget.ImageView\").resourceId(\"id.astra.stable.movic:id/mImgSkip\").instance(4)"}[39m
[35m[HTTP][39m [37m<-- POST /wd/hub/session/d46c8e30-74b3-4794-91fb-8072c273794b/elements [39m[32m200[39m [90m36 ms - 74[39m
[35m[HTTP][39m [90m[39m
[35m[HTTP][39m [37m-->[39m [37mPOST[39m [37m/wd/hub/session/d46c8e30-74b3-4794-91fb-8072c273794b/elements[39m
[35m[HTTP][39m [90m{"using":"-android uiautomator","value":"new UiSelector().className(\"android.widget.ImageView\").resourceId(\"id.astra.stable.movic:id/mImgSkip\").instance(4)"}[39m
[35m[HTTP][39m [37m<-- POST /wd/hub/session/d46c8e30-74b3-4794-91fb-8072c273794b/elements [39m[32m200[39m [90m40 ms - 74[39m
[35m[HTTP][39m [90m[39m
[35m[HTTP][39m [37m-->[39m [37mPOST[39m [37m/wd/hub/session/d46c8e30-74b3-4794-91fb-8072c273794b/elements[39m
[35m[HTTP][39m [90m{"using":"-android uiautomator","value":"new UiSelector().className(\"android.widget.ImageView\").resourceId(\"id.astra.stable.movic:id/mImgSkip\").instance(4)"}[39m
[35m[HTTP][39m [37m<-- POST /wd/hub/session/d46c8e30-74b3-4794-91fb-8072c273794b/elements [39m[32m200[39m [90m40 ms - 74[39m
[35m[HTTP][39m [90m[39m
[35m[HTTP][39m [37m-->[39m [37mPOST[39m [37m/wd/hub/session/d46c8e30-74b3-4794-91fb-8072c273794b/elements[39m
[35m[HTTP][39m [90m{"using":"-android uiautomator","value":"new UiSelector().className(\"android.widget.ImageView\").resourceId(\"id.astra.stable.movic:id/mImgSkip\").instance(4)"}[39m
[35m[HTTP][39m [37m<-- POST /wd/hub/session/d46c8e30-74b3-4794-91fb-8072c273794b/elements [39m[32m200[39m [90m34 ms - 74[39m
[35m[HTTP][39m [90m[39m
[35m[HTTP][39m [37m-->[39m [37mPOST[39m [37m/wd/hub/session/d46c8e30-74b3-4794-91fb-8072c273794b/elements[39m
[35m[HTTP][39m [90m{"using":"-android uiautomator","value":"new UiSelector().className(\"android.widget.ImageView\").resourceId(\"id.astra.stable.movic:id/mImgSkip\").instance(4)"}[39m
[35m[HTTP][39m [37m<-- POST /wd/hub/session/d46c8e30-74b3-4794-91fb-8072c273794b/elements [39m[32m200[39m [90m35 ms - 74[39m
[35m[HTTP][39m [90m[39m
[35m[HTTP][39m [37m-->[39m [37mPOST[39m [37m/wd/hub/session/d46c8e30-74b3-4794-91fb-8072c273794b/elements[39m
[35m[HTTP][39m [90m{"using":"-android uiautomator","value":"new UiSelector().className(\"android.widget.ImageView\").resourceId(\"id.astra.stable.movic:id/mImgSkip\").instance(4)"}[39m
[35m[HTTP][39m [37m<-- POST /wd/hub/session/d46c8e30-74b3-4794-91fb-8072c273794b/elements [39m[32m200[39m [90m40 ms - 74[39m
[35m[HTTP][39m [90m[39m
[35m[HTTP][39m [37m-->[39m [37mPOST[39m [37m/wd/hub/session/d46c8e30-74b3-4794-91fb-8072c273794b/elements[39m
[35m[HTTP][39m [90m{"using":"-android uiautomator","value":"new UiSelector().className(\"android.widget.ImageView\").resourceId(\"id.astra.stable.movic:id/mImgSkip\").instance(4)"}[39m
[35m[HTTP][39m [37m<-- POST /wd/hub/session/d46c8e30-74b3-4794-91fb-8072c273794b/elements [39m[32m200[39m [90m43 ms - 74[39m
[35m[HTTP][39m [90m[39m
[35m[HTTP][39m [37m-->[39m [37mPOST[39m [37m/wd/hub/session/d46c8e30-74b3-4794-91fb-8072c273794b/elements[39m
[35m[HTTP][39m [90m{"using":"-android uiautomator","value":"new UiSelector().className(\"android.widget.ImageView\").resourceId(\"id.astra.stable.movic:id/mImgSkip\").instance(4)"}[39m
[35m[HTTP][39m [37m<-- POST /wd/hub/session/d46c8e30-74b3-4794-91fb-8072c273794b/elements [39m[32m200[39m [90m36 ms - 74[39m
[35m[HTTP][39m [90m[39m
[35m[HTTP][39m [37m-->[39m [37mPOST[39m [37m/wd/hub/session/d46c8e30-74b3-4794-91fb-8072c273794b/elements[39m
[35m[HTTP][39m [90m{"using":"-android uiautomator","value":"new UiSelector().className(\"android.widget.ImageView\").resourceId(\"id.astra.stable.movic:id/mImgSkip\").instance(4)"}[39m
[35m[HTTP][39m [37m<-- POST /wd/hub/session/d46c8e30-74b3-4794-91fb-8072c273794b/elements [39m[32m200[39m [90m39 ms - 74[39m
[35m[HTTP][39m [90m[39m
[35m[HTTP][39m [37m-->[39m [37mPOST[39m [37m/wd/hub/session/d46c8e30-74b3-4794-91fb-8072c273794b/elements[39m
[35m[HTTP][39m [90m{"using":"-android uiautomator","value":"new UiSelector().className(\"android.widget.ImageView\").resourceId(\"id.astra.stable.movic:id/mImgSkip\").instance(4)"}[39m
[35m[HTTP][39m [37m<-- POST /wd/hub/session/d46c8e30-74b3-4794-91fb-8072c273794b/elements [39m[32m200[39m [90m37 ms - 74[39m
[35m[HTTP][39m [90m[39m
[35m[HTTP][39m [37m-->[39m [37mPOST[39m [37m/wd/hub/session/d46c8e30-74b3-4794-91fb-8072c273794b/elements[39m
[35m[HTTP][39m [90m{"using":"-android uiautomator","value":"new UiSelector().className(\"android.widget.ImageView\").resourceId(\"id.astra.stable.movic:id/mImgSkip\").instance(4)"}[39m
[35m[HTTP][39m [37m<-- POST /wd/hub/session/d46c8e30-74b3-4794-91fb-8072c273794b/elements [39m[32m200[39m [90m32 ms - 74[39m
[35m[HTTP][39m [90m[39m
[35m[HTTP][39m [37m-->[39m [37mPOST[39m [37m/wd/hub/session/d46c8e30-74b3-4794-91fb-8072c273794b/elements[39m
[35m[HTTP][39m [90m{"using":"-android uiautomator","value":"new UiSelector().className(\"android.widget.ImageView\").resourceId(\"id.astra.stable.movic:id/mImgSkip\").instance(4)"}[39m
[35m[HTTP][39m [37m<-- POST /wd/hub/session/d46c8e30-74b3-4794-91fb-8072c273794b/elements [39m[32m200[39m [90m367 ms - 74[39m
[35m[HTTP][39m [90m[39m
[35m[HTTP][39m [37m-->[39m [37mPOST[39m [37m/wd/hub/session/d46c8e30-74b3-4794-91fb-8072c273794b/elements[39m
[35m[HTTP][39m [90m{"using":"-android uiautomator","value":"new UiSelector().className(\"android.widget.ImageView\").resourceId(\"id.astra.stable.movic:id/mImgSkip\").instance(4)"}[39m
[35m[HTTP][39m [37m<-- POST /wd/hub/session/d46c8e30-74b3-4794-91fb-8072c273794b/elements [39m[32m200[39m [90m454 ms - 74[39m
[35m[HTTP][39m [90m[39m
[35m[HTTP][39m [37m-->[39m [37mPOST[39m [37m/wd/hub/session/d46c8e30-74b3-4794-91fb-8072c273794b/elements[39m
[35m[HTTP][39m [90m{"using":"-android uiautomator","value":"new UiSelector().className(\"android.widget.ImageView\").resourceId(\"id.astra.stable.movic:id/mImgSkip\").instance(4)"}[39m
[35m[HTTP][39m [37m<-- POST /wd/hub/session/d46c8e30-74b3-4794-91fb-8072c273794b/elements [39m[32m200[39m [90m744 ms - 74[39m
[35m[HTTP][39m [90m[39m
[35m[HTTP][39m [37m-->[39m [37mPOST[39m [37m/wd/hub/session/d46c8e30-74b3-4794-91fb-8072c273794b/elements[39m
[35m[HTTP][39m [90m{"using":"-android uiautomator","value":"new UiSelector().className(\"android.widget.ImageView\").resourceId(\"id.astra.stable.movic:id/mImgSkip\").instance(4)"}[39m
[35m[HTTP][39m [37m<-- POST /wd/hub/session/d46c8e30-74b3-4794-91fb-8072c273794b/elements [39m[32m200[39m [90m1981 ms - 74[39m
[35m[HTTP][39m [90m[39m
[35m[HTTP][39m [37m-->[39m [37mPOST[39m [37m/wd/hub/session/d46c8e30-74b3-4794-91fb-8072c273794b/elements[39m
[35m[HTTP][39m [90m{"using":"-android uiautomator","value":"new UiSelector().className(\"android.widget.ImageView\").resourceId(\"id.astra.stable.movic:id/mImgSkip\").instance(4)"}[39m
[35m[HTTP][39m [37m<-- POST /wd/hub/session/d46c8e30-74b3-4794-91fb-8072c273794b/elements [39m[32m200[39m [90m230 ms - 74[39m
[35m[HTTP][39m [90m[39m
[35m[HTTP][39m [37m-->[39m [37mPOST[39m [37m/wd/hub/session/d46c8e30-74b3-4794-91fb-8072c273794b/elements[39m
[35m[HTTP][39m [90m{"using":"-android uiautomator","value":"new UiSelector().className(\"android.widget.ImageView\").resourceId(\"id.astra.stable.movic:id/mImgSkip\").instance(4)"}[39m
[35m[HTTP][39m [37m<-- POST /wd/hub/session/d46c8e30-74b3-4794-91fb-8072c273794b/elements [39m[32m200[39m [90m129 ms - 74[39m
[35m[HTTP][39m [90m[39m
[35m[HTTP][39m [37m-->[39m [37mPOST[39m [37m/wd/hub/session/d46c8e30-74b3-4794-91fb-8072c273794b/elements[39m
[35m[HTTP][39m [90m{"using":"-android uiautomator","value":"new UiSelector().className(\"android.widget.ImageView\").resourceId(\"id.astra.stable.movic:id/mImgSkip\").instance(4)"}[39m
[35m[HTTP][39m [37m<-- POST /wd/hub/session/d46c8e30-74b3-4794-91fb-8072c273794b/elements [39m[32m200[39m [90m33 ms - 74[39m
[35m[HTTP][39m [90m[39m
[35m[HTTP][39m [37m-->[39m [37mPOST[39m [37m/wd/hub/session/d46c8e30-74b3-4794-91fb-8072c273794b/elements[39m
[35m[HTTP][39m [90m{"using":"-android uiautomator","value":"new UiSelector().className(\"android.widget.ImageView\").resourceId(\"id.astra.stable.movic:id/mImgSkip\").instance(4)"}[39m
[35m[HTTP][39m [37m<-- POST /wd/hub/session/d46c8e30-74b3-4794-91fb-8072c273794b/elements [39m[32m200[39m [90m30 ms - 74[39m
[35m[HTTP][39m [90m[39m
[35m[HTTP][39m [37m-->[39m [37mPOST[39m [37m/wd/hub/session/d46c8e30-74b3-4794-91fb-8072c273794b/elements[39m
[35m[HTTP][39m [90m{"using":"-android uiautomator","value":"new UiSelector().className(\"android.widget.ImageView\").resourceId(\"id.astra.stable.movic:id/mImgSkip\").instance(4)"}[39m
[35m[HTTP][39m [37m<-- POST /wd/hub/session/d46c8e30-74b3-4794-91fb-8072c273794b/elements [39m[32m200[39m [90m35 ms - 74[39m
[35m[HTTP][39m [90m[39m
[35m[HTTP][39m [37m-->[39m [37mPOST[39m [37m/wd/hub/session/d46c8e30-74b3-4794-91fb-8072c273794b/elements[39m
[35m[HTTP][39m [90m{"using":"-android uiautomator","value":"new UiSelector().className(\"android.widget.ImageView\").resourceId(\"id.astra.stable.movic:id/mImgSkip\").instance(4)"}[39m
[35m[HTTP][39m [37m<-- POST /wd/hub/session/d46c8e30-74b3-4794-91fb-8072c273794b/elements [39m[32m200[39m [90m39 ms - 74[39m
[35m[HTTP][39m [90m[39m
[35m[HTTP][39m [37m-->[39m [37mPOST[39m [37m/wd/hub/session/d46c8e30-74b3-4794-91fb-8072c273794b/elements[39m
[35m[HTTP][39m [90m{"using":"-android uiautomator","value":"new UiSelector().className(\"android.widget.ImageView\").resourceId(\"id.astra.stable.movic:id/mImgSkip\").instance(4)"}[39m
[35m[HTTP][39m [37m<-- POST /wd/hub/session/d46c8e30-74b3-4794-91fb-8072c273794b/elements [39m[32m200[39m [90m34 ms - 74[39m
[35m[HTTP][39m [90m[39m
[35m[HTTP][39m [37m-->[39m [37mPOST[39m [37m/wd/hub/session/d46c8e30-74b3-4794-91fb-8072c273794b/elements[39m
[35m[HTTP][39m [90m{"using":"-android uiautomator","value":"new UiSelector().className(\"android.widget.ImageView\").resourceId(\"id.astra.stable.movic:id/mImgSkip\").instance(4)"}[39m
[35m[HTTP][39m [37m<-- POST /wd/hub/session/d46c8e30-74b3-4794-91fb-8072c273794b/elements [39m[32m200[39m [90m39 ms - 74[39m
[35m[HTTP][39m [90m[39m
[35m[HTTP][39m [37m-->[39m [37mPOST[39m [37m/wd/hub/session/d46c8e30-74b3-4794-91fb-8072c273794b/elements[39m
[35m[HTTP][39m [90m{"using":"-android uiautomator","value":"new UiSelector().className(\"android.widget.ImageView\").resourceId(\"id.astra.stable.movic:id/mImgSkip\").instance(4)"}[39m
[35m[HTTP][39m [37m<-- POST /wd/hub/session/d46c8e30-74b3-4794-91fb-8072c273794b/elements [39m[32m200[39m [90m52 ms - 74[39m
[35m[HTTP][39m [90m[39m
[35m[HTTP][39m [37m-->[39m [37mPOST[39m [37m/wd/hub/session/d46c8e30-74b3-4794-91fb-8072c273794b/elements[39m
[35m[HTTP][39m [90m{"using":"-android uiautomator","value":"new UiSelector().className(\"android.widget.ImageView\").resourceId(\"id.astra.stable.movic:id/mImgSkip\").instance(4)"}[39m
[35m[HTTP][39m [37m<-- POST /wd/hub/session/d46c8e30-74b3-4794-91fb-8072c273794b/elements [39m[32m200[39m [90m37 ms - 74[39m
[35m[HTTP][39m [90m[39m
[35m[HTTP][39m [37m-->[39m [37mPOST[39m [37m/wd/hub/session/d46c8e30-74b3-4794-91fb-8072c273794b/elements[39m
[35m[HTTP][39m [90m{"using":"-android uiautomator","value":"new UiSelector().className(\"android.widget.ImageView\").resourceId(\"id.astra.stable.movic:id/mImgSkip\").instance(4)"}[39m
[35m[HTTP][39m [37m<-- POST /wd/hub/session/d46c8e30-74b3-4794-91fb-8072c273794b/elements [39m[32m200[39m [90m41 ms - 74[39m
[35m[HTTP][39m [90m[39m
[35m[HTTP][39m [37m-->[39m [37mPOST[39m [37m/wd/hub/session/d46c8e30-74b3-4794-91fb-8072c273794b/elements[39m
[35m[HTTP][39m [90m{"using":"-android uiautomator","value":"new UiSelector().className(\"android.widget.ImageView\").resourceId(\"id.astra.stable.movic:id/mImgSkip\").instance(4)"}[39m
[35m[HTTP][39m [37m<-- POST /wd/hub/session/d46c8e30-74b3-4794-91fb-8072c273794b/elements [39m[32m200[39m [90m52 ms - 74[39m
[35m[HTTP][39m [90m[39m
[35m[HTTP][39m [37m-->[39m [37mPOST[39m [37m/wd/hub/session/d46c8e30-74b3-4794-91fb-8072c273794b/elements[39m
[35m[HTTP][39m [90m{"using":"-android uiautomator","value":"new UiSelector().className(\"android.widget.ImageView\").resourceId(\"id.astra.stable.movic:id/mImgSkip\").instance(4)"}[39m
[35m[HTTP][39m [37m<-- POST /wd/hub/session/d46c8e30-74b3-4794-91fb-8072c273794b/elements [39m[32m200[39m [90m51 ms - 74[39m
[35m[HTTP][39m [90m[39m
[35m[HTTP][39m [37m-->[39m [37mPOST[39m [37m/wd/hub/session/d46c8e30-74b3-4794-91fb-8072c273794b/elements[39m
[35m[HTTP][39m [90m{"using":"-android uiautomator","value":"new UiSelector().className(\"android.widget.ImageView\").resourceId(\"id.astra.stable.movic:id/mImgSkip\").instance(4)"}[39m
[35m[HTTP][39m [37m<-- POST /wd/hub/session/d46c8e30-74b3-4794-91fb-8072c273794b/elements [39m[32m200[39m [90m36 ms - 74[39m
[35m[HTTP][39m [90m[39m
[35m[HTTP][39m [37m-->[39m [37mPOST[39m [37m/wd/hub/session/d46c8e30-74b3-4794-91fb-8072c273794b/elements[39m
[35m[HTTP][39m [90m{"using":"-android uiautomator","value":"new UiSelector().className(\"android.widget.ImageView\").resourceId(\"id.astra.stable.movic:id/mImgSkip\").instance(4)"}[39m
[35m[HTTP][39m [37m<-- POST /wd/hub/session/d46c8e30-74b3-4794-91fb-8072c273794b/elements [39m[32m200[39m [90m55 ms - 74[39m
[35m[HTTP][39m [90m[39m
[35m[HTTP][39m [37m-->[39m [37mPOST[39m [37m/wd/hub/session/d46c8e30-74b3-4794-91fb-8072c273794b/elements[39m
[35m[HTTP][39m [90m{"using":"-android uiautomator","value":"new UiSelector().className(\"android.widget.ImageView\").resourceId(\"id.astra.stable.movic:id/mImgSkip\").instance(4)"}[39m
[35m[HTTP][39m [37m<-- POST /wd/hub/session/d46c8e30-74b3-4794-91fb-8072c273794b/elements [39m[32m200[39m [90m55 ms - 74[39m
[35m[HTTP][39m [90m[39m
[35m[HTTP][39m [37m-->[39m [37mPOST[39m [37m/wd/hub/session/d46c8e30-74b3-4794-91fb-8072c273794b/elements[39m
[35m[HTTP][39m [90m{"using":"-android uiautomator","value":"new UiSelector().className(\"android.widget.ImageView\").resourceId(\"id.astra.stable.movic:id/mImgSkip\").instance(4)"}[39m
[35m[HTTP][39m [37m<-- POST /wd/hub/session/d46c8e30-74b3-4794-91fb-8072c273794b/elements [39m[32m200[39m [90m59 ms - 74[39m
[35m[HTTP][39m [90m[39m
[35m[HTTP][39m [37m-->[39m [37mPOST[39m [37m/wd/hub/session/d46c8e30-74b3-4794-91fb-8072c273794b/elements[39m
[35m[HTTP][39m [90m{"using":"-android uiautomator","value":"new UiSelector().className(\"android.widget.ImageView\").resourceId(\"id.astra.stable.movic:id/mImgSkip\").instance(4)"}[39m
[35m[HTTP][39m [37m<-- POST /wd/hub/session/d46c8e30-74b3-4794-91fb-8072c273794b/elements [39m[32m200[39m [90m56 ms - 74[39m
[35m[HTTP][39m [90m[39m
[35m[HTTP][39m [37m-->[39m [37mPOST[39m [37m/wd/hub/session/d46c8e30-74b3-4794-91fb-8072c273794b/elements[39m
[35m[HTTP][39m [90m{"using":"-android uiautomator","value":"new UiSelector().className(\"android.widget.ImageView\").resourceId(\"id.astra.stable.movic:id/mImgSkip\").instance(4)"}[39m
[35m[HTTP][39m [37m<-- POST /wd/hub/session/d46c8e30-74b3-4794-91fb-8072c273794b/elements [39m[32m200[39m [90m51 ms - 74[39m
[35m[HTTP][39m [90m[39m
[35m[HTTP][39m [37m-->[39m [37mPOST[39m [37m/wd/hub/session/d46c8e30-74b3-4794-91fb-8072c273794b/elements[39m
[35m[HTTP][39m [90m{"using":"-android uiautomator","value":"new UiSelector().className(\"android.widget.ImageView\").resourceId(\"id.astra.stable.movic:id/mImgSkip\").instance(4)"}[39m
[35m[HTTP][39m [37m<-- POST /wd/hub/session/d46c8e30-74b3-4794-91fb-8072c273794b/elements [39m[32m200[39m [90m34 ms - 74[39m
[35m[HTTP][39m [90m[39m
[35m[HTTP][39m [37m-->[39m [37mPOST[39m [37m/wd/hub/session/d46c8e30-74b3-4794-91fb-8072c273794b/elements[39m
[35m[HTTP][39m [90m{"using":"-android uiautomator","value":"new UiSelector().className(\"android.widget.ImageView\").resourceId(\"id.astra.stable.movic:id/mImgSkip\").instance(4)"}[39m
[35m[HTTP][39m [37m<-- POST /wd/hub/session/d46c8e30-74b3-4794-91fb-8072c273794b/elements [39m[32m200[39m [90m44 ms - 74[39m
[35m[HTTP][39m [90m[39m
[35m[HTTP][39m [37m-->[39m [37mPOST[39m [37m/wd/hub/session/d46c8e30-74b3-4794-91fb-8072c273794b/elements[39m
[35m[HTTP][39m [90m{"using":"-android uiautomator","value":"new UiSelector().className(\"android.widget.ImageView\").resourceId(\"id.astra.stable.movic:id/mImgSkip\").instance(4)"}[39m
[35m[HTTP][39m [37m<-- POST /wd/hub/session/d46c8e30-74b3-4794-91fb-8072c273794b/elements [39m[32m200[39m [90m48 ms - 74[39m
[35m[HTTP][39m [90m[39m
[35m[HTTP][39m [37m-->[39m [37mPOST[39m [37m/wd/hub/session/d46c8e30-74b3-4794-91fb-8072c273794b/elements[39m
[35m[HTTP][39m [90m{"using":"-android uiautomator","value":"new UiSelector().className(\"android.widget.ImageView\").resourceId(\"id.astra.stable.movic:id/mImgSkip\").instance(4)"}[39m
[35m[HTTP][39m [37m<-- POST /wd/hub/session/d46c8e30-74b3-4794-91fb-8072c273794b/elements [39m[32m200[39m [90m85 ms - 74[39m
[35m[HTTP][39m [90m[39m
[35m[HTTP][39m [37m-->[39m [37mPOST[39m [37m/wd/hub/session/d46c8e30-74b3-4794-91fb-8072c273794b/elements[39m
[35m[HTTP][39m [90m{"using":"-android uiautomator","value":"new UiSelector().className(\"android.widget.ImageView\").resourceId(\"id.astra.stable.movic:id/mImgSkip\").instance(4)"}[39m
[35m[HTTP][39m [37m<-- POST /wd/hub/session/d46c8e30-74b3-4794-91fb-8072c273794b/elements [39m[32m200[39m [90m48 ms - 74[39m
[35m[HTTP][39m [90m[39m
[35m[HTTP][39m [37m-->[39m [37mPOST[39m [37m/wd/hub/session/d46c8e30-74b3-4794-91fb-8072c273794b/elements[39m
[35m[HTTP][39m [90m{"using":"-android uiautomator","value":"new UiSelector().className(\"android.widget.ImageView\").resourceId(\"id.astra.stable.movic:id/mImgSkip\").instance(4)"}[39m
[35m[HTTP][39m [37m<-- POST /wd/hub/session/d46c8e30-74b3-4794-91fb-8072c273794b/elements [39m[32m200[39m [90m39 ms - 74[39m
[35m[HTTP][39m [90m[39m
[35m[HTTP][39m [37m-->[39m [37mPOST[39m [37m/wd/hub/session/d46c8e30-74b3-4794-91fb-8072c273794b/elements[39m
[35m[HTTP][39m [90m{"using":"-android uiautomator","value":"new UiSelector().className(\"android.widget.ImageView\").resourceId(\"id.astra.stable.movic:id/mImgSkip\").instance(4)"}[39m
[35m[HTTP][39m [37m<-- POST /wd/hub/session/d46c8e30-74b3-4794-91fb-8072c273794b/elements [39m[32m200[39m [90m47 ms - 74[39m
[35m[HTTP][39m [90m[39m
[35m[HTTP][39m [37m-->[39m [37mPOST[39m [37m/wd/hub/session/d46c8e30-74b3-4794-91fb-8072c273794b/elements[39m
[35m[HTTP][39m [90m{"using":"-android uiautomator","value":"new UiSelector().className(\"android.widget.ImageView\").resourceId(\"id.astra.stable.movic:id/mImgSkip\").instance(4)"}[39m
[35m[HTTP][39m [37m<-- POST /wd/hub/session/d46c8e30-74b3-4794-91fb-8072c273794b/elements [39m[32m200[39m [90m36 ms - 74[39m
[35m[HTTP][39m [90m[39m
[35m[HTTP][39m [37m-->[39m [37mPOST[39m [37m/wd/hub/session/d46c8e30-74b3-4794-91fb-8072c273794b/elements[39m
[35m[HTTP][39m [90m{"using":"-android uiautomator","value":"new UiSelector().className(\"android.widget.ImageView\").resourceId(\"id.astra.stable.movic:id/mImgSkip\").instance(4)"}[39m
[35m[HTTP][39m [37m<-- POST /wd/hub/session/d46c8e30-74b3-4794-91fb-8072c273794b/elements [39m[32m200[39m [90m35 ms - 74[39m
[35m[HTTP][39m [90m[39m
[35m[HTTP][39m [37m-->[39m [37mPOST[39m [37m/wd/hub/session/d46c8e30-74b3-4794-91fb-8072c273794b/elements[39m
[35m[HTTP][39m [90m{"using":"-android uiautomator","value":"new UiSelector().className(\"android.widget.ImageView\").resourceId(\"id.astra.stable.movic:id/mImgSkip\").instance(4)"}[39m
[35m[HTTP][39m [37m<-- POST /wd/hub/session/d46c8e30-74b3-4794-91fb-8072c273794b/elements [39m[32m200[39m [90m40 ms - 74[39m
[35m[HTTP][39m [90m[39m
[35m[HTTP][39m [37m-->[39m [37mPOST[39m [37m/wd/hub/session/d46c8e30-74b3-4794-91fb-8072c273794b/elements[39m
[35m[HTTP][39m [90m{"using":"-android uiautomator","value":"new UiSelector().className(\"android.widget.ImageView\").resourceId(\"id.astra.stable.movic:id/mImgSkip\").instance(4)"}[39m
[35m[HTTP][39m [37m<-- POST /wd/hub/session/d46c8e30-74b3-4794-91fb-8072c273794b/elements [39m[32m200[39m [90m44 ms - 74[39m
[35m[HTTP][39m [90m[39m
[35m[HTTP][39m [37m-->[39m [37mPOST[39m [37m/wd/hub/session/d46c8e30-74b3-4794-91fb-8072c273794b/elements[39m
[35m[HTTP][39m [90m{"using":"-android uiautomator","value":"new UiSelector().className(\"android.widget.ImageView\").resourceId(\"id.astra.stable.movic:id/mImgSkip\").instance(4)"}[39m
[35m[HTTP][39m [37m<-- POST /wd/hub/session/d46c8e30-74b3-4794-91fb-8072c273794b/elements [39m[32m200[39m [90m37 ms - 74[39m
[35m[HTTP][39m [90m[39m
[35m[HTTP][39m [37m-->[39m [37mPOST[39m [37m/wd/hub/session/d46c8e30-74b3-4794-91fb-8072c273794b/elements[39m
[35m[HTTP][39m [90m{"using":"-android uiautomator","value":"new UiSelector().className(\"android.widget.ImageView\").resourceId(\"id.astra.stable.movic:id/mImgSkip\").instance(4)"}[39m
[35m[HTTP][39m [37m<-- POST /wd/hub/session/d46c8e30-74b3-4794-91fb-8072c273794b/elements [39m[32m200[39m [90m39 ms - 74[39m
[35m[HTTP][39m [90m[39m
[35m[HTTP][39m [37m-->[39m [37mPOST[39m [37m/wd/hub/session/d46c8e30-74b3-4794-91fb-8072c273794b/elements[39m
[35m[HTTP][39m [90m{"using":"-android uiautomator","value":"new UiSelector().className(\"android.widget.ImageView\").resourceId(\"id.astra.stable.movic:id/mImgSkip\").instance(4)"}[39m
[35m[HTTP][39m [37m<-- POST /wd/hub/session/d46c8e30-74b3-4794-91fb-8072c273794b/elements [39m[32m200[39m [90m37 ms - 74[39m
[35m[HTTP][39m [90m[39m
[35m[HTTP][39m [37m-->[39m [37mPOST[39m [37m/wd/hub/session/d46c8e30-74b3-4794-91fb-8072c273794b/elements[39m
[35m[HTTP][39m [90m{"using":"-android uiautomator","value":"new UiSelector().className(\"android.widget.ImageView\").resourceId(\"id.astra.stable.movic:id/mImgSkip\").instance(4)"}[39m
[35m[HTTP][39m [37m<-- POST /wd/hub/session/d46c8e30-74b3-4794-91fb-8072c273794b/elements [39m[32m200[39m [90m33 ms - 74[39m
[35m[HTTP][39m [90m[39m
[35m[HTTP][39m [37m-->[39m [37mPOST[39m [37m/wd/hub/session/d46c8e30-74b3-4794-91fb-8072c273794b/elements[39m
[35m[HTTP][39m [90m{"using":"-android uiautomator","value":"new UiSelector().className(\"android.widget.ImageView\").resourceId(\"id.astra.stable.movic:id/mImgSkip\").instance(4)"}[39m
[35m[HTTP][39m [37m<-- POST /wd/hub/session/d46c8e30-74b3-4794-91fb-8072c273794b/elements [39m[32m200[39m [90m50 ms - 74[39m
[35m[HTTP][39m [90m[39m
[35m[HTTP][39m [37m-->[39m [37mPOST[39m [37m/wd/hub/session/d46c8e30-74b3-4794-91fb-8072c273794b/elements[39m
[35m[HTTP][39m [90m{"using":"-android uiautomator","value":"new UiSelector().className(\"android.widget.ImageView\").resourceId(\"id.astra.stable.movic:id/mImgSkip\").instance(4)"}[39m
[35m[HTTP][39m [37m<-- POST /wd/hub/session/d46c8e30-74b3-4794-91fb-8072c273794b/elements [39m[32m200[39m [90m41 ms - 74[39m
[35m[HTTP][39m [90m[39m
[35m[HTTP][39m [37m-->[39m [37mPOST[39m [37m/wd/hub/session/d46c8e30-74b3-4794-91fb-8072c273794b/elements[39m
[35m[HTTP][39m [90m{"using":"-android uiautomator","value":"new UiSelector().className(\"android.widget.ImageView\").resourceId(\"id.astra.stable.movic:id/mImgSkip\").instance(4)"}[39m
[35m[HTTP][39m [37m<-- POST /wd/hub/session/d46c8e30-74b3-4794-91fb-8072c273794b/elements [39m[32m200[39m [90m35 ms - 74[39m
[35m[HTTP][39m [90m[39m
[35m[HTTP][39m [37m-->[39m [37mPOST[39m [37m/wd/hub/session/d46c8e30-74b3-4794-91fb-8072c273794b/elements[39m
[35m[HTTP][39m [90m{"using":"-android uiautomator","value":"new UiSelector().className(\"android.widget.ImageView\").resourceId(\"id.astra.stable.movic:id/mImgSkip\").instance(4)"}[39m
[35m[HTTP][39m [37m<-- POST /wd/hub/session/d46c8e30-74b3-4794-91fb-8072c273794b/elements [39m[32m200[39m [90m32 ms - 74[39m
[35m[HTTP][39m [90m[39m
[35m[HTTP][39m [37m-->[39m [37mPOST[39m [37m/wd/hub/session/d46c8e30-74b3-4794-91fb-8072c273794b/elements[39m
[35m[HTTP][39m [90m{"using":"-android uiautomator","value":"new UiSelector().className(\"android.widget.ImageView\").resourceId(\"id.astra.stable.movic:id/mImgSkip\").instance(4)"}[39m
[35m[HTTP][39m [37m<-- POST /wd/hub/session/d46c8e30-74b3-4794-91fb-8072c273794b/elements [39m[32m200[39m [90m33 ms - 74[39m
[35m[HTTP][39m [90m[39m
[35m[HTTP][39m [37m-->[39m [37mPOST[39m [37m/wd/hub/session/d46c8e30-74b3-4794-91fb-8072c273794b/elements[39m
[35m[HTTP][39m [90m{"using":"-android uiautomator","value":"new UiSelector().className(\"android.widget.ImageView\").resourceId(\"id.astra.stable.movic:id/mImgSkip\").instance(4)"}[39m
[35m[HTTP][39m [37m<-- POST /wd/hub/session/d46c8e30-74b3-4794-91fb-8072c273794b/elements [39m[32m200[39m [90m32 ms - 74[39m
[35m[HTTP][39m [90m[39m
[35m[HTTP][39m [37m-->[39m [37mPOST[39m [37m/wd/hub/session/d46c8e30-74b3-4794-91fb-8072c273794b/elements[39m
[35m[HTTP][39m [90m{"using":"-android uiautomator","value":"new UiSelector().className(\"android.widget.ImageView\").resourceId(\"id.astra.stable.movic:id/mImgSkip\").instance(4)"}[39m
[35m[HTTP][39m [37m<-- POST /wd/hub/session/d46c8e30-74b3-4794-91fb-8072c273794b/elements [39m[32m200[39m [90m30 ms - 74[39m
[35m[HTTP][39m [90m[39m
[35m[HTTP][39m [37m-->[39m [37mPOST[39m [37m/wd/hub/session/d46c8e30-74b3-4794-91fb-8072c273794b/elements[39m
[35m[HTTP][39m [90m{"using":"-android uiautomator","value":"new UiSelector().className(\"android.widget.ImageView\").resourceId(\"id.astra.stable.movic:id/mImgSkip\").instance(4)"}[39m
[35m[HTTP][39m [37m<-- POST /wd/hub/session/d46c8e30-74b3-4794-91fb-8072c273794b/elements [39m[32m200[39m [90m43 ms - 74[39m
[35m[HTTP][39m [90m[39m
[35m[HTTP][39m [37m-->[39m [37mPOST[39m [37m/wd/hub/session/d46c8e30-74b3-4794-91fb-8072c273794b/elements[39m
[35m[HTTP][39m [90m{"using":"-android uiautomator","value":"new UiSelector().className(\"android.widget.ImageView\").resourceId(\"id.astra.stable.movic:id/mImgSkip\").instance(4)"}[39m
[35m[HTTP][39m [37m<-- POST /wd/hub/session/d46c8e30-74b3-4794-91fb-8072c273794b/elements [39m[32m200[39m [90m39 ms - 74[39m
[35m[HTTP][39m [90m[39m
[35m[HTTP][39m [37m-->[39m [37mPOST[39m [37m/wd/hub/session/d46c8e30-74b3-4794-91fb-8072c273794b/elements[39m
[35m[HTTP][39m [90m{"using":"-android uiautomator","value":"new UiSelector().className(\"android.widget.ImageView\").resourceId(\"id.astra.stable.movic:id/mImgSkip\").instance(4)"}[39m
[35m[HTTP][39m [37m<-- POST /wd/hub/session/d46c8e30-74b3-4794-91fb-8072c273794b/elements [39m[32m200[39m [90m46 ms - 74[39m
[35m[HTTP][39m [90m[39m
[35m[HTTP][39m [37m-->[39m [37mPOST[39m [37m/wd/hub/session/d46c8e30-74b3-4794-91fb-8072c273794b/elements[39m
[35m[HTTP][39m [90m{"using":"-android uiautomator","value":"new UiSelector().className(\"android.widget.ImageView\").resourceId(\"id.astra.stable.movic:id/mImgSkip\").instance(4)"}[39m
[35m[HTTP][39m [37m<-- POST /wd/hub/session/d46c8e30-74b3-4794-91fb-8072c273794b/elements [39m[32m200[39m [90m42 ms - 74[39m
[35m[HTTP][39m [90m[39m
[35m[HTTP][39m [37m-->[39m [37mPOST[39m [37m/wd/hub/session/d46c8e30-74b3-4794-91fb-8072c273794b/elements[39m
[35m[HTTP][39m [90m{"using":"-android uiautomator","value":"new UiSelector().className(\"android.widget.ImageView\").resourceId(\"id.astra.stable.movic:id/mImgSkip\").instance(4)"}[39m
[35m[HTTP][39m [37m<-- POST /wd/hub/session/d46c8e30-74b3-4794-91fb-8072c273794b/elements [39m[32m200[39m [90m38 ms - 74[39m
[35m[HTTP][39m [90m[39m
[35m[HTTP][39m [37m-->[39m [37mPOST[39m [37m/wd/hub/session/d46c8e30-74b3-4794-91fb-8072c273794b/elements[39m
[35m[HTTP][39m [90m{"using":"-android uiautomator","value":"new UiSelector().className(\"android.widget.ImageView\").resourceId(\"id.astra.stable.movic:id/mImgSkip\").instance(4)"}[39m
[35m[HTTP][39m [37m<-- POST /wd/hub/session/d46c8e30-74b3-4794-91fb-8072c273794b/elements [39m[32m200[39m [90m33 ms - 74[39m
[35m[HTTP][39m [90m[39m
[35m[HTTP][39m [37m-->[39m [37mPOST[39m [37m/wd/hub/session/d46c8e30-74b3-4794-91fb-8072c273794b/elements[39m
[35m[HTTP][39m [90m{"using":"-android uiautomator","value":"new UiSelector().className(\"android.widget.ImageView\").resourceId(\"id.astra.stable.movic:id/mImgSkip\").instance(4)"}[39m
[35m[HTTP][39m [37m<-- POST /wd/hub/session/d46c8e30-74b3-4794-91fb-8072c273794b/elements [39m[32m200[39m [90m34 ms - 74[39m
[35m[HTTP][39m [90m[39m
[35m[HTTP][39m [37m-->[39m [37mPOST[39m [37m/wd/hub/session/d46c8e30-74b3-4794-91fb-8072c273794b/elements[39m
[35m[HTTP][39m [90m{"using":"-android uiautomator","value":"new UiSelector().className(\"android.widget.ImageView\").resourceId(\"id.astra.stable.movic:id/mImgSkip\").instance(4)"}[39m
[35m[HTTP][39m [37m<-- POST /wd/hub/session/d46c8e30-74b3-4794-91fb-8072c273794b/elements [39m[32m200[39m [90m33 ms - 74[39m
[35m[HTTP][39m [90m[39m
