[35m[Appium][39m Welcome to Appium v1.8.1
[35m[Appium][39m Non-default server args:
[35m[Appium][39m   port: 57757
[35m[Appium][39m   loglevel: info
[35m[Appium][39m   chromeDriverPort: 57758
[35m[Appium][39m   tmpDir: C:\Users\WGS-LA~1\AppData\Local\Temp\\Katalon\Appium\Temp1542613363772
[35m[Appium][39m Appium REST http interface listener started on 0.0.0.0:57757
[35m[HTTP][39m [37m-->[39m [37mGET[39m [37m/wd/hub/status[39m
[35m[HTTP][39m [90m{}[39m
[35m[HTTP][39m [37m<-- GET /wd/hub/status [39m[32m200[39m [90m72 ms - 83[39m
[35m[HTTP][39m [90m[39m
[35m[HTTP][39m [37m-->[39m [37mPOST[39m [37m/wd/hub/session[39m
[35m[HTTP][39m [90m{"desiredCapabilities":{"app":"C:\\Users\\WGS-LAP199\\Downloads\\Movic apk\\Movic_0.9.7_2018-10-14-stable-debug.apk","autoGrantPermissions":true,"automationName":"uiautomator2","deviceId":"54e797627cf5","deviceName":"Xiaomi Redmi 5 (Android 7.1.2)","fullReset":false,"newCommandTimeout":1800,"noReset":true,"platform":"ANDROID","platformName":"Android","udid":"54e797627cf5"},"capabilities":{"desiredCapabilities":{"app":"C:\\Users\\WGS-LAP199\\Downloads\\Movic apk\\Movic_0.9.7_2018-10-14-stable-debug.apk","autoGrantPermissions":true,"automationName":"uiautomator2","deviceId":"54e797627cf5","deviceName":"Xiaomi Redmi 5 (Android 7.1.2)","fullReset":false,"newCommandTimeout":1800,"noReset":true,"platform":"ANDROID","platformName":"Android","udid":"54e797627cf5"},"firstMatch":[{"platformName":"android"}]}}[39m
[35m[Appium][39m Could not parse W3C capabilities: 'deviceName' can't be blank. Falling back to JSONWP protocol.
[35m[Appium][39m The following capabilities were provided in the JSONWP desired capabilities that are missing in W3C capabilities: ["app","autoGrantPermissions","automationName","deviceId","deviceName","fullReset","newCommandTimeout","noReset","platform","platformName","udid"]. Falling back to JSONWP protocol.
[35m[Appium][39m Creating new AndroidUiautomator2Driver (v1.12.0) session
[35m[Appium][39m Capabilities:
[35m[Appium][39m   app: C:\Users\WGS-LAP199\Downloads\Movic apk\Movic_0.9.7_2018-10-14-stable-debug.apk
[35m[Appium][39m   autoGrantPermissions: true
[35m[Appium][39m   automationName: uiautomator2
[35m[Appium][39m   deviceId: 54e797627cf5
[35m[Appium][39m   deviceName: Xiaomi Redmi 5 (Android 7.1.2)
[35m[Appium][39m   fullReset: false
[35m[Appium][39m   newCommandTimeout: 1800
[35m[Appium][39m   noReset: true
[35m[Appium][39m   platform: ANDROID
[35m[Appium][39m   platformName: Android
[35m[Appium][39m   udid: 54e797627cf5
[35m[BaseDriver][39m The following capabilities were provided, but are not recognized by appium: deviceId, platform.
[35m[BaseDriver][39m Session created with session id: 5876f1a5-0178-4df1-941e-daefe879b863
[35m[BaseDriver][39m Using local app 'C:\Users\WGS-LAP199\Downloads\Movic apk\Movic_0.9.7_2018-10-14-stable-debug.apk'
[35m[AndroidDriver][39m Java version is: 1.8.0_181
[35m[ADB][39m Checking whether adb is present
[35m[ADB][39m Found 1 'build-tools' folders under 'C:\Users\WGS-LAP199\.katalon\tools\android_sdk' (newest first):
[35m[ADB][39m     C:/Users/WGS-LAP199/.katalon/tools/android_sdk/build-tools/28.0.1
[35m[ADB][39m Using adb.exe from C:\Users\WGS-LAP199\.katalon\tools\android_sdk\platform-tools\adb.exe
[35m[AndroidDriver][39m Retrieving device list
[35m[AndroidDriver][39m Using device: 54e797627cf5
[35m[ADB][39m Using the alternative activity name detection method because of: Could not find apkanalyzer.bat in C:\Users\WGS-LAP199\.katalon\tools\android_sdk\platform-tools\apkanalyzer.bat,C:\Users\WGS-LAP199\.katalon\tools\android_sdk\emulator\apkanalyzer.bat,C:\Users\WGS-LAP199\.katalon\tools\android_sdk\tools\apkanalyzer.bat,C:\Users\WGS-LAP199\.katalon\tools\android_sdk\tools\bin\apkanalyzer.bat,C:\Users\WGS-LAP199\.katalon\tools\android_sdk\build-tools\28.0.1\apkanalyzer.bat. Do you have the Android SDK installed at 'C:\Users\WGS-LAP199\.katalon\tools\android_sdk'?
[35m[ADB][39m Checking whether aapt is present
[35m[ADB][39m Using aapt.exe from C:\Users\WGS-LAP199\.katalon\tools\android_sdk\build-tools\28.0.1\aapt.exe
[35m[ADB][39m Extracting package and launch activity from manifest
[35m[ADB][39m Package name: 'id.astra.stable.movic'
[35m[ADB][39m Main activity name: 'id.astra.adp.movic.modules.main.SplashScreenActivity'
[35m[ADB][39m Getting device platform version
[35m[ADB][39m Using apksigner.bat from C:\Users\WGS-LAP199\.katalon\tools\android_sdk\build-tools\28.0.1\apksigner.bat
[35m[ADB][39m Checking whether zipalign is present
[35m[ADB][39m Using zipalign.exe from C:\Users\WGS-LAP199\.katalon\tools\android_sdk\build-tools\28.0.1\zipalign.exe
[35m[ADB][39m io.appium.uiautomator2.server was successfully uninstalled
[35m[ADB][39m io.appium.uiautomator2.server.test was successfully uninstalled
[35m[AndroidDriver][39m setDeviceLanguageCountry requires language or country.
[35m[AndroidDriver][39m Got language: 'null' and country: 'null'
[35m[ADB][39m Successfully extracted 1263 strings from 'C:\Users\WGS-LAP199\Downloads\Movic apk\Movic_0.9.7_2018-10-14-stable-debug.apk' resources for '(default)' configuration
[35m[UiAutomator2][39m Starting uiautomator2 server 1.12.0
[35m[UiAutomator2][39m Using UIAutomator2 server from 'C:\Users\WGS-LAP199\AppData\Roaming\npm\node_modules\appium\node_modules\appium-uiautomator2-server\apks\appium-uiautomator2-server-v1.12.0.apk' and test from 'C:\Users\WGS-LAP199\AppData\Roaming\npm\node_modules\appium\node_modules\appium-uiautomator2-server\apks\appium-uiautomator2-server-debug-androidTest.apk'
[35m[UiAutomator2][39m Running command: 'adb -s 54e797627cf5 shell am instrument -w io.appium.uiautomator2.server.test/android.support.test.runner.AndroidJUnitRunner'
[35m[UiAutomator2][39m Waiting up to 20000ms for UiAutomator2 to be online...
[35m[AndroidDriver][39m Screen already unlocked, doing nothing
[35m[UiAutomator2][39m UiAutomator2 did not start the activity we were waiting for, 'id.astra.stable.movic/id.astra.adp.movic.modules.main.SplashScreenActivity'. Starting it ourselves
[35m[Appium][39m New AndroidUiautomator2Driver session created successfully, session 5876f1a5-0178-4df1-941e-daefe879b863 added to master session list
[35m[HTTP][39m [37m<-- POST /wd/hub/session [39m[32m200[39m [90m39651 ms - 1260[39m
[35m[HTTP][39m [90m[39m
[35m[HTTP][39m [37m-->[39m [37mGET[39m [37m/wd/hub/status[39m
[35m[HTTP][39m [90m{}[39m
[35m[HTTP][39m [37m<-- GET /wd/hub/status [39m[32m200[39m [90m67 ms - 55[39m
[35m[HTTP][39m [90m[39m
[35m[HTTP][39m [37m-->[39m [37mPOST[39m [37m/wd/hub/session/5876f1a5-0178-4df1-941e-daefe879b863/timeouts[39m
[35m[HTTP][39m [90m{"type":"implicit","ms":30000}[39m
[35m[HTTP][39m [37m<-- POST /wd/hub/session/5876f1a5-0178-4df1-941e-daefe879b863/timeouts [39m[33m400[39m [90m24 ms - 5468[39m
[35m[HTTP][39m [90m[39m
[35m[HTTP][39m [37m-->[39m [37mGET[39m [37m/wd/hub/session/5876f1a5-0178-4df1-941e-daefe879b863/window/current/size[39m
[35m[HTTP][39m [90m{}[39m
[35m[W3C][39m Driver proxy active, passing request on via HTTP proxy
[35m[JSONWP Proxy][39m Replacing sessionId 1e90c454-a7c2-44b1-887c-4fda7b52c3c7 with 5876f1a5-0178-4df1-941e-daefe879b863
[35m[HTTP][39m [37m<-- GET /wd/hub/session/5876f1a5-0178-4df1-941e-daefe879b863/window/current/size [39m[32m200[39m [90m37 ms - 99[39m
[35m[HTTP][39m [90m[39m
[35m[HTTP][39m [37m-->[39m [37mPOST[39m [37m/wd/hub/session/5876f1a5-0178-4df1-941e-daefe879b863/elements[39m
[35m[HTTP][39m [90m{"using":"-android uiautomator","value":"new UiSelector().className(\"android.widget.ImageView\").resourceId(\"id.astra.stable.movic:id/mImgSkip\").instance(4)"}[39m
[35m[HTTP][39m [37m<-- POST /wd/hub/session/5876f1a5-0178-4df1-941e-daefe879b863/elements [39m[32m200[39m [90m43 ms - 74[39m
[35m[HTTP][39m [90m[39m
[35m[HTTP][39m [37m-->[39m [37mPOST[39m [37m/wd/hub/session/5876f1a5-0178-4df1-941e-daefe879b863/elements[39m
[35m[HTTP][39m [90m{"using":"-android uiautomator","value":"new UiSelector().className(\"android.widget.ImageView\").resourceId(\"id.astra.stable.movic:id/mImgSkip\").instance(4)"}[39m
[35m[HTTP][39m [37m<-- POST /wd/hub/session/5876f1a5-0178-4df1-941e-daefe879b863/elements [39m[32m200[39m [90m32 ms - 74[39m
[35m[HTTP][39m [90m[39m
[35m[HTTP][39m [37m-->[39m [37mPOST[39m [37m/wd/hub/session/5876f1a5-0178-4df1-941e-daefe879b863/elements[39m
[35m[HTTP][39m [90m{"using":"-android uiautomator","value":"new UiSelector().className(\"android.widget.ImageView\").resourceId(\"id.astra.stable.movic:id/mImgSkip\").instance(4)"}[39m
[35m[HTTP][39m [37m<-- POST /wd/hub/session/5876f1a5-0178-4df1-941e-daefe879b863/elements [39m[32m200[39m [90m31 ms - 74[39m
[35m[HTTP][39m [90m[39m
[35m[HTTP][39m [37m-->[39m [37mPOST[39m [37m/wd/hub/session/5876f1a5-0178-4df1-941e-daefe879b863/elements[39m
[35m[HTTP][39m [90m{"using":"-android uiautomator","value":"new UiSelector().className(\"android.widget.ImageView\").resourceId(\"id.astra.stable.movic:id/mImgSkip\").instance(4)"}[39m
[35m[HTTP][39m [37m<-- POST /wd/hub/session/5876f1a5-0178-4df1-941e-daefe879b863/elements [39m[32m200[39m [90m33 ms - 74[39m
[35m[HTTP][39m [90m[39m
[35m[HTTP][39m [37m-->[39m [37mPOST[39m [37m/wd/hub/session/5876f1a5-0178-4df1-941e-daefe879b863/elements[39m
[35m[HTTP][39m [90m{"using":"-android uiautomator","value":"new UiSelector().className(\"android.widget.ImageView\").resourceId(\"id.astra.stable.movic:id/mImgSkip\").instance(4)"}[39m
[35m[HTTP][39m [37m<-- POST /wd/hub/session/5876f1a5-0178-4df1-941e-daefe879b863/elements [39m[32m200[39m [90m30 ms - 74[39m
[35m[HTTP][39m [90m[39m
[35m[HTTP][39m [37m-->[39m [37mPOST[39m [37m/wd/hub/session/5876f1a5-0178-4df1-941e-daefe879b863/elements[39m
[35m[HTTP][39m [90m{"using":"-android uiautomator","value":"new UiSelector().className(\"android.widget.ImageView\").resourceId(\"id.astra.stable.movic:id/mImgSkip\").instance(4)"}[39m
[35m[HTTP][39m [37m<-- POST /wd/hub/session/5876f1a5-0178-4df1-941e-daefe879b863/elements [39m[32m200[39m [90m29 ms - 74[39m
[35m[HTTP][39m [90m[39m
[35m[HTTP][39m [37m-->[39m [37mPOST[39m [37m/wd/hub/session/5876f1a5-0178-4df1-941e-daefe879b863/elements[39m
[35m[HTTP][39m [90m{"using":"-android uiautomator","value":"new UiSelector().className(\"android.widget.ImageView\").resourceId(\"id.astra.stable.movic:id/mImgSkip\").instance(4)"}[39m
[35m[HTTP][39m [37m<-- POST /wd/hub/session/5876f1a5-0178-4df1-941e-daefe879b863/elements [39m[32m200[39m [90m37 ms - 74[39m
[35m[HTTP][39m [90m[39m
[35m[HTTP][39m [37m-->[39m [37mPOST[39m [37m/wd/hub/session/5876f1a5-0178-4df1-941e-daefe879b863/elements[39m
[35m[HTTP][39m [90m{"using":"-android uiautomator","value":"new UiSelector().className(\"android.widget.ImageView\").resourceId(\"id.astra.stable.movic:id/mImgSkip\").instance(4)"}[39m
[35m[HTTP][39m [37m<-- POST /wd/hub/session/5876f1a5-0178-4df1-941e-daefe879b863/elements [39m[32m200[39m [90m38 ms - 74[39m
[35m[HTTP][39m [90m[39m
[35m[HTTP][39m [37m-->[39m [37mPOST[39m [37m/wd/hub/session/5876f1a5-0178-4df1-941e-daefe879b863/elements[39m
[35m[HTTP][39m [90m{"using":"-android uiautomator","value":"new UiSelector().className(\"android.widget.ImageView\").resourceId(\"id.astra.stable.movic:id/mImgSkip\").instance(4)"}[39m
[35m[HTTP][39m [37m<-- POST /wd/hub/session/5876f1a5-0178-4df1-941e-daefe879b863/elements [39m[32m200[39m [90m30 ms - 74[39m
[35m[HTTP][39m [90m[39m
[35m[HTTP][39m [37m-->[39m [37mPOST[39m [37m/wd/hub/session/5876f1a5-0178-4df1-941e-daefe879b863/elements[39m
[35m[HTTP][39m [90m{"using":"-android uiautomator","value":"new UiSelector().className(\"android.widget.ImageView\").resourceId(\"id.astra.stable.movic:id/mImgSkip\").instance(4)"}[39m
[35m[HTTP][39m [37m<-- POST /wd/hub/session/5876f1a5-0178-4df1-941e-daefe879b863/elements [39m[32m200[39m [90m33 ms - 74[39m
[35m[HTTP][39m [90m[39m
[35m[HTTP][39m [37m-->[39m [37mPOST[39m [37m/wd/hub/session/5876f1a5-0178-4df1-941e-daefe879b863/elements[39m
[35m[HTTP][39m [90m{"using":"-android uiautomator","value":"new UiSelector().className(\"android.widget.ImageView\").resourceId(\"id.astra.stable.movic:id/mImgSkip\").instance(4)"}[39m
[35m[HTTP][39m [37m<-- POST /wd/hub/session/5876f1a5-0178-4df1-941e-daefe879b863/elements [39m[32m200[39m [90m30 ms - 74[39m
[35m[HTTP][39m [90m[39m
[35m[HTTP][39m [37m-->[39m [37mPOST[39m [37m/wd/hub/session/5876f1a5-0178-4df1-941e-daefe879b863/elements[39m
[35m[HTTP][39m [90m{"using":"-android uiautomator","value":"new UiSelector().className(\"android.widget.ImageView\").resourceId(\"id.astra.stable.movic:id/mImgSkip\").instance(4)"}[39m
[35m[HTTP][39m [37m<-- POST /wd/hub/session/5876f1a5-0178-4df1-941e-daefe879b863/elements [39m[32m200[39m [90m35 ms - 74[39m
[35m[HTTP][39m [90m[39m
[35m[HTTP][39m [37m-->[39m [37mPOST[39m [37m/wd/hub/session/5876f1a5-0178-4df1-941e-daefe879b863/elements[39m
[35m[HTTP][39m [90m{"using":"-android uiautomator","value":"new UiSelector().className(\"android.widget.ImageView\").resourceId(\"id.astra.stable.movic:id/mImgSkip\").instance(4)"}[39m
[35m[HTTP][39m [37m<-- POST /wd/hub/session/5876f1a5-0178-4df1-941e-daefe879b863/elements [39m[32m200[39m [90m37 ms - 74[39m
[35m[HTTP][39m [90m[39m
[35m[HTTP][39m [37m-->[39m [37mPOST[39m [37m/wd/hub/session/5876f1a5-0178-4df1-941e-daefe879b863/elements[39m
[35m[HTTP][39m [90m{"using":"-android uiautomator","value":"new UiSelector().className(\"android.widget.ImageView\").resourceId(\"id.astra.stable.movic:id/mImgSkip\").instance(4)"}[39m
[35m[HTTP][39m [37m<-- POST /wd/hub/session/5876f1a5-0178-4df1-941e-daefe879b863/elements [39m[32m200[39m [90m31 ms - 74[39m
[35m[HTTP][39m [90m[39m
[35m[HTTP][39m [37m-->[39m [37mPOST[39m [37m/wd/hub/session/5876f1a5-0178-4df1-941e-daefe879b863/elements[39m
[35m[HTTP][39m [90m{"using":"-android uiautomator","value":"new UiSelector().className(\"android.widget.ImageView\").resourceId(\"id.astra.stable.movic:id/mImgSkip\").instance(4)"}[39m
[35m[HTTP][39m [37m<-- POST /wd/hub/session/5876f1a5-0178-4df1-941e-daefe879b863/elements [39m[32m200[39m [90m25 ms - 74[39m
[35m[HTTP][39m [90m[39m
[35m[HTTP][39m [37m-->[39m [37mPOST[39m [37m/wd/hub/session/5876f1a5-0178-4df1-941e-daefe879b863/elements[39m
[35m[HTTP][39m [90m{"using":"-android uiautomator","value":"new UiSelector().className(\"android.widget.ImageView\").resourceId(\"id.astra.stable.movic:id/mImgSkip\").instance(4)"}[39m
[35m[HTTP][39m [37m<-- POST /wd/hub/session/5876f1a5-0178-4df1-941e-daefe879b863/elements [39m[32m200[39m [90m34 ms - 74[39m
[35m[HTTP][39m [90m[39m
[35m[HTTP][39m [37m-->[39m [37mPOST[39m [37m/wd/hub/session/5876f1a5-0178-4df1-941e-daefe879b863/elements[39m
[35m[HTTP][39m [90m{"using":"-android uiautomator","value":"new UiSelector().className(\"android.widget.ImageView\").resourceId(\"id.astra.stable.movic:id/mImgSkip\").instance(4)"}[39m
[35m[HTTP][39m [37m<-- POST /wd/hub/session/5876f1a5-0178-4df1-941e-daefe879b863/elements [39m[32m200[39m [90m37 ms - 74[39m
[35m[HTTP][39m [90m[39m
[35m[HTTP][39m [37m-->[39m [37mPOST[39m [37m/wd/hub/session/5876f1a5-0178-4df1-941e-daefe879b863/elements[39m
[35m[HTTP][39m [90m{"using":"-android uiautomator","value":"new UiSelector().className(\"android.widget.ImageView\").resourceId(\"id.astra.stable.movic:id/mImgSkip\").instance(4)"}[39m
[35m[HTTP][39m [37m<-- POST /wd/hub/session/5876f1a5-0178-4df1-941e-daefe879b863/elements [39m[32m200[39m [90m38 ms - 74[39m
[35m[HTTP][39m [90m[39m
[35m[HTTP][39m [37m-->[39m [37mPOST[39m [37m/wd/hub/session/5876f1a5-0178-4df1-941e-daefe879b863/elements[39m
[35m[HTTP][39m [90m{"using":"-android uiautomator","value":"new UiSelector().className(\"android.widget.ImageView\").resourceId(\"id.astra.stable.movic:id/mImgSkip\").instance(4)"}[39m
[35m[HTTP][39m [37m<-- POST /wd/hub/session/5876f1a5-0178-4df1-941e-daefe879b863/elements [39m[32m200[39m [90m28 ms - 74[39m
[35m[HTTP][39m [90m[39m
[35m[HTTP][39m [37m-->[39m [37mPOST[39m [37m/wd/hub/session/5876f1a5-0178-4df1-941e-daefe879b863/elements[39m
[35m[HTTP][39m [90m{"using":"-android uiautomator","value":"new UiSelector().className(\"android.widget.ImageView\").resourceId(\"id.astra.stable.movic:id/mImgSkip\").instance(4)"}[39m
[35m[HTTP][39m [37m<-- POST /wd/hub/session/5876f1a5-0178-4df1-941e-daefe879b863/elements [39m[32m200[39m [90m29 ms - 74[39m
[35m[HTTP][39m [90m[39m
[35m[HTTP][39m [37m-->[39m [37mPOST[39m [37m/wd/hub/session/5876f1a5-0178-4df1-941e-daefe879b863/elements[39m
[35m[HTTP][39m [90m{"using":"-android uiautomator","value":"new UiSelector().className(\"android.widget.ImageView\").resourceId(\"id.astra.stable.movic:id/mImgSkip\").instance(4)"}[39m
[35m[HTTP][39m [37m<-- POST /wd/hub/session/5876f1a5-0178-4df1-941e-daefe879b863/elements [39m[32m200[39m [90m35 ms - 74[39m
[35m[HTTP][39m [90m[39m
[35m[HTTP][39m [37m-->[39m [37mPOST[39m [37m/wd/hub/session/5876f1a5-0178-4df1-941e-daefe879b863/elements[39m
[35m[HTTP][39m [90m{"using":"-android uiautomator","value":"new UiSelector().className(\"android.widget.ImageView\").resourceId(\"id.astra.stable.movic:id/mImgSkip\").instance(4)"}[39m
[35m[HTTP][39m [37m<-- POST /wd/hub/session/5876f1a5-0178-4df1-941e-daefe879b863/elements [39m[32m200[39m [90m32 ms - 74[39m
[35m[HTTP][39m [90m[39m
[35m[HTTP][39m [37m-->[39m [37mPOST[39m [37m/wd/hub/session/5876f1a5-0178-4df1-941e-daefe879b863/elements[39m
[35m[HTTP][39m [90m{"using":"-android uiautomator","value":"new UiSelector().className(\"android.widget.ImageView\").resourceId(\"id.astra.stable.movic:id/mImgSkip\").instance(4)"}[39m
[35m[HTTP][39m [37m<-- POST /wd/hub/session/5876f1a5-0178-4df1-941e-daefe879b863/elements [39m[32m200[39m [90m32 ms - 74[39m
[35m[HTTP][39m [90m[39m
[35m[HTTP][39m [37m-->[39m [37mPOST[39m [37m/wd/hub/session/5876f1a5-0178-4df1-941e-daefe879b863/elements[39m
[35m[HTTP][39m [90m{"using":"-android uiautomator","value":"new UiSelector().className(\"android.widget.ImageView\").resourceId(\"id.astra.stable.movic:id/mImgSkip\").instance(4)"}[39m
[35m[HTTP][39m [37m<-- POST /wd/hub/session/5876f1a5-0178-4df1-941e-daefe879b863/elements [39m[32m200[39m [90m52 ms - 74[39m
[35m[HTTP][39m [90m[39m
[35m[HTTP][39m [37m-->[39m [37mPOST[39m [37m/wd/hub/session/5876f1a5-0178-4df1-941e-daefe879b863/elements[39m
[35m[HTTP][39m [90m{"using":"-android uiautomator","value":"new UiSelector().className(\"android.widget.ImageView\").resourceId(\"id.astra.stable.movic:id/mImgSkip\").instance(4)"}[39m
[35m[HTTP][39m [37m<-- POST /wd/hub/session/5876f1a5-0178-4df1-941e-daefe879b863/elements [39m[32m200[39m [90m44 ms - 74[39m
[35m[HTTP][39m [90m[39m
[35m[HTTP][39m [37m-->[39m [37mPOST[39m [37m/wd/hub/session/5876f1a5-0178-4df1-941e-daefe879b863/elements[39m
[35m[HTTP][39m [90m{"using":"-android uiautomator","value":"new UiSelector().className(\"android.widget.ImageView\").resourceId(\"id.astra.stable.movic:id/mImgSkip\").instance(4)"}[39m
[35m[HTTP][39m [37m<-- POST /wd/hub/session/5876f1a5-0178-4df1-941e-daefe879b863/elements [39m[32m200[39m [90m29 ms - 74[39m
[35m[HTTP][39m [90m[39m
[35m[HTTP][39m [37m-->[39m [37mPOST[39m [37m/wd/hub/session/5876f1a5-0178-4df1-941e-daefe879b863/elements[39m
[35m[HTTP][39m [90m{"using":"-android uiautomator","value":"new UiSelector().className(\"android.widget.ImageView\").resourceId(\"id.astra.stable.movic:id/mImgSkip\").instance(4)"}[39m
[35m[HTTP][39m [37m<-- POST /wd/hub/session/5876f1a5-0178-4df1-941e-daefe879b863/elements [39m[32m200[39m [90m30 ms - 74[39m
[35m[HTTP][39m [90m[39m
[35m[HTTP][39m [37m-->[39m [37mPOST[39m [37m/wd/hub/session/5876f1a5-0178-4df1-941e-daefe879b863/elements[39m
[35m[HTTP][39m [90m{"using":"-android uiautomator","value":"new UiSelector().className(\"android.widget.ImageView\").resourceId(\"id.astra.stable.movic:id/mImgSkip\").instance(4)"}[39m
[35m[HTTP][39m [37m<-- POST /wd/hub/session/5876f1a5-0178-4df1-941e-daefe879b863/elements [39m[32m200[39m [90m27 ms - 74[39m
[35m[HTTP][39m [90m[39m
[35m[HTTP][39m [37m-->[39m [37mPOST[39m [37m/wd/hub/session/5876f1a5-0178-4df1-941e-daefe879b863/elements[39m
[35m[HTTP][39m [90m{"using":"-android uiautomator","value":"new UiSelector().className(\"android.widget.ImageView\").resourceId(\"id.astra.stable.movic:id/mImgSkip\").instance(4)"}[39m
[35m[HTTP][39m [37m<-- POST /wd/hub/session/5876f1a5-0178-4df1-941e-daefe879b863/elements [39m[32m200[39m [90m29 ms - 74[39m
[35m[HTTP][39m [90m[39m
[35m[HTTP][39m [37m-->[39m [37mPOST[39m [37m/wd/hub/session/5876f1a5-0178-4df1-941e-daefe879b863/elements[39m
[35m[HTTP][39m [90m{"using":"-android uiautomator","value":"new UiSelector().className(\"android.widget.ImageView\").resourceId(\"id.astra.stable.movic:id/mImgSkip\").instance(4)"}[39m
[35m[HTTP][39m [37m<-- POST /wd/hub/session/5876f1a5-0178-4df1-941e-daefe879b863/elements [39m[32m200[39m [90m362 ms - 74[39m
[35m[HTTP][39m [90m[39m
[35m[HTTP][39m [37m-->[39m [37mPOST[39m [37m/wd/hub/session/5876f1a5-0178-4df1-941e-daefe879b863/elements[39m
[35m[HTTP][39m [90m{"using":"-android uiautomator","value":"new UiSelector().className(\"android.widget.ImageView\").resourceId(\"id.astra.stable.movic:id/mImgSkip\").instance(4)"}[39m
[35m[HTTP][39m [37m<-- POST /wd/hub/session/5876f1a5-0178-4df1-941e-daefe879b863/elements [39m[32m200[39m [90m161 ms - 74[39m
[35m[HTTP][39m [90m[39m
[35m[HTTP][39m [37m-->[39m [37mPOST[39m [37m/wd/hub/session/5876f1a5-0178-4df1-941e-daefe879b863/elements[39m
[35m[HTTP][39m [90m{"using":"-android uiautomator","value":"new UiSelector().className(\"android.widget.ImageView\").resourceId(\"id.astra.stable.movic:id/mImgSkip\").instance(4)"}[39m
[35m[HTTP][39m [37m<-- POST /wd/hub/session/5876f1a5-0178-4df1-941e-daefe879b863/elements [39m[32m200[39m [90m855 ms - 124[39m
[35m[HTTP][39m [90m[39m
[35m[HTTP][39m [37m-->[39m [37mGET[39m [37m/wd/hub/session/5876f1a5-0178-4df1-941e-daefe879b863[39m
[35m[HTTP][39m [90m{}[39m
[35m[HTTP][39m [37m<-- GET /wd/hub/session/5876f1a5-0178-4df1-941e-daefe879b863 [39m[32m200[39m [90m16 ms - 1260[39m
[35m[HTTP][39m [90m[39m
[35m[HTTP][39m [37m-->[39m [37mGET[39m [37m/wd/hub/session/5876f1a5-0178-4df1-941e-daefe879b863[39m
[35m[HTTP][39m [90m{}[39m
[35m[HTTP][39m [37m<-- GET /wd/hub/session/5876f1a5-0178-4df1-941e-daefe879b863 [39m[32m200[39m [90m23 ms - 1260[39m
[35m[HTTP][39m [90m[39m
[35m[HTTP][39m [37m-->[39m [37mGET[39m [37m/wd/hub/session/5876f1a5-0178-4df1-941e-daefe879b863[39m
[35m[HTTP][39m [90m{}[39m
[35m[HTTP][39m [37m<-- GET /wd/hub/session/5876f1a5-0178-4df1-941e-daefe879b863 [39m[32m200[39m [90m22 ms - 1260[39m
[35m[HTTP][39m [90m[39m
[35m[HTTP][39m [37m-->[39m [37mGET[39m [37m/wd/hub/session/5876f1a5-0178-4df1-941e-daefe879b863[39m
[35m[HTTP][39m [90m{}[39m
[35m[HTTP][39m [37m<-- GET /wd/hub/session/5876f1a5-0178-4df1-941e-daefe879b863 [39m[32m200[39m [90m24 ms - 1260[39m
[35m[HTTP][39m [90m[39m
[35m[HTTP][39m [37m-->[39m [37mGET[39m [37m/wd/hub/session/5876f1a5-0178-4df1-941e-daefe879b863/element/af590788-3374-4e56-bfb2-f1737a6206aa/location[39m
[35m[HTTP][39m [90m{}[39m
[35m[W3C][39m Driver proxy active, passing request on via HTTP proxy
[35m[JSONWP Proxy][39m Replacing sessionId 1e90c454-a7c2-44b1-887c-4fda7b52c3c7 with 5876f1a5-0178-4df1-941e-daefe879b863
[35m[HTTP][39m [37m<-- GET /wd/hub/session/5876f1a5-0178-4df1-941e-daefe879b863/element/af590788-3374-4e56-bfb2-f1737a6206aa/location [39m[32m200[39m [90m50 ms - 90[39m
[35m[HTTP][39m [90m[39m
[35m[HTTP][39m [37m-->[39m [37mPOST[39m [37m/wd/hub/session/5876f1a5-0178-4df1-941e-daefe879b863/touch/perform[39m
[35m[HTTP][39m [90m{"actions":[{"action":"tap","options":{"element":"af590788-3374-4e56-bfb2-f1737a6206aa","x":1,"y":1}}]}[39m
[35m[UiAutomator2][39m calling get location: af590788-3374-4e56-bfb2-f1737a6206aa
[35m[HTTP][39m [37m<-- POST /wd/hub/session/5876f1a5-0178-4df1-941e-daefe879b863/touch/perform [39m[32m200[39m [90m1258 ms - 76[39m
[35m[HTTP][39m [90m[39m
[35m[HTTP][39m [37m-->[39m [37mGET[39m [37m/wd/hub/session/5876f1a5-0178-4df1-941e-daefe879b863/window/current/size[39m
[35m[HTTP][39m [90m{}[39m
[35m[W3C][39m Driver proxy active, passing request on via HTTP proxy
[35m[JSONWP Proxy][39m Replacing sessionId 1e90c454-a7c2-44b1-887c-4fda7b52c3c7 with 5876f1a5-0178-4df1-941e-daefe879b863
[35m[HTTP][39m [37m<-- GET /wd/hub/session/5876f1a5-0178-4df1-941e-daefe879b863/window/current/size [39m[32m200[39m [90m33 ms - 99[39m
[35m[HTTP][39m [90m[39m
[35m[HTTP][39m [37m-->[39m [37mPOST[39m [37m/wd/hub/session/5876f1a5-0178-4df1-941e-daefe879b863/elements[39m
[35m[HTTP][39m [90m{"using":"-android uiautomator","value":"new UiSelector().className(\"android.widget.ImageView\").resourceId(\"id.astra.stable.movic:id/ivNext\").instance(1)"}[39m
[35m[HTTP][39m [37m<-- POST /wd/hub/session/5876f1a5-0178-4df1-941e-daefe879b863/elements [39m[32m200[39m [90m99 ms - 124[39m
[35m[HTTP][39m [90m[39m
[35m[HTTP][39m [37m-->[39m [37mGET[39m [37m/wd/hub/session/5876f1a5-0178-4df1-941e-daefe879b863[39m
[35m[HTTP][39m [90m{}[39m
[35m[HTTP][39m [37m<-- GET /wd/hub/session/5876f1a5-0178-4df1-941e-daefe879b863 [39m[32m200[39m [90m23 ms - 1260[39m
[35m[HTTP][39m [90m[39m
[35m[HTTP][39m [37m-->[39m [37mGET[39m [37m/wd/hub/session/5876f1a5-0178-4df1-941e-daefe879b863[39m
[35m[HTTP][39m [90m{}[39m
[35m[HTTP][39m [37m<-- GET /wd/hub/session/5876f1a5-0178-4df1-941e-daefe879b863 [39m[32m200[39m [90m24 ms - 1260[39m
[35m[HTTP][39m [90m[39m
[35m[HTTP][39m [37m-->[39m [37mGET[39m [37m/wd/hub/session/5876f1a5-0178-4df1-941e-daefe879b863[39m
[35m[HTTP][39m [90m{}[39m
[35m[HTTP][39m [37m<-- GET /wd/hub/session/5876f1a5-0178-4df1-941e-daefe879b863 [39m[32m200[39m [90m25 ms - 1260[39m
[35m[HTTP][39m [90m[39m
[35m[HTTP][39m [37m-->[39m [37mGET[39m [37m/wd/hub/session/5876f1a5-0178-4df1-941e-daefe879b863[39m
[35m[HTTP][39m [90m{}[39m
[35m[HTTP][39m [37m<-- GET /wd/hub/session/5876f1a5-0178-4df1-941e-daefe879b863 [39m[32m200[39m [90m26 ms - 1260[39m
[35m[HTTP][39m [90m[39m
[35m[HTTP][39m [37m-->[39m [37mGET[39m [37m/wd/hub/session/5876f1a5-0178-4df1-941e-daefe879b863/element/d6672015-73c4-43fe-9dba-960abc5237d0/location[39m
[35m[HTTP][39m [90m{}[39m
[35m[W3C][39m Driver proxy active, passing request on via HTTP proxy
[35m[JSONWP Proxy][39m Replacing sessionId 1e90c454-a7c2-44b1-887c-4fda7b52c3c7 with 5876f1a5-0178-4df1-941e-daefe879b863
[35m[HTTP][39m [37m<-- GET /wd/hub/session/5876f1a5-0178-4df1-941e-daefe879b863/element/d6672015-73c4-43fe-9dba-960abc5237d0/location [39m[32m200[39m [90m50 ms - 90[39m
[35m[HTTP][39m [90m[39m
[35m[HTTP][39m [37m-->[39m [37mPOST[39m [37m/wd/hub/session/5876f1a5-0178-4df1-941e-daefe879b863/touch/perform[39m
[35m[HTTP][39m [90m{"actions":[{"action":"tap","options":{"element":"d6672015-73c4-43fe-9dba-960abc5237d0","x":1,"y":1}}]}[39m
[35m[UiAutomator2][39m calling get location: d6672015-73c4-43fe-9dba-960abc5237d0
[35m[HTTP][39m [37m<-- POST /wd/hub/session/5876f1a5-0178-4df1-941e-daefe879b863/touch/perform [39m[32m200[39m [90m978 ms - 76[39m
[35m[HTTP][39m [90m[39m
[35m[HTTP][39m [37m-->[39m [37mGET[39m [37m/wd/hub/session/5876f1a5-0178-4df1-941e-daefe879b863/window/current/size[39m
[35m[HTTP][39m [90m{}[39m
[35m[W3C][39m Driver proxy active, passing request on via HTTP proxy
[35m[JSONWP Proxy][39m Replacing sessionId 1e90c454-a7c2-44b1-887c-4fda7b52c3c7 with 5876f1a5-0178-4df1-941e-daefe879b863
[35m[HTTP][39m [37m<-- GET /wd/hub/session/5876f1a5-0178-4df1-941e-daefe879b863/window/current/size [39m[32m200[39m [90m31 ms - 99[39m
[35m[HTTP][39m [90m[39m
[35m[HTTP][39m [37m-->[39m [37mPOST[39m [37m/wd/hub/session/5876f1a5-0178-4df1-941e-daefe879b863/elements[39m
[35m[HTTP][39m [90m{"using":"-android uiautomator","value":"new UiSelector().className(\"android.widget.ImageView\").resourceId(\"id.astra.stable.movic:id/ivNext\").instance(1)"}[39m
[35m[HTTP][39m [37m<-- POST /wd/hub/session/5876f1a5-0178-4df1-941e-daefe879b863/elements [39m[32m200[39m [90m65 ms - 124[39m
[35m[HTTP][39m [90m[39m
[35m[HTTP][39m [37m-->[39m [37mGET[39m [37m/wd/hub/session/5876f1a5-0178-4df1-941e-daefe879b863[39m
[35m[HTTP][39m [90m{}[39m
[35m[HTTP][39m [37m<-- GET /wd/hub/session/5876f1a5-0178-4df1-941e-daefe879b863 [39m[32m200[39m [90m19 ms - 1260[39m
[35m[HTTP][39m [90m[39m
[35m[HTTP][39m [37m-->[39m [37mGET[39m [37m/wd/hub/session/5876f1a5-0178-4df1-941e-daefe879b863[39m
[35m[HTTP][39m [90m{}[39m
[35m[HTTP][39m [37m<-- GET /wd/hub/session/5876f1a5-0178-4df1-941e-daefe879b863 [39m[32m200[39m [90m26 ms - 1260[39m
[35m[HTTP][39m [90m[39m
[35m[HTTP][39m [37m-->[39m [37mGET[39m [37m/wd/hub/session/5876f1a5-0178-4df1-941e-daefe879b863[39m
[35m[HTTP][39m [90m{}[39m
[35m[HTTP][39m [37m<-- GET /wd/hub/session/5876f1a5-0178-4df1-941e-daefe879b863 [39m[32m200[39m [90m25 ms - 1260[39m
[35m[HTTP][39m [90m[39m
[35m[HTTP][39m [37m-->[39m [37mGET[39m [37m/wd/hub/session/5876f1a5-0178-4df1-941e-daefe879b863[39m
[35m[HTTP][39m [90m{}[39m
[35m[HTTP][39m [37m<-- GET /wd/hub/session/5876f1a5-0178-4df1-941e-daefe879b863 [39m[32m200[39m [90m27 ms - 1260[39m
[35m[HTTP][39m [90m[39m
[35m[HTTP][39m [37m-->[39m [37mGET[39m [37m/wd/hub/session/5876f1a5-0178-4df1-941e-daefe879b863/element/d8d33bbf-70c6-47b9-8855-b62861c6bfb2/location[39m
[35m[HTTP][39m [90m{}[39m
[35m[W3C][39m Driver proxy active, passing request on via HTTP proxy
[35m[JSONWP Proxy][39m Replacing sessionId 1e90c454-a7c2-44b1-887c-4fda7b52c3c7 with 5876f1a5-0178-4df1-941e-daefe879b863
[35m[HTTP][39m [37m<-- GET /wd/hub/session/5876f1a5-0178-4df1-941e-daefe879b863/element/d8d33bbf-70c6-47b9-8855-b62861c6bfb2/location [39m[32m200[39m [90m50 ms - 90[39m
[35m[HTTP][39m [90m[39m
[35m[HTTP][39m [37m-->[39m [37mPOST[39m [37m/wd/hub/session/5876f1a5-0178-4df1-941e-daefe879b863/touch/perform[39m
[35m[HTTP][39m [90m{"actions":[{"action":"tap","options":{"element":"d8d33bbf-70c6-47b9-8855-b62861c6bfb2","x":1,"y":1}}]}[39m
[35m[UiAutomator2][39m calling get location: d8d33bbf-70c6-47b9-8855-b62861c6bfb2
[35m[HTTP][39m [37m<-- POST /wd/hub/session/5876f1a5-0178-4df1-941e-daefe879b863/touch/perform [39m[32m200[39m [90m932 ms - 76[39m
[35m[HTTP][39m [90m[39m
[35m[HTTP][39m [37m-->[39m [37mGET[39m [37m/wd/hub/session/5876f1a5-0178-4df1-941e-daefe879b863/window/current/size[39m
[35m[HTTP][39m [90m{}[39m
[35m[W3C][39m Driver proxy active, passing request on via HTTP proxy
[35m[JSONWP Proxy][39m Replacing sessionId 1e90c454-a7c2-44b1-887c-4fda7b52c3c7 with 5876f1a5-0178-4df1-941e-daefe879b863
[35m[HTTP][39m [37m<-- GET /wd/hub/session/5876f1a5-0178-4df1-941e-daefe879b863/window/current/size [39m[32m200[39m [90m30 ms - 99[39m
[35m[HTTP][39m [90m[39m
[35m[HTTP][39m [37m-->[39m [37mPOST[39m [37m/wd/hub/session/5876f1a5-0178-4df1-941e-daefe879b863/elements[39m
[35m[HTTP][39m [90m{"using":"-android uiautomator","value":"new UiSelector().className(\"android.widget.TextView\").text(\"Skip\").resourceId(\"id.astra.stable.movic:id/tvSkip\").instance(2)"}[39m
[35m[HTTP][39m [37m<-- POST /wd/hub/session/5876f1a5-0178-4df1-941e-daefe879b863/elements [39m[32m200[39m [90m71 ms - 124[39m
[35m[HTTP][39m [90m[39m
[35m[HTTP][39m [37m-->[39m [37mGET[39m [37m/wd/hub/session/5876f1a5-0178-4df1-941e-daefe879b863[39m
[35m[HTTP][39m [90m{}[39m
[35m[HTTP][39m [37m<-- GET /wd/hub/session/5876f1a5-0178-4df1-941e-daefe879b863 [39m[32m200[39m [90m20 ms - 1260[39m
[35m[HTTP][39m [90m[39m
[35m[HTTP][39m [37m-->[39m [37mGET[39m [37m/wd/hub/session/5876f1a5-0178-4df1-941e-daefe879b863[39m
[35m[HTTP][39m [90m{}[39m
[35m[HTTP][39m [37m<-- GET /wd/hub/session/5876f1a5-0178-4df1-941e-daefe879b863 [39m[32m200[39m [90m32 ms - 1260[39m
[35m[HTTP][39m [90m[39m
[35m[HTTP][39m [37m-->[39m [37mGET[39m [37m/wd/hub/session/5876f1a5-0178-4df1-941e-daefe879b863[39m
[35m[HTTP][39m [90m{}[39m
[35m[HTTP][39m [37m<-- GET /wd/hub/session/5876f1a5-0178-4df1-941e-daefe879b863 [39m[32m200[39m [90m23 ms - 1260[39m
[35m[HTTP][39m [90m[39m
[35m[HTTP][39m [37m-->[39m [37mGET[39m [37m/wd/hub/session/5876f1a5-0178-4df1-941e-daefe879b863[39m
[35m[HTTP][39m [90m{}[39m
[35m[HTTP][39m [37m<-- GET /wd/hub/session/5876f1a5-0178-4df1-941e-daefe879b863 [39m[32m200[39m [90m24 ms - 1260[39m
[35m[HTTP][39m [90m[39m
[35m[HTTP][39m [37m-->[39m [37mGET[39m [37m/wd/hub/session/5876f1a5-0178-4df1-941e-daefe879b863/element/af052c85-0282-4296-bbe6-c94062976ff6/location[39m
[35m[HTTP][39m [90m{}[39m
[35m[W3C][39m Driver proxy active, passing request on via HTTP proxy
[35m[JSONWP Proxy][39m Replacing sessionId 1e90c454-a7c2-44b1-887c-4fda7b52c3c7 with 5876f1a5-0178-4df1-941e-daefe879b863
[35m[HTTP][39m [37m<-- GET /wd/hub/session/5876f1a5-0178-4df1-941e-daefe879b863/element/af052c85-0282-4296-bbe6-c94062976ff6/location [39m[32m200[39m [90m43 ms - 89[39m
[35m[HTTP][39m [90m[39m
[35m[HTTP][39m [37m-->[39m [37mPOST[39m [37m/wd/hub/session/5876f1a5-0178-4df1-941e-daefe879b863/touch/perform[39m
[35m[HTTP][39m [90m{"actions":[{"action":"tap","options":{"element":"af052c85-0282-4296-bbe6-c94062976ff6","x":1,"y":1}}]}[39m
[35m[UiAutomator2][39m calling get location: af052c85-0282-4296-bbe6-c94062976ff6
[35m[HTTP][39m [37m<-- POST /wd/hub/session/5876f1a5-0178-4df1-941e-daefe879b863/touch/perform [39m[32m200[39m [90m2067 ms - 76[39m
[35m[HTTP][39m [90m[39m
[35m[HTTP][39m [37m-->[39m [37mGET[39m [37m/wd/hub/session/5876f1a5-0178-4df1-941e-daefe879b863/window/current/size[39m
[35m[HTTP][39m [90m{}[39m
[35m[W3C][39m Driver proxy active, passing request on via HTTP proxy
[35m[JSONWP Proxy][39m Replacing sessionId 1e90c454-a7c2-44b1-887c-4fda7b52c3c7 with 5876f1a5-0178-4df1-941e-daefe879b863
[35m[HTTP][39m [37m<-- GET /wd/hub/session/5876f1a5-0178-4df1-941e-daefe879b863/window/current/size [39m[32m200[39m [90m32 ms - 99[39m
[35m[HTTP][39m [90m[39m
[35m[HTTP][39m [37m-->[39m [37mPOST[39m [37m/wd/hub/session/5876f1a5-0178-4df1-941e-daefe879b863/elements[39m
[35m[HTTP][39m [90m{"using":"-android uiautomator","value":"new UiSelector().className(\"android.widget.TextView\").text(\"Log in\").resourceId(\"id.astra.stable.movic:id/mTxtLogin\").instance(0)"}[39m
[35m[HTTP][39m [37m<-- POST /wd/hub/session/5876f1a5-0178-4df1-941e-daefe879b863/elements [39m[32m200[39m [90m96 ms - 124[39m
[35m[HTTP][39m [90m[39m
[35m[HTTP][39m [37m-->[39m [37mGET[39m [37m/wd/hub/session/5876f1a5-0178-4df1-941e-daefe879b863[39m
[35m[HTTP][39m [90m{}[39m
[35m[HTTP][39m [37m<-- GET /wd/hub/session/5876f1a5-0178-4df1-941e-daefe879b863 [39m[32m200[39m [90m23 ms - 1260[39m
[35m[HTTP][39m [90m[39m
[35m[HTTP][39m [37m-->[39m [37mGET[39m [37m/wd/hub/session/5876f1a5-0178-4df1-941e-daefe879b863[39m
[35m[HTTP][39m [90m{}[39m
[35m[HTTP][39m [37m<-- GET /wd/hub/session/5876f1a5-0178-4df1-941e-daefe879b863 [39m[32m200[39m [90m23 ms - 1260[39m
[35m[HTTP][39m [90m[39m
[35m[HTTP][39m [37m-->[39m [37mGET[39m [37m/wd/hub/session/5876f1a5-0178-4df1-941e-daefe879b863[39m
[35m[HTTP][39m [90m{}[39m
[35m[HTTP][39m [37m<-- GET /wd/hub/session/5876f1a5-0178-4df1-941e-daefe879b863 [39m[32m200[39m [90m27 ms - 1260[39m
[35m[HTTP][39m [90m[39m
[35m[HTTP][39m [37m-->[39m [37mGET[39m [37m/wd/hub/session/5876f1a5-0178-4df1-941e-daefe879b863[39m
[35m[HTTP][39m [90m{}[39m
[35m[HTTP][39m [37m<-- GET /wd/hub/session/5876f1a5-0178-4df1-941e-daefe879b863 [39m[32m200[39m [90m18 ms - 1260[39m
[35m[HTTP][39m [90m[39m
[35m[HTTP][39m [37m-->[39m [37mGET[39m [37m/wd/hub/session/5876f1a5-0178-4df1-941e-daefe879b863/element/43a9e562-b783-4082-b64c-25960513d4bc/location[39m
[35m[HTTP][39m [90m{}[39m
[35m[W3C][39m Driver proxy active, passing request on via HTTP proxy
[35m[JSONWP Proxy][39m Replacing sessionId 1e90c454-a7c2-44b1-887c-4fda7b52c3c7 with 5876f1a5-0178-4df1-941e-daefe879b863
[35m[HTTP][39m [37m<-- GET /wd/hub/session/5876f1a5-0178-4df1-941e-daefe879b863/element/43a9e562-b783-4082-b64c-25960513d4bc/location [39m[32m200[39m [90m46 ms - 89[39m
[35m[HTTP][39m [90m[39m
[35m[HTTP][39m [37m-->[39m [37mPOST[39m [37m/wd/hub/session/5876f1a5-0178-4df1-941e-daefe879b863/touch/perform[39m
[35m[HTTP][39m [90m{"actions":[{"action":"tap","options":{"element":"43a9e562-b783-4082-b64c-25960513d4bc","x":1,"y":1}}]}[39m
[35m[UiAutomator2][39m calling get location: 43a9e562-b783-4082-b64c-25960513d4bc
[35m[HTTP][39m [37m<-- POST /wd/hub/session/5876f1a5-0178-4df1-941e-daefe879b863/touch/perform [39m[32m200[39m [90m1325 ms - 76[39m
[35m[HTTP][39m [90m[39m
[35m[HTTP][39m [37m-->[39m [37mGET[39m [37m/wd/hub/session/5876f1a5-0178-4df1-941e-daefe879b863/window/current/size[39m
[35m[HTTP][39m [90m{}[39m
[35m[W3C][39m Driver proxy active, passing request on via HTTP proxy
[35m[JSONWP Proxy][39m Replacing sessionId 1e90c454-a7c2-44b1-887c-4fda7b52c3c7 with 5876f1a5-0178-4df1-941e-daefe879b863
[35m[HTTP][39m [37m<-- GET /wd/hub/session/5876f1a5-0178-4df1-941e-daefe879b863/window/current/size [39m[32m200[39m [90m23 ms - 99[39m
[35m[HTTP][39m [90m[39m
[35m[HTTP][39m [37m-->[39m [37mPOST[39m [37m/wd/hub/session/5876f1a5-0178-4df1-941e-daefe879b863/elements[39m
[35m[HTTP][39m [90m{"using":"-android uiautomator","value":"new UiSelector().className(\"android.widget.EditText\").resourceId(\"id.astra.stable.movic:id/mTxtUsername\").instance(0)"}[39m
[35m[HTTP][39m [37m<-- POST /wd/hub/session/5876f1a5-0178-4df1-941e-daefe879b863/elements [39m[32m200[39m [90m87 ms - 124[39m
[35m[HTTP][39m [90m[39m
[35m[HTTP][39m [37m-->[39m [37mGET[39m [37m/wd/hub/session/5876f1a5-0178-4df1-941e-daefe879b863[39m
[35m[HTTP][39m [90m{}[39m
[35m[HTTP][39m [37m<-- GET /wd/hub/session/5876f1a5-0178-4df1-941e-daefe879b863 [39m[32m200[39m [90m26 ms - 1260[39m
[35m[HTTP][39m [90m[39m
[35m[HTTP][39m [37m-->[39m [37mGET[39m [37m/wd/hub/session/5876f1a5-0178-4df1-941e-daefe879b863[39m
[35m[HTTP][39m [90m{}[39m
[35m[HTTP][39m [37m<-- GET /wd/hub/session/5876f1a5-0178-4df1-941e-daefe879b863 [39m[32m200[39m [90m25 ms - 1260[39m
[35m[HTTP][39m [90m[39m
[35m[HTTP][39m [37m-->[39m [37mGET[39m [37m/wd/hub/session/5876f1a5-0178-4df1-941e-daefe879b863[39m
[35m[HTTP][39m [90m{}[39m
[35m[HTTP][39m [37m<-- GET /wd/hub/session/5876f1a5-0178-4df1-941e-daefe879b863 [39m[32m200[39m [90m26 ms - 1260[39m
[35m[HTTP][39m [90m[39m
[35m[HTTP][39m [37m-->[39m [37mGET[39m [37m/wd/hub/session/5876f1a5-0178-4df1-941e-daefe879b863[39m
[35m[HTTP][39m [90m{}[39m
[35m[HTTP][39m [37m<-- GET /wd/hub/session/5876f1a5-0178-4df1-941e-daefe879b863 [39m[32m200[39m [90m26 ms - 1260[39m
[35m[HTTP][39m [90m[39m
[35m[HTTP][39m [37m-->[39m [37mGET[39m [37m/wd/hub/session/5876f1a5-0178-4df1-941e-daefe879b863/element/3147bba2-ed59-4414-ba7c-318d93bb1ba7/location[39m
[35m[HTTP][39m [90m{}[39m
[35m[W3C][39m Driver proxy active, passing request on via HTTP proxy
[35m[JSONWP Proxy][39m Replacing sessionId 1e90c454-a7c2-44b1-887c-4fda7b52c3c7 with 5876f1a5-0178-4df1-941e-daefe879b863
[35m[HTTP][39m [37m<-- GET /wd/hub/session/5876f1a5-0178-4df1-941e-daefe879b863/element/3147bba2-ed59-4414-ba7c-318d93bb1ba7/location [39m[32m200[39m [90m55 ms - 88[39m
[35m[HTTP][39m [90m[39m
[35m[HTTP][39m [37m-->[39m [37mPOST[39m [37m/wd/hub/session/5876f1a5-0178-4df1-941e-daefe879b863/element/3147bba2-ed59-4414-ba7c-318d93bb1ba7/clear[39m
[35m[HTTP][39m [90m{"id":"3147bba2-ed59-4414-ba7c-318d93bb1ba7"}[39m
[35m[HTTP][39m [37m<-- POST /wd/hub/session/5876f1a5-0178-4df1-941e-daefe879b863/element/3147bba2-ed59-4414-ba7c-318d93bb1ba7/clear [39m[32m200[39m [90m122 ms - 89[39m
[35m[HTTP][39m [90m[39m
[35m[HTTP][39m [37m-->[39m [37mPOST[39m [37m/wd/hub/session/5876f1a5-0178-4df1-941e-daefe879b863/element/3147bba2-ed59-4414-ba7c-318d93bb1ba7/value[39m
[35m[HTTP][39m [90m{"id":"3147bba2-ed59-4414-ba7c-318d93bb1ba7","value":["santi.wahyuni@wgs.co.id"]}[39m
[35m[HTTP][39m [37m<-- POST /wd/hub/session/5876f1a5-0178-4df1-941e-daefe879b863/element/3147bba2-ed59-4414-ba7c-318d93bb1ba7/value [39m[32m200[39m [90m735 ms - 74[39m
[35m[HTTP][39m [90m[39m
[35m[HTTP][39m [37m-->[39m [37mGET[39m [37m/wd/hub/session/5876f1a5-0178-4df1-941e-daefe879b863/window/current/size[39m
[35m[HTTP][39m [90m{}[39m
[35m[W3C][39m Driver proxy active, passing request on via HTTP proxy
[35m[JSONWP Proxy][39m Replacing sessionId 1e90c454-a7c2-44b1-887c-4fda7b52c3c7 with 5876f1a5-0178-4df1-941e-daefe879b863
[35m[HTTP][39m [37m<-- GET /wd/hub/session/5876f1a5-0178-4df1-941e-daefe879b863/window/current/size [39m[32m200[39m [90m22 ms - 99[39m
[35m[HTTP][39m [90m[39m
[35m[HTTP][39m [37m-->[39m [37mPOST[39m [37m/wd/hub/session/5876f1a5-0178-4df1-941e-daefe879b863/elements[39m
[35m[HTTP][39m [90m{"using":"-android uiautomator","value":"new UiSelector().className(\"android.widget.Button\").text(\"Next\").resourceId(\"id.astra.stable.movic:id/mBtnNext\").instance(0)"}[39m
[35m[HTTP][39m [37m<-- POST /wd/hub/session/5876f1a5-0178-4df1-941e-daefe879b863/elements [39m[32m200[39m [90m502 ms - 124[39m
[35m[HTTP][39m [90m[39m
[35m[HTTP][39m [37m-->[39m [37mGET[39m [37m/wd/hub/session/5876f1a5-0178-4df1-941e-daefe879b863[39m
[35m[HTTP][39m [90m{}[39m
[35m[HTTP][39m [37m<-- GET /wd/hub/session/5876f1a5-0178-4df1-941e-daefe879b863 [39m[32m200[39m [90m17 ms - 1260[39m
[35m[HTTP][39m [90m[39m
[35m[HTTP][39m [37m-->[39m [37mGET[39m [37m/wd/hub/session/5876f1a5-0178-4df1-941e-daefe879b863[39m
[35m[HTTP][39m [90m{}[39m
[35m[HTTP][39m [37m<-- GET /wd/hub/session/5876f1a5-0178-4df1-941e-daefe879b863 [39m[32m200[39m [90m19 ms - 1260[39m
[35m[HTTP][39m [90m[39m
[35m[HTTP][39m [37m-->[39m [37mGET[39m [37m/wd/hub/session/5876f1a5-0178-4df1-941e-daefe879b863[39m
[35m[HTTP][39m [90m{}[39m
[35m[HTTP][39m [37m<-- GET /wd/hub/session/5876f1a5-0178-4df1-941e-daefe879b863 [39m[32m200[39m [90m22 ms - 1260[39m
[35m[HTTP][39m [90m[39m
[35m[HTTP][39m [37m-->[39m [37mGET[39m [37m/wd/hub/session/5876f1a5-0178-4df1-941e-daefe879b863[39m
[35m[HTTP][39m [90m{}[39m
[35m[HTTP][39m [37m<-- GET /wd/hub/session/5876f1a5-0178-4df1-941e-daefe879b863 [39m[32m200[39m [90m22 ms - 1260[39m
[35m[HTTP][39m [90m[39m
[35m[HTTP][39m [37m-->[39m [37mGET[39m [37m/wd/hub/session/5876f1a5-0178-4df1-941e-daefe879b863/element/165b1f71-6866-4171-a21c-c968af992fc5/location[39m
[35m[HTTP][39m [90m{}[39m
[35m[W3C][39m Driver proxy active, passing request on via HTTP proxy
[35m[JSONWP Proxy][39m Replacing sessionId 1e90c454-a7c2-44b1-887c-4fda7b52c3c7 with 5876f1a5-0178-4df1-941e-daefe879b863
[35m[HTTP][39m [37m<-- GET /wd/hub/session/5876f1a5-0178-4df1-941e-daefe879b863/element/165b1f71-6866-4171-a21c-c968af992fc5/location [39m[32m200[39m [90m56 ms - 89[39m
[35m[HTTP][39m [90m[39m
[35m[HTTP][39m [37m-->[39m [37mPOST[39m [37m/wd/hub/session/5876f1a5-0178-4df1-941e-daefe879b863/touch/perform[39m
[35m[HTTP][39m [90m{"actions":[{"action":"tap","options":{"element":"165b1f71-6866-4171-a21c-c968af992fc5","x":1,"y":1}}]}[39m
[35m[UiAutomator2][39m calling get location: 165b1f71-6866-4171-a21c-c968af992fc5
[35m[HTTP][39m [37m<-- POST /wd/hub/session/5876f1a5-0178-4df1-941e-daefe879b863/touch/perform [39m[32m200[39m [90m2192 ms - 76[39m
[35m[HTTP][39m [90m[39m
[35m[HTTP][39m [37m-->[39m [37mGET[39m [37m/wd/hub/session/5876f1a5-0178-4df1-941e-daefe879b863/window/current/size[39m
[35m[HTTP][39m [90m{}[39m
[35m[W3C][39m Driver proxy active, passing request on via HTTP proxy
[35m[JSONWP Proxy][39m Replacing sessionId 1e90c454-a7c2-44b1-887c-4fda7b52c3c7 with 5876f1a5-0178-4df1-941e-daefe879b863
[35m[HTTP][39m [37m<-- GET /wd/hub/session/5876f1a5-0178-4df1-941e-daefe879b863/window/current/size [39m[32m200[39m [90m42 ms - 99[39m
[35m[HTTP][39m [90m[39m
[35m[HTTP][39m [37m-->[39m [37mPOST[39m [37m/wd/hub/session/5876f1a5-0178-4df1-941e-daefe879b863/elements[39m
[35m[HTTP][39m [90m{"using":"-android uiautomator","value":"new UiSelector().className(\"android.widget.EditText\").resourceId(\"id.astra.stable.movic:id/mTxtPassword\").instance(0)"}[39m
[35m[HTTP][39m [37m<-- POST /wd/hub/session/5876f1a5-0178-4df1-941e-daefe879b863/elements [39m[32m200[39m [90m116 ms - 124[39m
[35m[HTTP][39m [90m[39m
[35m[HTTP][39m [37m-->[39m [37mGET[39m [37m/wd/hub/session/5876f1a5-0178-4df1-941e-daefe879b863[39m
[35m[HTTP][39m [90m{}[39m
[35m[HTTP][39m [37m<-- GET /wd/hub/session/5876f1a5-0178-4df1-941e-daefe879b863 [39m[32m200[39m [90m27 ms - 1260[39m
[35m[HTTP][39m [90m[39m
[35m[HTTP][39m [37m-->[39m [37mGET[39m [37m/wd/hub/session/5876f1a5-0178-4df1-941e-daefe879b863[39m
[35m[HTTP][39m [90m{}[39m
[35m[HTTP][39m [37m<-- GET /wd/hub/session/5876f1a5-0178-4df1-941e-daefe879b863 [39m[32m200[39m [90m29 ms - 1260[39m
[35m[HTTP][39m [90m[39m
[35m[HTTP][39m [37m-->[39m [37mGET[39m [37m/wd/hub/session/5876f1a5-0178-4df1-941e-daefe879b863[39m
[35m[HTTP][39m [90m{}[39m
[35m[HTTP][39m [37m<-- GET /wd/hub/session/5876f1a5-0178-4df1-941e-daefe879b863 [39m[32m200[39m [90m26 ms - 1260[39m
[35m[HTTP][39m [90m[39m
[35m[HTTP][39m [37m-->[39m [37mGET[39m [37m/wd/hub/session/5876f1a5-0178-4df1-941e-daefe879b863[39m
[35m[HTTP][39m [90m{}[39m
[35m[HTTP][39m [37m<-- GET /wd/hub/session/5876f1a5-0178-4df1-941e-daefe879b863 [39m[32m200[39m [90m26 ms - 1260[39m
[35m[HTTP][39m [90m[39m
[35m[HTTP][39m [37m-->[39m [37mGET[39m [37m/wd/hub/session/5876f1a5-0178-4df1-941e-daefe879b863/element/103f1e1e-f969-45fc-a19f-0f56f0c7481f/location[39m
[35m[HTTP][39m [90m{}[39m
[35m[W3C][39m Driver proxy active, passing request on via HTTP proxy
[35m[JSONWP Proxy][39m Replacing sessionId 1e90c454-a7c2-44b1-887c-4fda7b52c3c7 with 5876f1a5-0178-4df1-941e-daefe879b863
[35m[HTTP][39m [37m<-- GET /wd/hub/session/5876f1a5-0178-4df1-941e-daefe879b863/element/103f1e1e-f969-45fc-a19f-0f56f0c7481f/location [39m[32m200[39m [90m63 ms - 88[39m
[35m[HTTP][39m [90m[39m
[35m[HTTP][39m [37m-->[39m [37mPOST[39m [37m/wd/hub/session/5876f1a5-0178-4df1-941e-daefe879b863/element/103f1e1e-f969-45fc-a19f-0f56f0c7481f/clear[39m
[35m[HTTP][39m [90m{"id":"103f1e1e-f969-45fc-a19f-0f56f0c7481f"}[39m
[35m[HTTP][39m [37m<-- POST /wd/hub/session/5876f1a5-0178-4df1-941e-daefe879b863/element/103f1e1e-f969-45fc-a19f-0f56f0c7481f/clear [39m[32m200[39m [90m87 ms - 89[39m
[35m[HTTP][39m [90m[39m
[35m[HTTP][39m [37m-->[39m [37mPOST[39m [37m/wd/hub/session/5876f1a5-0178-4df1-941e-daefe879b863/element/103f1e1e-f969-45fc-a19f-0f56f0c7481f/value[39m
[35m[HTTP][39m [90m{"id":"103f1e1e-f969-45fc-a19f-0f56f0c7481f","value":["P@ssword789"]}[39m
[35m[HTTP][39m [37m<-- POST /wd/hub/session/5876f1a5-0178-4df1-941e-daefe879b863/element/103f1e1e-f969-45fc-a19f-0f56f0c7481f/value [39m[32m200[39m [90m767 ms - 74[39m
[35m[HTTP][39m [90m[39m
[35m[HTTP][39m [37m-->[39m [37mGET[39m [37m/wd/hub/session/5876f1a5-0178-4df1-941e-daefe879b863/context[39m
[35m[HTTP][39m [90m{}[39m
[35m[HTTP][39m [37m<-- GET /wd/hub/session/5876f1a5-0178-4df1-941e-daefe879b863/context [39m[32m200[39m [90m7 ms - 84[39m
[35m[HTTP][39m [90m[39m
[35m[HTTP][39m [37m-->[39m [37mGET[39m [37m/wd/hub/session/5876f1a5-0178-4df1-941e-daefe879b863/contexts[39m
[35m[HTTP][39m [90m{}[39m
[35m[HTTP][39m [37m<-- GET /wd/hub/session/5876f1a5-0178-4df1-941e-daefe879b863/contexts [39m[32m200[39m [90m109 ms - 86[39m
[35m[HTTP][39m [90m[39m
[35m[HTTP][39m [37m-->[39m [37mPOST[39m [37m/wd/hub/session/5876f1a5-0178-4df1-941e-daefe879b863/context[39m
[35m[HTTP][39m [90m{"name":"NATIVE_APP"}[39m
[35m[HTTP][39m [37m<-- POST /wd/hub/session/5876f1a5-0178-4df1-941e-daefe879b863/context [39m[32m200[39m [90m87 ms - 76[39m
[35m[HTTP][39m [90m[39m
[35m[HTTP][39m [37m-->[39m [37mPOST[39m [37m/wd/hub/session/5876f1a5-0178-4df1-941e-daefe879b863/appium/device/hide_keyboard[39m
[35m[HTTP][39m [90m{}[39m
[35m[HTTP][39m [37m<-- POST /wd/hub/session/5876f1a5-0178-4df1-941e-daefe879b863/appium/device/hide_keyboard [39m[32m200[39m [90m1724 ms - 76[39m
[35m[HTTP][39m [90m[39m
[35m[HTTP][39m [37m-->[39m [37mPOST[39m [37m/wd/hub/session/5876f1a5-0178-4df1-941e-daefe879b863/context[39m
[35m[HTTP][39m [90m{"name":"NATIVE_APP"}[39m
[35m[HTTP][39m [37m<-- POST /wd/hub/session/5876f1a5-0178-4df1-941e-daefe879b863/context [39m[32m200[39m [90m93 ms - 76[39m
[35m[HTTP][39m [90m[39m
[35m[HTTP][39m [37m-->[39m [37mGET[39m [37m/wd/hub/session/5876f1a5-0178-4df1-941e-daefe879b863/window/current/size[39m
[35m[HTTP][39m [90m{}[39m
[35m[W3C][39m Driver proxy active, passing request on via HTTP proxy
[35m[JSONWP Proxy][39m Replacing sessionId 1e90c454-a7c2-44b1-887c-4fda7b52c3c7 with 5876f1a5-0178-4df1-941e-daefe879b863
[35m[HTTP][39m [37m<-- GET /wd/hub/session/5876f1a5-0178-4df1-941e-daefe879b863/window/current/size [39m[32m200[39m [90m26 ms - 99[39m
[35m[HTTP][39m [90m[39m
[35m[HTTP][39m [37m-->[39m [37mPOST[39m [37m/wd/hub/session/5876f1a5-0178-4df1-941e-daefe879b863/elements[39m
[35m[HTTP][39m [90m{"using":"-android uiautomator","value":"new UiSelector().className(\"android.widget.Button\").text(\"Start Movic\").resourceId(\"id.astra.stable.movic:id/mBtnNext\").instance(0)"}[39m
[35m[HTTP][39m [37m<-- POST /wd/hub/session/5876f1a5-0178-4df1-941e-daefe879b863/elements [39m[32m200[39m [90m505 ms - 124[39m
[35m[HTTP][39m [90m[39m
[35m[HTTP][39m [37m-->[39m [37mGET[39m [37m/wd/hub/session/5876f1a5-0178-4df1-941e-daefe879b863[39m
[35m[HTTP][39m [90m{}[39m
[35m[HTTP][39m [37m<-- GET /wd/hub/session/5876f1a5-0178-4df1-941e-daefe879b863 [39m[32m200[39m [90m15 ms - 1260[39m
[35m[HTTP][39m [90m[39m
[35m[HTTP][39m [37m-->[39m [37mGET[39m [37m/wd/hub/session/5876f1a5-0178-4df1-941e-daefe879b863[39m
[35m[HTTP][39m [90m{}[39m
[35m[HTTP][39m [37m<-- GET /wd/hub/session/5876f1a5-0178-4df1-941e-daefe879b863 [39m[32m200[39m [90m16 ms - 1260[39m
[35m[HTTP][39m [90m[39m
[35m[HTTP][39m [37m-->[39m [37mGET[39m [37m/wd/hub/session/5876f1a5-0178-4df1-941e-daefe879b863[39m
[35m[HTTP][39m [90m{}[39m
[35m[HTTP][39m [37m<-- GET /wd/hub/session/5876f1a5-0178-4df1-941e-daefe879b863 [39m[32m200[39m [90m19 ms - 1260[39m
[35m[HTTP][39m [90m[39m
[35m[HTTP][39m [37m-->[39m [37mGET[39m [37m/wd/hub/session/5876f1a5-0178-4df1-941e-daefe879b863[39m
[35m[HTTP][39m [90m{}[39m
[35m[HTTP][39m [37m<-- GET /wd/hub/session/5876f1a5-0178-4df1-941e-daefe879b863 [39m[32m200[39m [90m22 ms - 1260[39m
[35m[HTTP][39m [90m[39m
[35m[HTTP][39m [37m-->[39m [37mGET[39m [37m/wd/hub/session/5876f1a5-0178-4df1-941e-daefe879b863/element/26d7405c-b966-441a-ac32-72a38195a954/location[39m
[35m[HTTP][39m [90m{}[39m
[35m[W3C][39m Driver proxy active, passing request on via HTTP proxy
[35m[JSONWP Proxy][39m Replacing sessionId 1e90c454-a7c2-44b1-887c-4fda7b52c3c7 with 5876f1a5-0178-4df1-941e-daefe879b863
[35m[HTTP][39m [37m<-- GET /wd/hub/session/5876f1a5-0178-4df1-941e-daefe879b863/element/26d7405c-b966-441a-ac32-72a38195a954/location [39m[32m200[39m [90m51 ms - 89[39m
[35m[HTTP][39m [90m[39m
[35m[HTTP][39m [37m-->[39m [37mPOST[39m [37m/wd/hub/session/5876f1a5-0178-4df1-941e-daefe879b863/touch/perform[39m
[35m[HTTP][39m [90m{"actions":[{"action":"tap","options":{"element":"26d7405c-b966-441a-ac32-72a38195a954","x":1,"y":1}}]}[39m
[35m[UiAutomator2][39m calling get location: 26d7405c-b966-441a-ac32-72a38195a954
[35m[HTTP][39m [37m<-- POST /wd/hub/session/5876f1a5-0178-4df1-941e-daefe879b863/touch/perform [39m[32m200[39m [90m993 ms - 76[39m
[35m[HTTP][39m [90m[39m
[35m[HTTP][39m [37m-->[39m [37mGET[39m [37m/wd/hub/session/5876f1a5-0178-4df1-941e-daefe879b863/window/current/size[39m
[35m[HTTP][39m [90m{}[39m
[35m[W3C][39m Driver proxy active, passing request on via HTTP proxy
[35m[JSONWP Proxy][39m Replacing sessionId 1e90c454-a7c2-44b1-887c-4fda7b52c3c7 with 5876f1a5-0178-4df1-941e-daefe879b863
[35m[HTTP][39m [37m<-- GET /wd/hub/session/5876f1a5-0178-4df1-941e-daefe879b863/window/current/size [39m[32m200[39m [90m35 ms - 99[39m
[35m[HTTP][39m [90m[39m
[35m[HTTP][39m [37m-->[39m [37mPOST[39m [37m/wd/hub/session/5876f1a5-0178-4df1-941e-daefe879b863/elements[39m
[35m[HTTP][39m [90m{"using":"-android uiautomator","value":"new UiSelector().text(\"My Cars\")"}[39m
[35m[HTTP][39m [37m<-- POST /wd/hub/session/5876f1a5-0178-4df1-941e-daefe879b863/elements [39m[32m200[39m [90m51 ms - 74[39m
[35m[HTTP][39m [90m[39m
[35m[HTTP][39m [37m-->[39m [37mPOST[39m [37m/wd/hub/session/5876f1a5-0178-4df1-941e-daefe879b863/elements[39m
[35m[HTTP][39m [90m{"using":"-android uiautomator","value":"new UiSelector().text(\"My Cars\")"}[39m
[35m[HTTP][39m [37m<-- POST /wd/hub/session/5876f1a5-0178-4df1-941e-daefe879b863/elements [39m[32m200[39m [90m62 ms - 74[39m
[35m[HTTP][39m [90m[39m
[35m[HTTP][39m [37m-->[39m [37mPOST[39m [37m/wd/hub/session/5876f1a5-0178-4df1-941e-daefe879b863/elements[39m
[35m[HTTP][39m [90m{"using":"-android uiautomator","value":"new UiSelector().text(\"My Cars\")"}[39m
[35m[HTTP][39m [37m<-- POST /wd/hub/session/5876f1a5-0178-4df1-941e-daefe879b863/elements [39m[32m200[39m [90m33 ms - 74[39m
[35m[HTTP][39m [90m[39m
[35m[HTTP][39m [37m-->[39m [37mPOST[39m [37m/wd/hub/session/5876f1a5-0178-4df1-941e-daefe879b863/elements[39m
[35m[HTTP][39m [90m{"using":"-android uiautomator","value":"new UiSelector().text(\"My Cars\")"}[39m
[35m[HTTP][39m [37m<-- POST /wd/hub/session/5876f1a5-0178-4df1-941e-daefe879b863/elements [39m[32m200[39m [90m44 ms - 74[39m
[35m[HTTP][39m [90m[39m
[35m[HTTP][39m [37m-->[39m [37mPOST[39m [37m/wd/hub/session/5876f1a5-0178-4df1-941e-daefe879b863/elements[39m
[35m[HTTP][39m [90m{"using":"-android uiautomator","value":"new UiSelector().text(\"My Cars\")"}[39m
[35m[HTTP][39m [37m<-- POST /wd/hub/session/5876f1a5-0178-4df1-941e-daefe879b863/elements [39m[32m200[39m [90m48 ms - 74[39m
[35m[HTTP][39m [90m[39m
[35m[HTTP][39m [37m-->[39m [37mPOST[39m [37m/wd/hub/session/5876f1a5-0178-4df1-941e-daefe879b863/elements[39m
[35m[HTTP][39m [90m{"using":"-android uiautomator","value":"new UiSelector().text(\"My Cars\")"}[39m
[35m[HTTP][39m [37m<-- POST /wd/hub/session/5876f1a5-0178-4df1-941e-daefe879b863/elements [39m[32m200[39m [90m63 ms - 74[39m
[35m[HTTP][39m [90m[39m
[35m[HTTP][39m [37m-->[39m [37mPOST[39m [37m/wd/hub/session/5876f1a5-0178-4df1-941e-daefe879b863/elements[39m
[35m[HTTP][39m [90m{"using":"-android uiautomator","value":"new UiSelector().text(\"My Cars\")"}[39m
[35m[HTTP][39m [37m<-- POST /wd/hub/session/5876f1a5-0178-4df1-941e-daefe879b863/elements [39m[32m200[39m [90m65 ms - 74[39m
[35m[HTTP][39m [90m[39m
[35m[HTTP][39m [37m-->[39m [37mPOST[39m [37m/wd/hub/session/5876f1a5-0178-4df1-941e-daefe879b863/elements[39m
[35m[HTTP][39m [90m{"using":"-android uiautomator","value":"new UiSelector().text(\"My Cars\")"}[39m
[35m[HTTP][39m [37m<-- POST /wd/hub/session/5876f1a5-0178-4df1-941e-daefe879b863/elements [39m[32m200[39m [90m37 ms - 74[39m
[35m[HTTP][39m [90m[39m
[35m[HTTP][39m [37m-->[39m [37mPOST[39m [37m/wd/hub/session/5876f1a5-0178-4df1-941e-daefe879b863/elements[39m
[35m[HTTP][39m [90m{"using":"-android uiautomator","value":"new UiSelector().text(\"My Cars\")"}[39m
[35m[HTTP][39m [37m<-- POST /wd/hub/session/5876f1a5-0178-4df1-941e-daefe879b863/elements [39m[32m200[39m [90m42 ms - 74[39m
[35m[HTTP][39m [90m[39m
[35m[HTTP][39m [37m-->[39m [37mPOST[39m [37m/wd/hub/session/5876f1a5-0178-4df1-941e-daefe879b863/elements[39m
[35m[HTTP][39m [90m{"using":"-android uiautomator","value":"new UiSelector().text(\"My Cars\")"}[39m
[35m[HTTP][39m [37m<-- POST /wd/hub/session/5876f1a5-0178-4df1-941e-daefe879b863/elements [39m[32m200[39m [90m47 ms - 74[39m
[35m[HTTP][39m [90m[39m
[35m[HTTP][39m [37m-->[39m [37mPOST[39m [37m/wd/hub/session/5876f1a5-0178-4df1-941e-daefe879b863/elements[39m
[35m[HTTP][39m [90m{"using":"-android uiautomator","value":"new UiSelector().text(\"My Cars\")"}[39m
[35m[HTTP][39m [37m<-- POST /wd/hub/session/5876f1a5-0178-4df1-941e-daefe879b863/elements [39m[32m200[39m [90m46 ms - 74[39m
[35m[HTTP][39m [90m[39m
[35m[HTTP][39m [37m-->[39m [37mPOST[39m [37m/wd/hub/session/5876f1a5-0178-4df1-941e-daefe879b863/elements[39m
[35m[HTTP][39m [90m{"using":"-android uiautomator","value":"new UiSelector().text(\"My Cars\")"}[39m
[35m[HTTP][39m [37m<-- POST /wd/hub/session/5876f1a5-0178-4df1-941e-daefe879b863/elements [39m[32m200[39m [90m45 ms - 74[39m
[35m[HTTP][39m [90m[39m
[35m[HTTP][39m [37m-->[39m [37mPOST[39m [37m/wd/hub/session/5876f1a5-0178-4df1-941e-daefe879b863/elements[39m
[35m[HTTP][39m [90m{"using":"-android uiautomator","value":"new UiSelector().text(\"My Cars\")"}[39m
[35m[HTTP][39m [37m<-- POST /wd/hub/session/5876f1a5-0178-4df1-941e-daefe879b863/elements [39m[32m200[39m [90m47 ms - 74[39m
[35m[HTTP][39m [90m[39m
[35m[HTTP][39m [37m-->[39m [37mPOST[39m [37m/wd/hub/session/5876f1a5-0178-4df1-941e-daefe879b863/elements[39m
[35m[HTTP][39m [90m{"using":"-android uiautomator","value":"new UiSelector().text(\"My Cars\")"}[39m
[35m[HTTP][39m [37m<-- POST /wd/hub/session/5876f1a5-0178-4df1-941e-daefe879b863/elements [39m[32m200[39m [90m37 ms - 74[39m
[35m[HTTP][39m [90m[39m
[35m[HTTP][39m [37m-->[39m [37mPOST[39m [37m/wd/hub/session/5876f1a5-0178-4df1-941e-daefe879b863/elements[39m
[35m[HTTP][39m [90m{"using":"-android uiautomator","value":"new UiSelector().text(\"My Cars\")"}[39m
[35m[HTTP][39m [37m<-- POST /wd/hub/session/5876f1a5-0178-4df1-941e-daefe879b863/elements [39m[32m200[39m [90m31 ms - 74[39m
[35m[HTTP][39m [90m[39m
[35m[HTTP][39m [37m-->[39m [37mPOST[39m [37m/wd/hub/session/5876f1a5-0178-4df1-941e-daefe879b863/elements[39m
[35m[HTTP][39m [90m{"using":"-android uiautomator","value":"new UiSelector().text(\"My Cars\")"}[39m
[35m[HTTP][39m [37m<-- POST /wd/hub/session/5876f1a5-0178-4df1-941e-daefe879b863/elements [39m[32m200[39m [90m46 ms - 74[39m
[35m[HTTP][39m [90m[39m
[35m[HTTP][39m [37m-->[39m [37mPOST[39m [37m/wd/hub/session/5876f1a5-0178-4df1-941e-daefe879b863/elements[39m
[35m[HTTP][39m [90m{"using":"-android uiautomator","value":"new UiSelector().text(\"My Cars\")"}[39m
[35m[HTTP][39m [37m<-- POST /wd/hub/session/5876f1a5-0178-4df1-941e-daefe879b863/elements [39m[32m200[39m [90m47 ms - 74[39m
[35m[HTTP][39m [90m[39m
[35m[HTTP][39m [37m-->[39m [37mPOST[39m [37m/wd/hub/session/5876f1a5-0178-4df1-941e-daefe879b863/elements[39m
[35m[HTTP][39m [90m{"using":"-android uiautomator","value":"new UiSelector().text(\"My Cars\")"}[39m
[35m[HTTP][39m [37m<-- POST /wd/hub/session/5876f1a5-0178-4df1-941e-daefe879b863/elements [39m[32m200[39m [90m45 ms - 74[39m
[35m[HTTP][39m [90m[39m
[35m[HTTP][39m [37m-->[39m [37mPOST[39m [37m/wd/hub/session/5876f1a5-0178-4df1-941e-daefe879b863/elements[39m
[35m[HTTP][39m [90m{"using":"-android uiautomator","value":"new UiSelector().text(\"My Cars\")"}[39m
[35m[HTTP][39m [37m<-- POST /wd/hub/session/5876f1a5-0178-4df1-941e-daefe879b863/elements [39m[32m200[39m [90m41 ms - 74[39m
[35m[HTTP][39m [90m[39m
[35m[HTTP][39m [37m-->[39m [37mPOST[39m [37m/wd/hub/session/5876f1a5-0178-4df1-941e-daefe879b863/elements[39m
[35m[HTTP][39m [90m{"using":"-android uiautomator","value":"new UiSelector().text(\"My Cars\")"}[39m
[35m[HTTP][39m [37m<-- POST /wd/hub/session/5876f1a5-0178-4df1-941e-daefe879b863/elements [39m[32m200[39m [90m28 ms - 74[39m
[35m[HTTP][39m [90m[39m
[35m[HTTP][39m [37m-->[39m [37mPOST[39m [37m/wd/hub/session/5876f1a5-0178-4df1-941e-daefe879b863/elements[39m
[35m[HTTP][39m [90m{"using":"-android uiautomator","value":"new UiSelector().text(\"My Cars\")"}[39m
[35m[HTTP][39m [37m<-- POST /wd/hub/session/5876f1a5-0178-4df1-941e-daefe879b863/elements [39m[32m200[39m [90m29 ms - 74[39m
[35m[HTTP][39m [90m[39m
[35m[HTTP][39m [37m-->[39m [37mPOST[39m [37m/wd/hub/session/5876f1a5-0178-4df1-941e-daefe879b863/elements[39m
[35m[HTTP][39m [90m{"using":"-android uiautomator","value":"new UiSelector().text(\"My Cars\")"}[39m
[35m[HTTP][39m [37m<-- POST /wd/hub/session/5876f1a5-0178-4df1-941e-daefe879b863/elements [39m[32m200[39m [90m45 ms - 74[39m
[35m[HTTP][39m [90m[39m
[35m[HTTP][39m [37m-->[39m [37mPOST[39m [37m/wd/hub/session/5876f1a5-0178-4df1-941e-daefe879b863/elements[39m
[35m[HTTP][39m [90m{"using":"-android uiautomator","value":"new UiSelector().text(\"My Cars\")"}[39m
[35m[HTTP][39m [37m<-- POST /wd/hub/session/5876f1a5-0178-4df1-941e-daefe879b863/elements [39m[32m200[39m [90m43 ms - 74[39m
[35m[HTTP][39m [90m[39m
[35m[HTTP][39m [37m-->[39m [37mPOST[39m [37m/wd/hub/session/5876f1a5-0178-4df1-941e-daefe879b863/elements[39m
[35m[HTTP][39m [90m{"using":"-android uiautomator","value":"new UiSelector().text(\"My Cars\")"}[39m
[35m[HTTP][39m [37m<-- POST /wd/hub/session/5876f1a5-0178-4df1-941e-daefe879b863/elements [39m[32m200[39m [90m647 ms - 124[39m
[35m[HTTP][39m [90m[39m
[35m[HTTP][39m [37m-->[39m [37mGET[39m [37m/wd/hub/session/5876f1a5-0178-4df1-941e-daefe879b863[39m
[35m[HTTP][39m [90m{}[39m
[35m[HTTP][39m [37m<-- GET /wd/hub/session/5876f1a5-0178-4df1-941e-daefe879b863 [39m[32m200[39m [90m18 ms - 1260[39m
[35m[HTTP][39m [90m[39m
[35m[HTTP][39m [37m-->[39m [37mGET[39m [37m/wd/hub/session/5876f1a5-0178-4df1-941e-daefe879b863[39m
[35m[HTTP][39m [90m{}[39m
[35m[HTTP][39m [37m<-- GET /wd/hub/session/5876f1a5-0178-4df1-941e-daefe879b863 [39m[32m200[39m [90m20 ms - 1260[39m
[35m[HTTP][39m [90m[39m
[35m[HTTP][39m [37m-->[39m [37mGET[39m [37m/wd/hub/session/5876f1a5-0178-4df1-941e-daefe879b863[39m
[35m[HTTP][39m [90m{}[39m
[35m[HTTP][39m [37m<-- GET /wd/hub/session/5876f1a5-0178-4df1-941e-daefe879b863 [39m[32m200[39m [90m23 ms - 1260[39m
[35m[HTTP][39m [90m[39m
[35m[HTTP][39m [37m-->[39m [37mGET[39m [37m/wd/hub/session/5876f1a5-0178-4df1-941e-daefe879b863[39m
[35m[HTTP][39m [90m{}[39m
[35m[HTTP][39m [37m<-- GET /wd/hub/session/5876f1a5-0178-4df1-941e-daefe879b863 [39m[32m200[39m [90m21 ms - 1260[39m
[35m[HTTP][39m [90m[39m
[35m[HTTP][39m [37m-->[39m [37mGET[39m [37m/wd/hub/session/5876f1a5-0178-4df1-941e-daefe879b863/element/f4aa2a5c-49ee-46f0-b75d-6884b139d66a/location[39m
[35m[HTTP][39m [90m{}[39m
[35m[W3C][39m Driver proxy active, passing request on via HTTP proxy
[35m[JSONWP Proxy][39m Replacing sessionId 1e90c454-a7c2-44b1-887c-4fda7b52c3c7 with 5876f1a5-0178-4df1-941e-daefe879b863
[35m[HTTP][39m [37m<-- GET /wd/hub/session/5876f1a5-0178-4df1-941e-daefe879b863/element/f4aa2a5c-49ee-46f0-b75d-6884b139d66a/location [39m[32m200[39m [90m62 ms - 89[39m
[35m[HTTP][39m [90m[39m
[35m[HTTP][39m [37m-->[39m [37mPOST[39m [37m/wd/hub/session/5876f1a5-0178-4df1-941e-daefe879b863/touch/perform[39m
[35m[HTTP][39m [90m{"actions":[{"action":"tap","options":{"element":"f4aa2a5c-49ee-46f0-b75d-6884b139d66a","x":1,"y":1}}]}[39m
[35m[UiAutomator2][39m calling get location: f4aa2a5c-49ee-46f0-b75d-6884b139d66a
[35m[HTTP][39m [37m<-- POST /wd/hub/session/5876f1a5-0178-4df1-941e-daefe879b863/touch/perform [39m[32m200[39m [90m1108 ms - 76[39m
[35m[HTTP][39m [90m[39m
[35m[HTTP][39m [37m-->[39m [37mGET[39m [37m/wd/hub/session/5876f1a5-0178-4df1-941e-daefe879b863/window/current/size[39m
[35m[HTTP][39m [90m{}[39m
[35m[W3C][39m Driver proxy active, passing request on via HTTP proxy
[35m[JSONWP Proxy][39m Replacing sessionId 1e90c454-a7c2-44b1-887c-4fda7b52c3c7 with 5876f1a5-0178-4df1-941e-daefe879b863
[35m[HTTP][39m [37m<-- GET /wd/hub/session/5876f1a5-0178-4df1-941e-daefe879b863/window/current/size [39m[32m200[39m [90m27 ms - 99[39m
[35m[HTTP][39m [90m[39m
[35m[HTTP][39m [37m-->[39m [37mPOST[39m [37m/wd/hub/session/5876f1a5-0178-4df1-941e-daefe879b863/elements[39m
[35m[HTTP][39m [90m{"using":"-android uiautomator","value":"new UiSelector().className(\"android.widget.EditText\").text(\"Search car\").resourceId(\"id.astra.stable.movic:id/mTxtSearch\").instance(0)"}[39m
[35m[HTTP][39m [37m<-- POST /wd/hub/session/5876f1a5-0178-4df1-941e-daefe879b863/elements [39m[32m200[39m [90m167 ms - 124[39m
[35m[HTTP][39m [90m[39m
[35m[HTTP][39m [37m-->[39m [37mGET[39m [37m/wd/hub/session/5876f1a5-0178-4df1-941e-daefe879b863[39m
[35m[HTTP][39m [90m{}[39m
[35m[HTTP][39m [37m<-- GET /wd/hub/session/5876f1a5-0178-4df1-941e-daefe879b863 [39m[32m200[39m [90m25 ms - 1260[39m
[35m[HTTP][39m [90m[39m
[35m[HTTP][39m [37m-->[39m [37mGET[39m [37m/wd/hub/session/5876f1a5-0178-4df1-941e-daefe879b863[39m
[35m[HTTP][39m [90m{}[39m
[35m[HTTP][39m [37m<-- GET /wd/hub/session/5876f1a5-0178-4df1-941e-daefe879b863 [39m[32m200[39m [90m24 ms - 1260[39m
[35m[HTTP][39m [90m[39m
[35m[HTTP][39m [37m-->[39m [37mGET[39m [37m/wd/hub/session/5876f1a5-0178-4df1-941e-daefe879b863[39m
[35m[HTTP][39m [90m{}[39m
[35m[HTTP][39m [37m<-- GET /wd/hub/session/5876f1a5-0178-4df1-941e-daefe879b863 [39m[32m200[39m [90m25 ms - 1260[39m
[35m[HTTP][39m [90m[39m
[35m[HTTP][39m [37m-->[39m [37mGET[39m [37m/wd/hub/session/5876f1a5-0178-4df1-941e-daefe879b863[39m
[35m[HTTP][39m [90m{}[39m
[35m[HTTP][39m [37m<-- GET /wd/hub/session/5876f1a5-0178-4df1-941e-daefe879b863 [39m[32m200[39m [90m22 ms - 1260[39m
[35m[HTTP][39m [90m[39m
[35m[HTTP][39m [37m-->[39m [37mGET[39m [37m/wd/hub/session/5876f1a5-0178-4df1-941e-daefe879b863/element/5ab973a5-9be1-4d61-b873-1a03601d8cb8/location[39m
[35m[HTTP][39m [90m{}[39m
[35m[W3C][39m Driver proxy active, passing request on via HTTP proxy
[35m[JSONWP Proxy][39m Replacing sessionId 1e90c454-a7c2-44b1-887c-4fda7b52c3c7 with 5876f1a5-0178-4df1-941e-daefe879b863
[35m[HTTP][39m [37m<-- GET /wd/hub/session/5876f1a5-0178-4df1-941e-daefe879b863/element/5ab973a5-9be1-4d61-b873-1a03601d8cb8/location [39m[32m200[39m [90m64 ms - 88[39m
[35m[HTTP][39m [90m[39m
[35m[HTTP][39m [37m-->[39m [37mPOST[39m [37m/wd/hub/session/5876f1a5-0178-4df1-941e-daefe879b863/element/5ab973a5-9be1-4d61-b873-1a03601d8cb8/clear[39m
[35m[HTTP][39m [90m{"id":"5ab973a5-9be1-4d61-b873-1a03601d8cb8"}[39m
[35m[HTTP][39m [37m<-- POST /wd/hub/session/5876f1a5-0178-4df1-941e-daefe879b863/element/5ab973a5-9be1-4d61-b873-1a03601d8cb8/clear [39m[32m200[39m [90m60 ms - 89[39m
[35m[HTTP][39m [90m[39m
[35m[HTTP][39m [37m-->[39m [37mPOST[39m [37m/wd/hub/session/5876f1a5-0178-4df1-941e-daefe879b863/element/5ab973a5-9be1-4d61-b873-1a03601d8cb8/value[39m
[35m[HTTP][39m [90m{"id":"5ab973a5-9be1-4d61-b873-1a03601d8cb8","value":["Mitsubishi"]}[39m
[35m[HTTP][39m [37m<-- POST /wd/hub/session/5876f1a5-0178-4df1-941e-daefe879b863/element/5ab973a5-9be1-4d61-b873-1a03601d8cb8/value [39m[32m200[39m [90m1339 ms - 74[39m
[35m[HTTP][39m [90m[39m
[35m[HTTP][39m [37m-->[39m [37mGET[39m [37m/wd/hub/session/5876f1a5-0178-4df1-941e-daefe879b863/window/current/size[39m
[35m[HTTP][39m [90m{}[39m
[35m[W3C][39m Driver proxy active, passing request on via HTTP proxy
[35m[JSONWP Proxy][39m Replacing sessionId 1e90c454-a7c2-44b1-887c-4fda7b52c3c7 with 5876f1a5-0178-4df1-941e-daefe879b863
[35m[HTTP][39m [37m<-- GET /wd/hub/session/5876f1a5-0178-4df1-941e-daefe879b863/window/current/size [39m[32m200[39m [90m38 ms - 99[39m
[35m[HTTP][39m [90m[39m
[35m[HTTP][39m [37m-->[39m [37mPOST[39m [37m/wd/hub/session/5876f1a5-0178-4df1-941e-daefe879b863/elements[39m
[35m[HTTP][39m [90m{"using":"-android uiautomator","value":"new UiSelector().className(\"android.widget.ImageView\").resourceId(\"id.astra.stable.movic:id/imgSearch\").instance(6)"}[39m
[35m[HTTP][39m [37m<-- POST /wd/hub/session/5876f1a5-0178-4df1-941e-daefe879b863/elements [39m[32m200[39m [90m553 ms - 124[39m
[35m[HTTP][39m [90m[39m
[35m[HTTP][39m [37m-->[39m [37mGET[39m [37m/wd/hub/session/5876f1a5-0178-4df1-941e-daefe879b863[39m
[35m[HTTP][39m [90m{}[39m
[35m[HTTP][39m [37m<-- GET /wd/hub/session/5876f1a5-0178-4df1-941e-daefe879b863 [39m[32m200[39m [90m23 ms - 1260[39m
[35m[HTTP][39m [90m[39m
[35m[HTTP][39m [37m-->[39m [37mGET[39m [37m/wd/hub/session/5876f1a5-0178-4df1-941e-daefe879b863[39m
[35m[HTTP][39m [90m{}[39m
[35m[HTTP][39m [37m<-- GET /wd/hub/session/5876f1a5-0178-4df1-941e-daefe879b863 [39m[32m200[39m [90m20 ms - 1260[39m
[35m[HTTP][39m [90m[39m
[35m[HTTP][39m [37m-->[39m [37mGET[39m [37m/wd/hub/session/5876f1a5-0178-4df1-941e-daefe879b863[39m
[35m[HTTP][39m [90m{}[39m
[35m[HTTP][39m [37m<-- GET /wd/hub/session/5876f1a5-0178-4df1-941e-daefe879b863 [39m[32m200[39m [90m23 ms - 1260[39m
[35m[HTTP][39m [90m[39m
[35m[HTTP][39m [37m-->[39m [37mGET[39m [37m/wd/hub/session/5876f1a5-0178-4df1-941e-daefe879b863[39m
[35m[HTTP][39m [90m{}[39m
[35m[HTTP][39m [37m<-- GET /wd/hub/session/5876f1a5-0178-4df1-941e-daefe879b863 [39m[32m200[39m [90m25 ms - 1260[39m
[35m[HTTP][39m [90m[39m
[35m[HTTP][39m [37m-->[39m [37mGET[39m [37m/wd/hub/session/5876f1a5-0178-4df1-941e-daefe879b863/element/eb77645b-adb8-4295-b2bd-82c07b9d8b98/location[39m
[35m[HTTP][39m [90m{}[39m
[35m[W3C][39m Driver proxy active, passing request on via HTTP proxy
[35m[JSONWP Proxy][39m Replacing sessionId 1e90c454-a7c2-44b1-887c-4fda7b52c3c7 with 5876f1a5-0178-4df1-941e-daefe879b863
[35m[HTTP][39m [37m<-- GET /wd/hub/session/5876f1a5-0178-4df1-941e-daefe879b863/element/eb77645b-adb8-4295-b2bd-82c07b9d8b98/location [39m[32m200[39m [90m72 ms - 89[39m
[35m[HTTP][39m [90m[39m
[35m[HTTP][39m [37m-->[39m [37mPOST[39m [37m/wd/hub/session/5876f1a5-0178-4df1-941e-daefe879b863/touch/perform[39m
[35m[HTTP][39m [90m{"actions":[{"action":"tap","options":{"element":"eb77645b-adb8-4295-b2bd-82c07b9d8b98","x":1,"y":1}}]}[39m
[35m[UiAutomator2][39m calling get location: eb77645b-adb8-4295-b2bd-82c07b9d8b98
[35m[HTTP][39m [37m<-- POST /wd/hub/session/5876f1a5-0178-4df1-941e-daefe879b863/touch/perform [39m[32m200[39m [90m1216 ms - 76[39m
[35m[HTTP][39m [90m[39m
[35m[HTTP][39m [37m-->[39m [37mGET[39m [37m/wd/hub/session/5876f1a5-0178-4df1-941e-daefe879b863/window/current/size[39m
[35m[HTTP][39m [90m{}[39m
[35m[W3C][39m Driver proxy active, passing request on via HTTP proxy
[35m[JSONWP Proxy][39m Replacing sessionId 1e90c454-a7c2-44b1-887c-4fda7b52c3c7 with 5876f1a5-0178-4df1-941e-daefe879b863
[35m[HTTP][39m [37m<-- GET /wd/hub/session/5876f1a5-0178-4df1-941e-daefe879b863/window/current/size [39m[32m200[39m [90m37 ms - 99[39m
[35m[HTTP][39m [90m[39m
[35m[HTTP][39m [37m-->[39m [37mPOST[39m [37m/wd/hub/session/5876f1a5-0178-4df1-941e-daefe879b863/elements[39m
[35m[HTTP][39m [90m{"using":"-android uiautomator","value":"new UiSelector().className(\"android.widget.ImageView\").resourceId(\"id.astra.stable.movic:id/imgOption\").instance(9)"}[39m
[35m[HTTP][39m [37m<-- POST /wd/hub/session/5876f1a5-0178-4df1-941e-daefe879b863/elements [39m[32m200[39m [90m165 ms - 124[39m
[35m[HTTP][39m [90m[39m
[35m[HTTP][39m [37m-->[39m [37mGET[39m [37m/wd/hub/session/5876f1a5-0178-4df1-941e-daefe879b863[39m
[35m[HTTP][39m [90m{}[39m
[35m[HTTP][39m [37m<-- GET /wd/hub/session/5876f1a5-0178-4df1-941e-daefe879b863 [39m[32m200[39m [90m34 ms - 1260[39m
[35m[HTTP][39m [90m[39m
[35m[HTTP][39m [37m-->[39m [37mGET[39m [37m/wd/hub/session/5876f1a5-0178-4df1-941e-daefe879b863[39m
[35m[HTTP][39m [90m{}[39m
[35m[HTTP][39m [37m<-- GET /wd/hub/session/5876f1a5-0178-4df1-941e-daefe879b863 [39m[32m200[39m [90m20 ms - 1260[39m
[35m[HTTP][39m [90m[39m
[35m[HTTP][39m [37m-->[39m [37mGET[39m [37m/wd/hub/session/5876f1a5-0178-4df1-941e-daefe879b863[39m
[35m[HTTP][39m [90m{}[39m
[35m[HTTP][39m [37m<-- GET /wd/hub/session/5876f1a5-0178-4df1-941e-daefe879b863 [39m[32m200[39m [90m26 ms - 1260[39m
[35m[HTTP][39m [90m[39m
[35m[HTTP][39m [37m-->[39m [37mGET[39m [37m/wd/hub/session/5876f1a5-0178-4df1-941e-daefe879b863[39m
[35m[HTTP][39m [90m{}[39m
[35m[HTTP][39m [37m<-- GET /wd/hub/session/5876f1a5-0178-4df1-941e-daefe879b863 [39m[32m200[39m [90m24 ms - 1260[39m
[35m[HTTP][39m [90m[39m
[35m[HTTP][39m [37m-->[39m [37mGET[39m [37m/wd/hub/session/5876f1a5-0178-4df1-941e-daefe879b863/element/7990f4cb-8b91-407d-b82a-1f9de229d21a/location[39m
[35m[HTTP][39m [90m{}[39m
[35m[W3C][39m Driver proxy active, passing request on via HTTP proxy
[35m[JSONWP Proxy][39m Replacing sessionId 1e90c454-a7c2-44b1-887c-4fda7b52c3c7 with 5876f1a5-0178-4df1-941e-daefe879b863
[35m[HTTP][39m [37m<-- GET /wd/hub/session/5876f1a5-0178-4df1-941e-daefe879b863/element/7990f4cb-8b91-407d-b82a-1f9de229d21a/location [39m[32m200[39m [90m68 ms - 89[39m
[35m[HTTP][39m [90m[39m
[35m[HTTP][39m [37m-->[39m [37mPOST[39m [37m/wd/hub/session/5876f1a5-0178-4df1-941e-daefe879b863/touch/perform[39m
[35m[HTTP][39m [90m{"actions":[{"action":"tap","options":{"element":"7990f4cb-8b91-407d-b82a-1f9de229d21a","x":1,"y":1}}]}[39m
[35m[UiAutomator2][39m calling get location: 7990f4cb-8b91-407d-b82a-1f9de229d21a
[35m[HTTP][39m [37m<-- POST /wd/hub/session/5876f1a5-0178-4df1-941e-daefe879b863/touch/perform [39m[32m200[39m [90m939 ms - 76[39m
[35m[HTTP][39m [90m[39m
[35m[HTTP][39m [37m-->[39m [37mGET[39m [37m/wd/hub/session/5876f1a5-0178-4df1-941e-daefe879b863/window/current/size[39m
[35m[HTTP][39m [90m{}[39m
[35m[W3C][39m Driver proxy active, passing request on via HTTP proxy
[35m[JSONWP Proxy][39m Replacing sessionId 1e90c454-a7c2-44b1-887c-4fda7b52c3c7 with 5876f1a5-0178-4df1-941e-daefe879b863
[35m[HTTP][39m [37m<-- GET /wd/hub/session/5876f1a5-0178-4df1-941e-daefe879b863/window/current/size [39m[32m200[39m [90m32 ms - 99[39m
[35m[HTTP][39m [90m[39m
[35m[HTTP][39m [37m-->[39m [37mPOST[39m [37m/wd/hub/session/5876f1a5-0178-4df1-941e-daefe879b863/elements[39m
[35m[HTTP][39m [90m{"using":"-android uiautomator","value":"new UiSelector().className(\"android.widget.RelativeLayout\").resourceId(\"id.astra.stable.movic:id/layDelete\").instance(3)"}[39m
[35m[HTTP][39m [37m<-- POST /wd/hub/session/5876f1a5-0178-4df1-941e-daefe879b863/elements [39m[32m200[39m [90m105 ms - 124[39m
[35m[HTTP][39m [90m[39m
[35m[HTTP][39m [37m-->[39m [37mGET[39m [37m/wd/hub/session/5876f1a5-0178-4df1-941e-daefe879b863[39m
[35m[HTTP][39m [90m{}[39m
[35m[HTTP][39m [37m<-- GET /wd/hub/session/5876f1a5-0178-4df1-941e-daefe879b863 [39m[32m200[39m [90m35 ms - 1260[39m
[35m[HTTP][39m [90m[39m
[35m[HTTP][39m [37m-->[39m [37mGET[39m [37m/wd/hub/session/5876f1a5-0178-4df1-941e-daefe879b863[39m
[35m[HTTP][39m [90m{}[39m
[35m[HTTP][39m [37m<-- GET /wd/hub/session/5876f1a5-0178-4df1-941e-daefe879b863 [39m[32m200[39m [90m26 ms - 1260[39m
[35m[HTTP][39m [90m[39m
[35m[HTTP][39m [37m-->[39m [37mGET[39m [37m/wd/hub/session/5876f1a5-0178-4df1-941e-daefe879b863[39m
[35m[HTTP][39m [90m{}[39m
[35m[HTTP][39m [37m<-- GET /wd/hub/session/5876f1a5-0178-4df1-941e-daefe879b863 [39m[32m200[39m [90m27 ms - 1260[39m
[35m[HTTP][39m [90m[39m
[35m[HTTP][39m [37m-->[39m [37mGET[39m [37m/wd/hub/session/5876f1a5-0178-4df1-941e-daefe879b863[39m
[35m[HTTP][39m [90m{}[39m
[35m[HTTP][39m [37m<-- GET /wd/hub/session/5876f1a5-0178-4df1-941e-daefe879b863 [39m[32m200[39m [90m30 ms - 1260[39m
[35m[HTTP][39m [90m[39m
[35m[HTTP][39m [37m-->[39m [37mGET[39m [37m/wd/hub/session/5876f1a5-0178-4df1-941e-daefe879b863/element/de2321e1-6bce-4ebe-a86d-a4374501ba6e/location[39m
[35m[HTTP][39m [90m{}[39m
[35m[W3C][39m Driver proxy active, passing request on via HTTP proxy
[35m[JSONWP Proxy][39m Replacing sessionId 1e90c454-a7c2-44b1-887c-4fda7b52c3c7 with 5876f1a5-0178-4df1-941e-daefe879b863
[35m[HTTP][39m [37m<-- GET /wd/hub/session/5876f1a5-0178-4df1-941e-daefe879b863/element/de2321e1-6bce-4ebe-a86d-a4374501ba6e/location [39m[32m200[39m [90m51 ms - 88[39m
[35m[HTTP][39m [90m[39m
[35m[HTTP][39m [37m-->[39m [37mPOST[39m [37m/wd/hub/session/5876f1a5-0178-4df1-941e-daefe879b863/touch/perform[39m
[35m[HTTP][39m [90m{"actions":[{"action":"tap","options":{"element":"de2321e1-6bce-4ebe-a86d-a4374501ba6e","x":1,"y":1}}]}[39m
[35m[UiAutomator2][39m calling get location: de2321e1-6bce-4ebe-a86d-a4374501ba6e
[35m[HTTP][39m [37m<-- POST /wd/hub/session/5876f1a5-0178-4df1-941e-daefe879b863/touch/perform [39m[32m200[39m [90m961 ms - 76[39m
[35m[HTTP][39m [90m[39m
[35m[HTTP][39m [37m-->[39m [37mGET[39m [37m/wd/hub/session/5876f1a5-0178-4df1-941e-daefe879b863/window/current/size[39m
[35m[HTTP][39m [90m{}[39m
[35m[W3C][39m Driver proxy active, passing request on via HTTP proxy
[35m[JSONWP Proxy][39m Replacing sessionId 1e90c454-a7c2-44b1-887c-4fda7b52c3c7 with 5876f1a5-0178-4df1-941e-daefe879b863
[35m[HTTP][39m [37m<-- GET /wd/hub/session/5876f1a5-0178-4df1-941e-daefe879b863/window/current/size [39m[32m200[39m [90m30 ms - 99[39m
[35m[HTTP][39m [90m[39m
[35m[HTTP][39m [37m-->[39m [37mPOST[39m [37m/wd/hub/session/5876f1a5-0178-4df1-941e-daefe879b863/elements[39m
[35m[HTTP][39m [90m{"using":"-android uiautomator","value":"new UiSelector().className(\"android.widget.TextView\").text(\"OK\").resourceId(\"id.astra.stable.movic:id/md_buttonDefaultPositive\").instance(3)"}[39m
[35m[HTTP][39m [37m<-- POST /wd/hub/session/5876f1a5-0178-4df1-941e-daefe879b863/elements [39m[32m200[39m [90m62 ms - 124[39m
[35m[HTTP][39m [90m[39m
[35m[HTTP][39m [37m-->[39m [37mGET[39m [37m/wd/hub/session/5876f1a5-0178-4df1-941e-daefe879b863[39m
[35m[HTTP][39m [90m{}[39m
[35m[HTTP][39m [37m<-- GET /wd/hub/session/5876f1a5-0178-4df1-941e-daefe879b863 [39m[32m200[39m [90m22 ms - 1260[39m
[35m[HTTP][39m [90m[39m
[35m[HTTP][39m [37m-->[39m [37mGET[39m [37m/wd/hub/session/5876f1a5-0178-4df1-941e-daefe879b863[39m
[35m[HTTP][39m [90m{}[39m
[35m[HTTP][39m [37m<-- GET /wd/hub/session/5876f1a5-0178-4df1-941e-daefe879b863 [39m[32m200[39m [90m26 ms - 1260[39m
[35m[HTTP][39m [90m[39m
[35m[HTTP][39m [37m-->[39m [37mGET[39m [37m/wd/hub/session/5876f1a5-0178-4df1-941e-daefe879b863[39m
[35m[HTTP][39m [90m{}[39m
[35m[HTTP][39m [37m<-- GET /wd/hub/session/5876f1a5-0178-4df1-941e-daefe879b863 [39m[32m200[39m [90m30 ms - 1260[39m
[35m[HTTP][39m [90m[39m
[35m[HTTP][39m [37m-->[39m [37mGET[39m [37m/wd/hub/session/5876f1a5-0178-4df1-941e-daefe879b863[39m
[35m[HTTP][39m [90m{}[39m
[35m[HTTP][39m [37m<-- GET /wd/hub/session/5876f1a5-0178-4df1-941e-daefe879b863 [39m[32m200[39m [90m23 ms - 1260[39m
[35m[HTTP][39m [90m[39m
[35m[HTTP][39m [37m-->[39m [37mGET[39m [37m/wd/hub/session/5876f1a5-0178-4df1-941e-daefe879b863/element/de3d958d-4fc8-4f93-832d-552bf90ca87d/location[39m
[35m[HTTP][39m [90m{}[39m
[35m[W3C][39m Driver proxy active, passing request on via HTTP proxy
[35m[JSONWP Proxy][39m Replacing sessionId 1e90c454-a7c2-44b1-887c-4fda7b52c3c7 with 5876f1a5-0178-4df1-941e-daefe879b863
[35m[HTTP][39m [37m<-- GET /wd/hub/session/5876f1a5-0178-4df1-941e-daefe879b863/element/de3d958d-4fc8-4f93-832d-552bf90ca87d/location [39m[32m200[39m [90m42 ms - 89[39m
[35m[HTTP][39m [90m[39m
[35m[HTTP][39m [37m-->[39m [37mPOST[39m [37m/wd/hub/session/5876f1a5-0178-4df1-941e-daefe879b863/touch/perform[39m
[35m[HTTP][39m [90m{"actions":[{"action":"tap","options":{"element":"de3d958d-4fc8-4f93-832d-552bf90ca87d","x":1,"y":1}}]}[39m
[35m[UiAutomator2][39m calling get location: de3d958d-4fc8-4f93-832d-552bf90ca87d
[35m[HTTP][39m [37m<-- POST /wd/hub/session/5876f1a5-0178-4df1-941e-daefe879b863/touch/perform [39m[32m200[39m [90m1517 ms - 76[39m
[35m[HTTP][39m [90m[39m
[35m[HTTP][39m [37m-->[39m [37mDELETE[39m [37m/wd/hub/session/5876f1a5-0178-4df1-941e-daefe879b863[39m
[35m[HTTP][39m [90m{}[39m
[35m[Appium][39m Removing session 5876f1a5-0178-4df1-941e-daefe879b863 from our master session list
[35m[HTTP][39m [37m<-- DELETE /wd/hub/session/5876f1a5-0178-4df1-941e-daefe879b863 [39m[32m200[39m [90m1308 ms - 76[39m
[35m[HTTP][39m [90m[39m
