[35m[Appium][39m Welcome to Appium v1.8.1
[35m[Appium][39m Non-default server args:
[35m[Appium][39m   port: 57710
[35m[Appium][39m   loglevel: info
[35m[Appium][39m   chromeDriverPort: 57713
[35m[Appium][39m   tmpDir: C:\Users\WGS-LA~1\AppData\Local\Temp\\Katalon\Appium\Temp1542162075800
[35m[Appium][39m Appium REST http interface listener started on 0.0.0.0:57710
[35m[HTTP][39m [37m-->[39m [37mGET[39m [37m/wd/hub/status[39m
[35m[HTTP][39m [90m{}[39m
[35m[HTTP][39m [37m<-- GET /wd/hub/status [39m[32m200[39m [90m95 ms - 83[39m
[35m[HTTP][39m [90m[39m
[35m[HTTP][39m [37m-->[39m [37mPOST[39m [37m/wd/hub/session[39m
[35m[HTTP][39m [90m{"desiredCapabilities":{"app":"C:\\Users\\WGS-LAP199\\Downloads\\Movic apk\\Movic_0.9.7_2018-10-14-stable-debug.apk","autoGrantPermissions":true,"automationName":"uiautomator2","deviceId":"54e797627cf5","deviceName":"Xiaomi Redmi 5 (Android 7.1.2)","fullReset":false,"newCommandTimeout":1800,"noReset":true,"platform":"ANDROID","platformName":"Android","udid":"54e797627cf5"},"capabilities":{"desiredCapabilities":{"app":"C:\\Users\\WGS-LAP199\\Downloads\\Movic apk\\Movic_0.9.7_2018-10-14-stable-debug.apk","autoGrantPermissions":true,"automationName":"uiautomator2","deviceId":"54e797627cf5","deviceName":"Xiaomi Redmi 5 (Android 7.1.2)","fullReset":false,"newCommandTimeout":1800,"noReset":true,"platform":"ANDROID","platformName":"Android","udid":"54e797627cf5"},"firstMatch":[{"platformName":"android"}]}}[39m
[35m[Appium][39m Could not parse W3C capabilities: 'deviceName' can't be blank. Falling back to JSONWP protocol.
[35m[Appium][39m The following capabilities were provided in the JSONWP desired capabilities that are missing in W3C capabilities: ["app","autoGrantPermissions","automationName","deviceId","deviceName","fullReset","newCommandTimeout","noReset","platform","platformName","udid"]. Falling back to JSONWP protocol.
[35m[Appium][39m Creating new AndroidUiautomator2Driver (v1.12.0) session
[35m[Appium][39m Capabilities:
[35m[Appium][39m   app: C:\Users\WGS-LAP199\Downloads\Movic apk\Movic_0.9.7_2018-10-14-stable-debug.apk
[35m[Appium][39m   autoGrantPermissions: true
[35m[Appium][39m   automationName: uiautomator2
[35m[Appium][39m   deviceId: 54e797627cf5
[35m[Appium][39m   deviceName: Xiaomi Redmi 5 (Android 7.1.2)
[35m[Appium][39m   fullReset: false
[35m[Appium][39m   newCommandTimeout: 1800
[35m[Appium][39m   noReset: true
[35m[Appium][39m   platform: ANDROID
[35m[Appium][39m   platformName: Android
[35m[Appium][39m   udid: 54e797627cf5
[35m[BaseDriver][39m The following capabilities were provided, but are not recognized by appium: deviceId, platform.
[35m[BaseDriver][39m Session created with session id: 84c90d74-dd40-4b75-a944-9154e61b3c7e
[35m[BaseDriver][39m Using local app 'C:\Users\WGS-LAP199\Downloads\Movic apk\Movic_0.9.7_2018-10-14-stable-debug.apk'
[35m[AndroidDriver][39m Java version is: 1.8.0_181
[35m[ADB][39m Checking whether adb is present
[35m[ADB][39m Found 1 'build-tools' folders under 'C:\Users\WGS-LAP199\.katalon\tools\android_sdk' (newest first):
[35m[ADB][39m     C:/Users/WGS-LAP199/.katalon/tools/android_sdk/build-tools/28.0.1
[35m[ADB][39m Using adb.exe from C:\Users\WGS-LAP199\.katalon\tools\android_sdk\platform-tools\adb.exe
[35m[AndroidDriver][39m Retrieving device list
[35m[AndroidDriver][39m Using device: 54e797627cf5
[35m[ADB][39m Using the alternative activity name detection method because of: Could not find apkanalyzer.bat in C:\Users\WGS-LAP199\.katalon\tools\android_sdk\platform-tools\apkanalyzer.bat,C:\Users\WGS-LAP199\.katalon\tools\android_sdk\emulator\apkanalyzer.bat,C:\Users\WGS-LAP199\.katalon\tools\android_sdk\tools\apkanalyzer.bat,C:\Users\WGS-LAP199\.katalon\tools\android_sdk\tools\bin\apkanalyzer.bat,C:\Users\WGS-LAP199\.katalon\tools\android_sdk\build-tools\28.0.1\apkanalyzer.bat. Do you have the Android SDK installed at 'C:\Users\WGS-LAP199\.katalon\tools\android_sdk'?
[35m[ADB][39m Checking whether aapt is present
[35m[ADB][39m Using aapt.exe from C:\Users\WGS-LAP199\.katalon\tools\android_sdk\build-tools\28.0.1\aapt.exe
[35m[ADB][39m Extracting package and launch activity from manifest
[35m[ADB][39m Package name: 'id.astra.stable.movic'
[35m[ADB][39m Main activity name: 'id.astra.adp.movic.modules.main.SplashScreenActivity'
[35m[ADB][39m Getting device platform version
[35m[ADB][39m Using apksigner.bat from C:\Users\WGS-LAP199\.katalon\tools\android_sdk\build-tools\28.0.1\apksigner.bat
[35m[ADB][39m Checking whether zipalign is present
[35m[ADB][39m Using zipalign.exe from C:\Users\WGS-LAP199\.katalon\tools\android_sdk\build-tools\28.0.1\zipalign.exe
[35m[ADB][39m io.appium.uiautomator2.server was successfully uninstalled
[35m[ADB][39m io.appium.uiautomator2.server.test was successfully uninstalled
[35m[AndroidDriver][39m setDeviceLanguageCountry requires language or country.
[35m[AndroidDriver][39m Got language: 'null' and country: 'null'
[35m[ADB][39m Successfully extracted 1263 strings from 'C:\Users\WGS-LAP199\Downloads\Movic apk\Movic_0.9.7_2018-10-14-stable-debug.apk' resources for '(default)' configuration
[35m[UiAutomator2][39m Starting uiautomator2 server 1.12.0
[35m[UiAutomator2][39m Using UIAutomator2 server from 'C:\Users\WGS-LAP199\AppData\Roaming\npm\node_modules\appium\node_modules\appium-uiautomator2-server\apks\appium-uiautomator2-server-v1.12.0.apk' and test from 'C:\Users\WGS-LAP199\AppData\Roaming\npm\node_modules\appium\node_modules\appium-uiautomator2-server\apks\appium-uiautomator2-server-debug-androidTest.apk'
[35m[UiAutomator2][39m Running command: 'adb -s 54e797627cf5 shell am instrument -w io.appium.uiautomator2.server.test/android.support.test.runner.AndroidJUnitRunner'
[35m[UiAutomator2][39m Waiting up to 20000ms for UiAutomator2 to be online...
[35m[AndroidDriver][39m Screen already unlocked, doing nothing
[35m[UiAutomator2][39m UiAutomator2 did not start the activity we were waiting for, 'id.astra.stable.movic/id.astra.adp.movic.modules.main.SplashScreenActivity'. Starting it ourselves
[35m[Appium][39m New AndroidUiautomator2Driver session created successfully, session 84c90d74-dd40-4b75-a944-9154e61b3c7e added to master session list
[35m[HTTP][39m [37m<-- POST /wd/hub/session [39m[32m200[39m [90m39496 ms - 1260[39m
[35m[HTTP][39m [90m[39m
[35m[HTTP][39m [37m-->[39m [37mGET[39m [37m/wd/hub/status[39m
[35m[HTTP][39m [90m{}[39m
[35m[HTTP][39m [37m<-- GET /wd/hub/status [39m[32m200[39m [90m64 ms - 55[39m
[35m[HTTP][39m [90m[39m
[35m[HTTP][39m [37m-->[39m [37mPOST[39m [37m/wd/hub/session/84c90d74-dd40-4b75-a944-9154e61b3c7e/timeouts[39m
[35m[HTTP][39m [90m{"type":"implicit","ms":30000}[39m
[35m[HTTP][39m [37m<-- POST /wd/hub/session/84c90d74-dd40-4b75-a944-9154e61b3c7e/timeouts [39m[33m400[39m [90m24 ms - 5468[39m
[35m[HTTP][39m [90m[39m
[35m[HTTP][39m [37m-->[39m [37mGET[39m [37m/wd/hub/session/84c90d74-dd40-4b75-a944-9154e61b3c7e/window/current/size[39m
[35m[HTTP][39m [90m{}[39m
[35m[W3C][39m Driver proxy active, passing request on via HTTP proxy
[35m[JSONWP Proxy][39m Replacing sessionId f8d961cf-4bff-43f1-96d0-5d06c731abe1 with 84c90d74-dd40-4b75-a944-9154e61b3c7e
[35m[HTTP][39m [37m<-- GET /wd/hub/session/84c90d74-dd40-4b75-a944-9154e61b3c7e/window/current/size [39m[32m200[39m [90m51 ms - 99[39m
[35m[HTTP][39m [90m[39m
[35m[HTTP][39m [37m-->[39m [37mPOST[39m [37m/wd/hub/session/84c90d74-dd40-4b75-a944-9154e61b3c7e/elements[39m
[35m[HTTP][39m [90m{"using":"-android uiautomator","value":"new UiSelector().className(\"android.widget.ImageView\").resourceId(\"id.astra.stable.movic:id/mImgSkip\").instance(4)"}[39m
[35m[HTTP][39m [37m<-- POST /wd/hub/session/84c90d74-dd40-4b75-a944-9154e61b3c7e/elements [39m[32m200[39m [90m45 ms - 74[39m
[35m[HTTP][39m [90m[39m
[35m[HTTP][39m [37m-->[39m [37mPOST[39m [37m/wd/hub/session/84c90d74-dd40-4b75-a944-9154e61b3c7e/elements[39m
[35m[HTTP][39m [90m{"using":"-android uiautomator","value":"new UiSelector().className(\"android.widget.ImageView\").resourceId(\"id.astra.stable.movic:id/mImgSkip\").instance(4)"}[39m
[35m[HTTP][39m [37m<-- POST /wd/hub/session/84c90d74-dd40-4b75-a944-9154e61b3c7e/elements [39m[32m200[39m [90m529 ms - 74[39m
[35m[HTTP][39m [90m[39m
[35m[HTTP][39m [37m-->[39m [37mPOST[39m [37m/wd/hub/session/84c90d74-dd40-4b75-a944-9154e61b3c7e/elements[39m
[35m[HTTP][39m [90m{"using":"-android uiautomator","value":"new UiSelector().className(\"android.widget.ImageView\").resourceId(\"id.astra.stable.movic:id/mImgSkip\").instance(4)"}[39m
[35m[HTTP][39m [37m<-- POST /wd/hub/session/84c90d74-dd40-4b75-a944-9154e61b3c7e/elements [39m[32m200[39m [90m37 ms - 74[39m
[35m[HTTP][39m [90m[39m
[35m[HTTP][39m [37m-->[39m [37mPOST[39m [37m/wd/hub/session/84c90d74-dd40-4b75-a944-9154e61b3c7e/elements[39m
[35m[HTTP][39m [90m{"using":"-android uiautomator","value":"new UiSelector().className(\"android.widget.ImageView\").resourceId(\"id.astra.stable.movic:id/mImgSkip\").instance(4)"}[39m
[35m[HTTP][39m [37m<-- POST /wd/hub/session/84c90d74-dd40-4b75-a944-9154e61b3c7e/elements [39m[32m200[39m [90m39 ms - 74[39m
[35m[HTTP][39m [90m[39m
[35m[HTTP][39m [37m-->[39m [37mPOST[39m [37m/wd/hub/session/84c90d74-dd40-4b75-a944-9154e61b3c7e/elements[39m
[35m[HTTP][39m [90m{"using":"-android uiautomator","value":"new UiSelector().className(\"android.widget.ImageView\").resourceId(\"id.astra.stable.movic:id/mImgSkip\").instance(4)"}[39m
[35m[HTTP][39m [37m<-- POST /wd/hub/session/84c90d74-dd40-4b75-a944-9154e61b3c7e/elements [39m[32m200[39m [90m33 ms - 74[39m
[35m[HTTP][39m [90m[39m
[35m[HTTP][39m [37m-->[39m [37mPOST[39m [37m/wd/hub/session/84c90d74-dd40-4b75-a944-9154e61b3c7e/elements[39m
[35m[HTTP][39m [90m{"using":"-android uiautomator","value":"new UiSelector().className(\"android.widget.ImageView\").resourceId(\"id.astra.stable.movic:id/mImgSkip\").instance(4)"}[39m
[35m[HTTP][39m [37m<-- POST /wd/hub/session/84c90d74-dd40-4b75-a944-9154e61b3c7e/elements [39m[32m200[39m [90m34 ms - 74[39m
[35m[HTTP][39m [90m[39m
[35m[HTTP][39m [37m-->[39m [37mPOST[39m [37m/wd/hub/session/84c90d74-dd40-4b75-a944-9154e61b3c7e/elements[39m
[35m[HTTP][39m [90m{"using":"-android uiautomator","value":"new UiSelector().className(\"android.widget.ImageView\").resourceId(\"id.astra.stable.movic:id/mImgSkip\").instance(4)"}[39m
[35m[HTTP][39m [37m<-- POST /wd/hub/session/84c90d74-dd40-4b75-a944-9154e61b3c7e/elements [39m[32m200[39m [90m114 ms - 74[39m
[35m[HTTP][39m [90m[39m
[35m[HTTP][39m [37m-->[39m [37mPOST[39m [37m/wd/hub/session/84c90d74-dd40-4b75-a944-9154e61b3c7e/elements[39m
[35m[HTTP][39m [90m{"using":"-android uiautomator","value":"new UiSelector().className(\"android.widget.ImageView\").resourceId(\"id.astra.stable.movic:id/mImgSkip\").instance(4)"}[39m
[35m[HTTP][39m [37m<-- POST /wd/hub/session/84c90d74-dd40-4b75-a944-9154e61b3c7e/elements [39m[32m200[39m [90m37 ms - 74[39m
[35m[HTTP][39m [90m[39m
[35m[HTTP][39m [37m-->[39m [37mPOST[39m [37m/wd/hub/session/84c90d74-dd40-4b75-a944-9154e61b3c7e/elements[39m
[35m[HTTP][39m [90m{"using":"-android uiautomator","value":"new UiSelector().className(\"android.widget.ImageView\").resourceId(\"id.astra.stable.movic:id/mImgSkip\").instance(4)"}[39m
[35m[HTTP][39m [37m<-- POST /wd/hub/session/84c90d74-dd40-4b75-a944-9154e61b3c7e/elements [39m[32m200[39m [90m37 ms - 74[39m
[35m[HTTP][39m [90m[39m
[35m[HTTP][39m [37m-->[39m [37mPOST[39m [37m/wd/hub/session/84c90d74-dd40-4b75-a944-9154e61b3c7e/elements[39m
[35m[HTTP][39m [90m{"using":"-android uiautomator","value":"new UiSelector().className(\"android.widget.ImageView\").resourceId(\"id.astra.stable.movic:id/mImgSkip\").instance(4)"}[39m
[35m[HTTP][39m [37m<-- POST /wd/hub/session/84c90d74-dd40-4b75-a944-9154e61b3c7e/elements [39m[32m200[39m [90m36 ms - 74[39m
[35m[HTTP][39m [90m[39m
[35m[HTTP][39m [37m-->[39m [37mPOST[39m [37m/wd/hub/session/84c90d74-dd40-4b75-a944-9154e61b3c7e/elements[39m
[35m[HTTP][39m [90m{"using":"-android uiautomator","value":"new UiSelector().className(\"android.widget.ImageView\").resourceId(\"id.astra.stable.movic:id/mImgSkip\").instance(4)"}[39m
[35m[HTTP][39m [37m<-- POST /wd/hub/session/84c90d74-dd40-4b75-a944-9154e61b3c7e/elements [39m[32m200[39m [90m38 ms - 74[39m
[35m[HTTP][39m [90m[39m
[35m[HTTP][39m [37m-->[39m [37mPOST[39m [37m/wd/hub/session/84c90d74-dd40-4b75-a944-9154e61b3c7e/elements[39m
[35m[HTTP][39m [90m{"using":"-android uiautomator","value":"new UiSelector().className(\"android.widget.ImageView\").resourceId(\"id.astra.stable.movic:id/mImgSkip\").instance(4)"}[39m
[35m[HTTP][39m [37m<-- POST /wd/hub/session/84c90d74-dd40-4b75-a944-9154e61b3c7e/elements [39m[32m200[39m [90m386 ms - 74[39m
[35m[HTTP][39m [90m[39m
[35m[HTTP][39m [37m-->[39m [37mPOST[39m [37m/wd/hub/session/84c90d74-dd40-4b75-a944-9154e61b3c7e/elements[39m
[35m[HTTP][39m [90m{"using":"-android uiautomator","value":"new UiSelector().className(\"android.widget.ImageView\").resourceId(\"id.astra.stable.movic:id/mImgSkip\").instance(4)"}[39m
[35m[HTTP][39m [37m<-- POST /wd/hub/session/84c90d74-dd40-4b75-a944-9154e61b3c7e/elements [39m[32m200[39m [90m235 ms - 74[39m
[35m[HTTP][39m [90m[39m
[35m[HTTP][39m [37m-->[39m [37mPOST[39m [37m/wd/hub/session/84c90d74-dd40-4b75-a944-9154e61b3c7e/elements[39m
[35m[HTTP][39m [90m{"using":"-android uiautomator","value":"new UiSelector().className(\"android.widget.ImageView\").resourceId(\"id.astra.stable.movic:id/mImgSkip\").instance(4)"}[39m
[35m[HTTP][39m [37m<-- POST /wd/hub/session/84c90d74-dd40-4b75-a944-9154e61b3c7e/elements [39m[32m200[39m [90m887 ms - 124[39m
[35m[HTTP][39m [90m[39m
[35m[HTTP][39m [37m-->[39m [37mGET[39m [37m/wd/hub/session/84c90d74-dd40-4b75-a944-9154e61b3c7e[39m
[35m[HTTP][39m [90m{}[39m
[35m[HTTP][39m [37m<-- GET /wd/hub/session/84c90d74-dd40-4b75-a944-9154e61b3c7e [39m[32m200[39m [90m23 ms - 1260[39m
[35m[HTTP][39m [90m[39m
[35m[HTTP][39m [37m-->[39m [37mGET[39m [37m/wd/hub/session/84c90d74-dd40-4b75-a944-9154e61b3c7e[39m
[35m[HTTP][39m [90m{}[39m
[35m[HTTP][39m [37m<-- GET /wd/hub/session/84c90d74-dd40-4b75-a944-9154e61b3c7e [39m[32m200[39m [90m29 ms - 1260[39m
[35m[HTTP][39m [90m[39m
[35m[HTTP][39m [37m-->[39m [37mGET[39m [37m/wd/hub/session/84c90d74-dd40-4b75-a944-9154e61b3c7e[39m
[35m[HTTP][39m [90m{}[39m
[35m[HTTP][39m [37m<-- GET /wd/hub/session/84c90d74-dd40-4b75-a944-9154e61b3c7e [39m[32m200[39m [90m22 ms - 1260[39m
[35m[HTTP][39m [90m[39m
[35m[HTTP][39m [37m-->[39m [37mGET[39m [37m/wd/hub/session/84c90d74-dd40-4b75-a944-9154e61b3c7e[39m
[35m[HTTP][39m [90m{}[39m
[35m[HTTP][39m [37m<-- GET /wd/hub/session/84c90d74-dd40-4b75-a944-9154e61b3c7e [39m[32m200[39m [90m22 ms - 1260[39m
[35m[HTTP][39m [90m[39m
[35m[HTTP][39m [37m-->[39m [37mGET[39m [37m/wd/hub/session/84c90d74-dd40-4b75-a944-9154e61b3c7e/element/f7b77282-d485-412d-8d51-e298a13ba85e/location[39m
[35m[HTTP][39m [90m{}[39m
[35m[W3C][39m Driver proxy active, passing request on via HTTP proxy
[35m[JSONWP Proxy][39m Replacing sessionId f8d961cf-4bff-43f1-96d0-5d06c731abe1 with 84c90d74-dd40-4b75-a944-9154e61b3c7e
[35m[HTTP][39m [37m<-- GET /wd/hub/session/84c90d74-dd40-4b75-a944-9154e61b3c7e/element/f7b77282-d485-412d-8d51-e298a13ba85e/location [39m[32m200[39m [90m54 ms - 90[39m
[35m[HTTP][39m [90m[39m
[35m[HTTP][39m [37m-->[39m [37mPOST[39m [37m/wd/hub/session/84c90d74-dd40-4b75-a944-9154e61b3c7e/touch/perform[39m
[35m[HTTP][39m [90m{"actions":[{"action":"tap","options":{"element":"f7b77282-d485-412d-8d51-e298a13ba85e","x":1,"y":1}}]}[39m
[35m[UiAutomator2][39m calling get location: f7b77282-d485-412d-8d51-e298a13ba85e
[35m[HTTP][39m [37m<-- POST /wd/hub/session/84c90d74-dd40-4b75-a944-9154e61b3c7e/touch/perform [39m[32m200[39m [90m1240 ms - 76[39m
[35m[HTTP][39m [90m[39m
[35m[HTTP][39m [37m-->[39m [37mGET[39m [37m/wd/hub/session/84c90d74-dd40-4b75-a944-9154e61b3c7e/window/current/size[39m
[35m[HTTP][39m [90m{}[39m
[35m[W3C][39m Driver proxy active, passing request on via HTTP proxy
[35m[JSONWP Proxy][39m Replacing sessionId f8d961cf-4bff-43f1-96d0-5d06c731abe1 with 84c90d74-dd40-4b75-a944-9154e61b3c7e
[35m[HTTP][39m [37m<-- GET /wd/hub/session/84c90d74-dd40-4b75-a944-9154e61b3c7e/window/current/size [39m[32m200[39m [90m33 ms - 99[39m
[35m[HTTP][39m [90m[39m
[35m[HTTP][39m [37m-->[39m [37mPOST[39m [37m/wd/hub/session/84c90d74-dd40-4b75-a944-9154e61b3c7e/elements[39m
[35m[HTTP][39m [90m{"using":"-android uiautomator","value":"new UiSelector().className(\"android.widget.ImageView\").resourceId(\"id.astra.stable.movic:id/ivNext\").instance(1)"}[39m
[35m[HTTP][39m [37m<-- POST /wd/hub/session/84c90d74-dd40-4b75-a944-9154e61b3c7e/elements [39m[32m200[39m [90m74 ms - 124[39m
[35m[HTTP][39m [90m[39m
[35m[HTTP][39m [37m-->[39m [37mGET[39m [37m/wd/hub/session/84c90d74-dd40-4b75-a944-9154e61b3c7e[39m
[35m[HTTP][39m [90m{}[39m
[35m[HTTP][39m [37m<-- GET /wd/hub/session/84c90d74-dd40-4b75-a944-9154e61b3c7e [39m[32m200[39m [90m23 ms - 1260[39m
[35m[HTTP][39m [90m[39m
[35m[HTTP][39m [37m-->[39m [37mGET[39m [37m/wd/hub/session/84c90d74-dd40-4b75-a944-9154e61b3c7e[39m
[35m[HTTP][39m [90m{}[39m
[35m[HTTP][39m [37m<-- GET /wd/hub/session/84c90d74-dd40-4b75-a944-9154e61b3c7e [39m[32m200[39m [90m21 ms - 1260[39m
[35m[HTTP][39m [90m[39m
[35m[HTTP][39m [37m-->[39m [37mGET[39m [37m/wd/hub/session/84c90d74-dd40-4b75-a944-9154e61b3c7e[39m
[35m[HTTP][39m [90m{}[39m
[35m[HTTP][39m [37m<-- GET /wd/hub/session/84c90d74-dd40-4b75-a944-9154e61b3c7e [39m[32m200[39m [90m55 ms - 1260[39m
[35m[HTTP][39m [90m[39m
[35m[HTTP][39m [37m-->[39m [37mGET[39m [37m/wd/hub/session/84c90d74-dd40-4b75-a944-9154e61b3c7e[39m
[35m[HTTP][39m [90m{}[39m
[35m[HTTP][39m [37m<-- GET /wd/hub/session/84c90d74-dd40-4b75-a944-9154e61b3c7e [39m[32m200[39m [90m33 ms - 1260[39m
[35m[HTTP][39m [90m[39m
[35m[HTTP][39m [37m-->[39m [37mGET[39m [37m/wd/hub/session/84c90d74-dd40-4b75-a944-9154e61b3c7e/element/3a3bcbcc-ff0b-49d6-b4c2-286b545d11fa/location[39m
[35m[HTTP][39m [90m{}[39m
[35m[W3C][39m Driver proxy active, passing request on via HTTP proxy
[35m[JSONWP Proxy][39m Replacing sessionId f8d961cf-4bff-43f1-96d0-5d06c731abe1 with 84c90d74-dd40-4b75-a944-9154e61b3c7e
[35m[HTTP][39m [37m<-- GET /wd/hub/session/84c90d74-dd40-4b75-a944-9154e61b3c7e/element/3a3bcbcc-ff0b-49d6-b4c2-286b545d11fa/location [39m[32m200[39m [90m48 ms - 90[39m
[35m[HTTP][39m [90m[39m
[35m[HTTP][39m [37m-->[39m [37mPOST[39m [37m/wd/hub/session/84c90d74-dd40-4b75-a944-9154e61b3c7e/touch/perform[39m
[35m[HTTP][39m [90m{"actions":[{"action":"tap","options":{"element":"3a3bcbcc-ff0b-49d6-b4c2-286b545d11fa","x":1,"y":1}}]}[39m
[35m[UiAutomator2][39m calling get location: 3a3bcbcc-ff0b-49d6-b4c2-286b545d11fa
[35m[HTTP][39m [37m<-- POST /wd/hub/session/84c90d74-dd40-4b75-a944-9154e61b3c7e/touch/perform [39m[32m200[39m [90m991 ms - 76[39m
[35m[HTTP][39m [90m[39m
[35m[HTTP][39m [37m-->[39m [37mGET[39m [37m/wd/hub/session/84c90d74-dd40-4b75-a944-9154e61b3c7e/window/current/size[39m
[35m[HTTP][39m [90m{}[39m
[35m[W3C][39m Driver proxy active, passing request on via HTTP proxy
[35m[JSONWP Proxy][39m Replacing sessionId f8d961cf-4bff-43f1-96d0-5d06c731abe1 with 84c90d74-dd40-4b75-a944-9154e61b3c7e
[35m[HTTP][39m [37m<-- GET /wd/hub/session/84c90d74-dd40-4b75-a944-9154e61b3c7e/window/current/size [39m[32m200[39m [90m30 ms - 99[39m
[35m[HTTP][39m [90m[39m
[35m[HTTP][39m [37m-->[39m [37mPOST[39m [37m/wd/hub/session/84c90d74-dd40-4b75-a944-9154e61b3c7e/elements[39m
[35m[HTTP][39m [90m{"using":"-android uiautomator","value":"new UiSelector().className(\"android.widget.ImageView\").resourceId(\"id.astra.stable.movic:id/ivNext\").instance(1)"}[39m
[35m[HTTP][39m [37m<-- POST /wd/hub/session/84c90d74-dd40-4b75-a944-9154e61b3c7e/elements [39m[32m200[39m [90m68 ms - 124[39m
[35m[HTTP][39m [90m[39m
[35m[HTTP][39m [37m-->[39m [37mGET[39m [37m/wd/hub/session/84c90d74-dd40-4b75-a944-9154e61b3c7e[39m
[35m[HTTP][39m [90m{}[39m
[35m[HTTP][39m [37m<-- GET /wd/hub/session/84c90d74-dd40-4b75-a944-9154e61b3c7e [39m[32m200[39m [90m19 ms - 1260[39m
[35m[HTTP][39m [90m[39m
[35m[HTTP][39m [37m-->[39m [37mGET[39m [37m/wd/hub/session/84c90d74-dd40-4b75-a944-9154e61b3c7e[39m
[35m[HTTP][39m [90m{}[39m
[35m[HTTP][39m [37m<-- GET /wd/hub/session/84c90d74-dd40-4b75-a944-9154e61b3c7e [39m[32m200[39m [90m23 ms - 1260[39m
[35m[HTTP][39m [90m[39m
[35m[HTTP][39m [37m-->[39m [37mGET[39m [37m/wd/hub/session/84c90d74-dd40-4b75-a944-9154e61b3c7e[39m
[35m[HTTP][39m [90m{}[39m
[35m[HTTP][39m [37m<-- GET /wd/hub/session/84c90d74-dd40-4b75-a944-9154e61b3c7e [39m[32m200[39m [90m31 ms - 1260[39m
[35m[HTTP][39m [90m[39m
[35m[HTTP][39m [37m-->[39m [37mGET[39m [37m/wd/hub/session/84c90d74-dd40-4b75-a944-9154e61b3c7e[39m
[35m[HTTP][39m [90m{}[39m
[35m[HTTP][39m [37m<-- GET /wd/hub/session/84c90d74-dd40-4b75-a944-9154e61b3c7e [39m[32m200[39m [90m23 ms - 1260[39m
[35m[HTTP][39m [90m[39m
[35m[HTTP][39m [37m-->[39m [37mGET[39m [37m/wd/hub/session/84c90d74-dd40-4b75-a944-9154e61b3c7e/element/b4f7ee3c-40ff-4a75-ad1e-c6c39f8e13c3/location[39m
[35m[HTTP][39m [90m{}[39m
[35m[W3C][39m Driver proxy active, passing request on via HTTP proxy
[35m[JSONWP Proxy][39m Replacing sessionId f8d961cf-4bff-43f1-96d0-5d06c731abe1 with 84c90d74-dd40-4b75-a944-9154e61b3c7e
[35m[HTTP][39m [37m<-- GET /wd/hub/session/84c90d74-dd40-4b75-a944-9154e61b3c7e/element/b4f7ee3c-40ff-4a75-ad1e-c6c39f8e13c3/location [39m[32m200[39m [90m52 ms - 90[39m
[35m[HTTP][39m [90m[39m
[35m[HTTP][39m [37m-->[39m [37mPOST[39m [37m/wd/hub/session/84c90d74-dd40-4b75-a944-9154e61b3c7e/touch/perform[39m
[35m[HTTP][39m [90m{"actions":[{"action":"tap","options":{"element":"b4f7ee3c-40ff-4a75-ad1e-c6c39f8e13c3","x":1,"y":1}}]}[39m
[35m[UiAutomator2][39m calling get location: b4f7ee3c-40ff-4a75-ad1e-c6c39f8e13c3
[35m[HTTP][39m [37m<-- POST /wd/hub/session/84c90d74-dd40-4b75-a944-9154e61b3c7e/touch/perform [39m[32m200[39m [90m947 ms - 76[39m
[35m[HTTP][39m [90m[39m
[35m[HTTP][39m [37m-->[39m [37mGET[39m [37m/wd/hub/session/84c90d74-dd40-4b75-a944-9154e61b3c7e/window/current/size[39m
[35m[HTTP][39m [90m{}[39m
[35m[W3C][39m Driver proxy active, passing request on via HTTP proxy
[35m[JSONWP Proxy][39m Replacing sessionId f8d961cf-4bff-43f1-96d0-5d06c731abe1 with 84c90d74-dd40-4b75-a944-9154e61b3c7e
[35m[HTTP][39m [37m<-- GET /wd/hub/session/84c90d74-dd40-4b75-a944-9154e61b3c7e/window/current/size [39m[32m200[39m [90m33 ms - 99[39m
[35m[HTTP][39m [90m[39m
[35m[HTTP][39m [37m-->[39m [37mPOST[39m [37m/wd/hub/session/84c90d74-dd40-4b75-a944-9154e61b3c7e/elements[39m
[35m[HTTP][39m [90m{"using":"-android uiautomator","value":"new UiSelector().className(\"android.widget.TextView\").text(\"Skip\").resourceId(\"id.astra.stable.movic:id/tvSkip\").instance(2)"}[39m
[35m[HTTP][39m [37m<-- POST /wd/hub/session/84c90d74-dd40-4b75-a944-9154e61b3c7e/elements [39m[32m200[39m [90m79 ms - 124[39m
[35m[HTTP][39m [90m[39m
[35m[HTTP][39m [37m-->[39m [37mGET[39m [37m/wd/hub/session/84c90d74-dd40-4b75-a944-9154e61b3c7e[39m
[35m[HTTP][39m [90m{}[39m
[35m[HTTP][39m [37m<-- GET /wd/hub/session/84c90d74-dd40-4b75-a944-9154e61b3c7e [39m[32m200[39m [90m22 ms - 1260[39m
[35m[HTTP][39m [90m[39m
[35m[HTTP][39m [37m-->[39m [37mGET[39m [37m/wd/hub/session/84c90d74-dd40-4b75-a944-9154e61b3c7e[39m
[35m[HTTP][39m [90m{}[39m
[35m[HTTP][39m [37m<-- GET /wd/hub/session/84c90d74-dd40-4b75-a944-9154e61b3c7e [39m[32m200[39m [90m20 ms - 1260[39m
[35m[HTTP][39m [90m[39m
[35m[HTTP][39m [37m-->[39m [37mGET[39m [37m/wd/hub/session/84c90d74-dd40-4b75-a944-9154e61b3c7e[39m
[35m[HTTP][39m [90m{}[39m
[35m[HTTP][39m [37m<-- GET /wd/hub/session/84c90d74-dd40-4b75-a944-9154e61b3c7e [39m[32m200[39m [90m23 ms - 1260[39m
[35m[HTTP][39m [90m[39m
[35m[HTTP][39m [37m-->[39m [37mGET[39m [37m/wd/hub/session/84c90d74-dd40-4b75-a944-9154e61b3c7e[39m
[35m[HTTP][39m [90m{}[39m
[35m[HTTP][39m [37m<-- GET /wd/hub/session/84c90d74-dd40-4b75-a944-9154e61b3c7e [39m[32m200[39m [90m27 ms - 1260[39m
[35m[HTTP][39m [90m[39m
[35m[HTTP][39m [37m-->[39m [37mGET[39m [37m/wd/hub/session/84c90d74-dd40-4b75-a944-9154e61b3c7e/element/7888d258-ff53-4c6d-b944-7d5a56970afb/location[39m
[35m[HTTP][39m [90m{}[39m
[35m[W3C][39m Driver proxy active, passing request on via HTTP proxy
[35m[JSONWP Proxy][39m Replacing sessionId f8d961cf-4bff-43f1-96d0-5d06c731abe1 with 84c90d74-dd40-4b75-a944-9154e61b3c7e
[35m[HTTP][39m [37m<-- GET /wd/hub/session/84c90d74-dd40-4b75-a944-9154e61b3c7e/element/7888d258-ff53-4c6d-b944-7d5a56970afb/location [39m[32m200[39m [90m49 ms - 89[39m
[35m[HTTP][39m [90m[39m
[35m[HTTP][39m [37m-->[39m [37mPOST[39m [37m/wd/hub/session/84c90d74-dd40-4b75-a944-9154e61b3c7e/touch/perform[39m
[35m[HTTP][39m [90m{"actions":[{"action":"tap","options":{"element":"7888d258-ff53-4c6d-b944-7d5a56970afb","x":1,"y":1}}]}[39m
[35m[UiAutomator2][39m calling get location: 7888d258-ff53-4c6d-b944-7d5a56970afb
[35m[HTTP][39m [37m<-- POST /wd/hub/session/84c90d74-dd40-4b75-a944-9154e61b3c7e/touch/perform [39m[32m200[39m [90m1934 ms - 76[39m
[35m[HTTP][39m [90m[39m
[35m[HTTP][39m [37m-->[39m [37mGET[39m [37m/wd/hub/session/84c90d74-dd40-4b75-a944-9154e61b3c7e/window/current/size[39m
[35m[HTTP][39m [90m{}[39m
[35m[W3C][39m Driver proxy active, passing request on via HTTP proxy
[35m[JSONWP Proxy][39m Replacing sessionId f8d961cf-4bff-43f1-96d0-5d06c731abe1 with 84c90d74-dd40-4b75-a944-9154e61b3c7e
[35m[HTTP][39m [37m<-- GET /wd/hub/session/84c90d74-dd40-4b75-a944-9154e61b3c7e/window/current/size [39m[32m200[39m [90m33 ms - 99[39m
[35m[HTTP][39m [90m[39m
[35m[HTTP][39m [37m-->[39m [37mPOST[39m [37m/wd/hub/session/84c90d74-dd40-4b75-a944-9154e61b3c7e/elements[39m
[35m[HTTP][39m [90m{"using":"-android uiautomator","value":"new UiSelector().className(\"android.widget.TextView\").text(\"Log in\").resourceId(\"id.astra.stable.movic:id/mTxtLogin\").instance(0)"}[39m
[35m[HTTP][39m [37m<-- POST /wd/hub/session/84c90d74-dd40-4b75-a944-9154e61b3c7e/elements [39m[32m200[39m [90m75 ms - 124[39m
[35m[HTTP][39m [90m[39m
[35m[HTTP][39m [37m-->[39m [37mGET[39m [37m/wd/hub/session/84c90d74-dd40-4b75-a944-9154e61b3c7e[39m
[35m[HTTP][39m [90m{}[39m
[35m[HTTP][39m [37m<-- GET /wd/hub/session/84c90d74-dd40-4b75-a944-9154e61b3c7e [39m[32m200[39m [90m20 ms - 1260[39m
[35m[HTTP][39m [90m[39m
[35m[HTTP][39m [37m-->[39m [37mGET[39m [37m/wd/hub/session/84c90d74-dd40-4b75-a944-9154e61b3c7e[39m
[35m[HTTP][39m [90m{}[39m
[35m[HTTP][39m [37m<-- GET /wd/hub/session/84c90d74-dd40-4b75-a944-9154e61b3c7e [39m[32m200[39m [90m25 ms - 1260[39m
[35m[HTTP][39m [90m[39m
[35m[HTTP][39m [37m-->[39m [37mGET[39m [37m/wd/hub/session/84c90d74-dd40-4b75-a944-9154e61b3c7e[39m
[35m[HTTP][39m [90m{}[39m
[35m[HTTP][39m [37m<-- GET /wd/hub/session/84c90d74-dd40-4b75-a944-9154e61b3c7e [39m[32m200[39m [90m31 ms - 1260[39m
[35m[HTTP][39m [90m[39m
[35m[HTTP][39m [37m-->[39m [37mGET[39m [37m/wd/hub/session/84c90d74-dd40-4b75-a944-9154e61b3c7e[39m
[35m[HTTP][39m [90m{}[39m
[35m[HTTP][39m [37m<-- GET /wd/hub/session/84c90d74-dd40-4b75-a944-9154e61b3c7e [39m[32m200[39m [90m15 ms - 1260[39m
[35m[HTTP][39m [90m[39m
[35m[HTTP][39m [37m-->[39m [37mGET[39m [37m/wd/hub/session/84c90d74-dd40-4b75-a944-9154e61b3c7e/element/94667748-e36d-4857-8263-37dabe1c6e83/location[39m
[35m[HTTP][39m [90m{}[39m
[35m[W3C][39m Driver proxy active, passing request on via HTTP proxy
[35m[JSONWP Proxy][39m Replacing sessionId f8d961cf-4bff-43f1-96d0-5d06c731abe1 with 84c90d74-dd40-4b75-a944-9154e61b3c7e
[35m[HTTP][39m [37m<-- GET /wd/hub/session/84c90d74-dd40-4b75-a944-9154e61b3c7e/element/94667748-e36d-4857-8263-37dabe1c6e83/location [39m[32m200[39m [90m35 ms - 89[39m
[35m[HTTP][39m [90m[39m
[35m[HTTP][39m [37m-->[39m [37mPOST[39m [37m/wd/hub/session/84c90d74-dd40-4b75-a944-9154e61b3c7e/touch/perform[39m
[35m[HTTP][39m [90m{"actions":[{"action":"tap","options":{"element":"94667748-e36d-4857-8263-37dabe1c6e83","x":1,"y":1}}]}[39m
[35m[UiAutomator2][39m calling get location: 94667748-e36d-4857-8263-37dabe1c6e83
[35m[HTTP][39m [37m<-- POST /wd/hub/session/84c90d74-dd40-4b75-a944-9154e61b3c7e/touch/perform [39m[32m200[39m [90m1231 ms - 76[39m
[35m[HTTP][39m [90m[39m
[35m[HTTP][39m [37m-->[39m [37mGET[39m [37m/wd/hub/session/84c90d74-dd40-4b75-a944-9154e61b3c7e/window/current/size[39m
[35m[HTTP][39m [90m{}[39m
[35m[W3C][39m Driver proxy active, passing request on via HTTP proxy
[35m[JSONWP Proxy][39m Replacing sessionId f8d961cf-4bff-43f1-96d0-5d06c731abe1 with 84c90d74-dd40-4b75-a944-9154e61b3c7e
[35m[HTTP][39m [37m<-- GET /wd/hub/session/84c90d74-dd40-4b75-a944-9154e61b3c7e/window/current/size [39m[32m200[39m [90m33 ms - 99[39m
[35m[HTTP][39m [90m[39m
[35m[HTTP][39m [37m-->[39m [37mPOST[39m [37m/wd/hub/session/84c90d74-dd40-4b75-a944-9154e61b3c7e/elements[39m
[35m[HTTP][39m [90m{"using":"-android uiautomator","value":"new UiSelector().className(\"android.widget.EditText\").resourceId(\"id.astra.stable.movic:id/mTxtUsername\").instance(0)"}[39m
[35m[HTTP][39m [37m<-- POST /wd/hub/session/84c90d74-dd40-4b75-a944-9154e61b3c7e/elements [39m[32m200[39m [90m85 ms - 124[39m
[35m[HTTP][39m [90m[39m
[35m[HTTP][39m [37m-->[39m [37mGET[39m [37m/wd/hub/session/84c90d74-dd40-4b75-a944-9154e61b3c7e[39m
[35m[HTTP][39m [90m{}[39m
[35m[HTTP][39m [37m<-- GET /wd/hub/session/84c90d74-dd40-4b75-a944-9154e61b3c7e [39m[32m200[39m [90m24 ms - 1260[39m
[35m[HTTP][39m [90m[39m
[35m[HTTP][39m [37m-->[39m [37mGET[39m [37m/wd/hub/session/84c90d74-dd40-4b75-a944-9154e61b3c7e[39m
[35m[HTTP][39m [90m{}[39m
[35m[HTTP][39m [37m<-- GET /wd/hub/session/84c90d74-dd40-4b75-a944-9154e61b3c7e [39m[32m200[39m [90m21 ms - 1260[39m
[35m[HTTP][39m [90m[39m
[35m[HTTP][39m [37m-->[39m [37mGET[39m [37m/wd/hub/session/84c90d74-dd40-4b75-a944-9154e61b3c7e[39m
[35m[HTTP][39m [90m{}[39m
[35m[HTTP][39m [37m<-- GET /wd/hub/session/84c90d74-dd40-4b75-a944-9154e61b3c7e [39m[32m200[39m [90m16 ms - 1260[39m
[35m[HTTP][39m [90m[39m
[35m[HTTP][39m [37m-->[39m [37mGET[39m [37m/wd/hub/session/84c90d74-dd40-4b75-a944-9154e61b3c7e[39m
[35m[HTTP][39m [90m{}[39m
[35m[HTTP][39m [37m<-- GET /wd/hub/session/84c90d74-dd40-4b75-a944-9154e61b3c7e [39m[32m200[39m [90m20 ms - 1260[39m
[35m[HTTP][39m [90m[39m
[35m[HTTP][39m [37m-->[39m [37mGET[39m [37m/wd/hub/session/84c90d74-dd40-4b75-a944-9154e61b3c7e/element/628f46f7-5b98-42af-9530-209c75bb994e/location[39m
[35m[HTTP][39m [90m{}[39m
[35m[W3C][39m Driver proxy active, passing request on via HTTP proxy
[35m[JSONWP Proxy][39m Replacing sessionId f8d961cf-4bff-43f1-96d0-5d06c731abe1 with 84c90d74-dd40-4b75-a944-9154e61b3c7e
[35m[HTTP][39m [37m<-- GET /wd/hub/session/84c90d74-dd40-4b75-a944-9154e61b3c7e/element/628f46f7-5b98-42af-9530-209c75bb994e/location [39m[32m200[39m [90m31 ms - 88[39m
[35m[HTTP][39m [90m[39m
[35m[HTTP][39m [37m-->[39m [37mPOST[39m [37m/wd/hub/session/84c90d74-dd40-4b75-a944-9154e61b3c7e/element/628f46f7-5b98-42af-9530-209c75bb994e/clear[39m
[35m[HTTP][39m [90m{"id":"628f46f7-5b98-42af-9530-209c75bb994e"}[39m
[35m[HTTP][39m [37m<-- POST /wd/hub/session/84c90d74-dd40-4b75-a944-9154e61b3c7e/element/628f46f7-5b98-42af-9530-209c75bb994e/clear [39m[32m200[39m [90m87 ms - 89[39m
[35m[HTTP][39m [90m[39m
[35m[HTTP][39m [37m-->[39m [37mPOST[39m [37m/wd/hub/session/84c90d74-dd40-4b75-a944-9154e61b3c7e/element/628f46f7-5b98-42af-9530-209c75bb994e/value[39m
[35m[HTTP][39m [90m{"id":"628f46f7-5b98-42af-9530-209c75bb994e","value":["santi.wahyuni@wgs.co.id"]}[39m
[35m[HTTP][39m [37m<-- POST /wd/hub/session/84c90d74-dd40-4b75-a944-9154e61b3c7e/element/628f46f7-5b98-42af-9530-209c75bb994e/value [39m[32m200[39m [90m827 ms - 74[39m
[35m[HTTP][39m [90m[39m
[35m[HTTP][39m [37m-->[39m [37mGET[39m [37m/wd/hub/session/84c90d74-dd40-4b75-a944-9154e61b3c7e/window/current/size[39m
[35m[HTTP][39m [90m{}[39m
[35m[W3C][39m Driver proxy active, passing request on via HTTP proxy
[35m[JSONWP Proxy][39m Replacing sessionId f8d961cf-4bff-43f1-96d0-5d06c731abe1 with 84c90d74-dd40-4b75-a944-9154e61b3c7e
[35m[HTTP][39m [37m<-- GET /wd/hub/session/84c90d74-dd40-4b75-a944-9154e61b3c7e/window/current/size [39m[32m200[39m [90m33 ms - 99[39m
[35m[HTTP][39m [90m[39m
[35m[HTTP][39m [37m-->[39m [37mPOST[39m [37m/wd/hub/session/84c90d74-dd40-4b75-a944-9154e61b3c7e/elements[39m
[35m[HTTP][39m [90m{"using":"-android uiautomator","value":"new UiSelector().className(\"android.widget.Button\").text(\"Next\").resourceId(\"id.astra.stable.movic:id/mBtnNext\").instance(0)"}[39m
[35m[HTTP][39m [37m<-- POST /wd/hub/session/84c90d74-dd40-4b75-a944-9154e61b3c7e/elements [39m[32m200[39m [90m513 ms - 124[39m
[35m[HTTP][39m [90m[39m
[35m[HTTP][39m [37m-->[39m [37mGET[39m [37m/wd/hub/session/84c90d74-dd40-4b75-a944-9154e61b3c7e[39m
[35m[HTTP][39m [90m{}[39m
[35m[HTTP][39m [37m<-- GET /wd/hub/session/84c90d74-dd40-4b75-a944-9154e61b3c7e [39m[32m200[39m [90m22 ms - 1260[39m
[35m[HTTP][39m [90m[39m
[35m[HTTP][39m [37m-->[39m [37mGET[39m [37m/wd/hub/session/84c90d74-dd40-4b75-a944-9154e61b3c7e[39m
[35m[HTTP][39m [90m{}[39m
[35m[HTTP][39m [37m<-- GET /wd/hub/session/84c90d74-dd40-4b75-a944-9154e61b3c7e [39m[32m200[39m [90m21 ms - 1260[39m
[35m[HTTP][39m [90m[39m
[35m[HTTP][39m [37m-->[39m [37mGET[39m [37m/wd/hub/session/84c90d74-dd40-4b75-a944-9154e61b3c7e[39m
[35m[HTTP][39m [90m{}[39m
[35m[HTTP][39m [37m<-- GET /wd/hub/session/84c90d74-dd40-4b75-a944-9154e61b3c7e [39m[32m200[39m [90m22 ms - 1260[39m
[35m[HTTP][39m [90m[39m
[35m[HTTP][39m [37m-->[39m [37mGET[39m [37m/wd/hub/session/84c90d74-dd40-4b75-a944-9154e61b3c7e[39m
[35m[HTTP][39m [90m{}[39m
[35m[HTTP][39m [37m<-- GET /wd/hub/session/84c90d74-dd40-4b75-a944-9154e61b3c7e [39m[32m200[39m [90m21 ms - 1260[39m
[35m[HTTP][39m [90m[39m
[35m[HTTP][39m [37m-->[39m [37mGET[39m [37m/wd/hub/session/84c90d74-dd40-4b75-a944-9154e61b3c7e/element/9790fb0a-3233-462f-baae-d33ba8658936/location[39m
[35m[HTTP][39m [90m{}[39m
[35m[W3C][39m Driver proxy active, passing request on via HTTP proxy
[35m[JSONWP Proxy][39m Replacing sessionId f8d961cf-4bff-43f1-96d0-5d06c731abe1 with 84c90d74-dd40-4b75-a944-9154e61b3c7e
[35m[HTTP][39m [37m<-- GET /wd/hub/session/84c90d74-dd40-4b75-a944-9154e61b3c7e/element/9790fb0a-3233-462f-baae-d33ba8658936/location [39m[32m200[39m [90m51 ms - 89[39m
[35m[HTTP][39m [90m[39m
[35m[HTTP][39m [37m-->[39m [37mPOST[39m [37m/wd/hub/session/84c90d74-dd40-4b75-a944-9154e61b3c7e/touch/perform[39m
[35m[HTTP][39m [90m{"actions":[{"action":"tap","options":{"element":"9790fb0a-3233-462f-baae-d33ba8658936","x":1,"y":1}}]}[39m
[35m[UiAutomator2][39m calling get location: 9790fb0a-3233-462f-baae-d33ba8658936
[35m[HTTP][39m [37m<-- POST /wd/hub/session/84c90d74-dd40-4b75-a944-9154e61b3c7e/touch/perform [39m[32m200[39m [90m2120 ms - 76[39m
[35m[HTTP][39m [90m[39m
[35m[HTTP][39m [37m-->[39m [37mGET[39m [37m/wd/hub/session/84c90d74-dd40-4b75-a944-9154e61b3c7e/window/current/size[39m
[35m[HTTP][39m [90m{}[39m
[35m[W3C][39m Driver proxy active, passing request on via HTTP proxy
[35m[JSONWP Proxy][39m Replacing sessionId f8d961cf-4bff-43f1-96d0-5d06c731abe1 with 84c90d74-dd40-4b75-a944-9154e61b3c7e
[35m[HTTP][39m [37m<-- GET /wd/hub/session/84c90d74-dd40-4b75-a944-9154e61b3c7e/window/current/size [39m[32m200[39m [90m39 ms - 99[39m
[35m[HTTP][39m [90m[39m
[35m[HTTP][39m [37m-->[39m [37mPOST[39m [37m/wd/hub/session/84c90d74-dd40-4b75-a944-9154e61b3c7e/elements[39m
[35m[HTTP][39m [90m{"using":"-android uiautomator","value":"new UiSelector().className(\"android.widget.EditText\").resourceId(\"id.astra.stable.movic:id/mTxtPassword\").instance(0)"}[39m
[35m[HTTP][39m [37m<-- POST /wd/hub/session/84c90d74-dd40-4b75-a944-9154e61b3c7e/elements [39m[32m200[39m [90m109 ms - 124[39m
[35m[HTTP][39m [90m[39m
[35m[HTTP][39m [37m-->[39m [37mGET[39m [37m/wd/hub/session/84c90d74-dd40-4b75-a944-9154e61b3c7e[39m
[35m[HTTP][39m [90m{}[39m
[35m[HTTP][39m [37m<-- GET /wd/hub/session/84c90d74-dd40-4b75-a944-9154e61b3c7e [39m[32m200[39m [90m25 ms - 1260[39m
[35m[HTTP][39m [90m[39m
[35m[HTTP][39m [37m-->[39m [37mGET[39m [37m/wd/hub/session/84c90d74-dd40-4b75-a944-9154e61b3c7e[39m
[35m[HTTP][39m [90m{}[39m
[35m[HTTP][39m [37m<-- GET /wd/hub/session/84c90d74-dd40-4b75-a944-9154e61b3c7e [39m[32m200[39m [90m28 ms - 1260[39m
[35m[HTTP][39m [90m[39m
[35m[HTTP][39m [37m-->[39m [37mGET[39m [37m/wd/hub/session/84c90d74-dd40-4b75-a944-9154e61b3c7e[39m
[35m[HTTP][39m [90m{}[39m
[35m[HTTP][39m [37m<-- GET /wd/hub/session/84c90d74-dd40-4b75-a944-9154e61b3c7e [39m[32m200[39m [90m25 ms - 1260[39m
[35m[HTTP][39m [90m[39m
[35m[HTTP][39m [37m-->[39m [37mGET[39m [37m/wd/hub/session/84c90d74-dd40-4b75-a944-9154e61b3c7e[39m
[35m[HTTP][39m [90m{}[39m
[35m[HTTP][39m [37m<-- GET /wd/hub/session/84c90d74-dd40-4b75-a944-9154e61b3c7e [39m[32m200[39m [90m22 ms - 1260[39m
[35m[HTTP][39m [90m[39m
[35m[HTTP][39m [37m-->[39m [37mGET[39m [37m/wd/hub/session/84c90d74-dd40-4b75-a944-9154e61b3c7e/element/4127a051-4cf3-4148-a0f0-1cd6cb32ad38/location[39m
[35m[HTTP][39m [90m{}[39m
[35m[W3C][39m Driver proxy active, passing request on via HTTP proxy
[35m[JSONWP Proxy][39m Replacing sessionId f8d961cf-4bff-43f1-96d0-5d06c731abe1 with 84c90d74-dd40-4b75-a944-9154e61b3c7e
[35m[HTTP][39m [37m<-- GET /wd/hub/session/84c90d74-dd40-4b75-a944-9154e61b3c7e/element/4127a051-4cf3-4148-a0f0-1cd6cb32ad38/location [39m[32m200[39m [90m65 ms - 88[39m
[35m[HTTP][39m [90m[39m
[35m[HTTP][39m [37m-->[39m [37mPOST[39m [37m/wd/hub/session/84c90d74-dd40-4b75-a944-9154e61b3c7e/element/4127a051-4cf3-4148-a0f0-1cd6cb32ad38/clear[39m
[35m[HTTP][39m [90m{"id":"4127a051-4cf3-4148-a0f0-1cd6cb32ad38"}[39m
[35m[HTTP][39m [37m<-- POST /wd/hub/session/84c90d74-dd40-4b75-a944-9154e61b3c7e/element/4127a051-4cf3-4148-a0f0-1cd6cb32ad38/clear [39m[32m200[39m [90m89 ms - 89[39m
[35m[HTTP][39m [90m[39m
[35m[HTTP][39m [37m-->[39m [37mPOST[39m [37m/wd/hub/session/84c90d74-dd40-4b75-a944-9154e61b3c7e/element/4127a051-4cf3-4148-a0f0-1cd6cb32ad38/value[39m
[35m[HTTP][39m [90m{"id":"4127a051-4cf3-4148-a0f0-1cd6cb32ad38","value":["P@ssword789"]}[39m
[35m[HTTP][39m [37m<-- POST /wd/hub/session/84c90d74-dd40-4b75-a944-9154e61b3c7e/element/4127a051-4cf3-4148-a0f0-1cd6cb32ad38/value [39m[32m200[39m [90m767 ms - 74[39m
[35m[HTTP][39m [90m[39m
[35m[HTTP][39m [37m-->[39m [37mGET[39m [37m/wd/hub/session/84c90d74-dd40-4b75-a944-9154e61b3c7e/context[39m
[35m[HTTP][39m [90m{}[39m
[35m[HTTP][39m [37m<-- GET /wd/hub/session/84c90d74-dd40-4b75-a944-9154e61b3c7e/context [39m[32m200[39m [90m4 ms - 84[39m
[35m[HTTP][39m [90m[39m
[35m[HTTP][39m [37m-->[39m [37mGET[39m [37m/wd/hub/session/84c90d74-dd40-4b75-a944-9154e61b3c7e/contexts[39m
[35m[HTTP][39m [90m{}[39m
[35m[HTTP][39m [37m<-- GET /wd/hub/session/84c90d74-dd40-4b75-a944-9154e61b3c7e/contexts [39m[32m200[39m [90m110 ms - 86[39m
[35m[HTTP][39m [90m[39m
[35m[HTTP][39m [37m-->[39m [37mPOST[39m [37m/wd/hub/session/84c90d74-dd40-4b75-a944-9154e61b3c7e/context[39m
[35m[HTTP][39m [90m{"name":"NATIVE_APP"}[39m
[35m[HTTP][39m [37m<-- POST /wd/hub/session/84c90d74-dd40-4b75-a944-9154e61b3c7e/context [39m[32m200[39m [90m112 ms - 76[39m
[35m[HTTP][39m [90m[39m
[35m[HTTP][39m [37m-->[39m [37mPOST[39m [37m/wd/hub/session/84c90d74-dd40-4b75-a944-9154e61b3c7e/appium/device/hide_keyboard[39m
[35m[HTTP][39m [90m{}[39m
[35m[HTTP][39m [37m<-- POST /wd/hub/session/84c90d74-dd40-4b75-a944-9154e61b3c7e/appium/device/hide_keyboard [39m[32m200[39m [90m1450 ms - 76[39m
[35m[HTTP][39m [90m[39m
[35m[HTTP][39m [37m-->[39m [37mPOST[39m [37m/wd/hub/session/84c90d74-dd40-4b75-a944-9154e61b3c7e/context[39m
[35m[HTTP][39m [90m{"name":"NATIVE_APP"}[39m
[35m[HTTP][39m [37m<-- POST /wd/hub/session/84c90d74-dd40-4b75-a944-9154e61b3c7e/context [39m[32m200[39m [90m76 ms - 76[39m
[35m[HTTP][39m [90m[39m
[35m[HTTP][39m [37m-->[39m [37mGET[39m [37m/wd/hub/session/84c90d74-dd40-4b75-a944-9154e61b3c7e/window/current/size[39m
[35m[HTTP][39m [90m{}[39m
[35m[W3C][39m Driver proxy active, passing request on via HTTP proxy
[35m[JSONWP Proxy][39m Replacing sessionId f8d961cf-4bff-43f1-96d0-5d06c731abe1 with 84c90d74-dd40-4b75-a944-9154e61b3c7e
[35m[HTTP][39m [37m<-- GET /wd/hub/session/84c90d74-dd40-4b75-a944-9154e61b3c7e/window/current/size [39m[32m200[39m [90m21 ms - 99[39m
[35m[HTTP][39m [90m[39m
[35m[HTTP][39m [37m-->[39m [37mPOST[39m [37m/wd/hub/session/84c90d74-dd40-4b75-a944-9154e61b3c7e/elements[39m
[35m[HTTP][39m [90m{"using":"-android uiautomator","value":"new UiSelector().className(\"android.widget.Button\").text(\"Start Movic\").resourceId(\"id.astra.stable.movic:id/mBtnNext\").instance(0)"}[39m
[35m[HTTP][39m [37m<-- POST /wd/hub/session/84c90d74-dd40-4b75-a944-9154e61b3c7e/elements [39m[32m200[39m [90m507 ms - 124[39m
[35m[HTTP][39m [90m[39m
[35m[HTTP][39m [37m-->[39m [37mGET[39m [37m/wd/hub/session/84c90d74-dd40-4b75-a944-9154e61b3c7e[39m
[35m[HTTP][39m [90m{}[39m
[35m[HTTP][39m [37m<-- GET /wd/hub/session/84c90d74-dd40-4b75-a944-9154e61b3c7e [39m[32m200[39m [90m23 ms - 1260[39m
[35m[HTTP][39m [90m[39m
[35m[HTTP][39m [37m-->[39m [37mGET[39m [37m/wd/hub/session/84c90d74-dd40-4b75-a944-9154e61b3c7e[39m
[35m[HTTP][39m [90m{}[39m
[35m[HTTP][39m [37m<-- GET /wd/hub/session/84c90d74-dd40-4b75-a944-9154e61b3c7e [39m[32m200[39m [90m17 ms - 1260[39m
[35m[HTTP][39m [90m[39m
[35m[HTTP][39m [37m-->[39m [37mGET[39m [37m/wd/hub/session/84c90d74-dd40-4b75-a944-9154e61b3c7e[39m
[35m[HTTP][39m [90m{}[39m
[35m[HTTP][39m [37m<-- GET /wd/hub/session/84c90d74-dd40-4b75-a944-9154e61b3c7e [39m[32m200[39m [90m15 ms - 1260[39m
[35m[HTTP][39m [90m[39m
[35m[HTTP][39m [37m-->[39m [37mGET[39m [37m/wd/hub/session/84c90d74-dd40-4b75-a944-9154e61b3c7e[39m
[35m[HTTP][39m [90m{}[39m
[35m[HTTP][39m [37m<-- GET /wd/hub/session/84c90d74-dd40-4b75-a944-9154e61b3c7e [39m[32m200[39m [90m16 ms - 1260[39m
[35m[HTTP][39m [90m[39m
[35m[HTTP][39m [37m-->[39m [37mGET[39m [37m/wd/hub/session/84c90d74-dd40-4b75-a944-9154e61b3c7e/element/1e781396-3b71-4065-9a70-bcbdc6f8131c/location[39m
[35m[HTTP][39m [90m{}[39m
[35m[W3C][39m Driver proxy active, passing request on via HTTP proxy
[35m[JSONWP Proxy][39m Replacing sessionId f8d961cf-4bff-43f1-96d0-5d06c731abe1 with 84c90d74-dd40-4b75-a944-9154e61b3c7e
[35m[HTTP][39m [37m<-- GET /wd/hub/session/84c90d74-dd40-4b75-a944-9154e61b3c7e/element/1e781396-3b71-4065-9a70-bcbdc6f8131c/location [39m[32m200[39m [90m31 ms - 89[39m
[35m[HTTP][39m [90m[39m
[35m[HTTP][39m [37m-->[39m [37mPOST[39m [37m/wd/hub/session/84c90d74-dd40-4b75-a944-9154e61b3c7e/touch/perform[39m
[35m[HTTP][39m [90m{"actions":[{"action":"tap","options":{"element":"1e781396-3b71-4065-9a70-bcbdc6f8131c","x":1,"y":1}}]}[39m
[35m[UiAutomator2][39m calling get location: 1e781396-3b71-4065-9a70-bcbdc6f8131c
[35m[HTTP][39m [37m<-- POST /wd/hub/session/84c90d74-dd40-4b75-a944-9154e61b3c7e/touch/perform [39m[32m200[39m [90m1009 ms - 76[39m
[35m[HTTP][39m [90m[39m
[35m[HTTP][39m [37m-->[39m [37mGET[39m [37m/wd/hub/status[39m
[35m[HTTP][39m [90m{}[39m
[35m[HTTP][39m [37m<-- GET /wd/hub/status [39m[32m200[39m [90m78 ms - 55[39m
[35m[HTTP][39m [90m[39m
[35m[HTTP][39m [37m-->[39m [37mPOST[39m [37m/wd/hub/session[39m
[35m[HTTP][39m [90m{"desiredCapabilities":{"app":"C:\\Users\\WGS-LAP199\\Downloads\\Movic apk\\Movic_0.9.7_2018-10-14-stable-debug.apk","autoGrantPermissions":true,"automationName":"uiautomator2","deviceId":"54e797627cf5","deviceName":"Xiaomi Redmi 5 (Android 7.1.2)","fullReset":false,"newCommandTimeout":1800,"noReset":true,"platform":"ANDROID","platformName":"Android","udid":"54e797627cf5"},"capabilities":{"desiredCapabilities":{"app":"C:\\Users\\WGS-LAP199\\Downloads\\Movic apk\\Movic_0.9.7_2018-10-14-stable-debug.apk","autoGrantPermissions":true,"automationName":"uiautomator2","deviceId":"54e797627cf5","deviceName":"Xiaomi Redmi 5 (Android 7.1.2)","fullReset":false,"newCommandTimeout":1800,"noReset":true,"platform":"ANDROID","platformName":"Android","udid":"54e797627cf5"},"firstMatch":[{"platformName":"android"}]}}[39m
[35m[Appium][39m Could not parse W3C capabilities: 'deviceName' can't be blank. Falling back to JSONWP protocol.
[35m[Appium][39m The following capabilities were provided in the JSONWP desired capabilities that are missing in W3C capabilities: ["app","autoGrantPermissions","automationName","deviceId","deviceName","fullReset","newCommandTimeout","noReset","platform","platformName","udid"]. Falling back to JSONWP protocol.
[35m[Appium][39m Creating new AndroidUiautomator2Driver (v1.12.0) session
[35m[Appium][39m Capabilities:
[35m[Appium][39m   app: C:\Users\WGS-LAP199\Downloads\Movic apk\Movic_0.9.7_2018-10-14-stable-debug.apk
[35m[Appium][39m   autoGrantPermissions: true
[35m[Appium][39m   automationName: uiautomator2
[35m[Appium][39m   deviceId: 54e797627cf5
[35m[Appium][39m   deviceName: Xiaomi Redmi 5 (Android 7.1.2)
[35m[Appium][39m   fullReset: false
[35m[Appium][39m   newCommandTimeout: 1800
[35m[Appium][39m   noReset: true
[35m[Appium][39m   platform: ANDROID
[35m[Appium][39m   platformName: Android
[35m[Appium][39m   udid: 54e797627cf5
[35m[BaseDriver][39m The following capabilities were provided, but are not recognized by appium: deviceId, platform.
[35m[BaseDriver][39m Session created with session id: 35f3c3da-72a2-4b74-a72a-1eb21e8ca8f6
[35m[BaseDriver][39m Using local app 'C:\Users\WGS-LAP199\Downloads\Movic apk\Movic_0.9.7_2018-10-14-stable-debug.apk'
[35m[AndroidDriver][39m Java version is: 1.8.0_181
[35m[AndroidDriver][39m Retrieving device list
[35m[AndroidDriver][39m Using device: 54e797627cf5
[35m[ADB][39m Using the alternative activity name detection method because of: Could not find apkanalyzer.bat in C:\Users\WGS-LAP199\.katalon\tools\android_sdk\platform-tools\apkanalyzer.bat,C:\Users\WGS-LAP199\.katalon\tools\android_sdk\emulator\apkanalyzer.bat,C:\Users\WGS-LAP199\.katalon\tools\android_sdk\tools\apkanalyzer.bat,C:\Users\WGS-LAP199\.katalon\tools\android_sdk\tools\bin\apkanalyzer.bat,C:\Users\WGS-LAP199\.katalon\tools\android_sdk\build-tools\28.0.1\apkanalyzer.bat. Do you have the Android SDK installed at 'C:\Users\WGS-LAP199\.katalon\tools\android_sdk'?
[35m[ADB][39m Extracting package and launch activity from manifest
[35m[ADB][39m Package name: 'id.astra.stable.movic'
[35m[ADB][39m Main activity name: 'id.astra.adp.movic.modules.main.SplashScreenActivity'
[35m[ADB][39m Getting device platform version
[35m[ADB][39m io.appium.uiautomator2.server was successfully uninstalled
[35m[ADB][39m io.appium.uiautomator2.server.test was successfully uninstalled
[35m[HTTP][39m [37m<-- POST /wd/hub/session [39m[32m-[39m [90m- ms - -[39m
[35m[HTTP][39m [90m[39m
[35m[AndroidDriver][39m setDeviceLanguageCountry requires language or country.
[35m[AndroidDriver][39m Got language: 'null' and country: 'null'
[35m[ADB][39m Successfully extracted 1263 strings from 'C:\Users\WGS-LAP199\Downloads\Movic apk\Movic_0.9.7_2018-10-14-stable-debug.apk' resources for '(default)' configuration
[35m[UiAutomator2][39m Starting uiautomator2 server 1.12.0
[35m[UiAutomator2][39m Using UIAutomator2 server from 'C:\Users\WGS-LAP199\AppData\Roaming\npm\node_modules\appium\node_modules\appium-uiautomator2-server\apks\appium-uiautomator2-server-v1.12.0.apk' and test from 'C:\Users\WGS-LAP199\AppData\Roaming\npm\node_modules\appium\node_modules\appium-uiautomator2-server\apks\appium-uiautomator2-server-debug-androidTest.apk'
[35m[UiAutomator2][39m Running command: 'adb -s 54e797627cf5 shell am instrument -w io.appium.uiautomator2.server.test/android.support.test.runner.AndroidJUnitRunner'
[35m[UiAutomator2][39m Waiting up to 20000ms for UiAutomator2 to be online...
[35m[AndroidDriver][39m Screen already unlocked, doing nothing
[35m[UiAutomator2][39m UiAutomator2 did not start the activity we were waiting for, 'id.astra.stable.movic/id.astra.adp.movic.modules.main.SplashScreenActivity'. Starting it ourselves
[35m[Appium][39m New AndroidUiautomator2Driver session created successfully, session 35f3c3da-72a2-4b74-a72a-1eb21e8ca8f6 added to master session list
[35m[BaseDriver][39m Shutting down because we waited 1800 seconds for a command
[35m[Appium][39m Closing session, cause was 'New Command Timeout of 1800 seconds expired. Try customizing the timeout using the 'newCommandTimeout' desired capability'
[35m[Appium][39m Removing session 84c90d74-dd40-4b75-a944-9154e61b3c7e from our master session list
[35m[UiAutomator2][39m Did not get confirmation UiAutomator2 deleteSession worked; Error was: ProxyRequestError: Could not proxy command to remote server. Original error: Error: read ECONNRESET
[35m[BaseDriver][39m Shutting down because we waited 1800 seconds for a command
[35m[Appium][39m Closing session, cause was 'New Command Timeout of 1800 seconds expired. Try customizing the timeout using the 'newCommandTimeout' desired capability'
[35m[Appium][39m Removing session 35f3c3da-72a2-4b74-a72a-1eb21e8ca8f6 from our master session list
[35m[UiAutomator2][39m Did not get confirmation UiAutomator2 deleteSession worked; Error was: ProxyRequestError: Could not proxy command to remote server. Original error: Error: read ECONNRESET
