[35m[Appium][39m Welcome to Appium v1.8.1
[35m[Appium][39m Non-default server args:
[35m[Appium][39m   port: 52399
[35m[Appium][39m   loglevel: info
[35m[Appium][39m   chromeDriverPort: 52400
[35m[Appium][39m   tmpDir: C:\Users\ALIMSA~1\AppData\Local\Temp\\Katalon\Appium\Temp1528360723109
[35m[Appium][39m Appium REST http interface listener started on 0.0.0.0:52399
[35m[HTTP][39m [37m-->[39m [37mGET[39m [37m/wd/hub/status[39m
[35m[HTTP][39m [90m{}[39m
[35m[HTTP][39m [37m<-- GET /wd/hub/status [39m[32m200[39m [90m16 ms - 83[39m
[35m[HTTP][39m [90m[39m
[35m[HTTP][39m [37m-->[39m [37mPOST[39m [37m/wd/hub/session[39m
[35m[HTTP][39m [90m{"desiredCapabilities":{"app":"C:\\Users\\ALIMSAPUTRA\\Downloads\\Movic_0.3.2_2018-05-30-debug.apk","autoGrantPermissions":true,"deviceName":"samsung SM-J320G (Android 5.1.1)","fullReset":true,"newCommandTimeout":1800,"noReset":false,"platform":"ANDROID","platformName":"Android","udid":"4200d20faae66400"},"capabilities":{"desiredCapabilities":{"app":"C:\\Users\\ALIMSAPUTRA\\Downloads\\Movic_0.3.2_2018-05-30-debug.apk","autoGrantPermissions":true,"deviceName":"samsung SM-J320G (Android 5.1.1)","fullReset":true,"newCommandTimeout":1800,"noReset":false,"platform":"ANDROID","platformName":"Android","udid":"4200d20faae66400"},"firstMatch":[{"platformName":"android"}]}}[39m
[35m[Appium][39m Could not parse W3C capabilities: 'deviceName' can't be blank. Falling back to JSONWP protocol.
[35m[Appium][39m The following capabilities were provided in the JSONWP desired capabilities that are missing in W3C capabilities: ["app","autoGrantPermissions","deviceName","fullReset","newCommandTimeout","noReset","platform","platformName","udid"]. Falling back to JSONWP protocol.
[35m[Appium][39m Creating new AndroidDriver (v2.7.0) session
[35m[Appium][39m Capabilities:
[35m[Appium][39m   app: C:\Users\ALIMSAPUTRA\Downloads\Movic_0.3.2_2018-05-30-debug.apk
[35m[Appium][39m   autoGrantPermissions: true
[35m[Appium][39m   deviceName: samsung SM-J320G (Android 5.1.1)
[35m[Appium][39m   fullReset: true
[35m[Appium][39m   newCommandTimeout: 1800
[35m[Appium][39m   noReset: false
[35m[Appium][39m   platform: ANDROID
[35m[Appium][39m   platformName: Android
[35m[Appium][39m   udid: 4200d20faae66400
[35m[BaseDriver][39m The following capabilities were provided, but are not recognized by appium: platform.
[35m[BaseDriver][39m Session created with session id: f1fcc933-882e-4f84-a95f-ce503e72889f
[35m[AndroidDriver][39m Java version is: 1.8.0_102
[35m[ADB][39m Checking whether adb is present
[35m[ADB][39m Found 1 'build-tools' folders under 'C:\Users\ALIMSAPUTRA\.katalon\tools\android_sdk' (newest first):
[35m[ADB][39m     C:/Users/ALIMSAPUTRA/.katalon/tools/android_sdk/build-tools/28.0.0
[35m[ADB][39m Using adb.exe from C:\Users\ALIMSAPUTRA\.katalon\tools\android_sdk\platform-tools\adb.exe
[35m[AndroidDriver][39m Retrieving device list
[35m[AndroidDriver][39m Using device: 4200d20faae66400
[35m[BaseDriver][39m Using local app 'C:\Users\ALIMSAPUTRA\Downloads\Movic_0.3.2_2018-05-30-debug.apk'
[35m[AndroidDriver][39m Starting Android session
[35m[ADB][39m Checking whether aapt is present
[35m[ADB][39m Using aapt.exe from C:\Users\ALIMSAPUTRA\.katalon\tools\android_sdk\build-tools\28.0.0\aapt.exe
[35m[AndroidDriver][39m setDeviceLanguageCountry requires language or country.
[35m[AndroidDriver][39m Got language: 'null' and country: 'null'
[35m[ADB][39m Getting device platform version
[35m[ADB][39m Using the alternative activity name detection method because of: Could not find apkanalyzer.bat in C:\Users\ALIMSAPUTRA\.katalon\tools\android_sdk\platform-tools\apkanalyzer.bat,C:\Users\ALIMSAPUTRA\.katalon\tools\android_sdk\emulator\apkanalyzer.bat,C:\Users\ALIMSAPUTRA\.katalon\tools\android_sdk\tools\apkanalyzer.bat,C:\Users\ALIMSAPUTRA\.katalon\tools\android_sdk\tools\bin\apkanalyzer.bat,C:\Users\ALIMSAPUTRA\.katalon\tools\android_sdk\build-tools\28.0.0\apkanalyzer.bat. Do you have the Android SDK installed at 'C:\Users\ALIMSAPUTRA\.katalon\tools\android_sdk'?
[35m[ADB][39m Extracting package and launch activity from manifest
[35m[ADB][39m Package name: 'id.astra.adp.movic'
[35m[ADB][39m Main activity name: 'id.astra.adp.movic.modules.main.SplashScreenActivity'
[35m[ADB][39m id.astra.adp.movic was successfully uninstalled
[35m[ADB][39m Successfully extracted 533 strings from 'C:\Users\ALIMSAPUTRA\Downloads\Movic_0.3.2_2018-05-30-debug.apk' resources for '(default)' configuration
[35m[ADB][39m No uiautomator process found to kill, continuing...
[35m[AndroidBootstrap][39m Android bootstrap socket is now connected
[35m[AndroidDriver][39m Screen already unlocked, doing nothing
[35m[Appium][39m New AndroidDriver session created successfully, session f1fcc933-882e-4f84-a95f-ce503e72889f added to master session list
[35m[HTTP][39m [37m<-- POST /wd/hub/session [39m[32m200[39m [90m60191 ms - 1166[39m
[35m[HTTP][39m [90m[39m
[35m[HTTP][39m [37m-->[39m [37mGET[39m [37m/wd/hub/status[39m
[35m[HTTP][39m [90m{}[39m
[35m[HTTP][39m [37m<-- GET /wd/hub/status [39m[32m200[39m [90m10 ms - 55[39m
[35m[HTTP][39m [90m[39m
[35m[HTTP][39m [37m-->[39m [37mPOST[39m [37m/wd/hub/session/f1fcc933-882e-4f84-a95f-ce503e72889f/timeouts[39m
[35m[HTTP][39m [90m{"type":"implicit","ms":30000}[39m
[35m[HTTP][39m [37m<-- POST /wd/hub/session/f1fcc933-882e-4f84-a95f-ce503e72889f/timeouts [39m[33m400[39m [90m29 ms - 5500[39m
[35m[HTTP][39m [90m[39m
[35m[HTTP][39m [37m-->[39m [37mGET[39m [37m/wd/hub/session/f1fcc933-882e-4f84-a95f-ce503e72889f/window/current/size[39m
[35m[HTTP][39m [90m{}[39m
[35m[HTTP][39m [37m<-- GET /wd/hub/session/f1fcc933-882e-4f84-a95f-ce503e72889f/window/current/size [39m[32m200[39m [90m54 ms - 99[39m
[35m[HTTP][39m [90m[39m
[35m[HTTP][39m [37m-->[39m [37mPOST[39m [37m/wd/hub/session/f1fcc933-882e-4f84-a95f-ce503e72889f/elements[39m
[35m[HTTP][39m [90m{"using":"-android uiautomator","value":"new UiSelector().className(\"android.widget.TextView\").text(\"Indonesia\").resourceId(\"id.astra.adp.movic:id/mTxtIndonesia\").instance(3)"}[39m
[35m[HTTP][39m [37m<-- POST /wd/hub/session/f1fcc933-882e-4f84-a95f-ce503e72889f/elements [39m[32m200[39m [90m59 ms - 74[39m
[35m[HTTP][39m [90m[39m
[35m[HTTP][39m [37m-->[39m [37mPOST[39m [37m/wd/hub/session/f1fcc933-882e-4f84-a95f-ce503e72889f/elements[39m
[35m[HTTP][39m [90m{"using":"-android uiautomator","value":"new UiSelector().className(\"android.widget.TextView\").text(\"Indonesia\").resourceId(\"id.astra.adp.movic:id/mTxtIndonesia\").instance(3)"}[39m
[35m[HTTP][39m [37m<-- POST /wd/hub/session/f1fcc933-882e-4f84-a95f-ce503e72889f/elements [39m[32m200[39m [90m48 ms - 74[39m
[35m[HTTP][39m [90m[39m
[35m[HTTP][39m [37m-->[39m [37mPOST[39m [37m/wd/hub/session/f1fcc933-882e-4f84-a95f-ce503e72889f/elements[39m
[35m[HTTP][39m [90m{"using":"-android uiautomator","value":"new UiSelector().className(\"android.widget.TextView\").text(\"Indonesia\").resourceId(\"id.astra.adp.movic:id/mTxtIndonesia\").instance(3)"}[39m
[35m[HTTP][39m [37m<-- POST /wd/hub/session/f1fcc933-882e-4f84-a95f-ce503e72889f/elements [39m[32m200[39m [90m47 ms - 74[39m
[35m[HTTP][39m [90m[39m
[35m[HTTP][39m [37m-->[39m [37mPOST[39m [37m/wd/hub/session/f1fcc933-882e-4f84-a95f-ce503e72889f/elements[39m
[35m[HTTP][39m [90m{"using":"-android uiautomator","value":"new UiSelector().className(\"android.widget.TextView\").text(\"Indonesia\").resourceId(\"id.astra.adp.movic:id/mTxtIndonesia\").instance(3)"}[39m
[35m[HTTP][39m [37m<-- POST /wd/hub/session/f1fcc933-882e-4f84-a95f-ce503e72889f/elements [39m[32m200[39m [90m34 ms - 74[39m
[35m[HTTP][39m [90m[39m
[35m[HTTP][39m [37m-->[39m [37mPOST[39m [37m/wd/hub/session/f1fcc933-882e-4f84-a95f-ce503e72889f/elements[39m
[35m[HTTP][39m [90m{"using":"-android uiautomator","value":"new UiSelector().className(\"android.widget.TextView\").text(\"Indonesia\").resourceId(\"id.astra.adp.movic:id/mTxtIndonesia\").instance(3)"}[39m
[35m[HTTP][39m [37m<-- POST /wd/hub/session/f1fcc933-882e-4f84-a95f-ce503e72889f/elements [39m[32m200[39m [90m41 ms - 74[39m
[35m[HTTP][39m [90m[39m
[35m[HTTP][39m [37m-->[39m [37mPOST[39m [37m/wd/hub/session/f1fcc933-882e-4f84-a95f-ce503e72889f/elements[39m
[35m[HTTP][39m [90m{"using":"-android uiautomator","value":"new UiSelector().className(\"android.widget.TextView\").text(\"Indonesia\").resourceId(\"id.astra.adp.movic:id/mTxtIndonesia\").instance(3)"}[39m
[35m[HTTP][39m [37m<-- POST /wd/hub/session/f1fcc933-882e-4f84-a95f-ce503e72889f/elements [39m[32m200[39m [90m37 ms - 74[39m
[35m[HTTP][39m [90m[39m
[35m[HTTP][39m [37m-->[39m [37mPOST[39m [37m/wd/hub/session/f1fcc933-882e-4f84-a95f-ce503e72889f/elements[39m
[35m[HTTP][39m [90m{"using":"-android uiautomator","value":"new UiSelector().className(\"android.widget.TextView\").text(\"Indonesia\").resourceId(\"id.astra.adp.movic:id/mTxtIndonesia\").instance(3)"}[39m
[35m[HTTP][39m [37m<-- POST /wd/hub/session/f1fcc933-882e-4f84-a95f-ce503e72889f/elements [39m[32m200[39m [90m33 ms - 74[39m
[35m[HTTP][39m [90m[39m
[35m[HTTP][39m [37m-->[39m [37mPOST[39m [37m/wd/hub/session/f1fcc933-882e-4f84-a95f-ce503e72889f/elements[39m
[35m[HTTP][39m [90m{"using":"-android uiautomator","value":"new UiSelector().className(\"android.widget.TextView\").text(\"Indonesia\").resourceId(\"id.astra.adp.movic:id/mTxtIndonesia\").instance(3)"}[39m
[35m[HTTP][39m [37m<-- POST /wd/hub/session/f1fcc933-882e-4f84-a95f-ce503e72889f/elements [39m[32m200[39m [90m56 ms - 74[39m
[35m[HTTP][39m [90m[39m
[35m[HTTP][39m [37m-->[39m [37mPOST[39m [37m/wd/hub/session/f1fcc933-882e-4f84-a95f-ce503e72889f/elements[39m
[35m[HTTP][39m [90m{"using":"-android uiautomator","value":"new UiSelector().className(\"android.widget.TextView\").text(\"Indonesia\").resourceId(\"id.astra.adp.movic:id/mTxtIndonesia\").instance(3)"}[39m
[35m[HTTP][39m [37m<-- POST /wd/hub/session/f1fcc933-882e-4f84-a95f-ce503e72889f/elements [39m[32m200[39m [90m1565 ms - 74[39m
[35m[HTTP][39m [90m[39m
[35m[HTTP][39m [37m-->[39m [37mPOST[39m [37m/wd/hub/session/f1fcc933-882e-4f84-a95f-ce503e72889f/elements[39m
[35m[HTTP][39m [90m{"using":"-android uiautomator","value":"new UiSelector().className(\"android.widget.TextView\").text(\"Indonesia\").resourceId(\"id.astra.adp.movic:id/mTxtIndonesia\").instance(3)"}[39m
[35m[HTTP][39m [37m<-- POST /wd/hub/session/f1fcc933-882e-4f84-a95f-ce503e72889f/elements [39m[32m200[39m [90m60 ms - 89[39m
[35m[HTTP][39m [90m[39m
[35m[HTTP][39m [37m-->[39m [37mGET[39m [37m/wd/hub/session/f1fcc933-882e-4f84-a95f-ce503e72889f[39m
[35m[HTTP][39m [90m{}[39m
[35m[HTTP][39m [37m<-- GET /wd/hub/session/f1fcc933-882e-4f84-a95f-ce503e72889f [39m[32m200[39m [90m5 ms - 1166[39m
[35m[HTTP][39m [90m[39m
[35m[HTTP][39m [37m-->[39m [37mGET[39m [37m/wd/hub/session/f1fcc933-882e-4f84-a95f-ce503e72889f[39m
[35m[HTTP][39m [90m{}[39m
[35m[HTTP][39m [37m<-- GET /wd/hub/session/f1fcc933-882e-4f84-a95f-ce503e72889f [39m[32m200[39m [90m4 ms - 1166[39m
[35m[HTTP][39m [90m[39m
[35m[HTTP][39m [37m-->[39m [37mGET[39m [37m/wd/hub/session/f1fcc933-882e-4f84-a95f-ce503e72889f[39m
[35m[HTTP][39m [90m{}[39m
[35m[HTTP][39m [37m<-- GET /wd/hub/session/f1fcc933-882e-4f84-a95f-ce503e72889f [39m[32m200[39m [90m4 ms - 1166[39m
[35m[HTTP][39m [90m[39m
[35m[HTTP][39m [37m-->[39m [37mGET[39m [37m/wd/hub/session/f1fcc933-882e-4f84-a95f-ce503e72889f[39m
[35m[HTTP][39m [90m{}[39m
[35m[HTTP][39m [37m<-- GET /wd/hub/session/f1fcc933-882e-4f84-a95f-ce503e72889f [39m[32m200[39m [90m4 ms - 1166[39m
[35m[HTTP][39m [90m[39m
[35m[HTTP][39m [37m-->[39m [37mGET[39m [37m/wd/hub/session/f1fcc933-882e-4f84-a95f-ce503e72889f/element/1/location[39m
[35m[HTTP][39m [90m{}[39m
[35m[HTTP][39m [37m<-- GET /wd/hub/session/f1fcc933-882e-4f84-a95f-ce503e72889f/element/1/location [39m[32m200[39m [90m24 ms - 89[39m
[35m[HTTP][39m [90m[39m
[35m[HTTP][39m [37m-->[39m [37mPOST[39m [37m/wd/hub/session/f1fcc933-882e-4f84-a95f-ce503e72889f/touch/perform[39m
[35m[HTTP][39m [90m{"actions":[{"action":"tap","options":{"element":"1","x":1,"y":1}}]}[39m
[35m[HTTP][39m [37m<-- POST /wd/hub/session/f1fcc933-882e-4f84-a95f-ce503e72889f/touch/perform [39m[32m200[39m [90m399 ms - 76[39m
[35m[HTTP][39m [90m[39m
[35m[HTTP][39m [37m-->[39m [37mGET[39m [37m/wd/hub/session/f1fcc933-882e-4f84-a95f-ce503e72889f/window/current/size[39m
[35m[HTTP][39m [90m{}[39m
[35m[HTTP][39m [37m<-- GET /wd/hub/session/f1fcc933-882e-4f84-a95f-ce503e72889f/window/current/size [39m[32m200[39m [90m14 ms - 99[39m
[35m[HTTP][39m [90m[39m
[35m[HTTP][39m [37m-->[39m [37mPOST[39m [37m/wd/hub/session/f1fcc933-882e-4f84-a95f-ce503e72889f/elements[39m
[35m[HTTP][39m [90m{"using":"-android uiautomator","value":"new UiSelector().className(\"android.widget.ImageView\").resourceId(\"id.astra.adp.movic:id/mImgSkip\").instance(4)"}[39m
[35m[HTTP][39m [37m<-- POST /wd/hub/session/f1fcc933-882e-4f84-a95f-ce503e72889f/elements [39m[32m200[39m [90m571 ms - 89[39m
[35m[HTTP][39m [90m[39m
[35m[HTTP][39m [37m-->[39m [37mGET[39m [37m/wd/hub/session/f1fcc933-882e-4f84-a95f-ce503e72889f[39m
[35m[HTTP][39m [90m{}[39m
[35m[HTTP][39m [37m<-- GET /wd/hub/session/f1fcc933-882e-4f84-a95f-ce503e72889f [39m[32m200[39m [90m3 ms - 1166[39m
[35m[HTTP][39m [90m[39m
[35m[HTTP][39m [37m-->[39m [37mGET[39m [37m/wd/hub/session/f1fcc933-882e-4f84-a95f-ce503e72889f[39m
[35m[HTTP][39m [90m{}[39m
[35m[HTTP][39m [37m<-- GET /wd/hub/session/f1fcc933-882e-4f84-a95f-ce503e72889f [39m[32m200[39m [90m3 ms - 1166[39m
[35m[HTTP][39m [90m[39m
[35m[HTTP][39m [37m-->[39m [37mGET[39m [37m/wd/hub/session/f1fcc933-882e-4f84-a95f-ce503e72889f[39m
[35m[HTTP][39m [90m{}[39m
[35m[HTTP][39m [37m<-- GET /wd/hub/session/f1fcc933-882e-4f84-a95f-ce503e72889f [39m[32m200[39m [90m3 ms - 1166[39m
[35m[HTTP][39m [90m[39m
[35m[HTTP][39m [37m-->[39m [37mGET[39m [37m/wd/hub/session/f1fcc933-882e-4f84-a95f-ce503e72889f[39m
[35m[HTTP][39m [90m{}[39m
[35m[HTTP][39m [37m<-- GET /wd/hub/session/f1fcc933-882e-4f84-a95f-ce503e72889f [39m[32m200[39m [90m3 ms - 1166[39m
[35m[HTTP][39m [90m[39m
[35m[HTTP][39m [37m-->[39m [37mGET[39m [37m/wd/hub/session/f1fcc933-882e-4f84-a95f-ce503e72889f/element/2/location[39m
[35m[HTTP][39m [90m{}[39m
[35m[HTTP][39m [37m<-- GET /wd/hub/session/f1fcc933-882e-4f84-a95f-ce503e72889f/element/2/location [39m[32m200[39m [90m19 ms - 90[39m
[35m[HTTP][39m [90m[39m
[35m[HTTP][39m [37m-->[39m [37mPOST[39m [37m/wd/hub/session/f1fcc933-882e-4f84-a95f-ce503e72889f/touch/perform[39m
[35m[HTTP][39m [90m{"actions":[{"action":"tap","options":{"element":"2","x":1,"y":1}}]}[39m
[35m[HTTP][39m [37m<-- POST /wd/hub/session/f1fcc933-882e-4f84-a95f-ce503e72889f/touch/perform [39m[32m200[39m [90m926 ms - 76[39m
[35m[HTTP][39m [90m[39m
[35m[HTTP][39m [37m-->[39m [37mGET[39m [37m/wd/hub/session/f1fcc933-882e-4f84-a95f-ce503e72889f/window/current/size[39m
[35m[HTTP][39m [90m{}[39m
[35m[HTTP][39m [37m<-- GET /wd/hub/session/f1fcc933-882e-4f84-a95f-ce503e72889f/window/current/size [39m[32m200[39m [90m11 ms - 99[39m
[35m[HTTP][39m [90m[39m
[35m[HTTP][39m [37m-->[39m [37mPOST[39m [37m/wd/hub/session/f1fcc933-882e-4f84-a95f-ce503e72889f/elements[39m
[35m[HTTP][39m [90m{"using":"-android uiautomator","value":"new UiSelector().className(\"android.widget.TextView\").text(\"Lewati\").resourceId(\"id.astra.adp.movic:id/tvSkip\").instance(2)"}[39m
[35m[HTTP][39m [37m<-- POST /wd/hub/session/f1fcc933-882e-4f84-a95f-ce503e72889f/elements [39m[32m200[39m [90m683 ms - 89[39m
[35m[HTTP][39m [90m[39m
[35m[HTTP][39m [37m-->[39m [37mGET[39m [37m/wd/hub/session/f1fcc933-882e-4f84-a95f-ce503e72889f[39m
[35m[HTTP][39m [90m{}[39m
[35m[HTTP][39m [37m<-- GET /wd/hub/session/f1fcc933-882e-4f84-a95f-ce503e72889f [39m[32m200[39m [90m4 ms - 1166[39m
[35m[HTTP][39m [90m[39m
[35m[HTTP][39m [37m-->[39m [37mGET[39m [37m/wd/hub/session/f1fcc933-882e-4f84-a95f-ce503e72889f[39m
[35m[HTTP][39m [90m{}[39m
[35m[HTTP][39m [37m<-- GET /wd/hub/session/f1fcc933-882e-4f84-a95f-ce503e72889f [39m[32m200[39m [90m5 ms - 1166[39m
[35m[HTTP][39m [90m[39m
[35m[HTTP][39m [37m-->[39m [37mGET[39m [37m/wd/hub/session/f1fcc933-882e-4f84-a95f-ce503e72889f[39m
[35m[HTTP][39m [90m{}[39m
[35m[HTTP][39m [37m<-- GET /wd/hub/session/f1fcc933-882e-4f84-a95f-ce503e72889f [39m[32m200[39m [90m4 ms - 1166[39m
[35m[HTTP][39m [90m[39m
[35m[HTTP][39m [37m-->[39m [37mGET[39m [37m/wd/hub/session/f1fcc933-882e-4f84-a95f-ce503e72889f[39m
[35m[HTTP][39m [90m{}[39m
[35m[HTTP][39m [37m<-- GET /wd/hub/session/f1fcc933-882e-4f84-a95f-ce503e72889f [39m[32m200[39m [90m4 ms - 1166[39m
[35m[HTTP][39m [90m[39m
[35m[HTTP][39m [37m-->[39m [37mGET[39m [37m/wd/hub/session/f1fcc933-882e-4f84-a95f-ce503e72889f/element/3/location[39m
[35m[HTTP][39m [90m{}[39m
[35m[HTTP][39m [37m<-- GET /wd/hub/session/f1fcc933-882e-4f84-a95f-ce503e72889f/element/3/location [39m[32m200[39m [90m28 ms - 89[39m
[35m[HTTP][39m [90m[39m
[35m[HTTP][39m [37m-->[39m [37mPOST[39m [37m/wd/hub/session/f1fcc933-882e-4f84-a95f-ce503e72889f/touch/perform[39m
[35m[HTTP][39m [90m{"actions":[{"action":"tap","options":{"element":"3","x":1,"y":1}}]}[39m
[35m[HTTP][39m [37m<-- POST /wd/hub/session/f1fcc933-882e-4f84-a95f-ce503e72889f/touch/perform [39m[32m200[39m [90m1561 ms - 76[39m
[35m[HTTP][39m [90m[39m
[35m[HTTP][39m [37m-->[39m [37mGET[39m [37m/wd/hub/session/f1fcc933-882e-4f84-a95f-ce503e72889f/window/current/size[39m
[35m[HTTP][39m [90m{}[39m
[35m[HTTP][39m [37m<-- GET /wd/hub/session/f1fcc933-882e-4f84-a95f-ce503e72889f/window/current/size [39m[32m200[39m [90m11 ms - 99[39m
[35m[HTTP][39m [90m[39m
[35m[HTTP][39m [37m-->[39m [37mPOST[39m [37m/wd/hub/session/f1fcc933-882e-4f84-a95f-ce503e72889f/elements[39m
[35m[HTTP][39m [90m{"using":"-android uiautomator","value":"new UiSelector().className(\"android.widget.TextView\").text(\"Log in\").resourceId(\"id.astra.adp.movic:id/mTxtLogin\").instance(0)"}[39m
[35m[HTTP][39m [37m<-- POST /wd/hub/session/f1fcc933-882e-4f84-a95f-ce503e72889f/elements [39m[32m200[39m [90m735 ms - 89[39m
[35m[HTTP][39m [90m[39m
[35m[HTTP][39m [37m-->[39m [37mGET[39m [37m/wd/hub/session/f1fcc933-882e-4f84-a95f-ce503e72889f[39m
[35m[HTTP][39m [90m{}[39m
[35m[HTTP][39m [37m<-- GET /wd/hub/session/f1fcc933-882e-4f84-a95f-ce503e72889f [39m[32m200[39m [90m3 ms - 1166[39m
[35m[HTTP][39m [90m[39m
[35m[HTTP][39m [37m-->[39m [37mGET[39m [37m/wd/hub/session/f1fcc933-882e-4f84-a95f-ce503e72889f[39m
[35m[HTTP][39m [90m{}[39m
[35m[HTTP][39m [37m<-- GET /wd/hub/session/f1fcc933-882e-4f84-a95f-ce503e72889f [39m[32m200[39m [90m3 ms - 1166[39m
[35m[HTTP][39m [90m[39m
[35m[HTTP][39m [37m-->[39m [37mGET[39m [37m/wd/hub/session/f1fcc933-882e-4f84-a95f-ce503e72889f[39m
[35m[HTTP][39m [90m{}[39m
[35m[HTTP][39m [37m<-- GET /wd/hub/session/f1fcc933-882e-4f84-a95f-ce503e72889f [39m[32m200[39m [90m3 ms - 1166[39m
[35m[HTTP][39m [90m[39m
[35m[HTTP][39m [37m-->[39m [37mGET[39m [37m/wd/hub/session/f1fcc933-882e-4f84-a95f-ce503e72889f[39m
[35m[HTTP][39m [90m{}[39m
[35m[HTTP][39m [37m<-- GET /wd/hub/session/f1fcc933-882e-4f84-a95f-ce503e72889f [39m[32m200[39m [90m6 ms - 1166[39m
[35m[HTTP][39m [90m[39m
[35m[HTTP][39m [37m-->[39m [37mGET[39m [37m/wd/hub/session/f1fcc933-882e-4f84-a95f-ce503e72889f/element/4/location[39m
[35m[HTTP][39m [90m{}[39m
[35m[HTTP][39m [37m<-- GET /wd/hub/session/f1fcc933-882e-4f84-a95f-ce503e72889f/element/4/location [39m[32m200[39m [90m28 ms - 89[39m
[35m[HTTP][39m [90m[39m
[35m[HTTP][39m [37m-->[39m [37mPOST[39m [37m/wd/hub/session/f1fcc933-882e-4f84-a95f-ce503e72889f/touch/perform[39m
[35m[HTTP][39m [90m{"actions":[{"action":"tap","options":{"element":"4","x":1,"y":1}}]}[39m
[35m[HTTP][39m [37m<-- POST /wd/hub/session/f1fcc933-882e-4f84-a95f-ce503e72889f/touch/perform [39m[32m200[39m [90m834 ms - 76[39m
[35m[HTTP][39m [90m[39m
[35m[HTTP][39m [37m-->[39m [37mGET[39m [37m/wd/hub/session/f1fcc933-882e-4f84-a95f-ce503e72889f/window/current/size[39m
[35m[HTTP][39m [90m{}[39m
[35m[HTTP][39m [37m<-- GET /wd/hub/session/f1fcc933-882e-4f84-a95f-ce503e72889f/window/current/size [39m[32m200[39m [90m12 ms - 99[39m
[35m[HTTP][39m [90m[39m
[35m[HTTP][39m [37m-->[39m [37mPOST[39m [37m/wd/hub/session/f1fcc933-882e-4f84-a95f-ce503e72889f/elements[39m
[35m[HTTP][39m [90m{"using":"-android uiautomator","value":"new UiSelector().className(\"android.widget.EditText\").resourceId(\"id.astra.adp.movic:id/mTxtUsername\").instance(0)"}[39m
[35m[HTTP][39m [37m<-- POST /wd/hub/session/f1fcc933-882e-4f84-a95f-ce503e72889f/elements [39m[32m200[39m [90m625 ms - 89[39m
[35m[HTTP][39m [90m[39m
[35m[HTTP][39m [37m-->[39m [37mGET[39m [37m/wd/hub/session/f1fcc933-882e-4f84-a95f-ce503e72889f[39m
[35m[HTTP][39m [90m{}[39m
[35m[HTTP][39m [37m<-- GET /wd/hub/session/f1fcc933-882e-4f84-a95f-ce503e72889f [39m[32m200[39m [90m8 ms - 1166[39m
[35m[HTTP][39m [90m[39m
[35m[HTTP][39m [37m-->[39m [37mGET[39m [37m/wd/hub/session/f1fcc933-882e-4f84-a95f-ce503e72889f[39m
[35m[HTTP][39m [90m{}[39m
[35m[HTTP][39m [37m<-- GET /wd/hub/session/f1fcc933-882e-4f84-a95f-ce503e72889f [39m[32m200[39m [90m4 ms - 1166[39m
[35m[HTTP][39m [90m[39m
[35m[HTTP][39m [37m-->[39m [37mGET[39m [37m/wd/hub/session/f1fcc933-882e-4f84-a95f-ce503e72889f[39m
[35m[HTTP][39m [90m{}[39m
[35m[HTTP][39m [37m<-- GET /wd/hub/session/f1fcc933-882e-4f84-a95f-ce503e72889f [39m[32m200[39m [90m3 ms - 1166[39m
[35m[HTTP][39m [90m[39m
[35m[HTTP][39m [37m-->[39m [37mGET[39m [37m/wd/hub/session/f1fcc933-882e-4f84-a95f-ce503e72889f[39m
[35m[HTTP][39m [90m{}[39m
[35m[HTTP][39m [37m<-- GET /wd/hub/session/f1fcc933-882e-4f84-a95f-ce503e72889f [39m[32m200[39m [90m3 ms - 1166[39m
[35m[HTTP][39m [90m[39m
[35m[HTTP][39m [37m-->[39m [37mGET[39m [37m/wd/hub/session/f1fcc933-882e-4f84-a95f-ce503e72889f/element/5/location[39m
[35m[HTTP][39m [90m{}[39m
[35m[HTTP][39m [37m<-- GET /wd/hub/session/f1fcc933-882e-4f84-a95f-ce503e72889f/element/5/location [39m[32m200[39m [90m37 ms - 88[39m
[35m[HTTP][39m [90m[39m
[35m[HTTP][39m [37m-->[39m [37mPOST[39m [37m/wd/hub/session/f1fcc933-882e-4f84-a95f-ce503e72889f/element/5/clear[39m
[35m[HTTP][39m [90m{"id":"5"}[39m
[35m[HTTP][39m [37m<-- POST /wd/hub/session/f1fcc933-882e-4f84-a95f-ce503e72889f/element/5/clear [39m[32m200[39m [90m6104 ms - 76[39m
[35m[HTTP][39m [90m[39m
[35m[HTTP][39m [37m-->[39m [37mPOST[39m [37m/wd/hub/session/f1fcc933-882e-4f84-a95f-ce503e72889f/element/5/value[39m
[35m[HTTP][39m [90m{"id":"5","value":["ali.saputra@wgs.co.id"]}[39m
[35m[HTTP][39m [37m<-- POST /wd/hub/session/f1fcc933-882e-4f84-a95f-ce503e72889f/element/5/value [39m[32m200[39m [90m6237 ms - 76[39m
[35m[HTTP][39m [90m[39m
[35m[HTTP][39m [37m-->[39m [37mGET[39m [37m/wd/hub/session/f1fcc933-882e-4f84-a95f-ce503e72889f/window/current/size[39m
[35m[HTTP][39m [90m{}[39m
[35m[HTTP][39m [37m<-- GET /wd/hub/session/f1fcc933-882e-4f84-a95f-ce503e72889f/window/current/size [39m[32m200[39m [90m14 ms - 99[39m
[35m[HTTP][39m [90m[39m
[35m[HTTP][39m [37m-->[39m [37mPOST[39m [37m/wd/hub/session/f1fcc933-882e-4f84-a95f-ce503e72889f/elements[39m
[35m[HTTP][39m [90m{"using":"-android uiautomator","value":"new UiSelector().className(\"android.widget.Button\").text(\"Next\").resourceId(\"id.astra.adp.movic:id/mBtnNext\").instance(0)"}[39m
[35m[HTTP][39m [37m<-- POST /wd/hub/session/f1fcc933-882e-4f84-a95f-ce503e72889f/elements [39m[32m200[39m [90m597 ms - 89[39m
[35m[HTTP][39m [90m[39m
[35m[HTTP][39m [37m-->[39m [37mGET[39m [37m/wd/hub/session/f1fcc933-882e-4f84-a95f-ce503e72889f[39m
[35m[HTTP][39m [90m{}[39m
[35m[HTTP][39m [37m<-- GET /wd/hub/session/f1fcc933-882e-4f84-a95f-ce503e72889f [39m[32m200[39m [90m4 ms - 1166[39m
[35m[HTTP][39m [90m[39m
[35m[HTTP][39m [37m-->[39m [37mGET[39m [37m/wd/hub/session/f1fcc933-882e-4f84-a95f-ce503e72889f[39m
[35m[HTTP][39m [90m{}[39m
[35m[HTTP][39m [37m<-- GET /wd/hub/session/f1fcc933-882e-4f84-a95f-ce503e72889f [39m[32m200[39m [90m7 ms - 1166[39m
[35m[HTTP][39m [90m[39m
[35m[HTTP][39m [37m-->[39m [37mGET[39m [37m/wd/hub/session/f1fcc933-882e-4f84-a95f-ce503e72889f[39m
[35m[HTTP][39m [90m{}[39m
[35m[HTTP][39m [37m<-- GET /wd/hub/session/f1fcc933-882e-4f84-a95f-ce503e72889f [39m[32m200[39m [90m7 ms - 1166[39m
[35m[HTTP][39m [90m[39m
[35m[HTTP][39m [37m-->[39m [37mGET[39m [37m/wd/hub/session/f1fcc933-882e-4f84-a95f-ce503e72889f[39m
[35m[HTTP][39m [90m{}[39m
[35m[HTTP][39m [37m<-- GET /wd/hub/session/f1fcc933-882e-4f84-a95f-ce503e72889f [39m[32m200[39m [90m4 ms - 1166[39m
[35m[HTTP][39m [90m[39m
[35m[HTTP][39m [37m-->[39m [37mGET[39m [37m/wd/hub/session/f1fcc933-882e-4f84-a95f-ce503e72889f/element/6/location[39m
[35m[HTTP][39m [90m{}[39m
[35m[HTTP][39m [37m<-- GET /wd/hub/session/f1fcc933-882e-4f84-a95f-ce503e72889f/element/6/location [39m[32m200[39m [90m38 ms - 89[39m
[35m[HTTP][39m [90m[39m
[35m[HTTP][39m [37m-->[39m [37mPOST[39m [37m/wd/hub/session/f1fcc933-882e-4f84-a95f-ce503e72889f/touch/perform[39m
[35m[HTTP][39m [90m{"actions":[{"action":"tap","options":{"element":"6","x":1,"y":1}}]}[39m
[35m[HTTP][39m [37m<-- POST /wd/hub/session/f1fcc933-882e-4f84-a95f-ce503e72889f/touch/perform [39m[32m200[39m [90m636 ms - 76[39m
[35m[HTTP][39m [90m[39m
[35m[HTTP][39m [37m-->[39m [37mGET[39m [37m/wd/hub/session/f1fcc933-882e-4f84-a95f-ce503e72889f/window/current/size[39m
[35m[HTTP][39m [90m{}[39m
[35m[HTTP][39m [37m<-- GET /wd/hub/session/f1fcc933-882e-4f84-a95f-ce503e72889f/window/current/size [39m[32m200[39m [90m17 ms - 99[39m
[35m[HTTP][39m [90m[39m
[35m[HTTP][39m [37m-->[39m [37mPOST[39m [37m/wd/hub/session/f1fcc933-882e-4f84-a95f-ce503e72889f/elements[39m
[35m[HTTP][39m [90m{"using":"-android uiautomator","value":"new UiSelector().className(\"android.widget.EditText\").resourceId(\"id.astra.adp.movic:id/mTxtPassword\").instance(0)"}[39m
[35m[HTTP][39m [37m<-- POST /wd/hub/session/f1fcc933-882e-4f84-a95f-ce503e72889f/elements [39m[32m200[39m [90m460 ms - 74[39m
[35m[HTTP][39m [90m[39m
[35m[HTTP][39m [37m-->[39m [37mPOST[39m [37m/wd/hub/session/f1fcc933-882e-4f84-a95f-ce503e72889f/elements[39m
[35m[HTTP][39m [90m{"using":"-android uiautomator","value":"new UiSelector().className(\"android.widget.EditText\").resourceId(\"id.astra.adp.movic:id/mTxtPassword\").instance(0)"}[39m
[35m[HTTP][39m [37m<-- POST /wd/hub/session/f1fcc933-882e-4f84-a95f-ce503e72889f/elements [39m[32m200[39m [90m212 ms - 74[39m
[35m[HTTP][39m [90m[39m
[35m[HTTP][39m [37m-->[39m [37mPOST[39m [37m/wd/hub/session/f1fcc933-882e-4f84-a95f-ce503e72889f/elements[39m
[35m[HTTP][39m [90m{"using":"-android uiautomator","value":"new UiSelector().className(\"android.widget.EditText\").resourceId(\"id.astra.adp.movic:id/mTxtPassword\").instance(0)"}[39m
[35m[HTTP][39m [37m<-- POST /wd/hub/session/f1fcc933-882e-4f84-a95f-ce503e72889f/elements [39m[32m200[39m [90m89 ms - 74[39m
[35m[HTTP][39m [90m[39m
[35m[HTTP][39m [37m-->[39m [37mPOST[39m [37m/wd/hub/session/f1fcc933-882e-4f84-a95f-ce503e72889f/elements[39m
[35m[HTTP][39m [90m{"using":"-android uiautomator","value":"new UiSelector().className(\"android.widget.EditText\").resourceId(\"id.astra.adp.movic:id/mTxtPassword\").instance(0)"}[39m
[35m[HTTP][39m [37m<-- POST /wd/hub/session/f1fcc933-882e-4f84-a95f-ce503e72889f/elements [39m[32m200[39m [90m1749 ms - 89[39m
[35m[HTTP][39m [90m[39m
[35m[HTTP][39m [37m-->[39m [37mGET[39m [37m/wd/hub/session/f1fcc933-882e-4f84-a95f-ce503e72889f[39m
[35m[HTTP][39m [90m{}[39m
[35m[HTTP][39m [37m<-- GET /wd/hub/session/f1fcc933-882e-4f84-a95f-ce503e72889f [39m[32m200[39m [90m3 ms - 1166[39m
[35m[HTTP][39m [90m[39m
[35m[HTTP][39m [37m-->[39m [37mGET[39m [37m/wd/hub/session/f1fcc933-882e-4f84-a95f-ce503e72889f[39m
[35m[HTTP][39m [90m{}[39m
[35m[HTTP][39m [37m<-- GET /wd/hub/session/f1fcc933-882e-4f84-a95f-ce503e72889f [39m[32m200[39m [90m3 ms - 1166[39m
[35m[HTTP][39m [90m[39m
[35m[HTTP][39m [37m-->[39m [37mGET[39m [37m/wd/hub/session/f1fcc933-882e-4f84-a95f-ce503e72889f[39m
[35m[HTTP][39m [90m{}[39m
[35m[HTTP][39m [37m<-- GET /wd/hub/session/f1fcc933-882e-4f84-a95f-ce503e72889f [39m[32m200[39m [90m3 ms - 1166[39m
[35m[HTTP][39m [90m[39m
[35m[HTTP][39m [37m-->[39m [37mGET[39m [37m/wd/hub/session/f1fcc933-882e-4f84-a95f-ce503e72889f[39m
[35m[HTTP][39m [90m{}[39m
[35m[HTTP][39m [37m<-- GET /wd/hub/session/f1fcc933-882e-4f84-a95f-ce503e72889f [39m[32m200[39m [90m5 ms - 1166[39m
[35m[HTTP][39m [90m[39m
[35m[HTTP][39m [37m-->[39m [37mGET[39m [37m/wd/hub/session/f1fcc933-882e-4f84-a95f-ce503e72889f/element/7/location[39m
[35m[HTTP][39m [90m{}[39m
[35m[HTTP][39m [37m<-- GET /wd/hub/session/f1fcc933-882e-4f84-a95f-ce503e72889f/element/7/location [39m[32m200[39m [90m58 ms - 88[39m
[35m[HTTP][39m [90m[39m
[35m[HTTP][39m [37m-->[39m [37mPOST[39m [37m/wd/hub/session/f1fcc933-882e-4f84-a95f-ce503e72889f/touch/perform[39m
[35m[HTTP][39m [90m{"actions":[{"action":"tap","options":{"element":"7","x":1,"y":1}}]}[39m
[35m[HTTP][39m [37m<-- POST /wd/hub/session/f1fcc933-882e-4f84-a95f-ce503e72889f/touch/perform [39m[32m200[39m [90m3200 ms - 76[39m
[35m[HTTP][39m [90m[39m
[35m[HTTP][39m [37m-->[39m [37mGET[39m [37m/wd/hub/session/f1fcc933-882e-4f84-a95f-ce503e72889f/window/current/size[39m
[35m[HTTP][39m [90m{}[39m
[35m[HTTP][39m [37m<-- GET /wd/hub/session/f1fcc933-882e-4f84-a95f-ce503e72889f/window/current/size [39m[32m200[39m [90m14 ms - 99[39m
[35m[HTTP][39m [90m[39m
[35m[HTTP][39m [37m-->[39m [37mPOST[39m [37m/wd/hub/session/f1fcc933-882e-4f84-a95f-ce503e72889f/elements[39m
[35m[HTTP][39m [90m{"using":"-android uiautomator","value":"new UiSelector().className(\"android.widget.EditText\").resourceId(\"id.astra.adp.movic:id/mTxtPassword\").instance(0)"}[39m
[35m[HTTP][39m [37m<-- POST /wd/hub/session/f1fcc933-882e-4f84-a95f-ce503e72889f/elements [39m[32m200[39m [90m223 ms - 89[39m
[35m[HTTP][39m [90m[39m
[35m[HTTP][39m [37m-->[39m [37mGET[39m [37m/wd/hub/session/f1fcc933-882e-4f84-a95f-ce503e72889f[39m
[35m[HTTP][39m [90m{}[39m
[35m[HTTP][39m [37m<-- GET /wd/hub/session/f1fcc933-882e-4f84-a95f-ce503e72889f [39m[32m200[39m [90m4 ms - 1166[39m
[35m[HTTP][39m [90m[39m
[35m[HTTP][39m [37m-->[39m [37mGET[39m [37m/wd/hub/session/f1fcc933-882e-4f84-a95f-ce503e72889f[39m
[35m[HTTP][39m [90m{}[39m
[35m[HTTP][39m [37m<-- GET /wd/hub/session/f1fcc933-882e-4f84-a95f-ce503e72889f [39m[32m200[39m [90m5 ms - 1166[39m
[35m[HTTP][39m [90m[39m
[35m[HTTP][39m [37m-->[39m [37mGET[39m [37m/wd/hub/session/f1fcc933-882e-4f84-a95f-ce503e72889f[39m
[35m[HTTP][39m [90m{}[39m
[35m[HTTP][39m [37m<-- GET /wd/hub/session/f1fcc933-882e-4f84-a95f-ce503e72889f [39m[32m200[39m [90m4 ms - 1166[39m
[35m[HTTP][39m [90m[39m
[35m[HTTP][39m [37m-->[39m [37mGET[39m [37m/wd/hub/session/f1fcc933-882e-4f84-a95f-ce503e72889f[39m
[35m[HTTP][39m [90m{}[39m
[35m[HTTP][39m [37m<-- GET /wd/hub/session/f1fcc933-882e-4f84-a95f-ce503e72889f [39m[32m200[39m [90m4 ms - 1166[39m
[35m[HTTP][39m [90m[39m
[35m[HTTP][39m [37m-->[39m [37mGET[39m [37m/wd/hub/session/f1fcc933-882e-4f84-a95f-ce503e72889f/element/8/location[39m
[35m[HTTP][39m [90m{}[39m
[35m[HTTP][39m [37m<-- GET /wd/hub/session/f1fcc933-882e-4f84-a95f-ce503e72889f/element/8/location [39m[32m200[39m [90m30 ms - 88[39m
[35m[HTTP][39m [90m[39m
[35m[HTTP][39m [37m-->[39m [37mPOST[39m [37m/wd/hub/session/f1fcc933-882e-4f84-a95f-ce503e72889f/element/8/clear[39m
[35m[HTTP][39m [90m{"id":"8"}[39m
[35m[HTTP][39m [37m<-- POST /wd/hub/session/f1fcc933-882e-4f84-a95f-ce503e72889f/element/8/clear [39m[32m200[39m [90m9091 ms - 76[39m
[35m[HTTP][39m [90m[39m
[35m[HTTP][39m [37m-->[39m [37mPOST[39m [37m/wd/hub/session/f1fcc933-882e-4f84-a95f-ce503e72889f/element/8/value[39m
[35m[HTTP][39m [90m{"id":"8","value":["Walden1234"]}[39m
[35m[HTTP][39m [37m<-- POST /wd/hub/session/f1fcc933-882e-4f84-a95f-ce503e72889f/element/8/value [39m[32m200[39m [90m5376 ms - 76[39m
[35m[HTTP][39m [90m[39m
[35m[HTTP][39m [37m-->[39m [37mGET[39m [37m/wd/hub/session/f1fcc933-882e-4f84-a95f-ce503e72889f/window/current/size[39m
[35m[HTTP][39m [90m{}[39m
[35m[HTTP][39m [37m<-- GET /wd/hub/session/f1fcc933-882e-4f84-a95f-ce503e72889f/window/current/size [39m[32m200[39m [90m13 ms - 99[39m
[35m[HTTP][39m [90m[39m
[35m[HTTP][39m [37m-->[39m [37mPOST[39m [37m/wd/hub/session/f1fcc933-882e-4f84-a95f-ce503e72889f/elements[39m
[35m[HTTP][39m [90m{"using":"-android uiautomator","value":"new UiSelector().className(\"android.widget.Button\").text(\"Mulai Movic\").resourceId(\"id.astra.adp.movic:id/mBtnNext\").instance(0)"}[39m
[35m[HTTP][39m [37m<-- POST /wd/hub/session/f1fcc933-882e-4f84-a95f-ce503e72889f/elements [39m[32m200[39m [90m502 ms - 89[39m
[35m[HTTP][39m [90m[39m
[35m[HTTP][39m [37m-->[39m [37mGET[39m [37m/wd/hub/session/f1fcc933-882e-4f84-a95f-ce503e72889f[39m
[35m[HTTP][39m [90m{}[39m
[35m[HTTP][39m [37m<-- GET /wd/hub/session/f1fcc933-882e-4f84-a95f-ce503e72889f [39m[32m200[39m [90m6 ms - 1166[39m
[35m[HTTP][39m [90m[39m
[35m[HTTP][39m [37m-->[39m [37mGET[39m [37m/wd/hub/session/f1fcc933-882e-4f84-a95f-ce503e72889f[39m
[35m[HTTP][39m [90m{}[39m
[35m[HTTP][39m [37m<-- GET /wd/hub/session/f1fcc933-882e-4f84-a95f-ce503e72889f [39m[32m200[39m [90m4 ms - 1166[39m
[35m[HTTP][39m [90m[39m
[35m[HTTP][39m [37m-->[39m [37mGET[39m [37m/wd/hub/session/f1fcc933-882e-4f84-a95f-ce503e72889f[39m
[35m[HTTP][39m [90m{}[39m
[35m[HTTP][39m [37m<-- GET /wd/hub/session/f1fcc933-882e-4f84-a95f-ce503e72889f [39m[32m200[39m [90m3 ms - 1166[39m
[35m[HTTP][39m [90m[39m
[35m[HTTP][39m [37m-->[39m [37mGET[39m [37m/wd/hub/session/f1fcc933-882e-4f84-a95f-ce503e72889f[39m
[35m[HTTP][39m [90m{}[39m
[35m[HTTP][39m [37m<-- GET /wd/hub/session/f1fcc933-882e-4f84-a95f-ce503e72889f [39m[32m200[39m [90m4 ms - 1166[39m
[35m[HTTP][39m [90m[39m
[35m[HTTP][39m [37m-->[39m [37mGET[39m [37m/wd/hub/session/f1fcc933-882e-4f84-a95f-ce503e72889f/element/9/location[39m
[35m[HTTP][39m [90m{}[39m
[35m[HTTP][39m [37m<-- GET /wd/hub/session/f1fcc933-882e-4f84-a95f-ce503e72889f/element/9/location [39m[32m200[39m [90m28 ms - 89[39m
[35m[HTTP][39m [90m[39m
[35m[HTTP][39m [37m-->[39m [37mPOST[39m [37m/wd/hub/session/f1fcc933-882e-4f84-a95f-ce503e72889f/touch/perform[39m
[35m[HTTP][39m [90m{"actions":[{"action":"tap","options":{"element":"9","x":1,"y":1}}]}[39m
[35m[HTTP][39m [37m<-- POST /wd/hub/session/f1fcc933-882e-4f84-a95f-ce503e72889f/touch/perform [39m[32m200[39m [90m443 ms - 76[39m
[35m[HTTP][39m [90m[39m
[35m[HTTP][39m [37m-->[39m [37mGET[39m [37m/wd/hub/session/f1fcc933-882e-4f84-a95f-ce503e72889f/window/current/size[39m
[35m[HTTP][39m [90m{}[39m
[35m[HTTP][39m [37m<-- GET /wd/hub/session/f1fcc933-882e-4f84-a95f-ce503e72889f/window/current/size [39m[32m200[39m [90m20 ms - 99[39m
[35m[HTTP][39m [90m[39m
[35m[HTTP][39m [37m-->[39m [37mPOST[39m [37m/wd/hub/session/f1fcc933-882e-4f84-a95f-ce503e72889f/elements[39m
[35m[HTTP][39m [90m{"using":"-android uiautomator","value":"new UiSelector().className(\"android.widget.ImageView\").resourceId(\"id.astra.adp.movic:id/ivLeftAction\").instance(0)"}[39m
[35m[HTTP][39m [37m<-- POST /wd/hub/session/f1fcc933-882e-4f84-a95f-ce503e72889f/elements [39m[32m200[39m [90m2627 ms - 90[39m
[35m[HTTP][39m [90m[39m
[35m[HTTP][39m [37m-->[39m [37mGET[39m [37m/wd/hub/session/f1fcc933-882e-4f84-a95f-ce503e72889f[39m
[35m[HTTP][39m [90m{}[39m
[35m[HTTP][39m [37m<-- GET /wd/hub/session/f1fcc933-882e-4f84-a95f-ce503e72889f [39m[32m200[39m [90m3 ms - 1166[39m
[35m[HTTP][39m [90m[39m
[35m[HTTP][39m [37m-->[39m [37mGET[39m [37m/wd/hub/session/f1fcc933-882e-4f84-a95f-ce503e72889f[39m
[35m[HTTP][39m [90m{}[39m
[35m[HTTP][39m [37m<-- GET /wd/hub/session/f1fcc933-882e-4f84-a95f-ce503e72889f [39m[32m200[39m [90m4 ms - 1166[39m
[35m[HTTP][39m [90m[39m
[35m[HTTP][39m [37m-->[39m [37mGET[39m [37m/wd/hub/session/f1fcc933-882e-4f84-a95f-ce503e72889f[39m
[35m[HTTP][39m [90m{}[39m
[35m[HTTP][39m [37m<-- GET /wd/hub/session/f1fcc933-882e-4f84-a95f-ce503e72889f [39m[32m200[39m [90m3 ms - 1166[39m
[35m[HTTP][39m [90m[39m
[35m[HTTP][39m [37m-->[39m [37mGET[39m [37m/wd/hub/session/f1fcc933-882e-4f84-a95f-ce503e72889f[39m
[35m[HTTP][39m [90m{}[39m
[35m[HTTP][39m [37m<-- GET /wd/hub/session/f1fcc933-882e-4f84-a95f-ce503e72889f [39m[32m200[39m [90m3 ms - 1166[39m
[35m[HTTP][39m [90m[39m
[35m[HTTP][39m [37m-->[39m [37mGET[39m [37m/wd/hub/session/f1fcc933-882e-4f84-a95f-ce503e72889f/element/10/location[39m
[35m[HTTP][39m [90m{}[39m
[35m[HTTP][39m [37m<-- GET /wd/hub/session/f1fcc933-882e-4f84-a95f-ce503e72889f/element/10/location [39m[32m200[39m [90m50 ms - 86[39m
[35m[HTTP][39m [90m[39m
[35m[HTTP][39m [37m-->[39m [37mPOST[39m [37m/wd/hub/session/f1fcc933-882e-4f84-a95f-ce503e72889f/touch/perform[39m
[35m[HTTP][39m [90m{"actions":[{"action":"tap","options":{"element":"10","x":1,"y":1}}]}[39m
[35m[HTTP][39m [37m<-- POST /wd/hub/session/f1fcc933-882e-4f84-a95f-ce503e72889f/touch/perform [39m[32m200[39m [90m373 ms - 76[39m
[35m[HTTP][39m [90m[39m
[35m[HTTP][39m [37m-->[39m [37mGET[39m [37m/wd/hub/session/f1fcc933-882e-4f84-a95f-ce503e72889f/window/current/size[39m
[35m[HTTP][39m [90m{}[39m
[35m[HTTP][39m [37m<-- GET /wd/hub/session/f1fcc933-882e-4f84-a95f-ce503e72889f/window/current/size [39m[32m200[39m [90m11 ms - 99[39m
[35m[HTTP][39m [90m[39m
[35m[HTTP][39m [37m-->[39m [37mPOST[39m [37m/wd/hub/session/f1fcc933-882e-4f84-a95f-ce503e72889f/elements[39m
[35m[HTTP][39m [90m{"using":"xpath","value":"//hierarchy/android.widget.FrameLayout[1]/android.widget.LinearLayout[1]/android.widget.FrameLayout[1]/android.widget.LinearLayout[1]/android.widget.FrameLayout[1]/android.support.v4.widget.DrawerLayout[1]/android.widget.RelativeLayout[1]/android.widget.LinearLayout[1]/android.support.v4.view.ViewPager[1]/android.widget.ScrollView[1]/android.widget.LinearLayout[1]/android.widget.RelativeLayout[2]/android.widget.LinearLayout[1]/android.widget.TextView[1]"}[39m
[35m[HTTP][39m [37m<-- POST /wd/hub/session/f1fcc933-882e-4f84-a95f-ce503e72889f/elements [39m[32m200[39m [90m353 ms - 90[39m
[35m[HTTP][39m [90m[39m
[35m[HTTP][39m [37m-->[39m [37mGET[39m [37m/wd/hub/session/f1fcc933-882e-4f84-a95f-ce503e72889f[39m
[35m[HTTP][39m [90m{}[39m
[35m[HTTP][39m [37m<-- GET /wd/hub/session/f1fcc933-882e-4f84-a95f-ce503e72889f [39m[32m200[39m [90m4 ms - 1166[39m
[35m[HTTP][39m [90m[39m
[35m[HTTP][39m [37m-->[39m [37mGET[39m [37m/wd/hub/session/f1fcc933-882e-4f84-a95f-ce503e72889f[39m
[35m[HTTP][39m [90m{}[39m
[35m[HTTP][39m [37m<-- GET /wd/hub/session/f1fcc933-882e-4f84-a95f-ce503e72889f [39m[32m200[39m [90m4 ms - 1166[39m
[35m[HTTP][39m [90m[39m
[35m[HTTP][39m [37m-->[39m [37mGET[39m [37m/wd/hub/session/f1fcc933-882e-4f84-a95f-ce503e72889f[39m
[35m[HTTP][39m [90m{}[39m
[35m[HTTP][39m [37m<-- GET /wd/hub/session/f1fcc933-882e-4f84-a95f-ce503e72889f [39m[32m200[39m [90m4 ms - 1166[39m
[35m[HTTP][39m [90m[39m
[35m[HTTP][39m [37m-->[39m [37mGET[39m [37m/wd/hub/session/f1fcc933-882e-4f84-a95f-ce503e72889f[39m
[35m[HTTP][39m [90m{}[39m
[35m[HTTP][39m [37m<-- GET /wd/hub/session/f1fcc933-882e-4f84-a95f-ce503e72889f [39m[32m200[39m [90m5 ms - 1166[39m
[35m[HTTP][39m [90m[39m
[35m[HTTP][39m [37m-->[39m [37mGET[39m [37m/wd/hub/session/f1fcc933-882e-4f84-a95f-ce503e72889f/element/11/location[39m
[35m[HTTP][39m [90m{}[39m
[35m[HTTP][39m [37m<-- GET /wd/hub/session/f1fcc933-882e-4f84-a95f-ce503e72889f/element/11/location [39m[32m200[39m [90m34 ms - 88[39m
[35m[HTTP][39m [90m[39m
[35m[HTTP][39m [37m-->[39m [37mPOST[39m [37m/wd/hub/session/f1fcc933-882e-4f84-a95f-ce503e72889f/touch/perform[39m
[35m[HTTP][39m [90m{"actions":[{"action":"tap","options":{"element":"11","x":1,"y":1}}]}[39m
[35m[HTTP][39m [37m<-- POST /wd/hub/session/f1fcc933-882e-4f84-a95f-ce503e72889f/touch/perform [39m[32m200[39m [90m275 ms - 76[39m
[35m[HTTP][39m [90m[39m
[35m[HTTP][39m [37m-->[39m [37mGET[39m [37m/wd/hub/session/f1fcc933-882e-4f84-a95f-ce503e72889f/window/current/size[39m
[35m[HTTP][39m [90m{}[39m
[35m[HTTP][39m [37m<-- GET /wd/hub/session/f1fcc933-882e-4f84-a95f-ce503e72889f/window/current/size [39m[32m200[39m [90m14 ms - 99[39m
[35m[HTTP][39m [90m[39m
[35m[HTTP][39m [37m-->[39m [37mPOST[39m [37m/wd/hub/session/f1fcc933-882e-4f84-a95f-ce503e72889f/elements[39m
[35m[HTTP][39m [90m{"using":"-android uiautomator","value":"new UiSelector().className(\"android.widget.Button\").text(\"Get Started\").resourceId(\"id.astra.adp.movic:id/mBtnStarted\").instance(0)"}[39m
[35m[HTTP][39m [37m<-- POST /wd/hub/session/f1fcc933-882e-4f84-a95f-ce503e72889f/elements [39m[32m200[39m [90m1609 ms - 90[39m
[35m[HTTP][39m [90m[39m
[35m[HTTP][39m [37m-->[39m [37mGET[39m [37m/wd/hub/session/f1fcc933-882e-4f84-a95f-ce503e72889f[39m
[35m[HTTP][39m [90m{}[39m
[35m[HTTP][39m [37m<-- GET /wd/hub/session/f1fcc933-882e-4f84-a95f-ce503e72889f [39m[32m200[39m [90m6 ms - 1166[39m
[35m[HTTP][39m [90m[39m
[35m[HTTP][39m [37m-->[39m [37mGET[39m [37m/wd/hub/session/f1fcc933-882e-4f84-a95f-ce503e72889f[39m
[35m[HTTP][39m [90m{}[39m
[35m[HTTP][39m [37m<-- GET /wd/hub/session/f1fcc933-882e-4f84-a95f-ce503e72889f [39m[32m200[39m [90m4 ms - 1166[39m
[35m[HTTP][39m [90m[39m
[35m[HTTP][39m [37m-->[39m [37mGET[39m [37m/wd/hub/session/f1fcc933-882e-4f84-a95f-ce503e72889f[39m
[35m[HTTP][39m [90m{}[39m
[35m[HTTP][39m [37m<-- GET /wd/hub/session/f1fcc933-882e-4f84-a95f-ce503e72889f [39m[32m200[39m [90m3 ms - 1166[39m
[35m[HTTP][39m [90m[39m
[35m[HTTP][39m [37m-->[39m [37mGET[39m [37m/wd/hub/session/f1fcc933-882e-4f84-a95f-ce503e72889f[39m
[35m[HTTP][39m [90m{}[39m
[35m[HTTP][39m [37m<-- GET /wd/hub/session/f1fcc933-882e-4f84-a95f-ce503e72889f [39m[32m200[39m [90m4 ms - 1166[39m
[35m[HTTP][39m [90m[39m
[35m[HTTP][39m [37m-->[39m [37mGET[39m [37m/wd/hub/session/f1fcc933-882e-4f84-a95f-ce503e72889f/element/12/location[39m
[35m[HTTP][39m [90m{}[39m
[35m[HTTP][39m [37m<-- GET /wd/hub/session/f1fcc933-882e-4f84-a95f-ce503e72889f/element/12/location [39m[32m200[39m [90m35 ms - 90[39m
[35m[HTTP][39m [90m[39m
[35m[HTTP][39m [37m-->[39m [37mPOST[39m [37m/wd/hub/session/f1fcc933-882e-4f84-a95f-ce503e72889f/touch/perform[39m
[35m[HTTP][39m [90m{"actions":[{"action":"tap","options":{"element":"12","x":1,"y":1}}]}[39m
[35m[HTTP][39m [37m<-- POST /wd/hub/session/f1fcc933-882e-4f84-a95f-ce503e72889f/touch/perform [39m[32m200[39m [90m680 ms - 76[39m
[35m[HTTP][39m [90m[39m
[35m[HTTP][39m [37m-->[39m [37mGET[39m [37m/wd/hub/session/f1fcc933-882e-4f84-a95f-ce503e72889f/window/current/size[39m
[35m[HTTP][39m [90m{}[39m
[35m[HTTP][39m [37m<-- GET /wd/hub/session/f1fcc933-882e-4f84-a95f-ce503e72889f/window/current/size [39m[32m200[39m [90m11 ms - 99[39m
[35m[HTTP][39m [90m[39m
[35m[HTTP][39m [37m-->[39m [37mPOST[39m [37m/wd/hub/session/f1fcc933-882e-4f84-a95f-ce503e72889f/elements[39m
[35m[HTTP][39m [90m{"using":"-android uiautomator","value":"new UiSelector().className(\"android.widget.Button\").text(\"Ok\").resourceId(\"id.astra.adp.movic:id/mBtnNext\").instance(0)"}[39m
[35m[HTTP][39m [37m<-- POST /wd/hub/session/f1fcc933-882e-4f84-a95f-ce503e72889f/elements [39m[32m200[39m [90m970 ms - 90[39m
[35m[HTTP][39m [90m[39m
[35m[HTTP][39m [37m-->[39m [37mGET[39m [37m/wd/hub/session/f1fcc933-882e-4f84-a95f-ce503e72889f[39m
[35m[HTTP][39m [90m{}[39m
[35m[HTTP][39m [37m<-- GET /wd/hub/session/f1fcc933-882e-4f84-a95f-ce503e72889f [39m[32m200[39m [90m4 ms - 1166[39m
[35m[HTTP][39m [90m[39m
[35m[HTTP][39m [37m-->[39m [37mGET[39m [37m/wd/hub/session/f1fcc933-882e-4f84-a95f-ce503e72889f[39m
[35m[HTTP][39m [90m{}[39m
[35m[HTTP][39m [37m<-- GET /wd/hub/session/f1fcc933-882e-4f84-a95f-ce503e72889f [39m[32m200[39m [90m5 ms - 1166[39m
[35m[HTTP][39m [90m[39m
[35m[HTTP][39m [37m-->[39m [37mGET[39m [37m/wd/hub/session/f1fcc933-882e-4f84-a95f-ce503e72889f[39m
[35m[HTTP][39m [90m{}[39m
[35m[HTTP][39m [37m<-- GET /wd/hub/session/f1fcc933-882e-4f84-a95f-ce503e72889f [39m[32m200[39m [90m3 ms - 1166[39m
[35m[HTTP][39m [90m[39m
[35m[HTTP][39m [37m-->[39m [37mGET[39m [37m/wd/hub/session/f1fcc933-882e-4f84-a95f-ce503e72889f[39m
[35m[HTTP][39m [90m{}[39m
[35m[HTTP][39m [37m<-- GET /wd/hub/session/f1fcc933-882e-4f84-a95f-ce503e72889f [39m[32m200[39m [90m4 ms - 1166[39m
[35m[HTTP][39m [90m[39m
[35m[HTTP][39m [37m-->[39m [37mGET[39m [37m/wd/hub/session/f1fcc933-882e-4f84-a95f-ce503e72889f/element/13/location[39m
[35m[HTTP][39m [90m{}[39m
[35m[HTTP][39m [37m<-- GET /wd/hub/session/f1fcc933-882e-4f84-a95f-ce503e72889f/element/13/location [39m[32m200[39m [90m70 ms - 90[39m
[35m[HTTP][39m [90m[39m
[35m[HTTP][39m [37m-->[39m [37mPOST[39m [37m/wd/hub/session/f1fcc933-882e-4f84-a95f-ce503e72889f/touch/perform[39m
[35m[HTTP][39m [90m{"actions":[{"action":"tap","options":{"element":"13","x":1,"y":1}}]}[39m
[35m[HTTP][39m [37m<-- POST /wd/hub/session/f1fcc933-882e-4f84-a95f-ce503e72889f/touch/perform [39m[32m200[39m [90m573 ms - 76[39m
[35m[HTTP][39m [90m[39m
[35m[HTTP][39m [37m-->[39m [37mDELETE[39m [37m/wd/hub/session/f1fcc933-882e-4f84-a95f-ce503e72889f[39m
[35m[HTTP][39m [90m{}[39m
[35m[Appium][39m Removing session f1fcc933-882e-4f84-a95f-ce503e72889f from our master session list
[35m[ADB][39m id.astra.adp.movic was successfully uninstalled
[35m[ADB][39m No uiautomator process found to kill, continuing...
[35m[HTTP][39m [37m<-- DELETE /wd/hub/session/f1fcc933-882e-4f84-a95f-ce503e72889f [39m[32m200[39m [90m5971 ms - 76[39m
[35m[HTTP][39m [90m[39m
