[35m[Appium][39m Welcome to Appium v1.8.1
[35m[Appium][39m Non-default server args:
[35m[Appium][39m   port: 60049
[35m[Appium][39m   loglevel: info
[35m[Appium][39m   chromeDriverPort: 60050
[35m[Appium][39m   tmpDir: C:\Users\WGS-LA~1\AppData\Local\Temp\\Katalon\Appium\Temp1542614439721
[35m[Appium][39m Appium REST http interface listener started on 0.0.0.0:60049
[35m[HTTP][39m [37m-->[39m [37mGET[39m [37m/wd/hub/status[39m
[35m[HTTP][39m [90m{}[39m
[35m[HTTP][39m [37m<-- GET /wd/hub/status [39m[32m200[39m [90m77 ms - 83[39m
[35m[HTTP][39m [90m[39m
[35m[HTTP][39m [37m-->[39m [37mPOST[39m [37m/wd/hub/session[39m
[35m[HTTP][39m [90m{"desiredCapabilities":{"app":"C:\\Users\\WGS-LAP199\\Downloads\\Movic apk\\Movic_0.9.7_2018-10-14-stable-debug.apk","autoGrantPermissions":true,"automationName":"uiautomator2","deviceId":"54e797627cf5","deviceName":"Xiaomi Redmi 5 (Android 7.1.2)","fullReset":false,"newCommandTimeout":1800,"noReset":true,"platform":"ANDROID","platformName":"Android","udid":"54e797627cf5"},"capabilities":{"desiredCapabilities":{"app":"C:\\Users\\WGS-LAP199\\Downloads\\Movic apk\\Movic_0.9.7_2018-10-14-stable-debug.apk","autoGrantPermissions":true,"automationName":"uiautomator2","deviceId":"54e797627cf5","deviceName":"Xiaomi Redmi 5 (Android 7.1.2)","fullReset":false,"newCommandTimeout":1800,"noReset":true,"platform":"ANDROID","platformName":"Android","udid":"54e797627cf5"},"firstMatch":[{"platformName":"android"}]}}[39m
[35m[Appium][39m Could not parse W3C capabilities: 'deviceName' can't be blank. Falling back to JSONWP protocol.
[35m[Appium][39m The following capabilities were provided in the JSONWP desired capabilities that are missing in W3C capabilities: ["app","autoGrantPermissions","automationName","deviceId","deviceName","fullReset","newCommandTimeout","noReset","platform","platformName","udid"]. Falling back to JSONWP protocol.
[35m[Appium][39m Creating new AndroidUiautomator2Driver (v1.12.0) session
[35m[Appium][39m Capabilities:
[35m[Appium][39m   app: C:\Users\WGS-LAP199\Downloads\Movic apk\Movic_0.9.7_2018-10-14-stable-debug.apk
[35m[Appium][39m   autoGrantPermissions: true
[35m[Appium][39m   automationName: uiautomator2
[35m[Appium][39m   deviceId: 54e797627cf5
[35m[Appium][39m   deviceName: Xiaomi Redmi 5 (Android 7.1.2)
[35m[Appium][39m   fullReset: false
[35m[Appium][39m   newCommandTimeout: 1800
[35m[Appium][39m   noReset: true
[35m[Appium][39m   platform: ANDROID
[35m[Appium][39m   platformName: Android
[35m[Appium][39m   udid: 54e797627cf5
[35m[BaseDriver][39m The following capabilities were provided, but are not recognized by appium: deviceId, platform.
[35m[BaseDriver][39m Session created with session id: 562213e0-99a6-4b7e-a762-6787c174cb1e
[35m[BaseDriver][39m Using local app 'C:\Users\WGS-LAP199\Downloads\Movic apk\Movic_0.9.7_2018-10-14-stable-debug.apk'
[35m[AndroidDriver][39m Java version is: 1.8.0_181
[35m[ADB][39m Checking whether adb is present
[35m[ADB][39m Found 1 'build-tools' folders under 'C:\Users\WGS-LAP199\.katalon\tools\android_sdk' (newest first):
[35m[ADB][39m     C:/Users/WGS-LAP199/.katalon/tools/android_sdk/build-tools/28.0.1
[35m[ADB][39m Using adb.exe from C:\Users\WGS-LAP199\.katalon\tools\android_sdk\platform-tools\adb.exe
[35m[AndroidDriver][39m Retrieving device list
[35m[AndroidDriver][39m Using device: 54e797627cf5
[35m[ADB][39m Using the alternative activity name detection method because of: Could not find apkanalyzer.bat in C:\Users\WGS-LAP199\.katalon\tools\android_sdk\platform-tools\apkanalyzer.bat,C:\Users\WGS-LAP199\.katalon\tools\android_sdk\emulator\apkanalyzer.bat,C:\Users\WGS-LAP199\.katalon\tools\android_sdk\tools\apkanalyzer.bat,C:\Users\WGS-LAP199\.katalon\tools\android_sdk\tools\bin\apkanalyzer.bat,C:\Users\WGS-LAP199\.katalon\tools\android_sdk\build-tools\28.0.1\apkanalyzer.bat. Do you have the Android SDK installed at 'C:\Users\WGS-LAP199\.katalon\tools\android_sdk'?
[35m[ADB][39m Checking whether aapt is present
[35m[ADB][39m Using aapt.exe from C:\Users\WGS-LAP199\.katalon\tools\android_sdk\build-tools\28.0.1\aapt.exe
[35m[ADB][39m Extracting package and launch activity from manifest
[35m[ADB][39m Package name: 'id.astra.stable.movic'
[35m[ADB][39m Main activity name: 'id.astra.adp.movic.modules.main.SplashScreenActivity'
[35m[ADB][39m Getting device platform version
[35m[ADB][39m Using apksigner.bat from C:\Users\WGS-LAP199\.katalon\tools\android_sdk\build-tools\28.0.1\apksigner.bat
[35m[ADB][39m Checking whether zipalign is present
[35m[ADB][39m Using zipalign.exe from C:\Users\WGS-LAP199\.katalon\tools\android_sdk\build-tools\28.0.1\zipalign.exe
[35m[ADB][39m io.appium.uiautomator2.server was successfully uninstalled
[35m[ADB][39m io.appium.uiautomator2.server.test was successfully uninstalled
[35m[AndroidDriver][39m setDeviceLanguageCountry requires language or country.
[35m[AndroidDriver][39m Got language: 'null' and country: 'null'
[35m[ADB][39m Successfully extracted 1263 strings from 'C:\Users\WGS-LAP199\Downloads\Movic apk\Movic_0.9.7_2018-10-14-stable-debug.apk' resources for '(default)' configuration
[35m[UiAutomator2][39m Starting uiautomator2 server 1.12.0
[35m[UiAutomator2][39m Using UIAutomator2 server from 'C:\Users\WGS-LAP199\AppData\Roaming\npm\node_modules\appium\node_modules\appium-uiautomator2-server\apks\appium-uiautomator2-server-v1.12.0.apk' and test from 'C:\Users\WGS-LAP199\AppData\Roaming\npm\node_modules\appium\node_modules\appium-uiautomator2-server\apks\appium-uiautomator2-server-debug-androidTest.apk'
[35m[UiAutomator2][39m Running command: 'adb -s 54e797627cf5 shell am instrument -w io.appium.uiautomator2.server.test/android.support.test.runner.AndroidJUnitRunner'
[35m[UiAutomator2][39m Waiting up to 20000ms for UiAutomator2 to be online...
[35m[AndroidDriver][39m Screen already unlocked, doing nothing
[35m[UiAutomator2][39m UiAutomator2 did not start the activity we were waiting for, 'id.astra.stable.movic/id.astra.adp.movic.modules.main.SplashScreenActivity'. Starting it ourselves
[35m[Appium][39m New AndroidUiautomator2Driver session created successfully, session 562213e0-99a6-4b7e-a762-6787c174cb1e added to master session list
[35m[HTTP][39m [37m<-- POST /wd/hub/session [39m[32m200[39m [90m39786 ms - 1260[39m
[35m[HTTP][39m [90m[39m
[35m[HTTP][39m [37m-->[39m [37mGET[39m [37m/wd/hub/status[39m
[35m[HTTP][39m [90m{}[39m
[35m[HTTP][39m [37m<-- GET /wd/hub/status [39m[32m200[39m [90m66 ms - 55[39m
[35m[HTTP][39m [90m[39m
[35m[HTTP][39m [37m-->[39m [37mPOST[39m [37m/wd/hub/session/562213e0-99a6-4b7e-a762-6787c174cb1e/timeouts[39m
[35m[HTTP][39m [90m{"type":"implicit","ms":30000}[39m
[35m[HTTP][39m [37m<-- POST /wd/hub/session/562213e0-99a6-4b7e-a762-6787c174cb1e/timeouts [39m[33m400[39m [90m26 ms - 5468[39m
[35m[HTTP][39m [90m[39m
[35m[HTTP][39m [37m-->[39m [37mGET[39m [37m/wd/hub/session/562213e0-99a6-4b7e-a762-6787c174cb1e/window/current/size[39m
[35m[HTTP][39m [90m{}[39m
[35m[W3C][39m Driver proxy active, passing request on via HTTP proxy
[35m[JSONWP Proxy][39m Replacing sessionId a193ab84-c5ae-445e-9a4a-73578ab15a87 with 562213e0-99a6-4b7e-a762-6787c174cb1e
[35m[HTTP][39m [37m<-- GET /wd/hub/session/562213e0-99a6-4b7e-a762-6787c174cb1e/window/current/size [39m[32m200[39m [90m67 ms - 99[39m
[35m[HTTP][39m [90m[39m
[35m[HTTP][39m [37m-->[39m [37mPOST[39m [37m/wd/hub/session/562213e0-99a6-4b7e-a762-6787c174cb1e/elements[39m
[35m[HTTP][39m [90m{"using":"-android uiautomator","value":"new UiSelector().className(\"android.widget.ImageView\").resourceId(\"id.astra.stable.movic:id/mImgSkip\").instance(4)"}[39m
[35m[HTTP][39m [37m<-- POST /wd/hub/session/562213e0-99a6-4b7e-a762-6787c174cb1e/elements [39m[32m200[39m [90m49 ms - 74[39m
[35m[HTTP][39m [90m[39m
[35m[HTTP][39m [37m-->[39m [37mPOST[39m [37m/wd/hub/session/562213e0-99a6-4b7e-a762-6787c174cb1e/elements[39m
[35m[HTTP][39m [90m{"using":"-android uiautomator","value":"new UiSelector().className(\"android.widget.ImageView\").resourceId(\"id.astra.stable.movic:id/mImgSkip\").instance(4)"}[39m
[35m[HTTP][39m [37m<-- POST /wd/hub/session/562213e0-99a6-4b7e-a762-6787c174cb1e/elements [39m[32m200[39m [90m43 ms - 74[39m
[35m[HTTP][39m [90m[39m
[35m[HTTP][39m [37m-->[39m [37mPOST[39m [37m/wd/hub/session/562213e0-99a6-4b7e-a762-6787c174cb1e/elements[39m
[35m[HTTP][39m [90m{"using":"-android uiautomator","value":"new UiSelector().className(\"android.widget.ImageView\").resourceId(\"id.astra.stable.movic:id/mImgSkip\").instance(4)"}[39m
[35m[HTTP][39m [37m<-- POST /wd/hub/session/562213e0-99a6-4b7e-a762-6787c174cb1e/elements [39m[32m200[39m [90m51 ms - 74[39m
[35m[HTTP][39m [90m[39m
[35m[HTTP][39m [37m-->[39m [37mPOST[39m [37m/wd/hub/session/562213e0-99a6-4b7e-a762-6787c174cb1e/elements[39m
[35m[HTTP][39m [90m{"using":"-android uiautomator","value":"new UiSelector().className(\"android.widget.ImageView\").resourceId(\"id.astra.stable.movic:id/mImgSkip\").instance(4)"}[39m
[35m[HTTP][39m [37m<-- POST /wd/hub/session/562213e0-99a6-4b7e-a762-6787c174cb1e/elements [39m[32m200[39m [90m39 ms - 74[39m
[35m[HTTP][39m [90m[39m
[35m[HTTP][39m [37m-->[39m [37mPOST[39m [37m/wd/hub/session/562213e0-99a6-4b7e-a762-6787c174cb1e/elements[39m
[35m[HTTP][39m [90m{"using":"-android uiautomator","value":"new UiSelector().className(\"android.widget.ImageView\").resourceId(\"id.astra.stable.movic:id/mImgSkip\").instance(4)"}[39m
[35m[HTTP][39m [37m<-- POST /wd/hub/session/562213e0-99a6-4b7e-a762-6787c174cb1e/elements [39m[32m200[39m [90m32 ms - 74[39m
[35m[HTTP][39m [90m[39m
[35m[HTTP][39m [37m-->[39m [37mPOST[39m [37m/wd/hub/session/562213e0-99a6-4b7e-a762-6787c174cb1e/elements[39m
[35m[HTTP][39m [90m{"using":"-android uiautomator","value":"new UiSelector().className(\"android.widget.ImageView\").resourceId(\"id.astra.stable.movic:id/mImgSkip\").instance(4)"}[39m
[35m[HTTP][39m [37m<-- POST /wd/hub/session/562213e0-99a6-4b7e-a762-6787c174cb1e/elements [39m[32m200[39m [90m31 ms - 74[39m
[35m[HTTP][39m [90m[39m
[35m[HTTP][39m [37m-->[39m [37mPOST[39m [37m/wd/hub/session/562213e0-99a6-4b7e-a762-6787c174cb1e/elements[39m
[35m[HTTP][39m [90m{"using":"-android uiautomator","value":"new UiSelector().className(\"android.widget.ImageView\").resourceId(\"id.astra.stable.movic:id/mImgSkip\").instance(4)"}[39m
[35m[HTTP][39m [37m<-- POST /wd/hub/session/562213e0-99a6-4b7e-a762-6787c174cb1e/elements [39m[32m200[39m [90m31 ms - 74[39m
[35m[HTTP][39m [90m[39m
[35m[HTTP][39m [37m-->[39m [37mPOST[39m [37m/wd/hub/session/562213e0-99a6-4b7e-a762-6787c174cb1e/elements[39m
[35m[HTTP][39m [90m{"using":"-android uiautomator","value":"new UiSelector().className(\"android.widget.ImageView\").resourceId(\"id.astra.stable.movic:id/mImgSkip\").instance(4)"}[39m
[35m[HTTP][39m [37m<-- POST /wd/hub/session/562213e0-99a6-4b7e-a762-6787c174cb1e/elements [39m[32m200[39m [90m32 ms - 74[39m
[35m[HTTP][39m [90m[39m
[35m[HTTP][39m [37m-->[39m [37mPOST[39m [37m/wd/hub/session/562213e0-99a6-4b7e-a762-6787c174cb1e/elements[39m
[35m[HTTP][39m [90m{"using":"-android uiautomator","value":"new UiSelector().className(\"android.widget.ImageView\").resourceId(\"id.astra.stable.movic:id/mImgSkip\").instance(4)"}[39m
[35m[HTTP][39m [37m<-- POST /wd/hub/session/562213e0-99a6-4b7e-a762-6787c174cb1e/elements [39m[32m200[39m [90m31 ms - 74[39m
[35m[HTTP][39m [90m[39m
[35m[HTTP][39m [37m-->[39m [37mPOST[39m [37m/wd/hub/session/562213e0-99a6-4b7e-a762-6787c174cb1e/elements[39m
[35m[HTTP][39m [90m{"using":"-android uiautomator","value":"new UiSelector().className(\"android.widget.ImageView\").resourceId(\"id.astra.stable.movic:id/mImgSkip\").instance(4)"}[39m
[35m[HTTP][39m [37m<-- POST /wd/hub/session/562213e0-99a6-4b7e-a762-6787c174cb1e/elements [39m[32m200[39m [90m32 ms - 74[39m
[35m[HTTP][39m [90m[39m
[35m[HTTP][39m [37m-->[39m [37mPOST[39m [37m/wd/hub/session/562213e0-99a6-4b7e-a762-6787c174cb1e/elements[39m
[35m[HTTP][39m [90m{"using":"-android uiautomator","value":"new UiSelector().className(\"android.widget.ImageView\").resourceId(\"id.astra.stable.movic:id/mImgSkip\").instance(4)"}[39m
[35m[HTTP][39m [37m<-- POST /wd/hub/session/562213e0-99a6-4b7e-a762-6787c174cb1e/elements [39m[32m200[39m [90m33 ms - 74[39m
[35m[HTTP][39m [90m[39m
[35m[HTTP][39m [37m-->[39m [37mPOST[39m [37m/wd/hub/session/562213e0-99a6-4b7e-a762-6787c174cb1e/elements[39m
[35m[HTTP][39m [90m{"using":"-android uiautomator","value":"new UiSelector().className(\"android.widget.ImageView\").resourceId(\"id.astra.stable.movic:id/mImgSkip\").instance(4)"}[39m
[35m[HTTP][39m [37m<-- POST /wd/hub/session/562213e0-99a6-4b7e-a762-6787c174cb1e/elements [39m[32m200[39m [90m31 ms - 74[39m
[35m[HTTP][39m [90m[39m
[35m[HTTP][39m [37m-->[39m [37mPOST[39m [37m/wd/hub/session/562213e0-99a6-4b7e-a762-6787c174cb1e/elements[39m
[35m[HTTP][39m [90m{"using":"-android uiautomator","value":"new UiSelector().className(\"android.widget.ImageView\").resourceId(\"id.astra.stable.movic:id/mImgSkip\").instance(4)"}[39m
[35m[HTTP][39m [37m<-- POST /wd/hub/session/562213e0-99a6-4b7e-a762-6787c174cb1e/elements [39m[32m200[39m [90m36 ms - 74[39m
[35m[HTTP][39m [90m[39m
[35m[HTTP][39m [37m-->[39m [37mPOST[39m [37m/wd/hub/session/562213e0-99a6-4b7e-a762-6787c174cb1e/elements[39m
[35m[HTTP][39m [90m{"using":"-android uiautomator","value":"new UiSelector().className(\"android.widget.ImageView\").resourceId(\"id.astra.stable.movic:id/mImgSkip\").instance(4)"}[39m
[35m[HTTP][39m [37m<-- POST /wd/hub/session/562213e0-99a6-4b7e-a762-6787c174cb1e/elements [39m[32m200[39m [90m32 ms - 74[39m
[35m[HTTP][39m [90m[39m
[35m[HTTP][39m [37m-->[39m [37mPOST[39m [37m/wd/hub/session/562213e0-99a6-4b7e-a762-6787c174cb1e/elements[39m
[35m[HTTP][39m [90m{"using":"-android uiautomator","value":"new UiSelector().className(\"android.widget.ImageView\").resourceId(\"id.astra.stable.movic:id/mImgSkip\").instance(4)"}[39m
[35m[HTTP][39m [37m<-- POST /wd/hub/session/562213e0-99a6-4b7e-a762-6787c174cb1e/elements [39m[32m200[39m [90m30 ms - 74[39m
[35m[HTTP][39m [90m[39m
[35m[HTTP][39m [37m-->[39m [37mPOST[39m [37m/wd/hub/session/562213e0-99a6-4b7e-a762-6787c174cb1e/elements[39m
[35m[HTTP][39m [90m{"using":"-android uiautomator","value":"new UiSelector().className(\"android.widget.ImageView\").resourceId(\"id.astra.stable.movic:id/mImgSkip\").instance(4)"}[39m
[35m[HTTP][39m [37m<-- POST /wd/hub/session/562213e0-99a6-4b7e-a762-6787c174cb1e/elements [39m[32m200[39m [90m33 ms - 74[39m
[35m[HTTP][39m [90m[39m
[35m[HTTP][39m [37m-->[39m [37mPOST[39m [37m/wd/hub/session/562213e0-99a6-4b7e-a762-6787c174cb1e/elements[39m
[35m[HTTP][39m [90m{"using":"-android uiautomator","value":"new UiSelector().className(\"android.widget.ImageView\").resourceId(\"id.astra.stable.movic:id/mImgSkip\").instance(4)"}[39m
[35m[HTTP][39m [37m<-- POST /wd/hub/session/562213e0-99a6-4b7e-a762-6787c174cb1e/elements [39m[32m200[39m [90m30 ms - 74[39m
[35m[HTTP][39m [90m[39m
[35m[HTTP][39m [37m-->[39m [37mPOST[39m [37m/wd/hub/session/562213e0-99a6-4b7e-a762-6787c174cb1e/elements[39m
[35m[HTTP][39m [90m{"using":"-android uiautomator","value":"new UiSelector().className(\"android.widget.ImageView\").resourceId(\"id.astra.stable.movic:id/mImgSkip\").instance(4)"}[39m
[35m[HTTP][39m [37m<-- POST /wd/hub/session/562213e0-99a6-4b7e-a762-6787c174cb1e/elements [39m[32m200[39m [90m31 ms - 74[39m
[35m[HTTP][39m [90m[39m
[35m[HTTP][39m [37m-->[39m [37mPOST[39m [37m/wd/hub/session/562213e0-99a6-4b7e-a762-6787c174cb1e/elements[39m
[35m[HTTP][39m [90m{"using":"-android uiautomator","value":"new UiSelector().className(\"android.widget.ImageView\").resourceId(\"id.astra.stable.movic:id/mImgSkip\").instance(4)"}[39m
[35m[HTTP][39m [37m<-- POST /wd/hub/session/562213e0-99a6-4b7e-a762-6787c174cb1e/elements [39m[32m200[39m [90m38 ms - 74[39m
[35m[HTTP][39m [90m[39m
[35m[HTTP][39m [37m-->[39m [37mPOST[39m [37m/wd/hub/session/562213e0-99a6-4b7e-a762-6787c174cb1e/elements[39m
[35m[HTTP][39m [90m{"using":"-android uiautomator","value":"new UiSelector().className(\"android.widget.ImageView\").resourceId(\"id.astra.stable.movic:id/mImgSkip\").instance(4)"}[39m
[35m[HTTP][39m [37m<-- POST /wd/hub/session/562213e0-99a6-4b7e-a762-6787c174cb1e/elements [39m[32m200[39m [90m26 ms - 74[39m
[35m[HTTP][39m [90m[39m
[35m[HTTP][39m [37m-->[39m [37mPOST[39m [37m/wd/hub/session/562213e0-99a6-4b7e-a762-6787c174cb1e/elements[39m
[35m[HTTP][39m [90m{"using":"-android uiautomator","value":"new UiSelector().className(\"android.widget.ImageView\").resourceId(\"id.astra.stable.movic:id/mImgSkip\").instance(4)"}[39m
[35m[HTTP][39m [37m<-- POST /wd/hub/session/562213e0-99a6-4b7e-a762-6787c174cb1e/elements [39m[32m200[39m [90m27 ms - 74[39m
[35m[HTTP][39m [90m[39m
[35m[HTTP][39m [37m-->[39m [37mPOST[39m [37m/wd/hub/session/562213e0-99a6-4b7e-a762-6787c174cb1e/elements[39m
[35m[HTTP][39m [90m{"using":"-android uiautomator","value":"new UiSelector().className(\"android.widget.ImageView\").resourceId(\"id.astra.stable.movic:id/mImgSkip\").instance(4)"}[39m
[35m[HTTP][39m [37m<-- POST /wd/hub/session/562213e0-99a6-4b7e-a762-6787c174cb1e/elements [39m[32m200[39m [90m38 ms - 74[39m
[35m[HTTP][39m [90m[39m
[35m[HTTP][39m [37m-->[39m [37mPOST[39m [37m/wd/hub/session/562213e0-99a6-4b7e-a762-6787c174cb1e/elements[39m
[35m[HTTP][39m [90m{"using":"-android uiautomator","value":"new UiSelector().className(\"android.widget.ImageView\").resourceId(\"id.astra.stable.movic:id/mImgSkip\").instance(4)"}[39m
[35m[HTTP][39m [37m<-- POST /wd/hub/session/562213e0-99a6-4b7e-a762-6787c174cb1e/elements [39m[32m200[39m [90m25 ms - 74[39m
[35m[HTTP][39m [90m[39m
[35m[HTTP][39m [37m-->[39m [37mPOST[39m [37m/wd/hub/session/562213e0-99a6-4b7e-a762-6787c174cb1e/elements[39m
[35m[HTTP][39m [90m{"using":"-android uiautomator","value":"new UiSelector().className(\"android.widget.ImageView\").resourceId(\"id.astra.stable.movic:id/mImgSkip\").instance(4)"}[39m
[35m[HTTP][39m [37m<-- POST /wd/hub/session/562213e0-99a6-4b7e-a762-6787c174cb1e/elements [39m[32m200[39m [90m33 ms - 74[39m
[35m[HTTP][39m [90m[39m
[35m[HTTP][39m [37m-->[39m [37mPOST[39m [37m/wd/hub/session/562213e0-99a6-4b7e-a762-6787c174cb1e/elements[39m
[35m[HTTP][39m [90m{"using":"-android uiautomator","value":"new UiSelector().className(\"android.widget.ImageView\").resourceId(\"id.astra.stable.movic:id/mImgSkip\").instance(4)"}[39m
[35m[HTTP][39m [37m<-- POST /wd/hub/session/562213e0-99a6-4b7e-a762-6787c174cb1e/elements [39m[32m200[39m [90m27 ms - 74[39m
[35m[HTTP][39m [90m[39m
[35m[HTTP][39m [37m-->[39m [37mPOST[39m [37m/wd/hub/session/562213e0-99a6-4b7e-a762-6787c174cb1e/elements[39m
[35m[HTTP][39m [90m{"using":"-android uiautomator","value":"new UiSelector().className(\"android.widget.ImageView\").resourceId(\"id.astra.stable.movic:id/mImgSkip\").instance(4)"}[39m
[35m[HTTP][39m [37m<-- POST /wd/hub/session/562213e0-99a6-4b7e-a762-6787c174cb1e/elements [39m[32m200[39m [90m28 ms - 74[39m
[35m[HTTP][39m [90m[39m
[35m[HTTP][39m [37m-->[39m [37mPOST[39m [37m/wd/hub/session/562213e0-99a6-4b7e-a762-6787c174cb1e/elements[39m
[35m[HTTP][39m [90m{"using":"-android uiautomator","value":"new UiSelector().className(\"android.widget.ImageView\").resourceId(\"id.astra.stable.movic:id/mImgSkip\").instance(4)"}[39m
[35m[HTTP][39m [37m<-- POST /wd/hub/session/562213e0-99a6-4b7e-a762-6787c174cb1e/elements [39m[32m200[39m [90m360 ms - 74[39m
[35m[HTTP][39m [90m[39m
[35m[HTTP][39m [37m-->[39m [37mPOST[39m [37m/wd/hub/session/562213e0-99a6-4b7e-a762-6787c174cb1e/elements[39m
[35m[HTTP][39m [90m{"using":"-android uiautomator","value":"new UiSelector().className(\"android.widget.ImageView\").resourceId(\"id.astra.stable.movic:id/mImgSkip\").instance(4)"}[39m
[35m[HTTP][39m [37m<-- POST /wd/hub/session/562213e0-99a6-4b7e-a762-6787c174cb1e/elements [39m[32m200[39m [90m194 ms - 74[39m
[35m[HTTP][39m [90m[39m
[35m[HTTP][39m [37m-->[39m [37mPOST[39m [37m/wd/hub/session/562213e0-99a6-4b7e-a762-6787c174cb1e/elements[39m
[35m[HTTP][39m [90m{"using":"-android uiautomator","value":"new UiSelector().className(\"android.widget.ImageView\").resourceId(\"id.astra.stable.movic:id/mImgSkip\").instance(4)"}[39m
[35m[HTTP][39m [37m<-- POST /wd/hub/session/562213e0-99a6-4b7e-a762-6787c174cb1e/elements [39m[32m200[39m [90m853 ms - 124[39m
[35m[HTTP][39m [90m[39m
[35m[HTTP][39m [37m-->[39m [37mGET[39m [37m/wd/hub/session/562213e0-99a6-4b7e-a762-6787c174cb1e[39m
[35m[HTTP][39m [90m{}[39m
[35m[HTTP][39m [37m<-- GET /wd/hub/session/562213e0-99a6-4b7e-a762-6787c174cb1e [39m[32m200[39m [90m23 ms - 1260[39m
[35m[HTTP][39m [90m[39m
[35m[HTTP][39m [37m-->[39m [37mGET[39m [37m/wd/hub/session/562213e0-99a6-4b7e-a762-6787c174cb1e[39m
[35m[HTTP][39m [90m{}[39m
[35m[HTTP][39m [37m<-- GET /wd/hub/session/562213e0-99a6-4b7e-a762-6787c174cb1e [39m[32m200[39m [90m23 ms - 1260[39m
[35m[HTTP][39m [90m[39m
[35m[HTTP][39m [37m-->[39m [37mGET[39m [37m/wd/hub/session/562213e0-99a6-4b7e-a762-6787c174cb1e[39m
[35m[HTTP][39m [90m{}[39m
[35m[HTTP][39m [37m<-- GET /wd/hub/session/562213e0-99a6-4b7e-a762-6787c174cb1e [39m[32m200[39m [90m23 ms - 1260[39m
[35m[HTTP][39m [90m[39m
[35m[HTTP][39m [37m-->[39m [37mGET[39m [37m/wd/hub/session/562213e0-99a6-4b7e-a762-6787c174cb1e[39m
[35m[HTTP][39m [90m{}[39m
[35m[HTTP][39m [37m<-- GET /wd/hub/session/562213e0-99a6-4b7e-a762-6787c174cb1e [39m[32m200[39m [90m23 ms - 1260[39m
[35m[HTTP][39m [90m[39m
[35m[HTTP][39m [37m-->[39m [37mGET[39m [37m/wd/hub/session/562213e0-99a6-4b7e-a762-6787c174cb1e/element/f1386957-da15-44e3-a612-24e18dc21392/location[39m
[35m[HTTP][39m [90m{}[39m
[35m[W3C][39m Driver proxy active, passing request on via HTTP proxy
[35m[JSONWP Proxy][39m Replacing sessionId a193ab84-c5ae-445e-9a4a-73578ab15a87 with 562213e0-99a6-4b7e-a762-6787c174cb1e
[35m[HTTP][39m [37m<-- GET /wd/hub/session/562213e0-99a6-4b7e-a762-6787c174cb1e/element/f1386957-da15-44e3-a612-24e18dc21392/location [39m[32m200[39m [90m43 ms - 90[39m
[35m[HTTP][39m [90m[39m
[35m[HTTP][39m [37m-->[39m [37mPOST[39m [37m/wd/hub/session/562213e0-99a6-4b7e-a762-6787c174cb1e/touch/perform[39m
[35m[HTTP][39m [90m{"actions":[{"action":"tap","options":{"element":"f1386957-da15-44e3-a612-24e18dc21392","x":1,"y":1}}]}[39m
[35m[UiAutomator2][39m calling get location: f1386957-da15-44e3-a612-24e18dc21392
[35m[HTTP][39m [37m<-- POST /wd/hub/session/562213e0-99a6-4b7e-a762-6787c174cb1e/touch/perform [39m[32m200[39m [90m2521 ms - 76[39m
[35m[HTTP][39m [90m[39m
[35m[HTTP][39m [37m-->[39m [37mGET[39m [37m/wd/hub/session/562213e0-99a6-4b7e-a762-6787c174cb1e/window/current/size[39m
[35m[HTTP][39m [90m{}[39m
[35m[W3C][39m Driver proxy active, passing request on via HTTP proxy
[35m[JSONWP Proxy][39m Replacing sessionId a193ab84-c5ae-445e-9a4a-73578ab15a87 with 562213e0-99a6-4b7e-a762-6787c174cb1e
[35m[HTTP][39m [37m<-- GET /wd/hub/session/562213e0-99a6-4b7e-a762-6787c174cb1e/window/current/size [39m[32m200[39m [90m31 ms - 99[39m
[35m[HTTP][39m [90m[39m
[35m[HTTP][39m [37m-->[39m [37mPOST[39m [37m/wd/hub/session/562213e0-99a6-4b7e-a762-6787c174cb1e/elements[39m
[35m[HTTP][39m [90m{"using":"-android uiautomator","value":"new UiSelector().className(\"android.widget.ImageView\").resourceId(\"id.astra.stable.movic:id/ivNext\").instance(1)"}[39m
[35m[HTTP][39m [37m<-- POST /wd/hub/session/562213e0-99a6-4b7e-a762-6787c174cb1e/elements [39m[32m200[39m [90m94 ms - 124[39m
[35m[HTTP][39m [90m[39m
[35m[HTTP][39m [37m-->[39m [37mGET[39m [37m/wd/hub/session/562213e0-99a6-4b7e-a762-6787c174cb1e[39m
[35m[HTTP][39m [90m{}[39m
[35m[HTTP][39m [37m<-- GET /wd/hub/session/562213e0-99a6-4b7e-a762-6787c174cb1e [39m[32m200[39m [90m27 ms - 1260[39m
[35m[HTTP][39m [90m[39m
[35m[HTTP][39m [37m-->[39m [37mGET[39m [37m/wd/hub/session/562213e0-99a6-4b7e-a762-6787c174cb1e[39m
[35m[HTTP][39m [90m{}[39m
[35m[HTTP][39m [37m<-- GET /wd/hub/session/562213e0-99a6-4b7e-a762-6787c174cb1e [39m[32m200[39m [90m29 ms - 1260[39m
[35m[HTTP][39m [90m[39m
[35m[HTTP][39m [37m-->[39m [37mGET[39m [37m/wd/hub/session/562213e0-99a6-4b7e-a762-6787c174cb1e[39m
[35m[HTTP][39m [90m{}[39m
[35m[HTTP][39m [37m<-- GET /wd/hub/session/562213e0-99a6-4b7e-a762-6787c174cb1e [39m[32m200[39m [90m25 ms - 1260[39m
[35m[HTTP][39m [90m[39m
[35m[HTTP][39m [37m-->[39m [37mGET[39m [37m/wd/hub/session/562213e0-99a6-4b7e-a762-6787c174cb1e[39m
[35m[HTTP][39m [90m{}[39m
[35m[HTTP][39m [37m<-- GET /wd/hub/session/562213e0-99a6-4b7e-a762-6787c174cb1e [39m[32m200[39m [90m28 ms - 1260[39m
[35m[HTTP][39m [90m[39m
[35m[HTTP][39m [37m-->[39m [37mGET[39m [37m/wd/hub/session/562213e0-99a6-4b7e-a762-6787c174cb1e/element/c8383c48-e496-4682-b67c-cad1d119816d/location[39m
[35m[HTTP][39m [90m{}[39m
[35m[W3C][39m Driver proxy active, passing request on via HTTP proxy
[35m[JSONWP Proxy][39m Replacing sessionId a193ab84-c5ae-445e-9a4a-73578ab15a87 with 562213e0-99a6-4b7e-a762-6787c174cb1e
[35m[HTTP][39m [37m<-- GET /wd/hub/session/562213e0-99a6-4b7e-a762-6787c174cb1e/element/c8383c48-e496-4682-b67c-cad1d119816d/location [39m[32m200[39m [90m51 ms - 90[39m
[35m[HTTP][39m [90m[39m
[35m[HTTP][39m [37m-->[39m [37mPOST[39m [37m/wd/hub/session/562213e0-99a6-4b7e-a762-6787c174cb1e/touch/perform[39m
[35m[HTTP][39m [90m{"actions":[{"action":"tap","options":{"element":"c8383c48-e496-4682-b67c-cad1d119816d","x":1,"y":1}}]}[39m
[35m[UiAutomator2][39m calling get location: c8383c48-e496-4682-b67c-cad1d119816d
[35m[HTTP][39m [37m<-- POST /wd/hub/session/562213e0-99a6-4b7e-a762-6787c174cb1e/touch/perform [39m[32m200[39m [90m987 ms - 76[39m
[35m[HTTP][39m [90m[39m
[35m[HTTP][39m [37m-->[39m [37mGET[39m [37m/wd/hub/session/562213e0-99a6-4b7e-a762-6787c174cb1e/window/current/size[39m
[35m[HTTP][39m [90m{}[39m
[35m[W3C][39m Driver proxy active, passing request on via HTTP proxy
[35m[JSONWP Proxy][39m Replacing sessionId a193ab84-c5ae-445e-9a4a-73578ab15a87 with 562213e0-99a6-4b7e-a762-6787c174cb1e
[35m[HTTP][39m [37m<-- GET /wd/hub/session/562213e0-99a6-4b7e-a762-6787c174cb1e/window/current/size [39m[32m200[39m [90m27 ms - 99[39m
[35m[HTTP][39m [90m[39m
[35m[HTTP][39m [37m-->[39m [37mPOST[39m [37m/wd/hub/session/562213e0-99a6-4b7e-a762-6787c174cb1e/elements[39m
[35m[HTTP][39m [90m{"using":"-android uiautomator","value":"new UiSelector().className(\"android.widget.ImageView\").resourceId(\"id.astra.stable.movic:id/ivNext\").instance(1)"}[39m
[35m[HTTP][39m [37m<-- POST /wd/hub/session/562213e0-99a6-4b7e-a762-6787c174cb1e/elements [39m[32m200[39m [90m96 ms - 124[39m
[35m[HTTP][39m [90m[39m
[35m[HTTP][39m [37m-->[39m [37mGET[39m [37m/wd/hub/session/562213e0-99a6-4b7e-a762-6787c174cb1e[39m
[35m[HTTP][39m [90m{}[39m
[35m[HTTP][39m [37m<-- GET /wd/hub/session/562213e0-99a6-4b7e-a762-6787c174cb1e [39m[32m200[39m [90m23 ms - 1260[39m
[35m[HTTP][39m [90m[39m
[35m[HTTP][39m [37m-->[39m [37mGET[39m [37m/wd/hub/session/562213e0-99a6-4b7e-a762-6787c174cb1e[39m
[35m[HTTP][39m [90m{}[39m
[35m[HTTP][39m [37m<-- GET /wd/hub/session/562213e0-99a6-4b7e-a762-6787c174cb1e [39m[32m200[39m [90m31 ms - 1260[39m
[35m[HTTP][39m [90m[39m
[35m[HTTP][39m [37m-->[39m [37mGET[39m [37m/wd/hub/session/562213e0-99a6-4b7e-a762-6787c174cb1e[39m
[35m[HTTP][39m [90m{}[39m
[35m[HTTP][39m [37m<-- GET /wd/hub/session/562213e0-99a6-4b7e-a762-6787c174cb1e [39m[32m200[39m [90m24 ms - 1260[39m
[35m[HTTP][39m [90m[39m
[35m[HTTP][39m [37m-->[39m [37mGET[39m [37m/wd/hub/session/562213e0-99a6-4b7e-a762-6787c174cb1e[39m
[35m[HTTP][39m [90m{}[39m
[35m[HTTP][39m [37m<-- GET /wd/hub/session/562213e0-99a6-4b7e-a762-6787c174cb1e [39m[32m200[39m [90m27 ms - 1260[39m
[35m[HTTP][39m [90m[39m
[35m[HTTP][39m [37m-->[39m [37mGET[39m [37m/wd/hub/session/562213e0-99a6-4b7e-a762-6787c174cb1e/element/86fd74da-fbc4-48e6-8265-e883de5c4257/location[39m
[35m[HTTP][39m [90m{}[39m
[35m[W3C][39m Driver proxy active, passing request on via HTTP proxy
[35m[JSONWP Proxy][39m Replacing sessionId a193ab84-c5ae-445e-9a4a-73578ab15a87 with 562213e0-99a6-4b7e-a762-6787c174cb1e
[35m[HTTP][39m [37m<-- GET /wd/hub/session/562213e0-99a6-4b7e-a762-6787c174cb1e/element/86fd74da-fbc4-48e6-8265-e883de5c4257/location [39m[32m200[39m [90m47 ms - 90[39m
[35m[HTTP][39m [90m[39m
[35m[HTTP][39m [37m-->[39m [37mPOST[39m [37m/wd/hub/session/562213e0-99a6-4b7e-a762-6787c174cb1e/touch/perform[39m
[35m[HTTP][39m [90m{"actions":[{"action":"tap","options":{"element":"86fd74da-fbc4-48e6-8265-e883de5c4257","x":1,"y":1}}]}[39m
[35m[UiAutomator2][39m calling get location: 86fd74da-fbc4-48e6-8265-e883de5c4257
[35m[HTTP][39m [37m<-- POST /wd/hub/session/562213e0-99a6-4b7e-a762-6787c174cb1e/touch/perform [39m[32m200[39m [90m953 ms - 76[39m
[35m[HTTP][39m [90m[39m
[35m[HTTP][39m [37m-->[39m [37mGET[39m [37m/wd/hub/session/562213e0-99a6-4b7e-a762-6787c174cb1e/window/current/size[39m
[35m[HTTP][39m [90m{}[39m
[35m[W3C][39m Driver proxy active, passing request on via HTTP proxy
[35m[JSONWP Proxy][39m Replacing sessionId a193ab84-c5ae-445e-9a4a-73578ab15a87 with 562213e0-99a6-4b7e-a762-6787c174cb1e
[35m[HTTP][39m [37m<-- GET /wd/hub/session/562213e0-99a6-4b7e-a762-6787c174cb1e/window/current/size [39m[32m200[39m [90m27 ms - 99[39m
[35m[HTTP][39m [90m[39m
[35m[HTTP][39m [37m-->[39m [37mPOST[39m [37m/wd/hub/session/562213e0-99a6-4b7e-a762-6787c174cb1e/elements[39m
[35m[HTTP][39m [90m{"using":"-android uiautomator","value":"new UiSelector().className(\"android.widget.TextView\").text(\"Skip\").resourceId(\"id.astra.stable.movic:id/tvSkip\").instance(2)"}[39m
[35m[HTTP][39m [37m<-- POST /wd/hub/session/562213e0-99a6-4b7e-a762-6787c174cb1e/elements [39m[32m200[39m [90m87 ms - 124[39m
[35m[HTTP][39m [90m[39m
[35m[HTTP][39m [37m-->[39m [37mGET[39m [37m/wd/hub/session/562213e0-99a6-4b7e-a762-6787c174cb1e[39m
[35m[HTTP][39m [90m{}[39m
[35m[HTTP][39m [37m<-- GET /wd/hub/session/562213e0-99a6-4b7e-a762-6787c174cb1e [39m[32m200[39m [90m22 ms - 1260[39m
[35m[HTTP][39m [90m[39m
[35m[HTTP][39m [37m-->[39m [37mGET[39m [37m/wd/hub/session/562213e0-99a6-4b7e-a762-6787c174cb1e[39m
[35m[HTTP][39m [90m{}[39m
[35m[HTTP][39m [37m<-- GET /wd/hub/session/562213e0-99a6-4b7e-a762-6787c174cb1e [39m[32m200[39m [90m26 ms - 1260[39m
[35m[HTTP][39m [90m[39m
[35m[HTTP][39m [37m-->[39m [37mGET[39m [37m/wd/hub/session/562213e0-99a6-4b7e-a762-6787c174cb1e[39m
[35m[HTTP][39m [90m{}[39m
[35m[HTTP][39m [37m<-- GET /wd/hub/session/562213e0-99a6-4b7e-a762-6787c174cb1e [39m[32m200[39m [90m24 ms - 1260[39m
[35m[HTTP][39m [90m[39m
[35m[HTTP][39m [37m-->[39m [37mGET[39m [37m/wd/hub/session/562213e0-99a6-4b7e-a762-6787c174cb1e[39m
[35m[HTTP][39m [90m{}[39m
[35m[HTTP][39m [37m<-- GET /wd/hub/session/562213e0-99a6-4b7e-a762-6787c174cb1e [39m[32m200[39m [90m26 ms - 1260[39m
[35m[HTTP][39m [90m[39m
[35m[HTTP][39m [37m-->[39m [37mGET[39m [37m/wd/hub/session/562213e0-99a6-4b7e-a762-6787c174cb1e/element/6f28cefe-1460-47fc-9605-6930178f9570/location[39m
[35m[HTTP][39m [90m{}[39m
[35m[W3C][39m Driver proxy active, passing request on via HTTP proxy
[35m[JSONWP Proxy][39m Replacing sessionId a193ab84-c5ae-445e-9a4a-73578ab15a87 with 562213e0-99a6-4b7e-a762-6787c174cb1e
[35m[HTTP][39m [37m<-- GET /wd/hub/session/562213e0-99a6-4b7e-a762-6787c174cb1e/element/6f28cefe-1460-47fc-9605-6930178f9570/location [39m[32m200[39m [90m52 ms - 89[39m
[35m[HTTP][39m [90m[39m
[35m[HTTP][39m [37m-->[39m [37mPOST[39m [37m/wd/hub/session/562213e0-99a6-4b7e-a762-6787c174cb1e/touch/perform[39m
[35m[HTTP][39m [90m{"actions":[{"action":"tap","options":{"element":"6f28cefe-1460-47fc-9605-6930178f9570","x":1,"y":1}}]}[39m
[35m[UiAutomator2][39m calling get location: 6f28cefe-1460-47fc-9605-6930178f9570
[35m[HTTP][39m [37m<-- POST /wd/hub/session/562213e0-99a6-4b7e-a762-6787c174cb1e/touch/perform [39m[32m200[39m [90m2079 ms - 76[39m
[35m[HTTP][39m [90m[39m
[35m[HTTP][39m [37m-->[39m [37mGET[39m [37m/wd/hub/session/562213e0-99a6-4b7e-a762-6787c174cb1e/window/current/size[39m
[35m[HTTP][39m [90m{}[39m
[35m[W3C][39m Driver proxy active, passing request on via HTTP proxy
[35m[JSONWP Proxy][39m Replacing sessionId a193ab84-c5ae-445e-9a4a-73578ab15a87 with 562213e0-99a6-4b7e-a762-6787c174cb1e
[35m[HTTP][39m [37m<-- GET /wd/hub/session/562213e0-99a6-4b7e-a762-6787c174cb1e/window/current/size [39m[32m200[39m [90m21 ms - 99[39m
[35m[HTTP][39m [90m[39m
[35m[HTTP][39m [37m-->[39m [37mPOST[39m [37m/wd/hub/session/562213e0-99a6-4b7e-a762-6787c174cb1e/elements[39m
[35m[HTTP][39m [90m{"using":"-android uiautomator","value":"new UiSelector().className(\"android.widget.TextView\").text(\"Log in\").resourceId(\"id.astra.stable.movic:id/mTxtLogin\").instance(0)"}[39m
[35m[HTTP][39m [37m<-- POST /wd/hub/session/562213e0-99a6-4b7e-a762-6787c174cb1e/elements [39m[32m200[39m [90m59 ms - 124[39m
[35m[HTTP][39m [90m[39m
[35m[HTTP][39m [37m-->[39m [37mGET[39m [37m/wd/hub/session/562213e0-99a6-4b7e-a762-6787c174cb1e[39m
[35m[HTTP][39m [90m{}[39m
[35m[HTTP][39m [37m<-- GET /wd/hub/session/562213e0-99a6-4b7e-a762-6787c174cb1e [39m[32m200[39m [90m24 ms - 1260[39m
[35m[HTTP][39m [90m[39m
[35m[HTTP][39m [37m-->[39m [37mGET[39m [37m/wd/hub/session/562213e0-99a6-4b7e-a762-6787c174cb1e[39m
[35m[HTTP][39m [90m{}[39m
[35m[HTTP][39m [37m<-- GET /wd/hub/session/562213e0-99a6-4b7e-a762-6787c174cb1e [39m[32m200[39m [90m23 ms - 1260[39m
[35m[HTTP][39m [90m[39m
[35m[HTTP][39m [37m-->[39m [37mGET[39m [37m/wd/hub/session/562213e0-99a6-4b7e-a762-6787c174cb1e[39m
[35m[HTTP][39m [90m{}[39m
[35m[HTTP][39m [37m<-- GET /wd/hub/session/562213e0-99a6-4b7e-a762-6787c174cb1e [39m[32m200[39m [90m22 ms - 1260[39m
[35m[HTTP][39m [90m[39m
[35m[HTTP][39m [37m-->[39m [37mGET[39m [37m/wd/hub/session/562213e0-99a6-4b7e-a762-6787c174cb1e[39m
[35m[HTTP][39m [90m{}[39m
[35m[HTTP][39m [37m<-- GET /wd/hub/session/562213e0-99a6-4b7e-a762-6787c174cb1e [39m[32m200[39m [90m24 ms - 1260[39m
[35m[HTTP][39m [90m[39m
[35m[HTTP][39m [37m-->[39m [37mGET[39m [37m/wd/hub/session/562213e0-99a6-4b7e-a762-6787c174cb1e/element/c6a47204-3de4-442b-abdb-2d252b31413a/location[39m
[35m[HTTP][39m [90m{}[39m
[35m[W3C][39m Driver proxy active, passing request on via HTTP proxy
[35m[JSONWP Proxy][39m Replacing sessionId a193ab84-c5ae-445e-9a4a-73578ab15a87 with 562213e0-99a6-4b7e-a762-6787c174cb1e
[35m[HTTP][39m [37m<-- GET /wd/hub/session/562213e0-99a6-4b7e-a762-6787c174cb1e/element/c6a47204-3de4-442b-abdb-2d252b31413a/location [39m[32m200[39m [90m45 ms - 89[39m
[35m[HTTP][39m [90m[39m
[35m[HTTP][39m [37m-->[39m [37mPOST[39m [37m/wd/hub/session/562213e0-99a6-4b7e-a762-6787c174cb1e/touch/perform[39m
[35m[HTTP][39m [90m{"actions":[{"action":"tap","options":{"element":"c6a47204-3de4-442b-abdb-2d252b31413a","x":1,"y":1}}]}[39m
[35m[UiAutomator2][39m calling get location: c6a47204-3de4-442b-abdb-2d252b31413a
[35m[HTTP][39m [37m<-- POST /wd/hub/session/562213e0-99a6-4b7e-a762-6787c174cb1e/touch/perform [39m[32m200[39m [90m1285 ms - 76[39m
[35m[HTTP][39m [90m[39m
[35m[HTTP][39m [37m-->[39m [37mGET[39m [37m/wd/hub/session/562213e0-99a6-4b7e-a762-6787c174cb1e/window/current/size[39m
[35m[HTTP][39m [90m{}[39m
[35m[W3C][39m Driver proxy active, passing request on via HTTP proxy
[35m[JSONWP Proxy][39m Replacing sessionId a193ab84-c5ae-445e-9a4a-73578ab15a87 with 562213e0-99a6-4b7e-a762-6787c174cb1e
[35m[HTTP][39m [37m<-- GET /wd/hub/session/562213e0-99a6-4b7e-a762-6787c174cb1e/window/current/size [39m[32m200[39m [90m22 ms - 99[39m
[35m[HTTP][39m [90m[39m
[35m[HTTP][39m [37m-->[39m [37mPOST[39m [37m/wd/hub/session/562213e0-99a6-4b7e-a762-6787c174cb1e/elements[39m
[35m[HTTP][39m [90m{"using":"-android uiautomator","value":"new UiSelector().className(\"android.widget.EditText\").resourceId(\"id.astra.stable.movic:id/mTxtUsername\").instance(0)"}[39m
[35m[HTTP][39m [37m<-- POST /wd/hub/session/562213e0-99a6-4b7e-a762-6787c174cb1e/elements [39m[32m200[39m [90m71 ms - 124[39m
[35m[HTTP][39m [90m[39m
[35m[HTTP][39m [37m-->[39m [37mGET[39m [37m/wd/hub/session/562213e0-99a6-4b7e-a762-6787c174cb1e[39m
[35m[HTTP][39m [90m{}[39m
[35m[HTTP][39m [37m<-- GET /wd/hub/session/562213e0-99a6-4b7e-a762-6787c174cb1e [39m[32m200[39m [90m21 ms - 1260[39m
[35m[HTTP][39m [90m[39m
[35m[HTTP][39m [37m-->[39m [37mGET[39m [37m/wd/hub/session/562213e0-99a6-4b7e-a762-6787c174cb1e[39m
[35m[HTTP][39m [90m{}[39m
[35m[HTTP][39m [37m<-- GET /wd/hub/session/562213e0-99a6-4b7e-a762-6787c174cb1e [39m[32m200[39m [90m26 ms - 1260[39m
[35m[HTTP][39m [90m[39m
[35m[HTTP][39m [37m-->[39m [37mGET[39m [37m/wd/hub/session/562213e0-99a6-4b7e-a762-6787c174cb1e[39m
[35m[HTTP][39m [90m{}[39m
[35m[HTTP][39m [37m<-- GET /wd/hub/session/562213e0-99a6-4b7e-a762-6787c174cb1e [39m[32m200[39m [90m23 ms - 1260[39m
[35m[HTTP][39m [90m[39m
[35m[HTTP][39m [37m-->[39m [37mGET[39m [37m/wd/hub/session/562213e0-99a6-4b7e-a762-6787c174cb1e[39m
[35m[HTTP][39m [90m{}[39m
[35m[HTTP][39m [37m<-- GET /wd/hub/session/562213e0-99a6-4b7e-a762-6787c174cb1e [39m[32m200[39m [90m24 ms - 1260[39m
[35m[HTTP][39m [90m[39m
[35m[HTTP][39m [37m-->[39m [37mGET[39m [37m/wd/hub/session/562213e0-99a6-4b7e-a762-6787c174cb1e/element/84b0b420-d35c-4e4f-aa95-53f8caad154b/location[39m
[35m[HTTP][39m [90m{}[39m
[35m[W3C][39m Driver proxy active, passing request on via HTTP proxy
[35m[JSONWP Proxy][39m Replacing sessionId a193ab84-c5ae-445e-9a4a-73578ab15a87 with 562213e0-99a6-4b7e-a762-6787c174cb1e
[35m[HTTP][39m [37m<-- GET /wd/hub/session/562213e0-99a6-4b7e-a762-6787c174cb1e/element/84b0b420-d35c-4e4f-aa95-53f8caad154b/location [39m[32m200[39m [90m52 ms - 88[39m
[35m[HTTP][39m [90m[39m
[35m[HTTP][39m [37m-->[39m [37mPOST[39m [37m/wd/hub/session/562213e0-99a6-4b7e-a762-6787c174cb1e/element/84b0b420-d35c-4e4f-aa95-53f8caad154b/clear[39m
[35m[HTTP][39m [90m{"id":"84b0b420-d35c-4e4f-aa95-53f8caad154b"}[39m
[35m[HTTP][39m [37m<-- POST /wd/hub/session/562213e0-99a6-4b7e-a762-6787c174cb1e/element/84b0b420-d35c-4e4f-aa95-53f8caad154b/clear [39m[32m200[39m [90m82 ms - 89[39m
[35m[HTTP][39m [90m[39m
[35m[HTTP][39m [37m-->[39m [37mPOST[39m [37m/wd/hub/session/562213e0-99a6-4b7e-a762-6787c174cb1e/element/84b0b420-d35c-4e4f-aa95-53f8caad154b/value[39m
[35m[HTTP][39m [90m{"id":"84b0b420-d35c-4e4f-aa95-53f8caad154b","value":["santi.wahyuni@wgs.co.id"]}[39m
[35m[HTTP][39m [37m<-- POST /wd/hub/session/562213e0-99a6-4b7e-a762-6787c174cb1e/element/84b0b420-d35c-4e4f-aa95-53f8caad154b/value [39m[32m200[39m [90m805 ms - 74[39m
[35m[HTTP][39m [90m[39m
[35m[HTTP][39m [37m-->[39m [37mGET[39m [37m/wd/hub/session/562213e0-99a6-4b7e-a762-6787c174cb1e/window/current/size[39m
[35m[HTTP][39m [90m{}[39m
[35m[W3C][39m Driver proxy active, passing request on via HTTP proxy
[35m[JSONWP Proxy][39m Replacing sessionId a193ab84-c5ae-445e-9a4a-73578ab15a87 with 562213e0-99a6-4b7e-a762-6787c174cb1e
[35m[HTTP][39m [37m<-- GET /wd/hub/session/562213e0-99a6-4b7e-a762-6787c174cb1e/window/current/size [39m[32m200[39m [90m21 ms - 99[39m
[35m[HTTP][39m [90m[39m
[35m[HTTP][39m [37m-->[39m [37mPOST[39m [37m/wd/hub/session/562213e0-99a6-4b7e-a762-6787c174cb1e/elements[39m
[35m[HTTP][39m [90m{"using":"-android uiautomator","value":"new UiSelector().className(\"android.widget.Button\").text(\"Next\").resourceId(\"id.astra.stable.movic:id/mBtnNext\").instance(0)"}[39m
[35m[HTTP][39m [37m<-- POST /wd/hub/session/562213e0-99a6-4b7e-a762-6787c174cb1e/elements [39m[32m200[39m [90m528 ms - 124[39m
[35m[HTTP][39m [90m[39m
[35m[HTTP][39m [37m-->[39m [37mGET[39m [37m/wd/hub/session/562213e0-99a6-4b7e-a762-6787c174cb1e[39m
[35m[HTTP][39m [90m{}[39m
[35m[HTTP][39m [37m<-- GET /wd/hub/session/562213e0-99a6-4b7e-a762-6787c174cb1e [39m[32m200[39m [90m21 ms - 1260[39m
[35m[HTTP][39m [90m[39m
[35m[HTTP][39m [37m-->[39m [37mGET[39m [37m/wd/hub/session/562213e0-99a6-4b7e-a762-6787c174cb1e[39m
[35m[HTTP][39m [90m{}[39m
[35m[HTTP][39m [37m<-- GET /wd/hub/session/562213e0-99a6-4b7e-a762-6787c174cb1e [39m[32m200[39m [90m22 ms - 1260[39m
[35m[HTTP][39m [90m[39m
[35m[HTTP][39m [37m-->[39m [37mGET[39m [37m/wd/hub/session/562213e0-99a6-4b7e-a762-6787c174cb1e[39m
[35m[HTTP][39m [90m{}[39m
[35m[HTTP][39m [37m<-- GET /wd/hub/session/562213e0-99a6-4b7e-a762-6787c174cb1e [39m[32m200[39m [90m24 ms - 1260[39m
[35m[HTTP][39m [90m[39m
[35m[HTTP][39m [37m-->[39m [37mGET[39m [37m/wd/hub/session/562213e0-99a6-4b7e-a762-6787c174cb1e[39m
[35m[HTTP][39m [90m{}[39m
[35m[HTTP][39m [37m<-- GET /wd/hub/session/562213e0-99a6-4b7e-a762-6787c174cb1e [39m[32m200[39m [90m22 ms - 1260[39m
[35m[HTTP][39m [90m[39m
[35m[HTTP][39m [37m-->[39m [37mGET[39m [37m/wd/hub/session/562213e0-99a6-4b7e-a762-6787c174cb1e/element/66eae043-adaf-4e73-891d-e9a03c155023/location[39m
[35m[HTTP][39m [90m{}[39m
[35m[W3C][39m Driver proxy active, passing request on via HTTP proxy
[35m[JSONWP Proxy][39m Replacing sessionId a193ab84-c5ae-445e-9a4a-73578ab15a87 with 562213e0-99a6-4b7e-a762-6787c174cb1e
[35m[HTTP][39m [37m<-- GET /wd/hub/session/562213e0-99a6-4b7e-a762-6787c174cb1e/element/66eae043-adaf-4e73-891d-e9a03c155023/location [39m[32m200[39m [90m49 ms - 89[39m
[35m[HTTP][39m [90m[39m
[35m[HTTP][39m [37m-->[39m [37mPOST[39m [37m/wd/hub/session/562213e0-99a6-4b7e-a762-6787c174cb1e/touch/perform[39m
[35m[HTTP][39m [90m{"actions":[{"action":"tap","options":{"element":"66eae043-adaf-4e73-891d-e9a03c155023","x":1,"y":1}}]}[39m
[35m[UiAutomator2][39m calling get location: 66eae043-adaf-4e73-891d-e9a03c155023
[35m[HTTP][39m [37m<-- POST /wd/hub/session/562213e0-99a6-4b7e-a762-6787c174cb1e/touch/perform [39m[32m200[39m [90m2189 ms - 76[39m
[35m[HTTP][39m [90m[39m
[35m[HTTP][39m [37m-->[39m [37mGET[39m [37m/wd/hub/session/562213e0-99a6-4b7e-a762-6787c174cb1e/window/current/size[39m
[35m[HTTP][39m [90m{}[39m
[35m[W3C][39m Driver proxy active, passing request on via HTTP proxy
[35m[JSONWP Proxy][39m Replacing sessionId a193ab84-c5ae-445e-9a4a-73578ab15a87 with 562213e0-99a6-4b7e-a762-6787c174cb1e
[35m[HTTP][39m [37m<-- GET /wd/hub/session/562213e0-99a6-4b7e-a762-6787c174cb1e/window/current/size [39m[32m200[39m [90m29 ms - 99[39m
[35m[HTTP][39m [90m[39m
[35m[HTTP][39m [37m-->[39m [37mPOST[39m [37m/wd/hub/session/562213e0-99a6-4b7e-a762-6787c174cb1e/elements[39m
[35m[HTTP][39m [90m{"using":"-android uiautomator","value":"new UiSelector().className(\"android.widget.EditText\").resourceId(\"id.astra.stable.movic:id/mTxtPassword\").instance(0)"}[39m
[35m[HTTP][39m [37m<-- POST /wd/hub/session/562213e0-99a6-4b7e-a762-6787c174cb1e/elements [39m[32m200[39m [90m73 ms - 124[39m
[35m[HTTP][39m [90m[39m
[35m[HTTP][39m [37m-->[39m [37mGET[39m [37m/wd/hub/session/562213e0-99a6-4b7e-a762-6787c174cb1e[39m
[35m[HTTP][39m [90m{}[39m
[35m[HTTP][39m [37m<-- GET /wd/hub/session/562213e0-99a6-4b7e-a762-6787c174cb1e [39m[32m200[39m [90m17 ms - 1260[39m
[35m[HTTP][39m [90m[39m
[35m[HTTP][39m [37m-->[39m [37mGET[39m [37m/wd/hub/session/562213e0-99a6-4b7e-a762-6787c174cb1e[39m
[35m[HTTP][39m [90m{}[39m
[35m[HTTP][39m [37m<-- GET /wd/hub/session/562213e0-99a6-4b7e-a762-6787c174cb1e [39m[32m200[39m [90m24 ms - 1260[39m
[35m[HTTP][39m [90m[39m
[35m[HTTP][39m [37m-->[39m [37mGET[39m [37m/wd/hub/session/562213e0-99a6-4b7e-a762-6787c174cb1e[39m
[35m[HTTP][39m [90m{}[39m
[35m[HTTP][39m [37m<-- GET /wd/hub/session/562213e0-99a6-4b7e-a762-6787c174cb1e [39m[32m200[39m [90m24 ms - 1260[39m
[35m[HTTP][39m [90m[39m
[35m[HTTP][39m [37m-->[39m [37mGET[39m [37m/wd/hub/session/562213e0-99a6-4b7e-a762-6787c174cb1e[39m
[35m[HTTP][39m [90m{}[39m
[35m[HTTP][39m [37m<-- GET /wd/hub/session/562213e0-99a6-4b7e-a762-6787c174cb1e [39m[32m200[39m [90m25 ms - 1260[39m
[35m[HTTP][39m [90m[39m
[35m[HTTP][39m [37m-->[39m [37mGET[39m [37m/wd/hub/session/562213e0-99a6-4b7e-a762-6787c174cb1e/element/8725c5fa-da7d-47ef-bb91-a1e1131bdeb7/location[39m
[35m[HTTP][39m [90m{}[39m
[35m[W3C][39m Driver proxy active, passing request on via HTTP proxy
[35m[JSONWP Proxy][39m Replacing sessionId a193ab84-c5ae-445e-9a4a-73578ab15a87 with 562213e0-99a6-4b7e-a762-6787c174cb1e
[35m[HTTP][39m [37m<-- GET /wd/hub/session/562213e0-99a6-4b7e-a762-6787c174cb1e/element/8725c5fa-da7d-47ef-bb91-a1e1131bdeb7/location [39m[32m200[39m [90m61 ms - 88[39m
[35m[HTTP][39m [90m[39m
[35m[HTTP][39m [37m-->[39m [37mPOST[39m [37m/wd/hub/session/562213e0-99a6-4b7e-a762-6787c174cb1e/element/8725c5fa-da7d-47ef-bb91-a1e1131bdeb7/clear[39m
[35m[HTTP][39m [90m{"id":"8725c5fa-da7d-47ef-bb91-a1e1131bdeb7"}[39m
[35m[HTTP][39m [37m<-- POST /wd/hub/session/562213e0-99a6-4b7e-a762-6787c174cb1e/element/8725c5fa-da7d-47ef-bb91-a1e1131bdeb7/clear [39m[32m200[39m [90m86 ms - 89[39m
[35m[HTTP][39m [90m[39m
[35m[HTTP][39m [37m-->[39m [37mPOST[39m [37m/wd/hub/session/562213e0-99a6-4b7e-a762-6787c174cb1e/element/8725c5fa-da7d-47ef-bb91-a1e1131bdeb7/value[39m
[35m[HTTP][39m [90m{"id":"8725c5fa-da7d-47ef-bb91-a1e1131bdeb7","value":["P@ssword789"]}[39m
[35m[HTTP][39m [37m<-- POST /wd/hub/session/562213e0-99a6-4b7e-a762-6787c174cb1e/element/8725c5fa-da7d-47ef-bb91-a1e1131bdeb7/value [39m[32m200[39m [90m724 ms - 74[39m
[35m[HTTP][39m [90m[39m
[35m[HTTP][39m [37m-->[39m [37mGET[39m [37m/wd/hub/session/562213e0-99a6-4b7e-a762-6787c174cb1e/context[39m
[35m[HTTP][39m [90m{}[39m
[35m[HTTP][39m [37m<-- GET /wd/hub/session/562213e0-99a6-4b7e-a762-6787c174cb1e/context [39m[32m200[39m [90m3 ms - 84[39m
[35m[HTTP][39m [90m[39m
[35m[HTTP][39m [37m-->[39m [37mGET[39m [37m/wd/hub/session/562213e0-99a6-4b7e-a762-6787c174cb1e/contexts[39m
[35m[HTTP][39m [90m{}[39m
[35m[HTTP][39m [37m<-- GET /wd/hub/session/562213e0-99a6-4b7e-a762-6787c174cb1e/contexts [39m[32m200[39m [90m110 ms - 86[39m
[35m[HTTP][39m [90m[39m
[35m[HTTP][39m [37m-->[39m [37mPOST[39m [37m/wd/hub/session/562213e0-99a6-4b7e-a762-6787c174cb1e/context[39m
[35m[HTTP][39m [90m{"name":"NATIVE_APP"}[39m
[35m[HTTP][39m [37m<-- POST /wd/hub/session/562213e0-99a6-4b7e-a762-6787c174cb1e/context [39m[32m200[39m [90m86 ms - 76[39m
[35m[HTTP][39m [90m[39m
[35m[HTTP][39m [37m-->[39m [37mPOST[39m [37m/wd/hub/session/562213e0-99a6-4b7e-a762-6787c174cb1e/appium/device/hide_keyboard[39m
[35m[HTTP][39m [90m{}[39m
[35m[HTTP][39m [37m<-- POST /wd/hub/session/562213e0-99a6-4b7e-a762-6787c174cb1e/appium/device/hide_keyboard [39m[32m200[39m [90m1520 ms - 76[39m
[35m[HTTP][39m [90m[39m
[35m[HTTP][39m [37m-->[39m [37mPOST[39m [37m/wd/hub/session/562213e0-99a6-4b7e-a762-6787c174cb1e/context[39m
[35m[HTTP][39m [90m{"name":"NATIVE_APP"}[39m
[35m[HTTP][39m [37m<-- POST /wd/hub/session/562213e0-99a6-4b7e-a762-6787c174cb1e/context [39m[32m200[39m [90m90 ms - 76[39m
[35m[HTTP][39m [90m[39m
[35m[HTTP][39m [37m-->[39m [37mGET[39m [37m/wd/hub/session/562213e0-99a6-4b7e-a762-6787c174cb1e/window/current/size[39m
[35m[HTTP][39m [90m{}[39m
[35m[W3C][39m Driver proxy active, passing request on via HTTP proxy
[35m[JSONWP Proxy][39m Replacing sessionId a193ab84-c5ae-445e-9a4a-73578ab15a87 with 562213e0-99a6-4b7e-a762-6787c174cb1e
[35m[HTTP][39m [37m<-- GET /wd/hub/session/562213e0-99a6-4b7e-a762-6787c174cb1e/window/current/size [39m[32m200[39m [90m29 ms - 99[39m
[35m[HTTP][39m [90m[39m
[35m[HTTP][39m [37m-->[39m [37mPOST[39m [37m/wd/hub/session/562213e0-99a6-4b7e-a762-6787c174cb1e/elements[39m
[35m[HTTP][39m [90m{"using":"-android uiautomator","value":"new UiSelector().className(\"android.widget.Button\").text(\"Start Movic\").resourceId(\"id.astra.stable.movic:id/mBtnNext\").instance(0)"}[39m
[35m[HTTP][39m [37m<-- POST /wd/hub/session/562213e0-99a6-4b7e-a762-6787c174cb1e/elements [39m[32m200[39m [90m502 ms - 124[39m
[35m[HTTP][39m [90m[39m
[35m[HTTP][39m [37m-->[39m [37mGET[39m [37m/wd/hub/session/562213e0-99a6-4b7e-a762-6787c174cb1e[39m
[35m[HTTP][39m [90m{}[39m
[35m[HTTP][39m [37m<-- GET /wd/hub/session/562213e0-99a6-4b7e-a762-6787c174cb1e [39m[32m200[39m [90m31 ms - 1260[39m
[35m[HTTP][39m [90m[39m
[35m[HTTP][39m [37m-->[39m [37mGET[39m [37m/wd/hub/session/562213e0-99a6-4b7e-a762-6787c174cb1e[39m
[35m[HTTP][39m [90m{}[39m
[35m[HTTP][39m [37m<-- GET /wd/hub/session/562213e0-99a6-4b7e-a762-6787c174cb1e [39m[32m200[39m [90m23 ms - 1260[39m
[35m[HTTP][39m [90m[39m
[35m[HTTP][39m [37m-->[39m [37mGET[39m [37m/wd/hub/session/562213e0-99a6-4b7e-a762-6787c174cb1e[39m
[35m[HTTP][39m [90m{}[39m
[35m[HTTP][39m [37m<-- GET /wd/hub/session/562213e0-99a6-4b7e-a762-6787c174cb1e [39m[32m200[39m [90m22 ms - 1260[39m
[35m[HTTP][39m [90m[39m
[35m[HTTP][39m [37m-->[39m [37mGET[39m [37m/wd/hub/session/562213e0-99a6-4b7e-a762-6787c174cb1e[39m
[35m[HTTP][39m [90m{}[39m
[35m[HTTP][39m [37m<-- GET /wd/hub/session/562213e0-99a6-4b7e-a762-6787c174cb1e [39m[32m200[39m [90m24 ms - 1260[39m
[35m[HTTP][39m [90m[39m
[35m[HTTP][39m [37m-->[39m [37mGET[39m [37m/wd/hub/session/562213e0-99a6-4b7e-a762-6787c174cb1e/element/b5a7340e-d8e3-4de6-892f-856f4876ecac/location[39m
[35m[HTTP][39m [90m{}[39m
[35m[W3C][39m Driver proxy active, passing request on via HTTP proxy
[35m[JSONWP Proxy][39m Replacing sessionId a193ab84-c5ae-445e-9a4a-73578ab15a87 with 562213e0-99a6-4b7e-a762-6787c174cb1e
[35m[HTTP][39m [37m<-- GET /wd/hub/session/562213e0-99a6-4b7e-a762-6787c174cb1e/element/b5a7340e-d8e3-4de6-892f-856f4876ecac/location [39m[32m200[39m [90m51 ms - 89[39m
[35m[HTTP][39m [90m[39m
[35m[HTTP][39m [37m-->[39m [37mPOST[39m [37m/wd/hub/session/562213e0-99a6-4b7e-a762-6787c174cb1e/touch/perform[39m
[35m[HTTP][39m [90m{"actions":[{"action":"tap","options":{"element":"b5a7340e-d8e3-4de6-892f-856f4876ecac","x":1,"y":1}}]}[39m
[35m[UiAutomator2][39m calling get location: b5a7340e-d8e3-4de6-892f-856f4876ecac
[35m[HTTP][39m [37m<-- POST /wd/hub/session/562213e0-99a6-4b7e-a762-6787c174cb1e/touch/perform [39m[32m200[39m [90m986 ms - 76[39m
[35m[HTTP][39m [90m[39m
[35m[HTTP][39m [37m-->[39m [37mGET[39m [37m/wd/hub/session/562213e0-99a6-4b7e-a762-6787c174cb1e/window/current/size[39m
[35m[HTTP][39m [90m{}[39m
[35m[W3C][39m Driver proxy active, passing request on via HTTP proxy
[35m[JSONWP Proxy][39m Replacing sessionId a193ab84-c5ae-445e-9a4a-73578ab15a87 with 562213e0-99a6-4b7e-a762-6787c174cb1e
[35m[HTTP][39m [37m<-- GET /wd/hub/session/562213e0-99a6-4b7e-a762-6787c174cb1e/window/current/size [39m[32m200[39m [90m35 ms - 99[39m
[35m[HTTP][39m [90m[39m
[35m[HTTP][39m [37m-->[39m [37mPOST[39m [37m/wd/hub/session/562213e0-99a6-4b7e-a762-6787c174cb1e/elements[39m
[35m[HTTP][39m [90m{"using":"-android uiautomator","value":"new UiSelector().text(\"Chat\")"}[39m
[35m[HTTP][39m [37m<-- POST /wd/hub/session/562213e0-99a6-4b7e-a762-6787c174cb1e/elements [39m[32m200[39m [90m40338 ms - 124[39m
[35m[HTTP][39m [90m[39m
[35m[HTTP][39m [37m-->[39m [37mGET[39m [37m/wd/hub/session/562213e0-99a6-4b7e-a762-6787c174cb1e[39m
[35m[HTTP][39m [90m{}[39m
[35m[HTTP][39m [37m<-- GET /wd/hub/session/562213e0-99a6-4b7e-a762-6787c174cb1e [39m[32m200[39m [90m22 ms - 1260[39m
[35m[HTTP][39m [90m[39m
[35m[HTTP][39m [37m-->[39m [37mGET[39m [37m/wd/hub/session/562213e0-99a6-4b7e-a762-6787c174cb1e[39m
[35m[HTTP][39m [90m{}[39m
[35m[HTTP][39m [37m<-- GET /wd/hub/session/562213e0-99a6-4b7e-a762-6787c174cb1e [39m[32m200[39m [90m19 ms - 1260[39m
[35m[HTTP][39m [90m[39m
[35m[HTTP][39m [37m-->[39m [37mGET[39m [37m/wd/hub/session/562213e0-99a6-4b7e-a762-6787c174cb1e[39m
[35m[HTTP][39m [90m{}[39m
[35m[HTTP][39m [37m<-- GET /wd/hub/session/562213e0-99a6-4b7e-a762-6787c174cb1e [39m[32m200[39m [90m25 ms - 1260[39m
[35m[HTTP][39m [90m[39m
[35m[HTTP][39m [37m-->[39m [37mGET[39m [37m/wd/hub/session/562213e0-99a6-4b7e-a762-6787c174cb1e[39m
[35m[HTTP][39m [90m{}[39m
[35m[HTTP][39m [37m<-- GET /wd/hub/session/562213e0-99a6-4b7e-a762-6787c174cb1e [39m[32m200[39m [90m24 ms - 1260[39m
[35m[HTTP][39m [90m[39m
[35m[HTTP][39m [37m-->[39m [37mGET[39m [37m/wd/hub/session/562213e0-99a6-4b7e-a762-6787c174cb1e/element/4ca2fb9d-980e-4925-ba9a-631f644c6f7c/location[39m
[35m[HTTP][39m [90m{}[39m
[35m[W3C][39m Driver proxy active, passing request on via HTTP proxy
[35m[JSONWP Proxy][39m Replacing sessionId a193ab84-c5ae-445e-9a4a-73578ab15a87 with 562213e0-99a6-4b7e-a762-6787c174cb1e
[35m[HTTP][39m [37m<-- GET /wd/hub/session/562213e0-99a6-4b7e-a762-6787c174cb1e/element/4ca2fb9d-980e-4925-ba9a-631f644c6f7c/location [39m[32m200[39m [90m10107 ms - 89[39m
[35m[HTTP][39m [90m[39m
[35m[HTTP][39m [37m-->[39m [37mPOST[39m [37m/wd/hub/session/562213e0-99a6-4b7e-a762-6787c174cb1e/touch/perform[39m
[35m[HTTP][39m [90m{"actions":[{"action":"tap","options":{"element":"4ca2fb9d-980e-4925-ba9a-631f644c6f7c","x":1,"y":1}}]}[39m
[35m[UiAutomator2][39m calling get location: 4ca2fb9d-980e-4925-ba9a-631f644c6f7c
[35m[HTTP][39m [37m<-- POST /wd/hub/session/562213e0-99a6-4b7e-a762-6787c174cb1e/touch/perform [39m[32m200[39m [90m30514 ms - 76[39m
[35m[HTTP][39m [90m[39m
[35m[HTTP][39m [37m-->[39m [37mGET[39m [37m/wd/hub/session/562213e0-99a6-4b7e-a762-6787c174cb1e/window/current/size[39m
[35m[HTTP][39m [90m{}[39m
[35m[W3C][39m Driver proxy active, passing request on via HTTP proxy
[35m[JSONWP Proxy][39m Replacing sessionId a193ab84-c5ae-445e-9a4a-73578ab15a87 with 562213e0-99a6-4b7e-a762-6787c174cb1e
[35m[HTTP][39m [37m<-- GET /wd/hub/session/562213e0-99a6-4b7e-a762-6787c174cb1e/window/current/size [39m[32m200[39m [90m35 ms - 99[39m
[35m[HTTP][39m [90m[39m
[35m[HTTP][39m [37m-->[39m [37mPOST[39m [37m/wd/hub/session/562213e0-99a6-4b7e-a762-6787c174cb1e/elements[39m
[35m[HTTP][39m [90m{"using":"-android uiautomator","value":"new UiSelector().className(\"android.widget.EditText\").text(\"Write something here...\").resourceId(\"id.astra.stable.movic:id/mMessageEditText\").instance(0)"}[39m
[35m[HTTP][39m [37m<-- POST /wd/hub/session/562213e0-99a6-4b7e-a762-6787c174cb1e/elements [39m[32m-[39m [90m- ms - -[39m
[35m[HTTP][39m [90m[39m
[35m[BaseDriver][39m Shutting down because we waited 1800 seconds for a command
[35m[Appium][39m Closing session, cause was 'New Command Timeout of 1800 seconds expired. Try customizing the timeout using the 'newCommandTimeout' desired capability'
[35m[Appium][39m Removing session 562213e0-99a6-4b7e-a762-6787c174cb1e from our master session list
